 Resolving package versions...
 Installed Parsers ──────────── v0.3.10
 Installed Compat ───────────── v2.2.0
 Installed Cbc ──────────────── v0.6.5
 Installed BenchmarkTools ───── v0.4.3
 Installed BinaryProvider ───── v0.5.8
 Installed JSON ─────────────── v0.21.0
 Installed MathProgBase ─────── v0.7.7
 Installed MathOptInterface ─── v0.9.7
 Installed OrderedCollections ─ v1.1.0
  Updating `~/.julia/environments/v1.2/Project.toml`
  [9961bab8] + Cbc v0.6.5
  Updating `~/.julia/environments/v1.2/Manifest.toml`
  [6e4b80f9] + BenchmarkTools v0.4.3
  [b99e7846] + BinaryProvider v0.5.8
  [9961bab8] + Cbc v0.6.5
  [34da2185] + Compat v2.2.0
  [682c06a0] + JSON v0.21.0
  [b8f27783] + MathOptInterface v0.9.7
  [fdba3010] + MathProgBase v0.7.7
  [bac558e1] + OrderedCollections v1.1.0
  [69de0a69] + Parsers v0.3.10
  [2a0f44e3] + Base64 
  [ade2ca70] + Dates 
  [8bb1440f] + DelimitedFiles 
  [8ba89e20] + Distributed 
  [b77e0a4c] + InteractiveUtils 
  [76f85450] + LibGit2 
  [8f399da3] + Libdl 
  [37e2e46d] + LinearAlgebra 
  [56ddb016] + Logging 
  [d6f4376e] + Markdown 
  [a63ad114] + Mmap 
  [44cfe95a] + Pkg 
  [de0858da] + Printf 
  [3fa0cd96] + REPL 
  [9a3f8284] + Random 
  [ea8e919c] + SHA 
  [9e88b42a] + Serialization 
  [1a1011a3] + SharedArrays 
  [6462fe0b] + Sockets 
  [2f01184e] + SparseArrays 
  [10745b16] + Statistics 
  [8dfed614] + Test 
  [cf7118a7] + UUIDs 
  [4ec0a83e] + Unicode 
  Building Cbc → `~/.julia/packages/Cbc/5nCGI/deps/build.log`
   Testing Cbc
 Resolving package versions...
    Status `/tmp/jl_PLscVt/Manifest.toml`
  [6e4b80f9] BenchmarkTools v0.4.3
  [b99e7846] BinaryProvider v0.5.8
  [9961bab8] Cbc v0.6.5
  [34da2185] Compat v2.2.0
  [682c06a0] JSON v0.21.0
  [b8f27783] MathOptInterface v0.9.7
  [fdba3010] MathProgBase v0.7.7
  [bac558e1] OrderedCollections v1.1.0
  [69de0a69] Parsers v0.3.10
  [2a0f44e3] Base64  [`@stdlib/Base64`]
  [ade2ca70] Dates  [`@stdlib/Dates`]
  [8bb1440f] DelimitedFiles  [`@stdlib/DelimitedFiles`]
  [8ba89e20] Distributed  [`@stdlib/Distributed`]
  [b77e0a4c] InteractiveUtils  [`@stdlib/InteractiveUtils`]
  [76f85450] LibGit2  [`@stdlib/LibGit2`]
  [8f399da3] Libdl  [`@stdlib/Libdl`]
  [37e2e46d] LinearAlgebra  [`@stdlib/LinearAlgebra`]
  [56ddb016] Logging  [`@stdlib/Logging`]
  [d6f4376e] Markdown  [`@stdlib/Markdown`]
  [a63ad114] Mmap  [`@stdlib/Mmap`]
  [44cfe95a] Pkg  [`@stdlib/Pkg`]
  [de0858da] Printf  [`@stdlib/Printf`]
  [3fa0cd96] REPL  [`@stdlib/REPL`]
  [9a3f8284] Random  [`@stdlib/Random`]
  [ea8e919c] SHA  [`@stdlib/SHA`]
  [9e88b42a] Serialization  [`@stdlib/Serialization`]
  [1a1011a3] SharedArrays  [`@stdlib/SharedArrays`]
  [6462fe0b] Sockets  [`@stdlib/Sockets`]
  [2f01184e] SparseArrays  [`@stdlib/SparseArrays`]
  [10745b16] Statistics  [`@stdlib/Statistics`]
  [8dfed614] Test  [`@stdlib/Test`]
  [cf7118a7] UUIDs  [`@stdlib/UUIDs`]
  [4ec0a83e] Unicode  [`@stdlib/Unicode`]
Solution status: Optimal
Optimal value: -7.0
Solution vector: [1.0, 1.0, 0.0, 0.0, 1.0]
Welcome to the CBC MILP Solver 
Version: 2.10.3 
Build Date: Oct  7 2019 

command line - Cbc_C_Interface -logLevel 1 -solve -quit (default strategy 1)
Continuous objective value is -16.5 - 0.00 seconds
Cgl0004I processed model has 1 rows, 5 columns (5 integer (5 of which binary)) and 5 elements
Cbc0012I Integer solution of -16 found by DiveCoefficient after 0 iterations and 0 nodes (0.00 seconds)
Cbc0001I Search completed - best objective -16, took 1 iterations and 0 nodes (0.00 seconds)
Cbc0035I Maximum depth 0, 4 variables fixed on reduced cost
Cuts at root node changed objective from -16.5 to -16
Probing was tried 0 times and created 0 cuts of which 0 were active after adding rounds of cuts (0.000 seconds)
Gomory was tried 0 times and created 0 cuts of which 0 were active after adding rounds of cuts (0.000 seconds)
Knapsack was tried 0 times and created 0 cuts of which 0 were active after adding rounds of cuts (0.000 seconds)
Clique was tried 0 times and created 0 cuts of which 0 were active after adding rounds of cuts (0.000 seconds)
MixedIntegerRounding2 was tried 0 times and created 0 cuts of which 0 were active after adding rounds of cuts (0.000 seconds)
FlowCover was tried 0 times and created 0 cuts of which 0 were active after adding rounds of cuts (0.000 seconds)
TwoMirCuts was tried 0 times and created 0 cuts of which 0 were active after adding rounds of cuts (0.000 seconds)
ZeroHalf was tried 0 times and created 0 cuts of which 0 were active after adding rounds of cuts (0.000 seconds)

Result - Optimal solution found

Objective value:                -16.00000000
Enumerated nodes:               0
Total iterations:               1
Time (CPU seconds):             0.00
Time (Wallclock seconds):       0.00

Total time (CPU seconds):       0.00   (Wallclock seconds):       0.00

Cbc should not display any output from these tests
Test Summary: | Pass  Total
MPB           |   28     28
Cbc3007W No integer variables - nothing to do
Cbc3007W No integer variables - nothing to do
indicator4: Test Failed at /root/.julia/packages/MathOptInterface/A2UPd/src/Test/intlinear.jl:625
  Expression: MOI.supports_constraint(model, MOI.VectorAffineFunction{Float64}, MOI.IndicatorSet{MOI.ACTIVATE_ON_ONE, MOI.LessThan{Float64}})
Stacktrace:
 [1] indicator4_test(::MathOptInterface.Bridges.LazyBridgeOptimizer{MathOptInterface.Utilities.CachingOptimizer{Cbc.Optimizer,MathOptInterface.Utilities.UniversalFallback{MathOptInterface.Utilities.Model{Float64}}}}, ::MathOptInterface.Test.TestConfig{Float64}) at /root/.julia/packages/MathOptInterface/A2UPd/src/Test/intlinear.jl:625
 [2] macro expansion at /root/.julia/packages/MathOptInterface/A2UPd/src/Test/config.jl:48 [inlined]
 [3] macro expansion at /buildworker/worker/package_linux64/build/usr/share/julia/stdlib/v1.2/Test/src/Test.jl:1113 [inlined]
 [4] intlineartest(::MathOptInterface.Bridges.LazyBridgeOptimizer{MathOptInterface.Utilities.CachingOptimizer{Cbc.Optimizer,MathOptInterface.Utilities.UniversalFallback{MathOptInterface.Utilities.Model{Float64}}}}, ::MathOptInterface.Test.TestConfig{Float64}, ::Array{String,1}) at /root/.julia/packages/MathOptInterface/A2UPd/src/Test/config.jl:48
indicator4: Error During Test at /root/.julia/packages/MathOptInterface/A2UPd/src/Test/config.jl:47
  Got exception outside of a @test
  MathOptInterface.UnsupportedConstraint{MathOptInterface.VectorAffineFunction{Float64},MathOptInterface.IndicatorSet{MathOptInterface.ACTIVATE_ON_ONE,MathOptInterface.LessThan{Float64}}}: `MathOptInterface.VectorAffineFunction{Float64}`-in-`MathOptInterface.IndicatorSet{MathOptInterface.ACTIVATE_ON_ONE,MathOptInterface.LessThan{Float64}}` constraint is not supported by the model.
  Stacktrace:
   [1] bridge_type(::MathOptInterface.Bridges.LazyBridgeOptimizer{MathOptInterface.Utilities.CachingOptimizer{Cbc.Optimizer,MathOptInterface.Utilities.UniversalFallback{MathOptInterface.Utilities.Model{Float64}}}}, ::Type{MathOptInterface.VectorAffineFunction{Float64}}, ::Type{MathOptInterface.IndicatorSet{MathOptInterface.ACTIVATE_ON_ONE,MathOptInterface.LessThan{Float64}}}) at /root/.julia/packages/MathOptInterface/A2UPd/src/Bridges/lazy_bridge_optimizer.jl:439
   [2] concrete_bridge_type(::MathOptInterface.Bridges.LazyBridgeOptimizer{MathOptInterface.Utilities.CachingOptimizer{Cbc.Optimizer,MathOptInterface.Utilities.UniversalFallback{MathOptInterface.Utilities.Model{Float64}}}}, ::Type{MathOptInterface.VectorAffineFunction{Float64}}, ::Type{MathOptInterface.IndicatorSet{MathOptInterface.ACTIVATE_ON_ONE,MathOptInterface.LessThan{Float64}}}) at /root/.julia/packages/MathOptInterface/A2UPd/src/Bridges/Constraint/bridge.jl:120
   [3] add_constraint(::MathOptInterface.Bridges.LazyBridgeOptimizer{MathOptInterface.Utilities.CachingOptimizer{Cbc.Optimizer,MathOptInterface.Utilities.UniversalFallback{MathOptInterface.Utilities.Model{Float64}}}}, ::MathOptInterface.VectorAffineFunction{Float64}, ::MathOptInterface.IndicatorSet{MathOptInterface.ACTIVATE_ON_ONE,MathOptInterface.LessThan{Float64}}) at /root/.julia/packages/MathOptInterface/A2UPd/src/Bridges/bridge_optimizer.jl:1038
   [4] indicator4_test(::MathOptInterface.Bridges.LazyBridgeOptimizer{MathOptInterface.Utilities.CachingOptimizer{Cbc.Optimizer,MathOptInterface.Utilities.UniversalFallback{MathOptInterface.Utilities.Model{Float64}}}}, ::MathOptInterface.Test.TestConfig{Float64}) at /root/.julia/packages/MathOptInterface/A2UPd/src/Test/intlinear.jl:639
   [5] macro expansion at /root/.julia/packages/MathOptInterface/A2UPd/src/Test/config.jl:48 [inlined]
   [6] macro expansion at /buildworker/worker/package_linux64/build/usr/share/julia/stdlib/v1.2/Test/src/Test.jl:1113 [inlined]
   [7] intlineartest(::MathOptInterface.Bridges.LazyBridgeOptimizer{MathOptInterface.Utilities.CachingOptimizer{Cbc.Optimizer,MathOptInterface.Utilities.UniversalFallback{MathOptInterface.Utilities.Model{Float64}}}}, ::MathOptInterface.Test.TestConfig{Float64}, ::Array{String,1}) at /root/.julia/packages/MathOptInterface/A2UPd/src/Test/config.jl:48
   [8] top-level scope at /root/.julia/packages/Cbc/5nCGI/test/MOI_wrapper.jl:76
   [9] top-level scope at /buildworker/worker/package_linux64/build/usr/share/julia/stdlib/v1.2/Test/src/Test.jl:1113
   [10] top-level scope at /root/.julia/packages/Cbc/5nCGI/test/MOI_wrapper.jl:76
   [11] include at ./boot.jl:328 [inlined]
   [12] include_relative(::Module, ::String) at ./loading.jl:1094
   [13] include(::Module, ::String) at ./Base.jl:31
   [14] include(::String) at ./client.jl:431
   [15] top-level scope at /root/.julia/packages/Cbc/5nCGI/test/runtests.jl:8
   [16] top-level scope at /buildworker/worker/package_linux64/build/usr/share/julia/stdlib/v1.2/Test/src/Test.jl:1113
   [17] top-level scope at /root/.julia/packages/Cbc/5nCGI/test/runtests.jl:8
   [18] include at ./boot.jl:328 [inlined]
   [19] include_relative(::Module, ::String) at ./loading.jl:1094
   [20] include(::Module, ::String) at ./Base.jl:31
   [21] include(::String) at ./client.jl:431
   [22] top-level scope at none:5
   [23] eval(::Module, ::Any) at ./boot.jl:330
   [24] exec_options(::Base.JLOptions) at ./client.jl:271
   [25] _start() at ./client.jl:464
  
Test Summary:              | Pass  Fail  Error  Total
MOI                        | 1206     1      1   1208
  SolverName               |    1                   1
  supports_default_copy_to |    4                   4
  basic_constraint_tests   |  200                 200
  Unit                     |  258                 258
  ModelLike                |  175                 175
  Continuous Linear        |  421                 421
  Integer Linear           |  145     1      1    147
    int2                   |   64                  64
    int3                   |   27                  27
    int1                   |   29                  29
    indicator4             |    6     1      1      8
    knapsack               |   19                  19
  Test params              |    2                   2
ERROR: LoadError: Some tests did not pass: 1206 passed, 1 failed, 1 errored, 0 broken.
in expression starting at /root/.julia/packages/Cbc/5nCGI/test/runtests.jl:7
ERROR: Package Cbc errored during testing
Stacktrace:
 [1] pkgerror(::String, ::Vararg{String,N} where N) at /buildworker/worker/package_linux64/build/usr/share/julia/stdlib/v1.2/Pkg/src/Types.jl:112
 [2] #test#119(::Bool, ::Nothing, ::typeof(Pkg.Operations.test), ::Pkg.Types.Context, ::Array{Pkg.Types.PackageSpec,1}) at /buildworker/worker/package_linux64/build/usr/share/julia/stdlib/v1.2/Pkg/src/Operations.jl:1288
 [3] #test at ./none:0 [inlined]
 [4] #test#62(::Bool, ::Nothing, ::Base.Iterators.Pairs{Union{},Union{},Tuple{},NamedTuple{(),Tuple{}}}, ::typeof(Pkg.API.test), ::Pkg.Types.Context, ::Array{Pkg.Types.PackageSpec,1}) at /buildworker/worker/package_linux64/build/usr/share/julia/stdlib/v1.2/Pkg/src/API.jl:245
 [5] test at /buildworker/worker/package_linux64/build/usr/share/julia/stdlib/v1.2/Pkg/src/API.jl:233 [inlined]
 [6] #test#61 at /buildworker/worker/package_linux64/build/usr/share/julia/stdlib/v1.2/Pkg/src/API.jl:230 [inlined]
 [7] test at /buildworker/worker/package_linux64/build/usr/share/julia/stdlib/v1.2/Pkg/src/API.jl:230 [inlined]
 [8] #test#60 at /buildworker/worker/package_linux64/build/usr/share/julia/stdlib/v1.2/Pkg/src/API.jl:229 [inlined]
 [9] test at /buildworker/worker/package_linux64/build/usr/share/julia/stdlib/v1.2/Pkg/src/API.jl:229 [inlined]
 [10] #test#59(::Base.Iterators.Pairs{Union{},Union{},Tuple{},NamedTuple{(),Tuple{}}}, ::typeof(Pkg.API.test), ::String) at /buildworker/worker/package_linux64/build/usr/share/julia/stdlib/v1.2/Pkg/src/API.jl:228
 [11] test(::String) at /buildworker/worker/package_linux64/build/usr/share/julia/stdlib/v1.2/Pkg/src/API.jl:228
 [12] top-level scope at none:10
