 Resolving package versions...
 Installed KrylovMethods ─ v0.6.0
 Installed ParSpMatVec ─── v0.1.1
 Installed jInv ────────── v1.0.0
  Updating `~/.julia/environments/v1.2/Project.toml`
  [3dacf901] + jInv v1.0.0
  Updating `~/.julia/environments/v1.2/Manifest.toml`
  [9a2cd570] + KrylovMethods v0.6.0
  [ccf9b6e2] + ParSpMatVec v0.1.1
  [3dacf901] + jInv v1.0.0
  [2a0f44e3] + Base64 
  [ade2ca70] + Dates 
  [8ba89e20] + Distributed 
  [b77e0a4c] + InteractiveUtils 
  [76f85450] + LibGit2 
  [8f399da3] + Libdl 
  [37e2e46d] + LinearAlgebra 
  [56ddb016] + Logging 
  [d6f4376e] + Markdown 
  [44cfe95a] + Pkg 
  [de0858da] + Printf 
  [3fa0cd96] + REPL 
  [9a3f8284] + Random 
  [ea8e919c] + SHA 
  [9e88b42a] + Serialization 
  [6462fe0b] + Sockets 
  [2f01184e] + SparseArrays 
  [8dfed614] + Test 
  [cf7118a7] + UUIDs 
  [4ec0a83e] + Unicode 
  Building ParSpMatVec → `~/.julia/packages/ParSpMatVec/Rtbqp/deps/build.log`
   Testing jInv
    Status `/tmp/jl_xJ6cck/Manifest.toml`
  [9a2cd570] KrylovMethods v0.6.0
  [ccf9b6e2] ParSpMatVec v0.1.1
  [3dacf901] jInv v1.0.0
  [2a0f44e3] Base64  [`@stdlib/Base64`]
  [ade2ca70] Dates  [`@stdlib/Dates`]
  [8ba89e20] Distributed  [`@stdlib/Distributed`]
  [b77e0a4c] InteractiveUtils  [`@stdlib/InteractiveUtils`]
  [76f85450] LibGit2  [`@stdlib/LibGit2`]
  [8f399da3] Libdl  [`@stdlib/Libdl`]
  [37e2e46d] LinearAlgebra  [`@stdlib/LinearAlgebra`]
  [56ddb016] Logging  [`@stdlib/Logging`]
  [d6f4376e] Markdown  [`@stdlib/Markdown`]
  [44cfe95a] Pkg  [`@stdlib/Pkg`]
  [de0858da] Printf  [`@stdlib/Printf`]
  [3fa0cd96] REPL  [`@stdlib/REPL`]
  [9a3f8284] Random  [`@stdlib/Random`]
  [ea8e919c] SHA  [`@stdlib/SHA`]
  [9e88b42a] Serialization  [`@stdlib/Serialization`]
  [6462fe0b] Sockets  [`@stdlib/Sockets`]
  [2f01184e] SparseArrays  [`@stdlib/SparseArrays`]
  [8dfed614] Test  [`@stdlib/Test`]
  [cf7118a7] UUIDs  [`@stdlib/UUIDs`]
  [4ec0a83e] Unicode  [`@stdlib/Unicode`]
/root/.julia/packages/ParSpMatVec/Rtbqp/deps/builds/ParSpMatVec
3-dimensional regular mesh of size [3, 4, 5]
Number of cells:   60
Number of faces:   [80, 75, 72] = 227
Number of edges:   [90, 96, 100] = 286
Number of nodes:   120
Coordinate origin: [1.2, 0.0, 0.0]
Domain size:       [1.2, 2.4, 0.0, 1.1, 0.0, 2.3]
Cell size:         [0.39999999999999997, 0.275, 0.45999999999999996]
2-dimensional regular mesh of size [3, 4]
Number of cells:   12
Number of faces:   [16, 15] = 31
Number of edges:   [15, 16] = 31
Number of nodes:   20
Coordinate origin: [1.2, 0.0]
Domain size:       [1.2, 2.4, 0.0, 1.1]
Cell size:         [0.39999999999999997, 0.275]
3-dimensional tensor mesh of size [4, 5, 6]
Number of cells:   120
Number of faces:   [150, 144, 140] = 434
Number of edges:   [168, 175, 180] = 523
Number of nodes:   210
Coordinate origin: [0.0, 0.0, 0.0]
Domain size:       2.099260708987322m x 1.3421025864497766m x 1.7158029586750392m
Minimum cell size: 0.03826859417786421m x 0.0800713135345481m x 0.08484228130294391m
Maximum cell size: 0.993605607305381m x 0.48674992932539984m x 0.5791317966023029m
	test cell-centered axes...passed
	test nodal axes...passed
	test cell-centered grid...passed
	test nodal grid...passed
	test face grid...passed
	test edge grid...passed
	test volume...passed
	test area...passed
	test length...passed
	test counting...passed
	test nodal gradient matrix...passed
	test divergence matrix...passed
	test curl matrix...passed
	test face average matrix...passed
	test edge average matrix...passed
	testing differential operators for TensorMesh3D...passed!
	testing differential operators for RegularMesh...passed!
	testing differential operators for TensorMesh3D...passed!
   test getInterpolationMatrix (RegularMesh) ...  dim=2 dim=3 passed
   test getInterpolationMatrix (TensorMesh) ... passed
	testing nodal averaging for TensorMesh3D...passed!
	testing nodal averaging for RegularMesh...passed!
	testing nodal averaging for TensorMesh3D...passed!
	testing nodal averaging for RegularMesh...passed!
	testing boundary nodes for TensorMesh3D...passed!

	testing boundary nodes for RegularMesh...passed!

	testing boundary nodes for RegularMesh...passed!

	test getEdgeMassMatrix on RegularMesh
	test getNodalMassMatrix on RegularMesh
	test getFaceMassMatrix on RegularMesh
	test getEdgeMassMatrix on TensorMesh3D
	test getNodalMassMatrix on TensorMesh3D
	test getFaceMassMatrix on TensorMesh3D
	testing forward operators for RegularMesh...passed!
	testing forward operators for RegularMesh...passed!
	testing forward operators for RegularMesh...passed!
	testing forward operators for RegularMesh...passed!
	testing 2D elasticity operators for RegularMesh...passed!
	testing 3D elasticity operators for RegularMesh...passed!
WARNING: could not import Base.Test into Main
        h	       E0	       E1	       O1	       O2	  OK?
1.000e-01	9.314e-02	1.596e-16	0.000e+00	0.000e+00	    1
1.000e-02	9.314e-03	6.281e-17	1.000e+00	4.049e-01	    1
1.000e-03	9.314e-04	7.790e-17	1.000e+00	-9.345e-02	    1
1.000e-04	9.314e-05	1.417e-16	1.000e+00	-2.599e-01	    1
1.000e-05	9.314e-06	1.214e-16	1.000e+00	6.707e-02	    1
1.000e-06	9.314e-07	9.454e-17	1.000e+00	1.087e-01	    1
1.000e-07	9.314e-08	1.267e-16	1.000e+00	-1.273e-01	    1
1.000e-08	9.314e-09	7.890e-17	1.000e+00	2.058e-01	    1
1.000e-09	9.314e-10	1.061e-16	1.000e+00	-1.286e-01	    1
1.000e-10	9.314e-11	1.079e-16	1.000e+00	-7.363e-03	    1
        h	       E0	       E1	       O1	       O2	  OK?
1.000e-01	1.217e+00	2.392e-01	0.000e+00	0.000e+00	    0
1.000e-02	1.002e-01	2.392e-03	1.085e+00	2.000e+00	    1
1.000e-03	9.806e-03	2.392e-05	1.009e+00	2.000e+00	    1
1.000e-04	9.785e-04	2.392e-07	1.001e+00	2.000e+00	    1
1.000e-05	9.782e-05	2.392e-09	1.000e+00	2.000e+00	    1
1.000e-06	9.782e-06	2.392e-11	1.000e+00	2.000e+00	    1
1.000e-07	9.782e-07	2.393e-13	1.000e+00	2.000e+00	    1
1.000e-08	9.782e-08	2.310e-15	1.000e+00	2.015e+00	    1
1.000e-09	9.782e-09	1.925e-16	1.000e+00	1.079e+00	    1
1.000e-10	9.782e-10	1.925e-16	1.000e+00	0.000e+00	    1
        h	       E0	       E1	       O1	       O2	  OK?
1.000e-01	1.095e-01	9.930e-03	0.000e+00	0.000e+00	    0
1.000e-02	1.022e-02	9.930e-05	1.030e+00	2.000e+00	    1
1.000e-03	1.015e-03	9.930e-07	1.003e+00	2.000e+00	    1
1.000e-04	1.014e-04	9.930e-09	1.000e+00	2.000e+00	    1
1.000e-05	1.014e-05	9.930e-11	1.000e+00	2.000e+00	    1
1.000e-06	1.014e-06	9.930e-13	1.000e+00	2.000e+00	    1
1.000e-07	1.014e-07	9.931e-15	1.000e+00	2.000e+00	    1
1.000e-08	1.014e-08	1.379e-16	1.000e+00	1.857e+00	    1
1.000e-09	1.014e-09	8.037e-17	1.000e+00	2.345e-01	    1
1.000e-10	1.014e-10	1.307e-16	1.000e+00	-2.112e-01	    1

 i.LS	       F	       R	alpha[1]	   Jc/J0	 #Active
  1.0	1.54e+02	0.00e+00	1.00e+00	1.00e+00	  0
   .1	5.98e+00	4.90e+00			7.07e-02
  2.0	5.98e+00	4.90e+00	1.00e+00	7.07e-02	  1
   .1	3.85e+00	5.88e+00			6.32e-02
  3.0	3.85e+00	5.88e+00	1.00e+00	6.32e-02	  2
   .1	3.87e+00	5.86e+00			6.32e-02
  4.0	3.87e+00	5.86e+00	1.00e+00	6.32e-02	  2
   .1	3.86e+00	5.87e+00			6.32e-02
  5.0	3.86e+00	5.87e+00	1.00e+00	6.32e-02	  2
   .1	3.86e+00	5.87e+00			6.32e-02
projGN reached desired accuracy at iteration 5.

 i.LS	       F	       R	alpha[1]	   Jc/J0	 #Active
  1.0	1.54e+02	0.00e+00	1.00e+00	1.00e+00	  0
   .1	5.98e+00	4.90e+00			7.07e-02
  2.0	5.98e+00	4.90e+00	1.00e+00	7.07e-02	  1
   .1	3.85e+00	5.88e+00			6.32e-02
  3.0	3.85e+00	5.88e+00	1.00e+00	6.32e-02	  2
   .1	3.87e+00	5.86e+00			6.32e-02
  4.0	3.87e+00	5.86e+00	1.00e+00	6.32e-02	  2
   .1	3.86e+00	5.87e+00			6.32e-02
  5.0	3.86e+00	5.87e+00	1.00e+00	6.32e-02	  2
   .1	3.86e+00	5.87e+00			6.32e-02
projGN reached desired accuracy at iteration 5.

 i.LS	       F	       R	alpha[1]	   Jc/J0	 #Active
  1.0	2.68e+01	0.00e+00	1.00e+00	1.00e+00	  0
   .1	1.74e+00	3.44e+00			1.93e-01
  2.0	1.74e+00	3.44e+00	1.00e+00	1.93e-01	  0
   .1	1.46e+00	3.60e+00			1.88e-01
  3.0	1.46e+00	3.60e+00	1.00e+00	1.88e-01	  0
   .1	1.47e+00	3.59e+00			1.88e-01
  4.0	1.47e+00	3.59e+00	1.00e+00	1.88e-01	  0
   .1	1.47e+00	3.59e+00			1.88e-01
  5.0	1.47e+00	3.59e+00	1.00e+00	1.88e-01	  0
   .1	1.47e+00	3.59e+00			1.88e-01
projGN reached desired accuracy at iteration 5.
projGN reached desired accuracy at iteration 5.

 i.LS	       F	       R	alpha[1]	   Jc/J0	 #Active
  1.0	2.68e+01	0.00e+00	1.00e+00	1.00e+00	  0
   .1	1.74e+00	3.53e+00			1.96e-01
  2.0	1.74e+00	3.53e+00	1.00e+00	1.96e-01	  0
   .1	1.46e+00	3.61e+00			1.89e-01
  3.0	1.46e+00	3.61e+00	1.00e+00	1.89e-01	  0
   .1	1.53e+00	3.53e+00			1.89e-01
  4.0	1.53e+00	3.53e+00	1.00e+00	1.89e-01	  0
   .1	1.53e+00	3.54e+00			1.89e-01
  5.0	1.53e+00	3.54e+00	1.00e+00	1.89e-01	  0
   .1	1.53e+00	3.53e+00			1.89e-01
projGN iterated maxIter=5 times but reached only stepNorm of 0.0006050194863154168 instead 0.0001.
projGN iterated maxIter=5 times but reached only stepNorm of 0.0006050194863154168 instead 0.0001.
Starting projGNCG minimization with alpha 1 of 3.0
alpha = 100.0

 i.LS	       F	       R	alpha[1]	   Jc/J0	 #Active
  1.0	2.68e+01	0.00e+00	1.00e+02	1.00e+00	  0
   .1	2.42e+01	1.27e+00			9.50e-01
  2.0	2.42e+01	1.27e+00	1.00e+02	9.50e-01	  0
   .1	2.42e+01	1.27e+00			9.50e-01
projGN iterated maxIter=2 times but reached only stepNorm of 0.0005124554873007356 instead 0.0001.
[26.846417930777072, 24.226371913416777, 24.226418001304037]
Starting projGNCG minimization with alpha 2 of 3.0
alpha = 10.0

 i.LS	       F	       R	alpha[1]	   Jc/J0	 #Active
  1.0	2.42e+01	0.00e+00	1.00e+01	1.00e+00	  0
   .1	1.09e+01	5.21e+00			6.65e-01
  2.0	1.09e+01	5.21e+00	1.00e+01	6.65e-01	  0
   .1	1.09e+01	5.21e+00			6.65e-01
projGN iterated maxIter=2 times but reached only stepNorm of 0.0026716817518222663 instead 0.0001.
[24.226418001304037, 10.887021213597908, 10.888876685122359]
iteratedTikhonov exiting after reaching desired misfit
Starting projGNCG minimization with alpha 1 of 3.0
alpha = 100.0

 i.LS	       F	       R	alpha[1]	   Jc/J0	 #Active
  1.0	2.68e+01	0.00e+00	1.00e+02	1.00e+00	  0
   .1	2.42e+01	1.27e+00			9.50e-01
  2.0	2.42e+01	1.27e+00	1.00e+02	9.50e-01	  0
   .1	2.42e+01	1.27e+00			9.50e-01
projGN iterated maxIter=2 times but reached only stepNorm of 0.0005124554873007356 instead 0.0001.
[26.846417930777072, 24.226371913416777, 24.226418001304037]
Starting projGNCG minimization with alpha 2 of 3.0
alpha = 10.0

 i.LS	       F	       R	alpha[1]	   Jc/J0	 #Active
  1.0	2.42e+01	0.00e+00	1.00e+01	1.00e+00	  0
   .1	1.09e+01	5.21e+00			6.65e-01
  2.0	1.09e+01	5.21e+00	1.00e+01	6.65e-01	  0
   .1	1.09e+01	5.21e+00			6.65e-01
projGN iterated maxIter=2 times but reached only stepNorm of 0.0026716817518222663 instead 0.0001.
[24.226418001304037, 10.887021213597908, 10.888876685122359]
iteratedTikhonov exiting after reaching desired misfit
i.LS	       F	       R	alpha[1]	   Jc/J0	 #Active
  1.0	2.68e+01	6.96e-01	1.00e+00	1.00e+00	  0
   .1	1.00e+01	6.90e+00			6.14e-01
  2.0	1.00e+01	6.90e+00	1.00e+00	6.14e-01	  1
   .1	1.15e+01	1.90e+00			4.88e-01
  3.0	1.15e+01	1.90e+00	1.00e+00	4.88e-01	  0
   .1	6.56e+00	2.94e+00			3.45e-01
  4.0	6.56e+00	2.94e+00	1.00e+00	3.45e-01	  1
   .1	6.97e+00	2.35e+00			3.38e-01
  5.0	6.97e+00	2.35e+00	1.00e+00	3.38e-01	  0
   .1	4.32e+00	1.97e+00			2.28e-01
  6.0	4.32e+00	1.97e+00	1.00e+00	2.28e-01	  1
   .1	4.98e+00	2.64e+00			2.77e-01
   .2	3.95e+00	1.21e+00			1.87e-01
  7.0	3.95e+00	1.21e+00	1.00e+00	1.87e-01	  0
   .1	2.54e+00	2.30e+00			1.75e-01
  8.0	2.54e+00	2.30e+00	1.00e+00	1.75e-01	  1
   .1	3.85e+00	3.88e+00			2.81e-01
   .2	2.41e+00	1.26e+00			1.33e-01
  9.0	2.41e+00	1.26e+00	1.00e+00	1.33e-01	  0
   .1	1.93e+00	2.45e+00			1.59e-01
   .2	2.03e+00	1.63e+00			1.33e-01
 10.0	2.03e+00	1.63e+00	1.00e+00	1.33e-01	  1
   .1	3.39e+00	3.27e+00			2.42e-01
   .2	2.02e+00	1.35e+00			1.23e-01
 11.0	2.02e+00	1.35e+00	1.00e+00	1.23e-01	  0
   .1	1.72e+00	2.34e+00			1.47e-01
   .2	1.74e+00	1.61e+00			1.21e-01
 12.0	1.74e+00	1.61e+00	1.00e+00	1.21e-01	  1
   .1	3.17e+00	3.30e+00			2.35e-01
   .2	1.78e+00	1.43e+00			1.17e-01
 13.0	1.78e+00	1.43e+00	1.00e+00	1.17e-01	  0
   .1	1.57e+00	2.29e+00			1.40e-01
   .2	1.55e+00	1.62e+00			1.15e-01
 14.0	1.55e+00	1.62e+00	1.00e+00	1.15e-01	  1
   .1	3.04e+00	3.36e+00			2.32e-01
   .2	1.63e+00	1.50e+00			1.14e-01
 15.0	1.63e+00	1.50e+00	1.00e+00	1.14e-01	  0
   .1	1.47e+00	2.28e+00			1.36e-01
   .2	1.43e+00	1.64e+00			1.11e-01
 16.0	1.43e+00	1.64e+00	1.00e+00	1.11e-01	  1
   .1	2.96e+00	3.41e+00			2.31e-01
   .2	1.53e+00	1.56e+00			1.12e-01
   .3	1.31e+00	1.34e+00			9.63e-02
 17.0	1.31e+00	1.34e+00	1.00e+00	9.63e-02	  0
   .1	1.11e+00	1.49e+00			9.44e-02
 18.0	1.11e+00	1.49e+00	1.00e+00	9.44e-02	  0
   .1	2.25e+00	2.92e+00			1.88e-01
   .2	1.36e+00	1.73e+00			1.12e-01
   .3	1.15e+00	1.49e+00			9.58e-02
   .4	1.11e+00	1.46e+00			9.32e-02
 19.0	1.11e+00	1.46e+00	1.00e+00	9.32e-02	  0
   .1	1.09e+00	1.63e+00			9.88e-02
   .2	1.08e+00	1.51e+00			9.41e-02
   .3	1.09e+00	1.47e+00			9.32e-02
 20.0	1.09e+00	1.47e+00	1.00e+00	9.32e-02	  0
   .1	1.25e+00	1.67e+00			1.06e-01
   .2	1.13e+00	1.50e+00			9.55e-02
   .3	1.10e+00	1.47e+00			9.33e-02
   .4	1.09e+00	1.47e+00			9.30e-02
projSD iterated maxIter=20 times but reached only stepNorm of 0.032596375416288126 instead 0.0001.
projSD iterated maxIter=20 times but reached only stepNorm of 0.032596375416288126 instead 0.0001.
---jInv.InverseSolve.InverseParam---
inverse mesh type:    RegularMesh
number of cells:      1024
model function:       fMod
maxStep:              1.0
pcgMaxIter:           10
pcgTol:               0.1
minUpdate:            0.0001
maxIter:              10
===  Example 2D DivSigGrad ====
cg achieved desired tolerance at iteration 3. Residual norm is 4.50e-06.
bcgstb achieved desired tolerance at iteration 2. Residual norm is 9.51e-06.
===  Test for nonsymmetric matrices ====
===  Example 2D DivSigGrad ====
blockCG achieved desired tolerance at iteration 1. Residual norm is 5.63e-06.
blockBiCGSTB achieved desired tolerance at iteration 0.5. Residual norm is 4.46e-06.
===  Test for nonsymmetric matrices ====
===  Test Julia wrapper with symmetric (real) matrix ====
nrhs=1, issparse(rhs)=false : sym=0, sym=1, sym=2, 
nrhs=1, issparse(rhs)=true : sym=0, sym=1, sym=2, 
nrhs=3, issparse(rhs)=false : sym=0, sym=1, sym=2, 
nrhs=3, issparse(rhs)=true : sym=0, sym=1, sym=2, 


===  Test Julia wrapper with shifted (complex) Laplacian ====
nrhs=1, issparse(rhs)=false : sym=0, sym=1, sym=2, 
nrhs=1, issparse(rhs)=true : sym=0, sym=1, sym=2, 
nrhs=3, issparse(rhs)=false : sym=0, sym=1, sym=2, 
nrhs=3, issparse(rhs)=true : sym=0, sym=1, sym=2, 


===  Test Julia Wrapper: nonsymmetric matrices ====
===  End Test Julia Wrapper ====
Test Summary: | Pass  Total
jInv          |  282    282
   Testing jInv tests passed 
