 Resolving package versions...
 Installed IniFile ──────── v0.5.0
 Installed RecipesBase ──── v0.7.0
 Installed Parsers ──────── v0.3.10
 Installed MbedTLS ──────── v0.6.8
 Installed BinaryProvider ─ v0.5.8
 Installed JSON ─────────── v0.21.0
 Installed Indicators ───── v0.6.0
 Installed Temporal ─────── v0.6.1
 Installed HTTP ─────────── v0.8.8
  Updating `~/.julia/environments/v1.0/Project.toml`
  [70c4c096] + Indicators v0.6.0
  Updating `~/.julia/environments/v1.0/Manifest.toml`
  [b99e7846] + BinaryProvider v0.5.8
  [cd3eb016] + HTTP v0.8.8
  [70c4c096] + Indicators v0.6.0
  [83e8ac13] + IniFile v0.5.0
  [682c06a0] + JSON v0.21.0
  [739be429] + MbedTLS v0.6.8
  [69de0a69] + Parsers v0.3.10
  [3cdcf5f2] + RecipesBase v0.7.0
  [a110ec8f] + Temporal v0.6.1
  [2a0f44e3] + Base64 
  [ade2ca70] + Dates 
  [8ba89e20] + Distributed 
  [b77e0a4c] + InteractiveUtils 
  [8f399da3] + Libdl 
  [37e2e46d] + LinearAlgebra 
  [56ddb016] + Logging 
  [d6f4376e] + Markdown 
  [a63ad114] + Mmap 
  [de0858da] + Printf 
  [9a3f8284] + Random 
  [ea8e919c] + SHA 
  [9e88b42a] + Serialization 
  [6462fe0b] + Sockets 
  [2f01184e] + SparseArrays 
  [10745b16] + Statistics 
  [8dfed614] + Test 
  [4ec0a83e] + Unicode 
  Building MbedTLS → `~/.julia/packages/MbedTLS/X4xar/deps/build.log`
   Testing Indicators
    Status `/tmp/tmpu5moQx/Manifest.toml`
  [b99e7846] BinaryProvider v0.5.8
  [cd3eb016] HTTP v0.8.8
  [70c4c096] Indicators v0.6.0
  [83e8ac13] IniFile v0.5.0
  [682c06a0] JSON v0.21.0
  [739be429] MbedTLS v0.6.8
  [69de0a69] Parsers v0.3.10
  [3cdcf5f2] RecipesBase v0.7.0
  [a110ec8f] Temporal v0.6.1
  [2a0f44e3] Base64  [`@stdlib/Base64`]
  [ade2ca70] Dates  [`@stdlib/Dates`]
  [8ba89e20] Distributed  [`@stdlib/Distributed`]
  [b77e0a4c] InteractiveUtils  [`@stdlib/InteractiveUtils`]
  [8f399da3] Libdl  [`@stdlib/Libdl`]
  [37e2e46d] LinearAlgebra  [`@stdlib/LinearAlgebra`]
  [56ddb016] Logging  [`@stdlib/Logging`]
  [d6f4376e] Markdown  [`@stdlib/Markdown`]
  [a63ad114] Mmap  [`@stdlib/Mmap`]
  [de0858da] Printf  [`@stdlib/Printf`]
  [9a3f8284] Random  [`@stdlib/Random`]
  [ea8e919c] SHA  [`@stdlib/SHA`]
  [9e88b42a] Serialization  [`@stdlib/Serialization`]
  [6462fe0b] Sockets  [`@stdlib/Sockets`]
  [2f01184e] SparseArrays  [`@stdlib/SparseArrays`]
  [10745b16] Statistics  [`@stdlib/Statistics`]
  [8dfed614] Test  [`@stdlib/Test`]
  [4ec0a83e] Unicode  [`@stdlib/Unicode`]
Test Summary: | Pass  Total
Utilities     |    3      3
Test Summary: | Pass  Total
Trendlines    |   12     12
Test Summary: | Pass  Total
Chaos         |    8      8
Test Summary: | Pass  Total
Regressions   |   50     50
Test Summary:        | Pass  Total
Running Calculations |  124    124
Test Summary:   | Pass  Total
Moving Averages |   65     65
Test Summary: | Pass  Total
Momentum      |   75     75
Test Summary: | Pass  Total
Volatility    |   20     20
Test Summary: | Pass  Total
Charting      |    6      6
   Testing Indicators tests passed 
