 Resolving package versions...
 Installed RecipesBase ──── v0.7.0
 Installed Parsers ──────── v0.3.10
 Installed IniFile ──────── v0.5.0
 Installed MbedTLS ──────── v0.6.8
 Installed BinaryProvider ─ v0.5.8
 Installed JSON ─────────── v0.21.0
 Installed HTTP ─────────── v0.8.8
 Installed Temporal ─────── v0.6.1
  Updating `~/.julia/environments/v1.0/Project.toml`
  [a110ec8f] + Temporal v0.6.1
  Updating `~/.julia/environments/v1.0/Manifest.toml`
  [b99e7846] + BinaryProvider v0.5.8
  [cd3eb016] + HTTP v0.8.8
  [83e8ac13] + IniFile v0.5.0
  [682c06a0] + JSON v0.21.0
  [739be429] + MbedTLS v0.6.8
  [69de0a69] + Parsers v0.3.10
  [3cdcf5f2] + RecipesBase v0.7.0
  [a110ec8f] + Temporal v0.6.1
  [2a0f44e3] + Base64 
  [ade2ca70] + Dates 
  [8ba89e20] + Distributed 
  [b77e0a4c] + InteractiveUtils 
  [8f399da3] + Libdl 
  [37e2e46d] + LinearAlgebra 
  [56ddb016] + Logging 
  [d6f4376e] + Markdown 
  [a63ad114] + Mmap 
  [de0858da] + Printf 
  [9a3f8284] + Random 
  [ea8e919c] + SHA 
  [9e88b42a] + Serialization 
  [6462fe0b] + Sockets 
  [2f01184e] + SparseArrays 
  [10745b16] + Statistics 
  [8dfed614] + Test 
  [4ec0a83e] + Unicode 
  Building MbedTLS → `~/.julia/packages/MbedTLS/X4xar/deps/build.log`
   Testing Temporal
    Status `/tmp/tmpUbnjEa/Manifest.toml`
  [b99e7846] BinaryProvider v0.5.8
  [cd3eb016] HTTP v0.8.8
  [83e8ac13] IniFile v0.5.0
  [682c06a0] JSON v0.21.0
  [739be429] MbedTLS v0.6.8
  [69de0a69] Parsers v0.3.10
  [3cdcf5f2] RecipesBase v0.7.0
  [a110ec8f] Temporal v0.6.1
  [2a0f44e3] Base64  [`@stdlib/Base64`]
  [ade2ca70] Dates  [`@stdlib/Dates`]
  [8ba89e20] Distributed  [`@stdlib/Distributed`]
  [b77e0a4c] InteractiveUtils  [`@stdlib/InteractiveUtils`]
  [8f399da3] Libdl  [`@stdlib/Libdl`]
  [37e2e46d] LinearAlgebra  [`@stdlib/LinearAlgebra`]
  [56ddb016] Logging  [`@stdlib/Logging`]
  [d6f4376e] Markdown  [`@stdlib/Markdown`]
  [a63ad114] Mmap  [`@stdlib/Mmap`]
  [de0858da] Printf  [`@stdlib/Printf`]
  [9a3f8284] Random  [`@stdlib/Random`]
  [ea8e919c] SHA  [`@stdlib/SHA`]
  [9e88b42a] Serialization  [`@stdlib/Serialization`]
  [6462fe0b] Sockets  [`@stdlib/Sockets`]
  [2f01184e] SparseArrays  [`@stdlib/SparseArrays`]
  [10745b16] Statistics  [`@stdlib/Statistics`]
  [8dfed614] Test  [`@stdlib/Test`]
  [4ec0a83e] Unicode  [`@stdlib/Unicode`]
252x4 TS{Float64,Date}: 2019-03-17 to 2019-11-23

Index       A       B       C       D       
2019-03-17  0.9418  0.5189  0.3697  0.1506  
2019-03-18  0.6848  0.9946  0.7919  0.7876  
2019-03-19  0.1457  0.6206  0.1712  0.6777  
2019-03-20  0.2973  0.2413  0.1651  0.7712  
2019-03-21  0.5822  0.0314  0.9832  0.3674  
2019-03-22  0.0052  0.7217  0.5797  0.6933  
2019-03-23  0.6543  0.4697  0.8014  0.8373  
⋮
2019-11-16  0.0842  0.0393  0.9983  0.2951  
2019-11-17  0.3034  0.1364  0.6871  0.6067  
2019-11-18  0.0854  0.8955  0.6646  0.336   
2019-11-19  0.3093  0.3405  0.4469  0.8399  
2019-11-20  0.4587  0.2192  0.3709  0.6856  
2019-11-21  0.0134  0.4727  0.1528  0.2305  
2019-11-22  0.5897  0.2363  0.0258  0.9864  
2019-11-23  0.3023  0.3501  0.84    0.2314  
1x4 TS{Float64,Date}: 2019-03-17 to 2019-03-17

Index       A       B       C       D       
2019-03-17  0.7063  0.6422  0.8655  0.9937  

Test Summary:  | Pass  Total
Initialization | 1528   1528
Test Summary: | Pass  Total
Rename        |   15     15
Test Summary: | Pass  Total
Subsetting    |   83     83
Test Summary: | Pass  Total
Mutating      |   29     29
Test Summary: | Pass  Total
Combining     |   25     25
Test Summary: | Pass  Total
Operations    |   64     64
Test Summary: | Pass  Total
Filtering     |   16     16
Test Summary: | Pass  Total
OHLC          |   22     22
Test Summary: | Pass  Total
Collapsing    |   19     19
Test Summary: | Pass  Total
Conversion    |    6      6
Test Summary: | Pass  Broken  Total
Input/Output  |    8       1      9
   Testing Temporal tests passed 
