 Resolving package versions...
 Installed RecipesBase ──── v0.7.0
 Installed IniFile ──────── v0.5.0
 Installed Parsers ──────── v0.3.10
 Installed MbedTLS ──────── v0.7.0
 Installed BinaryProvider ─ v0.5.8
 Installed HTTP ─────────── v0.8.8
 Installed JSON ─────────── v0.21.0
 Installed Temporal ─────── v0.7.0
  Updating `~/.julia/environments/v1.2/Project.toml`
  [a110ec8f] + Temporal v0.7.0
  Updating `~/.julia/environments/v1.2/Manifest.toml`
  [b99e7846] + BinaryProvider v0.5.8
  [cd3eb016] + HTTP v0.8.8
  [83e8ac13] + IniFile v0.5.0
  [682c06a0] + JSON v0.21.0
  [739be429] + MbedTLS v0.7.0
  [69de0a69] + Parsers v0.3.10
  [3cdcf5f2] + RecipesBase v0.7.0
  [a110ec8f] + Temporal v0.7.0
  [2a0f44e3] + Base64 
  [ade2ca70] + Dates 
  [8ba89e20] + Distributed 
  [b77e0a4c] + InteractiveUtils 
  [76f85450] + LibGit2 
  [8f399da3] + Libdl 
  [37e2e46d] + LinearAlgebra 
  [56ddb016] + Logging 
  [d6f4376e] + Markdown 
  [a63ad114] + Mmap 
  [44cfe95a] + Pkg 
  [de0858da] + Printf 
  [3fa0cd96] + REPL 
  [9a3f8284] + Random 
  [ea8e919c] + SHA 
  [9e88b42a] + Serialization 
  [6462fe0b] + Sockets 
  [2f01184e] + SparseArrays 
  [10745b16] + Statistics 
  [8dfed614] + Test 
  [cf7118a7] + UUIDs 
  [4ec0a83e] + Unicode 
  Building MbedTLS → `~/.julia/packages/MbedTLS/a1JFn/deps/build.log`
   Testing Temporal
    Status `/tmp/jl_tpXJ1L/Manifest.toml`
  [b99e7846] BinaryProvider v0.5.8
  [cd3eb016] HTTP v0.8.8
  [83e8ac13] IniFile v0.5.0
  [682c06a0] JSON v0.21.0
  [739be429] MbedTLS v0.7.0
  [69de0a69] Parsers v0.3.10
  [3cdcf5f2] RecipesBase v0.7.0
  [a110ec8f] Temporal v0.7.0
  [2a0f44e3] Base64  [`@stdlib/Base64`]
  [ade2ca70] Dates  [`@stdlib/Dates`]
  [8ba89e20] Distributed  [`@stdlib/Distributed`]
  [b77e0a4c] InteractiveUtils  [`@stdlib/InteractiveUtils`]
  [76f85450] LibGit2  [`@stdlib/LibGit2`]
  [8f399da3] Libdl  [`@stdlib/Libdl`]
  [37e2e46d] LinearAlgebra  [`@stdlib/LinearAlgebra`]
  [56ddb016] Logging  [`@stdlib/Logging`]
  [d6f4376e] Markdown  [`@stdlib/Markdown`]
  [a63ad114] Mmap  [`@stdlib/Mmap`]
  [44cfe95a] Pkg  [`@stdlib/Pkg`]
  [de0858da] Printf  [`@stdlib/Printf`]
  [3fa0cd96] REPL  [`@stdlib/REPL`]
  [9a3f8284] Random  [`@stdlib/Random`]
  [ea8e919c] SHA  [`@stdlib/SHA`]
  [9e88b42a] Serialization  [`@stdlib/Serialization`]
  [6462fe0b] Sockets  [`@stdlib/Sockets`]
  [2f01184e] SparseArrays  [`@stdlib/SparseArrays`]
  [10745b16] Statistics  [`@stdlib/Statistics`]
  [8dfed614] Test  [`@stdlib/Test`]
  [cf7118a7] UUIDs  [`@stdlib/UUIDs`]
  [4ec0a83e] Unicode  [`@stdlib/Unicode`]
252x4 TS{Float64,Date}: 2019-03-17 to 2019-11-23

Index       A       B       C       D       
2019-03-17  0.1804  0.1579  0.0497  0.5817  
2019-03-18  0.6385  0.3862  0.1011  0.0435  
2019-03-19  0.8666  0.7543  0.0433  0.9893  
2019-03-20  0.2194  0.9455  0.8605  0.8704  
2019-03-21  0.2342  0.0473  0.2254  0.6954  
2019-03-22  0.2003  0.0758  0.1547  0.9181  
2019-03-23  0.8421  0.9221  0.4439  0.7481  
⋮
2019-11-16  0.4452  0.9453  0.29    0.9141  
2019-11-17  0.8216  0.617   0.6148  0.5973  
2019-11-18  0.6415  0.4116  0.7502  0.2724  
2019-11-19  0.4299  0.4428  0.7469  0.1744  
2019-11-20  0.0216  0.5658  0.2624  0.991   
2019-11-21  0.3528  0.4508  0.7892  0.5747  
2019-11-22  0.0636  0.8116  0.6982  0.6601  
2019-11-23  0.5087  0.9306  0.4903  0.8911  
1x4 TS{Float64,Date}: 2019-03-17 to 2019-03-17

Index       A       B      C       D      
2019-03-17  0.9961  0.909  0.8792  0.669  

Test Summary:  | Pass  Total
Initialization | 1528   1528
Test Summary: | Pass  Total
Rename        |   15     15
Test Summary: | Pass  Total
Subsetting    |   83     83
Test Summary: | Pass  Total
Mutating      |   29     29
Test Summary: | Pass  Total
Combining     |   25     25
Test Summary: | Pass  Total
Operations    |   64     64
Test Summary: | Pass  Total
Filtering     |   16     16
Test Summary: | Pass  Total
OHLC          |   22     22
Test Summary: | Pass  Total
Collapsing    |   19     19
Test Summary: | Pass  Total
Conversion    |    6      6
Test Summary: | Pass  Broken  Total
Input/Output  |    8       1      9
   Testing Temporal tests passed 
