 Resolving package versions...
 Installed CompoundPeriods ─ v0.4.0
  Updating `~/.julia/environments/v1.2/Project.toml`
  [a216cea6] + CompoundPeriods v0.4.0
  Updating `~/.julia/environments/v1.2/Manifest.toml`
  [a216cea6] + CompoundPeriods v0.4.0
  [ade2ca70] + Dates 
  [de0858da] + Printf 
  [4ec0a83e] + Unicode 
   Testing CompoundPeriods
 Resolving package versions...
    Status `/tmp/jl_daSm8O/Manifest.toml`
  [a216cea6] CompoundPeriods v0.4.0
  [2a0f44e3] Base64  [`@stdlib/Base64`]
  [ade2ca70] Dates  [`@stdlib/Dates`]
  [8ba89e20] Distributed  [`@stdlib/Distributed`]
  [b77e0a4c] InteractiveUtils  [`@stdlib/InteractiveUtils`]
  [56ddb016] Logging  [`@stdlib/Logging`]
  [d6f4376e] Markdown  [`@stdlib/Markdown`]
  [de0858da] Printf  [`@stdlib/Printf`]
  [9a3f8284] Random  [`@stdlib/Random`]
  [9e88b42a] Serialization  [`@stdlib/Serialization`]
  [6462fe0b] Sockets  [`@stdlib/Sockets`]
  [8dfed614] Test  [`@stdlib/Test`]
  [4ec0a83e] Unicode  [`@stdlib/Unicode`]
   Testing CompoundPeriods tests passed 
