 Resolving package versions...
 Installed FixedPointNumbers ─ v0.6.1
 Installed ColorTypes ──────── v0.8.0
  Updating `~/.julia/environments/v1.2/Project.toml`
  [3da002f7] + ColorTypes v0.8.0
  Updating `~/.julia/environments/v1.2/Manifest.toml`
  [3da002f7] + ColorTypes v0.8.0
  [53c48c17] + FixedPointNumbers v0.6.1
  [9a3f8284] + Random 
  [9e88b42a] + Serialization 
   Testing ColorTypes
 Resolving package versions...
    Status `/tmp/jl_WlYOZj/Manifest.toml`
  [3da002f7] ColorTypes v0.8.0
  [53c48c17] FixedPointNumbers v0.6.1
  [2a0f44e3] Base64  [`@stdlib/Base64`]
  [8ba89e20] Distributed  [`@stdlib/Distributed`]
  [b77e0a4c] InteractiveUtils  [`@stdlib/InteractiveUtils`]
  [56ddb016] Logging  [`@stdlib/Logging`]
  [d6f4376e] Markdown  [`@stdlib/Markdown`]
  [9a3f8284] Random  [`@stdlib/Random`]
  [9e88b42a] Serialization  [`@stdlib/Serialization`]
  [6462fe0b] Sockets  [`@stdlib/Sockets`]
  [8dfed614] Test  [`@stdlib/Test`]
Skipping Base.active_repl
Skipping Base.active_repl_backend
Test Summary: | Pass  Total
ColorTypes    | 4188   4188
   Testing ColorTypes tests passed 
