 Resolving package versions...
 Installed SCS ──────────────── v0.6.2
 Installed Parsers ──────────── v0.3.10
 Installed OrderedCollections ─ v1.1.0
 Installed BenchmarkTools ───── v0.4.3
 Installed Compat ───────────── v2.2.0
 Installed BinaryProvider ───── v0.5.8
 Installed JSON ─────────────── v0.21.0
 Installed MathOptInterface ─── v0.9.7
 Installed MathProgBase ─────── v0.7.7
  Updating `~/.julia/environments/v1.0/Project.toml`
  [c946c3f1] + SCS v0.6.2
  Updating `~/.julia/environments/v1.0/Manifest.toml`
  [6e4b80f9] + BenchmarkTools v0.4.3
  [b99e7846] + BinaryProvider v0.5.8
  [34da2185] + Compat v2.2.0
  [682c06a0] + JSON v0.21.0
  [b8f27783] + MathOptInterface v0.9.7
  [fdba3010] + MathProgBase v0.7.7
  [bac558e1] + OrderedCollections v1.1.0
  [69de0a69] + Parsers v0.3.10
  [c946c3f1] + SCS v0.6.2
  [2a0f44e3] + Base64 
  [ade2ca70] + Dates 
  [8bb1440f] + DelimitedFiles 
  [8ba89e20] + Distributed 
  [b77e0a4c] + InteractiveUtils 
  [76f85450] + LibGit2 
  [8f399da3] + Libdl 
  [37e2e46d] + LinearAlgebra 
  [56ddb016] + Logging 
  [d6f4376e] + Markdown 
  [a63ad114] + Mmap 
  [44cfe95a] + Pkg 
  [de0858da] + Printf 
  [3fa0cd96] + REPL 
  [9a3f8284] + Random 
  [ea8e919c] + SHA 
  [9e88b42a] + Serialization 
  [1a1011a3] + SharedArrays 
  [6462fe0b] + Sockets 
  [2f01184e] + SparseArrays 
  [10745b16] + Statistics 
  [8dfed614] + Test 
  [cf7118a7] + UUIDs 
  [4ec0a83e] + Unicode 
  Building SCS → `~/.julia/packages/SCS/Y9wx3/deps/build.log`
   Testing SCS
 Resolving package versions...
    Status `/tmp/tmpNbe2bk/Manifest.toml`
  [6e4b80f9] BenchmarkTools v0.4.3
  [b99e7846] BinaryProvider v0.5.8
  [34da2185] Compat v2.2.0
  [682c06a0] JSON v0.21.0
  [b8f27783] MathOptInterface v0.9.7
  [fdba3010] MathProgBase v0.7.7
  [bac558e1] OrderedCollections v1.1.0
  [69de0a69] Parsers v0.3.10
  [c946c3f1] SCS v0.6.2
  [2a0f44e3] Base64  [`@stdlib/Base64`]
  [ade2ca70] Dates  [`@stdlib/Dates`]
  [8bb1440f] DelimitedFiles  [`@stdlib/DelimitedFiles`]
  [8ba89e20] Distributed  [`@stdlib/Distributed`]
  [b77e0a4c] InteractiveUtils  [`@stdlib/InteractiveUtils`]
  [76f85450] LibGit2  [`@stdlib/LibGit2`]
  [8f399da3] Libdl  [`@stdlib/Libdl`]
  [37e2e46d] LinearAlgebra  [`@stdlib/LinearAlgebra`]
  [56ddb016] Logging  [`@stdlib/Logging`]
  [d6f4376e] Markdown  [`@stdlib/Markdown`]
  [a63ad114] Mmap  [`@stdlib/Mmap`]
  [44cfe95a] Pkg  [`@stdlib/Pkg`]
  [de0858da] Printf  [`@stdlib/Printf`]
  [3fa0cd96] REPL  [`@stdlib/REPL`]
  [9a3f8284] Random  [`@stdlib/Random`]
  [ea8e919c] SHA  [`@stdlib/SHA`]
  [9e88b42a] Serialization  [`@stdlib/Serialization`]
  [1a1011a3] SharedArrays  [`@stdlib/SharedArrays`]
  [6462fe0b] Sockets  [`@stdlib/Sockets`]
  [2f01184e] SparseArrays  [`@stdlib/SparseArrays`]
  [10745b16] Statistics  [`@stdlib/Statistics`]
  [8dfed614] Test  [`@stdlib/Test`]
  [cf7118a7] UUIDs  [`@stdlib/UUIDs`]
  [4ec0a83e] Unicode  [`@stdlib/Unicode`]
----------------------------------------------------------------------------
	SCS v2.0.2 - Splitting Conic Solver
	(c) Brendan O'Donoghue, Stanford University, 2012-2017
----------------------------------------------------------------------------
Lin-sys: sparse-direct, nnz in A = 1
eps = 1.00e-05, alpha = 1.50, max_iters = 5000, normalize = 1, scale = 1.00
acceleration_lookback = 20, rho_x = 1.00e-03
Variables n = 1, constraints m = 1
Cones:	primal zero / dual free vars: 1
Setup time: 1.36e-04s
----------------------------------------------------------------------------
 Iter | pri res | dua res | rel gap | pri obj | dua obj | kap/tau | time (s)
----------------------------------------------------------------------------
     0| 0.00e+00  9.19e+18  1.00e+00  0.00e+00  1.84e+19  1.60e+04  5.34e-05 
     7| 1.09e-13  4.14e-13  3.49e-13  1.00e+00  1.00e+00  7.27e-17  1.31e-04 
----------------------------------------------------------------------------
Status: Solved
Timing: Solve time: 1.36e-04s
	Lin-sys: nnz in L factor: 3, avg solve time: 9.91e-07s
	Cones: avg projection time: 1.68e-07s
	Acceleration: avg step time: 7.28e-06s
----------------------------------------------------------------------------
Error metrics:
dist(s, K) = 4.7159e-17, dist(y, K*) = 0.0000e+00, s'y/|s||y| = 1.0000e+00
primal res: |Ax + s - b|_2 / (1 + |b|_2) = 1.0916e-13
dual res:   |A'y + c|_2 / (1 + |c|_2) = 4.1380e-13
rel gap:    |c'x + b'y| / (1 + |c'x| + |b'y|) = 3.4861e-13
----------------------------------------------------------------------------
c'x = 1.0000, -b'y = 1.0000
============================================================================
----------------------------------------------------------------------------
	SCS v2.0.2 - Splitting Conic Solver
	(c) Brendan O'Donoghue, Stanford University, 2012-2017
----------------------------------------------------------------------------
Lin-sys: sparse-direct, nnz in A = 1012
eps = 1.00e-05, alpha = 1.50, max_iters = 5000, normalize = 1, scale = 1.00
acceleration_lookback = 20, rho_x = 1.00e-03
Variables n = 11, constraints m = 112
Cones:	linear vars: 100
	soc vars: 12, soc blks: 1
Setup time: 2.27e-04s
----------------------------------------------------------------------------
 Iter | pri res | dua res | rel gap | pri obj | dua obj | kap/tau | time (s)
----------------------------------------------------------------------------
     0| 1.03e+20  1.68e+19  9.75e-01 -1.55e+20 -1.94e+18  1.16e+20  6.42e-05 
   100| 5.39e-07  7.64e-07  1.90e-07 -2.61e+00 -2.61e+00  2.60e-15  1.95e-03 
----------------------------------------------------------------------------
Status: Solved
Timing: Solve time: 1.95e-03s
	Lin-sys: nnz in L factor: 1225, avg solve time: 7.17e-06s
	Cones: avg projection time: 2.93e-07s
	Acceleration: avg step time: 8.85e-06s
----------------------------------------------------------------------------
Error metrics:
dist(s, K) = 8.7617e-11, dist(y, K*) = 8.7616e-11, s'y/|s||y| = -1.2093e-11
primal res: |Ax + s - b|_2 / (1 + |b|_2) = 5.3902e-07
dual res:   |A'y + c|_2 / (1 + |c|_2) = 7.6363e-07
rel gap:    |c'x + b'y| / (1 + |c'x| + |b'y|) = 1.9042e-07
----------------------------------------------------------------------------
c'x = -2.6123, -b'y = -2.6123
============================================================================
----------------------------------------------------------------------------
	SCS v2.0.2 - Splitting Conic Solver
	(c) Brendan O'Donoghue, Stanford University, 2012-2017
----------------------------------------------------------------------------
Lin-sys: sparse-direct, nnz in A = 162
eps = 1.00e-05, alpha = 1.50, max_iters = 5000, normalize = 1, scale = 1.00
acceleration_lookback = 20, rho_x = 1.00e-03
Variables n = 24, constraints m = 71
Cones:	primal zero / dual free vars: 10
	linear vars: 10
	soc vars: 6, soc blks: 5
	exp vars: 30, dual exp vars: 15
Setup time: 2.04e-04s
----------------------------------------------------------------------------
 Iter | pri res | dua res | rel gap | pri obj | dua obj | kap/tau | time (s)
----------------------------------------------------------------------------
     0| 3.51e+00  3.88e+00  9.95e-01 -1.49e+02  4.02e+01  0.00e+00  3.82e-04 
    80| 2.57e-08  2.61e-08  5.82e-09  1.49e+01  1.49e+01  8.93e-15  4.69e-02 
----------------------------------------------------------------------------
Status: Solved
Timing: Solve time: 4.69e-02s
	Lin-sys: nnz in L factor: 415, avg solve time: 3.56e-06s
	Cones: avg projection time: 1.75e-04s
	Acceleration: avg step time: 3.95e-04s
----------------------------------------------------------------------------
Error metrics:
dist(s, K) = 5.3149e-16, dist(y, K*) = 0.0000e+00, s'y/|s||y| = 1.0015e-10
primal res: |Ax + s - b|_2 / (1 + |b|_2) = 2.5657e-08
dual res:   |A'y + c|_2 / (1 + |c|_2) = 2.6089e-08
rel gap:    |c'x + b'y| / (1 + |c'x| + |b'y|) = 5.8153e-09
----------------------------------------------------------------------------
c'x = 14.9010, -b'y = 14.9010
============================================================================
----------------------------------------------------------------------------
	SCS v2.0.2 - Splitting Conic Solver
	(c) Brendan O'Donoghue, Stanford University, 2012-2017
----------------------------------------------------------------------------
Lin-sys: sparse-direct, nnz in A = 66
eps = 1.00e-05, alpha = 1.50, max_iters = 5000, normalize = 1, scale = 1.00
acceleration_lookback = 20, rho_x = 1.00e-03
Variables n = 15, constraints m = 46
Cones:	primal zero / dual free vars: 3
	linear vars: 3
	soc vars: 9, soc blks: 3
	sd vars: 19, sd blks: 3
	exp vars: 6, dual exp vars: 6
Setup time: 2.04e-04s
----------------------------------------------------------------------------
 Iter | pri res | dua res | rel gap | pri obj | dua obj | kap/tau | time (s)
----------------------------------------------------------------------------
     0| 1.07e+00  1.50e+00  8.08e-01 -4.58e+01 -4.41e+00  1.42e-14  3.13e-04 
    80| 1.06e-07  1.34e-07  7.03e-08 -1.02e+01 -1.02e+01  1.35e-14  6.33e-03 
----------------------------------------------------------------------------
Status: Solved
Timing: Solve time: 6.33e-03s
	Lin-sys: nnz in L factor: 154, avg solve time: 1.37e-06s
	Cones: avg projection time: 6.49e-05s
	Acceleration: avg step time: 9.49e-06s
----------------------------------------------------------------------------
Error metrics:
dist(s, K) = 2.2892e-09, dist(y, K*) = 2.8110e-09, s'y/|s||y| = -3.4793e-11
primal res: |Ax + s - b|_2 / (1 + |b|_2) = 1.0642e-07
dual res:   |A'y + c|_2 / (1 + |c|_2) = 1.3429e-07
rel gap:    |c'x + b'y| / (1 + |c'x| + |b'y|) = 7.0277e-08
----------------------------------------------------------------------------
c'x = -10.2418, -b'y = -10.2418
============================================================================
WARN: A->p (column pointers) not strictly increasing, column 1 empty
----------------------------------------------------------------------------
	SCS v2.0.2 - Splitting Conic Solver
	(c) Brendan O'Donoghue, Stanford University, 2012-2017
----------------------------------------------------------------------------
Lin-sys: sparse-direct, nnz in A = 25
eps = 1.00e-05, alpha = 1.50, max_iters = 5000, normalize = 1, scale = 1.00
acceleration_lookback = 20, rho_x = 1.00e-03
Variables n = 9, constraints m = 28
Cones:	primal zero / dual free vars: 5
	linear vars: 5
	primal + dual power vars: 18
Setup time: 8.63e-05s
----------------------------------------------------------------------------
 Iter | pri res | dua res | rel gap | pri obj | dua obj | kap/tau | time (s)
----------------------------------------------------------------------------
     0| 2.37e+00  2.16e+00  1.14e-01 -2.77e+01 -2.19e+01  1.52e-14  7.81e-05 
    40| 1.47e-06  2.64e-06  5.38e-07 -3.73e+00 -3.73e+00  1.02e-14  8.14e-04 
----------------------------------------------------------------------------
Status: Solved
Timing: Solve time: 8.17e-04s
	Lin-sys: nnz in L factor: 71, avg solve time: 6.41e-07s
	Cones: avg projection time: 1.28e-05s
	Acceleration: avg step time: 4.60e-06s
----------------------------------------------------------------------------
ErrTest Summary: | Pass  Total
direct.jl     |    8      8
or metrics:
dist(s, K) = 5.5183e-16, dist(y, K*) = 0.0000e+00, s'y/|s||y| = 2.0369e-11
primal res: |Ax + s - b|_2 / (1 + |b|_2) = 1.4666e-06
dual res:   |A'y + c|_2 / (1 + |c|_2) = 2.6450e-06
rel gap:    |c'x + b'y| / (1 + |c'x| + |b'y|) = 5.3778e-07
----------------------------------------------------------------------------
c'x = -3.7278, -b'y = -3.7277
============================================================================
----------------------------------------------------------------------------
	SCS v2.0.2 - Splitting Conic Solver
	(c) Brendan O'Donoghue, Stanford University, 2012-2017
----------------------------------------------------------------------------
Lin-sys: sparse-indirect, nnz in A = 1, CG tol ~ 1/iter^(2.00)
eps = 1.00e-05, alpha = 1.50, max_iters = 5000, normalize = 1, scale = 1.00
acceleration_lookback = 20, rho_x = 1.00e-03
Variables n = 1, constraints m = 1
Cones:	primal zero / dual free vars: 1
Setup time: 5.95e-05s
----------------------------------------------------------------------------
 Iter | pri res | dua res | rel gap | pri obj | dua obj | kap/tau | time (s)
----------------------------------------------------------------------------
     0| 5.00e-01  5.17e+15  1.00e+00  0.00e+00  1.03e+16  1.00e+00  3.53e-05 
     7| 3.39e-13  6.73e-13  6.74e-13  1.00e+00  1.00e+00  5.48e-17  6.52e-05 
----------------------------------------------------------------------------
Status: Solved
Timing: Solve time: 6.84e-05s
	Lin-sys: avg # CG iterations: 0.88, avg solve time: 6.95e-07s
	Cones: avg projection time: 1.59e-07s
	Acceleration: avg step time: 2.25e-06s
----------------------------------------------------------------------------
Error metrics:
dist(s, K) = 8.8815e-17, dist(y, K*) = 0.0000e+00, s'y/|s||y| = -1.0000e+00
primal res: |Ax + s - b|_2 / (1 + |b|_2) = 3.3884e-13
dual res:   |A'y + c|_2 / (1 + |c|_2) = 6.7271e-13
rel gap:    |c'x + b'y| / (1 + |c'x| + |b'y|) = 6.7435e-13
----------------------------------------------------------------------------
c'x = 1.0000, -b'y = 1.0000
============================================================================
----------------------------------------------------------------------------
	SCS v2.0.2 - Splitting Conic Solver
	(c) Brendan O'Donoghue, Stanford University, 2012-2017
----------------------------------------------------------------------------
Lin-sys: sparse-indirect, nnz in A = 1012, CG tol ~ 1/iter^(2.00)
eps = 1.00e-05, alpha = 1.50, max_iters = 5000, normalize = 1, scale = 1.00
acceleration_lookback = 20, rho_x = 1.00e-03
Variables n = 11, constraints m = 112
Cones:	linear vars: 100
	soc vars: 12, soc blks: 1
Setup time: 7.50e-05s
----------------------------------------------------------------------------
 Iter | pri res | dua res | rel gap | pri obj | dua obj | kap/tau | time (s)
----------------------------------------------------------------------------
     0| 1.03e+20  1.70e+19  9.76e-01 -1.55e+20 -1.91e+18  1.16e+20  8.39e-05 
   100| 1.14e-06  2.67e-06  5.53e-07 -2.61e+00 -2.61e+00  1.52e-15  2.57e-03 
----------------------------------------------------------------------------
Status: Solved
Timing: Solve time: 2.57e-03s
	Lin-sys: avg # CG iterations: 2.97, avg solve time: 1.32e-05s
	Cones: avg projection time: 3.07e-07s
	Acceleration: avg step time: 9.02e-06s
----------------------------------------------------------------------------
Error metrics:
dist(s, K) = 1.1912e-11, dist(y, K*) = 1.1912e-11, s'y/|s||y| = -1.6439e-12
primal res: |Ax + s - b|_2 / (1 + |b|_2) = 1.1355e-06
dual res:   |A'y + c|_2 / (1 + |c|_2) = 2.6694e-06
rel gap:    |c'x + b'y| / (1 + |c'x| + |b'y|) = 5.5331e-07
----------------------------------------------------------------------------
c'x = -2.6123, -b'y = -2.6123
============================================================================
----------------------------------------------------------------------------
	SCS v2.0.2 - Splitting Conic Solver
	(c) Brendan O'Donoghue, Stanford University, 2012-2017
----------------------------------------------------------------------------
Lin-sys: sparse-indirect, nnz in A = 162, CG tol ~ 1/iter^(2.00)
eps = 1.00e-05, alpha = 1.50, max_iters = 5000, normalize = 1, scale = 1.00
acceleration_lookback = 20, rho_x = 1.00e-03
Variables n = 24, constraints m = 71
Cones:	primal zero / dual free vars: 10
	linear vars: 10
	soc vars: 6, soc blks: 5
	exp vars: 30, dual exp vars: 15
Setup time: 8.33e-04s
----------------------------------------------------------------------------
 Iter | pri res | dua res | rel gap | pri obj | dua obj | kap/tau | time (s)
----------------------------------------------------------------------------
     0| 3.41e+00  3.82e+00  9.95e-01 -1.44e+02  4.34e+01  0.00e+00  2.36e-04 
    80| 4.09e-07  6.85e-07  4.05e-07  1.49e+01  1.49e+01  4.98e-16  3.34e-02 
----------------------------------------------------------------------------
Status: Solved
Timing: Solve time: 3.34e-02s
	Lin-sys: avg # CG iterations: 4.83, avg solve time: 7.67e-06s
	Cones: avg projection time: 1.45e-04s
	Acceleration: avg step time: 2.56e-04s
----------------------------------------------------------------------------
Error metrics:
dist(s, K) = 5.7545e-16, dist(y, K*) = 0.0000e+00, s'y/|s||y| = 7.3535e-11
primal res: |Ax + s - b|_2 / (1 + |b|_2) = 4.0876e-07
dual res:   |A'y + c|_2 / (1 + |c|_2) = 6.8454e-07
rel gap:    |c'x + b'y| / (1 + |c'x| + |b'y|) = 4.0540e-07
----------------------------------------------------------------------------
c'x = 14.9010, -b'y = 14.9011
============================================================================
----------------------------------------------------------------------------
	SCS v2.0.2 - Splitting Conic Solver
	(c) Brendan O'Donoghue, Stanford University, 2012-2017
----------------------------------------------------------------------------
Lin-sys: sparse-indirect, nnz in A = 66, CG tol ~ 1/iter^(2.00)
eps = 1.00e-05, alpha = 1.50, max_iters = 5000, normalize = 1, scale = 1.00
acceleration_lookback = 20, rho_x = 1.00e-03
Variables n = 15, constraints m = 46
Cones:	primal zero / dual free vars: 3
	linear vars: 3
	soc vars: 9, soc blks: 3
	sd vars: 19, sd blks: 3
	exp vars: 6, dual exp vars: 6
Setup time: 7.12e-05s
----------------------------------------------------------------------------
 Iter | pri res | dua res | rel gap | pri obj | dua obj | kap/tau | time (s)
----------------------------------------------------------------------------
     0| 1.04e+00  1.41e+00  7.64e-01 -4.42e+01 -5.49e+00  1.40e-14  1.94e-04 
    80| 3.60e-07  9.22e-07  6.63e-08 -1.02e+01 -1.02e+01  4.58e-15  6.73e-03 
----------------------------------------------------------------------------
Status: Solved
Timing: Solve time: 6.73e-03s
	Lin-sys: avg # CG iterations: 4.44, avg solve time: 3.78e-06s
	Cones: avg projection time: 6.73e-05s
	Acceleration: avg step time: 9.71e-06s
----------------------------------------------------------------------------
Error metrics:
dist(s, K) = 2.2892e-09, dist(y, K*) = 2.3995e-09, s'y/|s||y| = -9.4000e-11
primal res: |Ax + s - b|_2 / (1 + |b|_2) = 3.5970e-07
dual res:   |A'y + c|_2 / (1 + |c|_2) = 9.2244e-07
rel gap:    |c'x + b'y| / (1 + |c'x| + |b'y|) = 6.6308e-08
----------------------------------------------------------------------------
c'x = -10.2418, -b'y = -10.2418
============================================================================
WARN: A->p (column pointers) not strictly increasing, column 1 empty
----------------------------------------------------------------------------
	SCS v2.0.2 - Splitting Conic Solver
	(c) Brendan O'Donoghue, Stanford University, 2012-2017
----------------------------------------------------------------------------
Lin-sys: sparse-indirect, nnz in A = 25, CG tol ~ 1/iter^(2.00)
eps = 1.00e-05, alpha = 1.50, max_iters = 5000, normalize = 1, scale = 1.00
acceleration_lookback = 20, rho_x = 1.00e-03
Variables n = 9, constraints m = 28
Cones:	primal zero / dual free vars: 5
	linear vars: 5
	primal + dual power vars: 18
Setup time: 4.20e-05s
----------------------------------------------------------------------------
 Iter | pri res | dua res | rel gap | pri obj | dua obj | kapTest Summary: | Pass  Total
indirect.jl   |    8      8
/tau | time (s)
----------------------------------------------------------------------------
     0| 2.39e+00  2.18e+00  1.11e-01 -2.79e+01 -2.22e+01  1.53e-14  8.88e-04 
    60| 3.13e-08  2.59e-08  2.25e-09 -3.73e+00 -3.73e+00  8.60e-16  1.97e-03 
----------------------------------------------------------------------------
Status: Solved
Timing: Solve time: 1.97e-03s
	Lin-sys: avg # CG iterations: 2.87, avg solve time: 1.60e-06s
	Cones: avg projection time: 1.14e-05s
	Acceleration: avg step time: 4.23e-06s
----------------------------------------------------------------------------
Error metrics:
dist(s, K) = 4.7807e-16, dist(y, K*) = 0.0000e+00, s'y/|s||y| = 4.7960e-15
primal res: |Ax + s - b|_2 / (1 + |b|_2) = 3.1272e-08
dual res:   |A'y + c|_2 / (1 + |c|_2) = 2.5896e-08
rel gap:    |c'x + b'y| / (1 + |c'x| + |b'y|) = 2.2515e-09
----------------------------------------------------------------------------
c'x = -3.7278, -b'y = -3.7278
============================================================================
----------------------------------------------------------------------------
	SCS v2.0.2 - Splitting Conic Solver
	(c) Brendan O'Donoghue, Stanford University, 2012-2017
----------------------------------------------------------------------------
Lin-sys: sparse-indirect, nnz in A = 12, CG tol ~ 1/iter^(2.00)
eps = 1.00e-05, alpha = 1.50, max_iters = 5000, normalize = 1, scale = 1.00
acceleration_lookback = 20, rho_x = 1.00e-03
Variables n = 5, constraints m = 8
Cones:	linear vars: 8
Setup time: 4.49e-05s
----------------------------------------------------------------------------
 Iter | pri res | dua res | rel gap | pri obj | dua obj | kap/tau | time (s)
----------------------------------------------------------------------------
     0| 1.49e+01  2.21e+00  8.87e-01 -1.19e+03 -7.10e+01  0.00e+00  3.29e-05 
    40| 1.15e-08  9.36e-09  2.04e-09 -9.90e+01 -9.90e+01  2.54e-15  1.76e-04 
----------------------------------------------------------------------------
Status: Solved
Timing: Solve time: 1.79e-04s
	Lin-sys: avg # CG iterations: 2.15, avg solve time: 7.51e-07s
	Cones: avg projection time: 7.80e-08s
	Acceleration: avg step time: 2.05e-06s
----------------------------------------------------------------------------
Error metrics:
dist(s, K) = 4.1359e-16, dist(y, K*) = 0.0000e+00, s'y/|s||y| = 2.9657e-16
primal res: |Ax + s - b|_2 / (1 + |b|_2) = 1.1487e-08
dual res:   |A'y + c|_2 / (1 + |c|_2) = 9.3586e-09
rel gap:    |c'x + b'y| / (1 + |c'x| + |b'y|) = 2.0368e-09
----------------------------------------------------------------------------
c'x = -99.0000, -b'y = -99.0000
============================================================================
----------------------------------------------------------------------------
	SCS v2.0.2 - Splitting Conic Solver
	(c) Brendan O'Donoghue, Stanford University, 2012-2017
----------------------------------------------------------------------------
Lin-sys: sparse-indirect, nnz in A = 12, CG tol ~ 1/iter^(2.00)
eps = 1.00e-12, alpha = 1.50, max_iters = 5000, normalize = 1, scale = 1.00
acceleration_lookback = 20, rho_x = 1.00e-03
Variables n = 5, constraints m = 8
Cones:	linear vars: 8
Setup time: 4.49e-05s
----------------------------------------------------------------------------
 Iter | pri res | dua res | rel gap | pri obj | dua obj | kap/tau | time (s)
----------------------------------------------------------------------------
     0| 1.49e+01  2.21e+00  8.87e-01 -1.19e+03 -7.10e+01  0.00e+00  2.96e-05 
   100| 4.24e-11  8.08e-11  5.53e-12 -9.90e+01 -9.90e+01  5.63e-16  3.47e-04 
   154| 9.95e-13  6.62e-13  3.01e-14 -9.90e+01 -9.90e+01  5.12e-15  5.17e-04 
----------------------------------------------------------------------------
Status: Solved
Timing: Solve time: 5.20e-04s
	Lin-sys: avg # CG iterations: 1.30, avg solve time: 5.56e-07s
	Cones: avg projection time: 5.54e-08s
	Acceleration: avg step time: 1.73e-06s
----------------------------------------------------------------------------
Error metrics:
dist(s, K) = 4.2589e-16, dist(y, K*) = 0.0000e+00, s'y/|sTest Summary: | Pass  Total
options.jl    |    9      9
||y| = 4.6310e-17
primal res: |Ax + s - b|_2 / (1 + |b|_2) = 9.9546e-13
dual res:   |A'y + c|_2 / (1 + |c|_2) = 6.6218e-13
rel gap:    |c'x + b'y| / (1 + |c'x| + |b'y|) = 3.0136e-14
----------------------------------------------------------------------------
c'x = -99.0000, -b'y = -99.0000
============================================================================
----------------------------------------------------------------------------
	SCS v2.0.2 - Splitting Conic Solver
	(c) Brendan O'Donoghue, Stanford University, 2012-2017
----------------------------------------------------------------------------
Lin-sys: sparse-indirect, nnz in A = 12, CG tol ~ 1/iter^(2.00)
eps = 1.00e-12, alpha = 1.50, max_iters = 1, normalize = 1, scale = 1.00
acceleration_lookback = 20, rho_x = 1.00e-03
Variables n = 5, constraints m = 8
Cones:	linear vars: 8
Setup time: 5.41e-05s
SCS using variable warm-starting
----------------------------------------------------------------------------
 Iter | pri res | dua res | rel gap | pri obj | dua obj | kap/tau | time (s)
----------------------------------------------------------------------------
     0| 8.32e-13  1.35e-12  6.30e-14 -9.90e+01 -9.90e+01  0.00e+00  4.20e-05 
     1| 8.32e-13  1.35e-12  6.30e-14 -9.90e+01 -9.90e+01  0.00e+00  4.77e-05 
----------------------------------------------------------------------------
Status: Solved/Inaccurate
Hit max_iters, solution may be inaccurate
Timing: Solve time: 5.18e-05s
	Lin-sys: avg # CG iterations: 0.50, avg solve time: 2.49e-06s
	Cones: avg projection time: 5.86e-07s
	Acceleration: avg step time: 0.00e+00s
----------------------------------------------------------------------------
Error metrics:
dist(s, K) = 0.0000e+00, dist(y, K*) = 0.0000e+00, s'y/|s||y| = 2.1536e-16
primal res: |Ax + s - b|_2 / (1 + |b|_2) = 8.3158e-13
dual res:   |A'y + c|_2 / (1 + |c|_2) = 1.3459e-12
rel gap:    |c'x + b'y| / (1 + |c'x| + |b'y|) = 6.2985e-14
----------------------------------------------------------------------------
c'x = -99.0000, -b'y = -99.0000
============================================================================
----------------------------------------------------------------------------
	SCS v2.0.2 - Splitting Conic Solver
	(c) Brendan O'Donoghue, Stanford University, 2012-2017
----------------------------------------------------------------------------
Lin-sys: sparse-indirect, nnz in A = 12, CG tol ~ 1/iter^(2.00)
eps = 1.00e-05, alpha = 1.50, max_iters = 1, normalize = 1, scale = 1.00
acceleration_lookback = 20, rho_x = 1.00e-03
Variables n = 5, constraints m = 8
Cones:	linear vars: 8
Setup time: 3.67e-05s
SCS using variable warm-starting
----------------------------------------------------------------------------
 Iter | pri res | dua res | rel gap | pri obj | dua obj | kap/tau | time (s)
----------------------------------------------------------------------------
     0| 7.21e-13  1.78e-12  6.24e-14 -9.90e+01 -9.90e+01  5.69e-15  2.92e-05 
----------------------------------------------------------------------------
Status: Solved
Timing: Solve time: 3.20e-05s
	Lin-sys: avg # CG iterations: 1.00, avg solve time: 3.89e-06s
	Cones: avg projection time: 1.07e-06s
	Acceleration: avg step time: 0.00e+00s
----------------------------------------------------------------------------
Error metrics:
dist(s, K) = 2.1226e-15, dist(y, K*) = 0.0000e+00, s'y/|s||y| = -1.4812e-16
primal res: |Ax + s - b|_2 / (1 + |b|_2) = 7.2069e-13
dual res:   |A'y + c|_2 / (1 + |c|_2) = 1.7818e-12
rel gap:    |c'x + b'y| / (1 + |c'x| + |b'y|) = 6.2414e-14
----------------------------------------------------------------------------
c'x = -99.0000, -b'y = -99.0000
============================================================================
----------------------------------------------------------------------------
	SCS v2.0.2 - Splitting Conic Solver
	(c) Brendan O'Donoghue, Stanford University, 2012-2017
----------------------------------------------------------------------------
Lin-sys: sparse-indirect, nnz in A = 4, CG tol ~ 1/iter^(2.00)
eps = 1.00e-05, alpha = 1.50, max_iters = 5000, normalize = 1, scale = 1.00
acceleration_lookback = 20, rho_x = 1.00e-03
Variables n = 2, constraints m = 3
Cones:	linear vars: 3
Setup time: 1.60e-04s
----------------------------------------------------------------------------
 Iter | pri res | dua res | rel gap | pri obj | dua obj | kap/tau | time (s)
----------------------------------------------------------------------------
     0| 9.73e+18  0.00e+00  1.00e+00 -1.16e+19 -0.00e+00  1.54e+18  4.87e-05 
    20| 5.24e-09  4.64e-09  4.32e-11 -7.50e-01 -7.50e-01  2.75e-17  1.17e-04 
----------------------------------------------------------------------------
Status: Solved
Timing: Solve time: 1.21e-04s
	Lin-sys: avg # CG iterations: 1.33, avg solve time: 5.76e-07s
	Cones: avg projection time: 1.12e-07s
	Acceleration: avg step time: 1.89e-06s
----------------------------------------------------------------------------
Error metrics:
dist(s, K) = 3.2543e-18, dist(y, K*) = 0.0000e+00, s'y/|s||y| = 8.8698e-17
primal res: |Ax + s - b|_2 / (1 + |b|_2) = 5.2403e-09
dual res:   |A'y + c|_2 / (1 + |c|_2) = 4.6421e-09
rel gap:    |c'x + b'y| / (1 + |c'x| + |b'y|) = 4.3218e-11
----------------------------------------------------------------------------
c'x = -0.7500, -b'y = -0.7500
============================================================================
----------------------------------------------------------------------------
	SCS v2.0.2 - Splitting Conic Solver
	(c) Brendan O'Donoghue, Stanford University, 2012-2017
----------------------------------------------------------------------------
Lin-sys: sparse-indirect, nnz in A = 4, CG tol ~ 1/iter^(2.00)
eps = 1.00e-05, alpha = 1.50, max_iters = 5000, normalize = 1, scale = 1.00
acceleration_lookback = 20, rho_x = 1.00e-03
Variables n = 2, constraints m = 3
Cones:	linear vars: 3
Setup time: 3.44e-05s
----------------------------------------------------------------------------
 Iter | pri res | dua res | rel gap | pri obj | dua obj | kap/tau | time (s)
----------------------------------------------------------------------------
     0| 9.73e+18  0.00e+00  1.00e+00 -1.16e+19 -0.00e+00  1.54e+18  2.77e-05 
    20| 5.24e-09  4.64e-09  4.32e-11 -7.50e-01 -7.50e-01  2.75e-17  8.59e-05 
----------------------------------------------------------------------------
Status: Solved
Timing: Solve time: 8.92e-05s
	Lin-sys: avg # CG iterations: 1.33, avg solve time: 5.29e-07s
	Cones: avg projection time: 1.07e-07s
	Acceleration: avg step time: 1.51e-06s
----------------------------------------------------------------------------
Error metrics:
dist(s, K) = 3.2543e-18, dist(y, K*) = 0.0000e+00, s'y/|s||y| = 8.8698e-17
primal res: |Ax + s - b|_2 / (1 + |b|_2) = 5.2403e-09
dual res:   |A'y + c|_2 / (1 + |c|_2) = 4.6421e-09
rel gap:    |c'x + b'y| / (1 + |c'x| + |b'y|) = 4.3218e-11
----------------------------------------------------------------------------
c'x = -0.7500, -b'y = -0.7500
============================================================================
----------------------------------------------------------------------------
	SCS v2.0.2 - Splitting Conic Solver
	(c) Brendan O'Donoghue, Stanford University, 2012-2017
----------------------------------------------------------------------------
Lin-sys: sparse-indirect, nnz in A = 4, CG tol ~ 1/iter^(2.00)
eps = 1.00e-05, alpha = 1.50, max_iters = 5000, normalize = 1, scale = 1.00
acceleration_lookback = 20, rho_x = 1.00e-03
Variables n = 2, constraints m = 3
Cones:	linear vars: 3
Setup time: 3.48e-05s
----------------------------------------------------------------------------
 Iter | pri res | dua res | rel gap | pri obj | dua obj | kap/tau | time (s)
----------------------------------------------------------------------------
     0| 8.63e+18  1.17e+19  1.00e+00 -7.70e+18  1.24e+17  1.03e+18  2.66e-05 
    20| 9.98e+09  1.67e+10  1.00e+00 -3.27e+09  5.80e+18  5.80e+18  8.39e-05 
----------------------------------------------------------------------------
Status: Infeasible
Timing: Solve time: 8.67e-05s
	Lin-sys: avg # CG iterations: 2.00, avg solve time: 5.┌ Warning: Problem is infeasible, but infeasibility ray ("Farkas proof") is unavailable; check that the proper solver options are set.
└ @ MathProgBase.HighLevelInterface ~/.julia/packages/MathProgBase/rVlFR/src/HighLevelInterface/linprog.jl:89
┌ Warning: Problem is unbounded, but unbounded ray is unavailable; check that the proper solver options are set.
└ @ MathProgBase.HighLevelInterface ~/.julia/packages/MathProgBase/rVlFR/src/HighLevelInterface/linprog.jl:97
Test Summary:                              | Pass  Total
Test the MathProgBase wrapper with linprog |   14     14
Test Summary:           | Pass  Total
MathProgBase SCS.Direct |  212    212
Test Summary:             | Pass  Total
MathProgBase SCS.Indirect |  212    212
Test Summary: | Pass  Total
SolverName    |    1      1
Test Summary:          | Pass  Total
supports_allocate_load |    2      2
Test Summary: | Pass  Total
Unit          |  293    293
Test Summary:                              | Pass  Total
Continuous linear problems with SCS.Direct |  496    496
Test Summary:                            | Pass  Total
ADMMIterations attribute with SCS.Direct |  121    121
Test Summary:                                 | Pass  Total
Continuous quadratic problems with SCS.Direct |   95     95
Test Summary:                             | Pass  Total
Continuous conic problems with SCS.Direct | 1101   1101
Test Summary: | Pass  Total
SolverName    |    1      1
Test Summary:          | Pass  Total
supports_allocate_load |    2      2
Test Summary: | Pass  Total
Unit          |  293    293
Test Summary:                                | Pass  Total
Continuous linear problems with SCS.Indirect |  496    496
Test Summary:                              | Pass  Total
ADMMIterations attribute with SCS.Indirect |  121    121
Test Summary:                                   | Pass  Total
Continuous quadratic problems with SCS.Indirect |   95     95
Test Summary:                               | Pass  Total
Continuous conic problems with SCS.Indirect | 1101   1101
50e-07s
	Cones: avg projection time: 5.87e-08s
	Acceleration: avg step time: 1.43e-06s
----------------------------------------------------------------------------
Certificate of primal infeasibility:
dist(y, K*) = 0.0000e+00
|A'y|_2 * |b|_2 = 5.7533e-09
b'y = -1.0000
============================================================================
----------------------------------------------------------------------------
	SCS v2.0.2 - Splitting Conic Solver
	(c) Brendan O'Donoghue, Stanford University, 2012-2017
----------------------------------------------------------------------------
Lin-sys: sparse-indirect, nnz in A = 4, CG tol ~ 1/iter^(2.00)
eps = 1.00e-05, alpha = 1.50, max_iters = 5000, normalize = 1, scale = 1.00
acceleration_lookback = 20, rho_x = 1.00e-03
Variables n = 2, constraints m = 3
Cones:	linear vars: 3
Setup time: 5.13e-05s
----------------------------------------------------------------------------
 Iter | pri res | dua res | rel gap | pri obj | dua obj | kap/tau | time (s)
----------------------------------------------------------------------------
     0| 7.03e-03  1.31e+00  1.68e-02 -1.71e-02 -0.00e+00  0.00e+00  3.29e-05 
    12| 3.72e+05  0.00e+00  1.00e+00 -1.81e+16 -0.00e+00  1.81e+16  8.35e-05 
----------------------------------------------------------------------------
Status: Unbounded
Timing: Solve time: 8.64e-05s
	Lin-sys: avg # CG iterations: 1.46, avg solve time: 7.60e-07s
	Cones: avg projection time: 1.16e-07s
	Acceleration: avg step time: 2.37e-06s
----------------------------------------------------------------------------
Certificate of dual infeasibility:
dist(s, K) = 0.0000e+00
|Ax + s|_2 * |c|_2 = 2.9111e-11
c'x = -1.0000
============================================================================
----------------------------------------------------------------------------
	SCS v2.0.2 - Splitting Conic Solver
	(c) Brendan O'Donoghue, Stanford University, 2012-2017
----------------------------------------------------------------------------
Lin-sys: sparse-indirect, nnz in A = 12, CG tol ~ 1/iter^(2.00)
eps = 1.00e-05, alpha = 1.50, max_iters = 5000, normalize = 1, scale = 1.00
acceleration_lookback = 20, rho_x = 1.00e-03
Variables n = 5, constraints m = 8
Cones:	linear vars: 8
Setup time: 4.37e-05s
----------------------------------------------------------------------------
 Iter | pri res | dua res | rel gap | pri obj | dua obj | kap/tau | time (s)
----------------------------------------------------------------------------
     0| 1.49e+01  2.21e+00  8.87e-01 -1.19e+03 -7.10e+01  0.00e+00  2.84e-05 
    40| 1.15e-08  9.36e-09  2.04e-09 -9.90e+01 -9.90e+01  2.54e-15  2.03e-04 
----------------------------------------------------------------------------
Status: Solved
Timing: Solve time: 2.06e-04s
	Lin-sys: avg # CG iterations: 2.15, avg solve time: 8.15e-07s
	Cones: avg projection time: 7.60e-08s
	Acceleration: avg step time: 2.08e-06s
----------------------------------------------------------------------------
Error metrics:
dist(s, K) = 4.1359e-16, dist(y, K*) = 0.0000e+00, s'y/|s||y| = 2.9657e-16
primal res: |Ax + s - b|_2 / (1 + |b|_2) = 1.1487e-08
dual res:   |A'y + c|_2 / (1 + |c|_2) = 9.3586e-09
rel gap:    |c'x + b'y| / (1 + |c'x| + |b'y|) = 2.0368e-09
----------------------------------------------------------------------------
c'x = -99.0000, -b'y = -99.0000
============================================================================
   Testing SCS tests passed 
