 Resolving package versions...
 Installed OrderedCollections ─ v1.1.0
  Updating `~/.julia/environments/v1.0/Project.toml`
  [bac558e1] + OrderedCollections v1.1.0
  Updating `~/.julia/environments/v1.0/Manifest.toml`
  [bac558e1] + OrderedCollections v1.1.0
  [2a0f44e3] + Base64 
  [8ba89e20] + Distributed 
  [b77e0a4c] + InteractiveUtils 
  [8f399da3] + Libdl 
  [37e2e46d] + LinearAlgebra 
  [56ddb016] + Logging 
  [d6f4376e] + Markdown 
  [9a3f8284] + Random 
  [9e88b42a] + Serialization 
  [6462fe0b] + Sockets 
  [8dfed614] + Test 
   Testing OrderedCollections
    Status `/tmp/tmpqS2A48/Manifest.toml`
  [bac558e1] OrderedCollections v1.1.0
  [2a0f44e3] Base64  [`@stdlib/Base64`]
  [8ba89e20] Distributed  [`@stdlib/Distributed`]
  [b77e0a4c] InteractiveUtils  [`@stdlib/InteractiveUtils`]
  [8f399da3] Libdl  [`@stdlib/Libdl`]
  [37e2e46d] LinearAlgebra  [`@stdlib/LinearAlgebra`]
  [56ddb016] Logging  [`@stdlib/Logging`]
  [d6f4376e] Markdown  [`@stdlib/Markdown`]
  [9a3f8284] Random  [`@stdlib/Random`]
  [9e88b42a] Serialization  [`@stdlib/Serialization`]
  [6462fe0b] Sockets  [`@stdlib/Sockets`]
  [8dfed614] Test  [`@stdlib/Test`]
Skipping Base.active_repl
Skipping Base.active_repl_backend
/root/.julia/packages/OrderedCollections/E21Rb/test/test_little_dict.jl ...
/root/.julia/packages/OrderedCollections/E21Rb/test/test_ordered_dict.jl ...
/root/.julia/packages/OrderedCollections/E21Rb/test/test_ordered_set.jl ...
Test Summary:      |  Pass  Total
OrderedCollections | 25656  25656
   Testing OrderedCollections tests passed 
