 Resolving package versions...
 Installed StructuralInheritance ─ v0.2.4
  Updating `~/.julia/environments/v1.0/Project.toml`
  [eb3e9d2b] + StructuralInheritance v0.2.4
  Updating `~/.julia/environments/v1.0/Manifest.toml`
  [eb3e9d2b] + StructuralInheritance v0.2.4
  [2a0f44e3] + Base64 
  [8ba89e20] + Distributed 
  [b77e0a4c] + InteractiveUtils 
  [8f399da3] + Libdl 
  [37e2e46d] + LinearAlgebra 
  [56ddb016] + Logging 
  [d6f4376e] + Markdown 
  [9a3f8284] + Random 
  [9e88b42a] + Serialization 
  [6462fe0b] + Sockets 
  [8dfed614] + Test 
  Building StructuralInheritance → `~/.julia/packages/StructuralInheritance/RKpqF/deps/build.log`
   Testing StructuralInheritance
 Resolving package versions...
    Status `/tmp/tmpCc9unn/Manifest.toml`
  [eb3e9d2b] StructuralInheritance v0.2.4
  [2a0f44e3] Base64  [`@stdlib/Base64`]
  [8ba89e20] Distributed  [`@stdlib/Distributed`]
  [b77e0a4c] InteractiveUtils  [`@stdlib/InteractiveUtils`]
  [8f399da3] Libdl  [`@stdlib/Libdl`]
  [37e2e46d] LinearAlgebra  [`@stdlib/LinearAlgebra`]
  [56ddb016] Logging  [`@stdlib/Logging`]
  [d6f4376e] Markdown  [`@stdlib/Markdown`]
  [9a3f8284] Random  [`@stdlib/Random`]
  [9e88b42a] Serialization  [`@stdlib/Serialization`]
  [6462fe0b] Sockets  [`@stdlib/Sockets`]
  [8dfed614] Test  [`@stdlib/Test`]
   Testing StructuralInheritance tests passed 
