 Resolving package versions...
 Installed PrettyPrint ────────── v0.1.0
 Installed JuliaVariables ─────── v0.2.0
 Installed CanonicalTraits ────── v0.1.0
 Installed NameResolution ─────── v0.1.3
 Installed OrderedCollections ─── v1.1.0
 Installed DataStructures ─────── v0.17.6
 Installed GeneralizedGenerated ─ v0.2.0
 Installed MLStyle ────────────── v0.3.1
  Updating `~/.julia/environments/v1.0/Project.toml`
  [6b9d7cbe] + GeneralizedGenerated v0.2.0
  Updating `~/.julia/environments/v1.0/Manifest.toml`
  [a603d957] + CanonicalTraits v0.1.0
  [864edb3b] + DataStructures v0.17.6
  [6b9d7cbe] + GeneralizedGenerated v0.2.0
  [b14d175d] + JuliaVariables v0.2.0
  [d8e11817] + MLStyle v0.3.1
  [71a1bf82] + NameResolution v0.1.3
  [bac558e1] + OrderedCollections v1.1.0
  [8162dcfd] + PrettyPrint v0.1.0
  [2a0f44e3] + Base64 
  [8ba89e20] + Distributed 
  [b77e0a4c] + InteractiveUtils 
  [8f399da3] + Libdl 
  [37e2e46d] + LinearAlgebra 
  [56ddb016] + Logging 
  [d6f4376e] + Markdown 
  [9a3f8284] + Random 
  [9e88b42a] + Serialization 
  [6462fe0b] + Sockets 
  [8dfed614] + Test 
   Testing GeneralizedGenerated
 Resolving package versions...
 Installed BenchmarkTools ─ v0.4.3
 Installed Parsers ──────── v0.3.10
 Installed JSON ─────────── v0.21.0
    Status `/tmp/tmpPHxDuW/Manifest.toml`
  [6e4b80f9] BenchmarkTools v0.4.3
  [a603d957] CanonicalTraits v0.1.0
  [864edb3b] DataStructures v0.17.6
  [6b9d7cbe] GeneralizedGenerated v0.2.0
  [682c06a0] JSON v0.21.0
  [b14d175d] JuliaVariables v0.2.0
  [d8e11817] MLStyle v0.3.1
  [71a1bf82] NameResolution v0.1.3
  [bac558e1] OrderedCollections v1.1.0
  [69de0a69] Parsers v0.3.10
  [8162dcfd] PrettyPrint v0.1.0
  [2a0f44e3] Base64  [`@stdlib/Base64`]
  [ade2ca70] Dates  [`@stdlib/Dates`]
  [8ba89e20] Distributed  [`@stdlib/Distributed`]
  [b77e0a4c] InteractiveUtils  [`@stdlib/InteractiveUtils`]
  [8f399da3] Libdl  [`@stdlib/Libdl`]
  [37e2e46d] LinearAlgebra  [`@stdlib/LinearAlgebra`]
  [56ddb016] Logging  [`@stdlib/Logging`]
  [d6f4376e] Markdown  [`@stdlib/Markdown`]
  [a63ad114] Mmap  [`@stdlib/Mmap`]
  [de0858da] Printf  [`@stdlib/Printf`]
  [9a3f8284] Random  [`@stdlib/Random`]
  [9e88b42a] Serialization  [`@stdlib/Serialization`]
  [6462fe0b] Sockets  [`@stdlib/Sockets`]
  [2f01184e] SparseArrays  [`@stdlib/SparseArrays`]
  [10745b16] Statistics  [`@stdlib/Statistics`]
  [8dfed614] Test  [`@stdlib/Test`]
  [4ec0a83e] Unicode  [`@stdlib/Unicode`]
Test Summary: | Pass  Total
no kwargs     |    3      3
Test Summary: | Pass  Total
kwargs        |    1      1
Test Summary: | Pass  Total
namedtuple    |    1      1
Test Summary: | Pass  Total
mk funcs      |    2      2
Test Summary:                | Pass  Total
type encoding more datatypes |    5      5
Test Summary: | Pass  Total
runtime eval  |    6      6
Test Summary:  | Pass  Total
self recursive |    1      1
Test Summary:  | Pass  Total
self recursive |    1      1
Test Summary:                                             | Pass  Total
support where clauses and return type annotations for @gg |    3      3
Test Summary:             | Pass  Total
support default arguments |    1      1
Test Summary:                 | Pass  Total
specifying evaluation modules |    3      3
Test Summary:                       | Pass  Total
test free variables of let bindings |    1      1
function = (x;) -> begin
    begin
        (GeneralizedGenerated).:+(x, 1)
    end
end
function = (x::(GeneralizedGenerated).Int=2;) -> begin
    begin
        (GeneralizedGenerated).:+(x, 1)
    end
end
Test Summary:  | Pass  Total
show something |    2      2
   Testing GeneralizedGenerated tests passed 
