 Resolving package versions...
 Installed InteractiveCodeSearch ─ v0.3.1
  Updating `~/.julia/environments/v1.0/Project.toml`
  [54eb57ff] + InteractiveCodeSearch v0.3.1
  Updating `~/.julia/environments/v1.0/Manifest.toml`
  [54eb57ff] + InteractiveCodeSearch v0.3.1
  [2a0f44e3] + Base64 
  [ade2ca70] + Dates 
  [8ba89e20] + Distributed 
  [b77e0a4c] + InteractiveUtils 
  [76f85450] + LibGit2 
  [8f399da3] + Libdl 
  [37e2e46d] + LinearAlgebra 
  [56ddb016] + Logging 
  [d6f4376e] + Markdown 
  [44cfe95a] + Pkg 
  [de0858da] + Printf 
  [3fa0cd96] + REPL 
  [9a3f8284] + Random 
  [ea8e919c] + SHA 
  [9e88b42a] + Serialization 
  [6462fe0b] + Sockets 
  [2f01184e] + SparseArrays 
  [8dfed614] + Test 
  [cf7118a7] + UUIDs 
  [4ec0a83e] + Unicode 
   Testing InteractiveCodeSearch
    Status `/tmp/tmpCltduI/Manifest.toml`
  [54eb57ff] InteractiveCodeSearch v0.3.1
  [2a0f44e3] Base64  [`@stdlib/Base64`]
  [ade2ca70] Dates  [`@stdlib/Dates`]
  [8ba89e20] Distributed  [`@stdlib/Distributed`]
  [b77e0a4c] InteractiveUtils  [`@stdlib/InteractiveUtils`]
  [76f85450] LibGit2  [`@stdlib/LibGit2`]
  [8f399da3] Libdl  [`@stdlib/Libdl`]
  [37e2e46d] LinearAlgebra  [`@stdlib/LinearAlgebra`]
  [56ddb016] Logging  [`@stdlib/Logging`]
  [d6f4376e] Markdown  [`@stdlib/Markdown`]
  [44cfe95a] Pkg  [`@stdlib/Pkg`]
  [de0858da] Printf  [`@stdlib/Printf`]
  [3fa0cd96] REPL  [`@stdlib/REPL`]
  [9a3f8284] Random  [`@stdlib/Random`]
  [ea8e919c] SHA  [`@stdlib/SHA`]
  [9e88b42a] Serialization  [`@stdlib/Serialization`]
  [6462fe0b] Sockets  [`@stdlib/Sockets`]
  [2f01184e] SparseArrays  [`@stdlib/SparseArrays`]
  [8dfed614] Test  [`@stdlib/Test`]
  [cf7118a7] UUIDs  [`@stdlib/UUIDs`]
  [4ec0a83e] Unicode  [`@stdlib/Unicode`]
┌ Warning: Matcher rofi not installed.
│ See https://github.com/DaveDavenport/rofi for how to install rofi.
│ 
│ For terminal usage, `peco` is recommended.
│ See https://github.com/peco/peco for how to install peco.
│ 
└ @ InteractiveCodeSearch ~/.julia/packages/InteractiveCodeSearch/bvRfv/src/InteractiveCodeSearch.jl:559
Test Summary: | Pass  Total
read_stdout   |    2      2
Test Summary: | Pass  Total
parse_loc     |    1      1
Test Summary:   | Pass  Total
list_locatables |    4      4
Test Summary:  | Pass  Total
module_methods |    4      4
[ Info: No (interesting) method found
Test Summary: | Pass  Total
choose_method |    7      7
Test Summary:    | Pass  Total
find_source_file |    1      1
Test Summary: | Pass  Total
isliteral     |    5      5
Test Summary:    | Pass  Total
single_macrocall |    4      4
[ Info: Opening test.jl:249
[ Info: Opening test.jl:249
[ Info: Opening test.jl:249
[ Info: Opening test.jl:249
[ Info: Opening test.jl:249
[ Info: Opening test.jl:249
┌ Warning: Cannot search for given value of type String
│ Searching for its type instead...
└ @ InteractiveCodeSearch ~/.julia/packages/InteractiveCodeSearch/bvRfv/src/InteractiveCodeSearch.jl:278
[ Info: Opening test.jl:249
[ Info: Opening test.jl:249
[ Info: Opening test.jl:249
[ Info: Opening test.jl:249
[ Info: Ignoring: c in c::Complex
[ Info: Opening test.jl:249
Test Summary: | Pass  Total
patched       |   13     13
Test Summary: | Pass  Total
seenkey       |    6      6
┌ Info: Search result is stored in variable `_s1`.
│ You can interactively narrow down the search result later by
└ `@search _s1` or `@search 1`.

[ Info: Finished search id=1.  Look it up by `@search 1`.
BackgroundSearch id=1 [done] 52 found
Searched ::Array{T,1} where T from Module[Pkg] recursively
  5.310917 seconds (3.62 M allocations: 201.302 MiB, 1.94% gc time)
┌ Info: Search result is stored in variable `_s2`.
│ You can interactively narrow down the search result later by
└ `@search _s2` or `@search 2`.

[ Info: Finished search id=2.  Look it up by `@search 2`.
BackgroundSearch id=2 [canceled] 1 found
Searched ::Bool from Module[Base] recursively
┌ Warning: Variable `_s3` exists!
│ To refer to the search result, `ans` must be saved to some
│ variable **NOW**.
└ @ Main.TestInteractiveCodeSearch.TestReturn ~/.julia/packages/InteractiveCodeSearch/bvRfv/src/return.jl:359

[ Info: Finished search id=3.  Look it up by `@search 3`.
BackgroundSearch id=3 [done] 52 found
Searched ::Array{T,1} where T from Module[Pkg] recursively
  0.681005 seconds (325.80 k allocations: 15.169 MiB, 3.02% gc time)
Test Summary: | Pass  Total
@searchreturn |    3      3
   Testing InteractiveCodeSearch tests passed 
