 Resolving package versions...
 Installed DataAPI ───────────────────── v1.1.0
 Installed URIParser ─────────────────── v0.4.0
 Installed DataValueInterfaces ───────── v1.0.0
 Installed TableTraits ───────────────── v1.0.0
 Installed CommonSubexpressions ──────── v0.2.0
 Installed BinaryProvider ────────────── v0.5.8
 Installed CPLEX ─────────────────────── v0.6.0
 Installed OrderedCollections ────────── v1.1.0
 Installed Reexport ──────────────────── v0.2.0
 Installed Tables ────────────────────── v0.2.11
 Installed MathProgBase ──────────────── v0.7.7
 Installed ForwardDiff ───────────────── v0.10.6
 Installed Compat ────────────────────── v2.2.0
 Installed Calculus ──────────────────── v0.5.1
 Installed DiffRules ─────────────────── v0.1.0
 Installed Parsers ───────────────────── v0.3.10
 Installed JuMP ──────────────────────── v0.20.1
 Installed MatrixOptim ───────────────── v0.1.0
 Installed DataStructures ────────────── v0.17.6
 Installed JSON ──────────────────────── v0.21.0
 Installed Crayons ───────────────────── v4.0.1
 Installed NaNMath ───────────────────── v0.3.3
 Installed DiffResults ───────────────── v0.0.4
 Installed Gurobi ────────────────────── v0.7.3
 Installed Parameters ────────────────── v0.12.0
 Installed StaticArrays ──────────────── v0.12.1
 Installed BenchmarkTools ────────────── v0.4.3
 Installed IteratorInterfaceExtensions ─ v1.0.0
 Installed MathOptInterface ──────────── v0.9.7
 Installed GLPKMathProgInterface ─────── v0.4.4
 Installed BinDeps ───────────────────── v0.8.10
 Installed SpecialFunctions ──────────── v0.8.0
 Installed Formatting ────────────────── v0.4.1
 Installed GLPK ──────────────────────── v0.12.0
 Installed PrettyTables ──────────────── v0.7.0
  Updating `~/.julia/environments/v1.2/Project.toml`
  [cccf0e64] + MatrixOptim v0.1.0
  Updating `~/.julia/environments/v1.2/Manifest.toml`
  [6e4b80f9] + BenchmarkTools v0.4.3
  [9e28174c] + BinDeps v0.8.10
  [b99e7846] + BinaryProvider v0.5.8
  [a076750e] + CPLEX v0.6.0
  [49dc2e85] + Calculus v0.5.1
  [bbf7d656] + CommonSubexpressions v0.2.0
  [34da2185] + Compat v2.2.0
  [a8cc5b0e] + Crayons v4.0.1
  [9a962f9c] + DataAPI v1.1.0
  [864edb3b] + DataStructures v0.17.6
  [e2d170a0] + DataValueInterfaces v1.0.0
  [163ba53b] + DiffResults v0.0.4
  [b552c78f] + DiffRules v0.1.0
  [59287772] + Formatting v0.4.1
  [f6369f11] + ForwardDiff v0.10.6
  [60bf3e95] + GLPK v0.12.0
  [3c7084bd] + GLPKMathProgInterface v0.4.4
  [2e9cd046] + Gurobi v0.7.3
  [82899510] + IteratorInterfaceExtensions v1.0.0
  [682c06a0] + JSON v0.21.0
  [4076af6c] + JuMP v0.20.1
  [b8f27783] + MathOptInterface v0.9.7
  [fdba3010] + MathProgBase v0.7.7
  [cccf0e64] + MatrixOptim v0.1.0
  [77ba4419] + NaNMath v0.3.3
  [bac558e1] + OrderedCollections v1.1.0
  [d96e819e] + Parameters v0.12.0
  [69de0a69] + Parsers v0.3.10
  [08abe8d2] + PrettyTables v0.7.0
  [189a3867] + Reexport v0.2.0
  [276daf66] + SpecialFunctions v0.8.0
  [90137ffa] + StaticArrays v0.12.1
  [3783bdb8] + TableTraits v1.0.0
  [bd369af6] + Tables v0.2.11
  [30578b45] + URIParser v0.4.0
  [2a0f44e3] + Base64 
  [ade2ca70] + Dates 
  [8bb1440f] + DelimitedFiles 
  [8ba89e20] + Distributed 
  [b77e0a4c] + InteractiveUtils 
  [76f85450] + LibGit2 
  [8f399da3] + Libdl 
  [37e2e46d] + LinearAlgebra 
  [56ddb016] + Logging 
  [d6f4376e] + Markdown 
  [a63ad114] + Mmap 
  [44cfe95a] + Pkg 
  [de0858da] + Printf 
  [3fa0cd96] + REPL 
  [9a3f8284] + Random 
  [ea8e919c] + SHA 
  [9e88b42a] + Serialization 
  [1a1011a3] + SharedArrays 
  [6462fe0b] + Sockets 
  [2f01184e] + SparseArrays 
  [10745b16] + Statistics 
  [8dfed614] + Test 
  [cf7118a7] + UUIDs 
  [4ec0a83e] + Unicode 
  Building CPLEX ───────────→ `~/.julia/packages/CPLEX/rlrBk/deps/build.log`
  Building Gurobi ──────────→ `~/.julia/packages/Gurobi/TX8tY/deps/build.log`
┌ Error: Error building `CPLEX`: 
│ ERROR: LoadError: Unable to locate CPLEX installation. Note this must be downloaded separately. See the CPLEX.jl README for further instructions.
│ Stacktrace:
│  [1] error(::String) at ./error.jl:33
│  [2] try_local_installation() at /root/.julia/packages/CPLEX/rlrBk/deps/build.jl:64
│  [3] top-level scope at /root/.julia/packages/CPLEX/rlrBk/deps/build.jl:80
│  [4] include at ./boot.jl:328 [inlined]
│  [5] include_relative(::Module, ::String) at ./loading.jl:1094
│  [6] include(::Module, ::String) at ./Base.jl:31
│  [7] include(::String) at ./client.jl:431
│  [8] top-level scope at none:5
│ in expression starting at /root/.julia/packages/CPLEX/rlrBk/deps/build.jl:77
└ @ Pkg.Operations /buildworker/worker/package_linux64/build/usr/share/julia/stdlib/v1.2/Pkg/src/backwards_compatible_isolation.jl:647
┌ Error: Error building `Gurobi`: 
│ ERROR: LoadError: Unable to locate Gurobi installation. If the advice above did not help,
│ open an issue at https://github.com/JuliaOpt/Gurobi.jl and post the full
│ print-out of this diagnostic attempt.
│ 
│ Stacktrace:
│  [1] error(::String) at ./error.jl:33
│  [2] top-level scope at /root/.julia/packages/Gurobi/TX8tY/deps/build.jl:145
│  [3] include at ./boot.jl:328 [inlined]
│  [4] include_relative(::Module, ::String) at ./loading.jl:1094
│  [5] include(::Module, ::String) at ./Base.jl:31
│  [6] include(::String) at ./client.jl:431
│  [7] top-level scope at none:5
│ in expression starting at /root/.julia/packages/Gurobi/TX8tY/deps/build.jl:143
│ Unable to locate Gurobi installation. Running some common diagnostics.
│ 
│ Gurobi.jl only supports the following versions:
│ 
│  - gurobi81
│  - gurobi80
│  - gurobi75
│  - gurobi70
│ 
│ Did you download and install one of these versions from gurobi.com?
│ 
│ 
│ Looking for a version of Gurobi in your path:
│ 
│ 
│ We could not find a version of Gurobi in your path, and we could
│ not find the environment variable `GUROBI_HOME`. You should set 
│ the `GUROBI_HOME` environment variable to point to the install
│ location. For example:
│ - on Windows, this might be `C:\Program Files\gurobi810\win64\`
│ - on OSX, this might be `/Library/gurobi810/mac64/`
│ - on Unix, this might be `/opt/gurobi810/linux64/`
│ 
│ Alternatively, you can add the Gurobi install directory to your path.
└ @ Pkg.Operations /buildworker/worker/package_linux64/build/usr/share/julia/stdlib/v1.2/Pkg/src/backwards_compatible_isolation.jl:647
  Building GLPK ────────────→ `~/.julia/packages/GLPK/J1b5G/deps/build.log`
  Building SpecialFunctions → `~/.julia/packages/SpecialFunctions/ne2iw/deps/build.log`
   Testing MatrixOptim
    Status `/tmp/jl_PRUXj4/Manifest.toml`
  [6e4b80f9] BenchmarkTools v0.4.3
  [9e28174c] BinDeps v0.8.10
  [b99e7846] BinaryProvider v0.5.8
  [a076750e] CPLEX v0.6.0
  [49dc2e85] Calculus v0.5.1
  [bbf7d656] CommonSubexpressions v0.2.0
  [34da2185] Compat v2.2.0
  [a8cc5b0e] Crayons v4.0.1
  [9a962f9c] DataAPI v1.1.0
  [864edb3b] DataStructures v0.17.6
  [e2d170a0] DataValueInterfaces v1.0.0
  [163ba53b] DiffResults v0.0.4
  [b552c78f] DiffRules v0.1.0
  [59287772] Formatting v0.4.1
  [f6369f11] ForwardDiff v0.10.6
  [60bf3e95] GLPK v0.12.0
  [3c7084bd] GLPKMathProgInterface v0.4.4
  [2e9cd046] Gurobi v0.7.3
  [82899510] IteratorInterfaceExtensions v1.0.0
  [682c06a0] JSON v0.21.0
  [4076af6c] JuMP v0.20.1
  [b8f27783] MathOptInterface v0.9.7
  [fdba3010] MathProgBase v0.7.7
  [cccf0e64] MatrixOptim v0.1.0
  [77ba4419] NaNMath v0.3.3
  [bac558e1] OrderedCollections v1.1.0
  [d96e819e] Parameters v0.12.0
  [69de0a69] Parsers v0.3.10
  [08abe8d2] PrettyTables v0.7.0
  [189a3867] Reexport v0.2.0
  [276daf66] SpecialFunctions v0.8.0
  [90137ffa] StaticArrays v0.12.1
  [3783bdb8] TableTraits v1.0.0
  [bd369af6] Tables v0.2.11
  [30578b45] URIParser v0.4.0
  [2a0f44e3] Base64  [`@stdlib/Base64`]
  [ade2ca70] Dates  [`@stdlib/Dates`]
  [8bb1440f] DelimitedFiles  [`@stdlib/DelimitedFiles`]
  [8ba89e20] Distributed  [`@stdlib/Distributed`]
  [b77e0a4c] InteractiveUtils  [`@stdlib/InteractiveUtils`]
  [76f85450] LibGit2  [`@stdlib/LibGit2`]
  [8f399da3] Libdl  [`@stdlib/Libdl`]
  [37e2e46d] LinearAlgebra  [`@stdlib/LinearAlgebra`]
  [56ddb016] Logging  [`@stdlib/Logging`]
  [d6f4376e] Markdown  [`@stdlib/Markdown`]
  [a63ad114] Mmap  [`@stdlib/Mmap`]
  [44cfe95a] Pkg  [`@stdlib/Pkg`]
  [de0858da] Printf  [`@stdlib/Printf`]
  [3fa0cd96] REPL  [`@stdlib/REPL`]
  [9a3f8284] Random  [`@stdlib/Random`]
  [ea8e919c] SHA  [`@stdlib/SHA`]
  [9e88b42a] Serialization  [`@stdlib/Serialization`]
  [1a1011a3] SharedArrays  [`@stdlib/SharedArrays`]
  [6462fe0b] Sockets  [`@stdlib/Sockets`]
  [2f01184e] SparseArrays  [`@stdlib/SparseArrays`]
  [10745b16] Statistics  [`@stdlib/Statistics`]
  [8dfed614] Test  [`@stdlib/Test`]
  [cf7118a7] UUIDs  [`@stdlib/UUIDs`]
  [4ec0a83e] Unicode  [`@stdlib/Unicode`]
ERROR: LoadError: ArgumentError: Package Test not found in current path:
- Run `import Pkg; Pkg.add("Test")` to install the Test package.

Stacktrace:
 [1] require(::Module, ::Symbol) at ./loading.jl:876
 [2] include at ./boot.jl:328 [inlined]
 [3] include_relative(::Module, ::String) at ./loading.jl:1094
 [4] include(::Module, ::String) at ./Base.jl:31
 [5] include(::String) at ./client.jl:431
 [6] top-level scope at none:5
in expression starting at /root/.julia/packages/MatrixOptim/3ZtqB/test/runtests.jl:3
ERROR: Package MatrixOptim errored during testing
Stacktrace:
 [1] pkgerror(::String, ::Vararg{String,N} where N) at /buildworker/worker/package_linux64/build/usr/share/julia/stdlib/v1.2/Pkg/src/Types.jl:112
 [2] #test#119(::Bool, ::Nothing, ::typeof(Pkg.Operations.test), ::Pkg.Types.Context, ::Array{Pkg.Types.PackageSpec,1}) at /buildworker/worker/package_linux64/build/usr/share/julia/stdlib/v1.2/Pkg/src/Operations.jl:1288
 [3] #test at ./none:0 [inlined]
 [4] #test#62(::Bool, ::Nothing, ::Base.Iterators.Pairs{Union{},Union{},Tuple{},NamedTuple{(),Tuple{}}}, ::typeof(Pkg.API.test), ::Pkg.Types.Context, ::Array{Pkg.Types.PackageSpec,1}) at /buildworker/worker/package_linux64/build/usr/share/julia/stdlib/v1.2/Pkg/src/API.jl:245
 [5] test at /buildworker/worker/package_linux64/build/usr/share/julia/stdlib/v1.2/Pkg/src/API.jl:233 [inlined]
 [6] #test#61 at /buildworker/worker/package_linux64/build/usr/share/julia/stdlib/v1.2/Pkg/src/API.jl:230 [inlined]
 [7] test at /buildworker/worker/package_linux64/build/usr/share/julia/stdlib/v1.2/Pkg/src/API.jl:230 [inlined]
 [8] #test#60 at /buildworker/worker/package_linux64/build/usr/share/julia/stdlib/v1.2/Pkg/src/API.jl:229 [inlined]
 [9] test at /buildworker/worker/package_linux64/build/usr/share/julia/stdlib/v1.2/Pkg/src/API.jl:229 [inlined]
 [10] #test#59(::Base.Iterators.Pairs{Union{},Union{},Tuple{},NamedTuple{(),Tuple{}}}, ::typeof(Pkg.API.test), ::String) at /buildworker/worker/package_linux64/build/usr/share/julia/stdlib/v1.2/Pkg/src/API.jl:228
 [11] test(::String) at /buildworker/worker/package_linux64/build/usr/share/julia/stdlib/v1.2/Pkg/src/API.jl:228
 [12] top-level scope at none:10
