 Resolving package versions...
 Installed Overseer ─────────── v0.1.1
 Installed OrderedCollections ─ v1.1.0
 Installed Parameters ───────── v0.12.0
  Updating `~/.julia/environments/v1.2/Project.toml`
  [1ada24be] + Overseer v0.1.1
  Updating `~/.julia/environments/v1.2/Manifest.toml`
  [bac558e1] + OrderedCollections v1.1.0
  [1ada24be] + Overseer v0.1.1
  [d96e819e] + Parameters v0.12.0
  [2a0f44e3] + Base64 
  [8ba89e20] + Distributed 
  [b77e0a4c] + InteractiveUtils 
  [56ddb016] + Logging 
  [d6f4376e] + Markdown 
  [9a3f8284] + Random 
  [9e88b42a] + Serialization 
  [6462fe0b] + Sockets 
  [8dfed614] + Test 
   Testing Overseer
 Resolving package versions...
    Status `/tmp/jl_qgppD4/Manifest.toml`
  [bac558e1] OrderedCollections v1.1.0
  [1ada24be] Overseer v0.1.1
  [d96e819e] Parameters v0.12.0
  [2a0f44e3] Base64  [`@stdlib/Base64`]
  [8ba89e20] Distributed  [`@stdlib/Distributed`]
  [b77e0a4c] InteractiveUtils  [`@stdlib/InteractiveUtils`]
  [56ddb016] Logging  [`@stdlib/Logging`]
  [d6f4376e] Markdown  [`@stdlib/Markdown`]
  [9a3f8284] Random  [`@stdlib/Random`]
  [9e88b42a] Serialization  [`@stdlib/Serialization`]
  [6462fe0b] Sockets  [`@stdlib/Sockets`]
  [8dfed614] Test  [`@stdlib/Test`]
Test Summary: | Pass  Total
Indices       |   79     79
Test Summary: | Pass  Total
Components    |   40     40
Test Summary: | Pass  Total
Ledger        |   40     40
   Testing Overseer tests passed 
