 Resolving package versions...
 Installed TickTock ─ v1.0.0
  Updating `~/.julia/environments/v1.2/Project.toml`
  [9ff05d80] + TickTock v1.0.0
  Updating `~/.julia/environments/v1.2/Manifest.toml`
  [9ff05d80] + TickTock v1.0.0
  [2a0f44e3] + Base64 
  [ade2ca70] + Dates 
  [8ba89e20] + Distributed 
  [b77e0a4c] + InteractiveUtils 
  [76f85450] + LibGit2 
  [56ddb016] + Logging 
  [d6f4376e] + Markdown 
  [44cfe95a] + Pkg 
  [de0858da] + Printf 
  [3fa0cd96] + REPL 
  [9a3f8284] + Random 
  [ea8e919c] + SHA 
  [9e88b42a] + Serialization 
  [6462fe0b] + Sockets 
  [8dfed614] + Test 
  [cf7118a7] + UUIDs 
  [4ec0a83e] + Unicode 
   Testing TickTock
    Status `/tmp/jl_Ptq4y9/Manifest.toml`
  [9ff05d80] TickTock v1.0.0
  [2a0f44e3] Base64  [`@stdlib/Base64`]
  [ade2ca70] Dates  [`@stdlib/Dates`]
  [8ba89e20] Distributed  [`@stdlib/Distributed`]
  [b77e0a4c] InteractiveUtils  [`@stdlib/InteractiveUtils`]
  [76f85450] LibGit2  [`@stdlib/LibGit2`]
  [56ddb016] Logging  [`@stdlib/Logging`]
  [d6f4376e] Markdown  [`@stdlib/Markdown`]
  [44cfe95a] Pkg  [`@stdlib/Pkg`]
  [de0858da] Printf  [`@stdlib/Printf`]
  [3fa0cd96] REPL  [`@stdlib/REPL`]
  [9a3f8284] Random  [`@stdlib/Random`]
  [ea8e919c] SHA  [`@stdlib/SHA`]
  [9e88b42a] Serialization  [`@stdlib/Serialization`]
  [6462fe0b] Sockets  [`@stdlib/Sockets`]
  [8dfed614] Test  [`@stdlib/Test`]
  [cf7118a7] UUIDs  [`@stdlib/UUIDs`]
  [4ec0a83e] Unicode  [`@stdlib/Unicode`]
[ Info:  started timer at: 2019-11-24T00:30:32.017
1         [ Info: TickTock: "TickTock alarm" alarm for 0 hours, 0 minutes, 10 seconds
[ Info: TickTock: "TickTock alarm" alarm for 0 hours, 0 minutes, 5 seconds
[ Info:          3.762643492s: 3 seconds, 762 milliseconds
[ Info:  started timer at: 2019-11-24T00:30:36.7
[ Info:  started timer at: 2019-11-24T00:30:36.758
[ Info:  started timer at: 2019-11-24T00:30:36.834
[ Info:          0.006237356s: 6 milliseconds
Make 10 timers
[ Info:  started timer at: 2019-11-24T00:30:36.861
[ Info:  started timer at: 2019-11-24T00:30:37.863
[ Info:  started timer at: 2019-11-24T00:30:38.865
[ Info:  started timer at: 2019-11-24T00:30:39.867
[ Info:  started timer at: 2019-11-24T00:30:40.869
This is an alarm. Do not be alarmed.
[ Info: TickTock alarm
[ Info:          5.080127496s: 5 seconds, 80 milliseconds
[ Info:  started timer at: 2019-11-24T00:30:41.87
[ Info:  started timer at: 2019-11-24T00:30:42.872
[ Info:  started timer at: 2019-11-24T00:30:43.875
[ Info:  started timer at: 2019-11-24T00:30:44.877
[ Info:  started timer at: 2019-11-24T00:30:45.879
test alarm has fired
[ Info: TickTock alarm
[ Info:         10.138612162s: 10 seconds, 138 milliseconds
Check that there are 10 timers
wait a second
Print all the timers
10        9         8         7         6         5         4         3         2         1         [ Info:          2.017833289s: 2 seconds, 17 milliseconds
[ Info:          3.019585043s: 3 seconds, 19 milliseconds
[ Info:          4.021900875s: 4 seconds, 21 milliseconds
[ Info:          5.024241752s: 5 seconds, 24 milliseconds
[ Info:          6.026522162s: 6 seconds, 26 milliseconds
[ Info:          7.027407441s: 7 seconds, 27 milliseconds
[ Info:          8.029832249s: 8 seconds, 29 milliseconds
[ Info:          9.031504386s: 9 seconds, 31 milliseconds
[ Info:         10.033832375s: 10 seconds, 33 milliseconds
[ Info:         11.035759912s: 11 seconds, 35 milliseconds
Check that the most recent timer is more than 1 second
  2.031155529
Finish 10 timers and show canonical
[ Info:          2.173346339s: 2 seconds, 173 milliseconds
[ Info:          3.204063988s: 3 seconds, 204 milliseconds
[ Info:          4.233868021s: 4 seconds, 233 milliseconds
[ Info:          5.269623105s: 5 seconds, 269 milliseconds
[ Info:          6.299565175s: 6 seconds, 299 milliseconds
[ Info:          7.327794923s: 7 seconds, 327 milliseconds
[ Info:          8.356688577s: 8 seconds, 356 milliseconds
[ Info:          9.384646535s: 9 seconds, 384 milliseconds
[ Info:          10.41187818s: 10 seconds, 411 milliseconds
[ Info:         11.438906078s: 11 seconds, 438 milliseconds
   Testing TickTock tests passed 
