 Resolving package versions...
 Installed URIParser ───────────── v0.4.0
 Installed NLSolversBase ───────── v7.5.0
 Installed UnstructuredGrids ───── v0.2.2
 Installed CommonSubexpressions ── v0.2.0
 Installed LineSearches ────────── v7.0.1
 Installed Polynomials ─────────── v0.6.0
 Installed BinaryProvider ──────── v0.5.8
 Installed Gridap ──────────────── v0.5.2
 Installed Requires ────────────── v0.5.2
 Installed Reexport ────────────── v0.2.0
 Installed TensorPolynomialBases ─ v0.1.4
 Installed Calculus ────────────── v0.5.1
 Installed OrderedCollections ──── v1.1.0
 Installed Combinatorics ───────── v0.7.0
 Installed ForwardDiff ─────────── v0.10.6
 Installed Compat ──────────────── v2.2.0
 Installed RecipesBase ─────────── v0.7.0
 Installed TensorValues ────────── v0.3.5
 Installed Parsers ─────────────── v0.3.10
 Installed WriteVTK ────────────── v1.2.2
 Installed DiffRules ───────────── v0.1.0
 Installed DiffEqDiffTools ─────── v1.4.0
 Installed DataStructures ──────── v0.17.6
 Installed TranscodingStreams ──── v0.9.5
 Installed CodecZlib ───────────── v0.6.0
 Installed ArrayInterface ──────── v1.2.1
 Installed JSON ────────────────── v0.21.0
 Installed NaNMath ─────────────── v0.3.3
 Installed DiffResults ─────────── v0.0.4
 Installed FastGaussQuadrature ─── v0.3.3
 Installed StaticArrays ────────── v0.10.3
 Installed Parameters ──────────── v0.12.0
 Installed QuadGK ──────────────── v2.1.1
 Installed LightXML ────────────── v0.8.1
 Installed Distances ───────────── v0.8.2
 Installed NLsolve ─────────────── v4.2.0
 Installed BinDeps ─────────────── v0.8.10
 Installed SpecialFunctions ────── v0.8.0
  Updating `~/.julia/environments/v1.2/Project.toml`
  [56d4f2e9] + Gridap v0.5.2
  Updating `~/.julia/environments/v1.2/Manifest.toml`
  [4fba245c] + ArrayInterface v1.2.1
  [9e28174c] + BinDeps v0.8.10
  [b99e7846] + BinaryProvider v0.5.8
  [49dc2e85] + Calculus v0.5.1
  [944b1d66] + CodecZlib v0.6.0
  [861a8166] + Combinatorics v0.7.0
  [bbf7d656] + CommonSubexpressions v0.2.0
  [34da2185] + Compat v2.2.0
  [864edb3b] + DataStructures v0.17.6
  [01453d9d] + DiffEqDiffTools v1.4.0
  [163ba53b] + DiffResults v0.0.4
  [b552c78f] + DiffRules v0.1.0
  [b4f34e82] + Distances v0.8.2
  [442a2c76] + FastGaussQuadrature v0.3.3
  [f6369f11] + ForwardDiff v0.10.6
  [56d4f2e9] + Gridap v0.5.2
  [682c06a0] + JSON v0.21.0
  [9c8b4983] + LightXML v0.8.1
  [d3d80556] + LineSearches v7.0.1
  [d41bc354] + NLSolversBase v7.5.0
  [2774e3e8] + NLsolve v4.2.0
  [77ba4419] + NaNMath v0.3.3
  [bac558e1] + OrderedCollections v1.1.0
  [d96e819e] + Parameters v0.12.0
  [69de0a69] + Parsers v0.3.10
  [f27b6e38] + Polynomials v0.6.0
  [1fd47b50] + QuadGK v2.1.1
  [3cdcf5f2] + RecipesBase v0.7.0
  [189a3867] + Reexport v0.2.0
  [ae029012] + Requires v0.5.2
  [276daf66] + SpecialFunctions v0.8.0
  [90137ffa] + StaticArrays v0.10.3
  [f77b161d] + TensorPolynomialBases v0.1.4
  [31c64edf] + TensorValues v0.3.5
  [3bb67fe8] + TranscodingStreams v0.9.5
  [30578b45] + URIParser v0.4.0
  [9cd2e232] + UnstructuredGrids v0.2.2
  [64499a7a] + WriteVTK v1.2.2
  [2a0f44e3] + Base64 
  [ade2ca70] + Dates 
  [8bb1440f] + DelimitedFiles 
  [8ba89e20] + Distributed 
  [b77e0a4c] + InteractiveUtils 
  [76f85450] + LibGit2 
  [8f399da3] + Libdl 
  [37e2e46d] + LinearAlgebra 
  [56ddb016] + Logging 
  [d6f4376e] + Markdown 
  [a63ad114] + Mmap 
  [44cfe95a] + Pkg 
  [de0858da] + Printf 
  [3fa0cd96] + REPL 
  [9a3f8284] + Random 
  [ea8e919c] + SHA 
  [9e88b42a] + Serialization 
  [1a1011a3] + SharedArrays 
  [6462fe0b] + Sockets 
  [2f01184e] + SparseArrays 
  [10745b16] + Statistics 
  [8dfed614] + Test 
  [cf7118a7] + UUIDs 
  [4ec0a83e] + Unicode 
  Building CodecZlib ───────→ `~/.julia/packages/CodecZlib/5t9zO/deps/build.log`
  Building LightXML ────────→ `~/.julia/packages/LightXML/W8FVT/deps/build.log`
  Building SpecialFunctions → `~/.julia/packages/SpecialFunctions/ne2iw/deps/build.log`
   Testing Gridap
 Resolving package versions...
    Status `/tmp/jl_je7zpa/Manifest.toml`
  [4fba245c] ArrayInterface v1.2.1
  [9e28174c] BinDeps v0.8.10
  [b99e7846] BinaryProvider v0.5.8
  [49dc2e85] Calculus v0.5.1
  [944b1d66] CodecZlib v0.6.0
  [861a8166] Combinatorics v0.7.0
  [bbf7d656] CommonSubexpressions v0.2.0
  [34da2185] Compat v2.2.0
  [864edb3b] DataStructures v0.17.6
  [01453d9d] DiffEqDiffTools v1.4.0
  [163ba53b] DiffResults v0.0.4
  [b552c78f] DiffRules v0.1.0
  [b4f34e82] Distances v0.8.2
  [442a2c76] FastGaussQuadrature v0.3.3
  [f6369f11] ForwardDiff v0.10.6
  [56d4f2e9] Gridap v0.5.2
  [682c06a0] JSON v0.21.0
  [9c8b4983] LightXML v0.8.1
  [d3d80556] LineSearches v7.0.1
  [d41bc354] NLSolversBase v7.5.0
  [2774e3e8] NLsolve v4.2.0
  [77ba4419] NaNMath v0.3.3
  [bac558e1] OrderedCollections v1.1.0
  [d96e819e] Parameters v0.12.0
  [69de0a69] Parsers v0.3.10
  [f27b6e38] Polynomials v0.6.0
  [1fd47b50] QuadGK v2.1.1
  [3cdcf5f2] RecipesBase v0.7.0
  [189a3867] Reexport v0.2.0
  [ae029012] Requires v0.5.2
  [276daf66] SpecialFunctions v0.8.0
  [90137ffa] StaticArrays v0.10.3
  [f77b161d] TensorPolynomialBases v0.1.4
  [31c64edf] TensorValues v0.3.5
  [3bb67fe8] TranscodingStreams v0.9.5
  [30578b45] URIParser v0.4.0
  [9cd2e232] UnstructuredGrids v0.2.2
  [64499a7a] WriteVTK v1.2.2
  [2a0f44e3] Base64  [`@stdlib/Base64`]
  [ade2ca70] Dates  [`@stdlib/Dates`]
  [8bb1440f] DelimitedFiles  [`@stdlib/DelimitedFiles`]
  [8ba89e20] Distributed  [`@stdlib/Distributed`]
  [b77e0a4c] InteractiveUtils  [`@stdlib/InteractiveUtils`]
  [76f85450] LibGit2  [`@stdlib/LibGit2`]
  [8f399da3] Libdl  [`@stdlib/Libdl`]
  [37e2e46d] LinearAlgebra  [`@stdlib/LinearAlgebra`]
  [56ddb016] Logging  [`@stdlib/Logging`]
  [d6f4376e] Markdown  [`@stdlib/Markdown`]
  [a63ad114] Mmap  [`@stdlib/Mmap`]
  [44cfe95a] Pkg  [`@stdlib/Pkg`]
  [de0858da] Printf  [`@stdlib/Printf`]
  [3fa0cd96] REPL  [`@stdlib/REPL`]
  [9a3f8284] Random  [`@stdlib/Random`]
  [ea8e919c] SHA  [`@stdlib/SHA`]
  [9e88b42a] Serialization  [`@stdlib/Serialization`]
  [1a1011a3] SharedArrays  [`@stdlib/SharedArrays`]
  [6462fe0b] Sockets  [`@stdlib/Sockets`]
  [2f01184e] SparseArrays  [`@stdlib/SparseArrays`]
  [10745b16] Statistics  [`@stdlib/Statistics`]
  [8dfed614] Test  [`@stdlib/Test`]
  [cf7118a7] UUIDs  [`@stdlib/UUIDs`]
  [4ec0a83e] Unicode  [`@stdlib/Unicode`]
Test Summary: | Pass  Total
Utils         |   18     18
130.396463 seconds (11.65 M allocations: 640.411 MiB, 0.63% gc time)
Test Summary: | Pass  Total
CellValues    |  775    775
116.873095 seconds (115.62 M allocations: 5.753 GiB, 3.93% gc time)
Test Summary: | Pass  Total
Fields        |  261    261
 64.695142 seconds (53.69 M allocations: 2.683 GiB, 6.00% gc time)
Test Summary: | Pass  Total
RefFEs        |  169    169
 86.184927 seconds (87.00 M allocations: 4.247 GiB, 9.65% gc time)
Test Summary: | Pass  Total
Integration   |   80     80
 97.575952 seconds (70.87 M allocations: 3.828 GiB, 7.30% gc time)
Test Summary: | Pass  Total
Geometry      |  398    398
 21.316239 seconds (13.76 M allocations: 794.959 MiB, 6.13% gc time)
Test Summary: | Pass  Total
Algebra       |   12     12
 22.769598 seconds (27.80 M allocations: 1.475 GiB, 10.81% gc time)
Test Summary: | Pass  Total
FESpaces      |  602    602
453.741585 seconds (284.85 M allocations: 15.351 GiB, 8.10% gc time)
Test Summary: | Pass  Total
MultiField    |   81     81
493.857055 seconds (266.29 M allocations: 14.262 GiB, 10.04% gc time)
Test Summary: |
Visualization | No tests
 19.511685 seconds (13.54 M allocations: 702.085 MiB, 12.30% gc time)
   Testing Gridap tests passed 
