 Resolving package versions...
 Installed SingleFloats ─ v0.1.4
  Updating `~/.julia/environments/v1.2/Project.toml`
  [2b6d1eac] + SingleFloats v0.1.4
  Updating `~/.julia/environments/v1.2/Manifest.toml`
  [2b6d1eac] + SingleFloats v0.1.4
  [8f399da3] + Libdl 
  [37e2e46d] + LinearAlgebra 
  [9a3f8284] + Random 
  [9e88b42a] + Serialization 
   Testing SingleFloats
 Resolving package versions...
    Status `/tmp/jl_XugxBT/Manifest.toml`
  [2b6d1eac] SingleFloats v0.1.4
  [2a0f44e3] Base64  [`@stdlib/Base64`]
  [8ba89e20] Distributed  [`@stdlib/Distributed`]
  [b77e0a4c] InteractiveUtils  [`@stdlib/InteractiveUtils`]
  [8f399da3] Libdl  [`@stdlib/Libdl`]
  [37e2e46d] LinearAlgebra  [`@stdlib/LinearAlgebra`]
  [56ddb016] Logging  [`@stdlib/Logging`]
  [d6f4376e] Markdown  [`@stdlib/Markdown`]
  [9a3f8284] Random  [`@stdlib/Random`]
  [9e88b42a] Serialization  [`@stdlib/Serialization`]
  [6462fe0b] Sockets  [`@stdlib/Sockets`]
  [8dfed614] Test  [`@stdlib/Test`]
Test Summary: | Pass  Total
flipsign      |    1      1
Test Summary: | Pass  Total
maxintfloat   |    3      3
Test Summary: | Pass  Total
isinteger     |   11     11
Test Summary: | Pass  Total
round         |    6      6
Test Summary: | Pass  Total
round2        |   20     20
   Testing SingleFloats tests passed 
