 Resolving package versions...
 Installed SVMLightWriter ─ v0.1.0
 Installed Requires ─────── v0.5.2
 Installed ProgressMeter ── v1.2.0
  Updating `~/.julia/environments/v1.0/Project.toml`
  [b51eda20] + SVMLightWriter v0.1.0
  Updating `~/.julia/environments/v1.0/Manifest.toml`
  [92933f4c] + ProgressMeter v1.2.0
  [ae029012] + Requires v0.5.2
  [b51eda20] + SVMLightWriter v0.1.0
  [2a0f44e3] + Base64 
  [8ba89e20] + Distributed 
  [b77e0a4c] + InteractiveUtils 
  [8f399da3] + Libdl 
  [37e2e46d] + LinearAlgebra 
  [56ddb016] + Logging 
  [d6f4376e] + Markdown 
  [de0858da] + Printf 
  [9a3f8284] + Random 
  [9e88b42a] + Serialization 
  [6462fe0b] + Sockets 
  [2f01184e] + SparseArrays 
  [8dfed614] + Test 
  [4ec0a83e] + Unicode 
   Testing SVMLightWriter
 Resolving package versions...
    Status `/tmp/tmp932CIb/Manifest.toml`
  [92933f4c] ProgressMeter v1.2.0
  [ae029012] Requires v0.5.2
  [b51eda20] SVMLightWriter v0.1.0
  [2a0f44e3] Base64  [`@stdlib/Base64`]
  [8ba89e20] Distributed  [`@stdlib/Distributed`]
  [b77e0a4c] InteractiveUtils  [`@stdlib/InteractiveUtils`]
  [8f399da3] Libdl  [`@stdlib/Libdl`]
  [37e2e46d] LinearAlgebra  [`@stdlib/LinearAlgebra`]
  [56ddb016] Logging  [`@stdlib/Logging`]
  [d6f4376e] Markdown  [`@stdlib/Markdown`]
  [de0858da] Printf  [`@stdlib/Printf`]
  [9a3f8284] Random  [`@stdlib/Random`]
  [9e88b42a] Serialization  [`@stdlib/Serialization`]
  [6462fe0b] Sockets  [`@stdlib/Sockets`]
  [2f01184e] SparseArrays  [`@stdlib/SparseArrays`]
  [8dfed614] Test  [`@stdlib/Test`]
  [4ec0a83e] Unicode  [`@stdlib/Unicode`]
ERROR: LoadError: UndefVarError: isnothing not defined
Stacktrace:
 [1] #dump_svmlight_file#1(::Bool, ::Nothing, ::Function, ::Array{Float64,2}, ::Array{Int64,1}, ::Base.GenericIOBuffer{Array{UInt8,1}}) at /root/.julia/packages/SVMLightWriter/9BjQP/src/SVMLightWriter.jl:9
 [2] dump_svmlight_file(::Array{Float64,2}, ::Array{Int64,1}, ::Base.GenericIOBuffer{Array{UInt8,1}}) at /root/.julia/packages/SVMLightWriter/9BjQP/src/SVMLightWriter.jl:8
 [3] top-level scope at none:0
 [4] include at ./boot.jl:317 [inlined]
 [5] include_relative(::Module, ::String) at ./loading.jl:1044
 [6] include(::Module, ::String) at ./sysimg.jl:29
 [7] include(::String) at ./client.jl:392
 [8] top-level scope at none:0
in expression starting at /root/.julia/packages/SVMLightWriter/9BjQP/test/runtests.jl:11
ERROR: Package SVMLightWriter errored during testing
Stacktrace:
 [1] pkgerror(::String, ::Vararg{String,N} where N) at /buildworker/worker/package_linux64/build/usr/share/julia/stdlib/v1.0/Pkg/src/Types.jl:120
 [2] #test#65(::Bool, ::Function, ::Pkg.Types.Context, ::Array{Pkg.Types.PackageSpec,1}) at /buildworker/worker/package_linux64/build/usr/share/julia/stdlib/v1.0/Pkg/src/Operations.jl:1357
 [3] #test at /buildworker/worker/package_linux64/build/usr/share/julia/stdlib/v1.0/Pkg/src/API.jl:0 [inlined]
 [4] #test#44(::Bool, ::Base.Iterators.Pairs{Union{},Union{},Tuple{},NamedTuple{(),Tuple{}}}, ::Function, ::Pkg.Types.Context, ::Array{Pkg.Types.PackageSpec,1}) at /buildworker/worker/package_linux64/build/usr/share/julia/stdlib/v1.0/Pkg/src/API.jl:278
 [5] test at /buildworker/worker/package_linux64/build/usr/share/julia/stdlib/v1.0/Pkg/src/API.jl:263 [inlined]
 [6] #test#43 at /buildworker/worker/package_linux64/build/usr/share/julia/stdlib/v1.0/Pkg/src/API.jl:260 [inlined]
 [7] test at /buildworker/worker/package_linux64/build/usr/share/julia/stdlib/v1.0/Pkg/src/API.jl:260 [inlined]
 [8] #test#42 at /buildworker/worker/package_linux64/build/usr/share/julia/stdlib/v1.0/Pkg/src/API.jl:259 [inlined]
 [9] test at /buildworker/worker/package_linux64/build/usr/share/julia/stdlib/v1.0/Pkg/src/API.jl:259 [inlined]
 [10] #test#41 at /buildworker/worker/package_linux64/build/usr/share/julia/stdlib/v1.0/Pkg/src/API.jl:258 [inlined]
 [11] test(::String) at /buildworker/worker/package_linux64/build/usr/share/julia/stdlib/v1.0/Pkg/src/API.jl:258
 [12] top-level scope at none:0
