 Resolving package versions...
 Installed SVMLightWriter ─ v0.1.0
 Installed ProgressMeter ── v1.2.0
 Installed Requires ─────── v0.5.2
  Updating `~/.julia/environments/v1.2/Project.toml`
  [b51eda20] + SVMLightWriter v0.1.0
  Updating `~/.julia/environments/v1.2/Manifest.toml`
  [92933f4c] + ProgressMeter v1.2.0
  [ae029012] + Requires v0.5.2
  [b51eda20] + SVMLightWriter v0.1.0
  [2a0f44e3] + Base64 
  [8ba89e20] + Distributed 
  [b77e0a4c] + InteractiveUtils 
  [8f399da3] + Libdl 
  [37e2e46d] + LinearAlgebra 
  [56ddb016] + Logging 
  [d6f4376e] + Markdown 
  [de0858da] + Printf 
  [9a3f8284] + Random 
  [9e88b42a] + Serialization 
  [6462fe0b] + Sockets 
  [2f01184e] + SparseArrays 
  [8dfed614] + Test 
  [4ec0a83e] + Unicode 
   Testing SVMLightWriter
 Resolving package versions...
    Status `/tmp/jl_LZtX5W/Manifest.toml`
  [92933f4c] ProgressMeter v1.2.0
  [ae029012] Requires v0.5.2
  [b51eda20] SVMLightWriter v0.1.0
  [2a0f44e3] Base64  [`@stdlib/Base64`]
  [8ba89e20] Distributed  [`@stdlib/Distributed`]
  [b77e0a4c] InteractiveUtils  [`@stdlib/InteractiveUtils`]
  [8f399da3] Libdl  [`@stdlib/Libdl`]
  [37e2e46d] LinearAlgebra  [`@stdlib/LinearAlgebra`]
  [56ddb016] Logging  [`@stdlib/Logging`]
  [d6f4376e] Markdown  [`@stdlib/Markdown`]
  [de0858da] Printf  [`@stdlib/Printf`]
  [9a3f8284] Random  [`@stdlib/Random`]
  [9e88b42a] Serialization  [`@stdlib/Serialization`]
  [6462fe0b] Sockets  [`@stdlib/Sockets`]
  [2f01184e] SparseArrays  [`@stdlib/SparseArrays`]
  [8dfed614] Test  [`@stdlib/Test`]
  [4ec0a83e] Unicode  [`@stdlib/Unicode`]
   Testing SVMLightWriter tests passed 
