 Resolving package versions...
 Installed Cuba ─────────── v2.0.0
 Installed BinaryProvider ─ v0.5.8
  Updating `~/.julia/environments/v1.0/Project.toml`
  [8a292aeb] + Cuba v2.0.0
  Updating `~/.julia/environments/v1.0/Manifest.toml`
  [b99e7846] + BinaryProvider v0.5.8
  [8a292aeb] + Cuba v2.0.0
  [2a0f44e3] + Base64 
  [8ba89e20] + Distributed 
  [b77e0a4c] + InteractiveUtils 
  [8f399da3] + Libdl 
  [37e2e46d] + LinearAlgebra 
  [56ddb016] + Logging 
  [d6f4376e] + Markdown 
  [de0858da] + Printf 
  [9a3f8284] + Random 
  [ea8e919c] + SHA 
  [9e88b42a] + Serialization 
  [6462fe0b] + Sockets 
  [8dfed614] + Test 
  [4ec0a83e] + Unicode 
  Building Cuba → `~/.julia/packages/Cuba/084zH/deps/build.log`
   Testing Cuba
    Status `/tmp/tmppLowYh/Manifest.toml`
  [b99e7846] BinaryProvider v0.5.8
  [8a292aeb] Cuba v2.0.0
  [2a0f44e3] Base64  [`@stdlib/Base64`]
  [8ba89e20] Distributed  [`@stdlib/Distributed`]
  [b77e0a4c] InteractiveUtils  [`@stdlib/InteractiveUtils`]
  [8f399da3] Libdl  [`@stdlib/Libdl`]
  [37e2e46d] LinearAlgebra  [`@stdlib/LinearAlgebra`]
  [56ddb016] Logging  [`@stdlib/Logging`]
  [d6f4376e] Markdown  [`@stdlib/Markdown`]
  [de0858da] Printf  [`@stdlib/Printf`]
  [9a3f8284] Random  [`@stdlib/Random`]
  [ea8e919c] SHA  [`@stdlib/SHA`]
  [9e88b42a] Serialization  [`@stdlib/Serialization`]
  [6462fe0b] Sockets  [`@stdlib/Sockets`]
  [8dfed614] Test  [`@stdlib/Test`]
  [4ec0a83e] Unicode  [`@stdlib/Unicode`]
Test Summary: | Pass  Total
Cuba.vegas    |    3      3
Test Summary: | Pass  Total
Cuba.suave    |    3      3
Test Summary: | Pass  Total
Cuba.divonne  |    3      3
Test Summary: | Pass  Total
Cuba.cuhre    |    3      3
Test Summary: | Pass  Total
ndim          |    6      6
Test Summary:                 | Pass  Total
Integral over infinite domain |    1      1
Test Summary: | Pass  Total
Vectorization |   16     16
Test Summary: | Pass  Total
Show          |    4      4
   Testing Cuba tests passed 
