 Resolving package versions...
 Installed CUDAapi ─ v0.6.3
 Installed Batched ─ v0.1.0
  Updating `~/.julia/environments/v1.2/Project.toml`
  [1629540a] + Batched v0.1.0
  Updating `~/.julia/environments/v1.2/Manifest.toml`
  [1629540a] + Batched v0.1.0
  [3895d2a7] + CUDAapi v0.6.3
  [2a0f44e3] + Base64 
  [8ba89e20] + Distributed 
  [b77e0a4c] + InteractiveUtils 
  [8f399da3] + Libdl 
  [37e2e46d] + LinearAlgebra 
  [56ddb016] + Logging 
  [d6f4376e] + Markdown 
  [9a3f8284] + Random 
  [9e88b42a] + Serialization 
  [6462fe0b] + Sockets 
  [8dfed614] + Test 
  Building Batched → `~/.julia/packages/Batched/yUbIZ/deps/build.log`
   Testing Batched
    Status `/tmp/jl_7DxGYj/Manifest.toml`
  [1629540a] Batched v0.1.0
  [3895d2a7] CUDAapi v0.6.3
  [2a0f44e3] Base64  [`@stdlib/Base64`]
  [8ba89e20] Distributed  [`@stdlib/Distributed`]
  [b77e0a4c] InteractiveUtils  [`@stdlib/InteractiveUtils`]
  [8f399da3] Libdl  [`@stdlib/Libdl`]
  [37e2e46d] LinearAlgebra  [`@stdlib/LinearAlgebra`]
  [56ddb016] Logging  [`@stdlib/Logging`]
  [d6f4376e] Markdown  [`@stdlib/Markdown`]
  [9a3f8284] Random  [`@stdlib/Random`]
  [9e88b42a] Serialization  [`@stdlib/Serialization`]
  [6462fe0b] Sockets  [`@stdlib/Sockets`]
  [8dfed614] Test  [`@stdlib/Test`]
Testing batched_gemm! with Float32: Error During Test at /root/.julia/packages/Batched/yUbIZ/test/routines/gemm.jl:3
  Got exception outside of a @test
  UndefVarError: has_offset_axes not defined
  Stacktrace:
   [1] batched_gemm!(::Char, ::Char, ::Float32, ::Array{Float32,3}, ::Array{Float32,3}, ::Float32, ::Array{Float32,3}) at /root/.julia/packages/Batched/yUbIZ/src/routines/blas.jl:88
   [2] top-level scope at /root/.julia/packages/Batched/yUbIZ/test/routines/gemm.jl:11
   [3] top-level scope at /buildworker/worker/package_linux64/build/usr/share/julia/stdlib/v1.2/Test/src/Test.jl:1186
   [4] include at ./boot.jl:328 [inlined]
   [5] include_relative(::Module, ::String) at ./loading.jl:1094
   [6] include(::Module, ::String) at ./Base.jl:31
   [7] include(::String) at ./client.jl:431
   [8] top-level scope at /root/.julia/packages/Batched/yUbIZ/test/runtests.jl:3
   [9] include at ./boot.jl:328 [inlined]
   [10] include_relative(::Module, ::String) at ./loading.jl:1094
   [11] include(::Module, ::String) at ./Base.jl:31
   [12] include(::String) at ./client.jl:431
   [13] top-level scope at none:5
   [14] eval(::Module, ::Any) at ./boot.jl:330
   [15] exec_options(::Base.JLOptions) at ./client.jl:271
   [16] _start() at ./client.jl:464
  
Test Summary:                      | Error  Total
Testing batched_gemm! with Float32 |     1      1
Test Summary:                      | Error  Total
Testing batched_gemm! with Float32 |     1      1
ERROR: LoadError: LoadError: Some tests did not pass: 0 passed, 0 failed, 1 errored, 0 broken.
in expression starting at /root/.julia/packages/Batched/yUbIZ/test/routines/gemm.jl:3
in expression starting at /root/.julia/packages/Batched/yUbIZ/test/runtests.jl:3
caused by [exception 1]
Some tests did not pass: 0 passed, 0 failed, 1 errored, 0 broken.
ERROR: Package Batched errored during testing
Stacktrace:
 [1] pkgerror(::String, ::Vararg{String,N} where N) at /buildworker/worker/package_linux64/build/usr/share/julia/stdlib/v1.2/Pkg/src/Types.jl:112
 [2] #test#119(::Bool, ::Nothing, ::typeof(Pkg.Operations.test), ::Pkg.Types.Context, ::Array{Pkg.Types.PackageSpec,1}) at /buildworker/worker/package_linux64/build/usr/share/julia/stdlib/v1.2/Pkg/src/Operations.jl:1288
 [3] #test at ./none:0 [inlined]
 [4] #test#62(::Bool, ::Nothing, ::Base.Iterators.Pairs{Union{},Union{},Tuple{},NamedTuple{(),Tuple{}}}, ::typeof(Pkg.API.test), ::Pkg.Types.Context, ::Array{Pkg.Types.PackageSpec,1}) at /buildworker/worker/package_linux64/build/usr/share/julia/stdlib/v1.2/Pkg/src/API.jl:245
 [5] test at /buildworker/worker/package_linux64/build/usr/share/julia/stdlib/v1.2/Pkg/src/API.jl:233 [inlined]
 [6] #test#61 at /buildworker/worker/package_linux64/build/usr/share/julia/stdlib/v1.2/Pkg/src/API.jl:230 [inlined]
 [7] test at /buildworker/worker/package_linux64/build/usr/share/julia/stdlib/v1.2/Pkg/src/API.jl:230 [inlined]
 [8] #test#60 at /buildworker/worker/package_linux64/build/usr/share/julia/stdlib/v1.2/Pkg/src/API.jl:229 [inlined]
 [9] test at /buildworker/worker/package_linux64/build/usr/share/julia/stdlib/v1.2/Pkg/src/API.jl:229 [inlined]
 [10] #test#59(::Base.Iterators.Pairs{Union{},Union{},Tuple{},NamedTuple{(),Tuple{}}}, ::typeof(Pkg.API.test), ::String) at /buildworker/worker/package_linux64/build/usr/share/julia/stdlib/v1.2/Pkg/src/API.jl:228
 [11] test(::String) at /buildworker/worker/package_linux64/build/usr/share/julia/stdlib/v1.2/Pkg/src/API.jl:228
 [12] top-level scope at none:10
