 Resolving package versions...
 Installed SimpleTraits ───────── v0.9.1
 Installed RecipesBase ────────── v0.7.0
 Installed Inflate ────────────── v0.1.1
 Installed SimpleWeightedGraphs ─ v1.1.0
 Installed DataStructures ─────── v0.17.6
 Installed IterativeSolvers ───── v0.8.1
 Installed LightGraphs ────────── v1.3.0
 Installed Circuitscape ───────── v5.5.4
 Installed ArnoldiMethod ──────── v0.0.4
 Installed OrderedCollections ─── v1.1.0
 Installed MacroTools ─────────── v0.5.2
 Installed Compat ─────────────── v2.2.0
 Installed GZip ───────────────── v0.5.0
 Installed StaticArrays ───────── v0.12.1
 Installed AlgebraicMultigrid ─── v0.2.2
  Updating `~/.julia/environments/v1.2/Project.toml`
  [2b7a1792] + Circuitscape v5.5.4
  Updating `~/.julia/environments/v1.2/Manifest.toml`
  [2169fc97] + AlgebraicMultigrid v0.2.2
  [ec485272] + ArnoldiMethod v0.0.4
  [2b7a1792] + Circuitscape v5.5.4
  [34da2185] + Compat v2.2.0
  [864edb3b] + DataStructures v0.17.6
  [92fee26a] + GZip v0.5.0
  [d25df0c9] + Inflate v0.1.1
  [42fd0dbc] + IterativeSolvers v0.8.1
  [093fc24a] + LightGraphs v1.3.0
  [1914dd2f] + MacroTools v0.5.2
  [bac558e1] + OrderedCollections v1.1.0
  [3cdcf5f2] + RecipesBase v0.7.0
  [699a6c99] + SimpleTraits v0.9.1
  [47aef6b3] + SimpleWeightedGraphs v1.1.0
  [90137ffa] + StaticArrays v0.12.1
  [2a0f44e3] + Base64 
  [ade2ca70] + Dates 
  [8bb1440f] + DelimitedFiles 
  [8ba89e20] + Distributed 
  [b77e0a4c] + InteractiveUtils 
  [76f85450] + LibGit2 
  [8f399da3] + Libdl 
  [37e2e46d] + LinearAlgebra 
  [56ddb016] + Logging 
  [d6f4376e] + Markdown 
  [a63ad114] + Mmap 
  [44cfe95a] + Pkg 
  [de0858da] + Printf 
  [3fa0cd96] + REPL 
  [9a3f8284] + Random 
  [ea8e919c] + SHA 
  [9e88b42a] + Serialization 
  [1a1011a3] + SharedArrays 
  [6462fe0b] + Sockets 
  [2f01184e] + SparseArrays 
  [10745b16] + Statistics 
  [8dfed614] + Test 
  [cf7118a7] + UUIDs 
  [4ec0a83e] + Unicode 
   Testing Circuitscape
    Status `/tmp/jl_zwVDrK/Manifest.toml`
  [2169fc97] AlgebraicMultigrid v0.2.2
  [ec485272] ArnoldiMethod v0.0.4
  [2b7a1792] Circuitscape v5.5.4
  [34da2185] Compat v2.2.0
  [864edb3b] DataStructures v0.17.6
  [92fee26a] GZip v0.5.0
  [d25df0c9] Inflate v0.1.1
  [42fd0dbc] IterativeSolvers v0.8.1
  [093fc24a] LightGraphs v1.3.0
  [1914dd2f] MacroTools v0.5.2
  [bac558e1] OrderedCollections v1.1.0
  [3cdcf5f2] RecipesBase v0.7.0
  [699a6c99] SimpleTraits v0.9.1
  [47aef6b3] SimpleWeightedGraphs v1.1.0
  [90137ffa] StaticArrays v0.12.1
  [2a0f44e3] Base64  [`@stdlib/Base64`]
  [ade2ca70] Dates  [`@stdlib/Dates`]
  [8bb1440f] DelimitedFiles  [`@stdlib/DelimitedFiles`]
  [8ba89e20] Distributed  [`@stdlib/Distributed`]
  [b77e0a4c] InteractiveUtils  [`@stdlib/InteractiveUtils`]
  [76f85450] LibGit2  [`@stdlib/LibGit2`]
  [8f399da3] Libdl  [`@stdlib/Libdl`]
  [37e2e46d] LinearAlgebra  [`@stdlib/LinearAlgebra`]
  [56ddb016] Logging  [`@stdlib/Logging`]
  [d6f4376e] Markdown  [`@stdlib/Markdown`]
  [a63ad114] Mmap  [`@stdlib/Mmap`]
  [44cfe95a] Pkg  [`@stdlib/Pkg`]
  [de0858da] Printf  [`@stdlib/Printf`]
  [3fa0cd96] REPL  [`@stdlib/REPL`]
  [9a3f8284] Random  [`@stdlib/Random`]
  [ea8e919c] SHA  [`@stdlib/SHA`]
  [9e88b42a] Serialization  [`@stdlib/Serialization`]
  [1a1011a3] SharedArrays  [`@stdlib/SharedArrays`]
  [6462fe0b] Sockets  [`@stdlib/Sockets`]
  [2f01184e] SparseArrays  [`@stdlib/SparseArrays`]
  [10745b16] Statistics  [`@stdlib/Statistics`]
  [8dfed614] Test  [`@stdlib/Test`]
  [cf7118a7] UUIDs  [`@stdlib/UUIDs`]
  [4ec0a83e] Unicode  [`@stdlib/Unicode`]
ERROR: LoadError: LoadError: error compiling top-level scope: could not load library "libz"
libz.so: cannot open shared object file: No such file or directory
Stacktrace:
 [1] include at ./boot.jl:328 [inlined]
 [2] include_relative(::Module, ::String) at ./loading.jl:1094
 [3] include at ./Base.jl:31 [inlined]
 [4] include(::String) at /root/.julia/packages/GZip/LD2ly/src/GZip.jl:2
 [5] top-level scope at /root/.julia/packages/GZip/LD2ly/src/GZip.jl:73
 [6] include at ./boot.jl:328 [inlined]
 [7] include_relative(::Module, ::String) at ./loading.jl:1094
 [8] include(::Module, ::String) at ./Base.jl:31
 [9] top-level scope at none:2
 [10] eval at ./boot.jl:330 [inlined]
 [11] eval(::Expr) at ./client.jl:432
 [12] top-level scope at ./none:3
in expression starting at /root/.julia/packages/GZip/LD2ly/src/zlib_h.jl:11
in expression starting at /root/.julia/packages/GZip/LD2ly/src/GZip.jl:73
caused by [exception 1]
could not load library "libz"
libz.so: cannot open shared object file: No such file or directory
Stacktrace:
 [1] include at ./boot.jl:328 [inlined]
 [2] include_relative(::Module, ::String) at ./loading.jl:1094
 [3] include at ./Base.jl:31 [inlined]
 [4] include(::String) at /root/.julia/packages/GZip/LD2ly/src/GZip.jl:2
 [5] top-level scope at /root/.julia/packages/GZip/LD2ly/src/GZip.jl:73
 [6] include at ./boot.jl:328 [inlined]
 [7] include_relative(::Module, ::String) at ./loading.jl:1094
 [8] include(::Module, ::String) at ./Base.jl:31
 [9] top-level scope at none:2
 [10] eval at ./boot.jl:330 [inlined]
 [11] eval(::Expr) at ./client.jl:432
 [12] top-level scope at ./none:3
ERROR: LoadError: Failed to precompile GZip [92fee26a-97fe-5a0c-ad85-20a5f3185b63] to /root/.julia/compiled/v1.2/GZip/s2LKY.ji.
Stacktrace:
 [1] error(::String) at ./error.jl:33
 [2] compilecache(::Base.PkgId, ::String) at ./loading.jl:1253
 [3] _require(::Base.PkgId) at ./loading.jl:1013
 [4] require(::Base.PkgId) at ./loading.jl:911
 [5] require(::Module, ::Symbol) at ./loading.jl:906
 [6] include at ./boot.jl:328 [inlined]
 [7] include_relative(::Module, ::String) at ./loading.jl:1094
 [8] include(::Module, ::String) at ./Base.jl:31
 [9] top-level scope at none:2
 [10] eval at ./boot.jl:330 [inlined]
 [11] eval(::Expr) at ./client.jl:432
 [12] top-level scope at ./none:3
in expression starting at /root/.julia/packages/Circuitscape/mKAhh/src/Circuitscape.jl:7
ERROR: LoadError: Failed to precompile Circuitscape [2b7a1792-8151-5239-925d-e2b8fdfa3201] to /root/.julia/compiled/v1.2/Circuitscape/sf36C.ji.
Stacktrace:
 [1] error(::String) at ./error.jl:33
 [2] compilecache(::Base.PkgId, ::String) at ./loading.jl:1253
 [3] _require(::Base.PkgId) at ./loading.jl:1013
 [4] require(::Base.PkgId) at ./loading.jl:911
 [5] require(::Module, ::Symbol) at ./loading.jl:906
 [6] include at ./boot.jl:328 [inlined]
 [7] include_relative(::Module, ::String) at ./loading.jl:1094
 [8] include(::Module, ::String) at ./Base.jl:31
 [9] include(::String) at ./client.jl:431
 [10] top-level scope at none:5
in expression starting at /root/.julia/packages/Circuitscape/mKAhh/test/runtests.jl:1
ERROR: Package Circuitscape errored during testing
Stacktrace:
 [1] pkgerror(::String, ::Vararg{String,N} where N) at /buildworker/worker/package_linux64/build/usr/share/julia/stdlib/v1.2/Pkg/src/Types.jl:112
 [2] #test#119(::Bool, ::Nothing, ::typeof(Pkg.Operations.test), ::Pkg.Types.Context, ::Array{Pkg.Types.PackageSpec,1}) at /buildworker/worker/package_linux64/build/usr/share/julia/stdlib/v1.2/Pkg/src/Operations.jl:1288
 [3] #test at ./none:0 [inlined]
 [4] #test#62(::Bool, ::Nothing, ::Base.Iterators.Pairs{Union{},Union{},Tuple{},NamedTuple{(),Tuple{}}}, ::typeof(Pkg.API.test), ::Pkg.Types.Context, ::Array{Pkg.Types.PackageSpec,1}) at /buildworker/worker/package_linux64/build/usr/share/julia/stdlib/v1.2/Pkg/src/API.jl:245
 [5] test at /buildworker/worker/package_linux64/build/usr/share/julia/stdlib/v1.2/Pkg/src/API.jl:233 [inlined]
 [6] #test#61 at /buildworker/worker/package_linux64/build/usr/share/julia/stdlib/v1.2/Pkg/src/API.jl:230 [inlined]
 [7] test at /buildworker/worker/package_linux64/build/usr/share/julia/stdlib/v1.2/Pkg/src/API.jl:230 [inlined]
 [8] #test#60 at /buildworker/worker/package_linux64/build/usr/share/julia/stdlib/v1.2/Pkg/src/API.jl:229 [inlined]
 [9] test at /buildworker/worker/package_linux64/build/usr/share/julia/stdlib/v1.2/Pkg/src/API.jl:229 [inlined]
 [10] #test#59(::Base.Iterators.Pairs{Union{},Union{},Tuple{},NamedTuple{(),Tuple{}}}, ::typeof(Pkg.API.test), ::String) at /buildworker/worker/package_linux64/build/usr/share/julia/stdlib/v1.2/Pkg/src/API.jl:228
 [11] test(::String) at /buildworker/worker/package_linux64/build/usr/share/julia/stdlib/v1.2/Pkg/src/API.jl:228
 [12] top-level scope at none:10
