 Resolving package versions...
 Installed DataAPI ──────────── v1.1.0
 Installed CPUTime ──────────── v1.0.0
 Installed Arpack ───────────── v0.3.1
 Installed BinDeps ──────────── v0.8.10
 Installed DataStructures ───── v0.17.6
 Installed SpecialFunctions ─── v0.8.0
 Installed BinaryProvider ───── v0.5.8
 Installed BlackBoxOptim ────── v0.5.0
 Installed Missings ─────────── v0.4.3
 Installed SortingAlgorithms ── v0.3.1
 Installed URIParser ────────── v0.4.0
 Installed PDMats ───────────── v0.9.10
 Installed OrderedCollections ─ v1.1.0
 Installed StatsBase ────────── v0.32.0
 Installed Distributions ────── v0.21.8
 Installed QuadGK ───────────── v2.1.1
 Installed Rmath ────────────── v0.5.1
 Installed StatsFuns ────────── v0.9.0
 Installed SpatialIndexing ──── v0.1.2
 Installed Compat ───────────── v2.2.0
  Updating `~/.julia/environments/v1.0/Project.toml`
  [a134a8b2] + BlackBoxOptim v0.5.0
  Updating `~/.julia/environments/v1.0/Manifest.toml`
  [7d9fca2a] + Arpack v0.3.1
  [9e28174c] + BinDeps v0.8.10
  [b99e7846] + BinaryProvider v0.5.8
  [a134a8b2] + BlackBoxOptim v0.5.0
  [a9c8d775] + CPUTime v1.0.0
  [34da2185] + Compat v2.2.0
  [9a962f9c] + DataAPI v1.1.0
  [864edb3b] + DataStructures v0.17.6
  [31c24e10] + Distributions v0.21.8
  [e1d29d7a] + Missings v0.4.3
  [bac558e1] + OrderedCollections v1.1.0
  [90014a1f] + PDMats v0.9.10
  [1fd47b50] + QuadGK v2.1.1
  [79098fc4] + Rmath v0.5.1
  [a2af1166] + SortingAlgorithms v0.3.1
  [d4ead438] + SpatialIndexing v0.1.2
  [276daf66] + SpecialFunctions v0.8.0
  [2913bbd2] + StatsBase v0.32.0
  [4c63d2b9] + StatsFuns v0.9.0
  [30578b45] + URIParser v0.4.0
  [2a0f44e3] + Base64 
  [ade2ca70] + Dates 
  [8bb1440f] + DelimitedFiles 
  [8ba89e20] + Distributed 
  [b77e0a4c] + InteractiveUtils 
  [76f85450] + LibGit2 
  [8f399da3] + Libdl 
  [37e2e46d] + LinearAlgebra 
  [56ddb016] + Logging 
  [d6f4376e] + Markdown 
  [a63ad114] + Mmap 
  [44cfe95a] + Pkg 
  [de0858da] + Printf 
  [3fa0cd96] + REPL 
  [9a3f8284] + Random 
  [ea8e919c] + SHA 
  [9e88b42a] + Serialization 
  [1a1011a3] + SharedArrays 
  [6462fe0b] + Sockets 
  [2f01184e] + SparseArrays 
  [10745b16] + Statistics 
  [4607b0f0] + SuiteSparse 
  [8dfed614] + Test 
  [cf7118a7] + UUIDs 
  [4ec0a83e] + Unicode 
  Building Arpack ──────────→ `~/.julia/packages/Arpack/cu5By/deps/build.log`
  Building SpecialFunctions → `~/.julia/packages/SpecialFunctions/ne2iw/deps/build.log`
  Building Rmath ───────────→ `~/.julia/packages/Rmath/4wt82/deps/build.log`
   Testing BlackBoxOptim
 Resolving package versions...
 Installed Reexport ──────────────────── v0.2.0
 Installed InvertedIndices ───────────── v1.0.0
 Installed WeakRefStrings ────────────── v0.6.1
 Installed MacroTools ────────────────── v0.5.2
 Installed PooledArrays ──────────────── v0.5.2
 Installed StaticArrays ──────────────── v0.12.1
 Installed CategoricalArrays ─────────── v0.7.3
 Installed TableTraits ───────────────── v1.0.0
 Installed IteratorInterfaceExtensions ─ v1.0.0
 Installed DataValueInterfaces ───────── v1.0.0
 Installed Parsers ───────────────────── v0.3.10
 Installed Tables ────────────────────── v0.2.11
 Installed DataFrames ────────────────── v0.19.4
 Installed FillArrays ────────────────── v0.8.2
 Installed ArrayLayouts ──────────────── v0.1.5
 Installed FilePathsBase ─────────────── v0.7.0
 Installed JSON ──────────────────────── v0.21.0
 Installed LazyArrays ────────────────── v0.14.8
 Installed CSV ───────────────────────── v0.5.18
    Status `/tmp/tmpXrTqC0/Manifest.toml`
  [7d9fca2a] Arpack v0.3.1
  [4c555306] ArrayLayouts v0.1.5
  [9e28174c] BinDeps v0.8.10
  [b99e7846] BinaryProvider v0.5.8
  [a134a8b2] BlackBoxOptim v0.5.0
  [a9c8d775] CPUTime v1.0.0
  [336ed68f] CSV v0.5.18
  [324d7699] CategoricalArrays v0.7.3
  [34da2185] Compat v2.2.0
  [9a962f9c] DataAPI v1.1.0
  [a93c6f00] DataFrames v0.19.4
  [864edb3b] DataStructures v0.17.6
  [e2d170a0] DataValueInterfaces v1.0.0
  [31c24e10] Distributions v0.21.8
  [48062228] FilePathsBase v0.7.0
  [1a297f60] FillArrays v0.8.2
  [41ab1584] InvertedIndices v1.0.0
  [82899510] IteratorInterfaceExtensions v1.0.0
  [682c06a0] JSON v0.21.0
  [5078a376] LazyArrays v0.14.8
  [1914dd2f] MacroTools v0.5.2
  [e1d29d7a] Missings v0.4.3
  [bac558e1] OrderedCollections v1.1.0
  [90014a1f] PDMats v0.9.10
  [69de0a69] Parsers v0.3.10
  [2dfb63ee] PooledArrays v0.5.2
  [1fd47b50] QuadGK v2.1.1
  [189a3867] Reexport v0.2.0
  [79098fc4] Rmath v0.5.1
  [a2af1166] SortingAlgorithms v0.3.1
  [d4ead438] SpatialIndexing v0.1.2
  [276daf66] SpecialFunctions v0.8.0
  [90137ffa] StaticArrays v0.12.1
  [2913bbd2] StatsBase v0.32.0
  [4c63d2b9] StatsFuns v0.9.0
  [3783bdb8] TableTraits v1.0.0
  [bd369af6] Tables v0.2.11
  [30578b45] URIParser v0.4.0
  [ea10d353] WeakRefStrings v0.6.1
  [2a0f44e3] Base64  [`@stdlib/Base64`]
  [ade2ca70] Dates  [`@stdlib/Dates`]
  [8bb1440f] DelimitedFiles  [`@stdlib/DelimitedFiles`]
  [8ba89e20] Distributed  [`@stdlib/Distributed`]
  [9fa8497b] Future  [`@stdlib/Future`]
  [b77e0a4c] InteractiveUtils  [`@stdlib/InteractiveUtils`]
  [76f85450] LibGit2  [`@stdlib/LibGit2`]
  [8f399da3] Libdl  [`@stdlib/Libdl`]
  [37e2e46d] LinearAlgebra  [`@stdlib/LinearAlgebra`]
  [56ddb016] Logging  [`@stdlib/Logging`]
  [d6f4376e] Markdown  [`@stdlib/Markdown`]
  [a63ad114] Mmap  [`@stdlib/Mmap`]
  [44cfe95a] Pkg  [`@stdlib/Pkg`]
  [de0858da] Printf  [`@stdlib/Printf`]
  [3fa0cd96] REPL  [`@stdlib/REPL`]
  [9a3f8284] Random  [`@stdlib/Random`]
  [ea8e919c] SHA  [`@stdlib/SHA`]
  [9e88b42a] Serialization  [`@stdlib/Serialization`]
  [1a1011a3] SharedArrays  [`@stdlib/SharedArrays`]
  [6462fe0b] Sockets  [`@stdlib/Sockets`]
  [2f01184e] SparseArrays  [`@stdlib/SparseArrays`]
  [10745b16] Statistics  [`@stdlib/Statistics`]
  [4607b0f0] SuiteSparse  [`@stdlib/SuiteSparse`]
  [8dfed614] Test  [`@stdlib/Test`]
  [cf7118a7] UUIDs  [`@stdlib/UUIDs`]
  [4ec0a83e] Unicode  [`@stdlib/Unicode`]
.....Internal error: encountered unexpected error in runtime:
BoundsError(a=Array{Core.Compiler.BasicBlock, (34,)}[
  Core.Compiler.BasicBlock(stmts=Core.Compiler.StmtRange(first=1, last=9), preds=Array{Int64, (1,)}[33], succs=Array{Int64, (2,)}[34, 2]),
  Core.Compiler.BasicBlock(stmts=Core.Compiler.StmtRange(first=10, last=11), preds=Array{Int64, (1,)}[1], succs=Array{Int64, (2,)}[14, 3]),
  Core.Compiler.BasicBlock(stmts=Core.Compiler.StmtRange(first=12, last=12), preds=Array{Int64, (1,)}[2], succs=Array{Int64, (1,)}[4]),
  Core.Compiler.BasicBlock(stmts=Core.Compiler.StmtRange(first=13, last=14), preds=Array{Int64, (1,)}[3], succs=Array{Int64, (2,)}[12, 5]),
  Core.Compiler.BasicBlock(stmts=Core.Compiler.StmtRange(first=15, last=23), preds=Array{Int64, (1,)}[4], succs=Array{Int64, (1,)}[6]),
  Core.Compiler.BasicBlock(stmts=Core.Compiler.StmtRange(first=24, last=26), preds=Array{Int64, (1,)}[5], succs=Array{Int64, (1,)}[7]),
  Core.Compiler.BasicBlock(stmts=Core.Compiler.StmtRange(first=27, last=31), preds=Array{Int64, (1,)}[6], succs=Array{Int64, (1,)}[8]),
  Core.Compiler.BasicBlock(stmts=Core.Compiler.StmtRange(first=32, last=40), preds=Array{Int64, (1,)}[7], succs=Array{Int64, (1,)}[9]),
  Core.Compiler.BasicBlock(stmts=Core.Compiler.StmtRange(first=41, last=41), preds=Array{Int64, (1,)}[8], succs=Array{Int64, (1,)}[10]),
  Core.Compiler.BasicBlock(stmts=Core.Compiler.StmtRange(first=42, last=42), preds=Array{Int64, (1,)}[9], succs=Array{Int64, (1,)}[11]),
  Core.Compiler.BasicBlock(stmts=Core.Compiler.StmtRange(first=43, last=43), preds=Array{Int64, (1,)}[10], succs=Array{Int64, (1,)}[16]),
  Core.Compiler.BasicBlock(stmts=Core.Compiler.StmtRange(first=44, last=45), preds=Array{Int64, (1,)}[4], succs=Array{Int64, (1,)}[13]),
  Core.Compiler.BasicBlock(stmts=Core.Compiler.StmtRange(first=46, last=51), preds=Array{Int64, (1,)}[12], succs=Array{Int64, (0,)}[]),
  Core.Compiler.BasicBlock(stmts=Core.Compiler.StmtRange(first=52, last=53), preds=Array{Int64, (1,)}[2], succs=Array{Int64, (1,)}[15]),
  Core.Compiler.BasicBlock(stmts=Core.Compiler.StmtRange(first=54, last=54), preds=Array{Int64, (1,)}[14], succs=Array{Int64, (1,)}[16]),
  Core.Compiler.BasicBlock(stmts=Core.Compiler.StmtRange(first=55, last=64), preds=Array{Int64, (2,)}[11, 15], succs=Array{Int64, (2,)}[30, 17]),
  Core.Compiler.BasicBlock(stmts=Core.Compiler.StmtRange(first=65, last=71), preds=Array{Int64, (1,)}[16], succs=Array{Int64, (2,)}[19, 18]),
  Core.Compiler.BasicBlock(stmts=Core.Compiler.StmtRange(first=72, last=73), preds=Array{Int64, (1,)}[17], succs=Array{Int64, (1,)}[20]),
  Core.Compiler.BasicBlock(stmts=Core.Compiler.StmtRange(first=74, last=74), preds=Array{Int64, (1,)}[17], succs=Array{Int64, (1,)}[20]),
  Core.Compiler.BasicBlock(stmts=Core.Compiler.StmtRange(first=75, last=76), preds=Array{Int64, (2,)}[18, 19], succs=Array{Int64, (2,)}[22, 21]),
  Core.Compiler.BasicBlock(stmts=Core.Compiler.StmtRange(first=77, last=78), preds=Array{Int64, (1,)}[20], succs=Array{Int64, (0,)}[]),
  Core.Compiler.BasicBlock(stmts=Core.Compiler.StmtRange(first=79, last=79), preds=Array{Int64, (1,)}[20], succs=Array{Int64, (1,)}[24]),
  Core.Compiler.BasicBlock(stmts=Core.Compiler.StmtRange(first=80, last=80), preds=Array{Int64, (0,)}[], succs=Array{Int64, (0,)}[]),
  Core.Compiler.BasicBlock(stmts=Core.Compiler.StmtRange(first=81, last=81), preds=Array{Int64, (1,)}[22], succs=Array{Int64, (1,)}[25]),
  Core.Compiler.BasicBlock(stmts=Core.Compiler.StmtRange(first=82, last=82), preds=Array{Int64, (1,)}[24], succs=Array{Int64, (1,)}[26]),
  Core.Compiler.BasicBlock(stmts=Core.Compiler.StmtRange(first=83, last=83), preds=Array{Int64, (1,)}[25], succs=Array{Int64, (1,)}[27]),
  Core.Compiler.BasicBlock(stmts=Core.Compiler.StmtRange(first=84, last=86), preds=Array{Int64, (1,)}[26], succs=Array{Int64, (1,)}[28]),
  Core.Compiler.BasicBlock(stmts=Core.Compiler.StmtRange(first=87, last=87), preds=Array{Int64, (1,)}[27], succs=Array{Int64, (1,)}[29]),
  Core.Compiler.BasicBlock(stmts=Core.Compiler.StmtRange(first=88, last=88), preds=Array{Int64, (1,)}[28], succs=Array{Int64, (1,)}[31]),
  Core.Compiler.BasicBlock(stmts=Core.Compiler.StmtRange(first=89, last=91), preds=Array{Int64, (1,)}[16], succs=Array{Int64, (0,)}[]),
  Core.Compiler.BasicBlock(stmts=Core.Compiler.StmtRange(first=92, last=92), preds=Array{Int64, (1,)}[29], succs=Array{Int64, (2,)}[33, 32]),
  Core.Compiler.BasicBlock(stmts=Core.Compiler.StmtRange(first=93, last=95), preds=Array{Int64, (1,)}[31], succs=Array{Int64, (0,)}[]),
  Core.Compiler.BasicBlock(stmts=Core.Compiler.StmtRange(first=96, last=96), preds=Array{Int64, (1,)}[31], succs=Array{Int64, (1,)}[1]),
  Core.Compiler.BasicBlock(stmts=Core.Compiler.StmtRange(first=97, last=97), preds=Array{Int64, (1,)}[1], succs=Array{Int64, (0,)}[])], i=(0,))
rec_backtrace at /buildworker/worker/package_linux64/build/src/stackwalk.c:94
record_backtrace at /buildworker/worker/package_linux64/build/src/task.c:246
jl_throw at /buildworker/worker/package_linux64/build/src/task.c:577
jl_bounds_error_ints at /buildworker/worker/package_linux64/build/src/rtutils.c:187
getindex at ./array.jl:731
jfptr_getindex_2271.clone_1 at /opt/julia/lib/julia/sys.so (unknown line)
jl_apply_generic at /buildworker/worker/package_linux64/build/src/gf.c:2162
replace_code_newstyle! at ./compiler/ssair/legacy.jl:86
optimize at ./compiler/optimize.jl:212
typeinf at ./compiler/typeinfer.jl:35
typeinf_ext at ./compiler/typeinfer.jl:574
typeinf_ext at ./compiler/typeinfer.jl:611
jfptr_typeinf_ext_1.clone_1 at /opt/julia/lib/julia/sys.so (unknown line)
jl_apply_generic at /buildworker/worker/package_linux64/build/src/gf.c:2162
jl_apply at /buildworker/worker/package_linux64/build/src/julia.h:1537 [inlined]
jl_apply_with_saved_exception_state at /buildworker/worker/package_linux64/build/src/rtutils.c:257
jl_type_infer at /buildworker/worker/package_linux64/build/src/gf.c:253
jl_compile_method_internal at /buildworker/worker/package_linux64/build/src/gf.c:1764 [inlined]
jl_fptr_trampoline at /buildworker/worker/package_linux64/build/src/gf.c:1808
jl_apply_generic at /buildworker/worker/package_linux64/build/src/gf.c:2162
jl_apply at /buildworker/worker/package_linux64/build/src/julia.h:1537 [inlined]
start_task at /buildworker/worker/package_linux64/build/src/task.c:268
unknown function (ip: 0xffffffffffffffff)
..................┌ Warning: Optimization interrupted, recovering intermediate results...
└ @ BlackBoxOptim ~/.julia/packages/BlackBoxOptim/ZdVko/src/opt_controller.jl:458
......
Test Summary:            |  Pass  Total
BlackBoxOptim test suite | 40549  40549
Tested 29 files in 284.4 seconds.
   Testing BlackBoxOptim tests passed 
