 Resolving package versions...
 Installed EzXML ────────── v0.9.4
 Installed BinaryProvider ─ v0.5.8
  Updating `~/.julia/environments/v1.0/Project.toml`
  [8f5d6c58] + EzXML v0.9.4
  Updating `~/.julia/environments/v1.0/Manifest.toml`
  [b99e7846] + BinaryProvider v0.5.8
  [8f5d6c58] + EzXML v0.9.4
  [8f399da3] + Libdl 
  [de0858da] + Printf 
  [ea8e919c] + SHA 
  [4ec0a83e] + Unicode 
  Building EzXML → `~/.julia/packages/EzXML/G0JeY/deps/build.log`
   Testing EzXML
 Resolving package versions...
    Status `/tmp/tmp9IJZor/Manifest.toml`
  [b99e7846] BinaryProvider v0.5.8
  [8f5d6c58] EzXML v0.9.4
  [2a0f44e3] Base64  [`@stdlib/Base64`]
  [8ba89e20] Distributed  [`@stdlib/Distributed`]
  [b77e0a4c] InteractiveUtils  [`@stdlib/InteractiveUtils`]
  [8f399da3] Libdl  [`@stdlib/Libdl`]
  [37e2e46d] LinearAlgebra  [`@stdlib/LinearAlgebra`]
  [56ddb016] Logging  [`@stdlib/Logging`]
  [d6f4376e] Markdown  [`@stdlib/Markdown`]
  [de0858da] Printf  [`@stdlib/Printf`]
  [9a3f8284] Random  [`@stdlib/Random`]
  [ea8e919c] SHA  [`@stdlib/SHA`]
  [9e88b42a] Serialization  [`@stdlib/Serialization`]
  [6462fe0b] Sockets  [`@stdlib/Sockets`]
  [8dfed614] Test  [`@stdlib/Test`]
  [4ec0a83e] Unicode  [`@stdlib/Unicode`]
Test Summary: | Pass  Total
Error         |   88     88
Test Summary: | Pass  Total
Reader        |   30     30
Test Summary: | Pass  Total
Writer        |    3      3
Test Summary: | Pass  Total
Parser        |   30     30
Test Summary: | Pass  Total
Stream Reader |  224    224
Test Summary: | Pass  Total
Constructors  |   71     71
Test Summary: | Pass  Total
Traversal     |  144    144
Test Summary: | Pass  Total
Properties    |   41     41
Test Summary: | Pass  Total
Construction  |  102    102
Test Summary: | Pass  Total
Validation    |    4      4
Test Summary: | Pass  Total
XPath         |   43     43
Test Summary: | Pass  Total
Misc          |   11     11
Test Summary: | Pass  Total
Examples      |    3      3
   Testing EzXML tests passed 
