 Resolving package versions...
 Installed RecipesBase ───────────────── v0.7.0
 Installed Parsers ───────────────────── v0.3.10
 Installed IteratorInterfaceExtensions ─ v1.0.0
 Installed GeoArrays ─────────────────── v0.1.1
 Installed ColorTypes ────────────────── v0.8.0
 Installed Arpack ────────────────────── v0.3.1
 Installed BinaryProvider ────────────── v0.5.8
 Installed ScientificTypes ───────────── v0.2.5
 Installed Reexport ──────────────────── v0.2.0
 Installed BinDeps ───────────────────── v0.8.10
 Installed GeoInterface ──────────────── v0.4.1
 Installed FixedPointNumbers ─────────── v0.6.1
 Installed FilePathsBase ─────────────── v0.7.0
 Installed MacroTools ────────────────── v0.5.2
 Installed DataStructures ────────────── v0.17.6
 Installed DataValueInterfaces ───────── v1.0.0
 Installed DataAPI ───────────────────── v1.1.0
 Installed SpecialFunctions ──────────── v0.8.0
 Installed Rotations ─────────────────── v0.12.0
 Installed JSON ──────────────────────── v0.21.0
 Installed PDMats ────────────────────── v0.9.10
 Installed Distributions ─────────────── v0.21.8
 Installed DataStreams ───────────────── v0.4.2
 Installed Distances ─────────────────── v0.8.2
 Installed LossFunctions ─────────────── v0.5.1
 Installed URIParser ─────────────────── v0.4.0
 Installed StaticArrays ──────────────── v0.11.1
 Installed LazyArrays ────────────────── v0.13.1
 Installed CoordinateTransformations ─── v0.5.0
 Installed AverageShiftedHistograms ──── v0.8.1
 Installed SortingAlgorithms ─────────── v0.3.1
 Installed WeakRefStrings ────────────── v0.6.1
 Installed DataFrames ────────────────── v0.18.4
 Installed FillArrays ────────────────── v0.8.2
 Installed StatsBase ─────────────────── v0.32.0
 Installed PooledArrays ──────────────── v0.5.2
 Installed Missings ──────────────────── v0.4.3
 Installed OrderedCollections ────────── v1.1.0
 Installed TableTraits ───────────────── v1.0.0
 Installed Rmath ─────────────────────── v0.5.1
 Installed CategoricalArrays ─────────── v0.7.3
 Installed UnicodePlots ──────────────── v1.1.0
 Installed NearestNeighbors ──────────── v0.4.3
 Installed ArchGDAL ──────────────────── v0.2.1
 Installed QuadGK ────────────────────── v2.1.1
 Installed Parameters ────────────────── v0.12.0
 Installed LearnBase ─────────────────── v0.2.2
 Installed Tables ────────────────────── v0.2.11
 Installed MLJBase ───────────────────── v0.7.5
 Installed StatsFuns ─────────────────── v0.9.0
 Installed GDAL ──────────────────────── v0.2.0
 Installed Compat ────────────────────── v2.2.0
 Installed GeoStatsBase ──────────────── v0.6.1
 Installed CSV ───────────────────────── v0.5.18
  Updating `~/.julia/environments/v1.0/Project.toml`
  [2fb1d81b] + GeoArrays v0.1.1
  Updating `~/.julia/environments/v1.0/Manifest.toml`
  [c9ce4bd3] + ArchGDAL v0.2.1
  [7d9fca2a] + Arpack v0.3.1
  [77b51b56] + AverageShiftedHistograms v0.8.1
  [9e28174c] + BinDeps v0.8.10
  [b99e7846] + BinaryProvider v0.5.8
  [336ed68f] + CSV v0.5.18
  [324d7699] + CategoricalArrays v0.7.3
  [3da002f7] + ColorTypes v0.8.0
  [34da2185] + Compat v2.2.0
  [150eb455] + CoordinateTransformations v0.5.0
  [9a962f9c] + DataAPI v1.1.0
  [a93c6f00] + DataFrames v0.18.4
  [9a8bc11e] + DataStreams v0.4.2
  [864edb3b] + DataStructures v0.17.6
  [e2d170a0] + DataValueInterfaces v1.0.0
  [b4f34e82] + Distances v0.8.2
  [31c24e10] + Distributions v0.21.8
  [48062228] + FilePathsBase v0.7.0
  [1a297f60] + FillArrays v0.8.2
  [53c48c17] + FixedPointNumbers v0.6.1
  [add2ef01] + GDAL v0.2.0
  [2fb1d81b] + GeoArrays v0.1.1
  [cf35fbd7] + GeoInterface v0.4.1
  [323cb8eb] + GeoStatsBase v0.6.1
  [82899510] + IteratorInterfaceExtensions v1.0.0
  [682c06a0] + JSON v0.21.0
  [5078a376] + LazyArrays v0.13.1
  [7f8f8fb0] + LearnBase v0.2.2
  [30fc2ffe] + LossFunctions v0.5.1
  [a7f614a8] + MLJBase v0.7.5
  [1914dd2f] + MacroTools v0.5.2
  [e1d29d7a] + Missings v0.4.3
  [b8a86587] + NearestNeighbors v0.4.3
  [bac558e1] + OrderedCollections v1.1.0
  [90014a1f] + PDMats v0.9.10
  [d96e819e] + Parameters v0.12.0
  [69de0a69] + Parsers v0.3.10
  [2dfb63ee] + PooledArrays v0.5.2
  [1fd47b50] + QuadGK v2.1.1
  [3cdcf5f2] + RecipesBase v0.7.0
  [189a3867] + Reexport v0.2.0
  [79098fc4] + Rmath v0.5.1
  [6038ab10] + Rotations v0.12.0
  [321657f4] + ScientificTypes v0.2.5
  [a2af1166] + SortingAlgorithms v0.3.1
  [276daf66] + SpecialFunctions v0.8.0
  [90137ffa] + StaticArrays v0.11.1
  [2913bbd2] + StatsBase v0.32.0
  [4c63d2b9] + StatsFuns v0.9.0
  [3783bdb8] + TableTraits v1.0.0
  [bd369af6] + Tables v0.2.11
  [30578b45] + URIParser v0.4.0
  [b8865327] + UnicodePlots v1.1.0
  [ea10d353] + WeakRefStrings v0.6.1
  [2a0f44e3] + Base64 
  [ade2ca70] + Dates 
  [8bb1440f] + DelimitedFiles 
  [8ba89e20] + Distributed 
  [9fa8497b] + Future 
  [b77e0a4c] + InteractiveUtils 
  [76f85450] + LibGit2 
  [8f399da3] + Libdl 
  [37e2e46d] + LinearAlgebra 
  [56ddb016] + Logging 
  [d6f4376e] + Markdown 
  [a63ad114] + Mmap 
  [44cfe95a] + Pkg 
  [de0858da] + Printf 
  [3fa0cd96] + REPL 
  [9a3f8284] + Random 
  [ea8e919c] + SHA 
  [9e88b42a] + Serialization 
  [1a1011a3] + SharedArrays 
  [6462fe0b] + Sockets 
  [2f01184e] + SparseArrays 
  [10745b16] + Statistics 
  [4607b0f0] + SuiteSparse 
  [8dfed614] + Test 
  [cf7118a7] + UUIDs 
  [4ec0a83e] + Unicode 
  Building Arpack ──────────→ `~/.julia/packages/Arpack/cu5By/deps/build.log`
  Building SpecialFunctions → `~/.julia/packages/SpecialFunctions/ne2iw/deps/build.log`
  Building Rmath ───────────→ `~/.julia/packages/Rmath/4wt82/deps/build.log`
  Building GDAL ────────────→ `~/.julia/packages/GDAL/vec6Y/deps/build.log`
   Testing GeoArrays
 Resolving package versions...
 Installed DiffRules ────────────── v0.1.0
 Installed NaNMath ──────────────── v0.3.3
 Installed PositiveFactorizations ─ v0.2.3
 Installed CommonSubexpressions ─── v0.2.0
 Installed DiffEqDiffTools ──────── v0.14.0
 Installed Polynomials ──────────── v0.6.0
 Installed DiffResults ──────────── v0.0.4
 Installed KrigingEstimators ────── v0.2.3
 Installed LineSearches ─────────── v7.0.1
 Installed NLSolversBase ────────── v7.5.0
 Installed Combinatorics ────────── v0.7.0
 Installed GeoStatsDevTools ─────── v0.4.5
 Installed Optim ────────────────── v0.18.1
 Installed ForwardDiff ──────────── v0.10.6
 Installed Calculus ─────────────── v0.5.1
 Installed Variography ──────────── v0.3.6
 Installed GeoStats ─────────────── v0.9.0
    Status `/tmp/tmpwOLGYD/Manifest.toml`
  [c9ce4bd3] ArchGDAL v0.2.1
  [7d9fca2a] Arpack v0.3.1
  [77b51b56] AverageShiftedHistograms v0.8.1
  [9e28174c] BinDeps v0.8.10
  [b99e7846] BinaryProvider v0.5.8
  [336ed68f] CSV v0.5.18
  [49dc2e85] Calculus v0.5.1
  [324d7699] CategoricalArrays v0.7.3
  [3da002f7] ColorTypes v0.8.0
  [861a8166] Combinatorics v0.7.0
  [bbf7d656] CommonSubexpressions v0.2.0
  [34da2185] Compat v2.2.0
  [150eb455] CoordinateTransformations v0.5.0
  [9a962f9c] DataAPI v1.1.0
  [a93c6f00] DataFrames v0.18.4
  [9a8bc11e] DataStreams v0.4.2
  [864edb3b] DataStructures v0.17.6
  [e2d170a0] DataValueInterfaces v1.0.0
  [01453d9d] DiffEqDiffTools v0.14.0
  [163ba53b] DiffResults v0.0.4
  [b552c78f] DiffRules v0.1.0
  [b4f34e82] Distances v0.8.2
  [31c24e10] Distributions v0.21.8
  [48062228] FilePathsBase v0.7.0
  [1a297f60] FillArrays v0.8.2
  [53c48c17] FixedPointNumbers v0.6.1
  [f6369f11] ForwardDiff v0.10.6
  [add2ef01] GDAL v0.2.0
  [2fb1d81b] GeoArrays v0.1.1
  [cf35fbd7] GeoInterface v0.4.1
  [dcc97b0b] GeoStats v0.9.0
  [323cb8eb] GeoStatsBase v0.6.1
  [19e549d1] GeoStatsDevTools v0.4.5
  [82899510] IteratorInterfaceExtensions v1.0.0
  [682c06a0] JSON v0.21.0
  [d293930c] KrigingEstimators v0.2.3
  [5078a376] LazyArrays v0.13.1
  [7f8f8fb0] LearnBase v0.2.2
  [d3d80556] LineSearches v7.0.1
  [30fc2ffe] LossFunctions v0.5.1
  [a7f614a8] MLJBase v0.7.5
  [1914dd2f] MacroTools v0.5.2
  [e1d29d7a] Missings v0.4.3
  [d41bc354] NLSolversBase v7.5.0
  [77ba4419] NaNMath v0.3.3
  [b8a86587] NearestNeighbors v0.4.3
  [429524aa] Optim v0.18.1
  [bac558e1] OrderedCollections v1.1.0
  [90014a1f] PDMats v0.9.10
  [d96e819e] Parameters v0.12.0
  [69de0a69] Parsers v0.3.10
  [f27b6e38] Polynomials v0.6.0
  [2dfb63ee] PooledArrays v0.5.2
  [85a6dd25] PositiveFactorizations v0.2.3
  [1fd47b50] QuadGK v2.1.1
  [3cdcf5f2] RecipesBase v0.7.0
  [189a3867] Reexport v0.2.0
  [79098fc4] Rmath v0.5.1
  [6038ab10] Rotations v0.12.0
  [321657f4] ScientificTypes v0.2.5
  [a2af1166] SortingAlgorithms v0.3.1
  [276daf66] SpecialFunctions v0.8.0
  [90137ffa] StaticArrays v0.11.1
  [2913bbd2] StatsBase v0.32.0
  [4c63d2b9] StatsFuns v0.9.0
  [3783bdb8] TableTraits v1.0.0
  [bd369af6] Tables v0.2.11
  [30578b45] URIParser v0.4.0
  [b8865327] UnicodePlots v1.1.0
  [04a0146e] Variography v0.3.6
  [ea10d353] WeakRefStrings v0.6.1
  [2a0f44e3] Base64  [`@stdlib/Base64`]
  [ade2ca70] Dates  [`@stdlib/Dates`]
  [8bb1440f] DelimitedFiles  [`@stdlib/DelimitedFiles`]
  [8ba89e20] Distributed  [`@stdlib/Distributed`]
  [9fa8497b] Future  [`@stdlib/Future`]
  [b77e0a4c] InteractiveUtils  [`@stdlib/InteractiveUtils`]
  [76f85450] LibGit2  [`@stdlib/LibGit2`]
  [8f399da3] Libdl  [`@stdlib/Libdl`]
  [37e2e46d] LinearAlgebra  [`@stdlib/LinearAlgebra`]
  [56ddb016] Logging  [`@stdlib/Logging`]
  [d6f4376e] Markdown  [`@stdlib/Markdown`]
  [a63ad114] Mmap  [`@stdlib/Mmap`]
  [44cfe95a] Pkg  [`@stdlib/Pkg`]
  [de0858da] Printf  [`@stdlib/Printf`]
  [3fa0cd96] REPL  [`@stdlib/REPL`]
  [9a3f8284] Random  [`@stdlib/Random`]
  [ea8e919c] SHA  [`@stdlib/SHA`]
  [9e88b42a] Serialization  [`@stdlib/Serialization`]
  [1a1011a3] SharedArrays  [`@stdlib/SharedArrays`]
  [6462fe0b] Sockets  [`@stdlib/Sockets`]
  [2f01184e] SparseArrays  [`@stdlib/SparseArrays`]
  [10745b16] Statistics  [`@stdlib/Statistics`]
  [4607b0f0] SuiteSparse  [`@stdlib/SuiteSparse`]
  [8dfed614] Test  [`@stdlib/Test`]
  [cf7118a7] UUIDs  [`@stdlib/UUIDs`]
  [4ec0a83e] Unicode  [`@stdlib/Unicode`]
curl: /opt/julia/bin/../lib/julia/libcurl.so.4: no version information available (required by curl)
  % Total    % Received % Xferd  Average Speed   Time    Time     Time  Current
                                 Dload  Upload   Total   Spent    Left  Speed
  0     0    0     0    0     0      0      0 --:--:-- --:--:-- --:--:--     0  0     0    0     0    0     0      0      0 --:--:-- --:--:-- --:--:--     0
curl: (77) Error reading ca cert file /etc/pki/tls/certs/ca-bundle.crt - mbedTLS: (-0x3E00) PK - Read/write of file failed
GeoArrays: Error During Test at /root/.julia/packages/GeoArrays/wzC1B/test/runtests.jl:4
  Got exception outside of a @test
  LoadError: failed process: Process(`curl -g -L -f -o /root/.julia/packages/GeoArrays/wzC1B/test/data/A.tif 'https://github.com/yeesian/ArchGDALDatasets/blob/master/data/A.tif?raw=true'`, ProcessExited(77)) [77]
  Stacktrace:
   [1] error(::String, ::Base.Process, ::String, ::Int64, ::String) at ./error.jl:42
   [2] pipeline_error at ./process.jl:705 [inlined]
   [3] #run#505(::Bool, ::Function, ::Cmd) at ./process.jl:663
   [4] run at ./process.jl:661 [inlined]
   [5] download(::String, ::String) at ./download.jl:27
   [6] top-level scope at /root/.julia/packages/GeoArrays/wzC1B/test/get_testdata.jl:32 [inlined]
   [7] top-level scope at ./none:0
   [8] include at ./boot.jl:317 [inlined]
   [9] include_relative(::Module, ::String) at ./loading.jl:1044
   [10] include(::Module, ::String) at ./sysimg.jl:29
   [11] include(::String) at ./client.jl:392
   [12] #3 at /root/.julia/packages/GeoArrays/wzC1B/test/runtests.jl:6 [inlined]
   [13] cd(::getfield(Main, Symbol("##3#4")), ::String) at ./file.jl:96
   [14] macro expansion at /root/.julia/packages/GeoArrays/wzC1B/test/runtests.jl:5 [inlined]
   [15] macro expansion at /buildworker/worker/package_linux64/build/usr/share/julia/stdlib/v1.0/Test/src/Test.jl:1083 [inlined]
   [16] top-level scope at /root/.julia/packages/GeoArrays/wzC1B/test/runtests.jl:5
   [17] include at ./boot.jl:317 [inlined]
   [18] include_relative(::Module, ::String) at ./loading.jl:1044
   [19] include(::Module, ::String) at ./sysimg.jl:29
   [20] include(::String) at ./client.jl:392
   [21] top-level scope at none:0
   [22] eval(::Module, ::Any) at ./boot.jl:319
   [23] exec_options(::Base.JLOptions) at ./client.jl:243
   [24] _start() at ./client.jl:425
  in expression starting at /root/.julia/packages/GeoArrays/wzC1B/test/get_testdata.jl:26
Test Summary: | Error  Total
GeoArrays     |     1      1
ERROR: LoadError: Some tests did not pass: 0 passed, 0 failed, 1 errored, 0 broken.
in expression starting at /root/.julia/packages/GeoArrays/wzC1B/test/runtests.jl:4
ERROR: Package GeoArrays errored during testing
Stacktrace:
 [1] pkgerror(::String, ::Vararg{String,N} where N) at /buildworker/worker/package_linux64/build/usr/share/julia/stdlib/v1.0/Pkg/src/Types.jl:120
 [2] #test#65(::Bool, ::Function, ::Pkg.Types.Context, ::Array{Pkg.Types.PackageSpec,1}) at /buildworker/worker/package_linux64/build/usr/share/julia/stdlib/v1.0/Pkg/src/Operations.jl:1357
 [3] #test at /buildworker/worker/package_linux64/build/usr/share/julia/stdlib/v1.0/Pkg/src/API.jl:0 [inlined]
 [4] #test#44(::Bool, ::Base.Iterators.Pairs{Union{},Union{},Tuple{},NamedTuple{(),Tuple{}}}, ::Function, ::Pkg.Types.Context, ::Array{Pkg.Types.PackageSpec,1}) at /buildworker/worker/package_linux64/build/usr/share/julia/stdlib/v1.0/Pkg/src/API.jl:278
 [5] test at /buildworker/worker/package_linux64/build/usr/share/julia/stdlib/v1.0/Pkg/src/API.jl:263 [inlined]
 [6] #test#43 at /buildworker/worker/package_linux64/build/usr/share/julia/stdlib/v1.0/Pkg/src/API.jl:260 [inlined]
 [7] test at /buildworker/worker/package_linux64/build/usr/share/julia/stdlib/v1.0/Pkg/src/API.jl:260 [inlined]
 [8] #test#42 at /buildworker/worker/package_linux64/build/usr/share/julia/stdlib/v1.0/Pkg/src/API.jl:259 [inlined]
 [9] test at /buildworker/worker/package_linux64/build/usr/share/julia/stdlib/v1.0/Pkg/src/API.jl:259 [inlined]
 [10] #test#41 at /buildworker/worker/package_linux64/build/usr/share/julia/stdlib/v1.0/Pkg/src/API.jl:258 [inlined]
 [11] test(::String) at /buildworker/worker/package_linux64/build/usr/share/julia/stdlib/v1.0/Pkg/src/API.jl:258
 [12] top-level scope at none:0
