 Resolving package versions...
 Installed Requires ────────────── v0.5.2
 Installed FunctionalCollections ─ v0.5.0
 Installed Pidfile ─────────────── v1.1.0
 Installed Tachyons ────────────── v0.2.0
 Installed MbedTLS ─────────────── v0.7.0
 Installed BinaryProvider ──────── v0.5.8
 Installed WebIO ───────────────── v0.8.11
 Installed Colors ──────────────── v0.9.6
 Installed Widgets ─────────────── v0.6.2
 Installed Reexport ────────────── v0.2.0
 Installed IniFile ─────────────── v0.5.0
 Installed Observables ─────────── v0.2.3
 Installed OrderedCollections ──── v1.1.0
 Installed Compat ──────────────── v3.0.0
 Installed FixedPointNumbers ───── v0.6.1
 Installed Parsers ─────────────── v0.3.10
 Installed JSON ────────────────── v0.21.0
 Installed AssetRegistry ───────── v0.1.0
 Installed HTTP ────────────────── v0.8.8
 Installed ColorTypes ──────────── v0.8.0
 Installed WebSockets ──────────── v1.5.2
  Updating `~/.julia/environments/v1.2/Project.toml`
  [3f90d43e] + Tachyons v0.2.0
  Updating `~/.julia/environments/v1.2/Manifest.toml`
  [bf4720bc] + AssetRegistry v0.1.0
  [b99e7846] + BinaryProvider v0.5.8
  [3da002f7] + ColorTypes v0.8.0
  [5ae59095] + Colors v0.9.6
  [34da2185] + Compat v3.0.0
  [53c48c17] + FixedPointNumbers v0.6.1
  [de31a74c] + FunctionalCollections v0.5.0
  [cd3eb016] + HTTP v0.8.8
  [83e8ac13] + IniFile v0.5.0
  [682c06a0] + JSON v0.21.0
  [739be429] + MbedTLS v0.7.0
  [510215fc] + Observables v0.2.3
  [bac558e1] + OrderedCollections v1.1.0
  [69de0a69] + Parsers v0.3.10
  [fa939f87] + Pidfile v1.1.0
  [189a3867] + Reexport v0.2.0
  [ae029012] + Requires v0.5.2
  [3f90d43e] + Tachyons v0.2.0
  [0f1e0344] + WebIO v0.8.11
  [104b5d7c] + WebSockets v1.5.2
  [cc8bc4a8] + Widgets v0.6.2
  [2a0f44e3] + Base64 
  [ade2ca70] + Dates 
  [8bb1440f] + DelimitedFiles 
  [8ba89e20] + Distributed 
  [7b1f6079] + FileWatching 
  [b77e0a4c] + InteractiveUtils 
  [76f85450] + LibGit2 
  [8f399da3] + Libdl 
  [37e2e46d] + LinearAlgebra 
  [56ddb016] + Logging 
  [d6f4376e] + Markdown 
  [a63ad114] + Mmap 
  [44cfe95a] + Pkg 
  [de0858da] + Printf 
  [3fa0cd96] + REPL 
  [9a3f8284] + Random 
  [ea8e919c] + SHA 
  [9e88b42a] + Serialization 
  [1a1011a3] + SharedArrays 
  [6462fe0b] + Sockets 
  [2f01184e] + SparseArrays 
  [10745b16] + Statistics 
  [8dfed614] + Test 
  [cf7118a7] + UUIDs 
  [4ec0a83e] + Unicode 
  Building MbedTLS → `~/.julia/packages/MbedTLS/a1JFn/deps/build.log`
  Building WebIO ──→ `~/.julia/packages/WebIO/2mZPb/deps/build.log`
   Testing Tachyons
 Resolving package versions...
ERROR: Unsatisfiable requirements detected for package BinDeps [9e28174c]:
 BinDeps [9e28174c] log:
 ├─possible versions are: [0.7.0, 0.8.9-0.8.10] or uninstalled
 ├─restricted by compatibility requirements with Compat [34da2185] to versions: uninstalled
 │ └─Compat [34da2185] log:
 │   ├─possible versions are: [1.0.0-1.0.1, 1.1.0, 1.2.0, 1.3.0, 1.4.0, 1.5.0-1.5.1, 2.0.0, 2.1.0, 2.2.0, 3.0.0] or uninstalled
 │   └─restricted to versions 3.0.0 by an explicit requirement, leaving only versions 3.0.0
 └─restricted by compatibility requirements with Blink [ad839575] to versions: [0.7.0, 0.8.9-0.8.10] — no versions left
   └─Blink [ad839575] log:
     ├─possible versions are: [0.8.0-0.8.1, 0.9.0, 0.10.0-0.10.1, 0.11.0, 0.12.0] or uninstalled
     └─restricted to versions 0.0.0-* by an explicit requirement, leaving only versions [0.8.0-0.8.1, 0.9.0, 0.10.0-0.10.1, 0.11.0, 0.12.0]
Stacktrace:
 [1] #propagate_constraints!#61(::Bool, ::typeof(Pkg.GraphType.propagate_constraints!), ::Pkg.GraphType.Graph, ::Set{Int64}) at /buildworker/worker/package_linux64/build/usr/share/julia/stdlib/v1.2/Pkg/src/GraphType.jl:1007
 [2] propagate_constraints! at /buildworker/worker/package_linux64/build/usr/share/julia/stdlib/v1.2/Pkg/src/GraphType.jl:948 [inlined]
 [3] #simplify_graph!#121(::Bool, ::typeof(Pkg.GraphType.simplify_graph!), ::Pkg.GraphType.Graph, ::Set{Int64}) at /buildworker/worker/package_linux64/build/usr/share/julia/stdlib/v1.2/Pkg/src/GraphType.jl:1462
 [4] simplify_graph! at /buildworker/worker/package_linux64/build/usr/share/julia/stdlib/v1.2/Pkg/src/GraphType.jl:1462 [inlined] (repeats 2 times)
 [5] _resolve_versions!(::Pkg.Types.Context, ::Array{Pkg.Types.PackageSpec,1}, ::Nothing) at /buildworker/worker/package_linux64/build/usr/share/julia/stdlib/v1.2/Pkg/src/backwards_compatible_isolation.jl:148
 [6] _resolve_versions! at /buildworker/worker/package_linux64/build/usr/share/julia/stdlib/v1.2/Pkg/src/backwards_compatible_isolation.jl:93 [inlined]
 [7] #_add_or_develop#26(::Array{Base.UUID,1}, ::Symbol, ::typeof(Pkg.Operations._add_or_develop), ::Pkg.Types.Context, ::Array{Pkg.Types.PackageSpec,1}) at /buildworker/worker/package_linux64/build/usr/share/julia/stdlib/v1.2/Pkg/src/backwards_compatible_isolation.jl:348
 [8] _add_or_develop at /buildworker/worker/package_linux64/build/usr/share/julia/stdlib/v1.2/Pkg/src/backwards_compatible_isolation.jl:333 [inlined]
 [9] (::getfield(Pkg.Operations, Symbol("##30#36")){Bool,getfield(Pkg.Operations, Symbol("##41#43")){Pkg.Types.Context,Pkg.Types.PackageSpec,getfield(Pkg.Operations, Symbol("##40#42")){Pkg.Types.Context,Pkg.Types.PackageSpec,Array{String,1},Cmd}},Pkg.Types.Context,Pkg.Types.PackageSpec,Pkg.Types.Context,Set{Base.UUID},Set{Base.UUID},Array{Pkg.Types.PackageSpec,1}})(::String) at /buildworker/worker/package_linux64/build/usr/share/julia/stdlib/v1.2/Pkg/src/backwards_compatible_isolation.jl:537
 [10] #mktempdir#15(::String, ::typeof(mktempdir), ::getfield(Pkg.Operations, Symbol("##30#36")){Bool,getfield(Pkg.Operations, Symbol("##41#43")){Pkg.Types.Context,Pkg.Types.PackageSpec,getfield(Pkg.Operations, Symbol("##40#42")){Pkg.Types.Context,Pkg.Types.PackageSpec,Array{String,1},Cmd}},Pkg.Types.Context,Pkg.Types.PackageSpec,Pkg.Types.Context,Set{Base.UUID},Set{Base.UUID},Array{Pkg.Types.PackageSpec,1}}, ::String) at ./file.jl:584
 [11] mktempdir at ./file.jl:582 [inlined] (repeats 2 times)
 [12] #with_dependencies_loadable_at_toplevel#27(::Bool, ::typeof(Pkg.Operations.with_dependencies_loadable_at_toplevel), ::getfield(Pkg.Operations, Symbol("##41#43")){Pkg.Types.Context,Pkg.Types.PackageSpec,getfield(Pkg.Operations, Symbol("##40#42")){Pkg.Types.Context,Pkg.Types.PackageSpec,Array{String,1},Cmd}}, ::Pkg.Types.Context, ::Pkg.Types.PackageSpec) at /buildworker/worker/package_linux64/build/usr/share/julia/stdlib/v1.2/Pkg/src/backwards_compatible_isolation.jl:516
 [13] #with_dependencies_loadable_at_toplevel at ./none:0 [inlined]
 [14] backwards_compatibility_for_test(::Pkg.Types.Context, ::Pkg.Types.PackageSpec, ::String, ::Array{String,1}, ::Bool) at /buildworker/worker/package_linux64/build/usr/share/julia/stdlib/v1.2/Pkg/src/backwards_compatible_isolation.jl:606
 [15] #test#119(::Bool, ::Nothing, ::typeof(Pkg.Operations.test), ::Pkg.Types.Context, ::Array{Pkg.Types.PackageSpec,1}) at /buildworker/worker/package_linux64/build/usr/share/julia/stdlib/v1.2/Pkg/src/Operations.jl:1263
 [16] #test at ./none:0 [inlined]
 [17] #test#62(::Bool, ::Nothing, ::Base.Iterators.Pairs{Union{},Union{},Tuple{},NamedTuple{(),Tuple{}}}, ::typeof(Pkg.API.test), ::Pkg.Types.Context, ::Array{Pkg.Types.PackageSpec,1}) at /buildworker/worker/package_linux64/build/usr/share/julia/stdlib/v1.2/Pkg/src/API.jl:245
 [18] test at /buildworker/worker/package_linux64/build/usr/share/julia/stdlib/v1.2/Pkg/src/API.jl:233 [inlined]
 [19] #test#61 at /buildworker/worker/package_linux64/build/usr/share/julia/stdlib/v1.2/Pkg/src/API.jl:230 [inlined]
 [20] test at /buildworker/worker/package_linux64/build/usr/share/julia/stdlib/v1.2/Pkg/src/API.jl:230 [inlined]
 [21] #test#60 at /buildworker/worker/package_linux64/build/usr/share/julia/stdlib/v1.2/Pkg/src/API.jl:229 [inlined]
 [22] test at /buildworker/worker/package_linux64/build/usr/share/julia/stdlib/v1.2/Pkg/src/API.jl:229 [inlined]
 [23] #test#59(::Base.Iterators.Pairs{Union{},Union{},Tuple{},NamedTuple{(),Tuple{}}}, ::typeof(Pkg.API.test), ::String) at /buildworker/worker/package_linux64/build/usr/share/julia/stdlib/v1.2/Pkg/src/API.jl:228
 [24] test(::String) at /buildworker/worker/package_linux64/build/usr/share/julia/stdlib/v1.2/Pkg/src/API.jl:228
 [25] top-level scope at none:10
