 Resolving package versions...
 Installed DataAPI ──────────── v1.1.0
 Installed Missings ─────────── v0.4.3
 Installed Parsers ──────────── v0.3.10
 Installed KCenters ─────────── v0.1.1
 Installed OrderedCollections ─ v1.1.0
 Installed StatsBase ────────── v0.32.0
 Installed JSON ─────────────── v0.21.0
 Installed SimilaritySearch ─── v0.3.16
 Installed SortingAlgorithms ── v0.3.1
 Installed DataStructures ───── v0.17.6
  Updating `~/.julia/environments/v1.0/Project.toml`
  [5d8de97f] + KCenters v0.1.1
  Updating `~/.julia/environments/v1.0/Manifest.toml`
  [9a962f9c] + DataAPI v1.1.0
  [864edb3b] + DataStructures v0.17.6
  [682c06a0] + JSON v0.21.0
  [5d8de97f] + KCenters v0.1.1
  [e1d29d7a] + Missings v0.4.3
  [bac558e1] + OrderedCollections v1.1.0
  [69de0a69] + Parsers v0.3.10
  [053f045d] + SimilaritySearch v0.3.16
  [a2af1166] + SortingAlgorithms v0.3.1
  [2913bbd2] + StatsBase v0.32.0
  [2a0f44e3] + Base64 
  [ade2ca70] + Dates 
  [8bb1440f] + DelimitedFiles 
  [8ba89e20] + Distributed 
  [b77e0a4c] + InteractiveUtils 
  [8f399da3] + Libdl 
  [37e2e46d] + LinearAlgebra 
  [56ddb016] + Logging 
  [d6f4376e] + Markdown 
  [a63ad114] + Mmap 
  [de0858da] + Printf 
  [9a3f8284] + Random 
  [9e88b42a] + Serialization 
  [6462fe0b] + Sockets 
  [2f01184e] + SparseArrays 
  [10745b16] + Statistics 
  [8dfed614] + Test 
  [4ec0a83e] + Unicode 
   Testing KCenters
    Status `/tmp/tmpntBr2B/Manifest.toml`
  [9a962f9c] DataAPI v1.1.0
  [864edb3b] DataStructures v0.17.6
  [682c06a0] JSON v0.21.0
  [5d8de97f] KCenters v0.1.1
  [e1d29d7a] Missings v0.4.3
  [bac558e1] OrderedCollections v1.1.0
  [69de0a69] Parsers v0.3.10
  [053f045d] SimilaritySearch v0.3.16
  [a2af1166] SortingAlgorithms v0.3.1
  [2913bbd2] StatsBase v0.32.0
  [2a0f44e3] Base64  [`@stdlib/Base64`]
  [ade2ca70] Dates  [`@stdlib/Dates`]
  [8bb1440f] DelimitedFiles  [`@stdlib/DelimitedFiles`]
  [8ba89e20] Distributed  [`@stdlib/Distributed`]
  [b77e0a4c] InteractiveUtils  [`@stdlib/InteractiveUtils`]
  [8f399da3] Libdl  [`@stdlib/Libdl`]
  [37e2e46d] LinearAlgebra  [`@stdlib/LinearAlgebra`]
  [56ddb016] Logging  [`@stdlib/Logging`]
  [d6f4376e] Markdown  [`@stdlib/Markdown`]
  [a63ad114] Mmap  [`@stdlib/Mmap`]
  [de0858da] Printf  [`@stdlib/Printf`]
  [9a3f8284] Random  [`@stdlib/Random`]
  [9e88b42a] Serialization  [`@stdlib/Serialization`]
  [6462fe0b] Sockets  [`@stdlib/Sockets`]
  [2f01184e] SparseArrays  [`@stdlib/SparseArrays`]
  [10745b16] Statistics  [`@stdlib/Statistics`]
  [8dfed614] Test  [`@stdlib/Test`]
  [4ec0a83e] Unicode  [`@stdlib/Unicode`]
  % Total    % Received % Xferd  Average Speed   Time    Time     Time  Current
                                 Dload  Upload   Total   Spent    Left  Speed
  0     0    0     0    0     0      0      0 --:--:-- --:--:-- --:--:--     0  0     0    0     0    0     0      0      0 --:--:-- --:--:-- --:--:--     0100  4551  100  4551    0     0   7212      0 --:--:-- --:--:-- --:--:--  7200
[ Info: 156.84999999999994
[ Info: 82.73
[ Info: 45.7
[ Info: 28.369999999999994
Test Summary:        | Pass  Total
Clustering with enet |    4      4
[ Info: 313.64000338064864
[ Info: 547.7999992523
[ Info: 146.21999835129265
[ Info: 76.54000116754553
Test Summary:        |
Clustering with dnet | No tests
inertia(cfft.distances) = 19.083015863565432
inertia(cdnet.distances) = 24.48152651386212
inertia(crand.distances) = 21.320274924566736
Test Summary:            |
Clustering with KCenters | No tests
==== BEGIN Opt. BeamSearch, expected recall: 0.99, n: 9
  == Begin Opt. BeamSearch iteration: 1, expected recall: 0.99, n: 9
    ** Opt. BeamSearch. A new best conf was found> score: 0.580078125, conf: {"ssize":4,"bsize":3}, perf: {"precision":1.0,"recall":0.580078125,"f1":0.7188573579198585,"seconds":3.4440308809280396e-6,"exhaustive_search_seconds":1.344829797744751e-6,"evaluations":7.6640625,"distances_sum":1594.435293598709}, best_list's length: 2, n: 9
    ** Opt. BeamSearch. A new best conf was found> score: 0.6953125, conf: {"ssize":5,"bsize":4}, perf: {"precision":1.0,"recall":0.6953125,"f1":0.8100690975690985,"seconds":3.993511199951172e-6,"exhaustive_search_seconds":1.344829797744751e-6,"evaluations":8.109375,"distances_sum":1997.6047211838666}, best_list's length: 3, n: 9
  == End Opt. BeamSearch. Iteration finished; {"score":0.6953125,"state":{"ssize":5,"bsize":4},"perf":{"precision":1.0,"recall":0.6953125,"f1":0.8100690975690985,"seconds":3.993511199951172e-6,"exhaustive_search_seconds":1.344829797744751e-6,"evaluations":8.109375,"distances_sum":1997.6047211838666}}, beam: 3, n: 9
  == Begin Opt. BeamSearch iteration: 2, expected recall: 0.99, n: 9
    ** Opt. BeamSearch. A new best conf was found> score: 0.8388671875, conf: {"ssize":4,"bsize":6}, perf: {"precision":1.0,"recall":0.8388671875,"f1":0.9061698717948727,"seconds":4.4871121644973755e-6,"exhaustive_search_seconds":1.344829797744751e-6,"evaluations":8.515625,"distances_sum":2563.9804614447476}, best_list's length: 4, n: 9
  == End Opt. BeamSearch. Iteration finished; {"score":0.8388671875,"state":{"ssize":4,"bsize":6},"perf":{"precision":1.0,"recall":0.8388671875,"f1":0.9061698717948727,"seconds":4.4871121644973755e-6,"exhaustive_search_seconds":1.344829797744751e-6,"evaluations":8.515625,"distances_sum":2563.9804614447476}}, beam: 4, n: 9
  == Begin Opt. BeamSearch iteration: 3, expected recall: 0.99, n: 9
    ** Opt. BeamSearch. A new best conf was found> score: 0.9453125, conf: {"ssize":3,"bsize":10}, perf: {"precision":1.0,"recall":0.9453125,"f1":0.9698489010989013,"seconds":4.827976226806641e-6,"exhaustive_search_seconds":1.344829797744751e-6,"evaluations":8.8984375,"distances_sum":3073.5339896910245}, best_list's length: 5, n: 9
    ** Opt. BeamSearch. A new best conf was found> score: 0.87890625, conf: {"ssize":7,"bsize":7}, perf: {"precision":1.0,"recall":0.87890625,"f1":0.9294387903762911,"seconds":4.583969712257385e-6,"exhaustive_search_seconds":1.344829797744751e-6,"evaluations":8.6484375,"distances_sum":2745.1674263362806}, best_list's length: 6, n: 9
    ** Opt. BeamSearch. A new best conf was found> score: 0.923828125, conf: {"ssize":6,"bsize":9}, perf: {"precision":1.0,"recall":0.923828125,"f1":0.9565876831501834,"seconds":4.881992936134338e-6,"exhaustive_search_seconds":1.344829797744751e-6,"evaluations":8.84375,"distances_sum":2975.5000174896577}, best_list's length: 8, n: 9
  == End Opt. BeamSearch. Iteration finished; {"score":0.9453125,"state":{"ssize":3,"bsize":10},"perf":{"precision":1.0,"recall":0.9453125,"f1":0.9698489010989013,"seconds":4.827976226806641e-6,"exhaustive_search_seconds":1.344829797744751e-6,"evaluations":8.8984375,"distances_sum":3073.5339896910245}}, beam: 4, n: 9
==== END Opt. BeamSearch. Finished, best: {"score":0.9453125,"state":{"ssize":3,"bsize":10},"perf":{"precision":1.0,"recall":0.9453125,"f1":0.9698489010989013,"seconds":4.827976226806641e-6,"exhaustive_search_seconds":1.344829797744751e-6,"evaluations":8.8984375,"distances_sum":3073.5339896910245}}, n: 9
==== BEGIN Opt. BeamSearch, expected recall: 0.99, n: 9
  == Begin Opt. BeamSearch iteration: 1, expected recall: 0.99, n: 9
    ** Opt. BeamSearch. A new best conf was found> score: 0.1748046875, conf: {"ssize":4,"bsize":1}, perf: {"precision":null,"recall":0.1748046875,"f1":null,"seconds":2.4996697902679443e-6,"exhaustive_search_seconds":1.298263669013977e-6,"evaluations":4.8046875,"distances_sum":474.82036248464675}, best_list's length: 2, n: 9
    ** Opt. BeamSearch. A new best conf was found> score: 0.7412109375, conf: {"ssize":1,"bsize":5}, perf: {"precision":1.0,"recall":0.7412109375,"f1":0.8409567862692873,"seconds":4.0996819734573364e-6,"exhaustive_search_seconds":1.298263669013977e-6,"evaluations":8.0703125,"distances_sum":2086.3903154431046}, best_list's length: 3, n: 9
  == End Opt. BeamSearch. Iteration finished; {"score":0.7412109375,"state":{"ssize":1,"bsize":5},"perf":{"precision":1.0,"recall":0.7412109375,"f1":0.8409567862692873,"seconds":4.0996819734573364e-6,"exhaustive_search_seconds":1.298263669013977e-6,"evaluations":8.0703125,"distances_sum":2086.3903154431046}}, beam: 3, n: 9
  == Begin Opt. BeamSearch iteration: 2, expected recall: 0.99, n: 9
    ** Opt. BeamSearch. A new best conf was found> score: 0.8173828125, conf: {"ssize":1,"bsize":6}, perf: {"precision":1.0,"recall":0.8173828125,"f1":0.8926339285714294,"seconds":4.386529326438904e-6,"exhaustive_search_seconds":1.298263669013977e-6,"evaluations":8.640625,"distances_sum":2408.3539185249456}, best_list's length: 4, n: 9
    ** Opt. BeamSearch. A new best conf was found> score: 0.8642578125, conf: {"ssize":1,"bsize":7}, perf: {"precision":1.0,"recall":0.8642578125,"f1":0.9205705752580756,"seconds":4.837289452552795e-6,"exhaustive_search_seconds":1.298263669013977e-6,"evaluations":8.6640625,"distances_sum":2571.0764049691497}, best_list's length: 5, n: 9
    ** Opt. BeamSearch. A new best conf was found> score: 0.9111328125, conf: {"ssize":1,"bsize":8}, perf: {"precision":1.0,"recall":0.9111328125,"f1":0.948280365467866,"seconds":4.857778549194336e-6,"exhaustive_search_seconds":1.298263669013977e-6,"evaluations":8.8046875,"distances_sum":2826.860709346855}, best_list's length: 6, n: 9
  == End Opt. BeamSearch. Iteration finished; {"score":0.9111328125,"state":{"ssize":1,"bsize":8},"perf":{"precision":1.0,"recall":0.9111328125,"f1":0.948280365467866,"seconds":4.857778549194336e-6,"exhaustive_search_seconds":1.298263669013977e-6,"evaluations":8.8046875,"distances_sum":2826.860709346855}}, beam: 4, n: 9
  == Begin Opt. BeamSearch iteration: 3, expected recall: 0.99, n: 9
    ** Opt. BeamSearch. A new best conf was found> score: 0.916015625, conf: {"ssize":1,"bsize":9}, perf: {"precision":1.0,"recall":0.916015625,"f1":0.9526671245421251,"seconds":4.382804036140442e-6,"exhaustive_search_seconds":1.298263669013977e-6,"evaluations":8.8828125,"distances_sum":2825.6845966351443}, best_list's length: 5, n: 9
    ** Opt. BeamSearch. A new best conf was found> score: 0.93359375, conf: {"ssize":2,"bsize":8}, perf: {"precision":1.0,"recall":0.93359375,"f1":0.9625457875457883,"seconds":4.449859261512756e-6,"exhaustive_search_seconds":1.298263669013977e-6,"evaluations":8.8515625,"distances_sum":2936.090458334443}, best_list's length: 6, n: 9
    ** Opt. BeamSearch. A new best conf was found> score: 0.9326171875, conf: {"ssize":4,"bsize":9}, perf: {"precision":1.0,"recall":0.9326171875,"f1":0.9626888736263741,"seconds":4.3585896492004395e-6,"exhaustive_search_seconds":1.298263669013977e-6,"evaluations":8.8984375,"distances_sum":2913.1954038247554}, best_list's length: 8, n: 9
    ** Opt. BeamSearch. A new best conf was found> score: 0.943359375, conf: {"ssize":1,"bsize":10}, perf: {"precision":1.0,"recall":0.943359375,"f1":0.9686412545787552,"seconds":4.410743713378906e-6,"exhaustive_search_seconds":1.298263669013977e-6,"evaluations":8.90625,"distances_sum":2954.288044107231}, best_list's length: 9, n: 9
  == End Opt. BeamSearch. Iteration finished; {"score":0.943359375,"state":{"ssize":1,"bsize":10},"perf":{"precision":1.0,"recall":0.943359375,"f1":0.9686412545787552,"seconds":4.410743713378906e-6,"exhaustive_search_seconds":1.298263669013977e-6,"evaluations":8.90625,"distances_sum":2954.288044107231}}, beam: 4, n: 9
==== END Opt. BeamSearch. Finished, best: {"score":0.943359375,"state":{"ssize":1,"bsize":10},"perf":{"precision":1.0,"recall":0.943359375,"f1":0.9686412545787552,"seconds":4.410743713378906e-6,"exhaustive_search_seconds":1.298263669013977e-6,"evaluations":8.90625,"distances_sum":2954.288044107231}}, n: 9
==== BEGIN Opt. BeamSearch, expected recall: 0.99, n: 9
  == Begin Opt. BeamSearch iteration: 1, expected recall: 0.99, n: 9
    ** Opt. BeamSearch. A new best conf was found> score: 0.51171875, conf: {"ssize":1,"bsize":3}, perf: {"precision":1.0,"recall":0.51171875,"f1":0.6620032745032749,"seconds":3.073364496231079e-6,"exhaustive_search_seconds":1.1175870895385742e-6,"evaluations":6.7578125,"distances_sum":1431.2358399327509}, best_list's length: 2, n: 9
  == End Opt. BeamSearch. Iteration finished; {"score":0.51171875,"state":{"ssize":1,"bsize":3},"perf":{"precision":1.0,"recall":0.51171875,"f1":0.6620032745032749,"seconds":3.073364496231079e-6,"exhaustive_search_seconds":1.1175870895385742e-6,"evaluations":6.7578125,"distances_sum":1431.2358399327509}}, beam: 2, n: 9
  == Begin Opt. BeamSearch iteration: 2, expected recall: 0.99, n: 9
    ** Opt. BeamSearch. A new best conf was found> score: 0.7314453125, conf: {"ssize":1,"bsize":5}, perf: {"precision":1.0,"recall":0.7314453125,"f1":0.8335596694971704,"seconds":3.7495046854019165e-6,"exhaustive_search_seconds":1.1175870895385742e-6,"evaluations":7.90625,"distances_sum":2185.2140303488272}, best_list's length: 5, n: 9
  == End Opt. BeamSearch. Iteration finished; {"score":0.7314453125,"state":{"ssize":1,"bsize":5},"perf":{"precision":1.0,"recall":0.7314453125,"f1":0.8335596694971704,"seconds":3.7495046854019165e-6,"exhaustive_search_seconds":1.1175870895385742e-6,"evaluations":7.90625,"distances_sum":2185.2140303488272}}, beam: 4, n: 9
  == Begin Opt. BeamSearch iteration: 3, expected recall: 0.99, n: 9
    ** Opt. BeamSearch. A new best conf was found> score: 0.9052734375, conf: {"ssize":5,"bsize":8}, perf: {"precision":1.0,"recall":0.9052734375,"f1":0.9453811813186818,"seconds":4.24310564994812e-6,"exhaustive_search_seconds":1.1175870895385742e-6,"evaluations":8.703125,"distances_sum":2872.72365164302}, best_list's length: 5, n: 9
    ** Opt. BeamSearch. A new best conf was found> score: 0.814453125, conf: {"ssize":3,"bsize":6}, perf: {"precision":1.0,"recall":0.814453125,"f1":0.8892836330336339,"seconds":4.1425228118896484e-6,"exhaustive_search_seconds":1.1175870895385742e-6,"evaluations":8.3515625,"distances_sum":2513.8411047753316}, best_list's length: 6, n: 9
  == End Opt. BeamSearch. Iteration finished; {"score":0.9052734375,"state":{"ssize":5,"bsize":8},"perf":{"precision":1.0,"recall":0.9052734375,"f1":0.9453811813186818,"seconds":4.24310564994812e-6,"exhaustive_search_seconds":1.1175870895385742e-6,"evaluations":8.703125,"distances_sum":2872.72365164302}}, beam: 4, n: 9
==== END Opt. BeamSearch. Finished, best: {"score":0.9052734375,"state":{"ssize":5,"bsize":8},"perf":{"precision":1.0,"recall":0.9052734375,"f1":0.9453811813186818,"seconds":4.24310564994812e-6,"exhaustive_search_seconds":1.1175870895385742e-6,"evaluations":8.703125,"distances_sum":2872.72365164302}}, n: 9
==== BEGIN Opt. BeamSearch, expected recall: 0.99, n: 9
  == Begin Opt. BeamSearch iteration: 1, expected recall: 0.99, n: 9
    ** Opt. BeamSearch. A new best conf was found> score: 0.4208984375, conf: {"ssize":1,"bsize":2}, perf: {"precision":null,"recall":0.4208984375,"f1":null,"seconds":3.112480044364929e-6,"exhaustive_search_seconds":1.0710209608078003e-6,"evaluations":6.8125,"distances_sum":1028.8428957545937}, best_list's length: 2, n: 9
    ** Opt. BeamSearch. A new best conf was found> score: 0.5498046875, conf: {"ssize":1,"bsize":3}, perf: {"precision":1.0,"recall":0.5498046875,"f1":0.6946012321012327,"seconds":3.419816493988037e-6,"exhaustive_search_seconds":1.0710209608078003e-6,"evaluations":7.8046875,"distances_sum":1432.3341685402368}, best_list's length: 3, n: 9
  == End Opt. BeamSearch. Iteration finished; {"score":0.5498046875,"state":{"ssize":1,"bsize":3},"perf":{"precision":1.0,"recall":0.5498046875,"f1":0.6946012321012327,"seconds":3.419816493988037e-6,"exhaustive_search_seconds":1.0710209608078003e-6,"evaluations":7.8046875,"distances_sum":1432.3341685402368}}, beam: 3, n: 9
  == Begin Opt. BeamSearch iteration: 2, expected recall: 0.99, n: 9
    ** Opt. BeamSearch. A new best conf was found> score: 0.8828125, conf: {"ssize":2,"bsize":7}, perf: {"precision":1.0,"recall":0.8828125,"f1":0.9318025724275728,"seconds":4.693865776062012e-6,"exhaustive_search_seconds":1.0710209608078003e-6,"evaluations":8.6796875,"distances_sum":2682.0969218406367}, best_list's length: 4, n: 9
  == End Opt. BeamSearch. Iteration finished; {"score":0.8828125,"state":{"ssize":2,"bsize":7},"perf":{"precision":1.0,"recall":0.8828125,"f1":0.9318025724275728,"seconds":4.693865776062012e-6,"exhaustive_search_seconds":1.0710209608078003e-6,"evaluations":8.6796875,"distances_sum":2682.0969218406367}}, beam: 4, n: 9
  == Begin Opt. BeamSearch iteration: 3, expected recall: 0.99, n: 9
    ** Opt. BeamSearch. A new best conf was found> score: 0.951171875, conf: {"ssize":1,"bsize":11}, perf: {"precision":1.0,"recall":0.951171875,"f1":0.9725477647352652,"seconds":4.839152097702026e-6,"exhaustive_search_seconds":1.0710209608078003e-6,"evaluations":8.9765625,"distances_sum":2974.592570444286}, best_list's length: 5, n: 9
    ** Opt. BeamSearch. A new best conf was found> score: 0.9619140625, conf: {"ssize":3,"bsize":11}, perf: {"precision":1.0,"recall":0.9619140625,"f1":0.9789091117216122,"seconds":4.637986421585083e-6,"exhaustive_search_seconds":1.0710209608078003e-6,"evaluations":8.96875,"distances_sum":3018.449049196064}, best_list's length: 7, n: 9
  == End Opt. BeamSearch. Iteration finished; {"score":0.9619140625,"state":{"ssize":3,"bsize":11},"perf":{"precision":1.0,"recall":0.9619140625,"f1":0.9789091117216122,"seconds":4.637986421585083e-6,"exhaustive_search_seconds":1.0710209608078003e-6,"evaluations":8.96875,"distances_sum":3018.449049196064}}, beam: 4, n: 9
==== END Opt. BeamSearch. Finished, best: {"score":0.9619140625,"state":{"ssize":3,"bsize":11},"perf":{"precision":1.0,"recall":0.9619140625,"f1":0.9789091117216122,"seconds":4.637986421585083e-6,"exhaustive_search_seconds":1.0710209608078003e-6,"evaluations":8.96875,"distances_sum":3018.449049196064}}, n: 9
==== BEGIN Opt. BeamSearch, expected recall: 0.99, n: 9
  == Begin Opt. BeamSearch iteration: 1, expected recall: 0.99, n: 9
    ** Opt. BeamSearch. A new best conf was found> score: 0.4443359375, conf: {"ssize":2,"bsize":2}, perf: {"precision":null,"recall":0.4443359375,"f1":null,"seconds":3.2223761081695557e-6,"exhaustive_search_seconds":1.1865049600601196e-6,"evaluations":6.9140625,"distances_sum":1137.2960491312745}, best_list's length: 2, n: 9
    ** Opt. BeamSearch. A new best conf was found> score: 0.763671875, conf: {"ssize":1,"bsize":5}, perf: {"precision":1.0,"recall":0.763671875,"f1":0.8574529637029646,"seconds":4.082918167114258e-6,"exhaustive_search_seconds":1.1865049600601196e-6,"evaluations":8.3515625,"distances_sum":2161.4106833634937}, best_list's length: 3, n: 9
    ** Opt. BeamSearch. A new best conf was found> score: 0.2568359375, conf: {"ssize":3,"bsize":1}, perf: {"precision":null,"recall":0.2568359375,"f1":null,"seconds":2.983957529067993e-6,"exhaustive_search_seconds":1.1865049600601196e-6,"evaluations":6.9921875,"distances_sum":641.2831246800871}, best_list's length: 4, n: 9
  == End Opt. BeamSearch. Iteration finished; {"score":0.763671875,"state":{"ssize":1,"bsize":5},"perf":{"precision":1.0,"recall":0.763671875,"f1":0.8574529637029646,"seconds":4.082918167114258e-6,"exhaustive_search_seconds":1.1865049600601196e-6,"evaluations":8.3515625,"distances_sum":2161.4106833634937}}, beam: 4, n: 9
  == Begin Opt. BeamSearch iteration: 2, expected recall: 0.99, n: 9
    ** Opt. BeamSearch. A new best conf was found> score: 0.8935546875, conf: {"ssize":1,"bsize":7}, perf: {"precision":1.0,"recall":0.8935546875,"f1":0.9381581959706967,"seconds":4.583969712257385e-6,"exhaustive_search_seconds":1.1865049600601196e-6,"evaluations":8.875,"distances_sum":2696.14844074222}, best_list's length: 6, n: 9
    ** Opt. BeamSearch. A new best conf was found> score: 0.896484375, conf: {"ssize":5,"bsize":7}, perf: {"precision":1.0,"recall":0.896484375,"f1":0.9394459706959712,"seconds":4.839152097702026e-6,"exhaustive_search_seconds":1.1865049600601196e-6,"evaluations":8.953125,"distances_sum":2671.899415997264}, best_list's length: 7, n: 9
    ** Opt. BeamSearch. A new best conf was found> score: 0.9423828125, conf: {"ssize":1,"bsize":9}, perf: {"precision":1.0,"recall":0.9423828125,"f1":0.9677140567765574,"seconds":4.7869980335235596e-6,"exhaustive_search_seconds":1.1865049600601196e-6,"evaluations":8.96875,"distances_sum":2918.0172229163886}, best_list's length: 8, n: 9
    ** Opt. BeamSearch. A new best conf was found> score: 0.833984375, conf: {"ssize":6,"bsize":6}, perf: {"precision":1.0,"recall":0.833984375,"f1":0.9035318847818856,"seconds":4.4871121644973755e-6,"exhaustive_search_seconds":1.1865049600601196e-6,"evaluations":8.953125,"distances_sum":2417.3581156657706}, best_list's length: 9, n: 9
    ** Opt. BeamSearch. A new best conf was found> score: 0.7724609375, conf: {"ssize":5,"bsize":5}, perf: {"precision":1.0,"recall":0.7724609375,"f1":0.8644980019980028,"seconds":4.254281520843506e-6,"exhaustive_search_seconds":1.1865049600601196e-6,"evaluations":8.4765625,"distances_sum":2193.725694404916}, best_list's length: 11, n: 9
  == End Opt. BeamSearch. Iteration finished; {"score":0.9423828125,"state":{"ssize":1,"bsize":9},"perf":{"precision":1.0,"recall":0.9423828125,"f1":0.9677140567765574,"seconds":4.7869980335235596e-6,"exhaustive_search_seconds":1.1865049600601196e-6,"evaluations":8.96875,"distances_sum":2918.0172229163886}}, beam: 4, n: 9
  == Begin Opt. BeamSearch iteration: 3, expected recall: 0.99, n: 9
    ** Opt. BeamSearch. A new best conf was found> score: 0.97265625, conf: {"ssize":5,"bsize":12}, perf: {"precision":1.0,"recall":0.97265625,"f1":0.9852678571428575,"seconds":5.152076482772827e-6,"exhaustive_search_seconds":1.1865049600601196e-6,"evaluations":9.0,"distances_sum":3067.371435510209}, best_list's length: 6, n: 9
    ** Opt. BeamSearch. A new best conf was found> score: 0.9501953125, conf: {"ssize":9,"bsize":9}, perf: {"precision":1.0,"recall":0.9501953125,"f1":0.9726018772893774,"seconds":5.260109901428223e-6,"exhaustive_search_seconds":1.1865049600601196e-6,"evaluations":9.0,"distances_sum":2950.044237825652}, best_list's length: 7, n: 9
    ** Opt. BeamSearch. A new best conf was found> score: 0.951171875, conf: {"ssize":2,"bsize":11}, perf: {"precision":1.0,"recall":0.951171875,"f1":0.973031135531136,"seconds":5.302950739860535e-6,"exhaustive_search_seconds":1.1865049600601196e-6,"evaluations":8.984375,"distances_sum":2954.75690733357}, best_list's length: 8, n: 9
    ** Opt. BeamSearch. A new best conf was found> score: 0.947265625, conf: {"ssize":3,"bsize":10}, perf: {"precision":1.0,"recall":0.947265625,"f1":0.9699233058608061,"seconds":4.652887582778931e-6,"exhaustive_search_seconds":1.1865049600601196e-6,"evaluations":8.953125,"distances_sum":2957.9226373749416}, best_list's length: 13, n: 9
    ** Opt. BeamSearch. A new best conf was found> score: 0.9541015625, conf: {"ssize":6,"bsize":9}, perf: {"precision":1.0,"recall":0.9541015625,"f1":0.9744448260073264,"seconds":4.714354872703552e-6,"exhaustive_search_seconds":1.1865049600601196e-6,"evaluations":8.9453125,"distances_sum":2976.4631278107518}, best_list's length: 14, n: 9
  == End Opt. BeamSearch. Iteration finished; {"score":0.97265625,"state":{"ssize":5,"bsize":12},"perf":{"precision":1.0,"recall":0.97265625,"f1":0.9852678571428575,"seconds":5.152076482772827e-6,"exhaustive_search_seconds":1.1865049600601196e-6,"evaluations":9.0,"distances_sum":3067.371435510209}}, beam: 4, n: 9
==== END Opt. BeamSearch. Finished, best: {"score":0.97265625,"state":{"ssize":5,"bsize":12},"perf":{"precision":1.0,"recall":0.97265625,"f1":0.9852678571428575,"seconds":5.152076482772827e-6,"exhaustive_search_seconds":1.1865049600601196e-6,"evaluations":9.0,"distances_sum":3067.371435510209}}, n: 9
==== BEGIN Opt. BeamSearch, expected recall: 0.99, n: 9
  == Begin Opt. BeamSearch iteration: 1, expected recall: 0.99, n: 9
    ** Opt. BeamSearch. A new best conf was found> score: 0.7607421875, conf: {"ssize":1,"bsize":5}, perf: {"precision":1.0,"recall":0.7607421875,"f1":0.8567859224109234,"seconds":4.2710453271865845e-6,"exhaustive_search_seconds":1.1492520570755005e-6,"evaluations":8.1171875,"distances_sum":2175.3327193822097}, best_list's length: 2, n: 9
    ** Opt. BeamSearch. A new best conf was found> score: 0.669921875, conf: {"ssize":1,"bsize":4}, perf: {"precision":1.0,"recall":0.669921875,"f1":0.7923128954378962,"seconds":3.7923455238342285e-6,"exhaustive_search_seconds":1.1492520570755005e-6,"evaluations":7.6953125,"distances_sum":1844.8465774815759}, best_list's length: 3, n: 9
  == End Opt. BeamSearch. Iteration finished; {"score":0.7607421875,"state":{"ssize":1,"bsize":5},"perf":{"precision":1.0,"recall":0.7607421875,"f1":0.8567859224109234,"seconds":4.2710453271865845e-6,"exhaustive_search_seconds":1.1492520570755005e-6,"evaluations":8.1171875,"distances_sum":2175.3327193822097}}, beam: 3, n: 9
  == Begin Opt. BeamSearch iteration: 2, expected recall: 0.99, n: 9
    ** Opt. BeamSearch. A new best conf was found> score: 0.8994140625, conf: {"ssize":4,"bsize":8}, perf: {"precision":1.0,"recall":0.8994140625,"f1":0.9422561813186818,"seconds":4.7497451305389404e-6,"exhaustive_search_seconds":1.1492520570755005e-6,"evaluations":8.7109375,"distances_sum":2825.222982245397}, best_list's length: 4, n: 9
    ** Opt. BeamSearch. A new best conf was found> score: 0.912109375, conf: {"ssize":2,"bsize":8}, perf: {"precision":1.0,"recall":0.912109375,"f1":0.9490041208791213,"seconds":4.215165972709656e-6,"exhaustive_search_seconds":1.1492520570755005e-6,"evaluations":8.75,"distances_sum":2869.9195087135818}, best_list's length: 5, n: 9
  == End Opt. BeamSearch. Iteration finished; {"score":0.912109375,"state":{"ssize":2,"bsize":8},"perf":{"precision":1.0,"recall":0.912109375,"f1":0.9490041208791213,"seconds":4.215165972709656e-6,"exhaustive_search_seconds":1.1492520570755005e-6,"evaluations":8.75,"distances_sum":2869.9195087135818}}, beam: 4, n: 9
  == Begin Opt. BeamSearch iteration: 3, expected recall: 0.99, n: 9
    ** Opt. BeamSearch. A new best conf was found> score: 0.9189453125, conf: {"ssize":1,"bsize":9}, perf: {"precision":1.0,"recall":0.9189453125,"f1":0.9531510156510162,"seconds":4.304572939872742e-6,"exhaustive_search_seconds":1.1492520570755005e-6,"evaluations":8.7890625,"distances_sum":2873.300323630983}, best_list's length: 6, n: 9
    ** Opt. BeamSearch. A new best conf was found> score: 0.9638671875, conf: {"ssize":3,"bsize":11}, perf: {"precision":1.0,"recall":0.9638671875,"f1":0.9802827380952384,"seconds":4.863366484642029e-6,"exhaustive_search_seconds":1.1492520570755005e-6,"evaluations":8.96875,"distances_sum":3079.085017291748}, best_list's length: 7, n: 9
    ** Opt. BeamSearch. A new best conf was found> score: 0.9345703125, conf: {"ssize":3,"bsize":9}, perf: {"precision":1.0,"recall":0.9345703125,"f1":0.9632097069597074,"seconds":4.323199391365051e-6,"exhaustive_search_seconds":1.1492520570755005e-6,"evaluations":8.796875,"distances_sum":2957.95930388395}, best_list's length: 8, n: 9
    ** Opt. BeamSearch. A new best conf was found> score: 0.958984375, conf: {"ssize":1,"bsize":12}, perf: {"precision":1.0,"recall":0.958984375,"f1":0.9769745879120881,"seconds":4.623085260391235e-6,"exhaustive_search_seconds":1.1492520570755005e-6,"evaluations":8.9140625,"distances_sum":3076.0323977855255}, best_list's length: 9, n: 9
  == End Opt. BeamSearch. Iteration finished; {"score":0.9638671875,"state":{"ssize":3,"bsize":11},"perf":{"precision":1.0,"recall":0.9638671875,"f1":0.9802827380952384,"seconds":4.863366484642029e-6,"exhaustive_search_seconds":1.1492520570755005e-6,"evaluations":8.96875,"distances_sum":3079.085017291748}}, beam: 4, n: 9
==== END Opt. BeamSearch. Finished, best: {"score":0.9638671875,"state":{"ssize":3,"bsize":11},"perf":{"precision":1.0,"recall":0.9638671875,"f1":0.9802827380952384,"seconds":4.863366484642029e-6,"exhaustive_search_seconds":1.1492520570755005e-6,"evaluations":8.96875,"distances_sum":3079.085017291748}}, n: 9
==== BEGIN Opt. BeamSearch, expected recall: 0.99, n: 9
  == Begin Opt. BeamSearch iteration: 1, expected recall: 0.99, n: 9
    ** Opt. BeamSearch. A new best conf was found> score: 0.68359375, conf: {"ssize":4,"bsize":4}, perf: {"precision":1.0,"recall":0.68359375,"f1":0.8008892149517157,"seconds":3.946945071220398e-6,"exhaustive_search_seconds":1.0300427675247192e-6,"evaluations":7.78125,"distances_sum":1386.0354971541421}, best_list's length: 2, n: 9
  == End Opt. BeamSearch. Iteration finished; {"score":0.68359375,"state":{"ssize":4,"bsize":4},"perf":{"precision":1.0,"recall":0.68359375,"f1":0.8008892149517157,"seconds":3.946945071220398e-6,"exhaustive_search_seconds":1.0300427675247192e-6,"evaluations":7.78125,"distances_sum":1386.0354971541421}}, beam: 2, n: 9
  == Begin Opt. BeamSearch iteration: 2, expected recall: 0.99, n: 9
  == End Opt. BeamSearch. Iteration finished; {"score":0.68359375,"state":{"ssize":4,"bsize":4},"perf":{"precision":1.0,"recall":0.68359375,"f1":0.8008892149517157,"seconds":3.946945071220398e-6,"exhaustive_search_seconds":1.0300427675247192e-6,"evaluations":7.78125,"distances_sum":1386.0354971541421}}, beam: 4, n: 9
==== END Opt. BeamSearch. Finished, best: {"score":0.68359375,"state":{"ssize":4,"bsize":4},"perf":{"precision":1.0,"recall":0.68359375,"f1":0.8008892149517157,"seconds":3.946945071220398e-6,"exhaustive_search_seconds":1.0300427675247192e-6,"evaluations":7.78125,"distances_sum":1386.0354971541421}}, n: 9
==== BEGIN Opt. BeamSearch, expected recall: 0.99, n: 9
  == Begin Opt. BeamSearch iteration: 1, expected recall: 0.99, n: 9
    ** Opt. BeamSearch. A new best conf was found> score: 0.201171875, conf: {"ssize":4,"bsize":1}, perf: {"precision":null,"recall":0.201171875,"f1":null,"seconds":2.4829059839248657e-6,"exhaustive_search_seconds":1.0319054126739502e-6,"evaluations":5.6484375,"distances_sum":406.6306529106775}, best_list's length: 2, n: 9
  == End Opt. BeamSearch. Iteration finished; {"score":0.201171875,"state":{"ssize":4,"bsize":1},"perf":{"precision":null,"recall":0.201171875,"f1":null,"seconds":2.4829059839248657e-6,"exhaustive_search_seconds":1.0319054126739502e-6,"evaluations":5.6484375,"distances_sum":406.6306529106775}}, beam: 2, n: 9
==== END Opt. BeamSearch. Finished, best: {"score":0.201171875,"state":{"ssize":4,"bsize":1},"perf":{"precision":null,"recall":0.201171875,"f1":null,"seconds":2.4829059839248657e-6,"exhaustive_search_seconds":1.0319054126739502e-6,"evaluations":5.6484375,"distances_sum":406.6306529106775}}, n: 9
==== BEGIN Opt. BeamSearch, expected recall: 0.99, n: 9
  == Begin Opt. BeamSearch iteration: 1, expected recall: 0.99, n: 9
    ** Opt. BeamSearch. A new best conf was found> score: 0.509765625, conf: {"ssize":3,"bsize":3}, perf: {"precision":null,"recall":0.509765625,"f1":null,"seconds":3.1497329473495483e-6,"exhaustive_search_seconds":1.0319054126739502e-6,"evaluations":6.3828125,"distances_sum":1289.3983577750296}, best_list's length: 2, n: 9
    ** Opt. BeamSearch. A new best conf was found> score: 0.603515625, conf: {"ssize":1,"bsize":4}, perf: {"precision":1.0,"recall":0.603515625,"f1":0.7372727966477975,"seconds":3.475695848464966e-6,"exhaustive_search_seconds":1.0319054126739502e-6,"evaluations":7.0859375,"distances_sum":1533.4854468891806}, best_list's length: 3, n: 9
    ** Opt. BeamSearch. A new best conf was found> score: 0.3779296875, conf: {"ssize":5,"bsize":2}, perf: {"precision":null,"recall":0.3779296875,"f1":null,"seconds":2.7120113372802734e-6,"exhaustive_search_seconds":1.0319054126739502e-6,"evaluations":5.5625,"distances_sum":942.265238187622}, best_list's length: 4, n: 9
  == End Opt. BeamSearch. Iteration finished; {"score":0.603515625,"state":{"ssize":1,"bsize":4},"perf":{"precision":1.0,"recall":0.603515625,"f1":0.7372727966477975,"seconds":3.475695848464966e-6,"exhaustive_search_seconds":1.0319054126739502e-6,"evaluations":7.0859375,"distances_sum":1533.4854468891806}}, beam: 4, n: 9
  == Begin Opt. BeamSearch iteration: 2, expected recall: 0.99, n: 9
    ** Opt. BeamSearch. A new best conf was found> score: 0.87890625, conf: {"ssize":4,"bsize":7}, perf: {"precision":1.0,"recall":0.87890625,"f1":0.9276790917415925,"seconds":4.542991518974304e-6,"exhaustive_search_seconds":1.0319054126739502e-6,"evaluations":8.6328125,"distances_sum":2639.146550102647}, best_list's length: 5, n: 9
    ** Opt. BeamSearch. A new best conf was found> score: 0.8427734375, conf: {"ssize":5,"bsize":6}, perf: {"precision":1.0,"recall":0.8427734375,"f1":0.9089259698634706,"seconds":4.1406601667404175e-6,"exhaustive_search_seconds":1.0319054126739502e-6,"evaluations":8.359375,"distances_sum":2454.3099085264207}, best_list's length: 8, n: 9
    ** Opt. BeamSearch. A new best conf was found> score: 0.7333984375, conf: {"ssize":5,"bsize":5}, perf: {"precision":1.0,"recall":0.7333984375,"f1":0.8371976981351988,"seconds":4.015862941741943e-6,"exhaustive_search_seconds":1.0319054126739502e-6,"evaluations":7.8984375,"distances_sum":1958.8285345023082}, best_list's length: 9, n: 9
    ** Opt. BeamSearch. A new best conf was found> score: 0.849609375, conf: {"ssize":2,"bsize":6}, perf: {"precision":1.0,"recall":0.849609375,"f1":0.9139652014652022,"seconds":4.280358552932739e-6,"exhaustive_search_seconds":1.0319054126739502e-6,"evaluations":8.40625,"distances_sum":2501.230343636228}, best_list's length: 10, n: 9
    ** Opt. BeamSearch. A new best conf was found> score: 0.734375, conf: {"ssize":2,"bsize":5}, perf: {"precision":1.0,"recall":0.734375,"f1":0.8358800921300927,"seconds":3.766268491744995e-6,"exhaustive_search_seconds":1.0319054126739502e-6,"evaluations":7.890625,"distances_sum":1994.2867617482752}, best_list's length: 11, n: 9
  == End Opt. BeamSearch. Iteration finished; {"score":0.87890625,"state":{"ssize":4,"bsize":7},"perf":{"precision":1.0,"recall":0.87890625,"f1":0.9276790917415925,"seconds":4.542991518974304e-6,"exhaustive_search_seconds":1.0319054126739502e-6,"evaluations":8.6328125,"distances_sum":2639.146550102647}}, beam: 4, n: 9
  == Begin Opt. BeamSearch iteration: 3, expected recall: 0.99, n: 9
    ** Opt. BeamSearch. A new best conf was found> score: 0.921875, conf: {"ssize":2,"bsize":10}, perf: {"precision":1.0,"recall":0.921875,"f1":0.955277014652015,"seconds":4.451721906661987e-6,"exhaustive_search_seconds":1.0319054126739502e-6,"evaluations":8.828125,"distances_sum":2830.5777190784324}, best_list's length: 5, n: 9
    ** Opt. BeamSearch. A new best conf was found> score: 0.8984375, conf: {"ssize":2,"bsize":7}, perf: {"precision":1.0,"recall":0.8984375,"f1":0.940788378288379,"seconds":4.429370164871216e-6,"exhaustive_search_seconds":1.0319054126739502e-6,"evaluations":8.71875,"distances_sum":2728.0854247977063}, best_list's length: 7, n: 9
    ** Opt. BeamSearch. A new best conf was found> score: 0.947265625, conf: {"ssize":8,"bsize":10}, perf: {"precision":1.0,"recall":0.947265625,"f1":0.9706330128205132,"seconds":4.455447196960449e-6,"exhaustive_search_seconds":1.0319054126739502e-6,"evaluations":8.9375,"distances_sum":2945.495655171057}, best_list's length: 8, n: 9
    ** Opt. BeamSearch. A new best conf was found> score: 0.939453125, conf: {"ssize":4,"bsize":10}, perf: {"precision":1.0,"recall":0.939453125,"f1":0.9660027472527475,"seconds":4.45730984210968e-6,"exhaustive_search_seconds":1.0319054126739502e-6,"evaluations":8.8984375,"distances_sum":2911.474653072578}, best_list's length: 9, n: 9
  == End Opt. BeamSearch. Iteration finished; {"score":0.947265625,"state":{"ssize":8,"bsize":10},"perf":{"precision":1.0,"recall":0.947265625,"f1":0.9706330128205132,"seconds":4.455447196960449e-6,"exhaustive_search_seconds":1.0319054126739502e-6,"evaluations":8.9375,"distances_sum":2945.495655171057}}, beam: 4, n: 9
==== END Opt. BeamSearch. Finished, best: {"score":0.947265625,"state":{"ssize":8,"bsize":10},"perf":{"precision":1.0,"recall":0.947265625,"f1":0.9706330128205132,"seconds":4.455447196960449e-6,"exhaustive_search_seconds":1.0319054126739502e-6,"evaluations":8.9375,"distances_sum":2945.495655171057}}, n: 9
==== BEGIN Opt. BeamSearch, expected recall: 0.99, n: 9
  == Begin Opt. BeamSearch iteration: 1, expected recall: 0.99, n: 9
    ** Opt. BeamSearch. A new best conf was found> score: 0.5458984375, conf: {"ssize":1,"bsize":3}, perf: {"precision":1.0,"recall":0.5458984375,"f1":0.6855238511488516,"seconds":3.3248215913772583e-6,"exhaustive_search_seconds":1.0486692190170288e-6,"evaluations":7.765625,"distances_sum":1316.0882495243652}, best_list's length: 2, n: 9
    ** Opt. BeamSearch. A new best conf was found> score: 0.2236328125, conf: {"ssize":4,"bsize":1}, perf: {"precision":null,"recall":0.2236328125,"f1":null,"seconds":3.0528753995895386e-6,"exhaustive_search_seconds":1.0486692190170288e-6,"evaluations":7.0390625,"distances_sum":565.3349938748796}, best_list's length: 3, n: 9
  == End Opt. BeamSearch. Iteration finished; {"score":0.5458984375,"state":{"ssize":1,"bsize":3},"perf":{"precision":1.0,"recall":0.5458984375,"f1":0.6855238511488516,"seconds":3.3248215913772583e-6,"exhaustive_search_seconds":1.0486692190170288e-6,"evaluations":7.765625,"distances_sum":1316.0882495243652}}, beam: 4, n: 9
  == Begin Opt. BeamSearch iteration: 2, expected recall: 0.99, n: 9
    ** Opt. BeamSearch. A new best conf was found> score: 0.705078125, conf: {"ssize":1,"bsize":4}, perf: {"precision":1.0,"recall":0.705078125,"f1":0.8142943861693871,"seconds":3.7811696529388428e-6,"exhaustive_search_seconds":1.0486692190170288e-6,"evaluations":8.375,"distances_sum":1771.4940695686153}, best_list's length: 5, n: 9
    ** Opt. BeamSearch. A new best conf was found> score: 0.5859375, conf: {"ssize":3,"bsize":3}, perf: {"precision":1.0,"recall":0.5859375,"f1":0.7248092185592193,"seconds":3.6265701055526733e-6,"exhaustive_search_seconds":1.0486692190170288e-6,"evaluations":8.046875,"distances_sum":1397.3472282107239}, best_list's length: 7, n: 9
    ** Opt. BeamSearch. A new best conf was found> score: 0.7646484375, conf: {"ssize":8,"bsize":5}, perf: {"precision":1.0,"recall":0.7646484375,"f1":0.8544315059940066,"seconds":4.118308424949646e-6,"exhaustive_search_seconds":1.0486692190170288e-6,"evaluations":8.3359375,"distances_sum":1995.6534234549217}, best_list's length: 9, n: 9
    ** Opt. BeamSearch. A new best conf was found> score: 0.5703125, conf: {"ssize":9,"bsize":3}, perf: {"precision":1.0,"recall":0.5703125,"f1":0.7130055708180716,"seconds":3.3974647521972656e-6,"exhaustive_search_seconds":1.0486692190170288e-6,"evaluations":7.9921875,"distances_sum":1356.3637228973112}, best_list's length: 11, n: 9
    ** Opt. BeamSearch. A new best conf was found> score: 0.8017578125, conf: {"ssize":3,"bsize":5}, perf: {"precision":1.0,"recall":0.8017578125,"f1":0.881627747252748,"seconds":4.468485713005066e-6,"exhaustive_search_seconds":1.0486692190170288e-6,"evaluations":8.34375,"distances_sum":2165.3883898170907}, best_list's length: 14, n: 9
  == End Opt. BeamSearch. Iteration finished; {"score":0.8017578125,"state":{"ssize":3,"bsize":5},"perf":{"precision":1.0,"recall":0.8017578125,"f1":0.881627747252748,"seconds":4.468485713005066e-6,"exhaustive_search_seconds":1.0486692190170288e-6,"evaluations":8.34375,"distances_sum":2165.3883898170907}}, beam: 4, n: 9
  == Begin Opt. BeamSearch iteration: 3, expected recall: 0.99, n: 9
    ** Opt. BeamSearch. A new best conf was found> score: 0.919921875, conf: {"ssize":4,"bsize":9}, perf: {"precision":1.0,"recall":0.919921875,"f1":0.9539663461538465,"seconds":4.850327968597412e-6,"exhaustive_search_seconds":1.0486692190170288e-6,"evaluations":8.8515625,"distances_sum":2756.4628856375944}, best_list's length: 5, n: 9
    ** Opt. BeamSearch. A new best conf was found> score: 0.9228515625, conf: {"ssize":5,"bsize":8}, perf: {"precision":1.0,"recall":0.9228515625,"f1":0.9554372710622714,"seconds":4.557892680168152e-6,"exhaustive_search_seconds":1.0486692190170288e-6,"evaluations":8.84375,"distances_sum":2779.3882982479768}, best_list's length: 8, n: 9
    ** Opt. BeamSearch. A new best conf was found> score: 0.9375, conf: {"ssize":11,"bsize":9}, perf: {"precision":1.0,"recall":0.9375,"f1":0.9652930402930407,"seconds":4.682689905166626e-6,"exhaustive_search_seconds":1.0486692190170288e-6,"evaluations":8.890625,"distances_sum":2860.6442981253876}, best_list's length: 9, n: 9
    ** Opt. BeamSearch. A new best conf was found> score: 0.8154296875, conf: {"ssize":6,"bsize":5}, perf: {"precision":1.0,"recall":0.8154296875,"f1":0.8896442099567105,"seconds":4.490837454795837e-6,"exhaustive_search_seconds":1.0486692190170288e-6,"evaluations":8.4140625,"distances_sum":2249.5999553133997}, best_list's length: 10, n: 9
    ** Opt. BeamSearch. A new best conf was found> score: 0.8857421875, conf: {"ssize":6,"bsize":6}, perf: {"precision":1.0,"recall":0.8857421875,"f1":0.9334769397269403,"seconds":4.3977051973342896e-6,"exhaustive_search_seconds":1.0486692190170288e-6,"evaluations":8.5546875,"distances_sum":2564.3930337464485}, best_list's length: 11, n: 9
    ** Opt. BeamSearch. A new best conf was found> score: 0.8642578125, conf: {"ssize":5,"bsize":6}, perf: {"precision":1.0,"recall":0.8642578125,"f1":0.9204217657342664,"seconds":4.429370164871216e-6,"exhaustive_search_seconds":1.0486692190170288e-6,"evaluations":8.4765625,"distances_sum":2435.954016250256}, best_list's length: 12, n: 9
    ** Opt. BeamSearch. A new best conf was found> score: 0.90625, conf: {"ssize":3,"bsize":7}, perf: {"precision":1.0,"recall":0.90625,"f1":0.9464915293040297,"seconds":4.466623067855835e-6,"exhaustive_search_seconds":1.0486692190170288e-6,"evaluations":8.796875,"distances_sum":2676.744532707312}, best_list's length: 13, n: 9
    ** Opt. BeamSearch. A new best conf was found> score: 0.8984375, conf: {"ssize":4,"bsize":7}, perf: {"precision":1.0,"recall":0.8984375,"f1":0.9415267024642029,"seconds":4.9602240324020386e-6,"exhaustive_search_seconds":1.0486692190170288e-6,"evaluations":8.75,"distances_sum":2619.2272459438595}, best_list's length: 14, n: 9
    ** Opt. BeamSearch. A new best conf was found> score: 0.9052734375, conf: {"ssize":5,"bsize":7}, perf: {"precision":1.0,"recall":0.9052734375,"f1":0.9449862637362644,"seconds":4.697591066360474e-6,"exhaustive_search_seconds":1.0486692190170288e-6,"evaluations":8.71875,"distances_sum":2691.9831235737233}, best_list's length: 15, n: 9
  == End Opt. BeamSearch. Iteration finished; {"score":0.9375,"state":{"ssize":11,"bsize":9},"perf":{"precision":1.0,"recall":0.9375,"f1":0.9652930402930407,"seconds":4.682689905166626e-6,"exhaustive_search_seconds":1.0486692190170288e-6,"evaluations":8.890625,"distances_sum":2860.6442981253876}}, beam: 4, n: 9
==== END Opt. BeamSearch. Finished, best: {"score":0.9375,"state":{"ssize":11,"bsize":9},"perf":{"precision":1.0,"recall":0.9375,"f1":0.9652930402930407,"seconds":4.682689905166626e-6,"exhaustive_search_seconds":1.0486692190170288e-6,"evaluations":8.890625,"distances_sum":2860.6442981253876}}, n: 9
==== BEGIN Opt. BeamSearch, expected recall: 0.99, n: 9
  == Begin Opt. BeamSearch iteration: 1, expected recall: 0.99, n: 9
    ** Opt. BeamSearch. A new best conf was found> score: 0.7177734375, conf: {"ssize":1,"bsize":5}, perf: {"precision":1.0,"recall":0.7177734375,"f1":0.823958680208681,"seconds":3.730878233909607e-6,"exhaustive_search_seconds":1.0542571544647217e-6,"evaluations":7.671875,"distances_sum":1956.9832694515064}, best_list's length: 3, n: 9
  == End Opt. BeamSearch. Iteration finished; {"score":0.7177734375,"state":{"ssize":1,"bsize":5},"perf":{"precision":1.0,"recall":0.7177734375,"f1":0.823958680208681,"seconds":3.730878233909607e-6,"exhaustive_search_seconds":1.0542571544647217e-6,"evaluations":7.671875,"distances_sum":1956.9832694515064}}, beam: 3, n: 9
  == Begin Opt. BeamSearch iteration: 2, expected recall: 0.99, n: 9
    ** Opt. BeamSearch. A new best conf was found> score: 0.892578125, conf: {"ssize":1,"bsize":9}, perf: {"precision":1.0,"recall":0.892578125,"f1":0.9377549533799538,"seconds":4.263594746589661e-6,"exhaustive_search_seconds":1.0542571544647217e-6,"evaluations":8.5625,"distances_sum":2822.997590223113}, best_list's length: 5, n: 9
    ** Opt. BeamSearch. A new best conf was found> score: 0.892578125, conf: {"ssize":2,"bsize":9}, perf: {"precision":1.0,"recall":0.892578125,"f1":0.9377518315018323,"seconds":5.034729838371277e-6,"exhaustive_search_seconds":1.0542571544647217e-6,"evaluations":8.5546875,"distances_sum":2795.5567712871007}, best_list's length: 6, n: 9
    ** Opt. BeamSearch. A new best conf was found> score: 0.7509765625, conf: {"ssize":2,"bsize":5}, perf: {"precision":1.0,"recall":0.7509765625,"f1":0.8482548701298711,"seconds":3.7532299757003784e-6,"exhaustive_search_seconds":1.0542571544647217e-6,"evaluations":7.859375,"distances_sum":2116.69898850786}, best_list's length: 7, n: 9
  == End Opt. BeamSearch. Iteration finished; {"score":0.892578125,"state":{"ssize":1,"bsize":9},"perf":{"precision":1.0,"recall":0.892578125,"f1":0.9377549533799538,"seconds":4.263594746589661e-6,"exhaustive_search_seconds":1.0542571544647217e-6,"evaluations":8.5625,"distances_sum":2822.997590223113}}, beam: 4, n: 9
  == Begin Opt. BeamSearch iteration: 3, expected recall: 0.99, n: 9
    ** Opt. BeamSearch. A new best conf was found> score: 0.923828125, conf: {"ssize":5,"bsize":11}, perf: {"precision":1.0,"recall":0.923828125,"f1":0.9578869047619053,"seconds":4.598870873451233e-6,"exhaustive_search_seconds":1.0542571544647217e-6,"evaluations":8.734375,"distances_sum":2920.550188832147}, best_list's length: 5, n: 9
    ** Opt. BeamSearch. A new best conf was found> score: 0.9228515625, conf: {"ssize":1,"bsize":10}, perf: {"precision":1.0,"recall":0.9228515625,"f1":0.956976877289378,"seconds":4.308298230171204e-6,"exhaustive_search_seconds":1.0542571544647217e-6,"evaluations":8.65625,"distances_sum":2942.5281855478743}, best_list's length: 7, n: 9
    ** Opt. BeamSearch. A new best conf was found> score: 0.9560546875, conf: {"ssize":1,"bsize":13}, perf: {"precision":1.0,"recall":0.9560546875,"f1":0.9760416666666668,"seconds":4.583969712257385e-6,"exhaustive_search_seconds":1.0542571544647217e-6,"evaluations":8.8984375,"distances_sum":3052.016411804653}, best_list's length: 10, n: 9
  == End Opt. BeamSearch. Iteration finished; {"score":0.9560546875,"state":{"ssize":1,"bsize":13},"perf":{"precision":1.0,"recall":0.9560546875,"f1":0.9760416666666668,"seconds":4.583969712257385e-6,"exhaustive_search_seconds":1.0542571544647217e-6,"evaluations":8.8984375,"distances_sum":3052.016411804653}}, beam: 4, n: 9
==== END Opt. BeamSearch. Finished, best: {"score":0.9560546875,"state":{"ssize":1,"bsize":13},"perf":{"precision":1.0,"recall":0.9560546875,"f1":0.9760416666666668,"seconds":4.583969712257385e-6,"exhaustive_search_seconds":1.0542571544647217e-6,"evaluations":8.8984375,"distances_sum":3052.016411804653}}, n: 9
==== BEGIN Opt. BeamSearch, expected recall: 0.99, n: 9
  == Begin Opt. BeamSearch iteration: 1, expected recall: 0.99, n: 9
    ** Opt. BeamSearch. A new best conf was found> score: 0.158203125, conf: {"ssize":4,"bsize":1}, perf: {"precision":null,"recall":0.158203125,"f1":null,"seconds":2.2780150175094604e-6,"exhaustive_search_seconds":1.0635703802108765e-6,"evaluations":4.5859375,"distances_sum":445.7077510823403}, best_list's length: 2, n: 9
    ** Opt. BeamSearch. A new best conf was found> score: 0.70703125, conf: {"ssize":1,"bsize":5}, perf: {"precision":1.0,"recall":0.70703125,"f1":0.8175048909423915,"seconds":3.825873136520386e-6,"exhaustive_search_seconds":1.0635703802108765e-6,"evaluations":7.703125,"distances_sum":1971.0199998573098}, best_list's length: 3, n: 9
    ** Opt. BeamSearch. A new best conf was found> score: 0.32421875, conf: {"ssize":1,"bsize":2}, perf: {"precision":null,"recall":0.32421875,"f1":null,"seconds":2.6989728212356567e-6,"exhaustive_search_seconds":1.0635703802108765e-6,"evaluations":5.375,"distances_sum":883.4364304731337}, best_list's length: 4, n: 9
  == End Opt. BeamSearch. Iteration finished; {"score":0.70703125,"state":{"ssize":1,"bsize":5},"perf":{"precision":1.0,"recall":0.70703125,"f1":0.8175048909423915,"seconds":3.825873136520386e-6,"exhaustive_search_seconds":1.0635703802108765e-6,"evaluations":7.703125,"distances_sum":1971.0199998573098}}, beam: 4, n: 9
  == Begin Opt. BeamSearch iteration: 2, expected recall: 0.99, n: 9
    ** Opt. BeamSearch. A new best conf was found> score: 0.7421875, conf: {"ssize":2,"bsize":5}, perf: {"precision":1.0,"recall":0.7421875,"f1":0.8415697150072158,"seconds":4.256144165992737e-6,"exhaustive_search_seconds":1.0635703802108765e-6,"evaluations":7.796875,"distances_sum":2156.4387174791314}, best_list's length: 5, n: 9
    ** Opt. BeamSearch. A new best conf was found> score: 0.8388671875, conf: {"ssize":3,"bsize":6}, perf: {"precision":1.0,"recall":0.8388671875,"f1":0.9000874125874133,"seconds":5.491077899932861e-6,"exhaustive_search_seconds":1.0635703802108765e-6,"evaluations":8.3515625,"distances_sum":2469.74757393803}, best_list's length: 7, n: 9
  == End Opt. BeamSearch. Iteration finished; {"score":0.8388671875,"state":{"ssize":3,"bsize":6},"perf":{"precision":1.0,"recall":0.8388671875,"f1":0.9000874125874133,"seconds":5.491077899932861e-6,"exhaustive_search_seconds":1.0635703802108765e-6,"evaluations":8.3515625,"distances_sum":2469.74757393803}}, beam: 4, n: 9
  == Begin Opt. BeamSearch iteration: 3, expected recall: 0.99, n: 9
    ** Opt. BeamSearch. A new best conf was found> score: 0.91796875, conf: {"ssize":2,"bsize":10}, perf: {"precision":1.0,"recall":0.91796875,"f1":0.9540808150183155,"seconds":4.537403583526611e-6,"exhaustive_search_seconds":1.0635703802108765e-6,"evaluations":8.734375,"distances_sum":2860.5323858498464}, best_list's length: 5, n: 9
    ** Opt. BeamSearch. A new best conf was found> score: 0.8564453125, conf: {"ssize":1,"bsize":6}, perf: {"precision":1.0,"recall":0.8564453125,"f1":0.9140089077589085,"seconds":4.176050424575806e-6,"exhaustive_search_seconds":1.0635703802108765e-6,"evaluations":8.3671875,"distances_sum":2551.786896689085}, best_list's length: 6, n: 9
    ** Opt. BeamSearch. A new best conf was found> score: 0.908203125, conf: {"ssize":1,"bsize":9}, perf: {"precision":1.0,"recall":0.908203125,"f1":0.9480711996337003,"seconds":4.727393388748169e-6,"exhaustive_search_seconds":1.0635703802108765e-6,"evaluations":8.6640625,"distances_sum":2855.5274184985}, best_list's length: 8, n: 9
    ** Opt. BeamSearch. A new best conf was found> score: 0.90234375, conf: {"ssize":3,"bsize":9}, perf: {"precision":1.0,"recall":0.90234375,"f1":0.9449118589743595,"seconds":4.1853636503219604e-6,"exhaustive_search_seconds":1.0635703802108765e-6,"evaluations":8.609375,"distances_sum":2813.1645919057405}, best_list's length: 9, n: 9
  == End Opt. BeamSearch. Iteration finished; {"score":0.91796875,"state":{"ssize":2,"bsize":10},"perf":{"precision":1.0,"recall":0.91796875,"f1":0.9540808150183155,"seconds":4.537403583526611e-6,"exhaustive_search_seconds":1.0635703802108765e-6,"evaluations":8.734375,"distances_sum":2860.5323858498464}}, beam: 4, n: 9
==== END Opt. BeamSearch. Finished, best: {"score":0.91796875,"state":{"ssize":2,"bsize":10},"perf":{"precision":1.0,"recall":0.91796875,"f1":0.9540808150183155,"seconds":4.537403583526611e-6,"exhaustive_search_seconds":1.0635703802108765e-6,"evaluations":8.734375,"distances_sum":2860.5323858498464}}, n: 9
==== BEGIN Opt. BeamSearch, expected recall: 0.99, n: 9
  == Begin Opt. BeamSearch iteration: 1, expected recall: 0.99, n: 9
    ** Opt. BeamSearch. A new best conf was found> score: 0.763671875, conf: {"ssize":1,"bsize":5}, perf: {"precision":1.0,"recall":0.763671875,"f1":0.8555241633366641,"seconds":4.177913069725037e-6,"exhaustive_search_seconds":1.0468065738677979e-6,"evaluations":8.21875,"distances_sum":2106.9856175423033}, best_list's length: 2, n: 9
    ** Opt. BeamSearch. A new best conf was found> score: 0.50390625, conf: {"ssize":4,"bsize":3}, perf: {"precision":1.0,"recall":0.50390625,"f1":0.6562886766011771,"seconds":3.0882656574249268e-6,"exhaustive_search_seconds":1.0468065738677979e-6,"evaluations":6.8984375,"distances_sum":1365.2174133867961}, best_list's length: 3, n: 9
  == End Opt. BeamSearch. Iteration finished; {"score":0.763671875,"state":{"ssize":1,"bsize":5},"perf":{"precision":1.0,"recall":0.763671875,"f1":0.8555241633366641,"seconds":4.177913069725037e-6,"exhaustive_search_seconds":1.0468065738677979e-6,"evaluations":8.21875,"distances_sum":2106.9856175423033}}, beam: 3, n: 9
  == Begin Opt. BeamSearch iteration: 2, expected recall: 0.99, n: 9
    ** Opt. BeamSearch. A new best conf was found> score: 0.876953125, conf: {"ssize":5,"bsize":7}, perf: {"precision":1.0,"recall":0.876953125,"f1":0.9276359057609063,"seconds":4.330649971961975e-6,"exhaustive_search_seconds":1.0468065738677979e-6,"evaluations":8.5703125,"distances_sum":2671.6271605320167}, best_list's length: 5, n: 9
    ** Opt. BeamSearch. A new best conf was found> score: 0.828125, conf: {"ssize":1,"bsize":6}, perf: {"precision":1.0,"recall":0.828125,"f1":0.8982829670329676,"seconds":4.241243004798889e-6,"exhaustive_search_seconds":1.0468065738677979e-6,"evaluations":8.421875,"distances_sum":2417.649176986649}, best_list's length: 6, n: 9
    ** Opt. BeamSearch. A new best conf was found> score: 0.8837890625, conf: {"ssize":6,"bsize":7}, perf: {"precision":1.0,"recall":0.8837890625,"f1":0.9328041749916758,"seconds":4.412606358528137e-6,"exhaustive_search_seconds":1.0468065738677979e-6,"evaluations":8.59375,"distances_sum":2717.483962641475}, best_list's length: 9, n: 9
  == End Opt. BeamSearch. Iteration finished; {"score":0.8837890625,"state":{"ssize":6,"bsize":7},"perf":{"precision":1.0,"recall":0.8837890625,"f1":0.9328041749916758,"seconds":4.412606358528137e-6,"exhaustive_search_seconds":1.0468065738677979e-6,"evaluations":8.59375,"distances_sum":2717.483962641475}}, beam: 4, n: 9
  == Begin Opt. BeamSearch iteration: 3, expected recall: 0.99, n: 9
    ** Opt. BeamSearch. A new best conf was found> score: 0.9453125, conf: {"ssize":10,"bsize":11}, perf: {"precision":1.0,"recall":0.9453125,"f1":0.9699805402930407,"seconds":6.237998604774475e-6,"exhaustive_search_seconds":1.0468065738677979e-6,"evaluations":8.8828125,"distances_sum":3014.9380183319436}, best_list's length: 6, n: 9
    ** Opt. BeamSearch. A new best conf was found> score: 0.9423828125, conf: {"ssize":9,"bsize":10}, perf: {"precision":1.0,"recall":0.9423828125,"f1":0.9679716117216123,"seconds":4.628673195838928e-6,"exhaustive_search_seconds":1.0468065738677979e-6,"evaluations":8.8671875,"distances_sum":2986.4385563147903}, best_list's length: 7, n: 9
    ** Opt. BeamSearch. A new best conf was found> score: 0.9384765625, conf: {"ssize":1,"bsize":10}, perf: {"precision":1.0,"recall":0.9384765625,"f1":0.9653331043956048,"seconds":4.557892680168152e-6,"exhaustive_search_seconds":1.0468065738677979e-6,"evaluations":8.859375,"distances_sum":2976.549727853173}, best_list's length: 8, n: 9
    ** Opt. BeamSearch. A new best conf was found> score: 0.90625, conf: {"ssize":5,"bsize":8}, perf: {"precision":1.0,"recall":0.90625,"f1":0.9459738178488185,"seconds":4.712492227554321e-6,"exhaustive_search_seconds":1.0468065738677979e-6,"evaluations":8.671875,"distances_sum":2879.519848684773}, best_list's length: 9, n: 9
    ** Opt. BeamSearch. A new best conf was found> score: 0.896484375, conf: {"ssize":1,"bsize":7}, perf: {"precision":1.0,"recall":0.896484375,"f1":0.9392633408258411,"seconds":4.179775714874268e-6,"exhaustive_search_seconds":1.0468065738677979e-6,"evaluations":8.546875,"distances_sum":2839.397173929061}, best_list's length: 10, n: 9
  == End Opt. BeamSearch. Iteration finished; {"score":0.9453125,"state":{"ssize":10,"bsize":11},"perf":{"precision":1.0,"recall":0.9453125,"f1":0.9699805402930407,"seconds":6.237998604774475e-6,"exhaustive_search_seconds":1.0468065738677979e-6,"evaluations":8.8828125,"distances_sum":3014.9380183319436}}, beam: 4, n: 9
==== END Opt. BeamSearch. Finished, best: {"score":0.9453125,"state":{"ssize":10,"bsize":11},"perf":{"precision":1.0,"recall":0.9453125,"f1":0.9699805402930407,"seconds":6.237998604774475e-6,"exhaustive_search_seconds":1.0468065738677979e-6,"evaluations":8.8828125,"distances_sum":3014.9380183319436}}, n: 9
==== BEGIN Opt. BeamSearch, expected recall: 0.99, n: 9
  == Begin Opt. BeamSearch iteration: 1, expected recall: 0.99, n: 9
    ** Opt. BeamSearch. A new best conf was found> score: 0.189453125, conf: {"ssize":4,"bsize":1}, perf: {"precision":null,"recall":0.189453125,"f1":null,"seconds":3.95067036151886e-6,"exhaustive_search_seconds":9.834766387939453e-7,"evaluations":6.25,"distances_sum":459.7351497290359}, best_list's length: 2, n: 9
  == End Opt. BeamSearch. Iteration finished; {"score":0.189453125,"state":{"ssize":4,"bsize":1},"perf":{"precision":null,"recall":0.189453125,"f1":null,"seconds":3.95067036151886e-6,"exhaustive_search_seconds":9.834766387939453e-7,"evaluations":6.25,"distances_sum":459.7351497290359}}, beam: 2, n: 9
==== END Opt. BeamSearch. Finished, best: {"score":0.189453125,"state":{"ssize":4,"bsize":1},"perf":{"precision":null,"recall":0.189453125,"f1":null,"seconds":3.95067036151886e-6,"exhaustive_search_seconds":9.834766387939453e-7,"evaluations":6.25,"distances_sum":459.7351497290359}}, n: 9
inertia(cfft.distances) = 18.759151515151512
inertia(cdnet.distances) = 157.90963753678227
inertia(crand.distances) = 230.0771354575538
Test Summary:                                      |
Clustering with KCenters with an approximate index | No tests
===> k=3
===> (k=3, initial=fft, maxiters=0); macro-recall: 0.8977777777777778
===> (k=3, initial=fft, maxiters=3); macro-recall: 0.9
===> (k=3, initial=fft, maxiters=10); macro-recall: 0.8977777777777778
===> (k=3, initial=dnet, maxiters=0); macro-recall: 0.9022222222222221
===> (k=3, initial=dnet, maxiters=3); macro-recall: 0.8933333333333334
===> (k=3, initial=dnet, maxiters=10); macro-recall: 0.8933333333333334
===> (k=3, initial=rand, maxiters=0); macro-recall: 0.8844444444444445
===> (k=3, initial=rand, maxiters=3); macro-recall: 0.8933333333333334
===> (k=3, initial=rand, maxiters=10); macro-recall: 0.8977777777777778
===> k=5
===> (k=5, initial=fft, maxiters=0); macro-recall: 0.94
===> (k=5, initial=fft, maxiters=3); macro-recall: 0.9422222222222222
===> (k=5, initial=fft, maxiters=10); macro-recall: 0.9377777777777778
===> (k=5, initial=dnet, maxiters=0); macro-recall: 0.888888888888889
===> (k=5, initial=dnet, maxiters=3); macro-recall: 0.88
===> (k=5, initial=dnet, maxiters=10); macro-recall: 0.8866666666666667
===> (k=5, initial=rand, maxiters=0); macro-recall: 0.8955555555555555
===> (k=5, initial=rand, maxiters=3); macro-recall: 0.9488888888888889
===> (k=5, initial=rand, maxiters=10); macro-recall: 0.9466666666666667
===> k=7
===> (k=7, initial=fft, maxiters=0); macro-recall: 0.9288888888888889
===> (k=7, initial=fft, maxiters=3); macro-recall: 0.9222222222222222
===> (k=7, initial=fft, maxiters=10); macro-recall: 0.9311111111111111
===> (k=7, initial=dnet, maxiters=0); macro-recall: 0.9222222222222222
===> (k=7, initial=dnet, maxiters=3); macro-recall: 0.9288888888888889
===> (k=7, initial=dnet, maxiters=10); macro-recall: 0.9199999999999999
===> (k=7, initial=rand, maxiters=0); macro-recall: 0.9288888888888889
===> (k=7, initial=rand, maxiters=3); macro-recall: 0.8977777777777778
===> (k=7, initial=rand, maxiters=10); macro-recall: 0.9244444444444445
===> k=11
===> (k=11, initial=fft, maxiters=0); macro-recall: 0.9088888888888889
===> (k=11, initial=fft, maxiters=3); macro-recall: 0.8955555555555555
===> (k=11, initial=fft, maxiters=10); macro-recall: 0.9044444444444445
===> (k=11, initial=dnet, maxiters=0); macro-recall: 0.8688888888888888
===> (k=11, initial=dnet, maxiters=3); macro-recall: 0.9022222222222221
===> (k=11, initial=dnet, maxiters=10); macro-recall: 0.9
===> (k=11, initial=rand, maxiters=0); macro-recall: 0.8866666666666667
===> (k=11, initial=rand, maxiters=3); macro-recall: 0.9022222222222224
===> (k=11, initial=rand, maxiters=10); macro-recall: 0.9066666666666667
Test Summary:                             | Pass  Total
One class classifier with DeloneHistogram |  144    144
[ Info: ("XXXXXX>", (KCenters.gaussian_kernel, getfield(SimilaritySearch, Symbol("#_lp#1")){Float64}(Core.Box(0.7), 1.4285714285714286)))
[ Info: ("XXXXXX>", (KCenters.laplacian_kernel, getfield(SimilaritySearch, Symbol("#_lp#1")){Float64}(Core.Box(0.7), 1.4285714285714286)))
[ Info: ("XXXXXX>", (KCenters.cauchy_kernel, getfield(SimilaritySearch, Symbol("#_lp#1")){Float64}(Core.Box(0.7), 1.4285714285714286)))
[ Info: ("XXXXXX>", (KCenters.sigmoid_kernel, getfield(SimilaritySearch, Symbol("#_lp#1")){Float64}(Core.Box(0.7), 1.4285714285714286)))
[ Info: ("XXXXXX>", (KCenters.tanh_kernel, getfield(SimilaritySearch, Symbol("#_lp#1")){Float64}(Core.Box(0.7), 1.4285714285714286)))
[ Info: ("XXXXXX>", (KCenters.relu_kernel, getfield(SimilaritySearch, Symbol("#_lp#1")){Float64}(Core.Box(0.7), 1.4285714285714286)))
[ Info: ("XXXXXX====>", (KCenters.gaussian_kernel, getfield(SimilaritySearch, Symbol("#_lp#1")){Float64}(Core.Box(0.7), 1.4285714285714286)))
nc.class_map = [3, 1, 2, 3, 1, 3, 2, 3, 1, 3, 2, 3, 2, 2, 3, 1, 3, 2, 1, 2, 2]
[ Info: ("XXXXXX====>", (KCenters.laplacian_kernel, getfield(SimilaritySearch, Symbol("#_lp#1")){Float64}(Core.Box(0.7), 1.4285714285714286)))
nc.class_map = [3, 1, 3, 2, 1, 3, 2, 3, 2, 3, 2, 1, 1, 3, 3, 2, 1, 2, 3, 3, 2]
[ Info: ("XXXXXX====>", (KCenters.cauchy_kernel, getfield(SimilaritySearch, Symbol("#_lp#1")){Float64}(Core.Box(0.7), 1.4285714285714286)))
nc.class_map = [3, 1, 2, 3, 2, 1, 3, 1, 2, 2, 3, 3, 1, 2, 3, 3, 1, 3, 3, 3, 3]
[ Info: ("XXXXXX====>", (KCenters.sigmoid_kernel, getfield(SimilaritySearch, Symbol("#_lp#1")){Float64}(Core.Box(0.7), 1.4285714285714286)))
nc.class_map = [2, 1, 3, 2, 3, 1, 3, 3, 1, 2, 3, 3, 1, 2, 2, 3, 3, 1, 3, 3, 3]
[ Info: ("XXXXXX====>", (KCenters.tanh_kernel, getfield(SimilaritySearch, Symbol("#_lp#1")){Float64}(Core.Box(0.7), 1.4285714285714286)))
nc.class_map = [1, 3, 2, 3, 2, 3, 3, 1, 2, 3, 1, 3, 2, 1, 2, 1, 2, 3, 2, 3, 3]
[ Info: ("XXXXXX====>", (KCenters.relu_kernel, getfield(SimilaritySearch, Symbol("#_lp#1")){Float64}(Core.Box(0.7), 1.4285714285714286)))
nc.class_map = [2, 3, 1, 3, 1, 3, 2, 1, 2, 3, 3, 3, 2, 1, 2, 3, 1, 3, 3, 3, 1]
Test Summary:   | Pass  Total
NearestCentroid |   12     12
[64, 10, 19, 9, 32, 22, 1, 3, 27, 1, 32, 40, 28, 30, 1, 7, 26, 31, 32, 24, 39, 19, 35, 19, 21, 17, 31, 1, 18, 29, 1, 40, 25, 28, 24, 20, 35, 16, 21, 44, 30, 28, 25, 1, 41, 14, 41, 26, 2, 25, 13, 37, 46, 1, 37, 19, 27, 38, 35, 42, 26, 27, 13, 47, 17, 42, 27, 11, 49, 32, 26, 28, 15, 32, 21, 37, 42, 15, 22, 22, 47, 48, 55, 39, 25, 46, 19, 53, 29, 30, 15, 46, 36, 34, 39, 1, 42, 32, 30, 14, 3, 31, 40, 45, 37, 37, 38, 26, 30, 22, 43, 21, 33, 23, 48, 38, 54, 45, 16, 32, 19, 37, 46, 26, 38, 53, 31, 45, 34, 1, 53, 31, 18, 36, 36, 32, 30, 41, 25, 74, 43, 15, 114, 34, 50, 33, 25, 35, 22, 29, 61, 25, 41, 40, 21, 47, 17, 31, 26, 34, 41, 30, 19, 26, 13, 28, 22, 33, 34, 24, 33, 53, 42, 40, 45, 30, 37, 33, 48, 42, 32, 50, 28, 53, 50, 31, 42, 40, 20, 59, 46, 21, 41, 42, 39, 43, 35, 39, 38, 41, 18, 44, 52, 30, 33, 29, 37, 54, 32, 42, 23, 38, 26, 34, 24, 30, 1, 55, 28, 36, 52, 46, 49, 39, 42, 29, 32, 55, 56, 50, 48, 49, 31, 38, 34, 52, 40, 19, 27, 24, 56, 35, 27, 40, 36, 37, 16, 22, 37, 29, 45, 37, 71, 28, 36, 30, 39, 33, 44, 38, 19, 27, 49, 22, 52, 40, 38, 1, 34, 45, 51, 37, 55, 23, 46, 45, 33, 31, 28, 25, 25, 51, 29, 81, 41, 57, 54, 25, 37, 50, 61, 52, 39, 35, 42, 28, 51, 34, 23, 15]
┌ Info: before optimization
└   (recall = p.recall, speedup = p.exhaustive_search_seconds / p.seconds, eval_ratio = p.evaluations / length(X)) = (recall = 0.5949999999999998, speedup = 0.5516457094583618, eval_ratio = 0.041491)
KCenters.DeloneInvIndex> optimizing for recall=0.8
KCenters.DeloneInvIndex> optimize! step region_expansion=2, performance {"precision":0.3810763888888888,"recall":0.3810763888888888,"f1":null,"seconds":4.906952381134033e-5,"exhaustive_search_seconds":0.0003300867974758148,"evaluations":340.0546875,"distances_sum":1754.8743866885632}
KCenters.DeloneInvIndex> optimize! step region_expansion=3, performance {"precision":0.5477430555555555,"recall":0.5477430555555555,"f1":null,"seconds":6.517209112644196e-5,"exhaustive_search_seconds":0.0003300867974758148,"evaluations":377.2265625,"distances_sum":1639.515299965688}
KCenters.DeloneInvIndex> optimize! step region_expansion=4, performance {"precision":0.6519097222222218,"recall":0.6519097222222218,"f1":0.6519097222222218,"seconds":8.93808901309967e-5,"exhaustive_search_seconds":0.0003300867974758148,"evaluations":417.1640625,"distances_sum":1600.0622870829327}
KCenters.DeloneInvIndex> optimize! step region_expansion=5, performance {"precision":0.7291666666666661,"recall":0.7291666666666661,"f1":0.7291666666666661,"seconds":0.00010780245065689087,"exhaustive_search_seconds":0.0003300867974758148,"evaluations":456.640625,"distances_sum":1576.7725999776276}
KCenters.DeloneInvIndex> optimize! step region_expansion=6, performance {"precision":0.7855902777777771,"recall":0.7855902777777771,"f1":0.7855902777777771,"seconds":0.00011646561324596405,"exhaustive_search_seconds":0.0003300867974758148,"evaluations":494.9140625,"distances_sum":1562.9527378927505}
KCenters.DeloneInvIndex> reached performance {"precision":0.8298611111111104,"recall":0.8298611111111104,"f1":0.8298611111111104,"seconds":0.0001858845353126526,"exhaustive_search_seconds":0.0003300867974758148,"evaluations":533.265625,"distances_sum":1550.7249405649886}
┌ Info: after optimization
└   (recall = p.recall, speedup = p.exhaustive_search_seconds / p.seconds, eval_ratio = p.evaluations / length(X)) = (recall = 0.786, speedup = 2.3625674030266133, eval_ratio = 0.053385)
Test Summary:             | Pass  Total
encode by farthest points |    1      1
   Testing KCenters tests passed 
