 Resolving package versions...
 Installed DefaultApplication ── v0.1.3
 Installed Parsers ───────────── v0.3.10
 Installed DocumenterMarkdown ── v0.2.0
 Installed JSON ──────────────── v0.21.0
 Installed DocStringExtensions ─ v0.8.1
 Installed Literate ──────────── v1.1.0
 Installed Documenter ────────── v0.24.0
 Installed Remark ────────────── v0.1.0
  Updating `~/.julia/environments/v1.0/Project.toml`
  [79b45036] + Remark v0.1.0
  Updating `~/.julia/environments/v1.0/Manifest.toml`
  [3f0dd361] + DefaultApplication v0.1.3
  [ffbed154] + DocStringExtensions v0.8.1
  [e30172f5] + Documenter v0.24.0
  [997ab1e6] + DocumenterMarkdown v0.2.0
  [682c06a0] + JSON v0.21.0
  [98b081ad] + Literate v1.1.0
  [69de0a69] + Parsers v0.3.10
  [79b45036] + Remark v0.1.0
  [2a0f44e3] + Base64 
  [ade2ca70] + Dates 
  [8ba89e20] + Distributed 
  [b77e0a4c] + InteractiveUtils 
  [76f85450] + LibGit2 
  [8f399da3] + Libdl 
  [37e2e46d] + LinearAlgebra 
  [56ddb016] + Logging 
  [d6f4376e] + Markdown 
  [a63ad114] + Mmap 
  [44cfe95a] + Pkg 
  [de0858da] + Printf 
  [3fa0cd96] + REPL 
  [9a3f8284] + Random 
  [ea8e919c] + SHA 
  [9e88b42a] + Serialization 
  [6462fe0b] + Sockets 
  [8dfed614] + Test 
  [cf7118a7] + UUIDs 
  [4ec0a83e] + Unicode 
  Building Remark → `~/.julia/packages/Remark/nUjsG/deps/build.log`
   Testing Remark
 Resolving package versions...
 Installed Requires ─────────── v0.5.2
 Installed BinaryProvider ───── v0.5.8
 Installed ColorTypes ───────── v0.8.0
 Installed StaticArrays ─────── v0.12.1
 Installed Missings ─────────── v0.4.3
 Installed Reexport ─────────── v0.2.0
 Installed Plots ────────────── v0.27.0
 Installed OrderedCollections ─ v1.1.0
 Installed NaNMath ──────────── v0.3.3
 Installed Colors ───────────── v0.9.6
 Installed Showoff ──────────── v0.3.1
 Installed RecipesBase ──────── v0.7.0
 Installed DataAPI ──────────── v1.1.0
 Installed FFMPEG ───────────── v0.2.3
 Installed IterTools ────────── v1.3.0
 Installed PlotThemes ───────── v0.4.0
 Installed SortingAlgorithms ── v0.3.1
 Installed Contour ──────────── v0.5.1
 Installed StatsBase ────────── v0.32.0
 Installed GeometryTypes ────── v0.7.6
 Installed DataStructures ───── v0.17.6
 Installed Measures ─────────── v0.3.0
 Installed FixedPointNumbers ── v0.6.1
 Installed PlotUtils ────────── v0.6.1
 Installed GR ───────────────── v0.42.0
  Building GR ────→ `~/.julia/packages/GR/f1Iqi/deps/build.log`
  Building FFMPEG → `~/.julia/packages/FFMPEG/bkWgb/deps/build.log`
  Building Plots ─→ `~/.julia/packages/Plots/Iuc9S/deps/build.log`
    Status `/tmp/tmpE5PNHg/Manifest.toml`
  [b99e7846] BinaryProvider v0.5.8
  [3da002f7] ColorTypes v0.8.0
  [5ae59095] Colors v0.9.6
  [d38c429a] Contour v0.5.1
  [9a962f9c] DataAPI v1.1.0
  [864edb3b] DataStructures v0.17.6
  [3f0dd361] DefaultApplication v0.1.3
  [ffbed154] DocStringExtensions v0.8.1
  [e30172f5] Documenter v0.24.0
  [997ab1e6] DocumenterMarkdown v0.2.0
  [c87230d0] FFMPEG v0.2.3
  [53c48c17] FixedPointNumbers v0.6.1
  [28b8d3ca] GR v0.42.0
  [4d00f742] GeometryTypes v0.7.6
  [c8e1da08] IterTools v1.3.0
  [682c06a0] JSON v0.21.0
  [98b081ad] Literate v1.1.0
  [442fdcdd] Measures v0.3.0
  [e1d29d7a] Missings v0.4.3
  [77ba4419] NaNMath v0.3.3
  [bac558e1] OrderedCollections v1.1.0
  [69de0a69] Parsers v0.3.10
  [ccf2f8ad] PlotThemes v0.4.0
  [995b91a9] PlotUtils v0.6.1
  [91a5bcdd] Plots v0.27.0
  [3cdcf5f2] RecipesBase v0.7.0
  [189a3867] Reexport v0.2.0
  [79b45036] Remark v0.1.0
  [ae029012] Requires v0.5.2
  [992d4aef] Showoff v0.3.1
  [a2af1166] SortingAlgorithms v0.3.1
  [90137ffa] StaticArrays v0.12.1
  [2913bbd2] StatsBase v0.32.0
  [2a0f44e3] Base64  [`@stdlib/Base64`]
  [ade2ca70] Dates  [`@stdlib/Dates`]
  [8bb1440f] DelimitedFiles  [`@stdlib/DelimitedFiles`]
  [8ba89e20] Distributed  [`@stdlib/Distributed`]
  [b77e0a4c] InteractiveUtils  [`@stdlib/InteractiveUtils`]
  [76f85450] LibGit2  [`@stdlib/LibGit2`]
  [8f399da3] Libdl  [`@stdlib/Libdl`]
  [37e2e46d] LinearAlgebra  [`@stdlib/LinearAlgebra`]
  [56ddb016] Logging  [`@stdlib/Logging`]
  [d6f4376e] Markdown  [`@stdlib/Markdown`]
  [a63ad114] Mmap  [`@stdlib/Mmap`]
  [44cfe95a] Pkg  [`@stdlib/Pkg`]
  [de0858da] Printf  [`@stdlib/Printf`]
  [3fa0cd96] REPL  [`@stdlib/REPL`]
  [9a3f8284] Random  [`@stdlib/Random`]
  [ea8e919c] SHA  [`@stdlib/SHA`]
  [9e88b42a] Serialization  [`@stdlib/Serialization`]
  [6462fe0b] Sockets  [`@stdlib/Sockets`]
  [2f01184e] SparseArrays  [`@stdlib/SparseArrays`]
  [10745b16] Statistics  [`@stdlib/Statistics`]
  [8dfed614] Test  [`@stdlib/Test`]
  [cf7118a7] UUIDs  [`@stdlib/UUIDs`]
  [4ec0a83e] Unicode  [`@stdlib/Unicode`]
Test Summary: | Pass  Total
deps          |    1      1
[ Info: generating markdown page from `~/.julia/packages/Remark/nUjsG/demo/example.jl`
[ Info: not running on Travis, skipping links will not be correct.
[ Info: writing result to `~/.julia/packages/Remark/nUjsG/demo/src/index.md`
slideshow: Error During Test at /root/.julia/packages/Remark/nUjsG/test/runtests.jl:19
  Got exception outside of a @test
  MethodError: Cannot `convert` an object of type Symbol to an object of type Documenter.Writer
  Closest candidates are:
    convert(::Type{T}, !Matched::T) where T at essentials.jl:154
  Stacktrace:
   [1] setindex!(::Array{Documenter.Writer,1}, ::Symbol, ::Int64) at ./array.jl:769
   [2] getindex at ./array.jl:366 [inlined]
   [3] #Document#6(::String, ::String, ::String, ::Symbol, ::Symbol, ::Bool, ::Bool, ::Bool, ::Array{Any,1}, ::Symbol, ::Array{Regex,1}, ::Bool, ::Array{Module,1}, ::Array{Any,1}, ::Array{String,1}, ::String, ::String, ::String, ::String, ::Bool, ::Base.Iterators.Pairs{Union{},Union{},Tuple{},NamedTuple{(),Tuple{}}}, ::Type, ::Tuple{}) at /root/.julia/packages/Documenter/STY11/src/Documents.jl:292
   [4] (::getfield(Core, Symbol("#kw#Type")))(::NamedTuple{(:format, :root),Tuple{Symbol,String}}, ::Type{Documenter.Documents.Document}, ::Tuple{}) at ./none:0
   [5] #makedocs#1(::Bool, ::Symbol, ::Base.Iterators.Pairs{Symbol,String,Tuple{Symbol},NamedTuple{(:root,),Tuple{String}}}, ::Function) at /root/.julia/packages/Documenter/STY11/src/Documenter.jl:235
   [6] (::getfield(Documenter, Symbol("#kw##makedocs")))(::NamedTuple{(:format, :root),Tuple{Symbol,String}}, ::typeof(Documenter.makedocs)) at ./none:0
   [7] #_create_index_md#2(::Bool, ::Function, ::String, ::String) at /root/.julia/packages/Remark/nUjsG/src/Remark.jl:48
   [8] #_create_index_md at ./none:0 [inlined]
   [9] #slideshow#1(::Bool, ::String, ::Function, ::String, ::String) at /root/.julia/packages/Remark/nUjsG/src/Remark.jl:29
   [10] slideshow at /root/.julia/packages/Remark/nUjsG/src/Remark.jl:25 [inlined] (repeats 2 times)
   [11] macro expansion at /root/.julia/packages/Remark/nUjsG/test/runtests.jl:20 [inlined]
   [12] macro expansion at /buildworker/worker/package_linux64/build/usr/share/julia/stdlib/v1.0/Test/src/Test.jl:1083 [inlined]
   [13] top-level scope at /root/.julia/packages/Remark/nUjsG/test/runtests.jl:20
   [14] include at ./boot.jl:317 [inlined]
   [15] include_relative(::Module, ::String) at ./loading.jl:1044
   [16] include(::Module, ::String) at ./sysimg.jl:29
   [17] include(::String) at ./client.jl:392
   [18] top-level scope at none:0
   [19] eval(::Module, ::Any) at ./boot.jl:319
   [20] exec_options(::Base.JLOptions) at ./client.jl:243
   [21] _start() at ./client.jl:425
Test Summary: | Error  Total
slideshow     |     1      1
ERROR: LoadError: Some tests did not pass: 0 passed, 0 failed, 1 errored, 0 broken.
in expression starting at /root/.julia/packages/Remark/nUjsG/test/runtests.jl:19
ERROR: Package Remark errored during testing
Stacktrace:
 [1] pkgerror(::String, ::Vararg{String,N} where N) at /buildworker/worker/package_linux64/build/usr/share/julia/stdlib/v1.0/Pkg/src/Types.jl:120
 [2] #test#65(::Bool, ::Function, ::Pkg.Types.Context, ::Array{Pkg.Types.PackageSpec,1}) at /buildworker/worker/package_linux64/build/usr/share/julia/stdlib/v1.0/Pkg/src/Operations.jl:1357
 [3] #test at /buildworker/worker/package_linux64/build/usr/share/julia/stdlib/v1.0/Pkg/src/API.jl:0 [inlined]
 [4] #test#44(::Bool, ::Base.Iterators.Pairs{Union{},Union{},Tuple{},NamedTuple{(),Tuple{}}}, ::Function, ::Pkg.Types.Context, ::Array{Pkg.Types.PackageSpec,1}) at /buildworker/worker/package_linux64/build/usr/share/julia/stdlib/v1.0/Pkg/src/API.jl:278
 [5] test at /buildworker/worker/package_linux64/build/usr/share/julia/stdlib/v1.0/Pkg/src/API.jl:263 [inlined]
 [6] #test#43 at /buildworker/worker/package_linux64/build/usr/share/julia/stdlib/v1.0/Pkg/src/API.jl:260 [inlined]
 [7] test at /buildworker/worker/package_linux64/build/usr/share/julia/stdlib/v1.0/Pkg/src/API.jl:260 [inlined]
 [8] #test#42 at /buildworker/worker/package_linux64/build/usr/share/julia/stdlib/v1.0/Pkg/src/API.jl:259 [inlined]
 [9] test at /buildworker/worker/package_linux64/build/usr/share/julia/stdlib/v1.0/Pkg/src/API.jl:259 [inlined]
 [10] #test#41 at /buildworker/worker/package_linux64/build/usr/share/julia/stdlib/v1.0/Pkg/src/API.jl:258 [inlined]
 [11] test(::String) at /buildworker/worker/package_linux64/build/usr/share/julia/stdlib/v1.0/Pkg/src/API.jl:258
 [12] top-level scope at none:0
