 Resolving package versions...
 Installed Base58 ──── v0.3.0
 Installed Compat ──── v3.0.0
 Installed Ripemd ──── v0.3.0
 Installed BTCParser ─ v0.1.0
  Updating `~/.julia/environments/v1.0/Project.toml`
  [27a35ec8] + BTCParser v0.1.0
  Updating `~/.julia/environments/v1.0/Manifest.toml`
  [27a35ec8] + BTCParser v0.1.0
  [a832ea1e] + Base58 v0.3.0
  [34da2185] + Compat v3.0.0
  [92ef3814] + Ripemd v0.3.0
  [2a0f44e3] + Base64 
  [ade2ca70] + Dates 
  [8bb1440f] + DelimitedFiles 
  [8ba89e20] + Distributed 
  [b77e0a4c] + InteractiveUtils 
  [76f85450] + LibGit2 
  [8f399da3] + Libdl 
  [37e2e46d] + LinearAlgebra 
  [56ddb016] + Logging 
  [d6f4376e] + Markdown 
  [a63ad114] + Mmap 
  [44cfe95a] + Pkg 
  [de0858da] + Printf 
  [3fa0cd96] + REPL 
  [9a3f8284] + Random 
  [ea8e919c] + SHA 
  [9e88b42a] + Serialization 
  [1a1011a3] + SharedArrays 
  [6462fe0b] + Sockets 
  [2f01184e] + SparseArrays 
  [10745b16] + Statistics 
  [8dfed614] + Test 
  [cf7118a7] + UUIDs 
  [4ec0a83e] + Unicode 
   Testing BTCParser
 Resolving package versions...
    Status `/tmp/tmpdSqmxw/Manifest.toml`
  [27a35ec8] BTCParser v0.1.0
  [a832ea1e] Base58 v0.3.0
  [34da2185] Compat v3.0.0
  [92ef3814] Ripemd v0.3.0
  [2a0f44e3] Base64  [`@stdlib/Base64`]
  [ade2ca70] Dates  [`@stdlib/Dates`]
  [8bb1440f] DelimitedFiles  [`@stdlib/DelimitedFiles`]
  [8ba89e20] Distributed  [`@stdlib/Distributed`]
  [b77e0a4c] InteractiveUtils  [`@stdlib/InteractiveUtils`]
  [76f85450] LibGit2  [`@stdlib/LibGit2`]
  [8f399da3] Libdl  [`@stdlib/Libdl`]
  [37e2e46d] LinearAlgebra  [`@stdlib/LinearAlgebra`]
  [56ddb016] Logging  [`@stdlib/Logging`]
  [d6f4376e] Markdown  [`@stdlib/Markdown`]
  [a63ad114] Mmap  [`@stdlib/Mmap`]
  [44cfe95a] Pkg  [`@stdlib/Pkg`]
  [de0858da] Printf  [`@stdlib/Printf`]
  [3fa0cd96] REPL  [`@stdlib/REPL`]
  [9a3f8284] Random  [`@stdlib/Random`]
  [ea8e919c] SHA  [`@stdlib/SHA`]
  [9e88b42a] Serialization  [`@stdlib/Serialization`]
  [1a1011a3] SharedArrays  [`@stdlib/SharedArrays`]
  [6462fe0b] Sockets  [`@stdlib/Sockets`]
  [2f01184e] SparseArrays  [`@stdlib/SparseArrays`]
  [10745b16] Statistics  [`@stdlib/Statistics`]
  [8dfed614] Test  [`@stdlib/Test`]
  [cf7118a7] UUIDs  [`@stdlib/UUIDs`]
  [4ec0a83e] Unicode  [`@stdlib/Unicode`]
BCIterator: Error During Test at /root/.julia/packages/BTCParser/rLZZT/test/test_bciterator.jl:6
  Got exception outside of a @test
  SystemError: opening file /root/.bitcoin/blocks/blk00000.dat: No such file or directory
  Stacktrace:
   [1] #systemerror#39(::Nothing, ::Function, ::String, ::Bool) at ./error.jl:106
   [2] systemerror at ./error.jl:106 [inlined]
   [3] #open#295(::Nothing, ::Nothing, ::Nothing, ::Nothing, ::Nothing, ::Function, ::String) at ./iostream.jl:283
   [4] open at ./iostream.jl:275 [inlined]
   [5] BTCParser.BCIterator(::Int64) at /root/.julia/packages/BTCParser/rLZZT/src/lib/file_ops.jl:18
   [6] macro expansion at /root/.julia/packages/BTCParser/rLZZT/test/test_bciterator.jl:8 [inlined]
   [7] macro expansion at /buildworker/worker/package_linux64/build/usr/share/julia/stdlib/v1.0/Test/src/Test.jl:1083 [inlined]
   [8] top-level scope at /root/.julia/packages/BTCParser/rLZZT/test/test_bciterator.jl:7
   [9] include at ./boot.jl:317 [inlined]
   [10] include_relative(::Module, ::String) at ./loading.jl:1044
   [11] include(::Module, ::String) at ./sysimg.jl:29
   [12] include(::String) at ./client.jl:392
   [13] top-level scope at /root/.julia/packages/BTCParser/rLZZT/test/runtests.jl:17 [inlined]
   [14] top-level scope at ./none:0
   [15] include at ./boot.jl:317 [inlined]
   [16] include_relative(::Module, ::String) at ./loading.jl:1044
   [17] include(::Module, ::String) at ./sysimg.jl:29
   [18] include(::String) at ./client.jl:392
   [19] top-level scope at none:0
   [20] eval(::Module, ::Any) at ./boot.jl:319
   [21] exec_options(::Base.JLOptions) at ./client.jl:243
   [22] _start() at ./client.jl:425
Test Summary: | Error  Total
BCIterator    |     1      1
ERROR: LoadError: LoadError: Some tests did not pass: 0 passed, 0 failed, 1 errored, 0 broken.
in expression starting at /root/.julia/packages/BTCParser/rLZZT/test/test_bciterator.jl:6
in expression starting at /root/.julia/packages/BTCParser/rLZZT/test/runtests.jl:16
ERROR: Package BTCParser errored during testing
Stacktrace:
 [1] pkgerror(::String, ::Vararg{String,N} where N) at /buildworker/worker/package_linux64/build/usr/share/julia/stdlib/v1.0/Pkg/src/Types.jl:120
 [2] #test#65(::Bool, ::Function, ::Pkg.Types.Context, ::Array{Pkg.Types.PackageSpec,1}) at /buildworker/worker/package_linux64/build/usr/share/julia/stdlib/v1.0/Pkg/src/Operations.jl:1357
 [3] #test at /buildworker/worker/package_linux64/build/usr/share/julia/stdlib/v1.0/Pkg/src/API.jl:0 [inlined]
 [4] #test#44(::Bool, ::Base.Iterators.Pairs{Union{},Union{},Tuple{},NamedTuple{(),Tuple{}}}, ::Function, ::Pkg.Types.Context, ::Array{Pkg.Types.PackageSpec,1}) at /buildworker/worker/package_linux64/build/usr/share/julia/stdlib/v1.0/Pkg/src/API.jl:278
 [5] test at /buildworker/worker/package_linux64/build/usr/share/julia/stdlib/v1.0/Pkg/src/API.jl:263 [inlined]
 [6] #test#43 at /buildworker/worker/package_linux64/build/usr/share/julia/stdlib/v1.0/Pkg/src/API.jl:260 [inlined]
 [7] test at /buildworker/worker/package_linux64/build/usr/share/julia/stdlib/v1.0/Pkg/src/API.jl:260 [inlined]
 [8] #test#42 at /buildworker/worker/package_linux64/build/usr/share/julia/stdlib/v1.0/Pkg/src/API.jl:259 [inlined]
 [9] test at /buildworker/worker/package_linux64/build/usr/share/julia/stdlib/v1.0/Pkg/src/API.jl:259 [inlined]
 [10] #test#41 at /buildworker/worker/package_linux64/build/usr/share/julia/stdlib/v1.0/Pkg/src/API.jl:258 [inlined]
 [11] test(::String) at /buildworker/worker/package_linux64/build/usr/share/julia/stdlib/v1.0/Pkg/src/API.jl:258
 [12] top-level scope at none:0
