 Resolving package versions...
 Installed IniFile ──────── v0.5.0
 Installed JSONSchema ───── v0.1.1
 Installed Parsers ──────── v0.3.10
 Installed MbedTLS ──────── v0.6.8
 Installed JSON ─────────── v0.21.0
 Installed BinaryProvider ─ v0.5.8
 Installed HTTP ─────────── v0.8.8
  Updating `~/.julia/environments/v1.0/Project.toml`
  [7d188eb4] + JSONSchema v0.1.1
  Updating `~/.julia/environments/v1.0/Manifest.toml`
  [b99e7846] + BinaryProvider v0.5.8
  [cd3eb016] + HTTP v0.8.8
  [83e8ac13] + IniFile v0.5.0
  [682c06a0] + JSON v0.21.0
  [7d188eb4] + JSONSchema v0.1.1
  [739be429] + MbedTLS v0.6.8
  [69de0a69] + Parsers v0.3.10
  [2a0f44e3] + Base64 
  [ade2ca70] + Dates 
  [8ba89e20] + Distributed 
  [b77e0a4c] + InteractiveUtils 
  [8f399da3] + Libdl 
  [37e2e46d] + LinearAlgebra 
  [56ddb016] + Logging 
  [d6f4376e] + Markdown 
  [a63ad114] + Mmap 
  [de0858da] + Printf 
  [9a3f8284] + Random 
  [ea8e919c] + SHA 
  [9e88b42a] + Serialization 
  [6462fe0b] + Sockets 
  [8dfed614] + Test 
  [4ec0a83e] + Unicode 
  Building MbedTLS → `~/.julia/packages/MbedTLS/X4xar/deps/build.log`
   Testing JSONSchema
 Resolving package versions...
    Status `/tmp/tmpnP4C8o/Manifest.toml`
  [b99e7846] BinaryProvider v0.5.8
  [cd3eb016] HTTP v0.8.8
  [83e8ac13] IniFile v0.5.0
  [682c06a0] JSON v0.21.0
  [7d188eb4] JSONSchema v0.1.1
  [739be429] MbedTLS v0.6.8
  [69de0a69] Parsers v0.3.10
  [2a0f44e3] Base64  [`@stdlib/Base64`]
  [ade2ca70] Dates  [`@stdlib/Dates`]
  [8ba89e20] Distributed  [`@stdlib/Distributed`]
  [b77e0a4c] InteractiveUtils  [`@stdlib/InteractiveUtils`]
  [8f399da3] Libdl  [`@stdlib/Libdl`]
  [37e2e46d] LinearAlgebra  [`@stdlib/LinearAlgebra`]
  [56ddb016] Logging  [`@stdlib/Logging`]
  [d6f4376e] Markdown  [`@stdlib/Markdown`]
  [a63ad114] Mmap  [`@stdlib/Mmap`]
  [de0858da] Printf  [`@stdlib/Printf`]
  [9a3f8284] Random  [`@stdlib/Random`]
  [ea8e919c] SHA  [`@stdlib/SHA`]
  [9e88b42a] Serialization  [`@stdlib/Serialization`]
  [6462fe0b] Sockets  [`@stdlib/Sockets`]
  [8dfed614] Test  [`@stdlib/Test`]
  [4ec0a83e] Unicode  [`@stdlib/Unicode`]
[ Info: Downloading https://github.com/json-schema-org/JSON-Schema-Test-Suite/archive/master.tar.gz to /tmp/tmpVnbfzW/test-suite.tar.gz...
[21:51:59] #=#=#                                                                         [21:51:59] ##O#- #                                                                       [21:51:59] ##O=#  #                                                                      [21:51:59] #=#=-#  #                                                                     [21:51:59] -#O#- #   #                                                                   [21:51:59] 
[ Info: fetching remote ref http://json-schema.org/draft-04/schema
[ Info: fetching remote ref http://json-schema.org/draft-04/schema
* integer zero is invalid: Test Failed at /root/.julia/packages/JSONSchema/3RZCR/test/runtests.jl:165
  Expression: isvalid(subtest["data"], spec) == subtest["valid"]
   Evaluated: true == false
Stacktrace:
 [1] macro expansion at /root/.julia/packages/JSONSchema/3RZCR/test/runtests.jl:165 [inlined]
 [2] macro expansion at /buildworker/worker/package_linux64/build/usr/share/julia/stdlib/v1.0/Test/src/Test.jl:1156 [inlined]
 [3] macro expansion at /root/.julia/packages/JSONSchema/3RZCR/test/runtests.jl:164 [inlined]
 [4] macro expansion at /buildworker/worker/package_linux64/build/usr/share/julia/stdlib/v1.0/Test/src/Test.jl:1156 [inlined]
 [5] macro expansion at /root/.julia/packages/JSONSchema/3RZCR/test/runtests.jl:159 [inlined]
 [6] macro expansion at /buildworker/worker/package_linux64/build/usr/share/julia/stdlib/v1.0/Test/src/Test.jl:1156 [inlined]
 [7] macro expansion at /root/.julia/packages/JSONSchema/3RZCR/test/runtests.jl:156 [inlined]
 [8] macro expansion at /buildworker/worker/package_linux64/build/usr/share/julia/stdlib/v1.0/Test/src/Test.jl:1156 [inlined]
 [9] macro expansion at /root/.julia/packages/JSONSchema/3RZCR/test/runtests.jl:144 [inlined]
 [10] macro expansion at /buildworker/worker/package_linux64/build/usr/share/julia/stdlib/v1.0/Test/src/Test.jl:1083 [inlined]
 [11] top-level scope at /root/.julia/packages/JSONSchema/3RZCR/test/runtests.jl:143
* float zero is invalid: Test Failed at /root/.julia/packages/JSONSchema/3RZCR/test/runtests.jl:165
  Expression: isvalid(subtest["data"], spec) == subtest["valid"]
   Evaluated: true == false
Stacktrace:
 [1] macro expansion at /root/.julia/packages/JSONSchema/3RZCR/test/runtests.jl:165 [inlined]
 [2] macro expansion at /buildworker/worker/package_linux64/build/usr/share/julia/stdlib/v1.0/Test/src/Test.jl:1156 [inlined]
 [3] macro expansion at /root/.julia/packages/JSONSchema/3RZCR/test/runtests.jl:164 [inlined]
 [4] macro expansion at /buildworker/worker/package_linux64/build/usr/share/julia/stdlib/v1.0/Test/src/Test.jl:1156 [inlined]
 [5] macro expansion at /root/.julia/packages/JSONSchema/3RZCR/test/runtests.jl:159 [inlined]
 [6] macro expansion at /buildworker/worker/package_linux64/build/usr/share/julia/stdlib/v1.0/Test/src/Test.jl:1156 [inlined]
 [7] macro expansion at /root/.julia/packages/JSONSchema/3RZCR/test/runtests.jl:156 [inlined]
 [8] macro expansion at /buildworker/worker/package_linux64/build/usr/share/julia/stdlib/v1.0/Test/src/Test.jl:1156 [inlined]
 [9] macro expansion at /root/.julia/packages/JSONSchema/3RZCR/test/runtests.jl:144 [inlined]
 [10] macro expansion at /buildworker/worker/package_linux64/build/usr/share/julia/stdlib/v1.0/Test/src/Test.jl:1083 [inlined]
 [11] top-level scope at /root/.julia/packages/JSONSchema/3RZCR/test/runtests.jl:143
* integer one is invalid: Test Failed at /root/.julia/packages/JSONSchema/3RZCR/test/runtests.jl:165
  Expression: isvalid(subtest["data"], spec) == subtest["valid"]
   Evaluated: true == false
Stacktrace:
 [1] macro expansion at /root/.julia/packages/JSONSchema/3RZCR/test/runtests.jl:165 [inlined]
 [2] macro expansion at /buildworker/worker/package_linux64/build/usr/share/julia/stdlib/v1.0/Test/src/Test.jl:1156 [inlined]
 [3] macro expansion at /root/.julia/packages/JSONSchema/3RZCR/test/runtests.jl:164 [inlined]
 [4] macro expansion at /buildworker/worker/package_linux64/build/usr/share/julia/stdlib/v1.0/Test/src/Test.jl:1156 [inlined]
 [5] macro expansion at /root/.julia/packages/JSONSchema/3RZCR/test/runtests.jl:159 [inlined]
 [6] macro expansion at /buildworker/worker/package_linux64/build/usr/share/julia/stdlib/v1.0/Test/src/Test.jl:1156 [inlined]
 [7] macro expansion at /root/.julia/packages/JSONSchema/3RZCR/test/runtests.jl:156 [inlined]
 [8] macro expansion at /buildworker/worker/package_linux64/build/usr/share/julia/stdlib/v1.0/Test/src/Test.jl:1156 [inlined]
 [9] macro expansion at /root/.julia/packages/JSONSchema/3RZCR/test/runtests.jl:144 [inlined]
 [10] macro expansion at /buildworker/worker/package_linux64/build/usr/share/julia/stdlib/v1.0/Test/src/Test.jl:1083 [inlined]
 [11] top-level scope at /root/.julia/packages/JSONSchema/3RZCR/test/runtests.jl:143
* float one is invalid: Test Failed at /root/.julia/packages/JSONSchema/3RZCR/test/runtests.jl:165
  Expression: isvalid(subtest["data"], spec) == subtest["valid"]
   Evaluated: true == false
Stacktrace:
 [1] macro expansion at /root/.julia/packages/JSONSchema/3RZCR/test/runtests.jl:165 [inlined]
 [2] macro expansion at /buildworker/worker/package_linux64/build/usr/share/julia/stdlib/v1.0/Test/src/Test.jl:1156 [inlined]
 [3] macro expansion at /root/.julia/packages/JSONSchema/3RZCR/test/runtests.jl:164 [inlined]
 [4] macro expansion at /buildworker/worker/package_linux64/build/usr/share/julia/stdlib/v1.0/Test/src/Test.jl:1156 [inlined]
 [5] macro expansion at /root/.julia/packages/JSONSchema/3RZCR/test/runtests.jl:159 [inlined]
 [6] macro expansion at /buildworker/worker/package_linux64/build/usr/share/julia/stdlib/v1.0/Test/src/Test.jl:1156 [inlined]
 [7] macro expansion at /root/.julia/packages/JSONSchema/3RZCR/test/runtests.jl:156 [inlined]
 [8] macro expansion at /buildworker/worker/package_linux64/build/usr/share/julia/stdlib/v1.0/Test/src/Test.jl:1156 [inlined]
 [9] macro expansion at /root/.julia/packages/JSONSchema/3RZCR/test/runtests.jl:144 [inlined]
 [10] macro expansion at /buildworker/worker/package_linux64/build/usr/share/julia/stdlib/v1.0/Test/src/Test.jl:1083 [inlined]
 [11] top-level scope at /root/.julia/packages/JSONSchema/3RZCR/test/runtests.jl:143
* false is invalid: Test Failed at /root/.julia/packages/JSONSchema/3RZCR/test/runtests.jl:165
  Expression: isvalid(subtest["data"], spec) == subtest["valid"]
   Evaluated: true == false
Stacktrace:
 [1] macro expansion at /root/.julia/packages/JSONSchema/3RZCR/test/runtests.jl:165 [inlined]
 [2] macro expansion at /buildworker/worker/package_linux64/build/usr/share/julia/stdlib/v1.0/Test/src/Test.jl:1156 [inlined]
 [3] macro expansion at /root/.julia/packages/JSONSchema/3RZCR/test/runtests.jl:164 [inlined]
 [4] macro expansion at /buildworker/worker/package_linux64/build/usr/share/julia/stdlib/v1.0/Test/src/Test.jl:1156 [inlined]
 [5] macro expansion at /root/.julia/packages/JSONSchema/3RZCR/test/runtests.jl:159 [inlined]
 [6] macro expansion at /buildworker/worker/package_linux64/build/usr/share/julia/stdlib/v1.0/Test/src/Test.jl:1156 [inlined]
 [7] macro expansion at /root/.julia/packages/JSONSchema/3RZCR/test/runtests.jl:156 [inlined]
 [8] macro expansion at /buildworker/worker/package_linux64/build/usr/share/julia/stdlib/v1.0/Test/src/Test.jl:1156 [inlined]
 [9] macro expansion at /root/.julia/packages/JSONSchema/3RZCR/test/runtests.jl:144 [inlined]
 [10] macro expansion at /buildworker/worker/package_linux64/build/usr/share/julia/stdlib/v1.0/Test/src/Test.jl:1083 [inlined]
 [11] top-level scope at /root/.julia/packages/JSONSchema/3RZCR/test/runtests.jl:143
* true is invalid: Test Failed at /root/.julia/packages/JSONSchema/3RZCR/test/runtests.jl:165
  Expression: isvalid(subtest["data"], spec) == subtest["valid"]
   Evaluated: true == false
Stacktrace:
 [1] macro expansion at /root/.julia/packages/JSONSchema/3RZCR/test/runtests.jl:165 [inlined]
 [2] macro expansion at /buildworker/worker/package_linux64/build/usr/share/julia/stdlib/v1.0/Test/src/Test.jl:1156 [inlined]
 [3] macro expansion at /root/.julia/packages/JSONSchema/3RZCR/test/runtests.jl:164 [inlined]
 [4] macro expansion at /buildworker/worker/package_linux64/build/usr/share/julia/stdlib/v1.0/Test/src/Test.jl:1156 [inlined]
 [5] macro expansion at /root/.julia/packages/JSONSchema/3RZCR/test/runtests.jl:159 [inlined]
 [6] macro expansion at /buildworker/worker/package_linux64/build/usr/share/julia/stdlib/v1.0/Test/src/Test.jl:1156 [inlined]
 [7] macro expansion at /root/.julia/packages/JSONSchema/3RZCR/test/runtests.jl:156 [inlined]
 [8] macro expansion at /buildworker/worker/package_linux64/build/usr/share/julia/stdlib/v1.0/Test/src/Test.jl:1156 [inlined]
 [9] macro expansion at /root/.julia/packages/JSONSchema/3RZCR/test/runtests.jl:144 [inlined]
 [10] macro expansion at /buildworker/worker/package_linux64/build/usr/share/julia/stdlib/v1.0/Test/src/Test.jl:1083 [inlined]
 [11] top-level scope at /root/.julia/packages/JSONSchema/3RZCR/test/runtests.jl:143
[ Info: fetching remote ref http://json-schema.org/draft-04/schema
- Location-independent identifier: Error During Test at /root/.julia/packages/JSONSchema/3RZCR/test/runtests.jl:159
  Got exception outside of a @test
  ArgumentError: #merge#4(::SubString{String}, ::SubString{String}, ::SubString{String}, ::SubString{String}, ::SubString{String}, ::SubString{String}, ::SubString{String}, ::Function, ::HTTP.URIs.URI) requires !(isempty(path)) || (!(isempty(query)) || isempty(fragment))
  Stacktrace:
   [1] macro expansion at /root/.julia/packages/HTTP/lZVI1/src/debug.jl:52 [inlined]
   [2] #merge#4(::SubString{String}, ::SubString{String}, ::SubString{String}, ::SubString{String}, ::SubString{String}, ::SubString{String}, ::SubString{String}, ::Function, ::HTTP.URIs.URI) at /root/.julia/packages/HTTP/lZVI1/src/URIs.jl:82
   [3] #merge at ./none:0 [inlined]
   [4] #URI#3 at /root/.julia/packages/HTTP/lZVI1/src/URIs.jl:66 [inlined]
   [5] (::getfield(Core, Symbol("#kw#Type")))(::NamedTuple{(:fragment, :scheme, :port, :path, :host, :userinfo, :query),NTuple{7,SubString{String}}}, ::Type{HTTP.URIs.URI}) at ./none:0
   [6] updateid(::HTTP.URIs.URI, ::String) at /root/.julia/packages/JSONSchema/3RZCR/src/schema.jl:60
   [7] mkidmap!(::Dict{String,Any}, ::Dict{String,Any}, ::HTTP.URIs.URI) at /root/.julia/packages/JSONSchema/3RZCR/src/schema.jl:68
   [8] mkidmap!(::Dict{String,Any}, ::Dict{String,Any}, ::HTTP.URIs.URI) at /root/.julia/packages/JSONSchema/3RZCR/src/schema.jl:76 (repeats 2 times)
   [9] (::getfield(JSONSchema, Symbol("##Schema#9#12")))(::Dict{String,Any}, ::String, ::Type, ::Dict{String,Any}) at /root/.julia/packages/JSONSchema/3RZCR/src/schema.jl:216
   [10] (::getfield(Core, Symbol("#kw#Type")))(::NamedTuple{(:idmap0, :parentFileDirectory),Tuple{Dict{String,Any},String}}, ::Type{Schema}, ::Dict{String,Any}) at ./none:0
   [11] macro expansion at /root/.julia/packages/JSONSchema/3RZCR/test/runtests.jl:160 [inlined]
   [12] macro expansion at /buildworker/worker/package_linux64/build/usr/share/julia/stdlib/v1.0/Test/src/Test.jl:1156 [inlined]
   [13] macro expansion at /root/.julia/packages/JSONSchema/3RZCR/test/runtests.jl:159 [inlined]
   [14] macro expansion at /buildworker/worker/package_linux64/build/usr/share/julia/stdlib/v1.0/Test/src/Test.jl:1156 [inlined]
   [15] macro expansion at /root/.julia/packages/JSONSchema/3RZCR/test/runtests.jl:156 [inlined]
   [16] macro expansion at /buildworker/worker/package_linux64/build/usr/share/julia/stdlib/v1.0/Test/src/Test.jl:1156 [inlined]
   [17] macro expansion at /root/.julia/packages/JSONSchema/3RZCR/test/runtests.jl:144 [inlined]
   [18] macro expansion at /buildworker/worker/package_linux64/build/usr/share/julia/stdlib/v1.0/Test/src/Test.jl:1083 [inlined]
   [19] top-level scope at /root/.julia/packages/JSONSchema/3RZCR/test/runtests.jl:143
   [20] include at ./boot.jl:317 [inlined]
   [21] include_relative(::Module, ::String) at ./loading.jl:1044
   [22] include(::Module, ::String) at ./sysimg.jl:29
   [23] include(::String) at ./client.jl:392
   [24] top-level scope at none:0
   [25] eval(::Module, ::Any) at ./boot.jl:319
   [26] exec_options(::Base.JLOptions) at ./client.jl:243
   [27] _start() at ./client.jl:425
[ Info: fetching remote ref http://localhost:1234/bar
- Location-independent identifier with absolute URI: Error During Test at /root/.julia/packages/JSONSchema/3RZCR/test/runtests.jl:159
  Got exception outside of a @test
  IOError(Base.IOError("connect: connection refused (ECONNREFUSED)", -111) during request(http://localhost:1234/bar))
  
  Stacktrace:
   [1] try_yieldto(::typeof(Base.ensure_rescheduled), ::Base.RefValue{Task}) at ./event.jl:196
   [2] wait() at ./event.jl:255
   [3] wait(::Condition) at ./event.jl:46
   [4] stream_wait(::Sockets.TCPSocket, ::Condition) at ./stream.jl:47
   [5] wait_connected(::Sockets.TCPSocket) at ./stream.jl:259
   [6] connect(::Sockets.IPv4, ::UInt64) at /buildworker/worker/package_linux64/build/usr/share/julia/stdlib/v1.0/Sockets/src/Sockets.jl:444
   [7] #getconnection#14(::Bool, ::Int64, ::Base.Iterators.Pairs{Symbol,Union{Nothing, Bool},Tuple{Symbol,Symbol},NamedTuple{(:require_ssl_verification, :iofunction),Tuple{Bool,Nothing}}}, ::Function, ::Type{Sockets.TCPSocket}, ::SubString{String}, ::SubString{String}) at /root/.julia/packages/HTTP/lZVI1/src/ConnectionPool.jl:568
   [8] #getconnection#11(::Int64, ::Int64, ::Int64, ::Int64, ::Bool, ::Base.Iterators.Pairs{Symbol,Nothing,Tuple{Symbol},NamedTuple{(:iofunction,),Tuple{Nothing}}}, ::Function, ::Type{HTTP.ConnectionPool.Transaction{Sockets.TCPSocket}}, ::SubString{String}, ::SubString{String}) at ./none:0
   [9] (::getfield(HTTP.ConnectionPool, Symbol("#kw##getconnection")))(::NamedTuple{(:reuse_limit, :iofunction),Tuple{Int64,Nothing}}, ::typeof(HTTP.ConnectionPool.getconnection), ::Type{HTTP.ConnectionPool.Transaction{Sockets.TCPSocket}}, ::SubString{String}, ::SubString{String}) at ./none:0
   [10] #request#1(::Nothing, ::Type, ::Int64, ::Base.Iterators.Pairs{Symbol,Nothing,Tuple{Symbol},NamedTuple{(:iofunction,),Tuple{Nothing}}}, ::Function, ::Type{HTTP.ConnectionRequest.ConnectionPoolLayer{HTTP.StreamRequest.StreamLayer{Union{}}}}, ::HTTP.URIs.URI, ::HTTP.Messages.Request, ::Array{UInt8,1}) at /root/.julia/packages/HTTP/lZVI1/src/ConnectionRequest.jl:41
   [11] (::getfield(HTTP, Symbol("#kw##request")))(::NamedTuple{(:iofunction,),Tuple{Nothing}}, ::typeof(HTTP.request), ::Type{HTTP.ConnectionRequest.ConnectionPoolLayer{HTTP.StreamRequest.StreamLayer{Union{}}}}, ::HTTP.URIs.URI, ::HTTP.Messages.Request, ::Array{UInt8,1}) at ./none:0
   [12] #request#1(::Base.Iterators.Pairs{Symbol,Nothing,Tuple{Symbol},NamedTuple{(:iofunction,),Tuple{Nothing}}}, ::Function, ::Type{HTTP.ExceptionRequest.ExceptionLayer{HTTP.ConnectionRequest.ConnectionPoolLayer{HTTP.StreamRequest.StreamLayer{Union{}}}}}, ::HTTP.URIs.URI, ::Vararg{Any,N} where N) at /root/.julia/packages/HTTP/lZVI1/src/ExceptionRequest.jl:19
   [13] (::getfield(HTTP, Symbol("#kw##request")))(::NamedTuple{(:iofunction,),Tuple{Nothing}}, ::typeof(HTTP.request), ::Type{HTTP.ExceptionRequest.ExceptionLayer{HTTP.ConnectionRequest.ConnectionPoolLayer{HTTP.StreamRequest.StreamLayer{Union{}}}}}, ::HTTP.URIs.URI, ::HTTP.Messages.Request, ::Array{UInt8,1}) at ./none:0
   [14] (::getfield(Base, Symbol("###44#45#46")){ExponentialBackOff,getfield(HTTP.RetryRequest, Symbol("##2#3")){Bool,HTTP.Messages.Request},typeof(HTTP.request)})(::Base.Iterators.Pairs{Symbol,Nothing,Tuple{Symbol},NamedTuple{(:iofunction,),Tuple{Nothing}}}, ::Function, ::Type, ::Vararg{Any,N} where N) at ./error.jl:216
   [15] #request#1(::VersionNumber, ::String, ::Nothing, ::Nothing, ::Base.Iterators.Pairs{Union{},Union{},Tuple{},NamedTuple{(),Tuple{}}}, ::Function, ::Type{HTTP.MessageRequest.MessageLayer{HTTP.RetryRequest.RetryLayer{HTTP.ExceptionRequest.ExceptionLayer{HTTP.ConnectionRequest.ConnectionPoolLayer{HTTP.StreamRequest.StreamLayer{Union{}}}}}}}, ::String, ::HTTP.URIs.URI, ::Array{Pair{SubString{String},SubString{String}},1}, ::Array{UInt8,1}) at ./none:0
   [16] request at /root/.julia/packages/HTTP/lZVI1/src/MessageRequest.jl:28 [inlined]
   [17] #request#1(::Int64, ::Bool, ::Base.Iterators.Pairs{Union{},Union{},Tuple{},NamedTuple{(),Tuple{}}}, ::Function, ::Type{HTTP.RedirectRequest.RedirectLayer{HTTP.MessageRequest.MessageLayer{HTTP.RetryRequest.RetryLayer{HTTP.ExceptionRequest.ExceptionLayer{HTTP.ConnectionRequest.ConnectionPoolLayer{HTTP.StreamRequest.StreamLayer{Union{}}}}}}}}, ::String, ::HTTP.URIs.URI, ::Array{Pair{SubString{String},SubString{String}},1}, ::Array{UInt8,1}) at /root/.julia/packages/HTTP/lZVI1/src/RedirectRequest.jl:24
   [18] request(::Type{HTTP.RedirectRequest.RedirectLayer{HTTP.MessageRequest.MessageLayer{HTTP.RetryRequest.RetryLayer{HTTP.ExceptionRequest.ExceptionLayer{HTTP.ConnectionRequest.ConnectionPoolLayer{HTTP.StreamRequest.StreamLayer{Union{}}}}}}}}, ::String, ::HTTP.URIs.URI, ::Array{Pair{SubString{String},SubString{String}},1}, ::Array{UInt8,1}) at /root/.julia/packages/HTTP/lZVI1/src/RedirectRequest.jl:21
   [19] #request#4(::Array{Pair{SubString{String},SubString{String}},1}, ::Array{UInt8,1}, ::Nothing, ::Base.Iterators.Pairs{Union{},Union{},Tuple{},NamedTuple{(),Tuple{}}}, ::Function, ::String, ::HTTP.URIs.URI, ::Array{Pair{SubString{String},SubString{String}},1}, ::Array{UInt8,1}) at /root/.julia/packages/HTTP/lZVI1/src/HTTP.jl:308
   [20] request at /root/.julia/packages/HTTP/lZVI1/src/HTTP.jl:308 [inlined] (repeats 2 times)
   [21] getremoteschema(::HTTP.URIs.URI) at /root/.julia/packages/JSONSchema/3RZCR/src/schema.jl:103
   [22] findref(::HTTP.URIs.URI, ::Dict{String,Any}, ::String, ::String) at /root/.julia/packages/JSONSchema/3RZCR/src/schema.jl:132
   [23] resolverefs!(::Dict{String,Any}, ::HTTP.URIs.URI, ::Dict{String,Any}, ::String) at /root/.julia/packages/JSONSchema/3RZCR/src/schema.jl:157
   [24] (::getfield(JSONSchema, Symbol("##5#6")){HTTP.URIs.URI,Dict{String,Any},String})(::Dict{String,Any}) at /root/.julia/packages/JSONSchema/3RZCR/src/schema.jl:144
   [25] foreach(::getfield(JSONSchema, Symbol("##5#6")){HTTP.URIs.URI,Dict{String,Any},String}, ::Array{Any,1}) at ./abstractarray.jl:1835
   [26] resolverefs!(::Array{Any,1}, ::HTTP.URIs.URI, ::Dict{String,Any}, ::String) at /root/.julia/packages/JSONSchema/3RZCR/src/schema.jl:144
   [27] resolverefs!(::Dict{String,Any}, ::HTTP.URIs.URI, ::Dict{String,Any}, ::String) at /root/.julia/packages/JSONSchema/3RZCR/src/schema.jl:159
   [28] (::getfield(JSONSchema, Symbol("##Schema#9#12")))(::Dict{String,Any}, ::String, ::Type, ::Dict{String,Any}) at /root/.julia/packages/JSONSchema/3RZCR/src/schema.jl:219
   [29] (::getfield(Core, Symbol("#kw#Type")))(::NamedTuple{(:idmap0, :parentFileDirectory),Tuple{Dict{String,Any},String}}, ::Type{Schema}, ::Dict{String,Any}) at ./none:0
   [30] macro expansion at /root/.julia/packages/JSONSchema/3RZCR/test/runtests.jl:160 [inlined]
   [31] macro expansion at /buildworker/worker/package_linux64/build/usr/share/julia/stdlib/v1.0/Test/src/Test.jl:1156 [inlined]
   [32] macro expansion at /root/.julia/packages/JSONSchema/3RZCR/test/runtests.jl:159 [inlined]
   [33] macro expansion at /buildworker/worker/package_linux64/build/usr/share/julia/stdlib/v1.0/Test/src/Test.jl:1156 [inlined]
   [34] macro expansion at /root/.julia/packages/JSONSchema/3RZCR/test/runtests.jl:156 [inlined]
   [35] macro expansion at /buildworker/worker/package_linux64/build/usr/share/julia/stdlib/v1.0/Test/src/Test.jl:1156 [inlined]
   [36] macro expansion at /root/.julia/packages/JSONSchema/3RZCR/test/runtests.jl:144 [inlined]
   [37] macro expansion at /buildworker/worker/package_linux64/build/usr/share/julia/stdlib/v1.0/Test/src/Test.jl:1083 [inlined]
   [38] top-level scope at /root/.julia/packages/JSONSchema/3RZCR/test/runtests.jl:143
   [39] include at ./boot.jl:317 [inlined]
   [40] include_relative(::Module, ::String) at ./loading.jl:1044
   [41] include(::Module, ::String) at ./sysimg.jl:29
   [42] include(::String) at ./client.jl:392
   [43] top-level scope at none:0
   [44] eval(::Module, ::Any) at ./boot.jl:319
   [45] exec_options(::Base.JLOptions) at ./client.jl:243
   [46] _start() at ./client.jl:425
- Location-independent identifier with base URI change in subschema: Error During Test at /root/.julia/packages/JSONSchema/3RZCR/test/runtests.jl:159
  Got exception outside of a @test
  missing property 'foo' in Dict{String,Any}("id"=>"nested.json","definitions"=>Dict{String,Any}("B"=>Dict{String,Any}("id"=>"#foo","type"=>"integer")))
  Stacktrace:
   [1] error(::String) at ./error.jl:33
   [2] findelement(::Dict{String,Any}, ::SubString{String}) at /root/.julia/packages/JSONSchema/3RZCR/src/schema.jl:86
   [3] findref(::HTTP.URIs.URI, ::Dict{String,Any}, ::String, ::String) at /root/.julia/packages/JSONSchema/3RZCR/src/schema.jl:139
   [4] resolverefs!(::Dict{String,Any}, ::HTTP.URIs.URI, ::Dict{String,Any}, ::String) at /root/.julia/packages/JSONSchema/3RZCR/src/schema.jl:157
   [5] (::getfield(JSONSchema, Symbol("##5#6")){HTTP.URIs.URI,Dict{String,Any},String})(::Dict{String,Any}) at /root/.julia/packages/JSONSchema/3RZCR/src/schema.jl:144
   [6] foreach(::getfield(JSONSchema, Symbol("##5#6")){HTTP.URIs.URI,Dict{String,Any},String}, ::Array{Any,1}) at ./abstractarray.jl:1835
   [7] resolverefs!(::Array{Any,1}, ::HTTP.URIs.URI, ::Dict{String,Any}, ::String) at /root/.julia/packages/JSONSchema/3RZCR/src/schema.jl:144
   [8] resolverefs!(::Dict{String,Any}, ::HTTP.URIs.URI, ::Dict{String,Any}, ::String) at /root/.julia/packages/JSONSchema/3RZCR/src/schema.jl:159
   [9] (::getfield(JSONSchema, Symbol("##Schema#9#12")))(::Dict{String,Any}, ::String, ::Type, ::Dict{String,Any}) at /root/.julia/packages/JSONSchema/3RZCR/src/schema.jl:219
   [10] (::getfield(Core, Symbol("#kw#Type")))(::NamedTuple{(:idmap0, :parentFileDirectory),Tuple{Dict{String,Any},String}}, ::Type{Schema}, ::Dict{String,Any}) at ./none:0
   [11] macro expansion at /root/.julia/packages/JSONSchema/3RZCR/test/runtests.jl:160 [inlined]
   [12] macro expansion at /buildworker/worker/package_linux64/build/usr/share/julia/stdlib/v1.0/Test/src/Test.jl:1156 [inlined]
   [13] macro expansion at /root/.julia/packages/JSONSchema/3RZCR/test/runtests.jl:159 [inlined]
   [14] macro expansion at /buildworker/worker/package_linux64/build/usr/share/julia/stdlib/v1.0/Test/src/Test.jl:1156 [inlined]
   [15] macro expansion at /root/.julia/packages/JSONSchema/3RZCR/test/runtests.jl:156 [inlined]
   [16] macro expansion at /buildworker/worker/package_linux64/build/usr/share/julia/stdlib/v1.0/Test/src/Test.jl:1156 [inlined]
   [17] macro expansion at /root/.julia/packages/JSONSchema/3RZCR/test/runtests.jl:144 [inlined]
   [18] macro expansion at /buildworker/worker/package_linux64/build/usr/share/julia/stdlib/v1.0/Test/src/Test.jl:1083 [inlined]
   [19] top-level scope at /root/.julia/packages/JSONSchema/3RZCR/test/runtests.jl:143
   [20] include at ./boot.jl:317 [inlined]
   [21] include_relative(::Module, ::String) at ./loading.jl:1044
   [22] include(::Module, ::String) at ./sysimg.jl:29
   [23] include(::String) at ./client.jl:392
   [24] top-level scope at none:0
   [25] eval(::Module, ::Any) at ./boot.jl:319
   [26] exec_options(::Base.JLOptions) at ./client.jl:243
   [27] _start() at ./client.jl:425
* integer zero is invalid: Test Failed at /root/.julia/packages/JSONSchema/3RZCR/test/runtests.jl:165
  Expression: isvalid(subtest["data"], spec) == subtest["valid"]
   Evaluated: true == false
Stacktrace:
 [1] macro expansion at /root/.julia/packages/JSONSchema/3RZCR/test/runtests.jl:165 [inlined]
 [2] macro expansion at /buildworker/worker/package_linux64/build/usr/share/julia/stdlib/v1.0/Test/src/Test.jl:1156 [inlined]
 [3] macro expansion at /root/.julia/packages/JSONSchema/3RZCR/test/runtests.jl:164 [inlined]
 [4] macro expansion at /buildworker/worker/package_linux64/build/usr/share/julia/stdlib/v1.0/Test/src/Test.jl:1156 [inlined]
 [5] macro expansion at /root/.julia/packages/JSONSchema/3RZCR/test/runtests.jl:159 [inlined]
 [6] macro expansion at /buildworker/worker/package_linux64/build/usr/share/julia/stdlib/v1.0/Test/src/Test.jl:1156 [inlined]
 [7] macro expansion at /root/.julia/packages/JSONSchema/3RZCR/test/runtests.jl:156 [inlined]
 [8] macro expansion at /buildworker/worker/package_linux64/build/usr/share/julia/stdlib/v1.0/Test/src/Test.jl:1156 [inlined]
 [9] macro expansion at /root/.julia/packages/JSONSchema/3RZCR/test/runtests.jl:144 [inlined]
 [10] macro expansion at /buildworker/worker/package_linux64/build/usr/share/julia/stdlib/v1.0/Test/src/Test.jl:1083 [inlined]
 [11] top-level scope at /root/.julia/packages/JSONSchema/3RZCR/test/runtests.jl:143
* float zero is invalid: Test Failed at /root/.julia/packages/JSONSchema/3RZCR/test/runtests.jl:165
  Expression: isvalid(subtest["data"], spec) == subtest["valid"]
   Evaluated: true == false
Stacktrace:
 [1] macro expansion at /root/.julia/packages/JSONSchema/3RZCR/test/runtests.jl:165 [inlined]
 [2] macro expansion at /buildworker/worker/package_linux64/build/usr/share/julia/stdlib/v1.0/Test/src/Test.jl:1156 [inlined]
 [3] macro expansion at /root/.julia/packages/JSONSchema/3RZCR/test/runtests.jl:164 [inlined]
 [4] macro expansion at /buildworker/worker/package_linux64/build/usr/share/julia/stdlib/v1.0/Test/src/Test.jl:1156 [inlined]
 [5] macro expansion at /root/.julia/packages/JSONSchema/3RZCR/test/runtests.jl:159 [inlined]
 [6] macro expansion at /buildworker/worker/package_linux64/build/usr/share/julia/stdlib/v1.0/Test/src/Test.jl:1156 [inlined]
 [7] macro expansion at /root/.julia/packages/JSONSchema/3RZCR/test/runtests.jl:156 [inlined]
 [8] macro expansion at /buildworker/worker/package_linux64/build/usr/share/julia/stdlib/v1.0/Test/src/Test.jl:1156 [inlined]
 [9] macro expansion at /root/.julia/packages/JSONSchema/3RZCR/test/runtests.jl:144 [inlined]
 [10] macro expansion at /buildworker/worker/package_linux64/build/usr/share/julia/stdlib/v1.0/Test/src/Test.jl:1083 [inlined]
 [11] top-level scope at /root/.julia/packages/JSONSchema/3RZCR/test/runtests.jl:143
* integer one is invalid: Test Failed at /root/.julia/packages/JSONSchema/3RZCR/test/runtests.jl:165
  Expression: isvalid(subtest["data"], spec) == subtest["valid"]
   Evaluated: true == false
Stacktrace:
 [1] macro expansion at /root/.julia/packages/JSONSchema/3RZCR/test/runtests.jl:165 [inlined]
 [2] macro expansion at /buildworker/worker/package_linux64/build/usr/share/julia/stdlib/v1.0/Test/src/Test.jl:1156 [inlined]
 [3] macro expansion at /root/.julia/packages/JSONSchema/3RZCR/test/runtests.jl:164 [inlined]
 [4] macro expansion at /buildworker/worker/package_linux64/build/usr/share/julia/stdlib/v1.0/Test/src/Test.jl:1156 [inlined]
 [5] macro expansion at /root/.julia/packages/JSONSchema/3RZCR/test/runtests.jl:159 [inlined]
 [6] macro expansion at /buildworker/worker/package_linux64/build/usr/share/julia/stdlib/v1.0/Test/src/Test.jl:1156 [inlined]
 [7] macro expansion at /root/.julia/packages/JSONSchema/3RZCR/test/runtests.jl:156 [inlined]
 [8] macro expansion at /buildworker/worker/package_linux64/build/usr/share/julia/stdlib/v1.0/Test/src/Test.jl:1156 [inlined]
 [9] macro expansion at /root/.julia/packages/JSONSchema/3RZCR/test/runtests.jl:144 [inlined]
 [10] macro expansion at /buildworker/worker/package_linux64/build/usr/share/julia/stdlib/v1.0/Test/src/Test.jl:1083 [inlined]
 [11] top-level scope at /root/.julia/packages/JSONSchema/3RZCR/test/runtests.jl:143
* float one is invalid: Test Failed at /root/.julia/packages/JSONSchema/3RZCR/test/runtests.jl:165
  Expression: isvalid(subtest["data"], spec) == subtest["valid"]
   Evaluated: true == false
Stacktrace:
 [1] macro expansion at /root/.julia/packages/JSONSchema/3RZCR/test/runtests.jl:165 [inlined]
 [2] macro expansion at /buildworker/worker/package_linux64/build/usr/share/julia/stdlib/v1.0/Test/src/Test.jl:1156 [inlined]
 [3] macro expansion at /root/.julia/packages/JSONSchema/3RZCR/test/runtests.jl:164 [inlined]
 [4] macro expansion at /buildworker/worker/package_linux64/build/usr/share/julia/stdlib/v1.0/Test/src/Test.jl:1156 [inlined]
 [5] macro expansion at /root/.julia/packages/JSONSchema/3RZCR/test/runtests.jl:159 [inlined]
 [6] macro expansion at /buildworker/worker/package_linux64/build/usr/share/julia/stdlib/v1.0/Test/src/Test.jl:1156 [inlined]
 [7] macro expansion at /root/.julia/packages/JSONSchema/3RZCR/test/runtests.jl:156 [inlined]
 [8] macro expansion at /buildworker/worker/package_linux64/build/usr/share/julia/stdlib/v1.0/Test/src/Test.jl:1156 [inlined]
 [9] macro expansion at /root/.julia/packages/JSONSchema/3RZCR/test/runtests.jl:144 [inlined]
 [10] macro expansion at /buildworker/worker/package_linux64/build/usr/share/julia/stdlib/v1.0/Test/src/Test.jl:1083 [inlined]
 [11] top-level scope at /root/.julia/packages/JSONSchema/3RZCR/test/runtests.jl:143
* false is invalid: Test Failed at /root/.julia/packages/JSONSchema/3RZCR/test/runtests.jl:165
  Expression: isvalid(subtest["data"], spec) == subtest["valid"]
   Evaluated: true == false
Stacktrace:
 [1] macro expansion at /root/.julia/packages/JSONSchema/3RZCR/test/runtests.jl:165 [inlined]
 [2] macro expansion at /buildworker/worker/package_linux64/build/usr/share/julia/stdlib/v1.0/Test/src/Test.jl:1156 [inlined]
 [3] macro expansion at /root/.julia/packages/JSONSchema/3RZCR/test/runtests.jl:164 [inlined]
 [4] macro expansion at /buildworker/worker/package_linux64/build/usr/share/julia/stdlib/v1.0/Test/src/Test.jl:1156 [inlined]
 [5] macro expansion at /root/.julia/packages/JSONSchema/3RZCR/test/runtests.jl:159 [inlined]
 [6] macro expansion at /buildworker/worker/package_linux64/build/usr/share/julia/stdlib/v1.0/Test/src/Test.jl:1156 [inlined]
 [7] macro expansion at /root/.julia/packages/JSONSchema/3RZCR/test/runtests.jl:156 [inlined]
 [8] macro expansion at /buildworker/worker/package_linux64/build/usr/share/julia/stdlib/v1.0/Test/src/Test.jl:1156 [inlined]
 [9] macro expansion at /root/.julia/packages/JSONSchema/3RZCR/test/runtests.jl:144 [inlined]
 [10] macro expansion at /buildworker/worker/package_linux64/build/usr/share/julia/stdlib/v1.0/Test/src/Test.jl:1083 [inlined]
 [11] top-level scope at /root/.julia/packages/JSONSchema/3RZCR/test/runtests.jl:143
* true is invalid: Test Failed at /root/.julia/packages/JSONSchema/3RZCR/test/runtests.jl:165
  Expression: isvalid(subtest["data"], spec) == subtest["valid"]
   Evaluated: true == false
Stacktrace:
 [1] macro expansion at /root/.julia/packages/JSONSchema/3RZCR/test/runtests.jl:165 [inlined]
 [2] macro expansion at /buildworker/worker/package_linux64/build/usr/share/julia/stdlib/v1.0/Test/src/Test.jl:1156 [inlined]
 [3] macro expansion at /root/.julia/packages/JSONSchema/3RZCR/test/runtests.jl:164 [inlined]
 [4] macro expansion at /buildworker/worker/package_linux64/build/usr/share/julia/stdlib/v1.0/Test/src/Test.jl:1156 [inlined]
 [5] macro expansion at /root/.julia/packages/JSONSchema/3RZCR/test/runtests.jl:159 [inlined]
 [6] macro expansion at /buildworker/worker/package_linux64/build/usr/share/julia/stdlib/v1.0/Test/src/Test.jl:1156 [inlined]
 [7] macro expansion at /root/.julia/packages/JSONSchema/3RZCR/test/runtests.jl:156 [inlined]
 [8] macro expansion at /buildworker/worker/package_linux64/build/usr/share/julia/stdlib/v1.0/Test/src/Test.jl:1156 [inlined]
 [9] macro expansion at /root/.julia/packages/JSONSchema/3RZCR/test/runtests.jl:144 [inlined]
 [10] macro expansion at /buildworker/worker/package_linux64/build/usr/share/julia/stdlib/v1.0/Test/src/Test.jl:1083 [inlined]
 [11] top-level scope at /root/.julia/packages/JSONSchema/3RZCR/test/runtests.jl:143
[ Info: fetching remote ref http://json-schema.org/draft-06/schema
[ Info: fetching remote ref http://json-schema.org/draft-06/schema
* integer zero is invalid: Test Failed at /root/.julia/packages/JSONSchema/3RZCR/test/runtests.jl:165
  Expression: isvalid(subtest["data"], spec) == subtest["valid"]
   Evaluated: true == false
Stacktrace:
 [1] macro expansion at /root/.julia/packages/JSONSchema/3RZCR/test/runtests.jl:165 [inlined]
 [2] macro expansion at /buildworker/worker/package_linux64/build/usr/share/julia/stdlib/v1.0/Test/src/Test.jl:1156 [inlined]
 [3] macro expansion at /root/.julia/packages/JSONSchema/3RZCR/test/runtests.jl:164 [inlined]
 [4] macro expansion at /buildworker/worker/package_linux64/build/usr/share/julia/stdlib/v1.0/Test/src/Test.jl:1156 [inlined]
 [5] macro expansion at /root/.julia/packages/JSONSchema/3RZCR/test/runtests.jl:159 [inlined]
 [6] macro expansion at /buildworker/worker/package_linux64/build/usr/share/julia/stdlib/v1.0/Test/src/Test.jl:1156 [inlined]
 [7] macro expansion at /root/.julia/packages/JSONSchema/3RZCR/test/runtests.jl:156 [inlined]
 [8] macro expansion at /buildworker/worker/package_linux64/build/usr/share/julia/stdlib/v1.0/Test/src/Test.jl:1156 [inlined]
 [9] macro expansion at /root/.julia/packages/JSONSchema/3RZCR/test/runtests.jl:144 [inlined]
 [10] macro expansion at /buildworker/worker/package_linux64/build/usr/share/julia/stdlib/v1.0/Test/src/Test.jl:1083 [inlined]
 [11] top-level scope at /root/.julia/packages/JSONSchema/3RZCR/test/runtests.jl:143
* float zero is invalid: Test Failed at /root/.julia/packages/JSONSchema/3RZCR/test/runtests.jl:165
  Expression: isvalid(subtest["data"], spec) == subtest["valid"]
   Evaluated: true == false
Stacktrace:
 [1] macro expansion at /root/.julia/packages/JSONSchema/3RZCR/test/runtests.jl:165 [inlined]
 [2] macro expansion at /buildworker/worker/package_linux64/build/usr/share/julia/stdlib/v1.0/Test/src/Test.jl:1156 [inlined]
 [3] macro expansion at /root/.julia/packages/JSONSchema/3RZCR/test/runtests.jl:164 [inlined]
 [4] macro expansion at /buildworker/worker/package_linux64/build/usr/share/julia/stdlib/v1.0/Test/src/Test.jl:1156 [inlined]
 [5] macro expansion at /root/.julia/packages/JSONSchema/3RZCR/test/runtests.jl:159 [inlined]
 [6] macro expansion at /buildworker/worker/package_linux64/build/usr/share/julia/stdlib/v1.0/Test/src/Test.jl:1156 [inlined]
 [7] macro expansion at /root/.julia/packages/JSONSchema/3RZCR/test/runtests.jl:156 [inlined]
 [8] macro expansion at /buildworker/worker/package_linux64/build/usr/share/julia/stdlib/v1.0/Test/src/Test.jl:1156 [inlined]
 [9] macro expansion at /root/.julia/packages/JSONSchema/3RZCR/test/runtests.jl:144 [inlined]
 [10] macro expansion at /buildworker/worker/package_linux64/build/usr/share/julia/stdlib/v1.0/Test/src/Test.jl:1083 [inlined]
 [11] top-level scope at /root/.julia/packages/JSONSchema/3RZCR/test/runtests.jl:143
* integer one is invalid: Test Failed at /root/.julia/packages/JSONSchema/3RZCR/test/runtests.jl:165
  Expression: isvalid(subtest["data"], spec) == subtest["valid"]
   Evaluated: true == false
Stacktrace:
 [1] macro expansion at /root/.julia/packages/JSONSchema/3RZCR/test/runtests.jl:165 [inlined]
 [2] macro expansion at /buildworker/worker/package_linux64/build/usr/share/julia/stdlib/v1.0/Test/src/Test.jl:1156 [inlined]
 [3] macro expansion at /root/.julia/packages/JSONSchema/3RZCR/test/runtests.jl:164 [inlined]
 [4] macro expansion at /buildworker/worker/package_linux64/build/usr/share/julia/stdlib/v1.0/Test/src/Test.jl:1156 [inlined]
 [5] macro expansion at /root/.julia/packages/JSONSchema/3RZCR/test/runtests.jl:159 [inlined]
 [6] macro expansion at /buildworker/worker/package_linux64/build/usr/share/julia/stdlib/v1.0/Test/src/Test.jl:1156 [inlined]
 [7] macro expansion at /root/.julia/packages/JSONSchema/3RZCR/test/runtests.jl:156 [inlined]
 [8] macro expansion at /buildworker/worker/package_linux64/build/usr/share/julia/stdlib/v1.0/Test/src/Test.jl:1156 [inlined]
 [9] macro expansion at /root/.julia/packages/JSONSchema/3RZCR/test/runtests.jl:144 [inlined]
 [10] macro expansion at /buildworker/worker/package_linux64/build/usr/share/julia/stdlib/v1.0/Test/src/Test.jl:1083 [inlined]
 [11] top-level scope at /root/.julia/packages/JSONSchema/3RZCR/test/runtests.jl:143
* float one is invalid: Test Failed at /root/.julia/packages/JSONSchema/3RZCR/test/runtests.jl:165
  Expression: isvalid(subtest["data"], spec) == subtest["valid"]
   Evaluated: true == false
Stacktrace:
 [1] macro expansion at /root/.julia/packages/JSONSchema/3RZCR/test/runtests.jl:165 [inlined]
 [2] macro expansion at /buildworker/worker/package_linux64/build/usr/share/julia/stdlib/v1.0/Test/src/Test.jl:1156 [inlined]
 [3] macro expansion at /root/.julia/packages/JSONSchema/3RZCR/test/runtests.jl:164 [inlined]
 [4] macro expansion at /buildworker/worker/package_linux64/build/usr/share/julia/stdlib/v1.0/Test/src/Test.jl:1156 [inlined]
 [5] macro expansion at /root/.julia/packages/JSONSchema/3RZCR/test/runtests.jl:159 [inlined]
 [6] macro expansion at /buildworker/worker/package_linux64/build/usr/share/julia/stdlib/v1.0/Test/src/Test.jl:1156 [inlined]
 [7] macro expansion at /root/.julia/packages/JSONSchema/3RZCR/test/runtests.jl:156 [inlined]
 [8] macro expansion at /buildworker/worker/package_linux64/build/usr/share/julia/stdlib/v1.0/Test/src/Test.jl:1156 [inlined]
 [9] macro expansion at /root/.julia/packages/JSONSchema/3RZCR/test/runtests.jl:144 [inlined]
 [10] macro expansion at /buildworker/worker/package_linux64/build/usr/share/julia/stdlib/v1.0/Test/src/Test.jl:1083 [inlined]
 [11] top-level scope at /root/.julia/packages/JSONSchema/3RZCR/test/runtests.jl:143
* false is invalid: Test Failed at /root/.julia/packages/JSONSchema/3RZCR/test/runtests.jl:165
  Expression: isvalid(subtest["data"], spec) == subtest["valid"]
   Evaluated: true == false
Stacktrace:
 [1] macro expansion at /root/.julia/packages/JSONSchema/3RZCR/test/runtests.jl:165 [inlined]
 [2] macro expansion at /buildworker/worker/package_linux64/build/usr/share/julia/stdlib/v1.0/Test/src/Test.jl:1156 [inlined]
 [3] macro expansion at /root/.julia/packages/JSONSchema/3RZCR/test/runtests.jl:164 [inlined]
 [4] macro expansion at /buildworker/worker/package_linux64/build/usr/share/julia/stdlib/v1.0/Test/src/Test.jl:1156 [inlined]
 [5] macro expansion at /root/.julia/packages/JSONSchema/3RZCR/test/runtests.jl:159 [inlined]
 [6] macro expansion at /buildworker/worker/package_linux64/build/usr/share/julia/stdlib/v1.0/Test/src/Test.jl:1156 [inlined]
 [7] macro expansion at /root/.julia/packages/JSONSchema/3RZCR/test/runtests.jl:156 [inlined]
 [8] macro expansion at /buildworker/worker/package_linux64/build/usr/share/julia/stdlib/v1.0/Test/src/Test.jl:1156 [inlined]
 [9] macro expansion at /root/.julia/packages/JSONSchema/3RZCR/test/runtests.jl:144 [inlined]
 [10] macro expansion at /buildworker/worker/package_linux64/build/usr/share/julia/stdlib/v1.0/Test/src/Test.jl:1083 [inlined]
 [11] top-level scope at /root/.julia/packages/JSONSchema/3RZCR/test/runtests.jl:143
* true is invalid: Test Failed at /root/.julia/packages/JSONSchema/3RZCR/test/runtests.jl:165
  Expression: isvalid(subtest["data"], spec) == subtest["valid"]
   Evaluated: true == false
Stacktrace:
 [1] macro expansion at /root/.julia/packages/JSONSchema/3RZCR/test/runtests.jl:165 [inlined]
 [2] macro expansion at /buildworker/worker/package_linux64/build/usr/share/julia/stdlib/v1.0/Test/src/Test.jl:1156 [inlined]
 [3] macro expansion at /root/.julia/packages/JSONSchema/3RZCR/test/runtests.jl:164 [inlined]
 [4] macro expansion at /buildworker/worker/package_linux64/build/usr/share/julia/stdlib/v1.0/Test/src/Test.jl:1156 [inlined]
 [5] macro expansion at /root/.julia/packages/JSONSchema/3RZCR/test/runtests.jl:159 [inlined]
 [6] macro expansion at /buildworker/worker/package_linux64/build/usr/share/julia/stdlib/v1.0/Test/src/Test.jl:1156 [inlined]
 [7] macro expansion at /root/.julia/packages/JSONSchema/3RZCR/test/runtests.jl:156 [inlined]
 [8] macro expansion at /buildworker/worker/package_linux64/build/usr/share/julia/stdlib/v1.0/Test/src/Test.jl:1156 [inlined]
 [9] macro expansion at /root/.julia/packages/JSONSchema/3RZCR/test/runtests.jl:144 [inlined]
 [10] macro expansion at /buildworker/worker/package_linux64/build/usr/share/julia/stdlib/v1.0/Test/src/Test.jl:1083 [inlined]
 [11] top-level scope at /root/.julia/packages/JSONSchema/3RZCR/test/runtests.jl:143
[ Info: fetching remote ref http://json-schema.org/draft-06/schema
- Location-independent identifier: Error During Test at /root/.julia/packages/JSONSchema/3RZCR/test/runtests.jl:159
  Got exception outside of a @test
  ArgumentError: #merge#4(::SubString{String}, ::SubString{String}, ::SubString{String}, ::SubString{String}, ::SubString{String}, ::SubString{String}, ::SubString{String}, ::Function, ::HTTP.URIs.URI) requires !(isempty(path)) || (!(isempty(query)) || isempty(fragment))
  Stacktrace:
   [1] macro expansion at /root/.julia/packages/HTTP/lZVI1/src/debug.jl:52 [inlined]
   [2] #merge#4(::SubString{String}, ::SubString{String}, ::SubString{String}, ::SubString{String}, ::SubString{String}, ::SubString{String}, ::SubString{String}, ::Function, ::HTTP.URIs.URI) at /root/.julia/packages/HTTP/lZVI1/src/URIs.jl:82
   [3] #merge at ./none:0 [inlined]
   [4] #URI#3 at /root/.julia/packages/HTTP/lZVI1/src/URIs.jl:66 [inlined]
   [5] (::getfield(Core, Symbol("#kw#Type")))(::NamedTuple{(:fragment, :scheme, :port, :path, :host, :userinfo, :query),NTuple{7,SubString{String}}}, ::Type{HTTP.URIs.URI}) at ./none:0
   [6] updateid(::HTTP.URIs.URI, ::String) at /root/.julia/packages/JSONSchema/3RZCR/src/schema.jl:60
   [7] mkidmap!(::Dict{String,Any}, ::Dict{String,Any}, ::HTTP.URIs.URI) at /root/.julia/packages/JSONSchema/3RZCR/src/schema.jl:71
   [8] mkidmap!(::Dict{String,Any}, ::Dict{String,Any}, ::HTTP.URIs.URI) at /root/.julia/packages/JSONSchema/3RZCR/src/schema.jl:76 (repeats 2 times)
   [9] (::getfield(JSONSchema, Symbol("##Schema#9#12")))(::Dict{String,Any}, ::String, ::Type, ::Dict{String,Any}) at /root/.julia/packages/JSONSchema/3RZCR/src/schema.jl:216
   [10] (::getfield(Core, Symbol("#kw#Type")))(::NamedTuple{(:idmap0, :parentFileDirectory),Tuple{Dict{String,Any},String}}, ::Type{Schema}, ::Dict{String,Any}) at ./none:0
   [11] macro expansion at /root/.julia/packages/JSONSchema/3RZCR/test/runtests.jl:160 [inlined]
   [12] macro expansion at /buildworker/worker/package_linux64/build/usr/share/julia/stdlib/v1.0/Test/src/Test.jl:1156 [inlined]
   [13] macro expansion at /root/.julia/packages/JSONSchema/3RZCR/test/runtests.jl:159 [inlined]
   [14] macro expansion at /buildworker/worker/package_linux64/build/usr/share/julia/stdlib/v1.0/Test/src/Test.jl:1156 [inlined]
   [15] macro expansion at /root/.julia/packages/JSONSchema/3RZCR/test/runtests.jl:156 [inlined]
   [16] macro expansion at /buildworker/worker/package_linux64/build/usr/share/julia/stdlib/v1.0/Test/src/Test.jl:1156 [inlined]
   [17] macro expansion at /root/.julia/packages/JSONSchema/3RZCR/test/runtests.jl:144 [inlined]
   [18] macro expansion at /buildworker/worker/package_linux64/build/usr/share/julia/stdlib/v1.0/Test/src/Test.jl:1083 [inlined]
   [19] top-level scope at /root/.julia/packages/JSONSchema/3RZCR/test/runtests.jl:143
   [20] include at ./boot.jl:317 [inlined]
   [21] include_relative(::Module, ::String) at ./loading.jl:1044
   [22] include(::Module, ::String) at ./sysimg.jl:29
   [23] include(::String) at ./client.jl:392
   [24] top-level scope at none:0
   [25] eval(::Module, ::Any) at ./boot.jl:319
   [26] exec_options(::Base.JLOptions) at ./client.jl:243
   [27] _start() at ./client.jl:425
[ Info: fetching remote ref http://localhost:1234/bar
- Location-independent identifier with absolute URI: Error During Test at /root/.julia/packages/JSONSchema/3RZCR/test/runtests.jl:159
  Got exception outside of a @test
  IOError(Base.IOError("connect: connection refused (ECONNREFUSED)", -111) during request(http://localhost:1234/bar))
  
  Stacktrace:
   [1] try_yieldto(::typeof(Base.ensure_rescheduled), ::Base.RefValue{Task}) at ./event.jl:196
   [2] wait() at ./event.jl:255
   [3] wait(::Condition) at ./event.jl:46
   [4] stream_wait(::Sockets.TCPSocket, ::Condition) at ./stream.jl:47
   [5] wait_connected(::Sockets.TCPSocket) at ./stream.jl:259
   [6] connect(::Sockets.IPv4, ::UInt64) at /buildworker/worker/package_linux64/build/usr/share/julia/stdlib/v1.0/Sockets/src/Sockets.jl:444
   [7] #getconnection#14(::Bool, ::Int64, ::Base.Iterators.Pairs{Symbol,Union{Nothing, Bool},Tuple{Symbol,Symbol},NamedTuple{(:require_ssl_verification, :iofunction),Tuple{Bool,Nothing}}}, ::Function, ::Type{Sockets.TCPSocket}, ::SubString{String}, ::SubString{String}) at /root/.julia/packages/HTTP/lZVI1/src/ConnectionPool.jl:568
   [8] #getconnection#11(::Int64, ::Int64, ::Int64, ::Int64, ::Bool, ::Base.Iterators.Pairs{Symbol,Nothing,Tuple{Symbol},NamedTuple{(:iofunction,),Tuple{Nothing}}}, ::Function, ::Type{HTTP.ConnectionPool.Transaction{Sockets.TCPSocket}}, ::SubString{String}, ::SubString{String}) at ./none:0
   [9] (::getfield(HTTP.ConnectionPool, Symbol("#kw##getconnection")))(::NamedTuple{(:reuse_limit, :iofunction),Tuple{Int64,Nothing}}, ::typeof(HTTP.ConnectionPool.getconnection), ::Type{HTTP.ConnectionPool.Transaction{Sockets.TCPSocket}}, ::SubString{String}, ::SubString{String}) at ./none:0
   [10] #request#1(::Nothing, ::Type, ::Int64, ::Base.Iterators.Pairs{Symbol,Nothing,Tuple{Symbol},NamedTuple{(:iofunction,),Tuple{Nothing}}}, ::Function, ::Type{HTTP.ConnectionRequest.ConnectionPoolLayer{HTTP.StreamRequest.StreamLayer{Union{}}}}, ::HTTP.URIs.URI, ::HTTP.Messages.Request, ::Array{UInt8,1}) at /root/.julia/packages/HTTP/lZVI1/src/ConnectionRequest.jl:41
   [11] (::getfield(HTTP, Symbol("#kw##request")))(::NamedTuple{(:iofunction,),Tuple{Nothing}}, ::typeof(HTTP.request), ::Type{HTTP.ConnectionRequest.ConnectionPoolLayer{HTTP.StreamRequest.StreamLayer{Union{}}}}, ::HTTP.URIs.URI, ::HTTP.Messages.Request, ::Array{UInt8,1}) at ./none:0
   [12] #request#1(::Base.Iterators.Pairs{Symbol,Nothing,Tuple{Symbol},NamedTuple{(:iofunction,),Tuple{Nothing}}}, ::Function, ::Type{HTTP.ExceptionRequest.ExceptionLayer{HTTP.ConnectionRequest.ConnectionPoolLayer{HTTP.StreamRequest.StreamLayer{Union{}}}}}, ::HTTP.URIs.URI, ::Vararg{Any,N} where N) at /root/.julia/packages/HTTP/lZVI1/src/ExceptionRequest.jl:19
   [13] (::getfield(HTTP, Symbol("#kw##request")))(::NamedTuple{(:iofunction,),Tuple{Nothing}}, ::typeof(HTTP.request), ::Type{HTTP.ExceptionRequest.ExceptionLayer{HTTP.ConnectionRequest.ConnectionPoolLayer{HTTP.StreamRequest.StreamLayer{Union{}}}}}, ::HTTP.URIs.URI, ::HTTP.Messages.Request, ::Array{UInt8,1}) at ./none:0
   [14] (::getfield(Base, Symbol("###44#45#46")){ExponentialBackOff,getfield(HTTP.RetryRequest, Symbol("##2#3")){Bool,HTTP.Messages.Request},typeof(HTTP.request)})(::Base.Iterators.Pairs{Symbol,Nothing,Tuple{Symbol},NamedTuple{(:iofunction,),Tuple{Nothing}}}, ::Function, ::Type, ::Vararg{Any,N} where N) at ./error.jl:216
   [15] #request#1(::VersionNumber, ::String, ::Nothing, ::Nothing, ::Base.Iterators.Pairs{Union{},Union{},Tuple{},NamedTuple{(),Tuple{}}}, ::Function, ::Type{HTTP.MessageRequest.MessageLayer{HTTP.RetryRequest.RetryLayer{HTTP.ExceptionRequest.ExceptionLayer{HTTP.ConnectionRequest.ConnectionPoolLayer{HTTP.StreamRequest.StreamLayer{Union{}}}}}}}, ::String, ::HTTP.URIs.URI, ::Array{Pair{SubString{String},SubString{String}},1}, ::Array{UInt8,1}) at ./none:0
   [16] request at /root/.julia/packages/HTTP/lZVI1/src/MessageRequest.jl:28 [inlined]
   [17] #request#1(::Int64, ::Bool, ::Base.Iterators.Pairs{Union{},Union{},Tuple{},NamedTuple{(),Tuple{}}}, ::Function, ::Type{HTTP.RedirectRequest.RedirectLayer{HTTP.MessageRequest.MessageLayer{HTTP.RetryRequest.RetryLayer{HTTP.ExceptionRequest.ExceptionLayer{HTTP.ConnectionRequest.ConnectionPoolLayer{HTTP.StreamRequest.StreamLayer{Union{}}}}}}}}, ::String, ::HTTP.URIs.URI, ::Array{Pair{SubString{String},SubString{String}},1}, ::Array{UInt8,1}) at /root/.julia/packages/HTTP/lZVI1/src/RedirectRequest.jl:24
   [18] request(::Type{HTTP.RedirectRequest.RedirectLayer{HTTP.MessageRequest.MessageLayer{HTTP.RetryRequest.RetryLayer{HTTP.ExceptionRequest.ExceptionLayer{HTTP.ConnectionRequest.ConnectionPoolLayer{HTTP.StreamRequest.StreamLayer{Union{}}}}}}}}, ::String, ::HTTP.URIs.URI, ::Array{Pair{SubString{String},SubString{String}},1}, ::Array{UInt8,1}) at /root/.julia/packages/HTTP/lZVI1/src/RedirectRequest.jl:21
   [19] #request#4(::Array{Pair{SubString{String},SubString{String}},1}, ::Array{UInt8,1}, ::Nothing, ::Base.Iterators.Pairs{Union{},Union{},Tuple{},NamedTuple{(),Tuple{}}}, ::Function, ::String, ::HTTP.URIs.URI, ::Array{Pair{SubString{String},SubString{String}},1}, ::Array{UInt8,1}) at /root/.julia/packages/HTTP/lZVI1/src/HTTP.jl:308
   [20] request at /root/.julia/packages/HTTP/lZVI1/src/HTTP.jl:308 [inlined] (repeats 2 times)
   [21] getremoteschema(::HTTP.URIs.URI) at /root/.julia/packages/JSONSchema/3RZCR/src/schema.jl:103
   [22] findref(::HTTP.URIs.URI, ::Dict{String,Any}, ::String, ::String) at /root/.julia/packages/JSONSchema/3RZCR/src/schema.jl:132
   [23] resolverefs!(::Dict{String,Any}, ::HTTP.URIs.URI, ::Dict{String,Any}, ::String) at /root/.julia/packages/JSONSchema/3RZCR/src/schema.jl:157
   [24] (::getfield(JSONSchema, Symbol("##5#6")){HTTP.URIs.URI,Dict{String,Any},String})(::Dict{String,Any}) at /root/.julia/packages/JSONSchema/3RZCR/src/schema.jl:144
   [25] foreach(::getfield(JSONSchema, Symbol("##5#6")){HTTP.URIs.URI,Dict{String,Any},String}, ::Array{Any,1}) at ./abstractarray.jl:1835
   [26] resolverefs!(::Array{Any,1}, ::HTTP.URIs.URI, ::Dict{String,Any}, ::String) at /root/.julia/packages/JSONSchema/3RZCR/src/schema.jl:144
   [27] resolverefs!(::Dict{String,Any}, ::HTTP.URIs.URI, ::Dict{String,Any}, ::String) at /root/.julia/packages/JSONSchema/3RZCR/src/schema.jl:159
   [28] (::getfield(JSONSchema, Symbol("##Schema#9#12")))(::Dict{String,Any}, ::String, ::Type, ::Dict{String,Any}) at /root/.julia/packages/JSONSchema/3RZCR/src/schema.jl:219
   [29] (::getfield(Core, Symbol("#kw#Type")))(::NamedTuple{(:idmap0, :parentFileDirectory),Tuple{Dict{String,Any},String}}, ::Type{Schema}, ::Dict{String,Any}) at ./none:0
   [30] macro expansion at /root/.julia/packages/JSONSchema/3RZCR/test/runtests.jl:160 [inlined]
   [31] macro expansion at /buildworker/worker/package_linux64/build/usr/share/julia/stdlib/v1.0/Test/src/Test.jl:1156 [inlined]
   [32] macro expansion at /root/.julia/packages/JSONSchema/3RZCR/test/runtests.jl:159 [inlined]
   [33] macro expansion at /buildworker/worker/package_linux64/build/usr/share/julia/stdlib/v1.0/Test/src/Test.jl:1156 [inlined]
   [34] macro expansion at /root/.julia/packages/JSONSchema/3RZCR/test/runtests.jl:156 [inlined]
   [35] macro expansion at /buildworker/worker/package_linux64/build/usr/share/julia/stdlib/v1.0/Test/src/Test.jl:1156 [inlined]
   [36] macro expansion at /root/.julia/packages/JSONSchema/3RZCR/test/runtests.jl:144 [inlined]
   [37] macro expansion at /buildworker/worker/package_linux64/build/usr/share/julia/stdlib/v1.0/Test/src/Test.jl:1083 [inlined]
   [38] top-level scope at /root/.julia/packages/JSONSchema/3RZCR/test/runtests.jl:143
   [39] include at ./boot.jl:317 [inlined]
   [40] include_relative(::Module, ::String) at ./loading.jl:1044
   [41] include(::Module, ::String) at ./sysimg.jl:29
   [42] include(::String) at ./client.jl:392
   [43] top-level scope at none:0
   [44] eval(::Module, ::Any) at ./boot.jl:319
   [45] exec_options(::Base.JLOptions) at ./client.jl:243
   [46] _start() at ./client.jl:425
- Location-independent identifier with base URI change in subschema: Error During Test at /root/.julia/packages/JSONSchema/3RZCR/test/runtests.jl:159
  Got exception outside of a @test
  missing property 'foo' in Dict{String,Any}("\$id"=>"nested.json","definitions"=>Dict{String,Any}("B"=>Dict{String,Any}("\$id"=>"#foo","type"=>"integer")))
  Stacktrace:
   [1] error(::String) at ./error.jl:33
   [2] findelement(::Dict{String,Any}, ::SubString{String}) at /root/.julia/packages/JSONSchema/3RZCR/src/schema.jl:86
   [3] findref(::HTTP.URIs.URI, ::Dict{String,Any}, ::String, ::String) at /root/.julia/packages/JSONSchema/3RZCR/src/schema.jl:139
   [4] resolverefs!(::Dict{String,Any}, ::HTTP.URIs.URI, ::Dict{String,Any}, ::String) at /root/.julia/packages/JSONSchema/3RZCR/src/schema.jl:157
   [5] (::getfield(JSONSchema, Symbol("##5#6")){HTTP.URIs.URI,Dict{String,Any},String})(::Dict{String,Any}) at /root/.julia/packages/JSONSchema/3RZCR/src/schema.jl:144
   [6] foreach(::getfield(JSONSchema, Symbol("##5#6")){HTTP.URIs.URI,Dict{String,Any},String}, ::Array{Any,1}) at ./abstractarray.jl:1835
   [7] resolverefs!(::Array{Any,1}, ::HTTP.URIs.URI, ::Dict{String,Any}, ::String) at /root/.julia/packages/JSONSchema/3RZCR/src/schema.jl:144
   [8] resolverefs!(::Dict{String,Any}, ::HTTP.URIs.URI, ::Dict{String,Any}, ::String) at /root/.julia/packages/JSONSchema/3RZCR/src/schema.jl:159
   [9] (::getfield(JSONSchema, Symbol("##Schema#9#12")))(::Dict{String,Any}, ::String, ::Type, ::Dict{String,Any}) at /root/.julia/packages/JSONSchema/3RZCR/src/schema.jl:219
   [10] (::getfield(Core, Symbol("#kw#Type")))(::NamedTuple{(:idmap0, :parentFileDirectory),Tuple{Dict{String,Any},String}}, ::Type{Schema}, ::Dict{String,Any}) at ./none:0
   [11] macro expansion at /root/.julia/packages/JSONSchema/3RZCR/test/runtests.jl:160 [inlined]
   [12] macro expansion at /buildworker/worker/package_linux64/build/usr/share/julia/stdlib/v1.0/Test/src/Test.jl:1156 [inlined]
   [13] macro expansion at /root/.julia/packages/JSONSchema/3RZCR/test/runtests.jl:159 [inlined]
   [14] macro expansion at /buildworker/worker/package_linux64/build/usr/share/julia/stdlib/v1.0/Test/src/Test.jl:1156 [inlined]
   [15] macro expansion at /root/.julia/packages/JSONSchema/3RZCR/test/runtests.jl:156 [inlined]
   [16] macro expansion at /buildworker/worker/package_linux64/build/usr/share/julia/stdlib/v1.0/Test/src/Test.jl:1156 [inlined]
   [17] macro expansion at /root/.julia/packages/JSONSchema/3RZCR/test/runtests.jl:144 [inlined]
   [18] macro expansion at /buildworker/worker/package_linux64/build/usr/share/julia/stdlib/v1.0/Test/src/Test.jl:1083 [inlined]
   [19] top-level scope at /root/.julia/packages/JSONSchema/3RZCR/test/runtests.jl:143
   [20] include at ./boot.jl:317 [inlined]
   [21] include_relative(::Module, ::String) at ./loading.jl:1044
   [22] include(::Module, ::String) at ./sysimg.jl:29
   [23] include(::String) at ./client.jl:392
   [24] top-level scope at none:0
   [25] eval(::Module, ::Any) at ./boot.jl:319
   [26] exec_options(::Base.JLOptions) at ./client.jl:243
   [27] _start() at ./client.jl:425
[ Info: loading local ref /tmp/tmpVnbfzW/test-suite/JSON-Schema-Test-Suite-master/tests/tmprj09WM/localReferenceSchemaTwo.json
[ Info: loading local ref file:/tmp/tmpVnbfzW/test-suite/JSON-Schema-Test-Suite-master/tests/tmprj09WM/localReferenceSchemaOne.json
[ Info: loading local ref file:/tmp/tmpVnbfzW/test-suite/JSON-Schema-Test-Suite-master/tests/tmprj09WM/nestedLocalReference.json
[ Info: loading local ref file:/tmp/tmpVnbfzW/test-suite/JSON-Schema-Test-Suite-master/tests/tmprj09WM/localReferenceSchemaOne.json
Test Summary:                                                             | Pass  Fail  Error  Total
test set                                                                  | 1014    18      6   1038
  Test suite for draft4                                                   |  447     6      3    456
    additionalItems.json                                                  |    9                   9
    additionalProperties.json                                             |   15                  15
    allOf.json                                                            |   17                  17
    anyOf.json                                                            |   15                  15
    default.json                                                          |    4                   4
    definitions.json                                                      |    2                   2
    dependencies.json                                                     |   25                  25
    enum.json                                                             |   18     6            24
      - simple enum validation                                            |    2                   2
      - heterogeneous enum validation                                     |    3                   3
      - enums in properties                                               |    4                   4
      - enum with escaped characters                                      |    3                   3
      - enum with false does not match 0                                  |    1     2             3
        * false is valid                                                  |    1                   1
        * integer zero is invalid                                         |          1             1
        * float zero is invalid                                           |          1             1
      - enum with true does not match 1                                   |    1     2             3
        * true is valid                                                   |    1                   1
        * integer one is invalid                                          |          1             1
        * float one is invalid                                            |          1             1
      - enum with 0 does not match false                                  |    2     1             3
        * false is invalid                                                |          1             1
        * integer zero is valid                                           |    1                   1
        * float zero is valid                                             |    1                   1
      - enum with 1 does not match true                                   |    2     1             3
        * true is invalid                                                 |          1             1
        * integer one is valid                                            |    1                   1
        * float one is valid                                              |    1                   1
    format.json                                                           |   36                  36
    items.json                                                            |   19                  19
    maxItems.json                                                         |    4                   4
    maxLength.json                                                        |    5                   5
    maxProperties.json                                                    |    6                   6
    maximum.json                                                          |   10                  10
    minItems.json                                                         |    4                   4
    minLength.json                                                        |    5                   5
    minProperties.json                                                    |    6                   6
    minimum.json                                                          |   15                  15
    multipleOf.json                                                       |    8                   8
    not.json                                                              |   10                  10
    oneOf.json                                                            |   21                  21
    pattern.json                                                          |    4                   4
    patternProperties.json                                                |   17                  17
    properties.json                                                       |   16                  16
    ref.json                                                              |   27            3     30
      - root pointer ref                                                  |    4                   4
      - relative pointer ref to object                                    |    2                   2
      - relative pointer ref to array                                     |    2                   2
      - escaped pointer ref                                               |    6                   6
      - nested refs                                                       |    2                   2
      - ref overrides any sibling keywords                                |    3                   3
      - remote ref, containing refs itself                                |    2                   2
      - property named $ref that is not a reference                       |    2                   2
      - Recursive references between schemas                              |    2                   2
      - refs with quote                                                   |    2                   2
      - Location-independent identifier                                   |                 1      1
      - Location-independent identifier with absolute URI                 |                 1      1
      - Location-independent identifier with base URI change in subschema |                 1      1
    refRemote.json                                                        |   15                  15
    required.json                                                         |    8                   8
    type.json                                                             |   78                  78
    uniqueItems.json                                                      |   28                  28
  Test suite for draft6                                                   |  560    12      3    575
    additionalItems.json                                                  |    9                   9
    additionalProperties.json                                             |   15                  15
    allOf.json                                                            |   20                  20
    anyOf.json                                                            |   18                  18
    boolean_schema.json                                                   |   18                  18
    const.json                                                            |   18     6            24
      - const validation                                                  |    3                   3
      - const with object                                                 |    4                   4
      - const with array                                                  |    3                   3
      - const with null                                                   |    2                   2
      - const with false does not match 0                                 |    1     2             3
        * false is valid                                                  |    1                   1
        * integer zero is invalid                                         |          1             1
        * float zero is invalid                                           |          1             1
      - const with true does not match 1                                  |    1     2             3
        * true is valid                                                   |    1                   1
        * integer one is invalid                                          |          1             1
        * float one is invalid                                            |          1             1
      - const with 0 does not match false                                 |    2     1             3
        * false is invalid                                                |          1             1
        * integer zero is valid                                           |    1                   1
        * float zero is valid                                             |    1                   1
      - const with 1 does not match true                                  |    2     1             3
        * true is invalid                                                 |          1             1
        * integer one is valid                                            |    1                   1
        * float one is valid                                              |    1                   1
    contains.json                                                         |   14                  14
    default.json                                                          |    4                   4
    definitions.json                                                      |    2                   2
    dependencies.json                                                     |   34                  34
    enum.json                                                             |   18     6            24
      - simple enum validation                                            |    2                   2
      - heterogeneous enum validation                                     |    3                   3
      - enums in properties                                               |    4                   4
      - enum with escaped characters                                      |    3                   3
      - enum with false does not match 0                                  |    1     2             3
        * false is valid                                                  |    1                   1
        * integer zero is invalid                                         |          1             1
        * float zero is invalid                                           |          1             1
      - enum with true does not match 1                                   |    1     2             3
        * true is valid                                                   |    1                   1
        * integer one is invalid                                          |          1             1
        * float one is invalid                                            |          1             1
      - enum with 0 does not match false                                  |    2     1             3
        * false is invalid                                                |          1             1
        * integer zero is valid                                           |    1                   1
        * float zero is valid                                             |    1                   1
      - enum with 1 does not match true                                   |    2     1             3
        * true is invalid                                                 |          1             1
        * integer one is valid                                            |    1                   1
        * float one is valid                                              |    1                   1
    exclusiveMaximum.json                                                 |    4                   4
    exclusiveMinimum.json                                                 |    4                   4
    format.json                                                           |   54                  54
    items.json                                                            |   26                  26
    maxItems.json                                                         |    4                   4
    maxLength.json                                                        |    5                   5
    maxProperties.json                                                    |    6                   6
    maximum.json                                                          |    4                   4
    minItems.json                                                         |    4                   4
    minLength.json                                                        |    5                   5
    minProperties.json                                                    |    6                   6
    minimum.json                                                          |    9                   9
    multipleOf.json                                                       |    8                   8
    not.json                                                              |   12                  12
    oneOf.json                                                            |   25                  25
    pattern.json                                                          |    4                   4
    patternProperties.json                                                |   21                  21
    properties.json                                                       |   20                  20
    propertyNames.json                                                    |   10                  10
    ref.json                                                              |   29            3     32
      - root pointer ref                                                  |    4                   4
      - relative pointer ref to object                                    |    2                   2
      - relative pointer ref to array                                     |    2                   2
      - escaped pointer ref                                               |    6                   6
      - nested refs                                                       |    2                   2
      - ref overrides any sibling keywords                                |    3                   3
      - remote ref, containing refs itself                                |    2                   2
      - property named $ref that is not a reference                       |    2                   2
      - $ref to boolean schema true                                       |    1                   1
      - $ref to boolean schema false                                      |    1                   1
      - Recursive references between schemas                              |    2                   2
      - refs with quote                                                   |    2                   2
      - Location-independent identifier                                   |                 1      1
      - Location-independent identifier with absolute URI                 |                 1      1
      - Location-independent identifier with base URI change in subschema |                 1      1
    refRemote.json                                                        |   15                  15
    required.json                                                         |    9                   9
    type.json                                                             |   78                  78
    uniqueItems.json                                                      |   28                  28
  Test suite for tmpSsROfm                                                |    7                   7
ERROR: LoadError: Some tests did not pass: 1014 passed, 18 failed, 6 errored, 0 broken.
in expression starting at /root/.julia/packages/JSONSchema/3RZCR/test/runtests.jl:136
ERROR: Package JSONSchema errored during testing
Stacktrace:
 [1] pkgerror(::String, ::Vararg{String,N} where N) at /buildworker/worker/package_linux64/build/usr/share/julia/stdlib/v1.0/Pkg/src/Types.jl:120
 [2] #test#65(::Bool, ::Function, ::Pkg.Types.Context, ::Array{Pkg.Types.PackageSpec,1}) at /buildworker/worker/package_linux64/build/usr/share/julia/stdlib/v1.0/Pkg/src/Operations.jl:1357
 [3] #test at /buildworker/worker/package_linux64/build/usr/share/julia/stdlib/v1.0/Pkg/src/API.jl:0 [inlined]
 [4] #test#44(::Bool, ::Base.Iterators.Pairs{Union{},Union{},Tuple{},NamedTuple{(),Tuple{}}}, ::Function, ::Pkg.Types.Context, ::Array{Pkg.Types.PackageSpec,1}) at /buildworker/worker/package_linux64/build/usr/share/julia/stdlib/v1.0/Pkg/src/API.jl:278
 [5] test at /buildworker/worker/package_linux64/build/usr/share/julia/stdlib/v1.0/Pkg/src/API.jl:263 [inlined]
 [6] #test#43 at /buildworker/worker/package_linux64/build/usr/share/julia/stdlib/v1.0/Pkg/src/API.jl:260 [inlined]
 [7] test at /buildworker/worker/package_linux64/build/usr/share/julia/stdlib/v1.0/Pkg/src/API.jl:260 [inlined]
 [8] #test#42 at /buildworker/worker/package_linux64/build/usr/share/julia/stdlib/v1.0/Pkg/src/API.jl:259 [inlined]
 [9] test at /buildworker/worker/package_linux64/build/usr/share/julia/stdlib/v1.0/Pkg/src/API.jl:259 [inlined]
 [10] #test#41 at /buildworker/worker/package_linux64/build/usr/share/julia/stdlib/v1.0/Pkg/src/API.jl:258 [inlined]
 [11] test(::String) at /buildworker/worker/package_linux64/build/usr/share/julia/stdlib/v1.0/Pkg/src/API.jl:258
 [12] top-level scope at none:0
