 Resolving package versions...
 Installed Tau ─ v0.2.0
  Updating `~/.julia/environments/v1.0/Project.toml`
  [c544e3c2] + Tau v0.2.0
  Updating `~/.julia/environments/v1.0/Manifest.toml`
  [c544e3c2] + Tau v0.2.0
  [2a0f44e3] + Base64 
  [8ba89e20] + Distributed 
  [b77e0a4c] + InteractiveUtils 
  [8f399da3] + Libdl 
  [37e2e46d] + LinearAlgebra 
  [56ddb016] + Logging 
  [d6f4376e] + Markdown 
  [9a3f8284] + Random 
  [9e88b42a] + Serialization 
  [6462fe0b] + Sockets 
  [8dfed614] + Test 
   Testing Tau
    Status `/tmp/tmpV4vOd3/Manifest.toml`
  [c544e3c2] Tau v0.2.0
  [2a0f44e3] Base64  [`@stdlib/Base64`]
  [8ba89e20] Distributed  [`@stdlib/Distributed`]
  [b77e0a4c] InteractiveUtils  [`@stdlib/InteractiveUtils`]
  [8f399da3] Libdl  [`@stdlib/Libdl`]
  [37e2e46d] LinearAlgebra  [`@stdlib/LinearAlgebra`]
  [56ddb016] Logging  [`@stdlib/Logging`]
  [d6f4376e] Markdown  [`@stdlib/Markdown`]
  [9a3f8284] Random  [`@stdlib/Random`]
  [9e88b42a] Serialization  [`@stdlib/Serialization`]
  [6462fe0b] Sockets  [`@stdlib/Sockets`]
  [8dfed614] Test  [`@stdlib/Test`]
Test Summary: | Pass  Total
self-identity |    3      3
Test Summary: | Pass  Total
tau vs. 2pi   |   11     11
Test Summary: | Pass  Total
sintau/costau | 1250   1250
Test Summary: | Pass  Total
modtau        |    8      8
   Testing Tau tests passed 
