 Resolving package versions...
 Installed Reexport ────────────── v0.2.0
 Installed GeometricalPredicates ─ v0.3.0
 Installed VoronoiCells ────────── v0.1.5
 Installed ColorTypes ──────────── v0.8.0
 Installed FixedPointNumbers ───── v0.6.1
 Installed VoronoiDelaunay ─────── v0.4.0
 Installed Colors ──────────────── v0.9.6
  Updating `~/.julia/environments/v1.0/Project.toml`
  [e3e34ffb] + VoronoiCells v0.1.5
  Updating `~/.julia/environments/v1.0/Manifest.toml`
  [3da002f7] + ColorTypes v0.8.0
  [5ae59095] + Colors v0.9.6
  [53c48c17] + FixedPointNumbers v0.6.1
  [fd0ad045] + GeometricalPredicates v0.3.0
  [189a3867] + Reexport v0.2.0
  [e3e34ffb] + VoronoiCells v0.1.5
  [72f80fcb] + VoronoiDelaunay v0.4.0
  [2a0f44e3] + Base64 
  [ade2ca70] + Dates 
  [b77e0a4c] + InteractiveUtils 
  [76f85450] + LibGit2 
  [8f399da3] + Libdl 
  [37e2e46d] + LinearAlgebra 
  [d6f4376e] + Markdown 
  [44cfe95a] + Pkg 
  [de0858da] + Printf 
  [3fa0cd96] + REPL 
  [9a3f8284] + Random 
  [ea8e919c] + SHA 
  [9e88b42a] + Serialization 
  [6462fe0b] + Sockets 
  [cf7118a7] + UUIDs 
  [4ec0a83e] + Unicode 
   Testing VoronoiCells
 Resolving package versions...
 Installed PooledArrays ──────────────── v0.5.2
 Installed BinaryProvider ────────────── v0.5.8
 Installed TableTraits ───────────────── v1.0.0
 Installed DataValueInterfaces ───────── v1.0.0
 Installed OrderedCollections ────────── v1.1.0
 Installed Missings ──────────────────── v0.4.3
 Installed CategoricalArrays ─────────── v0.7.3
 Installed Deldir ────────────────────── v1.1.1
 Installed IteratorInterfaceExtensions ─ v1.0.0
 Installed Parsers ───────────────────── v0.3.10
 Installed DataAPI ───────────────────── v1.1.0
 Installed JSON ──────────────────────── v0.21.0
 Installed Tables ────────────────────── v0.2.11
 Installed SortingAlgorithms ─────────── v0.3.1
 Installed DataFrames ────────────────── v0.18.4
 Installed StatsBase ─────────────────── v0.32.0
 Installed Compat ────────────────────── v3.0.0
 Installed DataStructures ────────────── v0.17.6
  Building Deldir → `~/.julia/packages/Deldir/3YuFN/deps/build.log`
    Status `/tmp/tmp7K8t85/Manifest.toml`
  [b99e7846] BinaryProvider v0.5.8
  [324d7699] CategoricalArrays v0.7.3
  [3da002f7] ColorTypes v0.8.0
  [5ae59095] Colors v0.9.6
  [34da2185] Compat v3.0.0
  [9a962f9c] DataAPI v1.1.0
  [a93c6f00] DataFrames v0.18.4
  [864edb3b] DataStructures v0.17.6
  [e2d170a0] DataValueInterfaces v1.0.0
  [64db5801] Deldir v1.1.1
  [53c48c17] FixedPointNumbers v0.6.1
  [fd0ad045] GeometricalPredicates v0.3.0
  [82899510] IteratorInterfaceExtensions v1.0.0
  [682c06a0] JSON v0.21.0
  [e1d29d7a] Missings v0.4.3
  [bac558e1] OrderedCollections v1.1.0
  [69de0a69] Parsers v0.3.10
  [2dfb63ee] PooledArrays v0.5.2
  [189a3867] Reexport v0.2.0
  [a2af1166] SortingAlgorithms v0.3.1
  [2913bbd2] StatsBase v0.32.0
  [3783bdb8] TableTraits v1.0.0
  [bd369af6] Tables v0.2.11
  [e3e34ffb] VoronoiCells v0.1.5
  [72f80fcb] VoronoiDelaunay v0.4.0
  [2a0f44e3] Base64  [`@stdlib/Base64`]
  [ade2ca70] Dates  [`@stdlib/Dates`]
  [8bb1440f] DelimitedFiles  [`@stdlib/DelimitedFiles`]
  [8ba89e20] Distributed  [`@stdlib/Distributed`]
  [9fa8497b] Future  [`@stdlib/Future`]
  [b77e0a4c] InteractiveUtils  [`@stdlib/InteractiveUtils`]
  [76f85450] LibGit2  [`@stdlib/LibGit2`]
  [8f399da3] Libdl  [`@stdlib/Libdl`]
  [37e2e46d] LinearAlgebra  [`@stdlib/LinearAlgebra`]
  [56ddb016] Logging  [`@stdlib/Logging`]
  [d6f4376e] Markdown  [`@stdlib/Markdown`]
  [a63ad114] Mmap  [`@stdlib/Mmap`]
  [44cfe95a] Pkg  [`@stdlib/Pkg`]
  [de0858da] Printf  [`@stdlib/Printf`]
  [3fa0cd96] REPL  [`@stdlib/REPL`]
  [9a3f8284] Random  [`@stdlib/Random`]
  [ea8e919c] SHA  [`@stdlib/SHA`]
  [9e88b42a] Serialization  [`@stdlib/Serialization`]
  [1a1011a3] SharedArrays  [`@stdlib/SharedArrays`]
  [6462fe0b] Sockets  [`@stdlib/Sockets`]
  [2f01184e] SparseArrays  [`@stdlib/SparseArrays`]
  [10745b16] Statistics  [`@stdlib/Statistics`]
  [8dfed614] Test  [`@stdlib/Test`]
  [cf7118a7] UUIDs  [`@stdlib/UUIDs`]
  [4ec0a83e] Unicode  [`@stdlib/Unicode`]
WARNING: Compat.Statistics is deprecated, use Statistics instead.
  likely near /root/.julia/packages/CategoricalArrays/U3LvJ/src/extras.jl:1
Test Summary:         | Pass  Total
Area of Voronoi cells |    2      2
Test Summary:             | Pass  Total
Errors with Voronoi cells |    1      1
Test Summary:    | Pass  Total
Area of polygons |    3      3
Test Summary:  | Pass  Total
Clipping lines |    5      5
Test Summary: | Pass  Total
Density       |    1      1
   Testing VoronoiCells tests passed 
