 Resolving package versions...
 Installed ArrayInterface ───────── v1.2.1
 Installed Requires ─────────────── v0.5.2
 Installed VersionParsing ───────── v1.1.3
 Installed RecursiveArrayTools ──── v1.0.2
 Installed RecipesBase ──────────── v0.7.0
 Installed FFTW ─────────────────── v1.1.0
 Installed BinaryProvider ───────── v0.5.8
 Installed StructuredOptimization ─ v0.2.3
 Installed Parsers ──────────────── v0.3.10
 Installed TSVD ─────────────────── v0.4.0
 Installed Adapt ────────────────── v1.0.0
 Installed ProximalAlgorithms ───── v0.3.1
 Installed Polynomials ──────────── v0.6.0
 Installed MathProgBase ─────────── v0.7.7
 Installed AbstractOperators ────── v0.2.2
 Installed Reexport ─────────────── v0.2.0
 Installed Conda ────────────────── v1.3.0
 Installed BinDeps ──────────────── v0.8.10
 Installed SpecialFunctions ─────── v0.8.0
 Installed JSON ─────────────────── v0.21.0
 Installed AbstractFFTs ─────────── v0.5.0
 Installed MathOptInterface ─────── v0.9.7
 Installed OSQP ─────────────────── v0.6.0
 Installed URIParser ────────────── v0.4.0
 Installed StaticArrays ─────────── v0.12.1
 Installed IterativeSolvers ─────── v0.8.1
 Installed DSP ──────────────────── v0.6.1
 Installed OrderedCollections ───── v1.1.0
 Installed BenchmarkTools ───────── v0.4.3
 Installed Compat ───────────────── v2.2.0
 Installed ProximalOperators ────── v0.10.3
  Updating `~/.julia/environments/v1.0/Project.toml`
  [46cd3e9d] + StructuredOptimization v0.2.3
  Updating `~/.julia/environments/v1.0/Manifest.toml`
  [621f4979] + AbstractFFTs v0.5.0
  [d9c5613a] + AbstractOperators v0.2.2
  [79e6a3ab] + Adapt v1.0.0
  [4fba245c] + ArrayInterface v1.2.1
  [6e4b80f9] + BenchmarkTools v0.4.3
  [9e28174c] + BinDeps v0.8.10
  [b99e7846] + BinaryProvider v0.5.8
  [34da2185] + Compat v2.2.0
  [8f4d0f93] + Conda v1.3.0
  [717857b8] + DSP v0.6.1
  [7a1cc6ca] + FFTW v1.1.0
  [42fd0dbc] + IterativeSolvers v0.8.1
  [682c06a0] + JSON v0.21.0
  [b8f27783] + MathOptInterface v0.9.7
  [fdba3010] + MathProgBase v0.7.7
  [ab2f91bb] + OSQP v0.6.0
  [bac558e1] + OrderedCollections v1.1.0
  [69de0a69] + Parsers v0.3.10
  [f27b6e38] + Polynomials v0.6.0
  [140ffc9f] + ProximalAlgorithms v0.3.1
  [a725b495] + ProximalOperators v0.10.3
  [3cdcf5f2] + RecipesBase v0.7.0
  [731186ca] + RecursiveArrayTools v1.0.2
  [189a3867] + Reexport v0.2.0
  [ae029012] + Requires v0.5.2
  [276daf66] + SpecialFunctions v0.8.0
  [90137ffa] + StaticArrays v0.12.1
  [46cd3e9d] + StructuredOptimization v0.2.3
  [9449cd9e] + TSVD v0.4.0
  [30578b45] + URIParser v0.4.0
  [81def892] + VersionParsing v1.1.3
  [2a0f44e3] + Base64 
  [ade2ca70] + Dates 
  [8bb1440f] + DelimitedFiles 
  [8ba89e20] + Distributed 
  [b77e0a4c] + InteractiveUtils 
  [76f85450] + LibGit2 
  [8f399da3] + Libdl 
  [37e2e46d] + LinearAlgebra 
  [56ddb016] + Logging 
  [d6f4376e] + Markdown 
  [a63ad114] + Mmap 
  [44cfe95a] + Pkg 
  [de0858da] + Printf 
  [3fa0cd96] + REPL 
  [9a3f8284] + Random 
  [ea8e919c] + SHA 
  [9e88b42a] + Serialization 
  [1a1011a3] + SharedArrays 
  [6462fe0b] + Sockets 
  [2f01184e] + SparseArrays 
  [10745b16] + Statistics 
  [4607b0f0] + SuiteSparse 
  [8dfed614] + Test 
  [cf7118a7] + UUIDs 
  [4ec0a83e] + Unicode 
  Building Conda ───────────→ `~/.julia/packages/Conda/kLXeC/deps/build.log`
  Building FFTW ────────────→ `~/.julia/packages/FFTW/loJ3F/deps/build.log`
  Building SpecialFunctions → `~/.julia/packages/SpecialFunctions/ne2iw/deps/build.log`
  Building OSQP ────────────→ `~/.julia/packages/OSQP/BU4WO/deps/build.log`
   Testing StructuredOptimization
 Resolving package versions...
    Status `/tmp/tmpbdiZHq/Manifest.toml`
  [621f4979] AbstractFFTs v0.5.0
  [d9c5613a] AbstractOperators v0.2.2
  [79e6a3ab] Adapt v1.0.0
  [4fba245c] ArrayInterface v1.2.1
  [6e4b80f9] BenchmarkTools v0.4.3
  [9e28174c] BinDeps v0.8.10
  [b99e7846] BinaryProvider v0.5.8
  [34da2185] Compat v2.2.0
  [8f4d0f93] Conda v1.3.0
  [717857b8] DSP v0.6.1
  [7a1cc6ca] FFTW v1.1.0
  [42fd0dbc] IterativeSolvers v0.8.1
  [682c06a0] JSON v0.21.0
  [b8f27783] MathOptInterface v0.9.7
  [fdba3010] MathProgBase v0.7.7
  [ab2f91bb] OSQP v0.6.0
  [bac558e1] OrderedCollections v1.1.0
  [69de0a69] Parsers v0.3.10
  [f27b6e38] Polynomials v0.6.0
  [140ffc9f] ProximalAlgorithms v0.3.1
  [a725b495] ProximalOperators v0.10.3
  [3cdcf5f2] RecipesBase v0.7.0
  [731186ca] RecursiveArrayTools v1.0.2
  [189a3867] Reexport v0.2.0
  [ae029012] Requires v0.5.2
  [276daf66] SpecialFunctions v0.8.0
  [90137ffa] StaticArrays v0.12.1
  [46cd3e9d] StructuredOptimization v0.2.3
  [9449cd9e] TSVD v0.4.0
  [30578b45] URIParser v0.4.0
  [81def892] VersionParsing v1.1.3
  [2a0f44e3] Base64  [`@stdlib/Base64`]
  [ade2ca70] Dates  [`@stdlib/Dates`]
  [8bb1440f] DelimitedFiles  [`@stdlib/DelimitedFiles`]
  [8ba89e20] Distributed  [`@stdlib/Distributed`]
  [b77e0a4c] InteractiveUtils  [`@stdlib/InteractiveUtils`]
  [76f85450] LibGit2  [`@stdlib/LibGit2`]
  [8f399da3] Libdl  [`@stdlib/Libdl`]
  [37e2e46d] LinearAlgebra  [`@stdlib/LinearAlgebra`]
  [56ddb016] Logging  [`@stdlib/Logging`]
  [d6f4376e] Markdown  [`@stdlib/Markdown`]
  [a63ad114] Mmap  [`@stdlib/Mmap`]
  [44cfe95a] Pkg  [`@stdlib/Pkg`]
  [de0858da] Printf  [`@stdlib/Printf`]
  [3fa0cd96] REPL  [`@stdlib/REPL`]
  [9a3f8284] Random  [`@stdlib/Random`]
  [ea8e919c] SHA  [`@stdlib/SHA`]
  [9e88b42a] Serialization  [`@stdlib/Serialization`]
  [1a1011a3] SharedArrays  [`@stdlib/SharedArrays`]
  [6462fe0b] Sockets  [`@stdlib/Sockets`]
  [2f01184e] SparseArrays  [`@stdlib/SparseArrays`]
  [10745b16] Statistics  [`@stdlib/Statistics`]
  [4607b0f0] SuiteSparse  [`@stdlib/SuiteSparse`]
  [8dfed614] Test  [`@stdlib/Test`]
  [cf7118a7] UUIDs  [`@stdlib/UUIDs`]
  [4ec0a83e] Unicode  [`@stdlib/Unicode`]

Testing variables


Testing linear expressions


Testing AbstractOperators binding


Testing cost terms


Testing extraction from Terms


Testing splitting Terms


Testing extracting Proximable functions


Testing @minimize 


Testing @minimize nonlinear 

Testing: regularized least squares, with two variable blocks to make things weird
  5.865967 seconds (15.14 M allocations: 420.218 MiB, 7.82% gc time)
  2.430468 seconds (2.85 M allocations: 103.177 MiB, 6.19% gc time)
  3.277964 seconds (3.91 M allocations: 135.041 MiB, 6.07% gc time)
  0.051986 seconds (1.43 M allocations: 23.544 MiB, 22.21% gc time)
Testing: lasso problem with known solution
  0.237953 seconds (59.91 k allocations: 3.603 MiB)
  0.272149 seconds (85.78 k allocations: 5.455 MiB)
  2.050492 seconds (1.09 M allocations: 52.528 MiB, 7.73% gc time)
  0.030691 seconds (1.30 k allocations: 378.891 KiB)
Testing: problem with smooth, non-quadratic term
 17.991421 seconds (2.25 M allocations: 136.447 MiB, 2.05% gc time)
  5.327602 seconds (64.96 k allocations: 20.341 MiB)
  2.777650 seconds (1.13 M allocations: 55.534 MiB, 3.47% gc time)
  3.598363 seconds (1.29 M allocations: 64.707 MiB, 3.05% gc time)
┌ Warning: parameter `gamma` became too small (7.092001659840556e-8), stopping the iterations
└ @ ProximalAlgorithms ~/.julia/packages/ProximalAlgorithms/CBRo1/src/algorithms/panoc.jl:98
  1.381674 seconds (749.00 k allocations: 39.960 MiB, 4.87% gc time)
Testing: box-constrained least-squares
  2.607714 seconds (1.68 M allocations: 86.907 MiB, 3.49% gc time)
  0.119651 seconds (5.61 k allocations: 3.962 MiB, 50.28% gc time)
  1.440968 seconds (1.12 M allocations: 54.068 MiB, 2.83% gc time)
  2.334860 seconds (1.46 M allocations: 72.319 MiB, 3.30% gc time)
  0.054195 seconds (1.63 k allocations: 1.008 MiB)
Testing: non-negative least-squares from a known solution
  0.217774 seconds (2.79 k allocations: 2.090 MiB, 22.87% gc time)
  0.088111 seconds (4.83 k allocations: 3.404 MiB)
  0.047855 seconds (815 allocations: 352.234 KiB)
  0.107071 seconds (1.40 k allocations: 901.094 KiB)
  0.046555 seconds (1.43 k allocations: 901.906 KiB)
Test Summary:          | Pass  Total
StructuredOptimization |  393    393
   Testing StructuredOptimization tests passed 
