 Resolving package versions...
 Installed Adapt ────────────────── v1.0.0
 Installed Conda ────────────────── v1.3.0
 Installed AbstractFFTs ─────────── v0.5.0
 Installed OSQP ─────────────────── v0.6.0
 Installed Polynomials ──────────── v0.6.0
 Installed BinaryProvider ───────── v0.5.8
 Installed ProximalOperators ────── v0.10.3
 Installed StructuredOptimization ─ v0.2.3
 Installed URIParser ────────────── v0.4.0
 Installed Requires ─────────────── v0.5.2
 Installed Reexport ─────────────── v0.2.0
 Installed MathProgBase ─────────── v0.7.7
 Installed OrderedCollections ───── v1.1.0
 Installed Compat ───────────────── v2.2.0
 Installed RecipesBase ──────────── v0.7.0
 Installed AbstractOperators ────── v0.2.2
 Installed Parsers ──────────────── v0.3.10
 Installed IterativeSolvers ─────── v0.8.1
 Installed ArrayInterface ───────── v1.2.1
 Installed JSON ─────────────────── v0.21.0
 Installed RecursiveArrayTools ──── v1.0.2
 Installed DSP ──────────────────── v0.6.1
 Installed StaticArrays ─────────── v0.12.1
 Installed VersionParsing ───────── v1.1.3
 Installed FFTW ─────────────────── v1.1.0
 Installed BenchmarkTools ───────── v0.4.3
 Installed MathOptInterface ─────── v0.9.7
 Installed TSVD ─────────────────── v0.4.0
 Installed ProximalAlgorithms ───── v0.3.1
 Installed SpecialFunctions ─────── v0.8.0
 Installed BinDeps ──────────────── v0.8.10
  Updating `~/.julia/environments/v1.2/Project.toml`
  [46cd3e9d] + StructuredOptimization v0.2.3
  Updating `~/.julia/environments/v1.2/Manifest.toml`
  [621f4979] + AbstractFFTs v0.5.0
  [d9c5613a] + AbstractOperators v0.2.2
  [79e6a3ab] + Adapt v1.0.0
  [4fba245c] + ArrayInterface v1.2.1
  [6e4b80f9] + BenchmarkTools v0.4.3
  [9e28174c] + BinDeps v0.8.10
  [b99e7846] + BinaryProvider v0.5.8
  [34da2185] + Compat v2.2.0
  [8f4d0f93] + Conda v1.3.0
  [717857b8] + DSP v0.6.1
  [7a1cc6ca] + FFTW v1.1.0
  [42fd0dbc] + IterativeSolvers v0.8.1
  [682c06a0] + JSON v0.21.0
  [b8f27783] + MathOptInterface v0.9.7
  [fdba3010] + MathProgBase v0.7.7
  [ab2f91bb] + OSQP v0.6.0
  [bac558e1] + OrderedCollections v1.1.0
  [69de0a69] + Parsers v0.3.10
  [f27b6e38] + Polynomials v0.6.0
  [140ffc9f] + ProximalAlgorithms v0.3.1
  [a725b495] + ProximalOperators v0.10.3
  [3cdcf5f2] + RecipesBase v0.7.0
  [731186ca] + RecursiveArrayTools v1.0.2
  [189a3867] + Reexport v0.2.0
  [ae029012] + Requires v0.5.2
  [276daf66] + SpecialFunctions v0.8.0
  [90137ffa] + StaticArrays v0.12.1
  [46cd3e9d] + StructuredOptimization v0.2.3
  [9449cd9e] + TSVD v0.4.0
  [30578b45] + URIParser v0.4.0
  [81def892] + VersionParsing v1.1.3
  [2a0f44e3] + Base64 
  [ade2ca70] + Dates 
  [8bb1440f] + DelimitedFiles 
  [8ba89e20] + Distributed 
  [b77e0a4c] + InteractiveUtils 
  [76f85450] + LibGit2 
  [8f399da3] + Libdl 
  [37e2e46d] + LinearAlgebra 
  [56ddb016] + Logging 
  [d6f4376e] + Markdown 
  [a63ad114] + Mmap 
  [44cfe95a] + Pkg 
  [de0858da] + Printf 
  [3fa0cd96] + REPL 
  [9a3f8284] + Random 
  [ea8e919c] + SHA 
  [9e88b42a] + Serialization 
  [1a1011a3] + SharedArrays 
  [6462fe0b] + Sockets 
  [2f01184e] + SparseArrays 
  [10745b16] + Statistics 
  [4607b0f0] + SuiteSparse 
  [8dfed614] + Test 
  [cf7118a7] + UUIDs 
  [4ec0a83e] + Unicode 
  Building Conda ───────────→ `~/.julia/packages/Conda/kLXeC/deps/build.log`
  Building OSQP ────────────→ `~/.julia/packages/OSQP/BU4WO/deps/build.log`
  Building FFTW ────────────→ `~/.julia/packages/FFTW/loJ3F/deps/build.log`
  Building SpecialFunctions → `~/.julia/packages/SpecialFunctions/ne2iw/deps/build.log`
   Testing StructuredOptimization
 Resolving package versions...
    Status `/tmp/jl_jwxSYj/Manifest.toml`
  [621f4979] AbstractFFTs v0.5.0
  [d9c5613a] AbstractOperators v0.2.2
  [79e6a3ab] Adapt v1.0.0
  [4fba245c] ArrayInterface v1.2.1
  [6e4b80f9] BenchmarkTools v0.4.3
  [9e28174c] BinDeps v0.8.10
  [b99e7846] BinaryProvider v0.5.8
  [34da2185] Compat v2.2.0
  [8f4d0f93] Conda v1.3.0
  [717857b8] DSP v0.6.1
  [7a1cc6ca] FFTW v1.1.0
  [42fd0dbc] IterativeSolvers v0.8.1
  [682c06a0] JSON v0.21.0
  [b8f27783] MathOptInterface v0.9.7
  [fdba3010] MathProgBase v0.7.7
  [ab2f91bb] OSQP v0.6.0
  [bac558e1] OrderedCollections v1.1.0
  [69de0a69] Parsers v0.3.10
  [f27b6e38] Polynomials v0.6.0
  [140ffc9f] ProximalAlgorithms v0.3.1
  [a725b495] ProximalOperators v0.10.3
  [3cdcf5f2] RecipesBase v0.7.0
  [731186ca] RecursiveArrayTools v1.0.2
  [189a3867] Reexport v0.2.0
  [ae029012] Requires v0.5.2
  [276daf66] SpecialFunctions v0.8.0
  [90137ffa] StaticArrays v0.12.1
  [46cd3e9d] StructuredOptimization v0.2.3
  [9449cd9e] TSVD v0.4.0
  [30578b45] URIParser v0.4.0
  [81def892] VersionParsing v1.1.3
  [2a0f44e3] Base64  [`@stdlib/Base64`]
  [ade2ca70] Dates  [`@stdlib/Dates`]
  [8bb1440f] DelimitedFiles  [`@stdlib/DelimitedFiles`]
  [8ba89e20] Distributed  [`@stdlib/Distributed`]
  [b77e0a4c] InteractiveUtils  [`@stdlib/InteractiveUtils`]
  [76f85450] LibGit2  [`@stdlib/LibGit2`]
  [8f399da3] Libdl  [`@stdlib/Libdl`]
  [37e2e46d] LinearAlgebra  [`@stdlib/LinearAlgebra`]
  [56ddb016] Logging  [`@stdlib/Logging`]
  [d6f4376e] Markdown  [`@stdlib/Markdown`]
  [a63ad114] Mmap  [`@stdlib/Mmap`]
  [44cfe95a] Pkg  [`@stdlib/Pkg`]
  [de0858da] Printf  [`@stdlib/Printf`]
  [3fa0cd96] REPL  [`@stdlib/REPL`]
  [9a3f8284] Random  [`@stdlib/Random`]
  [ea8e919c] SHA  [`@stdlib/SHA`]
  [9e88b42a] Serialization  [`@stdlib/Serialization`]
  [1a1011a3] SharedArrays  [`@stdlib/SharedArrays`]
  [6462fe0b] Sockets  [`@stdlib/Sockets`]
  [2f01184e] SparseArrays  [`@stdlib/SparseArrays`]
  [10745b16] Statistics  [`@stdlib/Statistics`]
  [4607b0f0] SuiteSparse  [`@stdlib/SuiteSparse`]
  [8dfed614] Test  [`@stdlib/Test`]
  [cf7118a7] UUIDs  [`@stdlib/UUIDs`]
  [4ec0a83e] Unicode  [`@stdlib/Unicode`]

Testing variables


Testing linear expressions


Testing AbstractOperators binding


Testing cost terms


Testing extraction from Terms


Testing splitting Terms


Testing extracting Proximable functions


Testing @minimize 


Testing @minimize nonlinear 

Testing: regularized least squares, with two variable blocks to make things weird
  4.801263 seconds (15.00 M allocations: 418.575 MiB, 12.49% gc time)
  2.151263 seconds (3.27 M allocations: 122.671 MiB, 5.13% gc time)
  2.505495 seconds (4.17 M allocations: 147.166 MiB, 4.97% gc time)
  0.040963 seconds (1.42 M allocations: 23.142 MiB, 21.33% gc time)
Testing: lasso problem with known solution
  0.203343 seconds (53.46 k allocations: 3.315 MiB)
  0.206582 seconds (75.81 k allocations: 5.249 MiB)
  1.731318 seconds (1.40 M allocations: 67.626 MiB, 7.85% gc time)
  0.042023 seconds (832 allocations: 365.375 KiB)
Testing: problem with smooth, non-quadratic term
  5.702189 seconds (2.19 M allocations: 133.209 MiB, 4.89% gc time)
  6.784701 seconds (32.28 k allocations: 19.427 MiB, 1.99% gc time)
  1.842256 seconds (1.42 M allocations: 70.327 MiB, 6.40% gc time)
  2.025478 seconds (1.54 M allocations: 77.947 MiB, 6.07% gc time)
┌ Warning: parameter `gamma` became too small (7.092001659840556e-8), stopping the iterations
└ @ ProximalAlgorithms ~/.julia/packages/ProximalAlgorithms/CBRo1/src/algorithms/panoc.jl:98
  0.587892 seconds (438.92 k allocations: 24.943 MiB, 5.82% gc time)
Testing: box-constrained least-squares
  3.055123 seconds (1.72 M allocations: 90.247 MiB, 3.46% gc time)
  2.177532 seconds (2.75 k allocations: 3.881 MiB, 5.39% gc time)
  2.777952 seconds (1.42 M allocations: 69.086 MiB, 5.87% gc time)
  2.222864 seconds (1.77 M allocations: 88.031 MiB, 5.31% gc time)
  0.108789 seconds (1.02 k allocations: 1015.156 KiB)
Testing: non-negative least-squares from a known solution
  0.046884 seconds (1.78 k allocations: 2.062 MiB)
  0.153512 seconds (2.37 k allocations: 3.335 MiB)
  0.007443 seconds (405 allocations: 340.391 KiB)
  0.016909 seconds (875 allocations: 885.984 KiB)
  0.053742 seconds (905 allocations: 886.766 KiB)
Test Summary:          | Pass  Total
StructuredOptimization |  397    397
   Testing StructuredOptimization tests passed 
