 Resolving package versions...
 Installed PaddedViews ── v0.4.2
 Installed OffsetArrays ─ v0.11.1
  Updating `~/.julia/environments/v1.2/Project.toml`
  [5432bcbf] + PaddedViews v0.4.2
  Updating `~/.julia/environments/v1.2/Manifest.toml`
  [6fe1bfb0] + OffsetArrays v0.11.1
  [5432bcbf] + PaddedViews v0.4.2
  [2a0f44e3] + Base64 
  [8ba89e20] + Distributed 
  [b77e0a4c] + InteractiveUtils 
  [56ddb016] + Logging 
  [d6f4376e] + Markdown 
  [9a3f8284] + Random 
  [9e88b42a] + Serialization 
  [6462fe0b] + Sockets 
  [8dfed614] + Test 
   Testing PaddedViews
    Status `/tmp/jl_baBXRx/Manifest.toml`
  [6fe1bfb0] OffsetArrays v0.11.1
  [5432bcbf] PaddedViews v0.4.2
  [2a0f44e3] Base64  [`@stdlib/Base64`]
  [8ba89e20] Distributed  [`@stdlib/Distributed`]
  [b77e0a4c] InteractiveUtils  [`@stdlib/InteractiveUtils`]
  [56ddb016] Logging  [`@stdlib/Logging`]
  [d6f4376e] Markdown  [`@stdlib/Markdown`]
  [9a3f8284] Random  [`@stdlib/Random`]
  [9e88b42a] Serialization  [`@stdlib/Serialization`]
  [6462fe0b] Sockets  [`@stdlib/Sockets`]
  [8dfed614] Test  [`@stdlib/Test`]
Skipping Base.active_repl
Skipping Base.active_repl_backend
Skipping Base.active_repl
Skipping Base.active_repl_backend
Test Summary: | Pass  Total
ambiguities   |    1      1
PaddedView: Test Failed at /root/.julia/packages/PaddedViews/qmkcR/test/runtests.jl:82
  Expression: pv[1:3, 1:2] == [1 3; 2 4; -1 -1]
   Evaluated: [-1 -1; 3 5; 4 6] == [1 3; 2 4; -1 -1]
Stacktrace:
 [1] top-level scope at /root/.julia/packages/PaddedViews/qmkcR/test/runtests.jl:82
 [2] top-level scope at /buildworker/worker/package_linux64/build/usr/share/julia/stdlib/v1.2/Test/src/Test.jl:1113
 [3] top-level scope at /root/.julia/packages/PaddedViews/qmkcR/test/runtests.jl:10
Test Summary: | Pass  Fail  Total
PaddedView    |   53     1     54
ERROR: LoadError: Some tests did not pass: 53 passed, 1 failed, 0 errored, 0 broken.
in expression starting at /root/.julia/packages/PaddedViews/qmkcR/test/runtests.jl:9
ERROR: Package PaddedViews errored during testing
Stacktrace:
 [1] pkgerror(::String, ::Vararg{String,N} where N) at /buildworker/worker/package_linux64/build/usr/share/julia/stdlib/v1.2/Pkg/src/Types.jl:112
 [2] #test#119(::Bool, ::Nothing, ::typeof(Pkg.Operations.test), ::Pkg.Types.Context, ::Array{Pkg.Types.PackageSpec,1}) at /buildworker/worker/package_linux64/build/usr/share/julia/stdlib/v1.2/Pkg/src/Operations.jl:1288
 [3] #test at ./none:0 [inlined]
 [4] #test#62(::Bool, ::Nothing, ::Base.Iterators.Pairs{Union{},Union{},Tuple{},NamedTuple{(),Tuple{}}}, ::typeof(Pkg.API.test), ::Pkg.Types.Context, ::Array{Pkg.Types.PackageSpec,1}) at /buildworker/worker/package_linux64/build/usr/share/julia/stdlib/v1.2/Pkg/src/API.jl:245
 [5] test at /buildworker/worker/package_linux64/build/usr/share/julia/stdlib/v1.2/Pkg/src/API.jl:233 [inlined]
 [6] #test#61 at /buildworker/worker/package_linux64/build/usr/share/julia/stdlib/v1.2/Pkg/src/API.jl:230 [inlined]
 [7] test at /buildworker/worker/package_linux64/build/usr/share/julia/stdlib/v1.2/Pkg/src/API.jl:230 [inlined]
 [8] #test#60 at /buildworker/worker/package_linux64/build/usr/share/julia/stdlib/v1.2/Pkg/src/API.jl:229 [inlined]
 [9] test at /buildworker/worker/package_linux64/build/usr/share/julia/stdlib/v1.2/Pkg/src/API.jl:229 [inlined]
 [10] #test#59(::Base.Iterators.Pairs{Union{},Union{},Tuple{},NamedTuple{(),Tuple{}}}, ::typeof(Pkg.API.test), ::String) at /buildworker/worker/package_linux64/build/usr/share/julia/stdlib/v1.2/Pkg/src/API.jl:228
 [11] test(::String) at /buildworker/worker/package_linux64/build/usr/share/julia/stdlib/v1.2/Pkg/src/API.jl:228
 [12] top-level scope at none:10
