 Resolving package versions...
 Installed Requires ──────────────────── v0.5.2
 Installed Mocking ───────────────────── v0.7.0
 Installed Parsers ───────────────────── v0.3.10
 Installed IteratorInterfaceExtensions ─ v1.0.0
 Installed FilePathsBase ─────────────── v0.7.0
 Installed BinaryProvider ────────────── v0.5.8
 Installed DataStructures ────────────── v0.17.6
 Installed Reexport ──────────────────── v0.2.0
 Installed DataAPI ───────────────────── v1.1.0
 Installed DataValueInterfaces ───────── v1.0.0
 Installed JSON ──────────────────────── v0.21.0
 Installed CSTParser ─────────────────── v1.0.0
 Installed Tokenize ──────────────────── v0.5.6
 Installed MacroTools ────────────────── v0.5.1
 Installed LazyArrays ────────────────── v0.14.8
 Installed SortingAlgorithms ─────────── v0.3.1
 Installed ArrayLayouts ──────────────── v0.1.5
 Installed DataFrames ────────────────── v0.18.4
 Installed StatsBase ─────────────────── v0.32.0
 Installed FileIO ────────────────────── v1.0.7
 Installed StaticArrays ──────────────── v0.12.1
 Installed FillArrays ────────────────── v0.8.2
 Installed WeakRefStrings ────────────── v0.6.1
 Installed Missings ──────────────────── v0.4.3
 Installed OrderedCollections ────────── v1.1.0
 Installed PooledArrays ──────────────── v0.5.2
 Installed CategoricalArrays ─────────── v0.7.3
 Installed TableTraits ───────────────── v1.0.0
 Installed CodecZlib ─────────────────── v0.6.0
 Installed RData ─────────────────────── v0.6.3
 Installed Tables ────────────────────── v0.2.11
 Installed TimeZones ─────────────────── v0.10.3
 Installed Compat ────────────────────── v3.0.0
 Installed EzXML ─────────────────────── v0.9.4
 Installed TranscodingStreams ────────── v0.9.5
 Installed CSV ───────────────────────── v0.5.18
 Installed RDatasets ─────────────────── v0.6.5
  Updating `~/.julia/environments/v1.0/Project.toml`
  [ce6b1742] + RDatasets v0.6.5
  Updating `~/.julia/environments/v1.0/Manifest.toml`
  [4c555306] + ArrayLayouts v0.1.5
  [b99e7846] + BinaryProvider v0.5.8
  [00ebfdb7] + CSTParser v1.0.0
  [336ed68f] + CSV v0.5.18
  [324d7699] + CategoricalArrays v0.7.3
  [944b1d66] + CodecZlib v0.6.0
  [34da2185] + Compat v3.0.0
  [9a962f9c] + DataAPI v1.1.0
  [a93c6f00] + DataFrames v0.18.4
  [864edb3b] + DataStructures v0.17.6
  [e2d170a0] + DataValueInterfaces v1.0.0
  [8f5d6c58] + EzXML v0.9.4
  [5789e2e9] + FileIO v1.0.7
  [48062228] + FilePathsBase v0.7.0
  [1a297f60] + FillArrays v0.8.2
  [82899510] + IteratorInterfaceExtensions v1.0.0
  [682c06a0] + JSON v0.21.0
  [5078a376] + LazyArrays v0.14.8
  [1914dd2f] + MacroTools v0.5.1
  [e1d29d7a] + Missings v0.4.3
  [78c3b35d] + Mocking v0.7.0
  [bac558e1] + OrderedCollections v1.1.0
  [69de0a69] + Parsers v0.3.10
  [2dfb63ee] + PooledArrays v0.5.2
  [df47a6cb] + RData v0.6.3
  [ce6b1742] + RDatasets v0.6.5
  [189a3867] + Reexport v0.2.0
  [ae029012] + Requires v0.5.2
  [a2af1166] + SortingAlgorithms v0.3.1
  [90137ffa] + StaticArrays v0.12.1
  [2913bbd2] + StatsBase v0.32.0
  [3783bdb8] + TableTraits v1.0.0
  [bd369af6] + Tables v0.2.11
  [f269a46b] + TimeZones v0.10.3
  [0796e94c] + Tokenize v0.5.6
  [3bb67fe8] + TranscodingStreams v0.9.5
  [ea10d353] + WeakRefStrings v0.6.1
  [2a0f44e3] + Base64 
  [ade2ca70] + Dates 
  [8bb1440f] + DelimitedFiles 
  [8ba89e20] + Distributed 
  [9fa8497b] + Future 
  [b77e0a4c] + InteractiveUtils 
  [76f85450] + LibGit2 
  [8f399da3] + Libdl 
  [37e2e46d] + LinearAlgebra 
  [56ddb016] + Logging 
  [d6f4376e] + Markdown 
  [a63ad114] + Mmap 
  [44cfe95a] + Pkg 
  [de0858da] + Printf 
  [3fa0cd96] + REPL 
  [9a3f8284] + Random 
  [ea8e919c] + SHA 
  [9e88b42a] + Serialization 
  [1a1011a3] + SharedArrays 
  [6462fe0b] + Sockets 
  [2f01184e] + SparseArrays 
  [10745b16] + Statistics 
  [8dfed614] + Test 
  [cf7118a7] + UUIDs 
  [4ec0a83e] + Unicode 
  Building CodecZlib → `~/.julia/packages/CodecZlib/5t9zO/deps/build.log`
  Building EzXML ────→ `~/.julia/packages/EzXML/G0JeY/deps/build.log`
  Building TimeZones → `~/.julia/packages/TimeZones/pjvlM/deps/build.log`
   Testing RDatasets
 Resolving package versions...
    Status `/tmp/tmpAunpSC/Manifest.toml`
  [4c555306] ArrayLayouts v0.1.5
  [b99e7846] BinaryProvider v0.5.8
  [00ebfdb7] CSTParser v1.0.0
  [336ed68f] CSV v0.5.18
  [324d7699] CategoricalArrays v0.7.3
  [944b1d66] CodecZlib v0.6.0
  [34da2185] Compat v3.0.0
  [9a962f9c] DataAPI v1.1.0
  [a93c6f00] DataFrames v0.18.4
  [864edb3b] DataStructures v0.17.6
  [e2d170a0] DataValueInterfaces v1.0.0
  [8f5d6c58] EzXML v0.9.4
  [5789e2e9] FileIO v1.0.7
  [48062228] FilePathsBase v0.7.0
  [1a297f60] FillArrays v0.8.2
  [82899510] IteratorInterfaceExtensions v1.0.0
  [682c06a0] JSON v0.21.0
  [5078a376] LazyArrays v0.14.8
  [1914dd2f] MacroTools v0.5.1
  [e1d29d7a] Missings v0.4.3
  [78c3b35d] Mocking v0.7.0
  [bac558e1] OrderedCollections v1.1.0
  [69de0a69] Parsers v0.3.10
  [2dfb63ee] PooledArrays v0.5.2
  [df47a6cb] RData v0.6.3
  [ce6b1742] RDatasets v0.6.5
  [189a3867] Reexport v0.2.0
  [ae029012] Requires v0.5.2
  [a2af1166] SortingAlgorithms v0.3.1
  [90137ffa] StaticArrays v0.12.1
  [2913bbd2] StatsBase v0.32.0
  [3783bdb8] TableTraits v1.0.0
  [bd369af6] Tables v0.2.11
  [f269a46b] TimeZones v0.10.3
  [0796e94c] Tokenize v0.5.6
  [3bb67fe8] TranscodingStreams v0.9.5
  [ea10d353] WeakRefStrings v0.6.1
  [2a0f44e3] Base64  [`@stdlib/Base64`]
  [ade2ca70] Dates  [`@stdlib/Dates`]
  [8bb1440f] DelimitedFiles  [`@stdlib/DelimitedFiles`]
  [8ba89e20] Distributed  [`@stdlib/Distributed`]
  [9fa8497b] Future  [`@stdlib/Future`]
  [b77e0a4c] InteractiveUtils  [`@stdlib/InteractiveUtils`]
  [76f85450] LibGit2  [`@stdlib/LibGit2`]
  [8f399da3] Libdl  [`@stdlib/Libdl`]
  [37e2e46d] LinearAlgebra  [`@stdlib/LinearAlgebra`]
  [56ddb016] Logging  [`@stdlib/Logging`]
  [d6f4376e] Markdown  [`@stdlib/Markdown`]
  [a63ad114] Mmap  [`@stdlib/Mmap`]
  [44cfe95a] Pkg  [`@stdlib/Pkg`]
  [de0858da] Printf  [`@stdlib/Printf`]
  [3fa0cd96] REPL  [`@stdlib/REPL`]
  [9a3f8284] Random  [`@stdlib/Random`]
  [ea8e919c] SHA  [`@stdlib/SHA`]
  [9e88b42a] Serialization  [`@stdlib/Serialization`]
  [1a1011a3] SharedArrays  [`@stdlib/SharedArrays`]
  [6462fe0b] Sockets  [`@stdlib/Sockets`]
  [2f01184e] SparseArrays  [`@stdlib/SparseArrays`]
  [10745b16] Statistics  [`@stdlib/Statistics`]
  [8dfed614] Test  [`@stdlib/Test`]
  [cf7118a7] UUIDs  [`@stdlib/UUIDs`]
  [4ec0a83e] Unicode  [`@stdlib/Unicode`]
WARNING: Compat.Statistics is deprecated, use Statistics instead.
  likely near /root/.julia/packages/CategoricalArrays/U3LvJ/src/extras.jl:1
WARNING: Compat.Markdown is deprecated, use Markdown instead.
  likely near /root/.julia/packages/MacroTools/ys44U/src/MacroTools.jl:4
WARNING: Compat.Random is deprecated, use Random instead.
  likely near /root/.julia/packages/MacroTools/ys44U/src/MacroTools.jl:35
[ Info: Running packages.jl...
Test Summary: | Pass  Total
packages.jl   |    2  [ Info: Running datasets.jl...
    2
Datasets availability: Error During Test at /root/.julia/packages/RDatasets/uEpRQ/test/datasets.jl:14
  Test threw exception
  Expression: sort(dfs_documented[!, [:Package, :Dataset]]) == sort(dfs_found)
  MethodError: no method matching getindex(::DataFrame, ::typeof(!), ::Array{Symbol,1})
  Closest candidates are:
    getindex(::DataFrame, !Matched::AbstractArray{T,1} where T, ::AbstractArray{T,1} where T) at /root/.julia/packages/DataFrames/0Em9Q/src/dataframe/dataframe.jl:347
    getindex(::DataFrame, !Matched::Colon, ::AbstractArray{T,1} where T) at /root/.julia/packages/DataFrames/0Em9Q/src/dataframe/dataframe.jl:364
    getindex(::AbstractDataFrame, !Matched::Integer, ::AbstractArray{T,1} where T) at /root/.julia/packages/DataFrames/0Em9Q/src/dataframerow/dataframerow.jl:83
    ...
  Stacktrace:
   [1] macro expansion at /root/.julia/packages/RDatasets/uEpRQ/test/datasets.jl:14 [inlined]
   [2] macro expansion at /buildworker/worker/package_linux64/build/usr/share/julia/stdlib/v1.0/Test/src/Test.jl:1083 [inlined]
   [3] top-level scope at /root/.julia/packages/RDatasets/uEpRQ/test/datasets.jl:2
Test Summary:           | Pass  Error  Total
datasets.jl             |    2      1      3
  Datasets availability |    2      1      3
Test Summary:           | Pass  Error  Total
datasets.jl             |    2      1      3
  Datasets availability |    2      1      3
ERROR: LoadError: Some tests did not pass: 2 passed, 0 failed, 1 errored, 0 broken.
in expression starting at /root/.julia/packages/RDatasets/uEpRQ/test/runtests.jl:12
ERROR: Package RDatasets errored during testing
Stacktrace:
 [1] pkgerror(::String, ::Vararg{String,N} where N) at /buildworker/worker/package_linux64/build/usr/share/julia/stdlib/v1.0/Pkg/src/Types.jl:120
 [2] #test#65(::Bool, ::Function, ::Pkg.Types.Context, ::Array{Pkg.Types.PackageSpec,1}) at /buildworker/worker/package_linux64/build/usr/share/julia/stdlib/v1.0/Pkg/src/Operations.jl:1357
 [3] #test at /buildworker/worker/package_linux64/build/usr/share/julia/stdlib/v1.0/Pkg/src/API.jl:0 [inlined]
 [4] #test#44(::Bool, ::Base.Iterators.Pairs{Union{},Union{},Tuple{},NamedTuple{(),Tuple{}}}, ::Function, ::Pkg.Types.Context, ::Array{Pkg.Types.PackageSpec,1}) at /buildworker/worker/package_linux64/build/usr/share/julia/stdlib/v1.0/Pkg/src/API.jl:278
 [5] test at /buildworker/worker/package_linux64/build/usr/share/julia/stdlib/v1.0/Pkg/src/API.jl:263 [inlined]
 [6] #test#43 at /buildworker/worker/package_linux64/build/usr/share/julia/stdlib/v1.0/Pkg/src/API.jl:260 [inlined]
 [7] test at /buildworker/worker/package_linux64/build/usr/share/julia/stdlib/v1.0/Pkg/src/API.jl:260 [inlined]
 [8] #test#42 at /buildworker/worker/package_linux64/build/usr/share/julia/stdlib/v1.0/Pkg/src/API.jl:259 [inlined]
 [9] test at /buildworker/worker/package_linux64/build/usr/share/julia/stdlib/v1.0/Pkg/src/API.jl:259 [inlined]
 [10] #test#41 at /buildworker/worker/package_linux64/build/usr/share/julia/stdlib/v1.0/Pkg/src/API.jl:258 [inlined]
 [11] test(::String) at /buildworker/worker/package_linux64/build/usr/share/julia/stdlib/v1.0/Pkg/src/API.jl:258
 [12] top-level scope at none:0
