 Resolving package versions...
 Installed IniFile ──────────── v0.5.0
 Installed JSON2 ────────────── v0.3.1
 Installed Parsers ──────────── v0.3.10
 Installed Trello ───────────── v0.1.0
 Installed OrderedCollections ─ v1.1.0
 Installed BinaryProvider ───── v0.5.8
 Installed HTTP ─────────────── v0.8.8
 Installed MbedTLS ──────────── v0.7.0
  Updating `~/.julia/environments/v1.2/Project.toml`
  [d200c542] + Trello v0.1.0
  Updating `~/.julia/environments/v1.2/Manifest.toml`
  [b99e7846] + BinaryProvider v0.5.8
  [cd3eb016] + HTTP v0.8.8
  [83e8ac13] + IniFile v0.5.0
  [2535ab7d] + JSON2 v0.3.1
  [739be429] + MbedTLS v0.7.0
  [bac558e1] + OrderedCollections v1.1.0
  [69de0a69] + Parsers v0.3.10
  [d200c542] + Trello v0.1.0
  [2a0f44e3] + Base64 
  [ade2ca70] + Dates 
  [8ba89e20] + Distributed 
  [b77e0a4c] + InteractiveUtils 
  [8f399da3] + Libdl 
  [56ddb016] + Logging 
  [d6f4376e] + Markdown 
  [de0858da] + Printf 
  [9a3f8284] + Random 
  [ea8e919c] + SHA 
  [9e88b42a] + Serialization 
  [6462fe0b] + Sockets 
  [8dfed614] + Test 
  [4ec0a83e] + Unicode 
  Building MbedTLS → `~/.julia/packages/MbedTLS/a1JFn/deps/build.log`
   Testing Trello
 Resolving package versions...
    Status `/tmp/jl_v6tX5l/Manifest.toml`
  [b99e7846] BinaryProvider v0.5.8
  [cd3eb016] HTTP v0.8.8
  [83e8ac13] IniFile v0.5.0
  [2535ab7d] JSON2 v0.3.1
  [739be429] MbedTLS v0.7.0
  [bac558e1] OrderedCollections v1.1.0
  [69de0a69] Parsers v0.3.10
  [d200c542] Trello v0.1.0
  [2a0f44e3] Base64  [`@stdlib/Base64`]
  [ade2ca70] Dates  [`@stdlib/Dates`]
  [8ba89e20] Distributed  [`@stdlib/Distributed`]
  [b77e0a4c] InteractiveUtils  [`@stdlib/InteractiveUtils`]
  [8f399da3] Libdl  [`@stdlib/Libdl`]
  [56ddb016] Logging  [`@stdlib/Logging`]
  [d6f4376e] Markdown  [`@stdlib/Markdown`]
  [de0858da] Printf  [`@stdlib/Printf`]
  [9a3f8284] Random  [`@stdlib/Random`]
  [ea8e919c] SHA  [`@stdlib/SHA`]
  [9e88b42a] Serialization  [`@stdlib/Serialization`]
  [6462fe0b] Sockets  [`@stdlib/Sockets`]
  [8dfed614] Test  [`@stdlib/Test`]
  [cf7118a7] UUIDs  [`@stdlib/UUIDs`]
  [4ec0a83e] Unicode  [`@stdlib/Unicode`]
Trello.jl: Error During Test at /root/.julia/packages/Trello/YtOsx/test/runtests.jl:5
  Got exception outside of a @test
  KeyError: key "TRELLO_API_KEY" not found
  Stacktrace:
   [1] (::getfield(Base, Symbol("##457#458")))(::String) at ./env.jl:79
   [2] access_env at ./env.jl:43 [inlined]
   [3] getindex at ./env.jl:79 [inlined]
   [4] TrelloCred() at /root/.julia/packages/Trello/YtOsx/src/auth.jl:17
   [5] top-level scope at /root/.julia/packages/Trello/YtOsx/test/runtests.jl:7
   [6] top-level scope at /buildworker/worker/package_linux64/build/usr/share/julia/stdlib/v1.2/Test/src/Test.jl:1113
   [7] top-level scope at /root/.julia/packages/Trello/YtOsx/test/runtests.jl:7
   [8] include at ./boot.jl:328 [inlined]
   [9] include_relative(::Module, ::String) at ./loading.jl:1094
   [10] include(::Module, ::String) at ./Base.jl:31
   [11] include(::String) at ./client.jl:431
   [12] top-level scope at none:5
   [13] eval(::Module, ::Any) at ./boot.jl:330
   [14] exec_options(::Base.JLOptions) at ./client.jl:271
   [15] _start() at ./client.jl:464
  
Test Summary: | Error  Total
Trello.jl     |     1      1
ERROR: LoadError: Some tests did not pass: 0 passed, 0 failed, 1 errored, 0 broken.
in expression starting at /root/.julia/packages/Trello/YtOsx/test/runtests.jl:5
ERROR: Package Trello errored during testing
Stacktrace:
 [1] pkgerror(::String, ::Vararg{String,N} where N) at /buildworker/worker/package_linux64/build/usr/share/julia/stdlib/v1.2/Pkg/src/Types.jl:112
 [2] #test#119(::Bool, ::Nothing, ::typeof(Pkg.Operations.test), ::Pkg.Types.Context, ::Array{Pkg.Types.PackageSpec,1}) at /buildworker/worker/package_linux64/build/usr/share/julia/stdlib/v1.2/Pkg/src/Operations.jl:1288
 [3] #test at ./none:0 [inlined]
 [4] #test#62(::Bool, ::Nothing, ::Base.Iterators.Pairs{Union{},Union{},Tuple{},NamedTuple{(),Tuple{}}}, ::typeof(Pkg.API.test), ::Pkg.Types.Context, ::Array{Pkg.Types.PackageSpec,1}) at /buildworker/worker/package_linux64/build/usr/share/julia/stdlib/v1.2/Pkg/src/API.jl:245
 [5] test at /buildworker/worker/package_linux64/build/usr/share/julia/stdlib/v1.2/Pkg/src/API.jl:233 [inlined]
 [6] #test#61 at /buildworker/worker/package_linux64/build/usr/share/julia/stdlib/v1.2/Pkg/src/API.jl:230 [inlined]
 [7] test at /buildworker/worker/package_linux64/build/usr/share/julia/stdlib/v1.2/Pkg/src/API.jl:230 [inlined]
 [8] #test#60 at /buildworker/worker/package_linux64/build/usr/share/julia/stdlib/v1.2/Pkg/src/API.jl:229 [inlined]
 [9] test at /buildworker/worker/package_linux64/build/usr/share/julia/stdlib/v1.2/Pkg/src/API.jl:229 [inlined]
 [10] #test#59(::Base.Iterators.Pairs{Union{},Union{},Tuple{},NamedTuple{(),Tuple{}}}, ::typeof(Pkg.API.test), ::String) at /buildworker/worker/package_linux64/build/usr/share/julia/stdlib/v1.2/Pkg/src/API.jl:228
 [11] test(::String) at /buildworker/worker/package_linux64/build/usr/share/julia/stdlib/v1.2/Pkg/src/API.jl:228
 [12] top-level scope at none:10
