 Resolving package versions...
 Installed PooledArrays ──────────────── v0.5.2
 Installed DataValueInterfaces ───────── v1.0.0
 Installed Requires ──────────────────── v0.5.2
 Installed DataAPI ───────────────────── v1.1.0
 Installed IteratorInterfaceExtensions ─ v1.0.0
 Installed TableTraits ───────────────── v1.0.0
 Installed GeometryTypes ─────────────── v0.7.6
 Installed GeometryBasics ────────────── v0.1.2
 Installed FixedPointNumbers ─────────── v0.6.1
 Installed Tables ────────────────────── v0.2.11
 Installed IterTools ─────────────────── v1.3.0
 Installed StructArrays ──────────────── v0.4.0
 Installed ColorTypes ────────────────── v0.8.0
 Installed StaticArrays ──────────────── v0.12.1
  Updating `~/.julia/environments/v1.2/Project.toml`
  [5c1252a2] + GeometryBasics v0.1.2
  Updating `~/.julia/environments/v1.2/Manifest.toml`
  [3da002f7] + ColorTypes v0.8.0
  [9a962f9c] + DataAPI v1.1.0
  [e2d170a0] + DataValueInterfaces v1.0.0
  [53c48c17] + FixedPointNumbers v0.6.1
  [5c1252a2] + GeometryBasics v0.1.2
  [4d00f742] + GeometryTypes v0.7.6
  [c8e1da08] + IterTools v1.3.0
  [82899510] + IteratorInterfaceExtensions v1.0.0
  [2dfb63ee] + PooledArrays v0.5.2
  [ae029012] + Requires v0.5.2
  [90137ffa] + StaticArrays v0.12.1
  [09ab397b] + StructArrays v0.4.0
  [3783bdb8] + TableTraits v1.0.0
  [bd369af6] + Tables v0.2.11
  [2a0f44e3] + Base64 
  [8ba89e20] + Distributed 
  [b77e0a4c] + InteractiveUtils 
  [8f399da3] + Libdl 
  [37e2e46d] + LinearAlgebra 
  [56ddb016] + Logging 
  [d6f4376e] + Markdown 
  [9a3f8284] + Random 
  [9e88b42a] + Serialization 
  [6462fe0b] + Sockets 
  [2f01184e] + SparseArrays 
  [10745b16] + Statistics 
  [8dfed614] + Test 
   Testing GeometryBasics
 Resolving package versions...
 Installed Missings ─────────── v0.4.3
 Installed TableTraitsUtils ─── v1.0.1
 Installed TableShowUtils ───── v0.2.5
 Installed Parsers ──────────── v0.3.10
 Installed DataValues ───────── v0.4.12
 Installed Query ────────────── v0.12.2
 Installed CSTParser ────────── v1.0.0
 Installed DataStructures ───── v0.17.6
 Installed Compat ───────────── v3.0.0
 Installed JSON ─────────────── v0.21.0
 Installed OrderedCollections ─ v1.1.0
 Installed IterableTables ───── v1.0.0
 Installed Tokenize ─────────── v0.5.6
 Installed MacroTools ───────── v0.5.1
 Installed QueryOperators ───── v0.9.1
    Status `/tmp/jl_FPI1Wg/Manifest.toml`
  [00ebfdb7] CSTParser v1.0.0
  [3da002f7] ColorTypes v0.8.0
  [34da2185] Compat v3.0.0
  [9a962f9c] DataAPI v1.1.0
  [864edb3b] DataStructures v0.17.6
  [e2d170a0] DataValueInterfaces v1.0.0
  [e7dc6d0d] DataValues v0.4.12
  [53c48c17] FixedPointNumbers v0.6.1
  [5c1252a2] GeometryBasics v0.1.2
  [4d00f742] GeometryTypes v0.7.6
  [c8e1da08] IterTools v1.3.0
  [1c8ee90f] IterableTables v1.0.0
  [82899510] IteratorInterfaceExtensions v1.0.0
  [682c06a0] JSON v0.21.0
  [1914dd2f] MacroTools v0.5.1
  [e1d29d7a] Missings v0.4.3
  [bac558e1] OrderedCollections v1.1.0
  [69de0a69] Parsers v0.3.10
  [2dfb63ee] PooledArrays v0.5.2
  [1a8c2f83] Query v0.12.2
  [2aef5ad7] QueryOperators v0.9.1
  [ae029012] Requires v0.5.2
  [90137ffa] StaticArrays v0.12.1
  [09ab397b] StructArrays v0.4.0
  [5e66a065] TableShowUtils v0.2.5
  [3783bdb8] TableTraits v1.0.0
  [382cd787] TableTraitsUtils v1.0.1
  [bd369af6] Tables v0.2.11
  [0796e94c] Tokenize v0.5.6
  [2a0f44e3] Base64  [`@stdlib/Base64`]
  [ade2ca70] Dates  [`@stdlib/Dates`]
  [8bb1440f] DelimitedFiles  [`@stdlib/DelimitedFiles`]
  [8ba89e20] Distributed  [`@stdlib/Distributed`]
  [b77e0a4c] InteractiveUtils  [`@stdlib/InteractiveUtils`]
  [76f85450] LibGit2  [`@stdlib/LibGit2`]
  [8f399da3] Libdl  [`@stdlib/Libdl`]
  [37e2e46d] LinearAlgebra  [`@stdlib/LinearAlgebra`]
  [56ddb016] Logging  [`@stdlib/Logging`]
  [d6f4376e] Markdown  [`@stdlib/Markdown`]
  [a63ad114] Mmap  [`@stdlib/Mmap`]
  [44cfe95a] Pkg  [`@stdlib/Pkg`]
  [de0858da] Printf  [`@stdlib/Printf`]
  [3fa0cd96] REPL  [`@stdlib/REPL`]
  [9a3f8284] Random  [`@stdlib/Random`]
  [ea8e919c] SHA  [`@stdlib/SHA`]
  [9e88b42a] Serialization  [`@stdlib/Serialization`]
  [1a1011a3] SharedArrays  [`@stdlib/SharedArrays`]
  [6462fe0b] Sockets  [`@stdlib/Sockets`]
  [2f01184e] SparseArrays  [`@stdlib/SparseArrays`]
  [10745b16] Statistics  [`@stdlib/Statistics`]
  [8dfed614] Test  [`@stdlib/Test`]
  [cf7118a7] UUIDs  [`@stdlib/UUIDs`]
  [4ec0a83e] Unicode  [`@stdlib/Unicode`]
ERROR: LoadError: ArgumentError: Package Random not found in current path:
- Run `import Pkg; Pkg.add("Random")` to install the Random package.

Stacktrace:
 [1] require(::Module, ::Symbol) at ./loading.jl:876
 [2] include at ./boot.jl:328 [inlined]
 [3] include_relative(::Module, ::String) at ./loading.jl:1094
 [4] include(::Module, ::String) at ./Base.jl:31
 [5] include(::String) at ./client.jl:431
 [6] top-level scope at none:5
in expression starting at /root/.julia/packages/GeometryBasics/5vHdL/test/runtests.jl:6
ERROR: Package GeometryBasics errored during testing
Stacktrace:
 [1] pkgerror(::String, ::Vararg{String,N} where N) at /buildworker/worker/package_linux64/build/usr/share/julia/stdlib/v1.2/Pkg/src/Types.jl:112
 [2] #test#119(::Bool, ::Nothing, ::typeof(Pkg.Operations.test), ::Pkg.Types.Context, ::Array{Pkg.Types.PackageSpec,1}) at /buildworker/worker/package_linux64/build/usr/share/julia/stdlib/v1.2/Pkg/src/Operations.jl:1288
 [3] #test at ./none:0 [inlined]
 [4] #test#62(::Bool, ::Nothing, ::Base.Iterators.Pairs{Union{},Union{},Tuple{},NamedTuple{(),Tuple{}}}, ::typeof(Pkg.API.test), ::Pkg.Types.Context, ::Array{Pkg.Types.PackageSpec,1}) at /buildworker/worker/package_linux64/build/usr/share/julia/stdlib/v1.2/Pkg/src/API.jl:245
 [5] test at /buildworker/worker/package_linux64/build/usr/share/julia/stdlib/v1.2/Pkg/src/API.jl:233 [inlined]
 [6] #test#61 at /buildworker/worker/package_linux64/build/usr/share/julia/stdlib/v1.2/Pkg/src/API.jl:230 [inlined]
 [7] test at /buildworker/worker/package_linux64/build/usr/share/julia/stdlib/v1.2/Pkg/src/API.jl:230 [inlined]
 [8] #test#60 at /buildworker/worker/package_linux64/build/usr/share/julia/stdlib/v1.2/Pkg/src/API.jl:229 [inlined]
 [9] test at /buildworker/worker/package_linux64/build/usr/share/julia/stdlib/v1.2/Pkg/src/API.jl:229 [inlined]
 [10] #test#59(::Base.Iterators.Pairs{Union{},Union{},Tuple{},NamedTuple{(),Tuple{}}}, ::typeof(Pkg.API.test), ::String) at /buildworker/worker/package_linux64/build/usr/share/julia/stdlib/v1.2/Pkg/src/API.jl:228
 [11] test(::String) at /buildworker/worker/package_linux64/build/usr/share/julia/stdlib/v1.2/Pkg/src/API.jl:228
 [12] top-level scope at none:10
