 Resolving package versions...
 Installed LightXML ─────── v0.8.1
 Installed BinaryProvider ─ v0.5.8
 Installed TeaSeis ──────── v0.3.0
  Updating `~/.julia/environments/v1.2/Project.toml`
  [db5f7d96] + TeaSeis v0.3.0
  Updating `~/.julia/environments/v1.2/Manifest.toml`
  [b99e7846] + BinaryProvider v0.5.8
  [9c8b4983] + LightXML v0.8.1
  [db5f7d96] + TeaSeis v0.3.0
  [ade2ca70] + Dates 
  [8f399da3] + Libdl 
  [de0858da] + Printf 
  [ea8e919c] + SHA 
  [4ec0a83e] + Unicode 
  Building LightXML → `~/.julia/packages/LightXML/W8FVT/deps/build.log`
   Testing TeaSeis
 Resolving package versions...
    Status `/tmp/jl_rWmuPQ/Manifest.toml`
  [b99e7846] BinaryProvider v0.5.8
  [9c8b4983] LightXML v0.8.1
  [db5f7d96] TeaSeis v0.3.0
  [2a0f44e3] Base64  [`@stdlib/Base64`]
  [ade2ca70] Dates  [`@stdlib/Dates`]
  [8ba89e20] Distributed  [`@stdlib/Distributed`]
  [b77e0a4c] InteractiveUtils  [`@stdlib/InteractiveUtils`]
  [8f399da3] Libdl  [`@stdlib/Libdl`]
  [56ddb016] Logging  [`@stdlib/Logging`]
  [d6f4376e] Markdown  [`@stdlib/Markdown`]
  [de0858da] Printf  [`@stdlib/Printf`]
  [9a3f8284] Random  [`@stdlib/Random`]
  [ea8e919c] SHA  [`@stdlib/SHA`]
  [9e88b42a] Serialization  [`@stdlib/Serialization`]
  [6462fe0b] Sockets  [`@stdlib/Sockets`]
  [8dfed614] Test  [`@stdlib/Test`]
  [4ec0a83e] Unicode  [`@stdlib/Unicode`]
Test Summary: | Pass  Total
Compat Test   |    3      3
Test Summary: | Pass  Total
Compat Test   |    3      3
Test Summary: | Pass  Total
Compat Test   |    3      3
Test Summary: | Pass  Total
Compat Test   |    3      3
g = origin: (0.0,0.0,0.0)
u: (1.0,0.0,0.0)
v: (0.0,1.0,0.0)
w: (0.0,0.0,1.0)
u1,un: (1,2)
v1,vn: (1,2)
w1,wn: (1,2)
Test Summary: | Pass  Total
Geometry      |   53     53
ERROR: LoadError: LoadError: ArgumentError: Package Random not found in current path:
- Run `import Pkg; Pkg.add("Random")` to install the Random package.

Stacktrace:
 [1] require(::Module, ::Symbol) at ./loading.jl:876
 [2] include at ./boot.jl:328 [inlined]
 [3] include_relative(::Module, ::String) at ./loading.jl:1094
 [4] include(::Module, ::String) at ./Base.jl:31
 [5] include(::String) at ./client.jl:431
 [6] top-level scope at /root/.julia/packages/TeaSeis/sJfly/test/runtests.jl:3
 [7] include at ./boot.jl:328 [inlined]
 [8] include_relative(::Module, ::String) at ./loading.jl:1094
 [9] include(::Module, ::String) at ./Base.jl:31
 [10] include(::String) at ./client.jl:431
 [11] top-level scope at none:5
in expression starting at /root/.julia/packages/TeaSeis/sJfly/test/test_teaseisio.jl:1
in expression starting at /root/.julia/packages/TeaSeis/sJfly/test/runtests.jl:3
ERROR: Package TeaSeis errored during testing
Stacktrace:
 [1] pkgerror(::String, ::Vararg{String,N} where N) at /buildworker/worker/package_linux64/build/usr/share/julia/stdlib/v1.2/Pkg/src/Types.jl:112
 [2] #test#119(::Bool, ::Nothing, ::typeof(Pkg.Operations.test), ::Pkg.Types.Context, ::Array{Pkg.Types.PackageSpec,1}) at /buildworker/worker/package_linux64/build/usr/share/julia/stdlib/v1.2/Pkg/src/Operations.jl:1288
 [3] #test at ./none:0 [inlined]
 [4] #test#62(::Bool, ::Nothing, ::Base.Iterators.Pairs{Union{},Union{},Tuple{},NamedTuple{(),Tuple{}}}, ::typeof(Pkg.API.test), ::Pkg.Types.Context, ::Array{Pkg.Types.PackageSpec,1}) at /buildworker/worker/package_linux64/build/usr/share/julia/stdlib/v1.2/Pkg/src/API.jl:245
 [5] test at /buildworker/worker/package_linux64/build/usr/share/julia/stdlib/v1.2/Pkg/src/API.jl:233 [inlined]
 [6] #test#61 at /buildworker/worker/package_linux64/build/usr/share/julia/stdlib/v1.2/Pkg/src/API.jl:230 [inlined]
 [7] test at /buildworker/worker/package_linux64/build/usr/share/julia/stdlib/v1.2/Pkg/src/API.jl:230 [inlined]
 [8] #test#60 at /buildworker/worker/package_linux64/build/usr/share/julia/stdlib/v1.2/Pkg/src/API.jl:229 [inlined]
 [9] test at /buildworker/worker/package_linux64/build/usr/share/julia/stdlib/v1.2/Pkg/src/API.jl:229 [inlined]
 [10] #test#59(::Base.Iterators.Pairs{Union{},Union{},Tuple{},NamedTuple{(),Tuple{}}}, ::typeof(Pkg.API.test), ::String) at /buildworker/worker/package_linux64/build/usr/share/julia/stdlib/v1.2/Pkg/src/API.jl:228
 [11] test(::String) at /buildworker/worker/package_linux64/build/usr/share/julia/stdlib/v1.2/Pkg/src/API.jl:228
 [12] top-level scope at none:10
