 Resolving package versions...
 Installed DataAPI ───────────────────── v1.1.0
 Installed Missings ──────────────────── v0.4.3
 Installed Showoff ───────────────────── v0.3.1
 Installed TableTraits ───────────────── v1.0.0
 Installed Contour ───────────────────── v0.5.1
 Installed DataFrames ────────────────── v0.19.4
 Installed BHAPtfem ──────────────────── v1.0.1
 Installed Colors ────────────────────── v0.9.6
 Installed AxisAlgorithms ────────────── v1.0.0
 Installed Measures ──────────────────── v0.3.0
 Installed BinaryProvider ────────────── v0.5.8
 Installed Plots ─────────────────────── v0.27.0
 Installed StatsBase ─────────────────── v0.32.0
 Installed DataValueInterfaces ───────── v1.0.0
 Installed Requires ──────────────────── v0.5.2
 Installed PooledArrays ──────────────── v0.5.2
 Installed InvertedIndices ───────────── v1.0.0
 Installed DocStringExtensions ───────── v0.8.1
 Installed PtFEM ─────────────────────── v1.0.0
 Installed Reexport ──────────────────── v0.2.0
 Installed Compat ────────────────────── v2.2.0
 Installed OffsetArrays ──────────────── v0.11.1
 Installed Tables ────────────────────── v0.2.11
 Installed OrderedCollections ────────── v1.1.0
 Installed IterTools ─────────────────── v1.3.0
 Installed FixedPointNumbers ─────────── v0.6.1
 Installed DataStructures ────────────── v0.17.6
 Installed Parsers ───────────────────── v0.3.10
 Installed FFMPEG ────────────────────── v0.2.3
 Installed Ratios ────────────────────── v0.3.1
 Installed JSON ──────────────────────── v0.21.0
 Installed NaNMath ───────────────────── v0.3.3
 Installed StaticArrays ──────────────── v0.12.1
 Installed CustomUnitRanges ──────────── v0.2.0
 Installed IteratorInterfaceExtensions ─ v1.0.0
 Installed GeometryTypes ─────────────── v0.7.6
 Installed CategoricalArrays ─────────── v0.7.3
 Installed QuadGK ────────────────────── v2.1.1
 Installed Documenter ────────────────── v0.24.0
 Installed WoodburyMatrices ──────────── v0.4.1
 Installed SortingAlgorithms ─────────── v0.3.1
 Installed PlotUtils ─────────────────── v0.6.1
 Installed PlotThemes ────────────────── v0.4.0
 Installed ColorTypes ────────────────── v0.8.0
 Installed Arpack ────────────────────── v0.3.1
 Installed FinEtools ─────────────────── v4.0.3
 Installed Interpolations ────────────── v0.12.5
 Installed GR ────────────────────────── v0.42.0
   Cloning [3cdcf5f2-1ef4-517c-9805-6587b60abb01] RecipesBase from https://github.com/JuliaPlots/RecipesBase.jl.git
[?25l    Fetching: [>                                        ]  0.0 %[2K[?25h Installed RecipesBase ───────────────── v0.7.0
  Updating `~/.julia/environments/v1.2/Project.toml`
  [93ceba2d] + BHAPtfem v1.0.1
  Updating `~/.julia/environments/v1.2/Manifest.toml`
  [7d9fca2a] + Arpack v0.3.1
  [13072b0f] + AxisAlgorithms v1.0.0
  [93ceba2d] + BHAPtfem v1.0.1
  [b99e7846] + BinaryProvider v0.5.8
  [324d7699] + CategoricalArrays v0.7.3
  [3da002f7] + ColorTypes v0.8.0
  [5ae59095] + Colors v0.9.6
  [34da2185] + Compat v2.2.0
  [d38c429a] + Contour v0.5.1
  [dc8bdbbb] + CustomUnitRanges v0.2.0
  [9a962f9c] + DataAPI v1.1.0
  [a93c6f00] + DataFrames v0.19.4
  [864edb3b] + DataStructures v0.17.6
  [e2d170a0] + DataValueInterfaces v1.0.0
  [ffbed154] + DocStringExtensions v0.8.1
  [e30172f5] + Documenter v0.24.0
  [c87230d0] + FFMPEG v0.2.3
  [91bb5406] + FinEtools v4.0.3
  [53c48c17] + FixedPointNumbers v0.6.1
  [28b8d3ca] + GR v0.42.0
  [4d00f742] + GeometryTypes v0.7.6
  [a98d9a8b] + Interpolations v0.12.5
  [41ab1584] + InvertedIndices v1.0.0
  [c8e1da08] + IterTools v1.3.0
  [82899510] + IteratorInterfaceExtensions v1.0.0
  [682c06a0] + JSON v0.21.0
  [442fdcdd] + Measures v0.3.0
  [e1d29d7a] + Missings v0.4.3
  [77ba4419] + NaNMath v0.3.3
  [6fe1bfb0] + OffsetArrays v0.11.1
  [bac558e1] + OrderedCollections v1.1.0
  [69de0a69] + Parsers v0.3.10
  [ccf2f8ad] + PlotThemes v0.4.0
  [995b91a9] + PlotUtils v0.6.1
  [91a5bcdd] + Plots v0.27.0
  [2dfb63ee] + PooledArrays v0.5.2
  [9b64898b] + PtFEM v1.0.0
  [1fd47b50] + QuadGK v2.1.1
  [c84ed2f1] + Ratios v0.3.1
  [3cdcf5f2] + RecipesBase v0.7.0
  [189a3867] + Reexport v0.2.0
  [ae029012] + Requires v0.5.2
  [992d4aef] + Showoff v0.3.1
  [a2af1166] + SortingAlgorithms v0.3.1
  [90137ffa] + StaticArrays v0.12.1
  [2913bbd2] + StatsBase v0.32.0
  [3783bdb8] + TableTraits v1.0.0
  [bd369af6] + Tables v0.2.11
  [efce3f68] + WoodburyMatrices v0.4.1
  [2a0f44e3] + Base64 
  [ade2ca70] + Dates 
  [8bb1440f] + DelimitedFiles 
  [8ba89e20] + Distributed 
  [9fa8497b] + Future 
  [b77e0a4c] + InteractiveUtils 
  [76f85450] + LibGit2 
  [8f399da3] + Libdl 
  [37e2e46d] + LinearAlgebra 
  [56ddb016] + Logging 
  [d6f4376e] + Markdown 
  [a63ad114] + Mmap 
  [44cfe95a] + Pkg 
  [de0858da] + Printf 
  [3fa0cd96] + REPL 
  [9a3f8284] + Random 
  [ea8e919c] + SHA 
  [9e88b42a] + Serialization 
  [1a1011a3] + SharedArrays 
  [6462fe0b] + Sockets 
  [2f01184e] + SparseArrays 
  [10745b16] + Statistics 
  [4607b0f0] + SuiteSparse 
  [8dfed614] + Test 
  [cf7118a7] + UUIDs 
  [4ec0a83e] + Unicode 
  Building GR ────→ `~/.julia/packages/GR/f1Iqi/deps/build.log`
  Building FFMPEG → `~/.julia/packages/FFMPEG/bkWgb/deps/build.log`
  Building Plots ─→ `~/.julia/packages/Plots/Iuc9S/deps/build.log`
  Building Arpack → `~/.julia/packages/Arpack/cu5By/deps/build.log`
   Testing BHAPtfem
 Resolving package versions...
    Status `/tmp/jl_wc3DXa/Manifest.toml`
  [7d9fca2a] Arpack v0.3.1
  [13072b0f] AxisAlgorithms v1.0.0
  [93ceba2d] BHAPtfem v1.0.1
  [b99e7846] BinaryProvider v0.5.8
  [324d7699] CategoricalArrays v0.7.3
  [3da002f7] ColorTypes v0.8.0
  [5ae59095] Colors v0.9.6
  [34da2185] Compat v2.2.0
  [d38c429a] Contour v0.5.1
  [dc8bdbbb] CustomUnitRanges v0.2.0
  [9a962f9c] DataAPI v1.1.0
  [a93c6f00] DataFrames v0.19.4
  [864edb3b] DataStructures v0.17.6
  [e2d170a0] DataValueInterfaces v1.0.0
  [ffbed154] DocStringExtensions v0.8.1
  [e30172f5] Documenter v0.24.0
  [c87230d0] FFMPEG v0.2.3
  [91bb5406] FinEtools v4.0.3
  [53c48c17] FixedPointNumbers v0.6.1
  [28b8d3ca] GR v0.42.0
  [4d00f742] GeometryTypes v0.7.6
  [a98d9a8b] Interpolations v0.12.5
  [41ab1584] InvertedIndices v1.0.0
  [c8e1da08] IterTools v1.3.0
  [82899510] IteratorInterfaceExtensions v1.0.0
  [682c06a0] JSON v0.21.0
  [442fdcdd] Measures v0.3.0
  [e1d29d7a] Missings v0.4.3
  [77ba4419] NaNMath v0.3.3
  [6fe1bfb0] OffsetArrays v0.11.1
  [bac558e1] OrderedCollections v1.1.0
  [69de0a69] Parsers v0.3.10
  [ccf2f8ad] PlotThemes v0.4.0
  [995b91a9] PlotUtils v0.6.1
  [91a5bcdd] Plots v0.27.0
  [2dfb63ee] PooledArrays v0.5.2
  [9b64898b] PtFEM v1.0.0
  [1fd47b50] QuadGK v2.1.1
  [c84ed2f1] Ratios v0.3.1
  [3cdcf5f2] RecipesBase v0.7.0
  [189a3867] Reexport v0.2.0
  [ae029012] Requires v0.5.2
  [992d4aef] Showoff v0.3.1
  [a2af1166] SortingAlgorithms v0.3.1
  [90137ffa] StaticArrays v0.12.1
  [2913bbd2] StatsBase v0.32.0
  [3783bdb8] TableTraits v1.0.0
  [bd369af6] Tables v0.2.11
  [efce3f68] WoodburyMatrices v0.4.1
  [2a0f44e3] Base64  [`@stdlib/Base64`]
  [ade2ca70] Dates  [`@stdlib/Dates`]
  [8bb1440f] DelimitedFiles  [`@stdlib/DelimitedFiles`]
  [8ba89e20] Distributed  [`@stdlib/Distributed`]
  [9fa8497b] Future  [`@stdlib/Future`]
  [b77e0a4c] InteractiveUtils  [`@stdlib/InteractiveUtils`]
  [76f85450] LibGit2  [`@stdlib/LibGit2`]
  [8f399da3] Libdl  [`@stdlib/Libdl`]
  [37e2e46d] LinearAlgebra  [`@stdlib/LinearAlgebra`]
  [56ddb016] Logging  [`@stdlib/Logging`]
  [d6f4376e] Markdown  [`@stdlib/Markdown`]
  [a63ad114] Mmap  [`@stdlib/Mmap`]
  [44cfe95a] Pkg  [`@stdlib/Pkg`]
  [de0858da] Printf  [`@stdlib/Printf`]
  [3fa0cd96] REPL  [`@stdlib/REPL`]
  [9a3f8284] Random  [`@stdlib/Random`]
  [ea8e919c] SHA  [`@stdlib/SHA`]
  [9e88b42a] Serialization  [`@stdlib/Serialization`]
  [1a1011a3] SharedArrays  [`@stdlib/SharedArrays`]
  [6462fe0b] Sockets  [`@stdlib/Sockets`]
  [2f01184e] SparseArrays  [`@stdlib/SparseArrays`]
  [10745b16] Statistics  [`@stdlib/Statistics`]
  [4607b0f0] SuiteSparse  [`@stdlib/SuiteSparse`]
  [8dfed614] Test  [`@stdlib/Test`]
  [cf7118a7] UUIDs  [`@stdlib/UUIDs`]
  [4ec0a83e] Unicode  [`@stdlib/Unicode`]


Running BottomHoleAssemblyAnalysis/BHatp.jl tests:




  * materialtable.jl *




  * mediatable.jl *




  * tp01.jl *

8×6 DataFrames.DataFrame
│ Row │ eltype     │ material │ length  │ id      │ od      │ frictioncoefficient │
│     │ Symbol     │ Symbol   │ Float64 │ Float64 │ Float64 │ Float64             │
├─────┼────────────┼──────────┼─────────┼─────────┼─────────┼─────────────────────┤
│ 1   │ bit        │ steel    │ 0.0     │ 2.75    │ 9.0     │ 0.0                 │
│ 2   │ collar     │ steel    │ 45.0    │ 2.75    │ 7.0     │ 0.0                 │
│ 3   │ stabilizer │ steel    │ 0.0     │ 2.75    │ 9.0     │ 0.0                 │
│ 4   │ pipe       │ steel    │ 30.0    │ 2.75    │ 7.0     │ 0.0                 │
│ 5   │ stabilizer │ steel    │ 0.0     │ 2.75    │ 9.0     │ 0.0                 │
│ 6   │ pipe       │ steel    │ 90.0    │ 2.75    │ 7.0     │ 0.0                 │
│ 7   │ stabilizer │ steel    │ 0.0     │ 2.75    │ 9.0     │ 0.0                 │
│ 8   │ pipe       │ steel    │ 100.0   │ 2.75    │ 7.0     │ 0.0                 │

4×3 DataFrames.DataFrame
│ Row │ ea        │ er        │ gj        │
│     │ Float64   │ Float64   │ Float64   │
├─────┼───────────┼───────────┼───────────┤
│ 1   │ 9.43803e8 │ 3.33649e9 │ 2.64618e9 │
│ 2   │ 9.43803e8 │ 3.33649e9 │ 2.64618e9 │
│ 3   │ 9.43803e8 │ 3.33649e9 │ 2.64618e9 │
│ 4   │ 9.43803e8 │ 3.33649e9 │ 2.64618e9 │

266×3 DataFrames.DataFrame
│ Row │ bharadius │ weight  │ fc      │
│     │ Float64   │ Float64 │ Float64 │
├─────┼───────────┼─────────┼─────────┤
│ 1   │ 4.5       │ 45.6669 │ 0.0     │
│ 2   │ 3.5       │ 91.3338 │ 0.0     │
│ 3   │ 3.5       │ 91.3338 │ 0.0     │
│ 4   │ 3.5       │ 91.3338 │ 0.0     │
│ 5   │ 3.5       │ 91.3338 │ 0.0     │
│ 6   │ 3.5       │ 91.3338 │ 0.0     │
│ 7   │ 3.5       │ 91.3338 │ 0.0     │
│ 8   │ 3.5       │ 91.3338 │ 0.0     │
│ 9   │ 3.5       │ 91.3338 │ 0.0     │
│ 10  │ 3.5       │ 91.3338 │ 0.0     │
│ 11  │ 3.5       │ 91.3338 │ 0.0     │
│ 12  │ 3.5       │ 91.3338 │ 0.0     │
│ 13  │ 3.5       │ 91.3338 │ 0.0     │
│ 14  │ 3.5       │ 91.3338 │ 0.0     │
│ 15  │ 3.5       │ 91.3338 │ 0.0     │
│ 16  │ 3.5       │ 91.3338 │ 0.0     │
│ 17  │ 3.5       │ 91.3338 │ 0.0     │
│ 18  │ 3.5       │ 91.3338 │ 0.0     │
│ 19  │ 3.5       │ 91.3338 │ 0.0     │
│ 20  │ 3.5       │ 91.3338 │ 0.0     │
│ 21  │ 3.5       │ 91.3338 │ 0.0     │
│ 22  │ 3.5       │ 91.3338 │ 0.0     │
│ 23  │ 3.5       │ 91.3338 │ 0.0     │
│ 24  │ 3.5       │ 91.3338 │ 0.0     │
│ 25  │ 3.5       │ 91.3338 │ 0.0     │
│ 26  │ 3.5       │ 91.3338 │ 0.0     │
│ 27  │ 3.5       │ 91.3338 │ 0.0     │
│ 28  │ 3.5       │ 91.3338 │ 0.0     │
│ 29  │ 3.5       │ 91.3338 │ 0.0     │
│ 30  │ 3.5       │ 91.3338 │ 0.0     │
│ 31  │ 3.5       │ 91.3338 │ 0.0     │
│ 32  │ 3.5       │ 91.3338 │ 0.0     │
│ 33  │ 3.5       │ 91.3338 │ 0.0     │
│ 34  │ 3.5       │ 91.3338 │ 0.0     │
│ 35  │ 3.5       │ 91.3338 │ 0.0     │
│ 36  │ 3.5       │ 91.3338 │ 0.0     │
│ 37  │ 3.5       │ 91.3338 │ 0.0     │
│ 38  │ 3.5       │ 91.3338 │ 0.0     │
│ 39  │ 3.5       │ 91.3338 │ 0.0     │
│ 40  │ 3.5       │ 91.3338 │ 0.0     │
│ 41  │ 3.5       │ 91.3338 │ 0.0     │
│ 42  │ 3.5       │ 91.3338 │ 0.0     │
│ 43  │ 3.5       │ 91.3338 │ 0.0     │
│ 44  │ 3.5       │ 91.3338 │ 0.0     │
│ 45  │ 3.5       │ 91.3338 │ 0.0     │
│ 46  │ 4.5       │ 91.3338 │ 0.0     │
│ 47  │ 3.5       │ 91.3338 │ 0.0     │
│ 48  │ 3.5       │ 91.3338 │ 0.0     │
│ 49  │ 3.5       │ 91.3338 │ 0.0     │
│ 50  │ 3.5       │ 91.3338 │ 0.0     │
│ 51  │ 3.5       │ 91.3338 │ 0.0     │
│ 52  │ 3.5       │ 91.3338 │ 0.0     │
│ 53  │ 3.5       │ 91.3338 │ 0.0     │
│ 54  │ 3.5       │ 91.3338 │ 0.0     │
│ 55  │ 3.5       │ 91.3338 │ 0.0     │
│ 56  │ 3.5       │ 91.3338 │ 0.0     │
│ 57  │ 3.5       │ 91.3338 │ 0.0     │
│ 58  │ 3.5       │ 91.3338 │ 0.0     │
│ 59  │ 3.5       │ 91.3338 │ 0.0     │
│ 60  │ 3.5       │ 91.3338 │ 0.0     │
│ 61  │ 3.5       │ 91.3338 │ 0.0     │
│ 62  │ 3.5       │ 91.3338 │ 0.0     │
│ 63  │ 3.5       │ 91.3338 │ 0.0     │
│ 64  │ 3.5       │ 91.3338 │ 0.0     │
│ 65  │ 3.5       │ 91.3338 │ 0.0     │
│ 66  │ 3.5       │ 91.3338 │ 0.0     │
│ 67  │ 3.5       │ 91.3338 │ 0.0     │
│ 68  │ 3.5       │ 91.3338 │ 0.0     │
│ 69  │ 3.5       │ 91.3338 │ 0.0     │
│ 70  │ 3.5       │ 91.3338 │ 0.0     │
│ 71  │ 3.5       │ 91.3338 │ 0.0     │
│ 72  │ 3.5       │ 91.3338 │ 0.0     │
│ 73  │ 3.5       │ 91.3338 │ 0.0     │
│ 74  │ 3.5       │ 91.3338 │ 0.0     │
│ 75  │ 3.5       │ 91.3338 │ 0.0     │
│ 76  │ 4.5       │ 91.3338 │ 0.0     │
│ 77  │ 3.5       │ 91.3338 │ 0.0     │
│ 78  │ 3.5       │ 91.3338 │ 0.0     │
│ 79  │ 3.5       │ 91.3338 │ 0.0     │
│ 80  │ 3.5       │ 91.3338 │ 0.0     │
│ 81  │ 3.5       │ 91.3338 │ 0.0     │
│ 82  │ 3.5       │ 91.3338 │ 0.0     │
│ 83  │ 3.5       │ 91.3338 │ 0.0     │
│ 84  │ 3.5       │ 91.3338 │ 0.0     │
│ 85  │ 3.5       │ 91.3338 │ 0.0     │
│ 86  │ 3.5       │ 91.3338 │ 0.0     │
│ 87  │ 3.5       │ 91.3338 │ 0.0     │
│ 88  │ 3.5       │ 91.3338 │ 0.0     │
│ 89  │ 3.5       │ 91.3338 │ 0.0     │
│ 90  │ 3.5       │ 91.3338 │ 0.0     │
│ 91  │ 3.5       │ 91.3338 │ 0.0     │
│ 92  │ 3.5       │ 91.3338 │ 0.0     │
│ 93  │ 3.5       │ 91.3338 │ 0.0     │
│ 94  │ 3.5       │ 91.3338 │ 0.0     │
│ 95  │ 3.5       │ 91.3338 │ 0.0     │
│ 96  │ 3.5       │ 91.3338 │ 0.0     │
│ 97  │ 3.5       │ 91.3338 │ 0.0     │
│ 98  │ 3.5       │ 91.3338 │ 0.0     │
│ 99  │ 3.5       │ 91.3338 │ 0.0     │
│ 100 │ 3.5       │ 91.3338 │ 0.0     │
│ 101 │ 3.5       │ 91.3338 │ 0.0     │
│ 102 │ 3.5       │ 91.3338 │ 0.0     │
│ 103 │ 3.5       │ 91.3338 │ 0.0     │
│ 104 │ 3.5       │ 91.3338 │ 0.0     │
│ 105 │ 3.5       │ 91.3338 │ 0.0     │
│ 106 │ 3.5       │ 91.3338 │ 0.0     │
│ 107 │ 3.5       │ 91.3338 │ 0.0     │
│ 108 │ 3.5       │ 91.3338 │ 0.0     │
│ 109 │ 3.5       │ 91.3338 │ 0.0     │
│ 110 │ 3.5       │ 91.3338 │ 0.0     │
│ 111 │ 3.5       │ 91.3338 │ 0.0     │
│ 112 │ 3.5       │ 91.3338 │ 0.0     │
│ 113 │ 3.5       │ 91.3338 │ 0.0     │
│ 114 │ 3.5       │ 91.3338 │ 0.0     │
│ 115 │ 3.5       │ 91.3338 │ 0.0     │
│ 116 │ 3.5       │ 91.3338 │ 0.0     │
│ 117 │ 3.5       │ 91.3338 │ 0.0     │
│ 118 │ 3.5       │ 91.3338 │ 0.0     │
│ 119 │ 3.5       │ 91.3338 │ 0.0     │
│ 120 │ 3.5       │ 91.3338 │ 0.0     │
│ 121 │ 3.5       │ 91.3338 │ 0.0     │
│ 122 │ 3.5       │ 91.3338 │ 0.0     │
│ 123 │ 3.5       │ 91.3338 │ 0.0     │
│ 124 │ 3.5       │ 91.3338 │ 0.0     │
│ 125 │ 3.5       │ 91.3338 │ 0.0     │
│ 126 │ 3.5       │ 91.3338 │ 0.0     │
│ 127 │ 3.5       │ 91.3338 │ 0.0     │
│ 128 │ 3.5       │ 91.3338 │ 0.0     │
│ 129 │ 3.5       │ 91.3338 │ 0.0     │
│ 130 │ 3.5       │ 91.3338 │ 0.0     │
│ 131 │ 3.5       │ 91.3338 │ 0.0     │
│ 132 │ 3.5       │ 91.3338 │ 0.0     │
│ 133 │ 3.5       │ 91.3338 │ 0.0     │
│ 134 │ 3.5       │ 91.3338 │ 0.0     │
│ 135 │ 3.5       │ 91.3338 │ 0.0     │
│ 136 │ 3.5       │ 91.3338 │ 0.0     │
│ 137 │ 3.5       │ 91.3338 │ 0.0     │
│ 138 │ 3.5       │ 91.3338 │ 0.0     │
│ 139 │ 3.5       │ 91.3338 │ 0.0     │
│ 140 │ 3.5       │ 91.3338 │ 0.0     │
│ 141 │ 3.5       │ 91.3338 │ 0.0     │
│ 142 │ 3.5       │ 91.3338 │ 0.0     │
│ 143 │ 3.5       │ 91.3338 │ 0.0     │
│ 144 │ 3.5       │ 91.3338 │ 0.0     │
│ 145 │ 3.5       │ 91.3338 │ 0.0     │
│ 146 │ 3.5       │ 91.3338 │ 0.0     │
│ 147 │ 3.5       │ 91.3338 │ 0.0     │
│ 148 │ 3.5       │ 91.3338 │ 0.0     │
│ 149 │ 3.5       │ 91.3338 │ 0.0     │
│ 150 │ 3.5       │ 91.3338 │ 0.0     │
│ 151 │ 3.5       │ 91.3338 │ 0.0     │
│ 152 │ 3.5       │ 91.3338 │ 0.0     │
│ 153 │ 3.5       │ 91.3338 │ 0.0     │
│ 154 │ 3.5       │ 91.3338 │ 0.0     │
│ 155 │ 3.5       │ 91.3338 │ 0.0     │
│ 156 │ 3.5       │ 91.3338 │ 0.0     │
│ 157 │ 3.5       │ 91.3338 │ 0.0     │
│ 158 │ 3.5       │ 91.3338 │ 0.0     │
│ 159 │ 3.5       │ 91.3338 │ 0.0     │
│ 160 │ 3.5       │ 91.3338 │ 0.0     │
│ 161 │ 3.5       │ 91.3338 │ 0.0     │
│ 162 │ 3.5       │ 91.3338 │ 0.0     │
│ 163 │ 3.5       │ 91.3338 │ 0.0     │
│ 164 │ 3.5       │ 91.3338 │ 0.0     │
│ 165 │ 3.5       │ 91.3338 │ 0.0     │
│ 166 │ 4.5       │ 91.3338 │ 0.0     │
│ 167 │ 3.5       │ 91.3338 │ 0.0     │
│ 168 │ 3.5       │ 91.3338 │ 0.0     │
│ 169 │ 3.5       │ 91.3338 │ 0.0     │
│ 170 │ 3.5       │ 91.3338 │ 0.0     │
│ 171 │ 3.5       │ 91.3338 │ 0.0     │
│ 172 │ 3.5       │ 91.3338 │ 0.0     │
│ 173 │ 3.5       │ 91.3338 │ 0.0     │
│ 174 │ 3.5       │ 91.3338 │ 0.0     │
│ 175 │ 3.5       │ 91.3338 │ 0.0     │
│ 176 │ 3.5       │ 91.3338 │ 0.0     │
│ 177 │ 3.5       │ 91.3338 │ 0.0     │
│ 178 │ 3.5       │ 91.3338 │ 0.0     │
│ 179 │ 3.5       │ 91.3338 │ 0.0     │
│ 180 │ 3.5       │ 91.3338 │ 0.0     │
│ 181 │ 3.5       │ 91.3338 │ 0.0     │
│ 182 │ 3.5       │ 91.3338 │ 0.0     │
│ 183 │ 3.5       │ 91.3338 │ 0.0     │
│ 184 │ 3.5       │ 91.3338 │ 0.0     │
│ 185 │ 3.5       │ 91.3338 │ 0.0     │
│ 186 │ 3.5       │ 91.3338 │ 0.0     │
│ 187 │ 3.5       │ 91.3338 │ 0.0     │
│ 188 │ 3.5       │ 91.3338 │ 0.0     │
│ 189 │ 3.5       │ 91.3338 │ 0.0     │
│ 190 │ 3.5       │ 91.3338 │ 0.0     │
│ 191 │ 3.5       │ 91.3338 │ 0.0     │
│ 192 │ 3.5       │ 91.3338 │ 0.0     │
│ 193 │ 3.5       │ 91.3338 │ 0.0     │
│ 194 │ 3.5       │ 91.3338 │ 0.0     │
│ 195 │ 3.5       │ 91.3338 │ 0.0     │
│ 196 │ 3.5       │ 91.3338 │ 0.0     │
│ 197 │ 3.5       │ 91.3338 │ 0.0     │
│ 198 │ 3.5       │ 91.3338 │ 0.0     │
│ 199 │ 3.5       │ 91.3338 │ 0.0     │
│ 200 │ 3.5       │ 91.3338 │ 0.0     │
│ 201 │ 3.5       │ 91.3338 │ 0.0     │
│ 202 │ 3.5       │ 91.3338 │ 0.0     │
│ 203 │ 3.5       │ 91.3338 │ 0.0     │
│ 204 │ 3.5       │ 91.3338 │ 0.0     │
│ 205 │ 3.5       │ 91.3338 │ 0.0     │
│ 206 │ 3.5       │ 91.3338 │ 0.0     │
│ 207 │ 3.5       │ 91.3338 │ 0.0     │
│ 208 │ 3.5       │ 91.3338 │ 0.0     │
│ 209 │ 3.5       │ 91.3338 │ 0.0     │
│ 210 │ 3.5       │ 91.3338 │ 0.0     │
│ 211 │ 3.5       │ 91.3338 │ 0.0     │
│ 212 │ 3.5       │ 91.3338 │ 0.0     │
│ 213 │ 3.5       │ 91.3338 │ 0.0     │
│ 214 │ 3.5       │ 91.3338 │ 0.0     │
│ 215 │ 3.5       │ 91.3338 │ 0.0     │
│ 216 │ 3.5       │ 91.3338 │ 0.0     │
│ 217 │ 3.5       │ 91.3338 │ 0.0     │
│ 218 │ 3.5       │ 91.3338 │ 0.0     │
│ 219 │ 3.5       │ 91.3338 │ 0.0     │
│ 220 │ 3.5       │ 91.3338 │ 0.0     │
│ 221 │ 3.5       │ 91.3338 │ 0.0     │
│ 222 │ 3.5       │ 91.3338 │ 0.0     │
│ 223 │ 3.5       │ 91.3338 │ 0.0     │
│ 224 │ 3.5       │ 91.3338 │ 0.0     │
│ 225 │ 3.5       │ 91.3338 │ 0.0     │
│ 226 │ 3.5       │ 91.3338 │ 0.0     │
│ 227 │ 3.5       │ 91.3338 │ 0.0     │
│ 228 │ 3.5       │ 91.3338 │ 0.0     │
│ 229 │ 3.5       │ 91.3338 │ 0.0     │
│ 230 │ 3.5       │ 91.3338 │ 0.0     │
│ 231 │ 3.5       │ 91.3338 │ 0.0     │
│ 232 │ 3.5       │ 91.3338 │ 0.0     │
│ 233 │ 3.5       │ 91.3338 │ 0.0     │
│ 234 │ 3.5       │ 91.3338 │ 0.0     │
│ 235 │ 3.5       │ 91.3338 │ 0.0     │
│ 236 │ 3.5       │ 91.3338 │ 0.0     │
│ 237 │ 3.5       │ 91.3338 │ 0.0     │
│ 238 │ 3.5       │ 91.3338 │ 0.0     │
│ 239 │ 3.5       │ 91.3338 │ 0.0     │
│ 240 │ 3.5       │ 91.3338 │ 0.0     │
│ 241 │ 3.5       │ 91.3338 │ 0.0     │
│ 242 │ 3.5       │ 91.3338 │ 0.0     │
│ 243 │ 3.5       │ 91.3338 │ 0.0     │
│ 244 │ 3.5       │ 91.3338 │ 0.0     │
│ 245 │ 3.5       │ 91.3338 │ 0.0     │
│ 246 │ 3.5       │ 91.3338 │ 0.0     │
│ 247 │ 3.5       │ 91.3338 │ 0.0     │
│ 248 │ 3.5       │ 91.3338 │ 0.0     │
│ 249 │ 3.5       │ 91.3338 │ 0.0     │
│ 250 │ 3.5       │ 91.3338 │ 0.0     │
│ 251 │ 3.5       │ 91.3338 │ 0.0     │
│ 252 │ 3.5       │ 91.3338 │ 0.0     │
│ 253 │ 3.5       │ 91.3338 │ 0.0     │
│ 254 │ 3.5       │ 91.3338 │ 0.0     │
│ 255 │ 3.5       │ 91.3338 │ 0.0     │
│ 256 │ 3.5       │ 91.3338 │ 0.0     │
│ 257 │ 3.5       │ 91.3338 │ 0.0     │
│ 258 │ 3.5       │ 91.3338 │ 0.0     │
│ 259 │ 3.5       │ 91.3338 │ 0.0     │
│ 260 │ 3.5       │ 91.3338 │ 0.0     │
│ 261 │ 3.5       │ 91.3338 │ 0.0     │
│ 262 │ 3.5       │ 91.3338 │ 0.0     │
│ 263 │ 3.5       │ 91.3338 │ 0.0     │
│ 264 │ 3.5       │ 91.3338 │ 0.0     │
│ 265 │ 3.5       │ 91.3338 │ 0.0     │
│ 266 │ 3.5       │ 45.6669 │ 0.0     │

265×4 DataFrames.DataFrame
│ Row │ length  │ id      │ od      │ npind │
│     │ Float64 │ Float64 │ Float64 │ Int64 │
├─────┼─────────┼─────────┼─────────┼───────┤
│ 1   │ 12.0    │ 2.75    │ 7.0     │ 1     │
│ 2   │ 12.0    │ 2.75    │ 7.0     │ 1     │
│ 3   │ 12.0    │ 2.75    │ 7.0     │ 1     │
│ 4   │ 12.0    │ 2.75    │ 7.0     │ 1     │
│ 5   │ 12.0    │ 2.75    │ 7.0     │ 1     │
│ 6   │ 12.0    │ 2.75    │ 7.0     │ 1     │
│ 7   │ 12.0    │ 2.75    │ 7.0     │ 1     │
│ 8   │ 12.0    │ 2.75    │ 7.0     │ 1     │
│ 9   │ 12.0    │ 2.75    │ 7.0     │ 1     │
│ 10  │ 12.0    │ 2.75    │ 7.0     │ 1     │
│ 11  │ 12.0    │ 2.75    │ 7.0     │ 1     │
│ 12  │ 12.0    │ 2.75    │ 7.0     │ 1     │
│ 13  │ 12.0    │ 2.75    │ 7.0     │ 1     │
│ 14  │ 12.0    │ 2.75    │ 7.0     │ 1     │
│ 15  │ 12.0    │ 2.75    │ 7.0     │ 1     │
│ 16  │ 12.0    │ 2.75    │ 7.0     │ 1     │
│ 17  │ 12.0    │ 2.75    │ 7.0     │ 1     │
│ 18  │ 12.0    │ 2.75    │ 7.0     │ 1     │
│ 19  │ 12.0    │ 2.75    │ 7.0     │ 1     │
│ 20  │ 12.0    │ 2.75    │ 7.0     │ 1     │
│ 21  │ 12.0    │ 2.75    │ 7.0     │ 1     │
│ 22  │ 12.0    │ 2.75    │ 7.0     │ 1     │
│ 23  │ 12.0    │ 2.75    │ 7.0     │ 1     │
│ 24  │ 12.0    │ 2.75    │ 7.0     │ 1     │
│ 25  │ 12.0    │ 2.75    │ 7.0     │ 1     │
│ 26  │ 12.0    │ 2.75    │ 7.0     │ 1     │
│ 27  │ 12.0    │ 2.75    │ 7.0     │ 1     │
│ 28  │ 12.0    │ 2.75    │ 7.0     │ 1     │
│ 29  │ 12.0    │ 2.75    │ 7.0     │ 1     │
│ 30  │ 12.0    │ 2.75    │ 7.0     │ 1     │
│ 31  │ 12.0    │ 2.75    │ 7.0     │ 1     │
│ 32  │ 12.0    │ 2.75    │ 7.0     │ 1     │
│ 33  │ 12.0    │ 2.75    │ 7.0     │ 1     │
│ 34  │ 12.0    │ 2.75    │ 7.0     │ 1     │
│ 35  │ 12.0    │ 2.75    │ 7.0     │ 1     │
│ 36  │ 12.0    │ 2.75    │ 7.0     │ 1     │
│ 37  │ 12.0    │ 2.75    │ 7.0     │ 1     │
│ 38  │ 12.0    │ 2.75    │ 7.0     │ 1     │
│ 39  │ 12.0    │ 2.75    │ 7.0     │ 1     │
│ 40  │ 12.0    │ 2.75    │ 7.0     │ 1     │
│ 41  │ 12.0    │ 2.75    │ 7.0     │ 1     │
│ 42  │ 12.0    │ 2.75    │ 7.0     │ 1     │
│ 43  │ 12.0    │ 2.75    │ 7.0     │ 1     │
│ 44  │ 12.0    │ 2.75    │ 7.0     │ 1     │
│ 45  │ 12.0    │ 2.75    │ 7.0     │ 1     │
│ 46  │ 12.0    │ 2.75    │ 7.0     │ 2     │
│ 47  │ 12.0    │ 2.75    │ 7.0     │ 2     │
│ 48  │ 12.0    │ 2.75    │ 7.0     │ 2     │
│ 49  │ 12.0    │ 2.75    │ 7.0     │ 2     │
│ 50  │ 12.0    │ 2.75    │ 7.0     │ 2     │
│ 51  │ 12.0    │ 2.75    │ 7.0     │ 2     │
│ 52  │ 12.0    │ 2.75    │ 7.0     │ 2     │
│ 53  │ 12.0    │ 2.75    │ 7.0     │ 2     │
│ 54  │ 12.0    │ 2.75    │ 7.0     │ 2     │
│ 55  │ 12.0    │ 2.75    │ 7.0     │ 2     │
│ 56  │ 12.0    │ 2.75    │ 7.0     │ 2     │
│ 57  │ 12.0    │ 2.75    │ 7.0     │ 2     │
│ 58  │ 12.0    │ 2.75    │ 7.0     │ 2     │
│ 59  │ 12.0    │ 2.75    │ 7.0     │ 2     │
│ 60  │ 12.0    │ 2.75    │ 7.0     │ 2     │
│ 61  │ 12.0    │ 2.75    │ 7.0     │ 2     │
│ 62  │ 12.0    │ 2.75    │ 7.0     │ 2     │
│ 63  │ 12.0    │ 2.75    │ 7.0     │ 2     │
│ 64  │ 12.0    │ 2.75    │ 7.0     │ 2     │
│ 65  │ 12.0    │ 2.75    │ 7.0     │ 2     │
│ 66  │ 12.0    │ 2.75    │ 7.0     │ 2     │
│ 67  │ 12.0    │ 2.75    │ 7.0     │ 2     │
│ 68  │ 12.0    │ 2.75    │ 7.0     │ 2     │
│ 69  │ 12.0    │ 2.75    │ 7.0     │ 2     │
│ 70  │ 12.0    │ 2.75    │ 7.0     │ 2     │
│ 71  │ 12.0    │ 2.75    │ 7.0     │ 2     │
│ 72  │ 12.0    │ 2.75    │ 7.0     │ 2     │
│ 73  │ 12.0    │ 2.75    │ 7.0     │ 2     │
│ 74  │ 12.0    │ 2.75    │ 7.0     │ 2     │
│ 75  │ 12.0    │ 2.75    │ 7.0     │ 2     │
│ 76  │ 12.0    │ 2.75    │ 7.0     │ 3     │
│ 77  │ 12.0    │ 2.75    │ 7.0     │ 3     │
│ 78  │ 12.0    │ 2.75    │ 7.0     │ 3     │
│ 79  │ 12.0    │ 2.75    │ 7.0     │ 3     │
│ 80  │ 12.0    │ 2.75    │ 7.0     │ 3     │
│ 81  │ 12.0    │ 2.75    │ 7.0     │ 3     │
│ 82  │ 12.0    │ 2.75    │ 7.0     │ 3     │
│ 83  │ 12.0    │ 2.75    │ 7.0     │ 3     │
│ 84  │ 12.0    │ 2.75    │ 7.0     │ 3     │
│ 85  │ 12.0    │ 2.75    │ 7.0     │ 3     │
│ 86  │ 12.0    │ 2.75    │ 7.0     │ 3     │
│ 87  │ 12.0    │ 2.75    │ 7.0     │ 3     │
│ 88  │ 12.0    │ 2.75    │ 7.0     │ 3     │
│ 89  │ 12.0    │ 2.75    │ 7.0     │ 3     │
│ 90  │ 12.0    │ 2.75    │ 7.0     │ 3     │
│ 91  │ 12.0    │ 2.75    │ 7.0     │ 3     │
│ 92  │ 12.0    │ 2.75    │ 7.0     │ 3     │
│ 93  │ 12.0    │ 2.75    │ 7.0     │ 3     │
│ 94  │ 12.0    │ 2.75    │ 7.0     │ 3     │
│ 95  │ 12.0    │ 2.75    │ 7.0     │ 3     │
│ 96  │ 12.0    │ 2.75    │ 7.0     │ 3     │
│ 97  │ 12.0    │ 2.75    │ 7.0     │ 3     │
│ 98  │ 12.0    │ 2.75    │ 7.0     │ 3     │
│ 99  │ 12.0    │ 2.75    │ 7.0     │ 3     │
│ 100 │ 12.0    │ 2.75    │ 7.0     │ 3     │
│ 101 │ 12.0    │ 2.75    │ 7.0     │ 3     │
│ 102 │ 12.0    │ 2.75    │ 7.0     │ 3     │
│ 103 │ 12.0    │ 2.75    │ 7.0     │ 3     │
│ 104 │ 12.0    │ 2.75    │ 7.0     │ 3     │
│ 105 │ 12.0    │ 2.75    │ 7.0     │ 3     │
│ 106 │ 12.0    │ 2.75    │ 7.0     │ 3     │
│ 107 │ 12.0    │ 2.75    │ 7.0     │ 3     │
│ 108 │ 12.0    │ 2.75    │ 7.0     │ 3     │
│ 109 │ 12.0    │ 2.75    │ 7.0     │ 3     │
│ 110 │ 12.0    │ 2.75    │ 7.0     │ 3     │
│ 111 │ 12.0    │ 2.75    │ 7.0     │ 3     │
│ 112 │ 12.0    │ 2.75    │ 7.0     │ 3     │
│ 113 │ 12.0    │ 2.75    │ 7.0     │ 3     │
│ 114 │ 12.0    │ 2.75    │ 7.0     │ 3     │
│ 115 │ 12.0    │ 2.75    │ 7.0     │ 3     │
│ 116 │ 12.0    │ 2.75    │ 7.0     │ 3     │
│ 117 │ 12.0    │ 2.75    │ 7.0     │ 3     │
│ 118 │ 12.0    │ 2.75    │ 7.0     │ 3     │
│ 119 │ 12.0    │ 2.75    │ 7.0     │ 3     │
│ 120 │ 12.0    │ 2.75    │ 7.0     │ 3     │
│ 121 │ 12.0    │ 2.75    │ 7.0     │ 3     │
│ 122 │ 12.0    │ 2.75    │ 7.0     │ 3     │
│ 123 │ 12.0    │ 2.75    │ 7.0     │ 3     │
│ 124 │ 12.0    │ 2.75    │ 7.0     │ 3     │
│ 125 │ 12.0    │ 2.75    │ 7.0     │ 3     │
│ 126 │ 12.0    │ 2.75    │ 7.0     │ 3     │
│ 127 │ 12.0    │ 2.75    │ 7.0     │ 3     │
│ 128 │ 12.0    │ 2.75    │ 7.0     │ 3     │
│ 129 │ 12.0    │ 2.75    │ 7.0     │ 3     │
│ 130 │ 12.0    │ 2.75    │ 7.0     │ 3     │
│ 131 │ 12.0    │ 2.75    │ 7.0     │ 3     │
│ 132 │ 12.0    │ 2.75    │ 7.0     │ 3     │
│ 133 │ 12.0    │ 2.75    │ 7.0     │ 3     │
│ 134 │ 12.0    │ 2.75    │ 7.0     │ 3     │
│ 135 │ 12.0    │ 2.75    │ 7.0     │ 3     │
│ 136 │ 12.0    │ 2.75    │ 7.0     │ 3     │
│ 137 │ 12.0    │ 2.75    │ 7.0     │ 3     │
│ 138 │ 12.0    │ 2.75    │ 7.0     │ 3     │
│ 139 │ 12.0    │ 2.75    │ 7.0     │ 3     │
│ 140 │ 12.0    │ 2.75    │ 7.0     │ 3     │
│ 141 │ 12.0    │ 2.75    │ 7.0     │ 3     │
│ 142 │ 12.0    │ 2.75    │ 7.0     │ 3     │
│ 143 │ 12.0    │ 2.75    │ 7.0     │ 3     │
│ 144 │ 12.0    │ 2.75    │ 7.0     │ 3     │
│ 145 │ 12.0    │ 2.75    │ 7.0     │ 3     │
│ 146 │ 12.0    │ 2.75    │ 7.0     │ 3     │
│ 147 │ 12.0    │ 2.75    │ 7.0     │ 3     │
│ 148 │ 12.0    │ 2.75    │ 7.0     │ 3     │
│ 149 │ 12.0    │ 2.75    │ 7.0     │ 3     │
│ 150 │ 12.0    │ 2.75    │ 7.0     │ 3     │
│ 151 │ 12.0    │ 2.75    │ 7.0     │ 3     │
│ 152 │ 12.0    │ 2.75    │ 7.0     │ 3     │
│ 153 │ 12.0    │ 2.75    │ 7.0     │ 3     │
│ 154 │ 12.0    │ 2.75    │ 7.0     │ 3     │
│ 155 │ 12.0    │ 2.75    │ 7.0     │ 3     │
│ 156 │ 12.0    │ 2.75    │ 7.0     │ 3     │
│ 157 │ 12.0    │ 2.75    │ 7.0     │ 3     │
│ 158 │ 12.0    │ 2.75    │ 7.0     │ 3     │
│ 159 │ 12.0    │ 2.75    │ 7.0     │ 3     │
│ 160 │ 12.0    │ 2.75    │ 7.0     │ 3     │
│ 161 │ 12.0    │ 2.75    │ 7.0     │ 3     │
│ 162 │ 12.0    │ 2.75    │ 7.0     │ 3     │
│ 163 │ 12.0    │ 2.75    │ 7.0     │ 3     │
│ 164 │ 12.0    │ 2.75    │ 7.0     │ 3     │
│ 165 │ 12.0    │ 2.75    │ 7.0     │ 3     │
│ 166 │ 12.0    │ 2.75    │ 7.0     │ 4     │
│ 167 │ 12.0    │ 2.75    │ 7.0     │ 4     │
│ 168 │ 12.0    │ 2.75    │ 7.0     │ 4     │
│ 169 │ 12.0    │ 2.75    │ 7.0     │ 4     │
│ 170 │ 12.0    │ 2.75    │ 7.0     │ 4     │
│ 171 │ 12.0    │ 2.75    │ 7.0     │ 4     │
│ 172 │ 12.0    │ 2.75    │ 7.0     │ 4     │
│ 173 │ 12.0    │ 2.75    │ 7.0     │ 4     │
│ 174 │ 12.0    │ 2.75    │ 7.0     │ 4     │
│ 175 │ 12.0    │ 2.75    │ 7.0     │ 4     │
│ 176 │ 12.0    │ 2.75    │ 7.0     │ 4     │
│ 177 │ 12.0    │ 2.75    │ 7.0     │ 4     │
│ 178 │ 12.0    │ 2.75    │ 7.0     │ 4     │
│ 179 │ 12.0    │ 2.75    │ 7.0     │ 4     │
│ 180 │ 12.0    │ 2.75    │ 7.0     │ 4     │
│ 181 │ 12.0    │ 2.75    │ 7.0     │ 4     │
│ 182 │ 12.0    │ 2.75    │ 7.0     │ 4     │
│ 183 │ 12.0    │ 2.75    │ 7.0     │ 4     │
│ 184 │ 12.0    │ 2.75    │ 7.0     │ 4     │
│ 185 │ 12.0    │ 2.75    │ 7.0     │ 4     │
│ 186 │ 12.0    │ 2.75    │ 7.0     │ 4     │
│ 187 │ 12.0    │ 2.75    │ 7.0     │ 4     │
│ 188 │ 12.0    │ 2.75    │ 7.0     │ 4     │
│ 189 │ 12.0    │ 2.75    │ 7.0     │ 4     │
│ 190 │ 12.0    │ 2.75    │ 7.0     │ 4     │
│ 191 │ 12.0    │ 2.75    │ 7.0     │ 4     │
│ 192 │ 12.0    │ 2.75    │ 7.0     │ 4     │
│ 193 │ 12.0    │ 2.75    │ 7.0     │ 4     │
│ 194 │ 12.0    │ 2.75    │ 7.0     │ 4     │
│ 195 │ 12.0    │ 2.75    │ 7.0     │ 4     │
│ 196 │ 12.0    │ 2.75    │ 7.0     │ 4     │
│ 197 │ 12.0    │ 2.75    │ 7.0     │ 4     │
│ 198 │ 12.0    │ 2.75    │ 7.0     │ 4     │
│ 199 │ 12.0    │ 2.75    │ 7.0     │ 4     │
│ 200 │ 12.0    │ 2.75    │ 7.0     │ 4     │
│ 201 │ 12.0    │ 2.75    │ 7.0     │ 4     │
│ 202 │ 12.0    │ 2.75    │ 7.0     │ 4     │
│ 203 │ 12.0    │ 2.75    │ 7.0     │ 4     │
│ 204 │ 12.0    │ 2.75    │ 7.0     │ 4     │
│ 205 │ 12.0    │ 2.75    │ 7.0     │ 4     │
│ 206 │ 12.0    │ 2.75    │ 7.0     │ 4     │
│ 207 │ 12.0    │ 2.75    │ 7.0     │ 4     │
│ 208 │ 12.0    │ 2.75    │ 7.0     │ 4     │
│ 209 │ 12.0    │ 2.75    │ 7.0     │ 4     │
│ 210 │ 12.0    │ 2.75    │ 7.0     │ 4     │
│ 211 │ 12.0    │ 2.75    │ 7.0     │ 4     │
│ 212 │ 12.0    │ 2.75    │ 7.0     │ 4     │
│ 213 │ 12.0    │ 2.75    │ 7.0     │ 4     │
│ 214 │ 12.0    │ 2.75    │ 7.0     │ 4     │
│ 215 │ 12.0    │ 2.75    │ 7.0     │ 4     │
│ 216 │ 12.0    │ 2.75    │ 7.0     │ 4     │
│ 217 │ 12.0    │ 2.75    │ 7.0     │ 4     │
│ 218 │ 12.0    │ 2.75    │ 7.0     │ 4     │
│ 219 │ 12.0    │ 2.75    │ 7.0     │ 4     │
│ 220 │ 12.0    │ 2.75    │ 7.0     │ 4     │
│ 221 │ 12.0    │ 2.75    │ 7.0     │ 4     │
│ 222 │ 12.0    │ 2.75    │ 7.0     │ 4     │
│ 223 │ 12.0    │ 2.75    │ 7.0     │ 4     │
│ 224 │ 12.0    │ 2.75    │ 7.0     │ 4     │
│ 225 │ 12.0    │ 2.75    │ 7.0     │ 4     │
│ 226 │ 12.0    │ 2.75    │ 7.0     │ 4     │
│ 227 │ 12.0    │ 2.75    │ 7.0     │ 4     │
│ 228 │ 12.0    │ 2.75    │ 7.0     │ 4     │
│ 229 │ 12.0    │ 2.75    │ 7.0     │ 4     │
│ 230 │ 12.0    │ 2.75    │ 7.0     │ 4     │
│ 231 │ 12.0    │ 2.75    │ 7.0     │ 4     │
│ 232 │ 12.0    │ 2.75    │ 7.0     │ 4     │
│ 233 │ 12.0    │ 2.75    │ 7.0     │ 4     │
│ 234 │ 12.0    │ 2.75    │ 7.0     │ 4     │
│ 235 │ 12.0    │ 2.75    │ 7.0     │ 4     │
│ 236 │ 12.0    │ 2.75    │ 7.0     │ 4     │
│ 237 │ 12.0    │ 2.75    │ 7.0     │ 4     │
│ 238 │ 12.0    │ 2.75    │ 7.0     │ 4     │
│ 239 │ 12.0    │ 2.75    │ 7.0     │ 4     │
│ 240 │ 12.0    │ 2.75    │ 7.0     │ 4     │
│ 241 │ 12.0    │ 2.75    │ 7.0     │ 4     │
│ 242 │ 12.0    │ 2.75    │ 7.0     │ 4     │
│ 243 │ 12.0    │ 2.75    │ 7.0     │ 4     │
│ 244 │ 12.0    │ 2.75    │ 7.0     │ 4     │
│ 245 │ 12.0    │ 2.75    │ 7.0     │ 4     │
│ 246 │ 12.0    │ 2.75    │ 7.0     │ 4     │
│ 247 │ 12.0    │ 2.75    │ 7.0     │ 4     │
│ 248 │ 12.0    │ 2.75    │ 7.0     │ 4     │
│ 249 │ 12.0    │ 2.75    │ 7.0     │ 4     │
│ 250 │ 12.0    │ 2.75    │ 7.0     │ 4     │
│ 251 │ 12.0    │ 2.75    │ 7.0     │ 4     │
│ 252 │ 12.0    │ 2.75    │ 7.0     │ 4     │
│ 253 │ 12.0    │ 2.75    │ 7.0     │ 4     │
│ 254 │ 12.0    │ 2.75    │ 7.0     │ 4     │
│ 255 │ 12.0    │ 2.75    │ 7.0     │ 4     │
│ 256 │ 12.0    │ 2.75    │ 7.0     │ 4     │
│ 257 │ 12.0    │ 2.75    │ 7.0     │ 4     │
│ 258 │ 12.0    │ 2.75    │ 7.0     │ 4     │
│ 259 │ 12.0    │ 2.75    │ 7.0     │ 4     │
│ 260 │ 12.0    │ 2.75    │ 7.0     │ 4     │
│ 261 │ 12.0    │ 2.75    │ 7.0     │ 4     │
│ 262 │ 12.0    │ 2.75    │ 7.0     │ 4     │
│ 263 │ 12.0    │ 2.75    │ 7.0     │ 4     │
│ 264 │ 12.0    │ 2.75    │ 7.0     │ 4     │
│ 265 │ 12.0    │ 2.75    │ 7.0     │ 4     │


Test Summary: | Pass  Total
BHAPtfem.jl   |    5      5
   Testing BHAPtfem tests passed 
