 package versions...
 Installed Missings ──────────────────── v0.4.3
 Installed PooledArrays ──────────────── v0.5.2
 Installed Reexport ──────────────────── v0.2.0
 Installed InvertedIndices ───────────── v1.0.0
 Installed DataValueInterfaces ───────── v1.0.0
 Installed OrderedCollections ────────── v1.1.0
 Installed CategoricalArrays ─────────── v0.7.3
 Installed DataFrames ────────────────── v0.19.4
 Installed SortingAlgorithms ─────────── v0.3.1
 Installed IteratorInterfaceExtensions ─ v1.0.0
 Installed DataAPI ───────────────────── v1.1.0
 Installed Parsers ───────────────────── v0.3.10
 Installed JSON ──────────────────────── v0.21.0
 Installed Tables ────────────────────── v0.2.11
 Installed TableTraits ───────────────── v1.0.0
 Installed DataStructures ────────────── v0.17.6
 Installed Compat ────────────────────── v2.2.0
  Updating `~/.julia/environments/v1.0/Project.toml`
  [a93c6f00] + DataFrames v0.19.4
  Updating `~/.julia/environments/v1.0/Manifest.toml`
  [324d7699] + CategoricalArrays v0.7.3
  [34da2185] + Compat v2.2.0
  [9a962f9c] + DataAPI v1.1.0
  [a93c6f00] + DataFrames v0.19.4
  [864edb3b] + DataStructures v0.17.6
  [e2d170a0] + DataValueInterfaces v1.0.0
  [41ab1584] + InvertedIndices v1.0.0
  [82899510] + IteratorInterfaceExtensions v1.0.0
  [682c06a0] + JSON v0.21.0
  [e1d29d7a] + Missings v0.4.3
  [bac558e1] + OrderedCollections v1.1.0
  [69de0a69] + Parsers v0.3.10
  [2dfb63ee] + PooledArrays v0.5.2
  [189a3867] + Reexport v0.2.0
  [a2af1166] + SortingAlgorithms v0.3.1
  [3783bdb8] + TableTraits v1.0.0
  [bd369af6] + Tables v0.2.11
  [2a0f44e3] + Base64 
  [ade2ca70] + Dates 
  [8bb1440f] + DelimitedFiles 
  [8ba89e20] + Distributed 
  [9fa8497b] + Future 
  [b77e0a4c] + InteractiveUtils 
  [76f85450] + LibGit2 
  [8f399da3] + Libdl 
  [37e2e46d] + LinearAlgebra 
  [56ddb016] + Logging 
  [d6f4376e] + Markdown 
  [a63ad114] + Mmap 
  [44cfe95a] + Pkg 
  [de0858da] + Printf 
  [3fa0cd96] + REPL 
  [9a3f8284] + Random 
  [ea8e919c] + SHA 
  [9e88b42a] + Serialization 
  [1a1011a3] + SharedArrays 
  [6462fe0b] + Sockets 
  [2f01184e] + SparseArrays 
  [10745b16] + Statistics 
  [8dfed614] + Test 
  [cf7118a7] + UUIDs 
  [4ec0a83e] + Unicode 
   Testing DataFrames
 Resolving package versions...
 Installed LaTeXStrings ─ v1.0.3
 Installed DataValues ─── v0.4.12
    Status `/tmp/tmpEUU2Qg/Manifest.toml`
  [324d7699] CategoricalArrays v0.7.3
  [34da2185] Compat v2.2.0
  [9a962f9c] DataAPI v1.1.0
  [a93c6f00] DataFrames v0.19.4
  [864edb3b] DataStructures v0.17.6
  [e2d170a0] DataValueInterfaces v1.0.0
  [e7dc6d0d] DataValues v0.4.12
  [41ab1584] InvertedIndices v1.0.0
  [82899510] IteratorInterfaceExtensions v1.0.0
  [682c06a0] JSON v0.21.0
  [b964fa9f] LaTeXStrings v1.0.3
  [e1d29d7a] Missings v0.4.3
  [bac558e1] OrderedCollections v1.1.0
  [69de0a69] Parsers v0.3.10
  [2dfb63ee] PooledArrays v0.5.2
  [189a3867] Reexport v0.2.0
  [a2af1166] SortingAlgorithms v0.3.1
  [3783bdb8] TableTraits v1.0.0
  [bd369af6] Tables v0.2.11
  [2a0f44e3] Base64  [`@stdlib/Base64`]
  [ade2ca70] Dates  [`@stdlib/Dates`]
  [8bb1440f] DelimitedFiles  [`@stdlib/DelimitedFiles`]
  [8ba89e20] Distributed  [`@stdlib/Distributed`]
  [9fa8497b] Future  [`@stdlib/Future`]
  [b77e0a4c] InteractiveUtils  [`@stdlib/InteractiveUtils`]
  [76f85450] LibGit2  [`@stdlib/LibGit2`]
  [8f399da3] Libdl  [`@stdlib/Libdl`]
  [37e2e46d] LinearAlgebra  [`@stdlib/LinearAlgebra`]
  [56ddb016] Logging  [`@stdlib/Logging`]
  [d6f4376e] Markdown  [`@stdlib/Markdown`]
  [a63ad114] Mmap  [`@stdlib/Mmap`]
  [44cfe95a] Pkg  [`@stdlib/Pkg`]
  [de0858da] Printf  [`@stdlib/Printf`]
  [3fa0cd96] REPL  [`@stdlib/REPL`]
  [9a3f8284] Random  [`@stdlib/Random`]
  [ea8e919c] SHA  [`@stdlib/SHA`]
  [9e88b42a] Serialization  [`@stdlib/Serialization`]
  [1a1011a3] SharedArrays  [`@stdlib/SharedArrays`]
  [6462fe0b] Sockets  [`@stdlib/Sockets`]
  [2f01184e] SparseArrays  [`@stdlib/SparseArrays`]
  [10745b16] Statistics  [`@stdlib/Statistics`]
  [8dfed614] Test  [`@stdlib/Test`]
  [cf7118a7] UUIDs  [`@stdlib/UUIDs`]
  [4ec0a83e] Unicode  [`@stdlib/Unicode`]
Running tests:
Test Summary: | Pass  Total
make_unique   |    3      3
Test Summary: | Pass  Total
count         |    2      2
Test Summary: | Pass  Total
inner_outer   |    2      2
	[1m[32mPASSED[0m: utils.jl
Test Summary: | Pass  Total
hcat          |   10     10
Test Summary: | Pass  Total
hcat: copying |   26     26
Test Summary:            | Pass  Total
hcat ::AbstractDataFrame |    2      2
Test Summary:            | Pass  Total
hcat ::AbstractDataFrame |    2      2
Test Summary:          | Pass  Total
hcat ::AbstractVectors |   11     11
Test Summary:  | Pass  Total
hcat: copycols |   76     76
Test Summary: | Pass  Total
vcat          |   21     21
Test Summary: | Pass  Total
vcat copy     |    2      2
Test Summary: | Pass  Total
vcat >2 args  |    4      4
Test Summary:       | Pass  Total
vcat mixed coltypes |   18     18
Test Summary:     | Pass  Total
vcat out of order |   20     20
Test Summary:         | Pass  Total
vcat with cols=:union |    6      6
Test Summary:             | Pass  Total
vcat with cols=:intersect |    6      6
Test Summary:          | Pass  Total
vcat with cols::Vector |   15     15
Test Summary: | Pass  Total
vcat errors   |   32     32
Test Summary:  | Pass  Total
vcat with view |    1      1
	[1m[32mPASSED[0m: cat.jl
Test Summary: | Pass  Total
constructors  |   57     57
Test Summary:                 | Pass  Total
completecases and dropmissing |  209    209
Test Summary: | Pass  Total
merge         |   17     17
	[1m[32mPASSED[0m: data.jl
Test Summary:     | Pass  Total
selector mutation |   12     12
Test Summary:                    | Pass  Total
fuzzy matching and ArgumentError |    8      8
Test Summary:  | Pass  Total
Regex indexing |   36     36
Test Summary: | Pass  Total
Not indexing  |   36     36
Test Summary:    | Pass  Total
Between indexing |   20     20
Test Summary: | Pass  Total
All indexing  |   25     25
	[1m[32mPASSED[0m: index.jl
Test Summary: | Pass  Total
equality      |    9      9
Test Summary: | Pass  Total
copying       |    6      6
Test Summary:      | Pass  Total
similar / missings |    2      2
Test Summary: | Pass  Total
hasproperty   |    5      5
Test Summary: | Pass  Total
insertcols!   |   24     24
Test Summary:          | Pass  Total
DataFrame constructors |   19     19
┌ Error: Error adding value to column :first.
└ @ DataFrames ~/.julia/packages/DataFrames/yH0f6/src/dataframe/dataframe.jl:1301
┌ Error: Error adding value to column :first.
└ @ DataFrames ~/.julia/packages/DataFrames/yH0f6/src/dataframe/dataframe.jl:1301
┌ Error: Error adding value to column :second.
└ @ DataFrames ~/.julia/packages/DataFrames/yH0f6/src/dataframe/dataframe.jl:1301
┌ Error: Error adding value to column :second.
└ @ DataFrames ~/.julia/packages/DataFrames/yH0f6/src/dataframe/dataframe.jl:1187
┌ Error: Error adding value to column :second.
└ @ DataFrames ~/.julia/packages/DataFrames/yH0f6/src/dataframe/dataframe.jl:1187
┌ Error: Error adding value to column :first.
└ @ DataFrames ~/.julia/packages/DataFrames/yH0f6/src/dataframe/dataframe.jl:1187
┌ Error: Error adding value to column :first.
└ @ DataFrames ~/.julia/packages/DataFrames/yH0f6/src/dataframe/dataframe.jl:1187
┌ Error: Error adding value to column :second.
└ @ DataFrames ~/.julia/packages/DataFrames/yH0f6/src/dataframe/dataframe.jl:1187
┌ Error: Error adding value to column :y.
└ @ DataFrames ~/.julia/packages/DataFrames/yH0f6/src/dataframe/dataframe.jl:1187
┌ Error: Error adding value to column :a.
└ @ DataFrames ~/.julia/packages/DataFrames/yH0f6/src/dataframe/dataframe.jl:1301
┌ Error: Error adding value to column :a.
└ @ DataFrames ~/.julia/packages/DataFrames/yH0f6/src/dataframe/dataframe.jl:1187
┌ Error: Error adding value to column :a.
└ @ DataFrames ~/.julia/packages/DataFrames/yH0f6/src/dataframe/dataframe.jl:1187
┌ Error: Error adding value to column :a.
└ @ DataFrames ~/.julia/packages/DataFrames/yH0f6/src/dataframe/dataframe.jl:1301
┌ Error: Error adding value to column :a.
└ @ DataFrames ~/.julia/packages/DataFrames/yH0f6/src/dataframe/dataframe.jl:1187
┌ Error: Error adding value to column :a.
└ @ DataFrames ~/.julia/packages/DataFrames/yH0f6/src/dataframe/dataframe.jl:1187
Test Summary:  | Pass  Total
push!(df, row) |   51     51
Test Summary: | Pass  Total
select! Not   |   13     13
Test Summary: | Pass  Total
select Not    |   64     64
Test Summary:   | Pass  Total
select Not view |   76     76
Test Summary: | Pass  Total
select!       |   35     35
Test Summary: | Pass  Total
select        |   66     66
Test Summary: | Pass  Total
select view   |   78     78
Test Summary: | Pass  Total
deleterows!   |   40     40
Test Summary: | Pass  Total
describe      |    6      6
┌ Error: Error adding value to column B.
└ @ DataFrames ~/.julia/packages/DataFrames/yH0f6/src/dataframe/dataframe.jl:1144
┌ Error: Error adding value to column B.
└ @ DataFrames ~/.julia/packages/DataFrames/yH0f6/src/dataframe/dataframe.jl:1144
┌ Error: Error adding value to column a.
└ @ DataFrames ~/.julia/packages/DataFrames/yH0f6/src/dataframe/dataframe.jl:1144
┌ Error: Error adding value to column a.
└ @ DataFrames ~/.julia/packages/DataFrames/yH0f6/src/dataframe/dataframe.jl:1144
Test Summary: | Pass  Total
append!       |   18     18
Test Summary:     | Pass  Total
test categorical! |   14     14
Test Summary: | Pass  Total
categorical!  |   11     11
Test Summary: | Pass  Total
rename        |   20     20
Test Summary: | Pass  Total
size          |    5      5
Test Summary: | Pass  Total
description   |    8      8
Test Summary:      | Pass  Total
column conversions |   69     69
Test Summary:        | Pass  Total
test disallowmissing |  314    314
Test Summary:     | Pass  Total
test allowmissing |  312    312
Test Summary:    | Pass  Total
test categorical |  432    432
Test Summary: | Pass  Total
similar       |    8      8
Test Summary:                | Pass  Total
passing range to a DataFrame |    1      1
Test Summary:                | Pass  Total
test getindex using ! syntax |   15     15
Test Summary:                | Pass  Total
test corner case of getindex |    2      2
Test Summary:             | Pass  Total
empty data frame getindex |    9      9
Test Summary:               | Pass  Total
handling of end in indexing |   22     22
Test Summary:        | Pass  Total
aliasing in indexing |    5      5
Test Summary: | Pass  Total
permutecols!  |   21     21
Test Summary:                               | Pass  Total
getproperty, setproperty! and propertynames |   10     10
Test Summary:          | Pass  Total
duplicate column names |    1      1
Test Summary:         | Pass  Total
parent, size and axes |   11     11
Test Summary:                | Pass  Total
0-row DataFrame corner cases |    4      4
Test Summary:         |
And and Between tests | No tests
	[1m[32mPASSED[0m: dataframe.jl
Test Summary:         | Pass  Total
the output of unstack |   27     27
Test Summary:                               | Pass  Total
unstack promotion to support missing values |    8      8
┌ Warning: Duplicate entries in unstack at row 3 for key 1 and variable a.
└ @ DataFrames ~/.julia/packages/DataFrames/yH0f6/src/abstractdataframe/reshape.jl:251
┌ Warning: Duplicate entries in unstack at row 3 for key (1, 1) and variable a.
└ @ DataFrames ~/.julia/packages/DataFrames/yH0f6/src/abstractdataframe/reshape.jl:331
Test Summary:                         | Pass  Total
duplicate entries in unstack warnings |    9      9
┌ Warning: Missing value in variable variable at row 3. Skipping.
└ @ DataFrames ~/.julia/packages/DataFrames/yH0f6/src/abstractdataframe/reshape.jl:231
Test Summary:            | ┌ Warning: Missing value in variable variable at row 3. Skipping.
└ @ DataFrames ~/.julia/packages/DataFrames/yH0f6/src/abstractdataframe/reshape.jl:323
Pass  Total
missing values in colkey |    6      6
Test Summary:             | Pass  Total
stack-unstack correctness |    4      4
Test Summary: | Pass  Total
reshape       |   69     69
Test Summary:           | Pass  Total
column names duplicates |    5      5
	[1m[32mPASSED[0m: reshape.jl
Test Summary: | Pass  Total
constructors  |   28     28
Test Summary:          | Pass  Total
getindex and setindex! |   53     53
Test Summary: | Pass  Total
equality      |   17     17
Test Summary: | Pass  Total
isless        |   13     13
Test Summary: | Pass  Total
hashing       |    6      6
Test Summary: | Pass  Total
grouping      |    6      6
Test Summary:                               | Pass  Total
getproperty, setproperty! and propertynames |    6      6
Test Summary:                    | Pass  Total
keys, values and iteration, size |   31     31
Test Summary:    | Pass  Total
convert and copy |    6      6
Test Summary:            | Pass  Total
parent and parentindices |   34     34
Test Summary:         | Pass  Total
iteration and collect |   10     10
Test Summary:    | Pass  Total
duplicate column |   12     12
Test Summary:        | Pass  Total
conversion and push! |   15     15
Test Summary: | Pass  Total
show          |    7      7
	[1m[32mPASSED[0m: dataframerow.jl
Test Summary: | Pass  Total
LaTeX export  |    4      4
Test Summary:     | Pass  Total
Huge LaTeX export |    2      2
Test Summary: | Pass  Total
HTML output   |   11     11
Test Summary:   | Pass  Total
limit attribute |    2      2
Test Summary: | Pass  Total
printtable    |    1      1
Test Summary:  | Pass  Total
csv/tsv output |    6      6
Test Summary:                     | Pass  Total
empty data frame and DataFrameRow |   12     12
Test Summary: | Pass  Total
consistency   |    8      8
	[1m[32mPASSED[0m: io.jl
Test Summary: | Pass  Total
constructors  |   42     42
Test Summary:                          | Pass  Total
DataFrame keyword argument constructor |   22     22
Test Summary:         | Pass  Total
DataFrame constructor |   21     21
Test Summary:    | Pass  Total
pair constructor |   11     11
Test Summary: | Pass  Total
associative   |    9      9
Test Summary:       | Pass  Total
vector constructors |   58     58
Test Summary: | Pass  Total
recyclers     |    2      2
Test Summary:      | Pass  Total
constructor errors |   11     11
Test Summary: | Pass  Total
column types  |    3      3
Test Summary:      | Pass  Total
Matrix constructor |    4      4
Test Summary:          | Pass  Total
constructor with types |   19     19
	[1m[32mPASSED[0m: constructors.jl
Test Summary:    | Pass  Total
Conversion tests |   44     44
	[1m[32mPASSED[0m: conversions.jl
	[1m[32mPASSED[0m: sort.jl
Test Summary: | Pass  Total
parent        |    2      2
Test Summary: | Pass  Total
consistency   |    2      2
Test Summary:    | Pass  Total
accepted columns |    2      2
Test Summary:                                       | Pass  Total
by, groupby and map(::Function, ::GroupedDataFrame) |  915    915
Test Summary:          | Pass  Total
grouping with missings |  980    980
Test Summary:            | Pass  Total
grouping with three keys | 1426   1426
Test Summary:                           | Pass  Total
by, combine and map with pair interface |  374    374
Test Summary:                      | Pass  Total
combine with aggregation functions |  253    253
Test Summary:                      | Pass  Total
combine with aggregation functions |  253    253
Test Summary:                      | Pass  Total
combine with aggregation functions |  253    253
Test Summary:                      | Pass  Total
combine with aggregation functions |  253    253
Test Summary:      | Pass  Total
iteration protocol |    2      2
Test Summary: | Pass  Total
getindex      |   29     29
Test Summary:  | Pass  Total
== and isequal |   12     12
Test Summary: | Pass  Total
show          |   10     10
Test Summary: | Pass  Total
DataFrame     |   20     20
Test Summary:              | Pass  Total
groupindices and groupvars |    8      8
	[1m[32mPASSED[0m: grouping.jl
Test Summary: | Pass  Total
join types    |   20     20
Test Summary:       | Pass  Total
Test empty inputs 1 |   21     21
Test Summary:       | Pass  Total
Test empty inputs 2 |   21     21
Test Summary: | Pass  Total
issue #960    |    3      3
Test Summary: | Pass  Total
all joins     |   30     30
Test Summary:                    | Pass  Total
all joins with CategoricalArrays |   32     32
Test Summary:                                                     | Pass  Total
maintain CategoricalArray levels ordering on join - non-`on` cols |    6      6
Test Summary:                                                          | Pass  Total
maintain CategoricalArray levels ordering on join - ordering conflicts |   10     10
Test Summary:                                                           | Pass  Total
maintain CategoricalArray levels ordering on join - left is categorical |   12     12
Test Summary:                                   | Pass  Total
join on columns with different left/right names |   18     18
Test Summary:                  | Pass  Total
join with a column of type Any |   16     16
Test Summary:                                       | Pass  Total
joins with categorical columns and no matching rows |   24     24
Test Summary:     | Pass  Total
indicator columns |    4      4
Test Summary:                       | Pass  Total
test checks of merge key uniqueness |   18     18
Test Summary: | Pass  Total
consistency   |    3      3
	[1m[32mPASSED[0m: join.jl
Test Summary: | Pass  Total
SubDataFrame  |    7      7
Test Summary:   | Pass  Total
parent mutation |    4      4
Test Summary:                 | Pass  Total
getproperty and propertynames |   33     33
	[1m[32mPASSED[0m: iteration.jl
Test Summary: | Pass  Total
nonunique     |   18     18
	[1m[32mPASSED[0m: duplicates.jl
Test Summary:                            | Pass  Total
Basic show test with allrows and allcols |    9      9
Test Summary:    | Pass  Total
displaysize test |    4      4
Test Summary:             | Pass  Total
IOContext parameters test |    2      2
Test Summary:          | Pass  Total
SubDataFrame show test |    1      1
Test Summary:                                 | Pass  Total
Test showing StackedVector and RepeatedVector |    3      3
Test Summary:                                            | Pass  Total
Test colors and non-standard values: missing and nothing |    3      3
Test Summary:                  | Pass  Total
Test correct width computation |    1      1
Test Summary:                                                              | Pass  Total
Test showing special types: strings with escapes, categorical and BigFloat |    3      3
Test Summary:                              | Pass  Total
Test using :compact parameter of IOContext |    2      2
Test Summary:                              | Pass  Total
Test of DataFrameRows and DataFrameColumns |    6      6
Test Summary:                          | Pass  Total
Test empty data frame and DataFrameRow |    3      3
Test Summary: | Pass  Total
consistency   |    2      2
	[1m[32mPASSED[0m: show.jl
Test Summary:       | Pass  Total
copy - SubDataFrame |    5      5
Test Summary:     | Pass  Total
view -- DataFrame |   77     77
Test Summary:        | Pass  Total
view -- SubDataFrame |   62     62
Test Summary:                               | Pass  Total
getproperty, setproperty! and propertynames |    8      8
Test Summary: | Pass  Total
index         |   10     10
Test Summary: | Pass  Total
deleterows!   |    1      1
Test Summary: | Pass  Total
parent        |    6      6
Test Summary:    | Pass  Total
duplicate column |    6      6
Test Summary:           | Pass  Total
conversion to DataFrame |   12     12
	[1m[32mPASSED[0m: subdataframe.jl
Test Summary: | Pass  Total
Tables        |   45     45
Test Summary: | Pass  Total
DataFrame!    |    9      9
Test Summary: | Pass  Total
columnindex   |    4      4
	[1m[32mPASSED[0m: tables.jl
Test Summary: | Pass  Total
TableTraits   |   10     10
	[1m[32mPASSED[0m: tabletraits.jl
Test Summary:      | Pass  Total
getindex DataFrame |   89     89
Test Summary:       | Pass  Total
getindex df[!, col] |   13     13
Test Summary:  | Pass  Total
view DataFrame |  129    129
Test Summary:         | Pass  Total
getindex SubDataFrame |  133    133
Test Summary:     | Pass  Total
view SubDataFrame |  128    128
Test Summary:         | Pass  Total
getindex DataFrameRow |   16     16
Test Summary:     | Pass  Total
view DataFrameRow |   17     17
Test Summary:                             | Pass  Total
additional tests of post-! getindex rules |  179    179
┌ Warning: in the future column names in source and target will have to match
│   caller = macro expansion at indexing.jl:879 [inlined]
└ @ Core ~/.julia/packages/DataFrames/yH0f6/test/indexing.jl:879
┌ Warning: implicit vector broadcasting in setindex! is deprecated
│   caller = setindex!(::DataFrame, ::DataFrame, ::UnitRange{Int64}, ::UnitRange{Int64}) at deprecated.jl:1603
└ @ DataFrames ~/.julia/packages/DataFrames/yH0f6/src/deprecated.jl:1603
Test Summary:          | Pass  Total
setindex! on DataFrame |   43     43
┌ Warning: in the future column names in source and target will have to match
│   caller = setindex!(::SubDataFrame{DataFrame,DataFrames.Index,Base.OneTo{Int64}}, ::DataFrame, ::UnitRange{Int64}, ::UnitRange{Int64}) at subdataframe.jl:152
└ @ DataFrames ~/.julia/packages/DataFrames/yH0f6/src/subdataframe/subdataframe.jl:152
┌ Warning: in the future column names in source and target will have to match
│   caller = setindex!(::SubDataFrame{DataFrame,DataFrames.SubIndex{DataFrames.Index,UnitRange{Int64},UnitRange{Int64}},Base.OneTo{Int64}}, ::DataFrame, ::UnitRange{Int64}, ::UnitRange{Int64}) at subdataframe.jl:152
└ @ DataFrames ~/.julia/packages/DataFrames/yH0f6/src/subdataframe/subdataframe.jl:152
┌ Warning: in the future column names in source and target will have to match
│   caller = setindex!(::SubDataFrame{DataFrame,DataFrames.Index,UnitRange{Int64}}, ::DataFrame, ::UnitRange{Int64}, ::UnitRange{Int64}) at subdataframe.jl:152
└ @ DataFrames ~/.julia/packages/DataFrames/yH0f6/src/subdataframe/subdataframe.jl:152
┌ Warning: in the future column names in source and target will have to match
│   caller = setindex!(::SubDataFrame{DataFrame,DataFrames.SubIndex{DataFrames.Index,UnitRange{Int64},UnitRange{Int64}},UnitRange{Int64}}, ::DataFrame, ::UnitRange{Int64}, ::UnitRange{Int64}) at subdataframe.jl:152
└ @ DataFrames ~/.julia/packages/DataFrames/yH0f6/src/subdataframe/subdataframe.jl:152
Test Summary:             | Pass  Total
setindex! on SubDataFrame |  124    124
Test Summary:             | Pass  Total
setindex! on DataFrameRow |   28     28
	[1m[32mPASSED[0m: indexing.jl
Test Summary:  | Pass  Total
CartesianIndex |   24     24
Test Summary:                             | Pass  Total
broadcasting of AbstractDataFrame objects |   28     28
Test Summary:                                    | Pass  Total
broadcasting of AbstractDataFrame objects errors |   10     10
Test Summary:          | Pass  Total
broadcasting expansion |    5      5
Test Summary:                                          | Pass  Total
broadcasting of AbstractDataFrame objects corner cases |   34     34
Test Summary:                                                               | Pass  Total
normal data frame and data frame row in broadcasted assignment - one column |   79     79
Test Summary:                                                                 | Pass  Total
normal data frame and data frame view in broadcasted assignment - two columns |   72     72
Test Summary:                                       | Pass  Total
assignment to a whole data frame and data frame row |    8      8
Test Summary:                                               | Pass  Total
extending data frame in broadcasted assignment - one column |   20     20
Test Summary:                | Pass  Total
empty data frame corner case |   99     99
test categorical values: Test Failed at /root/.julia/packages/DataFrames/yH0f6/test/broadcasting.jl:720
  Expression: length(levels(df.c5)) == 1
   Evaluated: 3 == 1
Stacktrace:
 [1] macro expansion at /root/.julia/packages/DataFrames/yH0f6/test/broadcasting.jl:720 [inlined]
 [2] macro expansion at /buildworker/worker/package_linux64/build/usr/share/julia/stdlib/v1.0/Test/src/Test.jl:1083 [inlined]
 [3] top-level scope at /root/.julia/packages/DataFrames/yH0f6/test/broadcasting.jl:690
test categorical values: Test Failed at /root/.julia/packages/DataFrames/yH0f6/test/broadcasting.jl:720
  Expression: length(levels(df.c5)) == 1
   Evaluated: 2 == 1
Stacktrace:
 [1] macro expansion at /root/.julia/packages/DataFrames/yH0f6/test/broadcasting.jl:720 [inlined]
 [2] macro expansion at /buildworker/worker/package_linux64/build/usr/share/julia/stdlib/v1.0/Test/src/Test.jl:1083 [inlined]
 [3] top-level scope at /root/.julia/packages/DataFrames/yH0f6/test/broadcasting.jl:690
test categorical values: Test Failed at /root/.julia/packages/DataFrames/yH0f6/test/broadcasting.jl:720
  Expression: length(levels(df.c5)) == 1
   Evaluated: 2 == 1
Stacktrace:
 [1] macro expansion at /root/.julia/packages/DataFrames/yH0f6/test/broadcasting.jl:720 [inlined]
 [2] macro expansion at /buildworker/worker/package_linux64/build/usr/share/julia/stdlib/v1.0/Test/src/Test.jl:1083 [inlined]
 [3] top-level scope at /root/.julia/packages/DataFrames/yH0f6/test/broadcasting.jl:690
test categorical values: Test Failed at /root/.julia/packages/DataFrames/yH0f6/test/broadcasting.jl:720
  Expression: length(levels(df.c5)) == 1
   Evaluated: 3 == 1
Stacktrace:
 [1] macro expansion at /root/.julia/packages/DataFrames/yH0f6/test/broadcasting.jl:720 [inlined]
 [2] macro expansion at /buildworker/worker/package_linux64/build/usr/share/julia/stdlib/v1.0/Test/src/Test.jl:1083 [inlined]
 [3] top-level scope at /root/.julia/packages/DataFrames/yH0f6/test/broadcasting.jl:690
test categorical values: Test Failed at /root/.julia/packages/DataFrames/yH0f6/test/broadcasting.jl:720
  Expression: length(levels(df.c5)) == 1
   Evaluated: 2 == 1
Stacktrace:
 [1] macro expansion at /root/.julia/packages/DataFrames/yH0f6/test/broadcasting.jl:720 [inlined]
 [2] macro expansion at /buildworker/worker/package_linux64/build/usr/share/julia/stdlib/v1.0/Test/src/Test.jl:1083 [inlined]
 [3] top-level scope at /root/.julia/packages/DataFrames/yH0f6/test/broadcasting.jl:690
test categorical values: Test Failed at /root/.julia/packages/DataFrames/yH0f6/test/broadcasting.jl:720
  Expression: length(levels(df.c5)) == 1
   Evaluated: 2 == 1
Stacktrace:
 [1] macro expansion at /root/.julia/packages/DataFrames/yH0f6/test/broadcasting.jl:720 [inlined]
 [2] macro expansion at /buildworker/worker/package_linux64/build/usr/share/julia/stdlib/v1.0/Test/src/Test.jl:1083 [inlined]
 [3] top-level scope at /root/.julia/packages/DataFrames/yH0f6/test/broadcasting.jl:690
Test Summary:           | Pass  Fail  Total
test categorical values |  120     6    126
	[1m[31mFAILED[0m: broadcasting.jl
LoadError: Some tests did not pass: 120 passed, 6 failed, 0 errored, 0 broken.
in expression starting at /root/.julia/packages/DataFrames/yH0f6/test/broadcasting.jl:689
┌ Warning: sort(df, cols=cols) is deprecated, use sort(df, cols) instead
│   caller = ip:0x0
└ @ Core :-1
┌ Warning: sort!(df, cols=cols) is deprecated, use sort!(df, cols) instead
│   caller = ip:0x0
└ @ Core :-1
Test Summary: | Pass  Total
identifier    |    6      6
┌ Warning: Unable to validate reserved words against parser. 
│   Expected if Julia was not built from source. = "Expected if Julia was not built from source."
└ @ Main.TestDeprecated ~/.julia/packages/DataFrames/yH0f6/test/deprecated.jl:48
Test Summary:  |
reserved words | No tests
┌ Warning: combine(gd) is deprecated, use DataFrame(gd) instead
│   caller = top-level scope at none:0
└ @ Core none:0
┌ Warning: `DataFrame` constructor with `categorical` positional argument is deprecated. Instead use `DataFrame(columns, names)` constructor.
│   caller = macro expansion at deprecated.jl:60 [inlined]
└ @ Core ~/.julia/packages/DataFrames/yH0f6/test/deprecated.jl:60
┌ Warning: `getindex(df::DataFrame, col_ind::ColumnIndex)` is deprecated, use `df[!, col_ind]` instead.
│   caller = macro expansion at deprecated.jl:61 [inlined]
└ @ Core ~/.julia/packages/DataFrames/yH0f6/test/deprecated.jl:61
┌ Warning: `getindex(df::DataFrame, col_ind::ColumnIndex)` is deprecated, use `df[!, col_ind]` instead.
│   caller = macro expansion at deprecated.jl:62 [inlined]
└ @ Core ~/.julia/packages/DataFrames/yH0f6/test/deprecated.jl:62
┌ Warning: `DataFrame` constructor with `categorical` positional argument is deprecated. Instead use `DataFrame(columns, names)` constructor.
│   caller = macro expansion at deprecated.jl:63 [inlined]
└ @ Core ~/.julia/packages/DataFrames/yH0f6/test/deprecated.jl:63
Test Summary:           | Pass  Total
categorical constructor |    3      3
┌ Warning: `DataFrame(t::Type, nrows::Integer, ncols::Integer)` is deprecated, use `DataFrame([Vector{t}(undef, nrows) for i = 1:ncols])` instead.
│   caller = macro expansion at deprecated.jl:67 [inlined]
└ @ Core ~/.julia/packages/DataFrames/yH0f6/test/deprecated.jl:67
┌ Warning: `getindex(df::DataFrame, col_ind::ColumnIndex)` is deprecated, use `df[!, col_ind]` instead.
│   caller = macro expansion at deprecated.jl:70 [inlined]
└ @ Core ~/.julia/packages/DataFrames/yH0f6/test/deprecated.jl:70
┌ Warning: `getindex(df::DataFrame, col_ind::ColumnIndex)` is deprecated, use `df[!, col_ind]` instead.
│   caller = macro expansion at deprecated.jl:71 [inlined]
└ @ Core ~/.julia/packages/DataFrames/yH0f6/test/deprecated.jl:71
┌ Warning: `getindex(df::DataFrame, col_ind::ColumnIndex)` is deprecated, use `df[!, col_ind]` instead.
│   caller = macro expansion at deprecated.jl:72 [inlined]
└ @ Core ~/.julia/packages/DataFrames/yH0f6/test/deprecated.jl:72
┌ Warning: `getindex(df::DataFrame, col_ind::ColumnIndex)` is deprecated, use `df[!, col_ind]` instead.
│   caller = macro expansion at deprecated.jl:73 [inlined]
└ @ Core ~/.julia/packages/DataFrames/yH0f6/test/deprecated.jl:73
┌ Warning: `getindex(df::DataFrame, col_ind::ColumnIndex)` is deprecated, use `df[!, col_ind]` instead.
│   caller = macro expansion at deprecated.jl:74 [inlined]
└ @ Core ~/.julia/packages/DataFrames/yH0f6/test/deprecated.jl:74
┌ Warning: `getindex(df::DataFrame, col_ind::ColumnIndex)` is deprecated, use `df[!, col_ind]` instead.
│   caller = macro expansion at deprecated.jl:75 [inlined]
└ @ Core ~/.julia/packages/DataFrames/yH0f6/test/deprecated.jl:75
┌ Warning: `DataFrame(column_eltypes::AbstractVector{<:Type}, nrows::Integer)` is deprecated, use `DataFrame(column_eltypes, Symbol.('x' .* string.(1:length(column_eltypes))), nrows)` instead.
│   caller = macro expansion at deprecated.jl:83 [inlined]
└ @ Core ~/.julia/packages/DataFrames/yH0f6/test/deprecated.jl:83
┌ Warning: `getindex(df::DataFrame, col_ind::ColumnIndex)` is deprecated, use `df[!, col_ind]` instead.
│   caller = macro expansion at deprecated.jl:86 [inlined]
└ @ Core ~/.julia/packages/DataFrames/yH0f6/test/deprecated.jl:86
┌ Warning: `getindex(df::DataFrame, col_ind::ColumnIndex)` is deprecated, use `df[!, col_ind]` instead.
│   caller = macro expansion at deprecated.jl:87 [inlined]
└ @ Core ~/.julia/packages/DataFrames/yH0f6/test/deprecated.jl:87
┌ Warning: `getindex(df::DataFrame, col_ind::ColumnIndex)` is deprecated, use `df[!, col_ind]` instead.
│   caller = macro expansion at deprecated.jl:88 [inlined]
└ @ Core ~/.julia/packages/DataFrames/yH0f6/test/deprecated.jl:88
┌ Warning: `getindex(df::DataFrame, col_ind::ColumnIndex)` is deprecated, use `df[!, col_ind]` instead.
│   caller = macro expansion at deprecated.jl:89 [inlined]
└ @ Core ~/.julia/packages/DataFrames/yH0f6/test/deprecated.jl:89
┌ Warning: `getindex(df::DataFrame, col_ind::ColumnIndex)` is deprecated, use `df[!, col_ind]` instead.
│   caller = macro expansion at deprecated.jl:90 [inlined]
└ @ Core ~/.julia/packages/DataFrames/yH0f6/test/deprecated.jl:90
┌ Warning: `getindex(df::DataFrame, col_ind::ColumnIndex)` is deprecated, use `df[!, col_ind]` instead.
│   caller = macro expansion at deprecated.jl:91 [inlined]
└ @ Core ~/.julia/packages/DataFrames/yH0f6/test/deprecated.jl:91
┌ Warning: `DataFrame` constructor with `categorical` positional argument is deprecated. Instead use `DataFrame(columns, names)` constructor.
│   caller = macro expansion at deprecated.jl:99 [inlined]
└ @ Core ~/.julia/packages/DataFrames/yH0f6/test/deprecated.jl:99
┌ Warning: `getindex(df::DataFrame, col_ind::ColumnIndex)` is deprecated, use `df[!, col_ind]` instead.
│   caller = macro expansion at deprecated.jl:103 [inlined]
└ @ Core ~/.julia/packages/DataFrames/yH0f6/test/deprecated.jl:103
┌ Warning: `getindex(df::DataFrame, col_ind::ColumnIndex)` is deprecated, use `df[!, col_ind]` instead.
│   caller = macro expansion at deprecated.jl:104 [inlined]
└ @ Core ~/.julia/packages/DataFrames/yH0f6/test/deprecated.jl:104
┌ Warning: `getindex(df::DataFrame, col_ind::ColumnIndex)` is deprecated, use `df[!, col_ind]` instead.
│   caller = macro expansion at deprecated.jl:105 [inlined]
└ @ Core ~/.julia/packages/DataFrames/yH0f6/test/deprecated.jl:105
┌ Warning: `getindex(df::DataFrame, col_ind::ColumnIndex)` is deprecated, use `df[!, col_ind]` instead.
│   caller = macro expansion at deprecated.jl:106 [inlined]
└ @ Core ~/.julia/packages/DataFrames/yH0f6/test/deprecated.jl:106
┌ Warning: `getindex(df::DataFrame, col_ind::ColumnIndex)` is deprecated, use `df[!, col_ind]` instead.
│   caller = macro expansion at deprecated.jl:107 [inlined]
└ @ Core ~/.julia/packages/DataFrames/yH0f6/test/deprecated.jl:107
┌ Warning: `getindex(df::DataFrame, col_ind::ColumnIndex)` is deprecated, use `df[!, col_ind]` instead.
│   caller = macro expansion at deprecated.jl:108 [inlined]
└ @ Core ~/.julia/packages/DataFrames/yH0f6/test/deprecated.jl:108
Test Summary:          | Pass  Total
DataFrame constructors |   42     42
┌ Warning: `DataFrame(t::Type, nrows::Integer, ncols::Integer)` is deprecated, use `DataFrame([Vector{t}(undef, nrows) for i = 1:ncols])` instead.
│   caller = top-level scope at none:0
└ @ Core none:0
┌ Warning: `DataFrame(column_eltypes::AbstractVector{<:Type}, nrows::Integer)` is deprecated, use `DataFrame(column_eltypes, Symbol.('x' .* string.(1:length(column_eltypes))), nrows)` instead.
│   caller = top-level scope at none:0
└ @ Core none:0
┌ Warning: `colwise(f, d::AbstractDataFrame)` is deprecated, use `[f(col) for col = eachcol(d)]` instead.
│   caller = macro expansion at deprecated.jl:132 [inlined]
└ @ Core ~/.julia/packages/DataFrames/yH0f6/test/deprecated.jl:132
┌ Warning: `colwise(f, d::AbstractDataFrame)` is deprecated, use `[f(col) for col = eachcol(d)]` instead.
│   caller = macro expansion at deprecated.jl:138 [inlined]
└ @ Core ~/.julia/packages/DataFrames/yH0f6/test/deprecated.jl:138
┌ Warning: `colwise(f, gd::GroupedDataFrame)` is deprecated, use `[[f(col) for col = eachcol(d)] for d = gd]` instead.
│   caller = macro expansion at deprecated.jl:147 [inlined]
└ @ Core ~/.julia/packages/DataFrames/yH0f6/test/deprecated.jl:147
┌ Warning: `colwise(fns::Union{AbstractVector, Tuple}, d::AbstractDataFrame)` is deprecated, use `[f(col) for f = fns, col = eachcol(d)]` instead.
│   caller = macro expansion at deprecated.jl:151 [inlined]
└ @ Core ~/.julia/packages/DataFrames/yH0f6/test/deprecated.jl:151
┌ Warning: `colwise(fns::Union{AbstractVector, Tuple}, d::AbstractDataFrame)` is deprecated, use `[f(col) for f = fns, col = eachcol(d)]` instead.
│   caller = macro expansion at deprecated.jl:157 [inlined]
└ @ Core ~/.julia/packages/DataFrames/yH0f6/test/deprecated.jl:157
┌ Warning: `colwise(fns::Union{AbstractVector, Tuple}, d::AbstractDataFrame)` is deprecated, use `[f(col) for f = fns, col = eachcol(d)]` instead.
│   caller = macro expansion at deprecated.jl:163 [inlined]
└ @ Core ~/.julia/packages/DataFrames/yH0f6/test/deprecated.jl:163
┌ Warning: `colwise(fns::Union{AbstractVector, Tuple}, d::AbstractDataFrame)` is deprecated, use `[f(col) for f = fns, col = eachcol(d)]` instead.
│   caller = macro expansion at deprecated.jl:169 [inlined]
└ @ Core ~/.julia/packages/DataFrames/yH0f6/test/deprecated.jl:169
┌ Warning: `colwise(fns::Union{AbstractVector, Tuple}, gd::GroupedDataFrame)` is deprecated, use `[[f(col) for f = fns, col = eachcol(d)] for d = gd]` instead.
│   caller = macro expansion at deprecated.jl:174 [inlined]
└ @ Core ~/.julia/packages/DataFrames/yH0f6/test/deprecated.jl:174
┌ Warning: `colwise(fns::Union{AbstractVector, Tuple}, d::AbstractDataFrame)` is deprecated, use `[f(col) for f = fns, col = eachcol(d)]` instead.
│   caller = macro expansion at deprecated.jl:178 [inlined]
└ @ Core ~/.julia/packages/DataFrames/yH0f6/test/deprecated.jl:178
┌ Warning: `colwise(fns::Union{AbstractVector, Tuple}, d::AbstractDataFrame)` is deprecated, use `[f(col) for f = fns, col = eachcol(d)]` instead.
│   caller = macro expansion at deprecated.jl:184 [inlined]
└ @ Core ~/.julia/packages/DataFrames/yH0f6/test/deprecated.jl:184
┌ Warning: `colwise(fns::Union{AbstractVector, Tuple}, d::AbstractDataFrame)` is deprecated, use `[f(col) for f = fns, col = eachcol(d)]` instead.
│   caller = macro expansion at deprecated.jl:190 [inlined]
└ @ Core ~/.julia/packages/DataFrames/yH0f6/test/deprecated.jl:190
┌ Warning: `colwise(fns::Union{AbstractVector, Tuple}, d::AbstractDataFrame)` is deprecated, use `[f(col) for f = fns, col = eachcol(d)]` instead.
│   caller = macro expansion at deprecated.jl:197 [inlined]
└ @ Core ~/.julia/packages/DataFrames/yH0f6/test/deprecated.jl:197
┌ Warning: `colwise(f, gd::GroupedDataFrame)` is deprecated, use `[[f(col) for col = eachcol(d)] for d = gd]` instead.
│   caller = macro expansion at deprecated.jl:202 [inlined]
└ @ Core ~/.julia/packages/DataFrames/yH0f6/test/deprecated.jl:202
Test Summary: | Pass  Total
colwise       |   29     29
┌ Warning: `empty!(df::DataFrame)` is deprecated, use `select!(df, Int[])` instead.
│   caller = macro expansion at deprecated.jl:212 [inlined]
└ @ Core ~/.julia/packages/DataFrames/yH0f6/test/deprecated.jl:212
Test Summary: | Pass  Total
empty!        |    5      5
┌ Warning: `deletecols(df::DataFrame, inds; copycols::Bool=true)` is deprecated, use `select(df, Not(inds), copycols=copycols)` instead.
│   caller = macro expansion at deprecated.jl:220 [inlined]
└ @ Core ~/.julia/packages/DataFrames/yH0f6/test/deprecated.jl:220
┌ Warning: `deletecols!(df::DataFrame, inds)` is deprecated, use `select!(df, Not(inds))` instead.
│   caller = macro expansion at deprecated.jl:221 [inlined]
└ @ Core ~/.julia/packages/DataFrames/yH0f6/test/deprecated.jl:221
┌ Warning: `deletecols(df::DataFrame, inds; copycols::Bool=true)` is deprecated, use `select(df, Not(inds), copycols=copycols)` instead.
│   caller = macro expansion at deprecated.jl:225 [inlined]
└ @ Core ~/.julia/packages/DataFrames/yH0f6/test/deprecated.jl:225
┌ Warning: `deletecols!(df::DataFrame, inds)` is deprecated, use `select!(df, Not(inds))` instead.
│   caller = macro expansion at deprecated.jl:226 [inlined]
└ @ Core ~/.julia/packages/DataFrames/yH0f6/test/deprecated.jl:226
┌ Warning: `deletecols(df::DataFrame, inds; copycols::Bool=true)` is deprecated, use `select(df, Not(inds), copycols=copycols)` instead.
│   caller = ip:0x0
└ @ Core :-1
┌ Warning: `getindex(df::DataFrame, col_ind::ColumnIndex)` is deprecated, use `df[!, col_ind]` instead.
│   caller = macro expansion at deprecated.jl:230 [inlined]
└ @ Core ~/.julia/packages/DataFrames/yH0f6/test/deprecated.jl:230
┌ Warning: `deletecols(df::DataFrame, inds; copycols::Bool=true)` is deprecated, use `select(df, Not(inds), copycols=copycols)` instead.
│   caller = macro expansion at deprecated.jl:231 [inlined]
└ @ Core ~/.julia/packages/DataFrames/yH0f6/test/deprecated.jl:231
┌ Warning: `deletecols(df::DataFrame, inds; copycols::Bool=true)` is deprecated, use `select(df, Not(inds), copycols=copycols)` instead.
│   caller = macro expansion at deprecated.jl:232 [inlined]
└ @ Core ~/.julia/packages/DataFrames/yH0f6/test/deprecated.jl:232
Test Summary:              | Pass  Total
deletecols and deletecols! |    7      7
┌ Warning: `haskey(df::AbstractDataFrame, key::Integer)` is deprecated, use `key in 1:ncol(df)` instead.
│   caller = macro expansion at deprecated.jl:237 [inlined]
└ @ Core ~/.julia/packages/DataFrames/yH0f6/test/deprecated.jl:237
┌ Warning: `haskey(df::AbstractDataFrame, key::Integer)` is deprecated, use `key in 1:ncol(df)` instead.
│   caller = macro expansion at deprecated.jl:238 [inlined]
└ @ Core ~/.julia/packages/DataFrames/yH0f6/test/deprecated.jl:238
┌ Warning: `haskey(df::AbstractDataFrame, key::Integer)` is deprecated, use `key in 1:ncol(df)` instead.
│   caller = macro expansion at deprecated.jl:239 [inlined]
└ @ Core ~/.julia/packages/DataFrames/yH0f6/test/deprecated.jl:239
┌ Warning: `haskey(df::AbstractDataFrame, key::Integer)` is deprecated, use `key in 1:ncol(df)` instead.
│   caller = macro expansion at deprecated.jl:240 [inlined]
└ @ Core ~/.julia/packages/DataFrames/yH0f6/test/deprecated.jl:240
┌ Warning: `haskey(df::AbstractDataFrame, key::Symbol)` is deprecated, use `hasproperty(df, key)` instead.
│   caller = macro expansion at deprecated.jl:241 [inlined]
└ @ Core ~/.julia/packages/DataFrames/yH0f6/test/deprecated.jl:241
┌ Warning: `haskey(df::AbstractDataFrame, key::Symbol)` is deprecated, use `hasproperty(df, key)` instead.
│   caller = macro expansion at deprecated.jl:242 [inlined]
└ @ Core ~/.julia/packages/DataFrames/yH0f6/test/deprecated.jl:242
┌ Warning: `haskey(df::AbstractDataFrame, key::Any)` is deprecated, use `key in 1:ncol(df) || key in names(df)` instead.
│   caller = macro expansion at deprecated.jl:243 [inlined]
└ @ Core ~/.julia/packages/DataFrames/yH0f6/test/deprecated.jl:243
Test Summary: | Pass  Total
haskey        |    7      7
┌ Warning: `getindex(df::DataFrame, col_ind::ColumnIndex)` is deprecated, use `df[!, col_ind]` instead.
│   caller = macro expansion at deprecated.jl:249 [inlined]
└ @ Core ~/.julia/packages/DataFrames/yH0f6/test/deprecated.jl:249
┌ Warning: `getindex(df::DataFrame, col_ind::ColumnIndex)` is deprecated, use `df[!, col_ind]` instead.
│   caller = macro expansion at deprecated.jl:250 [inlined]
└ @ Core ~/.julia/packages/DataFrames/yH0f6/test/deprecated.jl:250
┌ Warning: `getindex(df::DataFrame, col_inds::Union{AbstractVector, Regex, Not})` is deprecated, use `df[:, col_inds]` instead.
│   caller = macro expansion at deprecated.jl:251 [inlined]
└ @ Core ~/.julia/packages/DataFrames/yH0f6/test/deprecated.jl:251
┌ Warning: `getindex(df::DataFrame, col_inds::Union{AbstractVector, Regex, Not})` is deprecated, use `df[:, col_inds]` instead.
│   caller = macro expansion at deprecated.jl:252 [inlined]
└ @ Core ~/.julia/packages/DataFrames/yH0f6/test/deprecated.jl:252
┌ Warning: `getindex(df::DataFrame, col_inds::Union{AbstractVector, Regex, Not})` is deprecated, use `df[:, col_inds]` instead.
│   caller = macro expansion at deprecated.jl:253 [inlined]
└ @ Core ~/.julia/packages/DataFrames/yH0f6/test/deprecated.jl:253
┌ Warning: `getindex(df::DataFrame, col_inds::Union{AbstractVector, Regex, Not})` is deprecated, use `df[:, col_inds]` instead.
│   caller = macro expansion at deprecated.jl:254 [inlined]
└ @ Core ~/.julia/packages/DataFrames/yH0f6/test/deprecated.jl:254
┌ Warning: `getindex(df::DataFrame, col_ind::ColumnIndex)` is deprecated, use `df[!, col_ind]` instead.
│   caller = macro expansion at deprecated.jl:255 [inlined]
└ @ Core ~/.julia/packages/DataFrames/yH0f6/test/deprecated.jl:255
┌ Warning: `view(adf::AbstractDataFrame, colinds)` is deprecated, use `view(adf, :, colinds)` instead.
│   caller = macro expansion at deprecated.jl:256 [inlined]
└ @ Core ~/.julia/packages/DataFrames/yH0f6/test/deprecated.jl:256
┌ Warning: `getindex(df::DataFrame, col_inds::Union{AbstractVector, Regex, Not})` is deprecated, use `df[:, col_inds]` instead.
│   caller = macro expansion at deprecated.jl:257 [inlined]
└ @ Core ~/.julia/packages/DataFrames/yH0f6/test/deprecated.jl:257
┌ Warning: `getindex(df::DataFrame, col_inds::Union{AbstractVector, Regex, Not})` is deprecated, use `df[:, col_inds]` instead.
│   caller = macro expansion at deprecated.jl:258 [inlined]
└ @ Core ~/.julia/packages/DataFrames/yH0f6/test/deprecated.jl:258
┌ Warning: `getindex(df::DataFrame, col_inds::Union{AbstractVector, Regex, Not})` is deprecated, use `df[:, col_inds]` instead.
│   caller = macro expansion at deprecated.jl:259 [inlined]
└ @ Core ~/.julia/packages/DataFrames/yH0f6/test/deprecated.jl:259
┌ Warning: `getindex(df::DataFrame, col_inds::Union{AbstractVector, Regex, Not})` is deprecated, use `df[:, col_inds]` instead.
│   caller = macro expansion at deprecated.jl:260 [inlined]
└ @ Core ~/.julia/packages/DataFrames/yH0f6/test/deprecated.jl:260
┌ Warning: `getindex(df::DataFrame, col_inds::Union{AbstractVector, Regex, Not})` is deprecated, use `df[:, col_inds]` instead.
│   caller = macro expansion at deprecated.jl:261 [inlined]
└ @ Core ~/.julia/packages/DataFrames/yH0f6/test/deprecated.jl:261
┌ Warning: `getindex(df::DataFrame, ::Colon)` is deprecated, use `df[:, :]` instead.
│   caller = macro expansion at deprecated.jl:262 [inlined]
└ @ Core ~/.julia/packages/DataFrames/yH0f6/test/deprecated.jl:262
┌ Warning: `getindex(df::DataFrame, col_inds::Union{AbstractVector, Regex, Not})` is deprecated, use `df[:, col_inds]` instead.
│   caller = macro expansion at deprecated.jl:263 [inlined]
└ @ Core ~/.julia/packages/DataFrames/yH0f6/test/deprecated.jl:263
┌ Warning: `getindex(df::DataFrame, col_inds::Union{AbstractVector, Regex, Not})` is deprecated, use `df[:, col_inds]` instead.
│   caller = macro expansion at deprecated.jl:264 [inlined]
└ @ Core ~/.julia/packages/DataFrames/yH0f6/test/deprecated.jl:264
┌ Warning: `getindex(df::DataFrame, col_inds::Union{AbstractVector, Regex, Not})` is deprecated, use `df[:, col_inds]` instead.
│   caller = macro expansion at deprecated.jl:265 [inlined]
└ @ Core ~/.julia/packages/DataFrames/yH0f6/test/deprecated.jl:265
┌ Warning: `getindex(df::DataFrame, ::Colon)` is deprecated, use `df[:, :]` instead.
│   caller = macro expansion at deprecated.jl:266 [inlined]
└ @ Core ~/.julia/packages/DataFrames/yH0f6/test/deprecated.jl:266
┌ Warning: `getindex(df::DataFrame, col_inds::Union{AbstractVector, Regex, Not})` is deprecated, use `df[:, col_inds]` instead.
│   caller = macro expansion at deprecated.jl:267 [inlined]
└ @ Core ~/.julia/packages/DataFrames/yH0f6/test/deprecated.jl:267
┌ Warning: `getindex(df::DataFrame, col_inds::Union{AbstractVector, Regex, Not})` is deprecated, use `df[:, col_inds]` instead.
│   caller = macro expansion at deprecated.jl:268 [inlined]
└ @ Core ~/.julia/packages/DataFrames/yH0f6/test/deprecated.jl:268
┌ Warning: `getindex(df::DataFrame, col_inds::Union{AbstractVector, Regex, Not})` is deprecated, use `df[:, col_inds]` instead.
│   caller = macro expansion at deprecated.jl:269 [inlined]
└ @ Core ~/.julia/packages/DataFrames/yH0f6/test/deprecated.jl:269
┌ Warning: `view(adf::AbstractDataFrame, colinds)` is deprecated, use `view(adf, :, colinds)` instead.
│   caller = macro expansion at deprecated.jl:270 [inlined]
└ @ Core ~/.julia/packages/DataFrames/yH0f6/test/deprecated.jl:270
┌ Warning: `getindex(df::DataFrame, ::Colon)` is deprecated, use `df[:, :]` instead.
│   caller = macro expansion at deprecated.jl:271 [inlined]
└ @ Core ~/.julia/packages/DataFrames/yH0f6/test/deprecated.jl:271
┌ Warning: `getindex(df::DataFrame, col_inds::Union{AbstractVector, Regex, Not})` is deprecated, use `df[:, col_inds]` instead.
│   caller = macro expansion at deprecated.jl:272 [inlined]
└ @ Core ~/.julia/packages/DataFrames/yH0f6/test/deprecated.jl:272
┌ Warning: `getindex(df::DataFrame, col_inds::Union{AbstractVector, Regex, Not})` is deprecated, use `df[:, col_inds]` instead.
│   caller = macro expansion at deprecated.jl:273 [inlined]
└ @ Core ~/.julia/packages/DataFrames/yH0f6/test/deprecated.jl:273
┌ Warning: `getindex(df::DataFrame, ::Colon)` is deprecated, use `df[:, :]` instead.
│   caller = macro expansion at deprecated.jl:274 [inlined]
└ @ Core ~/.julia/packages/DataFrames/yH0f6/test/deprecated.jl:274
┌ Warning: `getindex(df::DataFrame, col_inds::Union{AbstractVector, Regex, Not})` is deprecated, use `df[:, col_inds]` instead.
│   caller = macro expansion at deprecated.jl:275 [inlined]
└ @ Core ~/.julia/packages/DataFrames/yH0f6/test/deprecated.jl:275
┌ Warning: `getindex(df::DataFrame, col_inds::Union{AbstractVector, Regex, Not})` is deprecated, use `df[:, col_inds]` instead.
│   caller = macro expansion at deprecated.jl:276 [inlined]
└ @ Core ~/.julia/packages/DataFrames/yH0f6/test/deprecated.jl:276
┌ Warning: `getindex(df::DataFrame, col_ind::ColumnIndex)` is deprecated, use `df[!, col_ind]` instead.
│   caller = macro expansion at deprecated.jl:281 [inlined]
└ @ Core ~/.julia/packages/DataFrames/yH0f6/test/deprecated.jl:281
┌ Warning: `getindex(df::DataFrame, col_inds::Union{AbstractVector, Regex, Not})` is deprecated, use `df[:, col_inds]` instead.
│   caller = macro expansion at deprecated.jl:282 [inlined]
└ @ Core ~/.julia/packages/DataFrames/yH0f6/test/deprecated.jl:282
┌ Warning: `getindex(df::DataFrame, ::Colon)` is deprecated, use `df[:, :]` instead.
│   caller = macro expansion at deprecated.jl:283 [inlined]
└ @ Core ~/.julia/packages/DataFrames/yH0f6/test/deprecated.jl:283
┌ Warning: `getindex(df::DataFrame, col_inds::Union{AbstractVector, Regex, Not})` is deprecated, use `df[:, col_inds]` instead.
│   caller = macro expansion at deprecated.jl:284 [inlined]
└ @ Core ~/.julia/packages/DataFrames/yH0f6/test/deprecated.jl:284
┌ Warning: `getindex(df::DataFrame, col_inds::Union{AbstractVector, Regex, Not})` is deprecated, use `df[:, col_inds]` instead.
│   caller = macro expansion at deprecated.jl:285 [inlined]
└ @ Core ~/.julia/packages/DataFrames/yH0f6/test/deprecated.jl:285
┌ Warning: `getindex(df::DataFrame, col_inds::Union{AbstractVector, Regex, Not})` is deprecated, use `df[:, col_inds]` instead.
│   caller = macro expansion at deprecated.jl:286 [inlined]
└ @ Core ~/.julia/packages/DataFrames/yH0f6/test/deprecated.jl:286
┌ Warning: `view(adf::AbstractDataFrame, colind::ColumnIndex)` is deprecated, use `view(adf, :, colind)` instead.
│   caller = macro expansion at deprecated.jl:290 [inlined]
└ @ Core ~/.julia/packages/DataFrames/yH0f6/test/deprecated.jl:290
┌ Warning: `view(adf::AbstractDataFrame, colind::ColumnIndex)` is deprecated, use `view(adf, :, colind)` instead.
│   caller = macro expansion at deprecated.jl:291 [inlined]
└ @ Core ~/.julia/packages/DataFrames/yH0f6/test/deprecated.jl:291
┌ Warning: `view(adf::AbstractDataFrame, colinds)` is deprecated, use `view(adf, :, colinds)` instead.
│   caller = macro expansion at deprecated.jl:292 [inlined]
└ @ Core ~/.julia/packages/DataFrames/yH0f6/test/deprecated.jl:292
┌ Warning: `view(adf::AbstractDataFrame, colinds)` is deprecated, use `view(adf, :, colinds)` instead.
│   caller = macro expansion at deprecated.jl:293 [inlined]
└ @ Core ~/.julia/packages/DataFrames/yH0f6/test/deprecated.jl:293
┌ Warning: `getindex(df::DataFrame, col_inds::Union{AbstractVector, Regex, Not})` is deprecated, use `df[:, col_inds]` instead.
│   caller = macro expansion at deprecated.jl:293 [inlined]
└ @ Core ~/.julia/packages/DataFrames/yH0f6/test/deprecated.jl:293
┌ Warning: `view(adf::AbstractDataFrame, colinds)` is deprecated, use `view(adf, :, colinds)` instead.
│   caller = macro expansion at deprecated.jl:294 [inlined]
└ @ Core ~/.julia/packages/DataFrames/yH0f6/test/deprecated.jl:294
┌ Warning: `view(adf::AbstractDataFrame, colinds)` is deprecated, use `view(adf, :, colinds)` instead.
│   caller = macro expansion at deprecated.jl:295 [inlined]
└ @ Core ~/.julia/packages/DataFrames/yH0f6/test/deprecated.jl:295
┌ Warning: `getindex(df::DataFrame, col_inds::Union{AbstractVector, Regex, Not})` is deprecated, use `df[:, col_inds]` instead.
│   caller = macro expansion at deprecated.jl:295 [inlined]
└ @ Core ~/.julia/packages/DataFrames/yH0f6/test/deprecated.jl:295
┌ Warning: `view(adf::AbstractDataFrame, colinds)` is deprecated, use `view(adf, :, colinds)` instead.
│   caller = macro expansion at deprecated.jl:296 [inlined]
└ @ Core ~/.julia/packages/DataFrames/yH0f6/test/deprecated.jl:296
┌ Warning: `view(adf::AbstractDataFrame, colinds)` is deprecated, use `view(adf, :, colinds)` instead.
│   caller = macro expansion at deprecated.jl:297 [inlined]
└ @ Core ~/.julia/packages/DataFrames/yH0f6/test/deprecated.jl:297
┌ Warning: `getindex(df::DataFrame, col_inds::Union{AbstractVector, Regex, Not})` is deprecated, use `df[:, col_inds]` instead.
│   caller = macro expansion at deprecated.jl:297 [inlined]
└ @ Core ~/.julia/packages/DataFrames/yH0f6/test/deprecated.jl:297
┌ Warning: `view(adf::AbstractDataFrame, colinds)` is deprecated, use `view(adf, :, colinds)` instead.
│   caller = macro expansion at deprecated.jl:298 [inlined]
└ @ Core ~/.julia/packages/DataFrames/yH0f6/test/deprecated.jl:298
┌ Warning: `view(adf::AbstractDataFrame, colinds)` is deprecated, use `view(adf, :, colinds)` instead.
│   caller = macro expansion at deprecated.jl:299 [inlined]
└ @ Core ~/.julia/packages/DataFrames/yH0f6/test/deprecated.jl:299
┌ Warning: `view(adf::AbstractDataFrame, colinds)` is deprecated, use `view(adf, :, colinds)` instead.
│   caller = macro expansion at deprecated.jl:300 [inlined]
└ @ Core ~/.julia/packages/DataFrames/yH0f6/test/deprecated.jl:300
┌ Warning: `view(adf::AbstractDataFrame, colinds)` is deprecated, use `view(adf, :, colinds)` instead.
│   caller = macro expansion at deprecated.jl:301 [inlined]
└ @ Core ~/.julia/packages/DataFrames/yH0f6/test/deprecated.jl:301
┌ Warning: `view(adf::AbstractDataFrame, colinds)` is deprecated, use `view(adf, :, colinds)` instead.
│   caller = macro expansion at deprecated.jl:302 [inlined]
└ @ Core ~/.julia/packages/DataFrames/yH0f6/test/deprecated.jl:302
┌ Warning: `view(adf::AbstractDataFrame, colinds)` is deprecated, use `view(adf, :, colinds)` instead.
│   caller = macro expansion at deprecated.jl:303 [inlined]
└ @ Core ~/.julia/packages/DataFrames/yH0f6/test/deprecated.jl:303
┌ Warning: `view(adf::AbstractDataFrame, colinds)` is deprecated, use `view(adf, :, colinds)` instead.
│   caller = macro expansion at deprecated.jl:304 [inlined]
└ @ Core ~/.julia/packages/DataFrames/yH0f6/test/deprecated.jl:304
┌ Warning: `view(adf::AbstractDataFrame, colinds)` is deprecated, use `view(adf, :, colinds)` instead.
│   caller = macro expansion at deprecated.jl:305 [inlined]
└ @ Core ~/.julia/packages/DataFrames/yH0f6/test/deprecated.jl:305
┌ Warning: `view(adf::AbstractDataFrame, colinds)` is deprecated, use `view(adf, :, colinds)` instead.
│   caller = macro expansion at deprecated.jl:306 [inlined]
└ @ Core ~/.julia/packages/DataFrames/yH0f6/test/deprecated.jl:306
┌ Warning: `getindex(sdf::SubDataFrame, colind::ColumnIndex)` is deprecated, use `sdf[!, colind]` instead.
│   caller = macro expansion at deprecated.jl:311 [inlined]
└ @ Core ~/.julia/packages/DataFrames/yH0f6/test/deprecated.jl:311
┌ Warning: `getindex(sdf::SubDataFrame, colind::ColumnIndex)` is deprecated, use `sdf[!, colind]` instead.
│   caller = macro expansion at deprecated.jl:312 [inlined]
└ @ Core ~/.julia/packages/DataFrames/yH0f6/test/deprecated.jl:312
┌ Warning: `getindex(sdf::SubDataFrame, colinds::Union{AbstractVector, Regex, Not})` is deprecated, use `sdf[!, colinds]` instead.
│   caller = macro expansion at deprecated.jl:313 [inlined]
└ @ Core ~/.julia/packages/DataFrames/yH0f6/test/deprecated.jl:313
┌ Warning: `getindex(sdf::SubDataFrame, colinds::Union{AbstractVector, Regex, Not})` is deprecated, use `sdf[!, colinds]` instead.
│   caller = macro expansion at deprecated.jl:314 [inlined]
└ @ Core ~/.julia/packages/DataFrames/yH0f6/test/deprecated.jl:314
┌ Warning: `getindex(sdf::SubDataFrame, colinds::Union{AbstractVector, Regex, Not})` is deprecated, use `sdf[!, colinds]` instead.
│   caller = macro expansion at deprecated.jl:315 [inlined]
└ @ Core ~/.julia/packages/DataFrames/yH0f6/test/deprecated.jl:315
┌ Warning: `getindex(sdf::SubDataFrame, colinds::Union{AbstractVector, Regex, Not})` is deprecated, use `sdf[!, colinds]` instead.
│   caller = macro expansion at deprecated.jl:316 [inlined]
└ @ Core ~/.julia/packages/DataFrames/yH0f6/test/deprecated.jl:316
┌ Warning: `getindex(sdf::SubDataFrame, colinds::Union{AbstractVector, Regex, Not})` is deprecated, use `sdf[!, colinds]` instead.
│   caller = macro expansion at deprecated.jl:317 [inlined]
└ @ Core ~/.julia/packages/DataFrames/yH0f6/test/deprecated.jl:317
┌ Warning: `getindex(sdf::SubDataFrame, colinds::Union{AbstractVector, Regex, Not})` is deprecated, use `sdf[!, colinds]` instead.
│   caller = macro expansion at deprecated.jl:318 [inlined]
└ @ Core ~/.julia/packages/DataFrames/yH0f6/test/deprecated.jl:318
┌ Warning: `getindex(sdf::SubDataFrame, ::Colon)` is deprecated, use `sdf[!, :]` instead.
│   caller = macro expansion at deprecated.jl:319 [inlined]
└ @ Core ~/.julia/packages/DataFrames/yH0f6/test/deprecated.jl:319
┌ Warning: `getindex(sdf::SubDataFrame, ::Colon)` is deprecated, use `sdf[!, :]` instead.
│   caller = macro expansion at deprecated.jl:320 [inlined]
└ @ Core ~/.julia/packages/DataFrames/yH0f6/test/deprecated.jl:320
┌ Warning: `getindex(sdf::SubDataFrame, colinds::Union{AbstractVector, Regex, Not})` is deprecated, use `sdf[!, colinds]` instead.
│   caller = macro expansion at deprecated.jl:321 [inlined]
└ @ Core ~/.julia/packages/DataFrames/yH0f6/test/deprecated.jl:321
┌ Warning: `getindex(sdf::SubDataFrame, colinds::Union{AbstractVector, Regex, Not})` is deprecated, use `sdf[!, colinds]` instead.
│   caller = macro expansion at deprecated.jl:322 [inlined]
└ @ Core ~/.julia/packages/DataFrames/yH0f6/test/deprecated.jl:322
┌ Warning: `getindex(sdf::SubDataFrame, colinds::Union{AbstractVector, Regex, Not})` is deprecated, use `sdf[!, colinds]` instead.
│   caller = macro expansion at deprecated.jl:323 [inlined]
└ @ Core ~/.julia/packages/DataFrames/yH0f6/test/deprecated.jl:323
┌ Warning: `getindex(sdf::SubDataFrame, colinds::Union{AbstractVector, Regex, Not})` is deprecated, use `sdf[!, colinds]` instead.
│   caller = macro expansion at deprecated.jl:324 [inlined]
└ @ Core ~/.julia/packages/DataFrames/yH0f6/test/deprecated.jl:324
┌ Warning: `getindex(sdf::SubDataFrame, ::Colon)` is deprecated, use `sdf[!, :]` instead.
│   caller = macro expansion at deprecated.jl:325 [inlined]
└ @ Core ~/.julia/packages/DataFrames/yH0f6/test/deprecated.jl:325
┌ Warning: `getindex(sdf::SubDataFrame, colinds::Union{AbstractVector, Regex, Not})` is deprecated, use `sdf[!, colinds]` instead.
│   caller = macro expansion at deprecated.jl:326 [inlined]
└ @ Core ~/.julia/packages/DataFrames/yH0f6/test/deprecated.jl:326
┌ Warning: `getindex(sdf::SubDataFrame, colinds::Union{AbstractVector, Regex, Not})` is deprecated, use `sdf[!, colinds]` instead.
│   caller = macro expansion at deprecated.jl:327 [inlined]
└ @ Core ~/.julia/packages/DataFrames/yH0f6/test/deprecated.jl:327
┌ Warning: `view(adf::AbstractDataFrame, colind::ColumnIndex)` is deprecated, use `view(adf, :, colind)` instead.
│   caller = macro expansion at deprecated.jl:332 [inlined]
└ @ Core ~/.julia/packages/DataFrames/yH0f6/test/deprecated.jl:332
┌ Warning: `view(adf::AbstractDataFrame, colind::ColumnIndex)` is deprecated, use `view(adf, :, colind)` instead.
│   caller = macro expansion at deprecated.jl:333 [inlined]
└ @ Core ~/.julia/packages/DataFrames/yH0f6/test/deprecated.jl:333
┌ Warning: `view(adf::AbstractDataFrame, colinds)` is deprecated, use `view(adf, :, colinds)` instead.
│   caller = macro expansion at deprecated.jl:334 [inlined]
└ @ Core ~/.julia/packages/DataFrames/yH0f6/test/deprecated.jl:334
┌ Warning: `view(adf::AbstractDataFrame, colinds)` is deprecated, use `view(adf, :, colinds)` instead.
│   caller = macro expansion at deprecated.jl:335 [inlined]
└ @ Core ~/.julia/packages/DataFrames/yH0f6/test/deprecated.jl:335
┌ Warning: `view(adf::AbstractDataFrame, colinds)` is deprecated, use `view(adf, :, colinds)` instead.
│   caller = macro expansion at deprecated.jl:336 [inlined]
└ @ Core ~/.julia/packages/DataFrames/yH0f6/test/deprecated.jl:336
┌ Warning: `view(adf::AbstractDataFrame, colinds)` is deprecated, use `view(adf, :, colinds)` instead.
│   caller = macro expansion at deprecated.jl:337 [inlined]
└ @ Core ~/.julia/packages/DataFrames/yH0f6/test/deprecated.jl:337
┌ Warning: `view(adf::AbstractDataFrame, colinds)` is deprecated, use `view(adf, :, colinds)` instead.
│   caller = macro expansion at deprecated.jl:338 [inlined]
└ @ Core ~/.julia/packages/DataFrames/yH0f6/test/deprecated.jl:338
┌ Warning: `view(adf::AbstractDataFrame, colinds)` is deprecated, use `view(adf, :, colinds)` instead.
│   caller = macro expansion at deprecated.jl:339 [inlined]
└ @ Core ~/.julia/packages/DataFrames/yH0f6/test/deprecated.jl:339
┌ Warning: `view(adf::AbstractDataFrame, colinds)` is deprecated, use `view(adf, :, colinds)` instead.
│   caller = macro expansion at deprecated.jl:340 [inlined]
└ @ Core ~/.julia/packages/DataFrames/yH0f6/test/deprecated.jl:340
┌ Warning: `view(adf::AbstractDataFrame, colinds)` is deprecated, use `view(adf, :, colinds)` instead.
│   caller = macro expansion at deprecated.jl:341 [inlined]
└ @ Core ~/.julia/packages/DataFrames/yH0f6/test/deprecated.jl:341
┌ Warning: `view(adf::AbstractDataFrame, colinds)` is deprecated, use `view(adf, :, colinds)` instead.
│   caller = macro expansion at deprecated.jl:342 [inlined]
└ @ Core ~/.julia/packages/DataFrames/yH0f6/test/deprecated.jl:342
┌ Warning: `view(adf::AbstractDataFrame, colinds)` is deprecated, use `view(adf, :, colinds)` instead.
│   caller = macro expansion at deprecated.jl:343 [inlined]
└ @ Core ~/.julia/packages/DataFrames/yH0f6/test/deprecated.jl:343
┌ Warning: `view(adf::AbstractDataFrame, colinds)` is deprecated, use `view(adf, :, colinds)` instead.
│   caller = macro expansion at deprecated.jl:344 [inlined]
└ @ Core ~/.julia/packages/DataFrames/yH0f6/test/deprecated.jl:344
┌ Warning: `view(adf::AbstractDataFrame, colinds)` is deprecated, use `view(adf, :, colinds)` instead.
│   caller = macro expansion at deprecated.jl:345 [inlined]
└ @ Core ~/.julia/packages/DataFrames/yH0f6/test/deprecated.jl:345
┌ Warning: `view(adf::AbstractDataFrame, colinds)` is deprecated, use `view(adf, :, colinds)` instead.
│   caller = macro expansion at deprecated.jl:346 [inlined]
└ @ Core ~/.julia/packages/DataFrames/yH0f6/test/deprecated.jl:346
┌ Warning: `view(adf::AbstractDataFrame, colinds)` is deprecated, use `view(adf, :, colinds)` instead.
│   caller = macro expansion at deprecated.jl:347 [inlined]
└ @ Core ~/.julia/packages/DataFrames/yH0f6/test/deprecated.jl:347
┌ Warning: `view(adf::AbstractDataFrame, colinds)` is deprecated, use `view(adf, :, colinds)` instead.
│   caller = macro expansion at deprecated.jl:348 [inlined]
└ @ Core ~/.julia/packages/DataFrames/yH0f6/test/deprecated.jl:348
┌ Warning: implicit vector broadcasting in setindex! is deprecated; use `df[row_inds, col_inds] .= Ref(v)` broadcasting assignment
│   caller = macro expansion at deprecated.jl:356 [inlined]
└ @ Core ~/.julia/packages/DataFrames/yH0f6/test/deprecated.jl:356
┌ Warning: `setindex!(df::DataFrame, new_df::DataFrame, row_ind::Integer, col_inds::AbstractVector{<:ColumnIndex})` is deprecated, use `begin
│     foreach((((i, c),)->begin
│                 df[row_ind, c] = new_df[1, i]
│             end), enumerate(col_inds))
│     df
│ end` instead.
│   caller = setindex!(::DataFrame, ::DataFrame, ::Int64, ::Colon) at deprecated.jl:1576
└ @ DataFrames ~/.julia/packages/DataFrames/yH0f6/src/deprecated.jl:1576
┌ Warning: implicit vector broadcasting in setindex! is deprecated; use `df[row_inds, col_inds] .= Ref(v)` broadcasting assignment
│   caller = macro expansion at deprecated.jl:357 [inlined]
└ @ Core ~/.julia/packages/DataFrames/yH0f6/test/deprecated.jl:357
┌ Warning: implicit vector broadcasting in setindex! is deprecated; use `df[row_inds, col_inds] .= Ref(v)` broadcasting assignment
│   caller = macro expansion at deprecated.jl:358 [inlined]
└ @ Core ~/.julia/packages/DataFrames/yH0f6/test/deprecated.jl:358
┌ Warning: implicit vector broadcasting in setindex! is deprecated; use `df[row_inds, col_inds] .= Ref(v)` broadcasting assignment
│   caller = macro expansion at deprecated.jl:361 [inlined]
└ @ Core ~/.julia/packages/DataFrames/yH0f6/test/deprecated.jl:361
┌ Warning: `setindex!(df::DataFrame, v::Any, row_ind::Integer, col_inds::AbstractVector{<:ColumnIndex})` is deprecated, use `begin
│     df[row_ind, col_inds] .= Ref(v)
│     df
│ end` instead.
│   caller = setindex!(::DataFrame, ::Int64, ::Int64, ::Colon) at deprecated.jl:1576
└ @ DataFrames ~/.julia/packages/DataFrames/yH0f6/src/deprecated.jl:1576
┌ Warning: implicit vector broadcasting in setindex! is deprecated; use `df[row_inds, col_inds] .= Ref(v)` broadcasting assignment
│   caller = macro expansion at deprecated.jl:362 [inlined]
└ @ Core ~/.julia/packages/DataFrames/yH0f6/test/deprecated.jl:362
┌ Warning: implicit vector broadcasting in setindex! is deprecated; use `df[row_inds, col_inds] .= Ref(v)` broadcasting assignment to change the columns in place
│   caller = setindex!(::DataFrame, ::Int64, ::UnitRange{Int64}, ::Colon) at deprecated.jl:1576
└ @ DataFrames ~/.julia/packages/DataFrames/yH0f6/src/deprecated.jl:1576
┌ Warning: implicit vector broadcasting in setindex! is deprecated; use `df[row_inds, col_inds] .= Ref(v)` broadcasting assignment
│   caller = macro expansion at deprecated.jl:363 [inlined]
└ @ Core ~/.julia/packages/DataFrames/yH0f6/test/deprecated.jl:363
┌ Warning: implicit vector broadcasting in setindex! is deprecated; use `df[row_inds, col_inds] .= Ref(v)` broadcasting assignment to change the columns in place
│   caller = setindex! at deprecated.jl:1544 [inlined]
└ @ Core ~/.julia/packages/DataFrames/yH0f6/src/deprecated.jl:1544
┌ Warning: implicit vector broadcasting in setindex! is deprecated; use `df[row_inds, col_inds] .= Ref(v)` broadcasting assignment
│   caller = macro expansion at deprecated.jl:366 [inlined]
└ @ Core ~/.julia/packages/DataFrames/yH0f6/test/deprecated.jl:366
┌ Warning: implicit vector broadcasting in setindex! is deprecated; use `df[row_inds, col_inds] .= v` broadcasting assignment to change the columns in place
│   caller = setindex!(::DataFrame, ::Array{Int64,1}, ::UnitRange{Int64}, ::Colon) at deprecated.jl:1576
└ @ DataFrames ~/.julia/packages/DataFrames/yH0f6/src/deprecated.jl:1576
┌ Warning: implicit vector broadcasting in setindex! is deprecated; use `df[row_inds, col_inds] .= Ref(v)` broadcasting assignment
│   caller = macro expansion at deprecated.jl:367 [inlined]
└ @ Core ~/.julia/packages/DataFrames/yH0f6/test/deprecated.jl:367
┌ Warning: implicit vector broadcasting in setindex! is deprecated; use `df[row_inds, col_inds] .= v` broadcasting assignment to change the columns in place
│   caller = setindex! at deprecated.jl:1513 [inlined]
└ @ Core ~/.julia/packages/DataFrames/yH0f6/src/deprecated.jl:1513
┌ Warning: `setindex!(df::DataFrame, v::AbstractVector, ::Colon, col_ind::ColumnIndex)` is deprecated, use `begin
│     df[!, col_ind] = v
│     df
│ end` instead.
│   caller = macro expansion at deprecated.jl:370 [inlined]
└ @ Core ~/.julia/packages/DataFrames/yH0f6/test/deprecated.jl:370
┌ Warning: implicit vector broadcasting in setindex! is deprecated; use `df[:, col_inds] .= Ref(v)` broadcasting assignment to change the columns in place
│   caller = macro expansion at deprecated.jl:373 [inlined]
└ @ Core ~/.julia/packages/DataFrames/yH0f6/test/deprecated.jl:373
┌ Warning: Implicit broadcasting to an existing column in DataFrame assignment is deprecated.Use an explicit broadcast with `df[:, col_ind] .= v`
│   caller = setindex!(::DataFrame, ::Int64, ::Colon, ::Int64) at deprecated.jl:1584
└ @ DataFrames ~/.julia/packages/DataFrames/yH0f6/src/deprecated.jl:1584
┌ Warning: Implicit broadcasting to an existing column in DataFrame assignment is deprecated.Use an explicit broadcast with `df[:, col_ind] .= v`
│   caller = macro expansion at deprecated.jl:374 [inlined]
└ @ Core ~/.julia/packages/DataFrames/yH0f6/test/deprecated.jl:374
┌ Warning: `setindex!(df::DataFrame, new_df::DataFrame, row_ind::Integer, col_inds::AbstractVector{<:ColumnIndex})` is deprecated, use `begin
│     foreach((((i, c),)->begin
│                 df[row_ind, c] = new_df[1, i]
│             end), enumerate(col_inds))
│     df
│ end` instead.
│   caller = macro expansion at deprecated.jl:377 [inlined]
└ @ Core ~/.julia/packages/DataFrames/yH0f6/test/deprecated.jl:377
┌ Warning: in the future column names in source and target will have to match
│   caller = macro expansion at deprecated.jl:378 [inlined]
└ @ Core ~/.julia/packages/DataFrames/yH0f6/test/deprecated.jl:378
┌ Warning: in the future column names in source and target will have to match
│   caller = macro expansion at deprecated.jl:379 [inlined]
└ @ Core ~/.julia/packages/DataFrames/yH0f6/test/deprecated.jl:379
┌ Warning: `setindex!(df::DataFrame, v::Any, row_ind::Integer, col_inds::AbstractVector{<:ColumnIndex})` is deprecated, use `begin
│     df[row_ind, col_inds] .= Ref(v)
│     df
│ end` instead.
│   caller = macro expansion at deprecated.jl:382 [inlined]
└ @ Core ~/.julia/packages/DataFrames/yH0f6/test/deprecated.jl:382
┌ Warning: implicit vector broadcasting in setindex! is deprecated; use `df[row_inds, col_inds] .= Ref(v)` broadcasting assignment to change the columns in place
│   caller = macro expansion at deprecated.jl:383 [inlined]
└ @ Core ~/.julia/packages/DataFrames/yH0f6/test/deprecated.jl:383
┌ Warning: implicit vector broadcasting in setindex! is deprecated; use `df[row_inds, col_inds] .= Ref(v)` broadcasting assignment to change the columns in place
│   caller = setindex!(::DataFrame, ::Int64, ::Array{Bool,1}, ::UnitRange{Int64}) at deprecated.jl:1544
└ @ DataFrames ~/.julia/packages/DataFrames/yH0f6/src/deprecated.jl:1544
┌ Warning: implicit vector broadcasting in setindex! is deprecated; use `df[row_inds, col_inds] .= v` broadcasting assignment to change the columns in place
│   caller = macro expansion at deprecated.jl:387 [inlined]
└ @ Core ~/.julia/packages/DataFrames/yH0f6/test/deprecated.jl:387
┌ Warning: implicit vector broadcasting in setindex! is deprecated; use `df[row_inds, col_inds] .= v` broadcasting assignment to change the columns in place
│   caller = setindex!(::DataFrame, ::Array{Int64,1}, ::Array{Bool,1}, ::UnitRange{Int64}) at deprecated.jl:1513
└ @ DataFrames ~/.julia/packages/DataFrames/yH0f6/src/deprecated.jl:1513
┌ Warning: `setindex!(df::DataFrame, new_df::DataFrame, row_ind::Integer, col_inds::AbstractVector{<:ColumnIndex})` is deprecated, use `begin
│     foreach((((i, c),)->begin
│                 df[row_ind, c] = new_df[1, i]
│             end), enumerate(col_inds))
│     df
│ end` instead.
│   caller = macro expansion at deprecated.jl:392 [inlined]
└ @ Core ~/.julia/packages/DataFrames/yH0f6/test/deprecated.jl:392
┌ Warning: `setindex!(df::DataFrame, new_df::DataFrame, row_ind::Integer, col_inds::AbstractVector{Bool})` is deprecated, use `begin
│     foreach((((i, c),)->begin
│                 df[row_ind, c] = new_df[1, i]
│             end), enumerate(findall(col_inds)))
│     df
│ end` instead.
│   caller = macro expansion at deprecated.jl:396 [inlined]
└ @ Core ~/.julia/packages/DataFrames/yH0f6/test/deprecated.jl:396
┌ Warning: Implicit broadcasting to a new column in DataFrame assignment is deprecated.Use `df[!, col_ind] .= v`  when `df` has some columns
│   caller = macro expansion at deprecated.jl:403 [inlined]
└ @ Core ~/.julia/packages/DataFrames/yH0f6/test/deprecated.jl:403
┌ Warning: `setindex!(df::DataFrame, v::AbstractVector, col_ind::ColumnIndex)` is deprecated, use `begin
│     df[!, col_ind] = v
│     df
│ end` instead.
│   caller = macro expansion at deprecated.jl:410 [inlined]
└ @ Core ~/.julia/packages/DataFrames/yH0f6/test/deprecated.jl:410
┌ Warning: `setindex!(df::DataFrame, v::AbstractVector, col_ind::ColumnIndex)` is deprecated, use `begin
│     df[!, col_ind] = v
│     df
│ end` instead.
│   caller = macro expansion at deprecated.jl:411 [inlined]
└ @ Core ~/.julia/packages/DataFrames/yH0f6/test/deprecated.jl:411
┌ Warning: Implicit broadcasting to a new column in DataFrame assignment is deprecated.Use `df[!, col_ind] .= v`  when `df` has some columns
│   caller = macro expansion at deprecated.jl:414 [inlined]
└ @ Core ~/.julia/packages/DataFrames/yH0f6/test/deprecated.jl:414
┌ Warning: `getindex(df::DataFrame, col_ind::ColumnIndex)` is deprecated, use `df[!, col_ind]` instead.
│   caller = macro expansion at deprecated.jl:415 [inlined]
└ @ Core ~/.julia/packages/DataFrames/yH0f6/test/deprecated.jl:415
┌ Warning: `getindex(df::DataFrame, col_ind::ColumnIndex)` is deprecated, use `df[!, col_ind]` instead.
│   caller = macro expansion at deprecated.jl:423 [inlined]
└ @ Core ~/.julia/packages/DataFrames/yH0f6/test/deprecated.jl:423
┌ Warning: `getindex(df::DataFrame, col_ind::ColumnIndex)` is deprecated, use `df[!, col_ind]` instead.
│   caller = macro expansion at deprecated.jl:424 [inlined]
└ @ Core ~/.julia/packages/DataFrames/yH0f6/test/deprecated.jl:424
┌ Warning: `getindex(df::DataFrame, col_inds::Union{AbstractVector, Regex, Not})` is deprecated, use `df[:, col_inds]` instead.
│   caller = macro expansion at deprecated.jl:425 [inlined]
└ @ Core ~/.julia/packages/DataFrames/yH0f6/test/deprecated.jl:425
┌ Warning: `getindex(df::DataFrame, col_ind::ColumnIndex)` is deprecated, use `df[!, col_ind]` instead.
│   caller = macro expansion at deprecated.jl:425 [inlined]
└ @ Core ~/.julia/packages/DataFrames/yH0f6/test/deprecated.jl:425
┌ Warning: `getindex(df::DataFrame, col_inds::Union{AbstractVector, Regex, Not})` is deprecated, use `df[:, col_inds]` instead.
│   caller = macro expansion at deprecated.jl:426 [inlined]
└ @ Core ~/.julia/packages/DataFrames/yH0f6/test/deprecated.jl:426
┌ Warning: `getindex(df::DataFrame, col_ind::ColumnIndex)` is deprecated, use `df[!, col_ind]` instead.
│   caller = macro expansion at deprecated.jl:426 [inlined]
└ @ Core ~/.julia/packages/DataFrames/yH0f6/test/deprecated.jl:426
┌ Warning: `getindex(df::DataFrame, col_inds::Union{AbstractVector, Regex, Not})` is deprecated, use `df[:, col_inds]` instead.
│   caller = macro expansion at deprecated.jl:427 [inlined]
└ @ Core ~/.julia/packages/DataFrames/yH0f6/test/deprecated.jl:427
┌ Warning: `getindex(df::DataFrame, col_ind::ColumnIndex)` is deprecated, use `df[!, col_ind]` instead.
│   caller = macro expansion at deprecated.jl:427 [inlined]
└ @ Core ~/.julia/packages/DataFrames/yH0f6/test/deprecated.jl:427
┌ Warning: `getindex(df::DataFrame, col_inds::Union{AbstractVector, Regex, Not})` is deprecated, use `df[:, col_inds]` instead.
│   caller = macro expansion at deprecated.jl:428 [inlined]
└ @ Core ~/.julia/packages/DataFrames/yH0f6/test/deprecated.jl:428
┌ Warning: `getindex(df::DataFrame, col_ind::ColumnIndex)` is deprecated, use `df[!, col_ind]` instead.
│   caller = macro expansion at deprecated.jl:428 [inlined]
└ @ Core ~/.julia/packages/DataFrames/yH0f6/test/deprecated.jl:428
┌ Warning: `getindex(df::DataFrame, col_inds::Union{AbstractVector, Regex, Not})` is deprecated, use `df[:, col_inds]` instead.
│   caller = macro expansion at deprecated.jl:429 [inlined]
└ @ Core ~/.julia/packages/DataFrames/yH0f6/test/deprecated.jl:429
┌ Warning: `getindex(df::DataFrame, col_ind::ColumnIndex)` is deprecated, use `df[!, col_ind]` instead.
│   caller = macro expansion at deprecated.jl:429 [inlined]
└ @ Core ~/.julia/packages/DataFrames/yH0f6/test/deprecated.jl:429
┌ Warning: `getindex(df::DataFrame, col_inds::Union{AbstractVector, Regex, Not})` is deprecated, use `df[:, col_inds]` instead.
│   caller = macro expansion at deprecated.jl:430 [inlined]
└ @ Core ~/.julia/packages/DataFrames/yH0f6/test/deprecated.jl:430
┌ Warning: `getindex(df::DataFrame, col_ind::ColumnIndex)` is deprecated, use `df[!, col_ind]` instead.
│   caller = macro expansion at deprecated.jl:430 [inlined]
└ @ Core ~/.julia/packages/DataFrames/yH0f6/test/deprecated.jl:430
┌ Warning: `getindex(df::DataFrame, col_inds::Union{AbstractVector, Regex, Not})` is deprecated, use `df[:, col_inds]` instead.
│   caller = macro expansion at deprecated.jl:431 [inlined]
└ @ Core ~/.julia/packages/DataFrames/yH0f6/test/deprecated.jl:431
┌ Warning: `getindex(df::DataFrame, col_ind::ColumnIndex)` is deprecated, use `df[!, col_ind]` instead.
│   caller = macro expansion at deprecated.jl:431 [inlined]
└ @ Core ~/.julia/packages/DataFrames/yH0f6/test/deprecated.jl:431
┌ Warning: `getindex(df::DataFrame, col_inds::Union{AbstractVector, Regex, Not})` is deprecated, use `df[:, col_inds]` instead.
│   caller = macro expansion at deprecated.jl:432 [inlined]
└ @ Core ~/.julia/packages/DataFrames/yH0f6/test/deprecated.jl:432
┌ Warning: `getindex(df::DataFrame, col_ind::ColumnIndex)` is deprecated, use `df[!, col_ind]` instead.
│   caller = macro expansion at deprecated.jl:432 [inlined]
└ @ Core ~/.julia/packages/DataFrames/yH0f6/test/deprecated.jl:432
┌ Warning: `getindex(df::DataFrame, ::Colon)` is deprecated, use `df[:, :]` instead.
│   caller = macro expansion at deprecated.jl:433 [inlined]
└ @ Core ~/.julia/packages/DataFrames/yH0f6/test/deprecated.jl:433
┌ Warning: `getindex(df::DataFrame, col_ind::ColumnIndex)` is deprecated, use `df[!, col_ind]` instead.
│   caller = macro expansion at deprecated.jl:433 [inlined]
└ @ Core ~/.julia/packages/DataFrames/yH0f6/test/deprecated.jl:433
┌ Warning: `getindex(df::DataFrame, ::Colon)` is deprecated, use `df[:, :]` instead.
│   caller = macro expansion at deprecated.jl:434 [inlined]
└ @ Core ~/.julia/packages/DataFrames/yH0f6/test/deprecated.jl:434
┌ Warning: `getindex(df::DataFrame, col_ind::ColumnIndex)` is deprecated, use `df[!, col_ind]` instead.
│   caller = macro expansion at deprecated.jl:434 [inlined]
└ @ Core ~/.julia/packages/DataFrames/yH0f6/test/deprecated.jl:434
┌ Warning: `getindex(df::DataFrame, col_inds::Union{AbstractVector, Regex, Not})` is deprecated, use `df[:, col_inds]` instead.
│   caller = macro expansion at deprecated.jl:435 [inlined]
└ @ Core ~/.julia/packages/DataFrames/yH0f6/test/deprecated.jl:435
┌ Warning: `getindex(df::DataFrame, col_ind::ColumnIndex)` is deprecated, use `df[!, col_ind]` instead.
│   caller = macro expansion at deprecated.jl:435 [inlined]
└ @ Core ~/.julia/packages/DataFrames/yH0f6/test/deprecated.jl:435
┌ Warning: `getindex(df::DataFrame, col_inds::Union{AbstractVector, Regex, Not})` is deprecated, use `df[:, col_inds]` instead.
│   caller = macro expansion at deprecated.jl:436 [inlined]
└ @ Core ~/.julia/packages/DataFrames/yH0f6/test/deprecated.jl:436
┌ Warning: `getindex(df::DataFrame, col_ind::ColumnIndex)` is deprecated, use `df[!, col_ind]` instead.
│   caller = macro expansion at deprecated.jl:436 [inlined]
└ @ Core ~/.julia/packages/DataFrames/yH0f6/test/deprecated.jl:436
┌ Warning: `setindex!(df::DataFrame, v::AbstractVector, col_ind::ColumnIndex)` is deprecated, use `begin
│     df[!, col_ind] = v
│     df
│ end` instead.
│   caller = macro expansion at deprecated.jl:441 [inlined]
└ @ Core ~/.julia/packages/DataFrames/yH0f6/test/deprecated.jl:441
┌ Warning: `setindex!(df::DataFrame, v::AbstractVector, col_ind::ColumnIndex)` is deprecated, use `begin
│     df[!, col_ind] = v
│     df
│ end` instead.
│   caller = macro expansion at deprecated.jl:442 [inlined]
└ @ Core ~/.julia/packages/DataFrames/yH0f6/test/deprecated.jl:442
┌ Warning: `setindex!(df::DataFrame, v::AbstractVector, col_ind::ColumnIndex)` is deprecated, use `begin
│     df[!, col_ind] = v
│     df
│ end` instead.
│   caller = macro expansion at deprecated.jl:443 [inlined]
└ @ Core ~/.julia/packages/DataFrames/yH0f6/test/deprecated.jl:443
┌ Warning: In the future setindex! will disallow adding columnsto a DataFrame using integer index. Use a Symbol to specify a column name instead.
│   caller = setindex!(::DataFrame, ::Array{Int64,1}, ::Int64) at deprecated.jl:55
└ @ DataFrames ./deprecated.jl:55
┌ Warning: `setindex!(df::DataFrame, v::AbstractVector, col_ind::ColumnIndex)` is deprecated, use `begin
│     df[!, col_ind] = v
│     df
│ end` instead.
│   caller = macro expansion at deprecated.jl:444 [inlined]
└ @ Core ~/.julia/packages/DataFrames/yH0f6/test/deprecated.jl:444
┌ Warning: `getindex(df::DataFrame, col_ind::ColumnIndex)` is deprecated, use `df[!, col_ind]` instead.
│   caller = macro expansion at deprecated.jl:459 [inlined]
└ @ Core ~/.julia/packages/DataFrames/yH0f6/test/deprecated.jl:459
┌ Warning: `getindex(df::DataFrame, col_ind::ColumnIndex)` is deprecated, use `df[!, col_ind]` instead.
│   caller = macro expansion at deprecated.jl:459 [inlined]
└ @ Core ~/.julia/packages/DataFrames/yH0f6/test/deprecated.jl:459
┌ Warning: `getindex(df::DataFrame, col_inds::Union{AbstractVector, Regex, Not})` is deprecated, use `df[:, col_inds]` instead.
│   caller = macro expansion at deprecated.jl:460 [inlined]
└ @ Core ~/.julia/packages/DataFrames/yH0f6/test/deprecated.jl:460
┌ Warning: `getindex(df::DataFrame, col_inds::Union{AbstractVector, Regex, Not})` is deprecated, use `df[:, col_inds]` instead.
│   caller = macro expansion at deprecated.jl:460 [inlined]
└ @ Core ~/.julia/packages/DataFrames/yH0f6/test/deprecated.jl:460
┌ Warning: `setindex!(df::DataFrame, v::AbstractVector, col_ind::ColumnIndex)` is deprecated, use `begin
│     df[!, col_ind] = v
│     df
│ end` instead.
│   caller = macro expansion at deprecated.jl:462 [inlined]
└ @ Core ~/.julia/packages/DataFrames/yH0f6/test/deprecated.jl:462
┌ Warning: `setindex!(df::DataFrame, v::AbstractVector, col_ind::ColumnIndex)` is deprecated, use `begin
│     df[!, col_ind] = v
│     df
│ end` instead.
│   caller = macro expansion at deprecated.jl:463 [inlined]
└ @ Core ~/.julia/packages/DataFrames/yH0f6/test/deprecated.jl:463
┌ Warning: `setindex!(df::DataFrame, new_df::DataFrame, col_inds::AbstractVector{<:ColumnIndex})` is deprecated, use `foreach((((j, colind),)->begin
│             df[!, colind] = new_df[!, j]
│         end), enumerate(col_inds))` instead.
│   caller = macro expansion at deprecated.jl:465 [inlined]
└ @ Core ~/.julia/packages/DataFrames/yH0f6/test/deprecated.jl:465
┌ Warning: `setindex!(df::DataFrame, v::AbstractVector, col_ind::ColumnIndex)` is deprecated, use `begin
│     df[!, col_ind] = v
│     df
│ end` instead.
│   caller = macro expansion at deprecated.jl:466 [inlined]
└ @ Core ~/.julia/packages/DataFrames/yH0f6/test/deprecated.jl:466
┌ Warning: `setindex!(df::DataFrame, v::AbstractVector, col_ind::ColumnIndex)` is deprecated, use `begin
│     df[!, col_ind] = v
│     df
│ end` instead.
│   caller = macro expansion at deprecated.jl:467 [inlined]
└ @ Core ~/.julia/packages/DataFrames/yH0f6/test/deprecated.jl:467
┌ Warning: in the future column names in source and target will have to match
│   caller = setindex!(::SubDataFrame{DataFrame,DataFrames.Index,UnitRange{Int64}}, ::DataFrame, ::UnitRange{Int64}) at subdataframe.jl:145
└ @ DataFrames ~/.julia/packages/DataFrames/yH0f6/src/subdataframe/subdataframe.jl:145
┌ Warning: implicit broadcasting in setindex! is deprecated; use `df[:, col_inds] .= Ref(v)` broadcasting assignment to change the columns in place
│   caller = macro expansion at deprecated.jl:475 [inlined]
└ @ Core ~/.julia/packages/DataFrames/yH0f6/test/deprecated.jl:475
┌ Warning: Implicit broadcasting to an existing column in DataFrame assignment is deprecated.Use an explicit broadcast with `df[:, col_ind] .= v`
│   caller = setindex!(::DataFrame, ::Float64, ::UnitRange{Int64}) at deprecated.jl:1456
└ @ DataFrames ~/.julia/packages/DataFrames/yH0f6/src/deprecated.jl:1456
┌ Warning: implicit vector broadcasting in setindex! is deprecated; use `df[:, col_inds] .= Ref(v)` broadcasting assignment to change the columns in place
│   caller = macro expansion at deprecated.jl:480 [inlined]
└ @ Core ~/.julia/packages/DataFrames/yH0f6/test/deprecated.jl:480
┌ Warning: implicit broadcasting in setindex! is deprecated; use `df[:, col_inds] .= Ref(v)` broadcasting assignment to change the columns in place
│   caller = setindex!(::DataFrame, ::Float64, ::Colon, ::UnitRange{Int64}) at deprecated.jl:1584
└ @ DataFrames ~/.julia/packages/DataFrames/yH0f6/src/deprecated.jl:1584
┌ Warning: `setindex!(df::DataFrame, v::AbstractVector, col_inds::AbstractVector{<:ColumnIndex})` is deprecated, use `begin
│     foreach((c->begin
│                 df[!, c] = copy(v)
│             end), col_inds)
│     df
│ end` instead.
│   caller = macro expansion at deprecated.jl:487 [inlined]
└ @ Core ~/.julia/packages/DataFrames/yH0f6/test/deprecated.jl:487
┌ Warning: implicit vector broadcasting in setindex! is deprecated; use `df[:, col_inds] .= Ref(v)` broadcasting assignment to change the columns in place
│   caller = macro expansion at deprecated.jl:496 [inlined]
└ @ Core ~/.julia/packages/DataFrames/yH0f6/test/deprecated.jl:496
┌ Warning: `setindex!(df::DataFrame, v::AbstractVector, col_inds::AbstractVector{<:ColumnIndex})` is deprecated, use `begin
│     foreach((c->begin
│                 df[!, c] = copy(v)
│             end), col_inds)
│     df
│ end` instead.
│   caller = setindex!(::DataFrame, ::Array{Float64,1}, ::Colon, ::UnitRange{Int64}) at deprecated.jl:1584
└ @ DataFrames ~/.julia/packages/DataFrames/yH0f6/src/deprecated.jl:1584
Test Summary:                                        | Pass  Total
df[col] and df[col] for getindex, view, and setindex |  132    132
	[1m[32mPASSED[0m: deprecated.jl
ERROR: LoadError: "Tests failed"
Stacktrace:
 [1] top-level scope at /root/.julia/packages/DataFrames/yH0f6/test/runtests.jl:53
 [2] include at ./boot.jl:317 [inlined]
 [3] include_relative(::Module, ::String) at ./loading.jl:1044
 [4] include(::Module, ::String) at ./sysimg.jl:29
 [5] include(::String) at ./client.jl:392
 [6] top-level scope at none:0
in expression starting at /root/.julia/packages/DataFrames/yH0f6/test/runtests.jl:52
ERROR: Package DataFrames errored during testing
Stacktrace:
 [1] pkgerror(::String, ::Vararg{String,N} where N) at /buildworker/worker/package_linux64/build/usr/share/julia/stdlib/v1.0/Pkg/src/Types.jl:120
 [2] #test#65(::Bool, ::Function, ::Pkg.Types.Context, ::Array{Pkg.Types.PackageSpec,1}) at /buildworker/worker/package_linux64/build/usr/share/julia/stdlib/v1.0/Pkg/src/Operations.jl:1357
 [3] #test at /buildworker/worker/package_linux64/build/usr/share/julia/stdlib/v1.0/Pkg/src/API.jl:0 [inlined]
 [4] #test#44(::Bool, ::Base.Iterators.Pairs{Union{},Union{},Tuple{},NamedTuple{(),Tuple{}}}, ::Function, ::Pkg.Types.Context, ::Array{Pkg.Types.PackageSpec,1}) at /buildworker/worker/package_linux64/build/usr/share/julia/stdlib/v1.0/Pkg/src/API.jl:278
 [5] test at /buildworker/worker/package_linux64/build/usr/share/julia/stdlib/v1.0/Pkg/src/API.jl:263 [inlined]
 [6] #test#43 at /buildworker/worker/package_linux64/build/usr/share/julia/stdlib/v1.0/Pkg/src/API.jl:260 [inlined]
 [7] test at /buildworker/worker/package_linux64/build/usr/share/julia/stdlib/v1.0/Pkg/src/API.jl:260 [inlined]
 [8] #test#42 at /buildworker/worker/package_linux64/build/usr/share/julia/stdlib/v1.0/Pkg/src/API.jl:259 [inlined]
 [9] test at /buildworker/worker/package_linux64/build/usr/share/julia/stdlib/v1.0/Pkg/src/API.jl:259 [inlined]
 [10] #test#41 at /buildworker/worker/package_linux64/build/usr/share/julia/stdlib/v1.0/Pkg/src/API.jl:258 [inlined]
 [11] test(::String) at /buildworker/worker/package_linux64/build/usr/share/julia/stdlib/v1.0/Pkg/src/API.jl:258
 [12] top-level scope at none:0
