 Resolving package versions...
 Installed Requires ────── v0.5.2
 Installed RNGPool ─────── v1.0.1
 Installed Random123 ───── v1.2.0
 Installed RandomNumbers ─ v1.3.0
  Updating `~/.julia/environments/v1.2/Project.toml`
  [c7fc2d14] + RNGPool v1.0.1
  Updating `~/.julia/environments/v1.2/Manifest.toml`
  [c7fc2d14] + RNGPool v1.0.1
  [74087812] + Random123 v1.2.0
  [e6cf234a] + RandomNumbers v1.3.0
  [ae029012] + Requires v0.5.2
  [2a0f44e3] + Base64 
  [8ba89e20] + Distributed 
  [b77e0a4c] + InteractiveUtils 
  [8f399da3] + Libdl 
  [37e2e46d] + LinearAlgebra 
  [56ddb016] + Logging 
  [d6f4376e] + Markdown 
  [9a3f8284] + Random 
  [9e88b42a] + Serialization 
  [6462fe0b] + Sockets 
  [2f01184e] + SparseArrays 
  [10745b16] + Statistics 
  [8dfed614] + Test 
  Building Random123 → `~/.julia/packages/Random123/Y2Du3/deps/build.log`
   Testing RNGPool
 Resolving package versions...
 Installed RNGTest ──────── v1.4.0
 Installed BinaryProvider ─ v0.5.8
  Building RNGTest → `~/.julia/packages/RNGTest/qzR9D/deps/build.log`
    Status `/tmp/jl_mgqv5S/Manifest.toml`
  [b99e7846] BinaryProvider v0.5.8
  [c7fc2d14] RNGPool v1.0.1
  [97cc5700] RNGTest v1.4.0
  [74087812] Random123 v1.2.0
  [e6cf234a] RandomNumbers v1.3.0
  [ae029012] Requires v0.5.2
  [2a0f44e3] Base64  [`@stdlib/Base64`]
  [8ba89e20] Distributed  [`@stdlib/Distributed`]
  [b77e0a4c] InteractiveUtils  [`@stdlib/InteractiveUtils`]
  [8f399da3] Libdl  [`@stdlib/Libdl`]
  [37e2e46d] LinearAlgebra  [`@stdlib/LinearAlgebra`]
  [56ddb016] Logging  [`@stdlib/Logging`]
  [d6f4376e] Markdown  [`@stdlib/Markdown`]
  [9a3f8284] Random  [`@stdlib/Random`]
  [ea8e919c] SHA  [`@stdlib/SHA`]
  [9e88b42a] Serialization  [`@stdlib/Serialization`]
  [6462fe0b] Sockets  [`@stdlib/Sockets`]
  [2f01184e] SparseArrays  [`@stdlib/SparseArrays`]
  [10745b16] Statistics  [`@stdlib/Statistics`]
  [8dfed614] Test  [`@stdlib/Test`]
  2.279693 seconds (2.16 M allocations: 108.226 MiB, 2.47% gc time)
Test Summary:       | Pass  Total
Parallel generation |    1      1
Testing circular RNG with 1 threads
 22.403016 seconds (2.91 M allocations: 153.699 MiB, 1.01% gc time)

Small Crush p-values:

0.5336216850647422
0.3059192165111211
0.36729304502203763
0.7375476659185061
0.8454527762494286
(0.7528381964709098, 0.33508435180647955)
0.8676855900838945
0.08895210398912756
0.4161846243566626
(0.25789424843195463, 0.43370729630880855, 0.12002642379508743, 0.5280749000406999, 0.9836275227317213)
Smallest p-value = 0.08895210398912756
 25.590846 seconds (3.83 M allocations: 200.762 MiB, 1.00% gc time)
Test Summary: | Pass  Total
Small crush   |   10     10
   Testing RNGPool tests passed 
