 Resolving package versions...
 Installed StaticArrays ────── v0.12.1
 Installed ProjectiveVectors ─ v1.1.2
  Updating `~/.julia/environments/v1.0/Project.toml`
  [01f381cc] + ProjectiveVectors v1.1.2
  Updating `~/.julia/environments/v1.0/Manifest.toml`
  [01f381cc] + ProjectiveVectors v1.1.2
  [90137ffa] + StaticArrays v0.12.1
  [8f399da3] + Libdl 
  [37e2e46d] + LinearAlgebra 
  [9a3f8284] + Random 
  [9e88b42a] + Serialization 
  [2f01184e] + SparseArrays 
  [10745b16] + Statistics 
   Testing ProjectiveVectors
 Resolving package versions...
    Status `/tmp/tmpAqxAoq/Manifest.toml`
  [01f381cc] ProjectiveVectors v1.1.2
  [90137ffa] StaticArrays v0.12.1
  [2a0f44e3] Base64  [`@stdlib/Base64`]
  [8ba89e20] Distributed  [`@stdlib/Distributed`]
  [b77e0a4c] InteractiveUtils  [`@stdlib/InteractiveUtils`]
  [8f399da3] Libdl  [`@stdlib/Libdl`]
  [37e2e46d] LinearAlgebra  [`@stdlib/LinearAlgebra`]
  [56ddb016] Logging  [`@stdlib/Logging`]
  [d6f4376e] Markdown  [`@stdlib/Markdown`]
  [9a3f8284] Random  [`@stdlib/Random`]
  [9e88b42a] Serialization  [`@stdlib/Serialization`]
  [6462fe0b] Sockets  [`@stdlib/Sockets`]
  [2f01184e] SparseArrays  [`@stdlib/SparseArrays`]
  [10745b16] Statistics  [`@stdlib/Statistics`]
  [8dfed614] Test  [`@stdlib/Test`]
Test Summary:     | Pass  Total
ProjectiveVectors |   57     57
   Testing ProjectiveVectors tests passed 
