 Resolving package versions...
 Installed DataAPI ───────────────────── v1.1.0
 Installed Missings ──────────────────── v0.4.3
 Installed Showoff ───────────────────── v0.3.1
 Installed TableTraits ───────────────── v1.0.0
 Installed FileIO ────────────────────── v1.0.7
 Installed NearestNeighbors ──────────── v0.4.3
 Installed NamedArrays ───────────────── v0.9.3
 Installed StanMCMCChains ────────────── v5.1.0
 Installed LineSearches ──────────────── v7.0.1
 Installed AbstractFFTs ──────────────── v0.5.0
 Installed DataFrames ────────────────── v0.19.4
 Installed Contour ───────────────────── v0.5.1
 Installed Colors ────────────────────── v0.9.6
 Installed PDMats ────────────────────── v0.9.10
 Installed BinaryProvider ────────────── v0.5.8
 Installed CommonSubexpressions ──────── v0.2.0
 Installed Blosc ─────────────────────── v0.5.1
 Installed HDF5 ──────────────────────── v0.12.5
 Installed CSV ───────────────────────── v0.5.18
 Installed StatsBase ─────────────────── v0.32.0
 Installed Conda ─────────────────────── v1.3.0
 Installed JLD ───────────────────────── v0.9.1
 Installed Measures ──────────────────── v0.3.0
 Installed RangeArrays ───────────────── v0.3.1
 Installed StatsFuns ─────────────────── v0.9.0
 Installed Plots ─────────────────────── v0.27.0
 Installed URIParser ─────────────────── v0.4.0
 Installed AxisAlgorithms ────────────── v1.0.0
 Installed DocStringExtensions ───────── v0.8.1
 Installed DataValueInterfaces ───────── v1.0.0
 Installed Polynomials ───────────────── v0.6.0
 Installed Requires ──────────────────── v0.5.2
 Installed NLSolversBase ─────────────── v7.5.0
 Installed PooledArrays ──────────────── v0.5.2
 Installed InvertedIndices ───────────── v1.0.0
 Installed Reexport ──────────────────── v0.2.0
 Installed Rmath ─────────────────────── v0.5.1
 Installed OffsetArrays ──────────────── v0.11.1
 Installed Widgets ───────────────────── v0.6.2
 Installed Compat ────────────────────── v2.2.0
 Installed ForwardDiff ───────────────── v0.10.6
 Installed OrderedCollections ────────── v1.1.0
 Installed Observables ───────────────── v0.2.3
 Installed FilePathsBase ─────────────── v0.7.0
 Installed Calculus ──────────────────── v0.5.1
 Installed KernelDensity ─────────────── v0.5.1
 Installed Tables ────────────────────── v0.2.11
 Installed Homebrew ──────────────────── v0.7.1
 Installed IterTools ─────────────────── v1.3.0
 Installed CmdStan ───────────────────── v5.2.3
 Installed Combinatorics ─────────────── v0.7.0
 Installed RecipesBase ───────────────── v0.7.0
 Installed WeakRefStrings ────────────── v0.6.1
 Installed FixedPointNumbers ─────────── v0.6.1
 Installed Parsers ───────────────────── v0.3.10
 Installed DataStructures ────────────── v0.17.6
 Installed Distributions ─────────────── v0.21.8
 Installed FillArrays ────────────────── v0.7.4
 Installed DiffRules ─────────────────── v0.1.0
 Installed DiffEqDiffTools ───────────── v1.4.0
 Installed FFMPEG ────────────────────── v0.2.3
 Installed JSON ──────────────────────── v0.21.0
 Installed Ratios ────────────────────── v0.3.1
 Installed ArrayInterface ────────────── v1.2.1
 Installed StatsPlots ────────────────── v0.12.0
 Installed DiffResults ───────────────── v0.0.4
 Installed NaNMath ───────────────────── v0.3.3
 Installed MCMCChains ────────────────── v0.3.15
 Installed StaticArrays ──────────────── v0.12.1
 Installed FFTW ──────────────────────── v1.1.0
 Installed Parameters ────────────────── v0.12.0
 Installed IntervalSets ──────────────── v0.3.2
 Installed IteratorInterfaceExtensions ─ v1.0.0
 Installed Documenter ────────────────── v0.24.0
 Installed GeometryTypes ─────────────── v0.7.6
 Installed DataValues ────────────────── v0.4.12
 Installed QuadGK ────────────────────── v2.1.1
 Installed CategoricalArrays ─────────── v0.7.3
 Installed Interpolations ────────────── v0.12.5
 Installed CMake ─────────────────────── v1.1.2
 Installed PlotUtils ─────────────────── v0.6.1
 Installed WoodburyMatrices ──────────── v0.4.1
 Installed CMakeWrapper ──────────────── v0.2.3
 Installed SortingAlgorithms ─────────── v0.3.1
 Installed VersionParsing ────────────── v1.1.3
 Installed LazyArrays ────────────────── v0.13.1
 Installed Distances ─────────────────── v0.8.2
 Installed MacroTools ────────────────── v0.5.2
 Installed LegacyStrings ─────────────── v0.4.1
 Installed ColorTypes ────────────────── v0.8.0
 Installed Clustering ────────────────── v0.13.3
 Installed PositiveFactorizations ────── v0.2.3
 Installed AxisArrays ────────────────── v0.3.3
 Installed PlotThemes ────────────────── v0.4.0
 Installed SpecialFunctions ──────────── v0.8.0
 Installed Arpack ────────────────────── v0.3.1
 Installed BinDeps ───────────────────── v0.8.10
 Installed Optim ─────────────────────── v0.19.4
 Installed GR ────────────────────────── v0.42.0
  Updating `~/.julia/environments/v1.2/Project.toml`
  [e9003ee5] + StanMCMCChains v5.1.0
  Updating `~/.julia/environments/v1.2/Manifest.toml`
  [621f4979] + AbstractFFTs v0.5.0
  [7d9fca2a] + Arpack v0.3.1
  [4fba245c] + ArrayInterface v1.2.1
  [13072b0f] + AxisAlgorithms v1.0.0
  [39de3d68] + AxisArrays v0.3.3
  [9e28174c] + BinDeps v0.8.10
  [b99e7846] + BinaryProvider v0.5.8
  [a74b3585] + Blosc v0.5.1
  [631607c0] + CMake v1.1.2
  [d5fb7624] + CMakeWrapper v0.2.3
  [336ed68f] + CSV v0.5.18
  [49dc2e85] + Calculus v0.5.1
  [324d7699] + CategoricalArrays v0.7.3
  [aaaa29a8] + Clustering v0.13.3
  [593b3428] + CmdStan v5.2.3
  [3da002f7] + ColorTypes v0.8.0
  [5ae59095] + Colors v0.9.6
  [861a8166] + Combinatorics v0.7.0
  [bbf7d656] + CommonSubexpressions v0.2.0
  [34da2185] + Compat v2.2.0
  [8f4d0f93] + Conda v1.3.0
  [d38c429a] + Contour v0.5.1
  [9a962f9c] + DataAPI v1.1.0
  [a93c6f00] + DataFrames v0.19.4
  [864edb3b] + DataStructures v0.17.6
  [e2d170a0] + DataValueInterfaces v1.0.0
  [e7dc6d0d] + DataValues v0.4.12
  [01453d9d] + DiffEqDiffTools v1.4.0
  [163ba53b] + DiffResults v0.0.4
  [b552c78f] + DiffRules v0.1.0
  [b4f34e82] + Distances v0.8.2
  [31c24e10] + Distributions v0.21.8
  [ffbed154] + DocStringExtensions v0.8.1
  [e30172f5] + Documenter v0.24.0
  [c87230d0] + FFMPEG v0.2.3
  [7a1cc6ca] + FFTW v1.1.0
  [5789e2e9] + FileIO v1.0.7
  [48062228] + FilePathsBase v0.7.0
  [1a297f60] + FillArrays v0.7.4
  [53c48c17] + FixedPointNumbers v0.6.1
  [f6369f11] + ForwardDiff v0.10.6
  [28b8d3ca] + GR v0.42.0
  [4d00f742] + GeometryTypes v0.7.6
  [f67ccb44] + HDF5 v0.12.5
  [d9be37ee] + Homebrew v0.7.1
  [a98d9a8b] + Interpolations v0.12.5
  [8197267c] + IntervalSets v0.3.2
  [41ab1584] + InvertedIndices v1.0.0
  [c8e1da08] + IterTools v1.3.0
  [82899510] + IteratorInterfaceExtensions v1.0.0
  [4138dd39] + JLD v0.9.1
  [682c06a0] + JSON v0.21.0
  [5ab0869b] + KernelDensity v0.5.1
  [5078a376] + LazyArrays v0.13.1
  [1b4a561d] + LegacyStrings v0.4.1
  [d3d80556] + LineSearches v7.0.1
  [c7f686f2] + MCMCChains v0.3.15
  [1914dd2f] + MacroTools v0.5.2
  [442fdcdd] + Measures v0.3.0
  [e1d29d7a] + Missings v0.4.3
  [d41bc354] + NLSolversBase v7.5.0
  [77ba4419] + NaNMath v0.3.3
  [86f7a689] + NamedArrays v0.9.3
  [b8a86587] + NearestNeighbors v0.4.3
  [510215fc] + Observables v0.2.3
  [6fe1bfb0] + OffsetArrays v0.11.1
  [429524aa] + Optim v0.19.4
  [bac558e1] + OrderedCollections v1.1.0
  [90014a1f] + PDMats v0.9.10
  [d96e819e] + Parameters v0.12.0
  [69de0a69] + Parsers v0.3.10
  [ccf2f8ad] + PlotThemes v0.4.0
  [995b91a9] + PlotUtils v0.6.1
  [91a5bcdd] + Plots v0.27.0
  [f27b6e38] + Polynomials v0.6.0
  [2dfb63ee] + PooledArrays v0.5.2
  [85a6dd25] + PositiveFactorizations v0.2.3
  [1fd47b50] + QuadGK v2.1.1
  [b3c3ace0] + RangeArrays v0.3.1
  [c84ed2f1] + Ratios v0.3.1
  [3cdcf5f2] + RecipesBase v0.7.0
  [189a3867] + Reexport v0.2.0
  [ae029012] + Requires v0.5.2
  [79098fc4] + Rmath v0.5.1
  [992d4aef] + Showoff v0.3.1
  [a2af1166] + SortingAlgorithms v0.3.1
  [276daf66] + SpecialFunctions v0.8.0
  [e9003ee5] + StanMCMCChains v5.1.0
  [90137ffa] + StaticArrays v0.12.1
  [2913bbd2] + StatsBase v0.32.0
  [4c63d2b9] + StatsFuns v0.9.0
  [f3b207a7] + StatsPlots v0.12.0
  [3783bdb8] + TableTraits v1.0.0
  [bd369af6] + Tables v0.2.11
  [30578b45] + URIParser v0.4.0
  [81def892] + VersionParsing v1.1.3
  [ea10d353] + WeakRefStrings v0.6.1
  [cc8bc4a8] + Widgets v0.6.2
  [efce3f68] + WoodburyMatrices v0.4.1
  [2a0f44e3] + Base64 
  [ade2ca70] + Dates 
  [8bb1440f] + DelimitedFiles 
  [8ba89e20] + Distributed 
  [9fa8497b] + Future 
  [b77e0a4c] + InteractiveUtils 
  [76f85450] + LibGit2 
  [8f399da3] + Libdl 
  [37e2e46d] + LinearAlgebra 
  [56ddb016] + Logging 
  [d6f4376e] + Markdown 
  [a63ad114] + Mmap 
  [44cfe95a] + Pkg 
  [de0858da] + Printf 
  [9abbd945] + Profile 
  [3fa0cd96] + REPL 
  [9a3f8284] + Random 
  [ea8e919c] + SHA 
  [9e88b42a] + Serialization 
  [1a1011a3] + SharedArrays 
  [6462fe0b] + Sockets 
  [2f01184e] + SparseArrays 
  [10745b16] + Statistics 
  [4607b0f0] + SuiteSparse 
  [8dfed614] + Test 
  [cf7118a7] + UUIDs 
  [4ec0a83e] + Unicode 
  Building CMake ───────────→ `~/.julia/packages/CMake/nSK2r/deps/build.log`
  Building Blosc ───────────→ `~/.julia/packages/Blosc/lzFr0/deps/build.log`
  Building HDF5 ────────────→ `~/.julia/packages/HDF5/Zh9on/deps/build.log`
  Building Conda ───────────→ `~/.julia/packages/Conda/kLXeC/deps/build.log`
  Building GR ──────────────→ `~/.julia/packages/GR/f1Iqi/deps/build.log`
  Building FFMPEG ──────────→ `~/.julia/packages/FFMPEG/bkWgb/deps/build.log`
  Building Plots ───────────→ `~/.julia/packages/Plots/Iuc9S/deps/build.log`
  Building Arpack ──────────→ `~/.julia/packages/Arpack/cu5By/deps/build.log`
  Building SpecialFunctions → `~/.julia/packages/SpecialFunctions/ne2iw/deps/build.log`
  Building Rmath ───────────→ `~/.julia/packages/Rmath/4wt82/deps/build.log`
  Building FFTW ────────────→ `~/.julia/packages/FFTW/loJ3F/deps/build.log`
  Building Homebrew ────────→ `~/.julia/packages/Homebrew/s09IX/deps/build.log`
  Building CmdStan ─────────→ `~/.julia/packages/CmdStan/2cHgp/deps/build.log`
   Testing StanMCMCChains
    Status `/tmp/jl_lALFHR/Manifest.toml`
  [621f4979] AbstractFFTs v0.5.0
  [7d9fca2a] Arpack v0.3.1
  [4fba245c] ArrayInterface v1.2.1
  [13072b0f] AxisAlgorithms v1.0.0
  [39de3d68] AxisArrays v0.3.3
  [9e28174c] BinDeps v0.8.10
  [b99e7846] BinaryProvider v0.5.8
  [a74b3585] Blosc v0.5.1
  [631607c0] CMake v1.1.2
  [d5fb7624] CMakeWrapper v0.2.3
  [336ed68f] CSV v0.5.18
  [49dc2e85] Calculus v0.5.1
  [324d7699] CategoricalArrays v0.7.3
  [aaaa29a8] Clustering v0.13.3
  [593b3428] CmdStan v5.2.3
  [3da002f7] ColorTypes v0.8.0
  [5ae59095] Colors v0.9.6
  [861a8166] Combinatorics v0.7.0
  [bbf7d656] CommonSubexpressions v0.2.0
  [34da2185] Compat v2.2.0
  [8f4d0f93] Conda v1.3.0
  [d38c429a] Contour v0.5.1
  [9a962f9c] DataAPI v1.1.0
  [a93c6f00] DataFrames v0.19.4
  [864edb3b] DataStructures v0.17.6
  [e2d170a0] DataValueInterfaces v1.0.0
  [e7dc6d0d] DataValues v0.4.12
  [01453d9d] DiffEqDiffTools v1.4.0
  [163ba53b] DiffResults v0.0.4
  [b552c78f] DiffRules v0.1.0
  [b4f34e82] Distances v0.8.2
  [31c24e10] Distributions v0.21.8
  [ffbed154] DocStringExtensions v0.8.1
  [e30172f5] Documenter v0.24.0
  [c87230d0] FFMPEG v0.2.3
  [7a1cc6ca] FFTW v1.1.0
  [5789e2e9] FileIO v1.0.7
  [48062228] FilePathsBase v0.7.0
  [1a297f60] FillArrays v0.7.4
  [53c48c17] FixedPointNumbers v0.6.1
  [f6369f11] ForwardDiff v0.10.6
  [28b8d3ca] GR v0.42.0
  [4d00f742] GeometryTypes v0.7.6
  [f67ccb44] HDF5 v0.12.5
  [d9be37ee] Homebrew v0.7.1
  [a98d9a8b] Interpolations v0.12.5
  [8197267c] IntervalSets v0.3.2
  [41ab1584] InvertedIndices v1.0.0
  [c8e1da08] IterTools v1.3.0
  [82899510] IteratorInterfaceExtensions v1.0.0
  [4138dd39] JLD v0.9.1
  [682c06a0] JSON v0.21.0
  [5ab0869b] KernelDensity v0.5.1
  [5078a376] LazyArrays v0.13.1
  [1b4a561d] LegacyStrings v0.4.1
  [d3d80556] LineSearches v7.0.1
  [c7f686f2] MCMCChains v0.3.15
  [1914dd2f] MacroTools v0.5.2
  [442fdcdd] Measures v0.3.0
  [e1d29d7a] Missings v0.4.3
  [d41bc354] NLSolversBase v7.5.0
  [77ba4419] NaNMath v0.3.3
  [86f7a689] NamedArrays v0.9.3
  [b8a86587] NearestNeighbors v0.4.3
  [510215fc] Observables v0.2.3
  [6fe1bfb0] OffsetArrays v0.11.1
  [429524aa] Optim v0.19.4
  [bac558e1] OrderedCollections v1.1.0
  [90014a1f] PDMats v0.9.10
  [d96e819e] Parameters v0.12.0
  [69de0a69] Parsers v0.3.10
  [ccf2f8ad] PlotThemes v0.4.0
  [995b91a9] PlotUtils v0.6.1
  [91a5bcdd] Plots v0.27.0
  [f27b6e38] Polynomials v0.6.0
  [2dfb63ee] PooledArrays v0.5.2
  [85a6dd25] PositiveFactorizations v0.2.3
  [1fd47b50] QuadGK v2.1.1
  [b3c3ace0] RangeArrays v0.3.1
  [c84ed2f1] Ratios v0.3.1
  [3cdcf5f2] RecipesBase v0.7.0
  [189a3867] Reexport v0.2.0
  [ae029012] Requires v0.5.2
  [79098fc4] Rmath v0.5.1
  [992d4aef] Showoff v0.3.1
  [a2af1166] SortingAlgorithms v0.3.1
  [276daf66] SpecialFunctions v0.8.0
  [e9003ee5] StanMCMCChains v5.1.0
  [90137ffa] StaticArrays v0.12.1
  [2913bbd2] StatsBase v0.32.0
  [4c63d2b9] StatsFuns v0.9.0
  [f3b207a7] StatsPlots v0.12.0
  [3783bdb8] TableTraits v1.0.0
  [bd369af6] Tables v0.2.11
  [30578b45] URIParser v0.4.0
  [81def892] VersionParsing v1.1.3
  [ea10d353] WeakRefStrings v0.6.1
  [cc8bc4a8] Widgets v0.6.2
  [efce3f68] WoodburyMatrices v0.4.1
  [2a0f44e3] Base64  [`@stdlib/Base64`]
  [ade2ca70] Dates  [`@stdlib/Dates`]
  [8bb1440f] DelimitedFiles  [`@stdlib/DelimitedFiles`]
  [8ba89e20] Distributed  [`@stdlib/Distributed`]
  [9fa8497b] Future  [`@stdlib/Future`]
  [b77e0a4c] InteractiveUtils  [`@stdlib/InteractiveUtils`]
  [76f85450] LibGit2  [`@stdlib/LibGit2`]
  [8f399da3] Libdl  [`@stdlib/Libdl`]
  [37e2e46d] LinearAlgebra  [`@stdlib/LinearAlgebra`]
  [56ddb016] Logging  [`@stdlib/Logging`]
  [d6f4376e] Markdown  [`@stdlib/Markdown`]
  [a63ad114] Mmap  [`@stdlib/Mmap`]
  [44cfe95a] Pkg  [`@stdlib/Pkg`]
  [de0858da] Printf  [`@stdlib/Printf`]
  [9abbd945] Profile  [`@stdlib/Profile`]
  [3fa0cd96] REPL  [`@stdlib/REPL`]
  [9a3f8284] Random  [`@stdlib/Random`]
  [ea8e919c] SHA  [`@stdlib/SHA`]
  [9e88b42a] Serialization  [`@stdlib/Serialization`]
  [1a1011a3] SharedArrays  [`@stdlib/SharedArrays`]
  [6462fe0b] Sockets  [`@stdlib/Sockets`]
  [2f01184e] SparseArrays  [`@stdlib/SparseArrays`]
  [10745b16] Statistics  [`@stdlib/Statistics`]
  [4607b0f0] SuiteSparse  [`@stdlib/SuiteSparse`]
  [8dfed614] Test  [`@stdlib/Test`]
  [cf7118a7] UUIDs  [`@stdlib/UUIDs`]
  [4ec0a83e] Unicode  [`@stdlib/Unicode`]
┌ Warning: Environment variable CMDSTAN_HOME not set. Use set_cmdstan_home!.
└ @ CmdStan ~/.julia/packages/CmdStan/2cHgp/src/CmdStan.jl:27
WARNING: Method definition convert_a3d(Any, Any, Base.Val{:mcmcchains}) in module CmdStan at /root/.julia/packages/CmdStan/2cHgp/src/utilities/convert_a3d.jl:55 overwritten in module StanMCMCChains at /root/.julia/packages/StanMCMCChains/kuO0o/src/utilities/convert_a3d.jl:6.
  ** incremental compilation may be fatally broken for this module **

┌ Warning: Environment variable CMDSTAN_HOME not set. Use set_cmdstan_home!.
└ @ CmdStan ~/.julia/packages/CmdStan/2cHgp/src/CmdStan.jl:27

Running tests for StanMCMCChains-j1.2-v5.1.0:



  * test_mcmcchains.jl *

StanMCMCChains.jl: Error During Test at /root/.julia/packages/StanMCMCChains/kuO0o/test/runtests.jl:12
  Got exception outside of a @test
  LoadError: LoadError: ArgumentError: Package DataFrames not found in current path:
  - Run `import Pkg; Pkg.add("DataFrames")` to install the DataFrames package.
  
  Stacktrace:
   [1] require(::Module, ::Symbol) at ./loading.jl:876
   [2] include at ./boot.jl:328 [inlined]
   [3] include_relative(::Module, ::String) at ./loading.jl:1094
   [4] include(::Module, ::String) at ./Base.jl:31
   [5] include(::String) at ./client.jl:431
   [6] (::getfield(Main, Symbol("##3#4")))() at /root/.julia/packages/StanMCMCChains/kuO0o/test/test_mcmcchains.jl:8
   [7] cd(::getfield(Main, Symbol("##3#4")), ::String) at ./file.jl:96
   [8] top-level scope at /root/.julia/packages/StanMCMCChains/kuO0o/test/test_mcmcchains.jl:4
   [9] include at ./boot.jl:328 [inlined]
   [10] include_relative(::Module, ::String) at ./loading.jl:1094
   [11] include(::Module, ::String) at ./Base.jl:31
   [12] include(::String) at ./client.jl:431
   [13] top-level scope at /root/.julia/packages/StanMCMCChains/kuO0o/test/runtests.jl:16
   [14] top-level scope at /buildworker/worker/package_linux64/build/usr/share/julia/stdlib/v1.2/Test/src/Test.jl:1113
   [15] top-level scope at /root/.julia/packages/StanMCMCChains/kuO0o/test/runtests.jl:14
   [16] include at ./boot.jl:328 [inlined]
   [17] include_relative(::Module, ::String) at ./loading.jl:1094
   [18] include(::Module, ::String) at ./Base.jl:31
   [19] include(::String) at ./client.jl:431
   [20] top-level scope at none:5
   [21] eval(::Module, ::Any) at ./boot.jl:330
   [22] exec_options(::Base.JLOptions) at ./client.jl:271
   [23] _start() at ./client.jl:464
  in expression starting at /root/.julia/packages/StanMCMCChains/kuO0o/examples/mcmcchains/mcmcchains.jl:1
  in expression starting at /root/.julia/packages/StanMCMCChains/kuO0o/test/test_mcmcchains.jl:4
  
Test Summary:     | Error  Total
StanMCMCChains.jl |     1      1
ERROR: LoadError: Some tests did not pass: 0 passed, 0 failed, 1 errored, 0 broken.
in expression starting at /root/.julia/packages/StanMCMCChains/kuO0o/test/runtests.jl:12
ERROR: Package StanMCMCChains errored during testing
Stacktrace:
 [1] pkgerror(::String, ::Vararg{String,N} where N) at /buildworker/worker/package_linux64/build/usr/share/julia/stdlib/v1.2/Pkg/src/Types.jl:112
 [2] #test#119(::Bool, ::Nothing, ::typeof(Pkg.Operations.test), ::Pkg.Types.Context, ::Array{Pkg.Types.PackageSpec,1}) at /buildworker/worker/package_linux64/build/usr/share/julia/stdlib/v1.2/Pkg/src/Operations.jl:1288
 [3] #test at ./none:0 [inlined]
 [4] #test#62(::Bool, ::Nothing, ::Base.Iterators.Pairs{Union{},Union{},Tuple{},NamedTuple{(),Tuple{}}}, ::typeof(Pkg.API.test), ::Pkg.Types.Context, ::Array{Pkg.Types.PackageSpec,1}) at /buildworker/worker/package_linux64/build/usr/share/julia/stdlib/v1.2/Pkg/src/API.jl:245
 [5] test at /buildworker/worker/package_linux64/build/usr/share/julia/stdlib/v1.2/Pkg/src/API.jl:233 [inlined]
 [6] #test#61 at /buildworker/worker/package_linux64/build/usr/share/julia/stdlib/v1.2/Pkg/src/API.jl:230 [inlined]
 [7] test at /buildworker/worker/package_linux64/build/usr/share/julia/stdlib/v1.2/Pkg/src/API.jl:230 [inlined]
 [8] #test#60 at /buildworker/worker/package_linux64/build/usr/share/julia/stdlib/v1.2/Pkg/src/API.jl:229 [inlined]
 [9] test at /buildworker/worker/package_linux64/build/usr/share/julia/stdlib/v1.2/Pkg/src/API.jl:229 [inlined]
 [10] #test#59(::Base.Iterators.Pairs{Union{},Union{},Tuple{},NamedTuple{(),Tuple{}}}, ::typeof(Pkg.API.test), ::String) at /buildworker/worker/package_linux64/build/usr/share/julia/stdlib/v1.2/Pkg/src/API.jl:228
 [11] test(::String) at /buildworker/worker/package_linux64/build/usr/share/julia/stdlib/v1.2/Pkg/src/API.jl:228
 [12] top-level scope at none:10
