 Resolving package versions...
 Installed YaoQASM ────────────── v0.1.0
 Installed Tokenize ───────────── v0.5.6
 Installed DataAPI ────────────── v1.1.0
 Installed CSTParser ──────────── v1.0.0
 Installed YaoArrayRegister ───── v0.5.1
 Installed DataStructures ─────── v0.17.6
 Installed MacroTools ─────────── v0.5.1
 Installed YaoBase ────────────── v0.11.2
 Installed TupleTools ─────────── v1.2.0
 Installed SortingAlgorithms ──── v0.3.1
 Installed PrettyPrint ────────── v0.1.0
 Installed StatsBase ──────────── v0.32.0
 Installed LuxurySparse ───────── v0.5.0
 Installed StaticArrays ───────── v0.12.1
 Installed YaoBlocks ──────────── v0.7.3
 Installed SimpleTraits ───────── v0.9.1
 Installed FillArrays ─────────── v0.8.2
 Installed RBNF ───────────────── v0.1.0
 Installed LegibleLambdas ─────── v0.2.0
 Installed OrderedCollections ─── v1.1.0
 Installed Missings ───────────── v0.4.3
 Installed MLStyle ────────────── v0.3.1
 Installed BitBasis ───────────── v0.6.0
 Installed Compat ─────────────── v3.0.0
 Installed CacheServers ───────── v0.2.0
   Cloning [d4d017d3-3776-5f7e-afef-a10c40355c18] ExponentialUtilities from https://github.com/JuliaDiffEq/ExponentialUtilities.jl.git
[?25l    Fetching: [>                                        ]  0.0 %[2K[?25h[ Info: Installed ExponentialUtilities ─ v1.5.1
  Updating `~/.julia/environments/v1.0/Project.toml`
  [949d951a] + YaoQASM v0.1.0
  Updating `~/.julia/environments/v1.0/Manifest.toml`
  [50ba71b6] + BitBasis v0.6.0
  [00ebfdb7] + CSTParser v1.0.0
  [a921213e] + CacheServers v0.2.0
  [34da2185] + Compat v3.0.0
  [9a962f9c] + DataAPI v1.1.0
  [864edb3b] + DataStructures v0.17.6
  [d4d017d3] + ExponentialUtilities v1.5.1
  [1a297f60] + FillArrays v0.8.2
  [f1f30506] + LegibleLambdas v0.2.0
  [d05aeea4] + LuxurySparse v0.5.0
  [d8e11817] + MLStyle v0.3.1
  [1914dd2f] + MacroTools v0.5.1
  [e1d29d7a] + Missings v0.4.3
  [bac558e1] + OrderedCollections v1.1.0
  [8162dcfd] + PrettyPrint v0.1.0
  [83ef0002] + RBNF v0.1.0
  [699a6c99] + SimpleTraits v0.9.1
  [a2af1166] + SortingAlgorithms v0.3.1
  [90137ffa] + StaticArrays v0.12.1
  [2913bbd2] + StatsBase v0.32.0
  [0796e94c] + Tokenize v0.5.6
  [9d95972d] + TupleTools v1.2.0
  [e600142f] + YaoArrayRegister v0.5.1
  [a8f54c17] + YaoBase v0.11.2
  [418bc28f] + YaoBlocks v0.7.3
  [949d951a] + YaoQASM v0.1.0
  [2a0f44e3] + Base64 
  [ade2ca70] + Dates 
  [8bb1440f] + DelimitedFiles 
  [8ba89e20] + Distributed 
  [b77e0a4c] + InteractiveUtils 
  [76f85450] + LibGit2 
  [8f399da3] + Libdl 
  [37e2e46d] + LinearAlgebra 
  [56ddb016] + Logging 
  [d6f4376e] + Markdown 
  [a63ad114] + Mmap 
  [44cfe95a] + Pkg 
  [de0858da] + Printf 
  [3fa0cd96] + REPL 
  [9a3f8284] + Random 
  [ea8e919c] + SHA 
  [9e88b42a] + Serialization 
  [1a1011a3] + SharedArrays 
  [6462fe0b] + Sockets 
  [2f01184e] + SparseArrays 
  [10745b16] + Statistics 
  [8dfed614] + Test 
  [cf7118a7] + UUIDs 
  [4ec0a83e] + Unicode 
   Testing YaoQASM
 Resolving package versions...
    Status `/tmp/tmpLvoJVw/Manifest.toml`
  [50ba71b6] BitBasis v0.6.0
  [00ebfdb7] CSTParser v1.0.0
  [a921213e] CacheServers v0.2.0
  [34da2185] Compat v3.0.0
  [9a962f9c] DataAPI v1.1.0
  [864edb3b] DataStructures v0.17.6
  [d4d017d3] ExponentialUtilities v1.5.1
  [1a297f60] FillArrays v0.8.2
  [f1f30506] LegibleLambdas v0.2.0
  [d05aeea4] LuxurySparse v0.5.0
  [d8e11817] MLStyle v0.3.1
  [1914dd2f] MacroTools v0.5.1
  [e1d29d7a] Missings v0.4.3
  [bac558e1] OrderedCollections v1.1.0
  [8162dcfd] PrettyPrint v0.1.0
  [83ef0002] RBNF v0.1.0
  [699a6c99] SimpleTraits v0.9.1
  [a2af1166] SortingAlgorithms v0.3.1
  [90137ffa] StaticArrays v0.12.1
  [2913bbd2] StatsBase v0.32.0
  [0796e94c] Tokenize v0.5.6
  [9d95972d] TupleTools v1.2.0
  [e600142f] YaoArrayRegister v0.5.1
  [a8f54c17] YaoBase v0.11.2
  [418bc28f] YaoBlocks v0.7.3
  [949d951a] YaoQASM v0.1.0
  [2a0f44e3] Base64  [`@stdlib/Base64`]
  [ade2ca70] Dates  [`@stdlib/Dates`]
  [8bb1440f] DelimitedFiles  [`@stdlib/DelimitedFiles`]
  [8ba89e20] Distributed  [`@stdlib/Distributed`]
  [b77e0a4c] InteractiveUtils  [`@stdlib/InteractiveUtils`]
  [76f85450] LibGit2  [`@stdlib/LibGit2`]
  [8f399da3] Libdl  [`@stdlib/Libdl`]
  [37e2e46d] LinearAlgebra  [`@stdlib/LinearAlgebra`]
  [56ddb016] Logging  [`@stdlib/Logging`]
  [d6f4376e] Markdown  [`@stdlib/Markdown`]
  [a63ad114] Mmap  [`@stdlib/Mmap`]
  [44cfe95a] Pkg  [`@stdlib/Pkg`]
  [de0858da] Printf  [`@stdlib/Printf`]
  [3fa0cd96] REPL  [`@stdlib/REPL`]
  [9a3f8284] Random  [`@stdlib/Random`]
  [ea8e919c] SHA  [`@stdlib/SHA`]
  [9e88b42a] Serialization  [`@stdlib/Serialization`]
  [1a1011a3] SharedArrays  [`@stdlib/SharedArrays`]
  [6462fe0b] Sockets  [`@stdlib/Sockets`]
  [2f01184e] SparseArrays  [`@stdlib/SparseArrays`]
  [10745b16] Statistics  [`@stdlib/Statistics`]
  [8dfed614] Test  [`@stdlib/Test`]
  [cf7118a7] UUIDs  [`@stdlib/UUIDs`]
  [4ec0a83e] Unicode  [`@stdlib/Unicode`]
WARNING: Compat.Markdown is deprecated, use Markdown instead.
  likely near /root/.julia/packages/MacroTools/ys44U/src/MacroTools.jl:4
WARNING: Compat.Random is deprecated, use Random instead.
  likely near /root/.julia/packages/MacroTools/ys44U/src/MacroTools.jl:35
ERROR: LoadError: ArgumentError: Package Yao not found in current path:
- Run `import Pkg; Pkg.add("Yao")` to install the Yao package.

Stacktrace:
 [1] require(::Module, ::Symbol) at ./loading.jl:823
 [2] include at ./boot.jl:317 [inlined]
 [3] include_relative(::Module, ::String) at ./loading.jl:1044
 [4] include(::Module, ::String) at ./sysimg.jl:29
 [5] include(::String) at ./client.jl:392
 [6] top-level scope at none:0
in expression starting at /root/.julia/packages/YaoQASM/Hd9m9/test/runtests.jl:1
ERROR: Package YaoQASM errored during testing
Stacktrace:
 [1] pkgerror(::String, ::Vararg{String,N} where N) at /buildworker/worker/package_linux64/build/usr/share/julia/stdlib/v1.0/Pkg/src/Types.jl:120
 [2] #test#65(::Bool, ::Function, ::Pkg.Types.Context, ::Array{Pkg.Types.PackageSpec,1}) at /buildworker/worker/package_linux64/build/usr/share/julia/stdlib/v1.0/Pkg/src/Operations.jl:1357
 [3] #test at /buildworker/worker/package_linux64/build/usr/share/julia/stdlib/v1.0/Pkg/src/API.jl:0 [inlined]
 [4] #test#44(::Bool, ::Base.Iterators.Pairs{Union{},Union{},Tuple{},NamedTuple{(),Tuple{}}}, ::Function, ::Pkg.Types.Context, ::Array{Pkg.Types.PackageSpec,1}) at /buildworker/worker/package_linux64/build/usr/share/julia/stdlib/v1.0/Pkg/src/API.jl:278
 [5] test at /buildworker/worker/package_linux64/build/usr/share/julia/stdlib/v1.0/Pkg/src/API.jl:263 [inlined]
 [6] #test#43 at /buildworker/worker/package_linux64/build/usr/share/julia/stdlib/v1.0/Pkg/src/API.jl:260 [inlined]
 [7] test at /buildworker/worker/package_linux64/build/usr/share/julia/stdlib/v1.0/Pkg/src/API.jl:260 [inlined]
 [8] #test#42 at /buildworker/worker/package_linux64/build/usr/share/julia/stdlib/v1.0/Pkg/src/API.jl:259 [inlined]
 [9] test at /buildworker/worker/package_linux64/build/usr/share/julia/stdlib/v1.0/Pkg/src/API.jl:259 [inlined]
 [10] #test#41 at /buildworker/worker/package_linux64/build/usr/share/julia/stdlib/v1.0/Pkg/src/API.jl:258 [inlined]
 [11] test(::String) at /buildworker/worker/package_linux64/build/usr/share/julia/stdlib/v1.0/Pkg/src/API.jl:258
 [12] top-level scope at none:0
