 Resolving package versions...
 Installed URIParser ─────── v0.4.0
 Installed HTTPClient ────── v0.2.1
 Installed WinRPM ────────── v0.4.2
 Installed LibExpat ──────── v0.5.0
 Installed BinDeps ───────── v0.8.10
 Installed BufferedStreams ─ v1.0.0
 Installed BinaryProvider ── v0.5.8
 Installed JuliaManager ──── v0.1.1
 Installed LibCURL ───────── v0.5.2
 Installed Libz ──────────── v1.0.0
 Installed Compat ────────── v2.2.0
 Installed PackageCompiler ─ v0.6.4
  Updating `~/.julia/environments/v1.0/Project.toml`
  [0cdbb3b1] + JuliaManager v0.1.1
  Updating `~/.julia/environments/v1.0/Manifest.toml`
  [9e28174c] + BinDeps v0.8.10
  [b99e7846] + BinaryProvider v0.5.8
  [e1450e63] + BufferedStreams v1.0.0
  [34da2185] + Compat v2.2.0
  [0862f596] + HTTPClient v0.2.1
  [0cdbb3b1] + JuliaManager v0.1.1
  [b27032c2] + LibCURL v0.5.2
  [522f3ed2] + LibExpat v0.5.0
  [2ec943e9] + Libz v1.0.0
  [9b87118b] + PackageCompiler v0.6.4
  [30578b45] + URIParser v0.4.0
  [c17dfb99] + WinRPM v0.4.2
  [2a0f44e3] + Base64 
  [ade2ca70] + Dates 
  [8bb1440f] + DelimitedFiles 
  [8ba89e20] + Distributed 
  [b77e0a4c] + InteractiveUtils 
  [76f85450] + LibGit2 
  [8f399da3] + Libdl 
  [37e2e46d] + LinearAlgebra 
  [56ddb016] + Logging 
  [d6f4376e] + Markdown 
  [a63ad114] + Mmap 
  [44cfe95a] + Pkg 
  [de0858da] + Printf 
  [3fa0cd96] + REPL 
  [9a3f8284] + Random 
  [ea8e919c] + SHA 
  [9e88b42a] + Serialization 
  [1a1011a3] + SharedArrays 
  [6462fe0b] + Sockets 
  [2f01184e] + SparseArrays 
  [10745b16] + Statistics 
  [8dfed614] + Test 
  [cf7118a7] + UUIDs 
  [4ec0a83e] + Unicode 
  Building LibCURL ────────→ `~/.julia/packages/LibCURL/lWJxD/deps/build.log`
  Building WinRPM ─────────→ `~/.julia/packages/WinRPM/Y9QdZ/deps/build.log`
  Building PackageCompiler → `~/.julia/packages/PackageCompiler/CJQcs/deps/build.log`
   Testing JuliaManager
 Resolving package versions...
    Status `/tmp/tmpD8FFcO/Manifest.toml`
  [9e28174c] BinDeps v0.8.10
  [b99e7846] BinaryProvider v0.5.8
  [e1450e63] BufferedStreams v1.0.0
  [34da2185] Compat v2.2.0
  [0862f596] HTTPClient v0.2.1
  [0cdbb3b1] JuliaManager v0.1.1
  [b27032c2] LibCURL v0.5.2
  [522f3ed2] LibExpat v0.5.0
  [2ec943e9] Libz v1.0.0
  [9b87118b] PackageCompiler v0.6.4
  [30578b45] URIParser v0.4.0
  [c17dfb99] WinRPM v0.4.2
  [2a0f44e3] Base64  [`@stdlib/Base64`]
  [ade2ca70] Dates  [`@stdlib/Dates`]
  [8bb1440f] DelimitedFiles  [`@stdlib/DelimitedFiles`]
  [8ba89e20] Distributed  [`@stdlib/Distributed`]
  [b77e0a4c] InteractiveUtils  [`@stdlib/InteractiveUtils`]
  [76f85450] LibGit2  [`@stdlib/LibGit2`]
  [8f399da3] Libdl  [`@stdlib/Libdl`]
  [37e2e46d] LinearAlgebra  [`@stdlib/LinearAlgebra`]
  [56ddb016] Logging  [`@stdlib/Logging`]
  [d6f4376e] Markdown  [`@stdlib/Markdown`]
  [a63ad114] Mmap  [`@stdlib/Mmap`]
  [44cfe95a] Pkg  [`@stdlib/Pkg`]
  [de0858da] Printf  [`@stdlib/Printf`]
  [3fa0cd96] REPL  [`@stdlib/REPL`]
  [9a3f8284] Random  [`@stdlib/Random`]
  [ea8e919c] SHA  [`@stdlib/SHA`]
  [9e88b42a] Serialization  [`@stdlib/Serialization`]
  [1a1011a3] SharedArrays  [`@stdlib/SharedArrays`]
  [6462fe0b] Sockets  [`@stdlib/Sockets`]
  [2f01184e] SparseArrays  [`@stdlib/SparseArrays`]
  [10745b16] Statistics  [`@stdlib/Statistics`]
  [8dfed614] Test  [`@stdlib/Test`]
  [cf7118a7] UUIDs  [`@stdlib/UUIDs`]
  [4ec0a83e] Unicode  [`@stdlib/Unicode`]
[ Info: Installing CLI `jlm` at /root/.julia/bin/jlm
Sys.which("jlm") = "/root/.julia/packages/JuliaManager/JwCvZ/jlm/jlm"
[ Info: jlm --help
usage: jlm [-h] [--version] [--dry-run] [--verbose] [--pdb] [--jlm-dir PATH]
           {run,init,set-default,set-sysimage,unset-sysimage,create-default-sysimage,install-backend,update-backend,info,locate}
           ...

Command line interface to manage Julia's system images.

positional arguments:
  {run,init,set-default,set-sysimage,unset-sysimage,create-default-sysimage,install-backend,update-backend,info,locate}
    run                 Run `julia` executable with appropriate system image.
    init                Initialize `jlm`.
    set-default         Set default Julia executable to be used.
    set-sysimage        Set system image for `juila`.
    unset-sysimage      Unset system image for `juila`.
    create-default-sysimage
                        Compile default system image for `julia`.
    install-backend     Install JuliaManager.jl for this `julia`.
    update-backend      Update JuliaManager.jl for this `julia`.
    info                Print information about jlm setup.
    locate              Show paths to related files and directories

optional arguments:
  -h, --help            show this help message and exit
  --version             show program's version number and exit
  --dry-run
  --verbose, -v
  --pdb
  --jlm-dir PATH        Specify the `.jlm` directory which is created by `jlm
                        init` and stores information for `jlm`. By default,
                        `.jlm` directory found in the nearest "ancestor"
                        directory is used. Run `jlm locate dir` to locate the
                        actual directory that would be used. (default: None)
[ Info: jlm create-default-sysimage
Julia executable `julia` is not found.
test set: Error During Test at /root/.julia/packages/JuliaManager/JwCvZ/test/destructive_tests.jl:10
  Test threw exception
  Expression: run(#= /root/.julia/packages/JuliaManager/JwCvZ/test/destructive_tests.jl:35 =# @cmd("jlm create-default-sysimage")) isa Any
  failed process: Process(`jlm create-default-sysimage`, ProcessExited(1)) [1]
  Stacktrace:
   [1] error(::String, ::Base.Process, ::String, ::Int64, ::String) at ./error.jl:42
   [2] pipeline_error at ./process.jl:705 [inlined]
   [3] #run#505(::Bool, ::Function, ::Cmd) at ./process.jl:663
   [4] run(::Cmd) at ./process.jl:661
   [5] top-level scope at util.jl:156
   [6] include at ./boot.jl:317 [inlined]
   [7] include_relative(::Module, ::String) at ./loading.jl:1044
   [8] include at ./sysimg.jl:29 [inlined]
   [9] include(::String) at /root/.julia/packages/JuliaManager/JwCvZ/test/runtests.jl:1
   [10] macro expansion at /root/.julia/packages/JuliaManager/JwCvZ/test/runtests.jl:6 [inlined]
   [11] macro expansion at /buildworker/worker/package_linux64/build/usr/share/julia/stdlib/v1.0/Test/src/Test.jl:1083 [inlined]
   [12] top-level scope at /root/.julia/packages/JuliaManager/JwCvZ/test/runtests.jl:6 [inlined]
   [13] top-level scope at ./none:0
  3.769460 seconds (3.18 M allocations: 154.103 MiB, 1.48% gc time)
/usr/bin/python3: No module named pip
test set: Error During Test at /root/.julia/packages/JuliaManager/JwCvZ/test/runtests.jl:6
  Got exception outside of a @test
  LoadError: failed process: Process(`python3 -m pip install --user tox`, ProcessExited(1)) [1]
  Stacktrace:
   [1] error(::String, ::Base.Process, ::String, ::Int64, ::String) at ./error.jl:42
   [2] pipeline_error at ./process.jl:705 [inlined]
   [3] #run#505(::Bool, ::Function, ::Cmd) at ./process.jl:663
   [4] run(::Cmd) at ./process.jl:661
   [5] top-level scope at /root/.julia/packages/JuliaManager/JwCvZ/test/destructive_tests.jl:38
   [6] include at ./boot.jl:317 [inlined]
   [7] include_relative(::Module, ::String) at ./loading.jl:1044
   [8] include at ./sysimg.jl:29 [inlined]
   [9] include(::String) at /root/.julia/packages/JuliaManager/JwCvZ/test/runtests.jl:1
   [10] macro expansion at /root/.julia/packages/JuliaManager/JwCvZ/test/runtests.jl:6 [inlined]
   [11] macro expansion at /buildworker/worker/package_linux64/build/usr/share/julia/stdlib/v1.0/Test/src/Test.jl:1083 [inlined]
   [12] top-level scope at /root/.julia/packages/JuliaManager/JwCvZ/test/runtests.jl:6 [inlined]
   [13] top-level scope at ./none:0
   [14] include at ./boot.jl:317 [inlined]
   [15] include_relative(::Module, ::String) at ./loading.jl:1044
   [16] include(::Module, ::String) at ./sysimg.jl:29
   [17] include(::String) at ./client.jl:392
   [18] top-level scope at none:0
   [19] eval(::Module, ::Any) at ./boot.jl:319
   [20] exec_options(::Base.JLOptions) at ./client.jl:243
   [21] _start() at ./client.jl:425
  in expression starting at /root/.julia/packages/JuliaManager/JwCvZ/test/destructive_tests.jl:37
Test Summary: | Pass  Error  Total
test set      |    3      2      5
ERROR: LoadError: Some tests did not pass: 3 passed, 0 failed, 2 errored, 0 broken.
in expression starting at /root/.julia/packages/JuliaManager/JwCvZ/test/runtests.jl:5
ERROR: Package JuliaManager errored during testing
Stacktrace:
 [1] pkgerror(::String, ::Vararg{String,N} where N) at /buildworker/worker/package_linux64/build/usr/share/julia/stdlib/v1.0/Pkg/src/Types.jl:120
 [2] #test#65(::Bool, ::Function, ::Pkg.Types.Context, ::Array{Pkg.Types.PackageSpec,1}) at /buildworker/worker/package_linux64/build/usr/share/julia/stdlib/v1.0/Pkg/src/Operations.jl:1357
 [3] #test at /buildworker/worker/package_linux64/build/usr/share/julia/stdlib/v1.0/Pkg/src/API.jl:0 [inlined]
 [4] #test#44(::Bool, ::Base.Iterators.Pairs{Union{},Union{},Tuple{},NamedTuple{(),Tuple{}}}, ::Function, ::Pkg.Types.Context, ::Array{Pkg.Types.PackageSpec,1}) at /buildworker/worker/package_linux64/build/usr/share/julia/stdlib/v1.0/Pkg/src/API.jl:278
 [5] test at /buildworker/worker/package_linux64/build/usr/share/julia/stdlib/v1.0/Pkg/src/API.jl:263 [inlined]
 [6] #test#43 at /buildworker/worker/package_linux64/build/usr/share/julia/stdlib/v1.0/Pkg/src/API.jl:260 [inlined]
 [7] test at /buildworker/worker/package_linux64/build/usr/share/julia/stdlib/v1.0/Pkg/src/API.jl:260 [inlined]
 [8] #test#42 at /buildworker/worker/package_linux64/build/usr/share/julia/stdlib/v1.0/Pkg/src/API.jl:259 [inlined]
 [9] test at /buildworker/worker/package_linux64/build/usr/share/julia/stdlib/v1.0/Pkg/src/API.jl:259 [inlined]
 [10] #test#41 at /buildworker/worker/package_linux64/build/usr/share/julia/stdlib/v1.0/Pkg/src/API.jl:258 [inlined]
 [11] test(::String) at /buildworker/worker/package_linux64/build/usr/share/julia/stdlib/v1.0/Pkg/src/API.jl:258
 [12] top-level scope at none:0
