 Resolving package versions...
 Installed RecipesBase ───────── v0.7.0
 Installed Combinatorics ─────── v0.7.0
 Installed Parsers ───────────── v0.3.10
 Installed PolynomialRings ───── v0.4.0
 Installed DataStructures ────── v0.17.6
 Installed DocStringExtensions ─ v0.8.1
 Installed JSON ──────────────── v0.21.0
 Installed Documenter ────────── v0.24.0
 Installed OrderedCollections ── v1.1.0
 Installed InPlace ───────────── v0.2.0
 Installed IterTools ─────────── v1.3.0
 Installed Polynomials ───────── v0.6.0
 Installed ProgressMeter ─────── v0.9.0
  Updating `~/.julia/environments/v1.2/Project.toml`
  [c8ed2632] + PolynomialRings v0.4.0
  Updating `~/.julia/environments/v1.2/Manifest.toml`
  [861a8166] + Combinatorics v0.7.0
  [864edb3b] + DataStructures v0.17.6
  [ffbed154] + DocStringExtensions v0.8.1
  [e30172f5] + Documenter v0.24.0
  [12a7aed9] + InPlace v0.2.0
  [c8e1da08] + IterTools v1.3.0
  [682c06a0] + JSON v0.21.0
  [bac558e1] + OrderedCollections v1.1.0
  [69de0a69] + Parsers v0.3.10
  [c8ed2632] + PolynomialRings v0.4.0
  [f27b6e38] + Polynomials v0.6.0
  [92933f4c] + ProgressMeter v0.9.0
  [3cdcf5f2] + RecipesBase v0.7.0
  [2a0f44e3] + Base64 
  [ade2ca70] + Dates 
  [8ba89e20] + Distributed 
  [b77e0a4c] + InteractiveUtils 
  [76f85450] + LibGit2 
  [8f399da3] + Libdl 
  [37e2e46d] + LinearAlgebra 
  [56ddb016] + Logging 
  [d6f4376e] + Markdown 
  [a63ad114] + Mmap 
  [44cfe95a] + Pkg 
  [de0858da] + Printf 
  [3fa0cd96] + REPL 
  [9a3f8284] + Random 
  [ea8e919c] + SHA 
  [9e88b42a] + Serialization 
  [6462fe0b] + Sockets 
  [2f01184e] + SparseArrays 
  [8dfed614] + Test 
  [cf7118a7] + UUIDs 
  [4ec0a83e] + Unicode 
   Testing PolynomialRings
    Status `/tmp/jl_otxqSn/Manifest.toml`
  [861a8166] Combinatorics v0.7.0
  [864edb3b] DataStructures v0.17.6
  [ffbed154] DocStringExtensions v0.8.1
  [e30172f5] Documenter v0.24.0
  [12a7aed9] InPlace v0.2.0
  [c8e1da08] IterTools v1.3.0
  [682c06a0] JSON v0.21.0
  [bac558e1] OrderedCollections v1.1.0
  [69de0a69] Parsers v0.3.10
  [c8ed2632] PolynomialRings v0.4.0
  [f27b6e38] Polynomials v0.6.0
  [92933f4c] ProgressMeter v0.9.0
  [3cdcf5f2] RecipesBase v0.7.0
  [2a0f44e3] Base64  [`@stdlib/Base64`]
  [ade2ca70] Dates  [`@stdlib/Dates`]
  [8ba89e20] Distributed  [`@stdlib/Distributed`]
  [b77e0a4c] InteractiveUtils  [`@stdlib/InteractiveUtils`]
  [76f85450] LibGit2  [`@stdlib/LibGit2`]
  [8f399da3] Libdl  [`@stdlib/Libdl`]
  [37e2e46d] LinearAlgebra  [`@stdlib/LinearAlgebra`]
  [56ddb016] Logging  [`@stdlib/Logging`]
  [d6f4376e] Markdown  [`@stdlib/Markdown`]
  [a63ad114] Mmap  [`@stdlib/Mmap`]
  [44cfe95a] Pkg  [`@stdlib/Pkg`]
  [de0858da] Printf  [`@stdlib/Printf`]
  [3fa0cd96] REPL  [`@stdlib/REPL`]
  [9a3f8284] Random  [`@stdlib/Random`]
  [ea8e919c] SHA  [`@stdlib/SHA`]
  [9e88b42a] Serialization  [`@stdlib/Serialization`]
  [6462fe0b] Sockets  [`@stdlib/Sockets`]
  [2f01184e] SparseArrays  [`@stdlib/SparseArrays`]
  [8dfed614] Test  [`@stdlib/Test`]
  [cf7118a7] UUIDs  [`@stdlib/UUIDs`]
  [4ec0a83e] Unicode  [`@stdlib/Unicode`]
WARNING: Method definition keytype(AbstractArray{T, N} where N where T) in module Base at abstractarray.jl:124 overwritten in module Modules at /root/.julia/packages/PolynomialRings/9DkFe/src/PolynomialRings/Modules.jl:24.
  ** incremental compilation may be fatally broken for this module **

Test Summary:   | Pass  Total
PolynomialRings |  343    343
   Testing PolynomialRings tests passed 
