 Resolving package versions...
 Installed Reexport ──────────── v0.2.0
 Installed RecursiveArrayTools ─ v1.0.2
 Installed Tokenize ──────────── v0.5.6
 Installed Requires ──────────── v0.5.2
 Installed OrderedCollections ── v1.1.0
 Installed StaticArrays ──────── v0.12.1
 Installed MacroTools ────────── v0.5.1
 Installed BinningAnalysis ───── v0.3.2
 Installed ArrayInterface ────── v1.2.1
 Installed RecipesBase ───────── v0.7.0
 Installed Compat ────────────── v3.0.0
 Installed CSTParser ─────────── v1.0.0
 Installed DataStructures ────── v0.17.6
 Installed Lazy ──────────────── v0.14.0
  Updating `~/.julia/environments/v1.0/Project.toml`
  [b7192094] + BinningAnalysis v0.3.2
  Updating `~/.julia/environments/v1.0/Manifest.toml`
  [4fba245c] + ArrayInterface v1.2.1
  [b7192094] + BinningAnalysis v0.3.2
  [00ebfdb7] + CSTParser v1.0.0
  [34da2185] + Compat v3.0.0
  [864edb3b] + DataStructures v0.17.6
  [50d2b5c4] + Lazy v0.14.0
  [1914dd2f] + MacroTools v0.5.1
  [bac558e1] + OrderedCollections v1.1.0
  [3cdcf5f2] + RecipesBase v0.7.0
  [731186ca] + RecursiveArrayTools v1.0.2
  [189a3867] + Reexport v0.2.0
  [ae029012] + Requires v0.5.2
  [90137ffa] + StaticArrays v0.12.1
  [0796e94c] + Tokenize v0.5.6
  [2a0f44e3] + Base64 
  [ade2ca70] + Dates 
  [8bb1440f] + DelimitedFiles 
  [8ba89e20] + Distributed 
  [b77e0a4c] + InteractiveUtils 
  [76f85450] + LibGit2 
  [8f399da3] + Libdl 
  [37e2e46d] + LinearAlgebra 
  [56ddb016] + Logging 
  [d6f4376e] + Markdown 
  [a63ad114] + Mmap 
  [44cfe95a] + Pkg 
  [de0858da] + Printf 
  [3fa0cd96] + REPL 
  [9a3f8284] + Random 
  [ea8e919c] + SHA 
  [9e88b42a] + Serialization 
  [1a1011a3] + SharedArrays 
  [6462fe0b] + Sockets 
  [2f01184e] + SparseArrays 
  [10745b16] + Statistics 
  [8dfed614] + Test 
  [cf7118a7] + UUIDs 
  [4ec0a83e] + Unicode 
   Testing BinningAnalysis
 Resolving package versions...
    Status `/tmp/tmp72JdSD/Manifest.toml`
  [4fba245c] ArrayInterface v1.2.1
  [b7192094] BinningAnalysis v0.3.2
  [00ebfdb7] CSTParser v1.0.0
  [34da2185] Compat v3.0.0
  [864edb3b] DataStructures v0.17.6
  [50d2b5c4] Lazy v0.14.0
  [1914dd2f] MacroTools v0.5.1
  [bac558e1] OrderedCollections v1.1.0
  [3cdcf5f2] RecipesBase v0.7.0
  [731186ca] RecursiveArrayTools v1.0.2
  [189a3867] Reexport v0.2.0
  [ae029012] Requires v0.5.2
  [90137ffa] StaticArrays v0.12.1
  [0796e94c] Tokenize v0.5.6
  [2a0f44e3] Base64  [`@stdlib/Base64`]
  [ade2ca70] Dates  [`@stdlib/Dates`]
  [8bb1440f] DelimitedFiles  [`@stdlib/DelimitedFiles`]
  [8ba89e20] Distributed  [`@stdlib/Distributed`]
  [b77e0a4c] InteractiveUtils  [`@stdlib/InteractiveUtils`]
  [76f85450] LibGit2  [`@stdlib/LibGit2`]
  [8f399da3] Libdl  [`@stdlib/Libdl`]
  [37e2e46d] LinearAlgebra  [`@stdlib/LinearAlgebra`]
  [56ddb016] Logging  [`@stdlib/Logging`]
  [d6f4376e] Markdown  [`@stdlib/Markdown`]
  [a63ad114] Mmap  [`@stdlib/Mmap`]
  [44cfe95a] Pkg  [`@stdlib/Pkg`]
  [de0858da] Printf  [`@stdlib/Printf`]
  [3fa0cd96] REPL  [`@stdlib/REPL`]
  [9a3f8284] Random  [`@stdlib/Random`]
  [ea8e919c] SHA  [`@stdlib/SHA`]
  [9e88b42a] Serialization  [`@stdlib/Serialization`]
  [1a1011a3] SharedArrays  [`@stdlib/SharedArrays`]
  [6462fe0b] Sockets  [`@stdlib/Sockets`]
  [2f01184e] SparseArrays  [`@stdlib/SparseArrays`]
  [10745b16] Statistics  [`@stdlib/Statistics`]
  [8dfed614] Test  [`@stdlib/Test`]
  [cf7118a7] UUIDs  [`@stdlib/UUIDs`]
  [4ec0a83e] Unicode  [`@stdlib/Unicode`]
WARNING: Compat.Markdown is deprecated, use Markdown instead.
  likely near /root/.julia/packages/MacroTools/ys44U/src/MacroTools.jl:4
WARNING: Compat.Random is deprecated, use Random instead.
  likely near /root/.julia/packages/MacroTools/ys44U/src/MacroTools.jl:35
Test Summary: | Pass  Total
All Tests     |  304    304
   Testing BinningAnalysis tests passed 
