 Resolving package versions...
 Installed Formatting ─ v0.4.1
  Updating `~/.julia/environments/v1.2/Project.toml`
  [59287772] + Formatting v0.4.1
  Updating `~/.julia/environments/v1.2/Manifest.toml`
  [59287772] + Formatting v0.4.1
  [de0858da] + Printf 
  [4ec0a83e] + Unicode 
   Testing Formatting
 Resolving package versions...
    Status `/tmp/jl_ZTIAZs/Manifest.toml`
  [59287772] Formatting v0.4.1
  [2a0f44e3] Base64  [`@stdlib/Base64`]
  [8ba89e20] Distributed  [`@stdlib/Distributed`]
  [b77e0a4c] InteractiveUtils  [`@stdlib/InteractiveUtils`]
  [56ddb016] Logging  [`@stdlib/Logging`]
  [d6f4376e] Markdown  [`@stdlib/Markdown`]
  [de0858da] Printf  [`@stdlib/Printf`]
  [9a3f8284] Random  [`@stdlib/Random`]
  [9e88b42a] Serialization  [`@stdlib/Serialization`]
  [6462fe0b] Sockets  [`@stdlib/Sockets`]
  [8dfed614] Test  [`@stdlib/Test`]
  [4ec0a83e] Unicode  [`@stdlib/Unicode`]
test cformat equality...
...Done
 14.972366 seconds (8.49 M allocations: 474.202 MiB, 2.48% gc time)

Test speed
integer @sprintf speed
  0.120237 seconds (848.25 k allocations: 51.512 MiB, 8.39% gc time)
integer sprintf speed
 24.578604 seconds (8.82 M allocations: 513.865 MiB, 0.69% gc time)
integer sprintf speed, bypass repeated lookup
  0.153305 seconds (1.42 M allocations: 59.061 MiB, 6.42% gc time)

float64 @sprintf speed
  0.176571 seconds (899.16 k allocations: 54.142 MiB, 9.09% gc time)
float64 sprintf speed
 25.983574 seconds (8.65 M allocations: 512.191 MiB, 0.71% gc time)
float64 sprintf speed, bypass repeated lookup
  0.204467 seconds (1.45 M allocations: 60.537 MiB, 2.22% gc time)

test commas...
test format...
   Testing Formatting tests passed 
