 Resolving package versions...
 Installed SimpleTraits ──────── v0.9.1
 Installed TimerOutputs ──────── v0.5.3
 Installed Inflate ───────────── v0.1.1
 Installed Compat ────────────── v2.2.0
 Installed StochOptInterface ─── v0.0.1
 Installed OrderedCollections ── v1.1.0
 Installed DataStructures ────── v0.17.6
 Installed LightGraphs ───────── v1.3.0
 Installed DocStringExtensions ─ v0.8.1
 Installed ArnoldiMethod ─────── v0.0.4
 Installed MacroTools ────────── v0.5.2
 Installed StaticArrays ──────── v0.12.1
  Updating `~/.julia/environments/v1.2/Project.toml`
  [ddbffdd9] + StochOptInterface v0.0.1
  Updating `~/.julia/environments/v1.2/Manifest.toml`
  [ec485272] + ArnoldiMethod v0.0.4
  [34da2185] + Compat v2.2.0
  [864edb3b] + DataStructures v0.17.6
  [ffbed154] + DocStringExtensions v0.8.1
  [d25df0c9] + Inflate v0.1.1
  [093fc24a] + LightGraphs v1.3.0
  [1914dd2f] + MacroTools v0.5.2
  [bac558e1] + OrderedCollections v1.1.0
  [699a6c99] + SimpleTraits v0.9.1
  [90137ffa] + StaticArrays v0.12.1
  [ddbffdd9] + StochOptInterface v0.0.1
  [a759f4b9] + TimerOutputs v0.5.3
  [2a0f44e3] + Base64 
  [ade2ca70] + Dates 
  [8bb1440f] + DelimitedFiles 
  [8ba89e20] + Distributed 
  [b77e0a4c] + InteractiveUtils 
  [76f85450] + LibGit2 
  [8f399da3] + Libdl 
  [37e2e46d] + LinearAlgebra 
  [56ddb016] + Logging 
  [d6f4376e] + Markdown 
  [a63ad114] + Mmap 
  [44cfe95a] + Pkg 
  [de0858da] + Printf 
  [3fa0cd96] + REPL 
  [9a3f8284] + Random 
  [ea8e919c] + SHA 
  [9e88b42a] + Serialization 
  [1a1011a3] + SharedArrays 
  [6462fe0b] + Sockets 
  [2f01184e] + SparseArrays 
  [10745b16] + Statistics 
  [8dfed614] + Test 
  [cf7118a7] + UUIDs 
  [4ec0a83e] + Unicode 
   Testing StochOptInterface
    Status `/tmp/jl_nDHXdj/Manifest.toml`
  [ec485272] ArnoldiMethod v0.0.4
  [34da2185] Compat v2.2.0
  [864edb3b] DataStructures v0.17.6
  [ffbed154] DocStringExtensions v0.8.1
  [d25df0c9] Inflate v0.1.1
  [093fc24a] LightGraphs v1.3.0
  [1914dd2f] MacroTools v0.5.2
  [bac558e1] OrderedCollections v1.1.0
  [699a6c99] SimpleTraits v0.9.1
  [90137ffa] StaticArrays v0.12.1
  [ddbffdd9] StochOptInterface v0.0.1
  [a759f4b9] TimerOutputs v0.5.3
  [2a0f44e3] Base64  [`@stdlib/Base64`]
  [ade2ca70] Dates  [`@stdlib/Dates`]
  [8bb1440f] DelimitedFiles  [`@stdlib/DelimitedFiles`]
  [8ba89e20] Distributed  [`@stdlib/Distributed`]
  [b77e0a4c] InteractiveUtils  [`@stdlib/InteractiveUtils`]
  [76f85450] LibGit2  [`@stdlib/LibGit2`]
  [8f399da3] Libdl  [`@stdlib/Libdl`]
  [37e2e46d] LinearAlgebra  [`@stdlib/LinearAlgebra`]
  [56ddb016] Logging  [`@stdlib/Logging`]
  [d6f4376e] Markdown  [`@stdlib/Markdown`]
  [a63ad114] Mmap  [`@stdlib/Mmap`]
  [44cfe95a] Pkg  [`@stdlib/Pkg`]
  [de0858da] Printf  [`@stdlib/Printf`]
  [3fa0cd96] REPL  [`@stdlib/REPL`]
  [9a3f8284] Random  [`@stdlib/Random`]
  [ea8e919c] SHA  [`@stdlib/SHA`]
  [9e88b42a] Serialization  [`@stdlib/Serialization`]
  [1a1011a3] SharedArrays  [`@stdlib/SharedArrays`]
  [6462fe0b] Sockets  [`@stdlib/Sockets`]
  [2f01184e] SparseArrays  [`@stdlib/SparseArrays`]
  [10745b16] Statistics  [`@stdlib/Statistics`]
  [8dfed614] Test  [`@stdlib/Test`]
  [cf7118a7] UUIDs  [`@stdlib/UUIDs`]
  [4ec0a83e] Unicode  [`@stdlib/Unicode`]
Test Summary:      | Pass  Total
Stopping Criterion |    4      4
Iteration 1
 ────────────────────────────────────────────────────────────────────
                             Time                   Allocations      
                     ──────────────────────   ───────────────────────
  Tot / % measured:       1.71s / 0.00%           11.7MiB / 0.00%    

 Section     ncalls     time   %tot     avg     alloc   %tot      avg
 ────────────────────────────────────────────────────────────────────
 ────────────────────────────────────────────────────────────────────
Exact Lower Bound: 0.0
Monte-Carlo Upper Bound: 0.0

Iteration 2
 ────────────────────────────────────────────────────────────────────
                             Time                   Allocations      
                     ──────────────────────   ───────────────────────
  Tot / % measured:       146μs / 0.00%           2.25KiB / 0.00%    

 Section     ncalls     time   %tot     avg     alloc   %tot      avg
 ────────────────────────────────────────────────────────────────────
 ────────────────────────────────────────────────────────────────────
Exact Lower Bound: 0.0
Monte-Carlo Upper Bound: 0.0

Iteration 3
 ────────────────────────────────────────────────────────────────────
                             Time                   Allocations      
                     ──────────────────────   ───────────────────────
  Tot / % measured:      37.9μs / 0.00%           2.25KiB / 0.00%    

 Section     ncalls     time   %tot     avg     alloc   %tot      avg
 ────────────────────────────────────────────────────────────────────
 ────────────────────────────────────────────────────────────────────
Exact Lower Bound: 0.0
Monte-Carlo Upper Bound: 0.0

Iteration 4
 ────────────────────────────────────────────────────────────────────
                             Time                   Allocations      
                     ──────────────────────   ───────────────────────
  Tot / % measured:      52.2μs / 0.00%           2.25KiB / 0.00%    

 Section     ncalls     time   %tot     avg     alloc   %tot      avg
 ────────────────────────────────────────────────────────────────────
 ────────────────────────────────────────────────────────────────────
Exact Lower Bound: 0.0
Monte-Carlo Upper Bound: 0.0

Iteration 5
 ────────────────────────────────────────────────────────────────────
                             Time                   Allocations      
                     ──────────────────────   ───────────────────────
  Tot / % measured:      50.8μs / 0.00%           2.33KiB / 0.00%    

 Section     ncalls     time   %tot     avg     alloc   %tot      avg
 ────────────────────────────────────────────────────────────────────
 ────────────────────────────────────────────────────────────────────
Exact Lower Bound: 0.0
Monte-Carlo Upper Bound: 0.0

Iteration 6
 ────────────────────────────────────────────────────────────────────
                             Time                   Allocations      
                     ──────────────────────   ───────────────────────
  Tot / % measured:      46.0μs / 0.00%           2.25KiB / 0.00%    

 Section     ncalls     time   %tot     avg     alloc   %tot      avg
 ────────────────────────────────────────────────────────────────────
 ────────────────────────────────────────────────────────────────────
Exact Lower Bound: 0.0
Monte-Carlo Upper Bound: 0.0

Iteration 7
 ────────────────────────────────────────────────────────────────────
                             Time                   Allocations      
                     ──────────────────────   ───────────────────────
  Tot / % measured:      49.7μs / 0.00%           2.25KiB / 0.00%    

 Section     ncalls     time   %tot     avg     alloc   %tot      avg
 ────────────────────────────────────────────────────────────────────
 ────────────────────────────────────────────────────────────────────
Exact Lower Bound: 0.0
Monte-Carlo Upper Bound: 0.0

Iteration 8
 ────────────────────────────────────────────────────────────────────
                             Time                   Allocations      
                     ──────────────────────   ───────────────────────
  Tot / % measured:      76.1μs / 0.00%           2.25KiB / 0.00%    

 Section     ncalls     time   %tot     avg     alloc   %tot      avg
 ────────────────────────────────────────────────────────────────────
 ────────────────────────────────────────────────────────────────────
Exact Lower Bound: 0.0
Monte-Carlo Upper Bound: 0.0

Iteration 9
 ────────────────────────────────────────────────────────────────────
                             Time                   Allocations      
                     ──────────────────────   ───────────────────────
  Tot / % measured:      40.4μs / 0.00%           2.39KiB / 0.00%    

 Section     ncalls     time   %tot     avg     alloc   %tot      avg
 ────────────────────────────────────────────────────────────────────
 ────────────────────────────────────────────────────────────────────
Exact Lower Bound: 0.0
Monte-Carlo Upper Bound: 0.0

Iteration 10
 ─────────────────────────────────────────────────────────────────────
                              Time                   Allocations      
                      ──────────────────────   ───────────────────────
   Tot / % measured:      47.9μs / 0.00%           2.25KiB / 0.00%    

 Section      ncalls     time   %tot     avg     alloc   %tot      avg
 ─────────────────────────────────────────────────────────────────────
 ─────────────────────────────────────────────────────────────────────
Exact Lower Bound: 0.0
Monte-Carlo Upper Bound: 0.0

Iteration 11
 ─────────────────────────────────────────────────────────────────────
                              Time                   Allocations      
                      ──────────────────────   ───────────────────────
   Tot / % measured:      51.1μs / 0.00%           3.63KiB / 0.00%    

 Section      ncalls     time   %tot     avg     alloc   %tot      avg
 ─────────────────────────────────────────────────────────────────────
 ─────────────────────────────────────────────────────────────────────
Exact Lower Bound: 0.0
Monte-Carlo Upper Bound: 0.0

Iteration 12
 ─────────────────────────────────────────────────────────────────────
                              Time                   Allocations      
                      ──────────────────────   ───────────────────────
   Tot / % measured:      34.5μs / 0.00%           2.25KiB / 0.00%    

 Section      ncalls     time   %tot     avg     alloc   %tot      avg
 ─────────────────────────────────────────────────────────────────────
 ─────────────────────────────────────────────────────────────────────
Exact Lower Bound: 0.0
Monte-Carlo Upper Bound: 0.0

Iteration 13
 ─────────────────────────────────────────────────────────────────────
                              Time                   Allocations      
                      ──────────────────────   ───────────────────────
   Tot / % measured:      31.0μs / 0.00%           2.25KiB / 0.00%    

 Section      ncalls     time   %tot     avg     alloc   %tot      avg
 ─────────────────────────────────────────────────────────────────────
 ─────────────────────────────────────────────────────────────────────
Exact Lower Bound: 0.0
Monte-Carlo Upper Bound: 0.0

Iteration 14
 ─────────────────────────────────────────────────────────────────────
                              Time                   Allocations      
                      ──────────────────────   ───────────────────────
   Tot / % measured:      52.1μs / 0.00%           2.25KiB / 0.00%    

 Section      ncalls     time   %tot     avg     alloc   %tot      avg
 ─────────────────────────────────────────────────────────────────────
 ─────────────────────────────────────────────────────────────────────
Exact Lower Bound: 0.0
Monte-Carlo Upper Bound: 0.0

Iteration 15
 ─────────────────────────────────────────────────────────────────────
                              Time                   Allocations      
                      ──────────────────────   ───────────────────────
   Tot / % measured:      36.4μs / 0.00%           2.25KiB / 0.00%    

 Section      ncalls     time   %tot     avg     alloc   %tot      avg
 ─────────────────────────────────────────────────────────────────────
 ─────────────────────────────────────────────────────────────────────
Exact Lower Bound: 0.0
Monte-Carlo Upper Bound: 0.0

Iteration 16
 ─────────────────────────────────────────────────────────────────────
                              Time                   Allocations      
                      ──────────────────────   ───────────────────────
   Tot / % measured:      40.3μs / 0.00%           2.25KiB / 0.00%    

 Section      ncalls     time   %tot     avg     alloc   %tot      avg
 ─────────────────────────────────────────────────────────────────────
 ─────────────────────────────────────────────────────────────────────
Exact Lower Bound: 0.0
Monte-Carlo Upper Bound: 0.0

Iteration 17
 ─────────────────────────────────────────────────────────────────────
                              Time                   Allocations      
                      ──────────────────────   ───────────────────────
   Tot / % measured:      29.3μs / 0.00%           2.52KiB / 0.00%    

 Section      ncalls     time   %tot     avg     alloc   %tot      avg
 ─────────────────────────────────────────────────────────────────────
 ─────────────────────────────────────────────────────────────────────
Exact Lower Bound: 0.0
Monte-Carlo Upper Bound: 0.0

Iteration 18
 ─────────────────────────────────────────────────────────────────────
                              Time                   Allocations      
                      ──────────────────────   ───────────────────────
   Tot / % measured:      32.2μs / 0.00%           2.25KiB / 0.00%    

 Section      ncalls     time   %tot     avg     alloc   %tot      avg
 ─────────────────────────────────────────────────────────────────────
 ─────────────────────────────────────────────────────────────────────
Exact Lower Bound: 0.0
Monte-Carlo Upper Bound: 0.0

Iteration 19
 ─────────────────────────────────────────────────────────────────────
                              Time                   Allocations      
                      ──────────────────────   ───────────────────────
   Tot / % measured:      34.3μs / 0.00%           2.25KiB / 0.00%    

 Section      ncalls     time   %tot     avg     alloc   %tot      avg
 ─────────────────────────────────────────────────────────────────────
 ─────────────────────────────────────────────────────────────────────
Exact Lower Bound: 0.0
Monte-Carlo Upper Bound: 0.0

Iteration 20
 ─────────────────────────────────────────────────────────────────────
                              Time                   Allocations      
                      ──────────────────────   ───────────────────────
   Tot / % measured:      30.6μs / 0.00%           2.25KiB / 0.00%    

 Section      ncalls     time   %tot     avg     alloc   %tot      avg
 ─────────────────────────────────────────────────────────────────────
 ─────────────────────────────────────────────────────────────────────
Exact Lower Bound: 0.0
Monte-Carlo Upper Bound: 0.0

Iteration 21
 ─────────────────────────────────────────────────────────────────────
                              Time                   Allocations      
                      ──────────────────────   ───────────────────────
   Tot / % measured:      29.9μs / 0.00%           2.25KiB / 0.00%    

 Section      ncalls     time   %tot     avg     alloc   %tot      avg
 ─────────────────────────────────────────────────────────────────────
 ─────────────────────────────────────────────────────────────────────
Exact Lower Bound: 0.0
Monte-Carlo Upper Bound: 0.0

Iteration 22
 ─────────────────────────────────────────────────────────────────────
                              Time                   Allocations      
                      ──────────────────────   ───────────────────────
   Tot / % measured:      29.7μs / 0.00%           2.25KiB / 0.00%    

 Section      ncalls     time   %tot     avg     alloc   %tot      avg
 ─────────────────────────────────────────────────────────────────────
 ─────────────────────────────────────────────────────────────────────
Exact Lower Bound: 0.0
Monte-Carlo Upper Bound: 0.0

Iteration 23
 ─────────────────────────────────────────────────────────────────────
                              Time                   Allocations      
                      ──────────────────────   ───────────────────────
   Tot / % measured:      31.7μs / 0.00%           2.25KiB / 0.00%    

 Section      ncalls     time   %tot     avg     alloc   %tot      avg
 ─────────────────────────────────────────────────────────────────────
 ─────────────────────────────────────────────────────────────────────
Exact Lower Bound: 0.0
Monte-Carlo Upper Bound: 0.0

Iteration 24
 ─────────────────────────────────────────────────────────────────────
                              Time                   Allocations      
                      ──────────────────────   ───────────────────────
   Tot / % measured:       180μs / 0.00%           2.25KiB / 0.00%    

 Section      ncalls     time   %tot     avg     alloc   %tot      avg
 ─────────────────────────────────────────────────────────────────────
 ─────────────────────────────────────────────────────────────────────
Exact Lower Bound: 0.0
Monte-Carlo Upper Bound: 0.0

Iteration 25
 ─────────────────────────────────────────────────────────────────────
                              Time                   Allocations      
                      ──────────────────────   ───────────────────────
   Tot / % measured:      44.4μs / 0.00%           2.25KiB / 0.00%    

 Section      ncalls     time   %tot     avg     alloc   %tot      avg
 ─────────────────────────────────────────────────────────────────────
 ─────────────────────────────────────────────────────────────────────
Exact Lower Bound: 0.0
Monte-Carlo Upper Bound: 0.0

Iteration 26
 ─────────────────────────────────────────────────────────────────────
                              Time                   Allocations      
                      ──────────────────────   ───────────────────────
   Tot / % measured:       365μs / 0.00%           2.25KiB / 0.00%    

 Section      ncalls     time   %tot     avg     alloc   %tot      avg
 ─────────────────────────────────────────────────────────────────────
 ─────────────────────────────────────────────────────────────────────
Exact Lower Bound: 0.0
Monte-Carlo Upper Bound: 0.0

Iteration 27
 ─────────────────────────────────────────────────────────────────────
                              Time                   Allocations      
                      ──────────────────────   ───────────────────────
   Tot / % measured:       251μs / 0.00%           2.25KiB / 0.00%    

 Section      ncalls     time   %tot     avg     alloc   %tot      avg
 ─────────────────────────────────────────────────────────────────────
 ─────────────────────────────────────────────────────────────────────
Exact Lower Bound: 0.0
Monte-Carlo Upper Bound: 0.0

Iteration 28
 ─────────────────────────────────────────────────────────────────────
                              Time                   Allocations      
                      ──────────────────────   ───────────────────────
   Tot / % measured:       257μs / 0.00%           2.25KiB / 0.00%    

 Section      ncalls     time   %tot     avg     alloc   %tot      avg
 ─────────────────────────────────────────────────────────────────────
 ─────────────────────────────────────────────────────────────────────
Exact Lower Bound: 0.0
Monte-Carlo Upper Bound: 0.0

Iteration 29
 ─────────────────────────────────────────────────────────────────────
                              Time                   Allocations      
                      ──────────────────────   ───────────────────────
   Tot / % measured:       261μs / 0.00%           2.25KiB / 0.00%    

 Section      ncalls     time   %tot     avg     alloc   %tot      avg
 ─────────────────────────────────────────────────────────────────────
 ─────────────────────────────────────────────────────────────────────
Exact Lower Bound: 0.0
Monte-Carlo Upper Bound: 0.0

Iteration 30
 ─────────────────────────────────────────────────────────────────────
                              Time                   Allocations      
                      ──────────────────────   ───────────────────────
   Tot / % measured:       260μs / 0.00%           2.25KiB / 0.00%    

 Section      ncalls     time   %tot     avg     alloc   %tot      avg
 ─────────────────────────────────────────────────────────────────────
 ─────────────────────────────────────────────────────────────────────
Exact Lower Bound: 0.0
Monte-Carlo Upper Bound: 0.0

Iteration 31
 ─────────────────────────────────────────────────────────────────────
                              Time                   Allocations      
                      ──────────────────────   ───────────────────────
   Tot / % measured:       266μs / 0.00%           2.25KiB / 0.00%    

 Section      ncalls     time   %tot     avg     alloc   %tot      avg
 ─────────────────────────────────────────────────────────────────────
 ─────────────────────────────────────────────────────────────────────
Exact Lower Bound: 0.0
Monte-Carlo Upper Bound: 0.0

Iteration 32
 ─────────────────────────────────────────────────────────────────────
                              Time                   Allocations      
                      ──────────────────────   ───────────────────────
   Tot / % measured:       263μs / 0.00%           2.25KiB / 0.00%    

 Section      ncalls     time   %tot     avg     alloc   %tot      avg
 ─────────────────────────────────────────────────────────────────────
 ─────────────────────────────────────────────────────────────────────
Exact Lower Bound: 0.0
Monte-Carlo Upper Bound: 0.0

Iteration 33
 ─────────────────────────────────────────────────────────────────────
                              Time                   Allocations      
                      ──────────────────────   ───────────────────────
   Tot / % measured:       270μs / 0.00%           2.78KiB / 0.00%    

 Section      ncalls     time   %tot     avg     alloc   %tot      avg
 ─────────────────────────────────────────────────────────────────────
 ─────────────────────────────────────────────────────────────────────
Exact Lower Bound: 0.0
Monte-Carlo Upper Bound: 0.0

Iteration 34
 ─────────────────────────────────────────────────────────────────────
                              Time                   Allocations      
                      ──────────────────────   ───────────────────────
   Tot / % measured:       217μs / 0.00%           2.25KiB / 0.00%    

 Section      ncalls     time   %tot     avg     alloc   %tot      avg
 ─────────────────────────────────────────────────────────────────────
 ─────────────────────────────────────────────────────────────────────
Exact Lower Bound: 0.0
Monte-Carlo Upper Bound: 0.0

Iteration 35
 ─────────────────────────────────────────────────────────────────────
                              Time                   Allocations      
                      ──────────────────────   ───────────────────────
   Tot / % measured:       144μs / 0.00%           2.25KiB / 0.00%    

 Section      ncalls     time   %tot     avg     alloc   %tot      avg
 ─────────────────────────────────────────────────────────────────────
 ─────────────────────────────────────────────────────────────────────
Exact Lower Bound: 0.0
Monte-Carlo Upper Bound: 0.0

Iteration 36
 ─────────────────────────────────────────────────────────────────────
                              Time                   Allocations      
                      ──────────────────────   ───────────────────────
   Tot / % measured:      56.4μs / 0.00%           2.25KiB / 0.00%    

 Section      ncalls     time   %tot     avg     alloc   %tot      avg
 ─────────────────────────────────────────────────────────────────────
 ─────────────────────────────────────────────────────────────────────
Exact Lower Bound: 0.0
Monte-Carlo Upper Bound: 0.0

Iteration 37
 ─────────────────────────────────────────────────────────────────────
                              Time                   Allocations      
                      ──────────────────────   ───────────────────────
   Tot / % measured:       100μs / 0.00%           2.25KiB / 0.00%    

 Section      ncalls     time   %tot     avg     alloc   %tot      avg
 ─────────────────────────────────────────────────────────────────────
 ─────────────────────────────────────────────────────────────────────
Exact Lower Bound: 0.0
Monte-Carlo Upper Bound: 0.0

Iteration 38
 ─────────────────────────────────────────────────────────────────────
                              Time                   Allocations      
                      ──────────────────────   ───────────────────────
   Tot / % measured:       167μs / 0.00%           2.25KiB / 0.00%    

 Section      ncalls     time   %tot     avg     alloc   %tot      avg
 ─────────────────────────────────────────────────────────────────────
 ─────────────────────────────────────────────────────────────────────
Exact Lower Bound: 0.0
Monte-Carlo Upper Bound: 0.0

Iteration 39
 ─────────────────────────────────────────────────────────────────────
                              Time                   Allocations      
                      ──────────────────────   ───────────────────────
   Tot / % measured:      78.7μs / 0.00%           2.25KiB / 0.00%    

 Section      ncalls     time   %tot     avg     alloc   %tot      avg
 ─────────────────────────────────────────────────────────────────────
 ─────────────────────────────────────────────────────────────────────
Exact Lower Bound: 0.0
Monte-Carlo Upper Bound: 0.0

Iteration 40
 ─────────────────────────────────────────────────────────────────────
                              Time                   Allocations      
                      ──────────────────────   ───────────────────────
   Tot / % measured:      73.6μs / 0.00%           2.25KiB / 0.00%    

 Section      ncalls     time   %tot     avg     alloc   %tot      avg
 ─────────────────────────────────────────────────────────────────────
 ─────────────────────────────────────────────────────────────────────
Exact Lower Bound: 0.0
Monte-Carlo Upper Bound: 0.0

Iteration 41
 ─────────────────────────────────────────────────────────────────────
                              Time                   Allocations      
                      ──────────────────────   ───────────────────────
   Tot / % measured:      67.5μs / 0.00%           2.25KiB / 0.00%    

 Section      ncalls     time   %tot     avg     alloc   %tot      avg
 ─────────────────────────────────────────────────────────────────────
 ─────────────────────────────────────────────────────────────────────
Exact Lower Bound: 0.0
Monte-Carlo Upper Bound: 0.0

Iteration 42
 ─────────────────────────────────────────────────────────────────────
                              Time                   Allocations      
                      ──────────────────────   ───────────────────────
   Tot / % measured:      56.0μs / 0.00%           2.25KiB / 0.00%    

 Section      ncalls     time   %tot     avg     alloc   %tot      avg
 ─────────────────────────────────────────────────────────────────────
 ─────────────────────────────────────────────────────────────────────
Exact Lower Bound: 0.0
Monte-Carlo Upper Bound: 0.0

Iteration 43
 ─────────────────────────────────────────────────────────────────────
                              Time                   Allocations      
                      ──────────────────────   ───────────────────────
   Tot / % measured:       134μs / 0.00%           6.86KiB / 0.00%    

 Section      ncalls     time   %tot     avg     alloc   %tot      avg
 ─────────────────────────────────────────────────────────────────────
 ─────────────────────────────────────────────────────────────────────
Exact Lower Bound: 0.0
Monte-Carlo Upper Bound: 0.0

Iteration 44
 ─────────────────────────────────────────────────────────────────────
                              Time                   Allocations      
                      ──────────────────────   ───────────────────────
   Tot / % measured:      48.3μs / 0.00%           2.25KiB / 0.00%    

 Section      ncalls     time   %tot     avg     alloc   %tot      avg
 ─────────────────────────────────────────────────────────────────────
 ─────────────────────────────────────────────────────────────────────
Exact Lower Bound: 0.0
Monte-Carlo Upper Bound: 0.0

Iteration 45
 ─────────────────────────────────────────────────────────────────────
                              Time                   Allocations      
                      ──────────────────────   ───────────────────────
   Tot / % measured:       171μs / 0.00%           2.25KiB / 0.00%    

 Section      ncalls     time   %tot     avg     alloc   %tot      avg
 ─────────────────────────────────────────────────────────────────────
 ─────────────────────────────────────────────────────────────────────
Exact Lower Bound: 0.0
Monte-Carlo Upper Bound: 0.0

Iteration 46
 ─────────────────────────────────────────────────────────────────────
                              Time                   Allocations      
                      ──────────────────────   ───────────────────────
   Tot / % measured:      53.4μs / 0.00%           2.25KiB / 0.00%    

 Section      ncalls     time   %tot     avg     alloc   %tot      avg
 ─────────────────────────────────────────────────────────────────────
 ─────────────────────────────────────────────────────────────────────
Exact Lower Bound: 0.0
Monte-Carlo Upper Bound: 0.0

Iteration 47
 ─────────────────────────────────────────────────────────────────────
                              Time                   Allocations      
                      ──────────────────────   ───────────────────────
   Tot / % measured:      43.8μs / 0.00%           2.25KiB / 0.00%    

 Section      ncalls     time   %tot     avg     alloc   %tot      avg
 ─────────────────────────────────────────────────────────────────────
 ─────────────────────────────────────────────────────────────────────
Exact Lower Bound: 0.0
Monte-Carlo Upper Bound: 0.0

Iteration 48
 ─────────────────────────────────────────────────────────────────────
                              Time                   Allocations      
                      ──────────────────────   ───────────────────────
   Tot / % measured:      61.3μs / 0.00%           2.25KiB / 0.00%    

 Section      ncalls     time   %tot     avg     alloc   %tot      avg
 ─────────────────────────────────────────────────────────────────────
 ─────────────────────────────────────────────────────────────────────
Exact Lower Bound: 0.0
Monte-Carlo Upper Bound: 0.0

Iteration 49
 ─────────────────────────────────────────────────────────────────────
                              Time                   Allocations      
                      ──────────────────────   ───────────────────────
   Tot / % measured:      44.0μs / 0.00%           2.25KiB / 0.00%    

 Section      ncalls     time   %tot     avg     alloc   %tot      avg
 ─────────────────────────────────────────────────────────────────────
 ─────────────────────────────────────────────────────────────────────
Exact Lower Bound: 0.0
Monte-Carlo Upper Bound: 0.0

Iteration 50
 ─────────────────────────────────────────────────────────────────────
                              Time                   Allocations      
                      ──────────────────────   ───────────────────────
   Tot / % measured:      40.2μs / 0.00%           2.25KiB / 0.00%    

 Section      ncalls     time   %tot     avg     alloc   %tot      avg
 ─────────────────────────────────────────────────────────────────────
 ─────────────────────────────────────────────────────────────────────
Exact Lower Bound: 0.0
Monte-Carlo Upper Bound: 0.0

Iteration 51
 ─────────────────────────────────────────────────────────────────────
                              Time                   Allocations      
                      ──────────────────────   ───────────────────────
   Tot / % measured:      62.3μs / 0.00%           2.25KiB / 0.00%    

 Section      ncalls     time   %tot     avg     alloc   %tot      avg
 ─────────────────────────────────────────────────────────────────────
 ─────────────────────────────────────────────────────────────────────
Exact Lower Bound: 0.0
Monte-Carlo Upper Bound: 0.0

Iteration 52
 ─────────────────────────────────────────────────────────────────────
                              Time                   Allocations      
                      ──────────────────────   ───────────────────────
   Tot / % measured:      40.4μs / 0.00%           2.25KiB / 0.00%    

 Section      ncalls     time   %tot     avg     alloc   %tot      avg
 ─────────────────────────────────────────────────────────────────────
 ─────────────────────────────────────────────────────────────────────
Exact Lower Bound: 0.0
Monte-Carlo Upper Bound: 0.0

Iteration 53
 ─────────────────────────────────────────────────────────────────────
                              Time                   Allocations      
                      ──────────────────────   ───────────────────────
   Tot / % measured:      46.2μs / 0.00%           2.25KiB / 0.00%    

 Section      ncalls     time   %tot     avg     alloc   %tot      avg
 ─────────────────────────────────────────────────────────────────────
 ─────────────────────────────────────────────────────────────────────
Exact Lower Bound: 0.0
Monte-Carlo Upper Bound: 0.0

Iteration 54
 ─────────────────────────────────────────────────────────────────────
                              Time                   Allocations      
                      ──────────────────────   ───────────────────────
   Tot / % measured:      65.4μs / 0.00%           2.25KiB / 0.00%    

 Section      ncalls     time   %tot     avg     alloc   %tot      avg
 ─────────────────────────────────────────────────────────────────────
 ─────────────────────────────────────────────────────────────────────
Exact Lower Bound: 0.0
Monte-Carlo Upper Bound: 0.0

Iteration 55
 ─────────────────────────────────────────────────────────────────────
                              Time                   Allocations      
                      ──────────────────────   ───────────────────────
   Tot / % measured:      59.2μs / 0.00%           2.25KiB / 0.00%    

 Section      ncalls     time   %tot     avg     alloc   %tot      avg
 ─────────────────────────────────────────────────────────────────────
 ─────────────────────────────────────────────────────────────────────
Exact Lower Bound: 0.0
Monte-Carlo Upper Bound: 0.0

Iteration 56
 ─────────────────────────────────────────────────────────────────────
                              Time                   Allocations      
                      ──────────────────────   ───────────────────────
   Tot / % measured:      52.7μs / 0.00%           2.25KiB / 0.00%    

 Section      ncalls     time   %tot     avg     alloc   %tot      avg
 ─────────────────────────────────────────────────────────────────────
 ─────────────────────────────────────────────────────────────────────
Exact Lower Bound: 0.0
Monte-Carlo Upper Bound: 0.0

Iteration 57
 ─────────────────────────────────────────────────────────────────────
                              Time                   Allocations      
                      ──────────────────────   ───────────────────────
   Tot / % measured:      62.8μs / 0.00%           2.25KiB / 0.00%    

 Section      ncalls     time   %tot     avg     alloc   %tot      avg
 ─────────────────────────────────────────────────────────────────────
 ─────────────────────────────────────────────────────────────────────
Exact Lower Bound: 0.0
Monte-Carlo Upper Bound: 0.0

Iteration 58
 ─────────────────────────────────────────────────────────────────────
                              Time                   Allocations      
                      ──────────────────────   ───────────────────────
   Tot / % measured:      50.5μs / 0.00%           2.25KiB / 0.00%    

 Section      ncalls     time   %tot     avg     alloc   %tot      avg
 ─────────────────────────────────────────────────────────────────────
 ─────────────────────────────────────────────────────────────────────
Exact Lower Bound: 0.0
Monte-Carlo Upper Bound: 0.0

Iteration 59
 ─────────────────────────────────────────────────────────────────────
                              Time                   Allocations      
                      ──────────────────────   ───────────────────────
   Tot / % measured:      36.5μs / 0.00%           2.25KiB / 0.00%    

 Section      ncalls     time   %tot     avg     alloc   %tot      avg
 ─────────────────────────────────────────────────────────────────────
 ─────────────────────────────────────────────────────────────────────
Exact Lower Bound: 0.0
Monte-Carlo Upper Bound: 0.0

Iteration 60
 ─────────────────────────────────────────────────────────────────────
                              Time                   Allocations      
                      ──────────────────────   ───────────────────────
   Tot / % measured:      39.3μs / 0.00%           2.25KiB / 0.00%    

 Section      ncalls     time   %tot     avg     alloc   %tot      avg
 ─────────────────────────────────────────────────────────────────────
 ─────────────────────────────────────────────────────────────────────
Exact Lower Bound: 0.0
Monte-Carlo Upper Bound: 0.0

Iteration 61
 ─────────────────────────────────────────────────────────────────────
                              Time                   Allocations      
                      ──────────────────────   ───────────────────────
   Tot / % measured:      58.2μs / 0.00%           2.25KiB / 0.00%    

 Section      ncalls     time   %tot     avg     alloc   %tot      avg
 ─────────────────────────────────────────────────────────────────────
 ─────────────────────────────────────────────────────────────────────
Exact Lower Bound: 0.0
Monte-Carlo Upper Bound: 0.0

Iteration 62
 ─────────────────────────────────────────────────────────────────────
                              Time                   Allocations      
                      ──────────────────────   ───────────────────────
   Tot / % measured:      38.7μs / 0.00%           2.25KiB / 0.00%    

 Section      ncalls     time   %tot     avg     alloc   %tot      avg
 ─────────────────────────────────────────────────────────────────────
 ─────────────────────────────────────────────────────────────────────
Exact Lower Bound: 0.0
Monte-Carlo Upper Bound: 0.0

Iteration 63
 ─────────────────────────────────────────────────────────────────────
                              Time                   Allocations      
                      ──────────────────────   ───────────────────────
   Tot / % measured:      62.0μs / 0.00%           2.25KiB / 0.00%    

 Section      ncalls     time   %tot     avg     alloc   %tot      avg
 ─────────────────────────────────────────────────────────────────────
 ─────────────────────────────────────────────────────────────────────
Exact Lower Bound: 0.0
Monte-Carlo Upper Bound: 0.0

Iteration 64
 ─────────────────────────────────────────────────────────────────────
                              Time                   Allocations      
                      ──────────────────────   ───────────────────────
   Tot / % measured:      51.5μs / 0.00%           2.25KiB / 0.00%    

 Section      ncalls     time   %tot     avg     alloc   %tot      avg
 ─────────────────────────────────────────────────────────────────────
 ─────────────────────────────────────────────────────────────────────
Exact Lower Bound: 0.0
Monte-Carlo Upper Bound: 0.0

Iteration 65
 ─────────────────────────────────────────────────────────────────────
                              Time                   Allocations      
                      ──────────────────────   ───────────────────────
   Tot / % measured:      53.4μs / 0.00%           3.31KiB / 0.00%    

 Section      ncalls     time   %tot     avg     alloc   %tot      avg
 ─────────────────────────────────────────────────────────────────────
 ─────────────────────────────────────────────────────────────────────
Exact Lower Bound: 0.0
Monte-Carlo Upper Bound: 0.0

Iteration 66
 ─────────────────────────────────────────────────────────────────────
                              Time                   Allocations      
                      ──────────────────────   ───────────────────────
   Tot / % measured:      35.3μs / 0.00%           2.25KiB / 0.00%    

 Section      ncalls     time   %tot     avg     alloc   %tot      avg
 ─────────────────────────────────────────────────────────────────────
 ─────────────────────────────────────────────────────────────────────
Exact Lower Bound: 0.0
Monte-Carlo Upper Bound: 0.0

Iteration 67
 ─────────────────────────────────────────────────────────────────────
                              Time                   Allocations      
                      ──────────────────────   ───────────────────────
   Tot / % measured:      33.9μs / 0.00%           2.25KiB / 0.00%    

 Section      ncalls     time   %tot     avg     alloc   %tot      avg
 ─────────────────────────────────────────────────────────────────────
 ─────────────────────────────────────────────────────────────────────
Exact Lower Bound: 0.0
Monte-Carlo Upper Bound: 0.0

Iteration 68
 ─────────────────────────────────────────────────────────────────────
                              Time                   Allocations      
                      ──────────────────────   ───────────────────────
   Tot / % measured:      34.4μs / 0.00%           2.25KiB / 0.00%    

 Section      ncalls     time   %tot     avg     alloc   %tot      avg
 ─────────────────────────────────────────────────────────────────────
 ─────────────────────────────────────────────────────────────────────
Exact Lower Bound: 0.0
Monte-Carlo Upper Bound: 0.0

Iteration 69
 ─────────────────────────────────────────────────────────────────────
                              Time                   Allocations      
                      ──────────────────────   ───────────────────────
   Tot / % measured:      50.4μs / 0.00%           2.25KiB / 0.00%    

 Section      ncalls     time   %tot     avg     alloc   %tot      avg
 ─────────────────────────────────────────────────────────────────────
 ─────────────────────────────────────────────────────────────────────
Exact Lower Bound: 0.0
Monte-Carlo Upper Bound: 0.0

Iteration 70
 ─────────────────────────────────────────────────────────────────────
                              Time                   Allocations      
                      ──────────────────────   ───────────────────────
   Tot / % measured:      59.7μs / 0.00%           2.25KiB / 0.00%    

 Section      ncalls     time   %tot     avg     alloc   %tot      avg
 ─────────────────────────────────────────────────────────────────────
 ─────────────────────────────────────────────────────────────────────
Exact Lower Bound: 0.0
Monte-Carlo Upper Bound: 0.0

Iteration 71
 ─────────────────────────────────────────────────────────────────────
                              Time                   Allocations      
                      ──────────────────────   ───────────────────────
   Tot / % measured:      52.2μs / 0.00%           2.25KiB / 0.00%    

 Section      ncalls     time   %tot     avg     alloc   %tot      avg
 ─────────────────────────────────────────────────────────────────────
 ─────────────────────────────────────────────────────────────────────
Exact Lower Bound: 0.0
Monte-Carlo Upper Bound: 0.0

Iteration 72
 ─────────────────────────────────────────────────────────────────────
                              Time                   Allocations      
                      ──────────────────────   ───────────────────────
   Tot / % measured:      38.3μs / 0.00%           2.25KiB / 0.00%    

 Section      ncalls     time   %tot     avg     alloc   %tot      avg
 ─────────────────────────────────────────────────────────────────────
 ─────────────────────────────────────────────────────────────────────
Exact Lower Bound: 0.0
Monte-Carlo Upper Bound: 0.0

Iteration 73
 ─────────────────────────────────────────────────────────────────────
                              Time                   Allocations      
                      ──────────────────────   ───────────────────────
   Tot / % measured:      56.2μs / 0.00%           2.25KiB / 0.00%    

 Section      ncalls     time   %tot     avg     alloc   %tot      avg
 ─────────────────────────────────────────────────────────────────────
 ─────────────────────────────────────────────────────────────────────
Exact Lower Bound: 0.0
Monte-Carlo Upper Bound: 0.0

Iteration 74
 ─────────────────────────────────────────────────────────────────────
                              Time                   Allocations      
                      ──────────────────────   ───────────────────────
   Tot / % measured:      62.9μs / 0.00%           2.25KiB / 0.00%    

 Section      ncalls     time   %tot     avg     alloc   %tot      avg
 ─────────────────────────────────────────────────────────────────────
 ─────────────────────────────────────────────────────────────────────
Exact Lower Bound: 0.0
Monte-Carlo Upper Bound: 0.0

Iteration 75
 ─────────────────────────────────────────────────────────────────────
                              Time                   Allocations      
                      ──────────────────────   ───────────────────────
   Tot / % measured:      63.1μs / 0.00%           2.25KiB / 0.00%    

 Section      ncalls     time   %tot     avg     alloc   %tot      avg
 ─────────────────────────────────────────────────────────────────────
 ─────────────────────────────────────────────────────────────────────
Exact Lower Bound: 0.0
Monte-Carlo Upper Bound: 0.0

Iteration 76
 ─────────────────────────────────────────────────────────────────────
                              Time                   Allocations      
                      ──────────────────────   ───────────────────────
   Tot / % measured:      39.0μs / 0.00%           2.25KiB / 0.00%    

 Section      ncalls     time   %tot     avg     alloc   %tot      avg
 ─────────────────────────────────────────────────────────────────────
 ─────────────────────────────────────────────────────────────────────
Exact Lower Bound: 0.0
Monte-Carlo Upper Bound: 0.0

Iteration 77
 ─────────────────────────────────────────────────────────────────────
                              Time                   Allocations      
                      ──────────────────────   ───────────────────────
   Tot / % measured:      58.2μs / 0.00%           2.25KiB / 0.00%    

 Section      ncalls     time   %tot     avg     alloc   %tot      avg
 ─────────────────────────────────────────────────────────────────────
 ─────────────────────────────────────────────────────────────────────
Exact Lower Bound: 0.0
Monte-Carlo Upper Bound: 0.0

Iteration 78
 ─────────────────────────────────────────────────────────────────────
                              Time                   Allocations      
                      ──────────────────────   ───────────────────────
   Tot / % measured:      56.9μs / 0.00%           2.25KiB / 0.00%    

 Section      ncalls     time   %tot     avg     alloc   %tot      avg
 ─────────────────────────────────────────────────────────────────────
 ─────────────────────────────────────────────────────────────────────
Exact Lower Bound: 0.0
Monte-Carlo Upper Bound: 0.0

Iteration 79
 ─────────────────────────────────────────────────────────────────────
                              Time                   Allocations      
                      ──────────────────────   ───────────────────────
   Tot / % measured:      60.7μs / 0.00%           2.25KiB / 0.00%    

 Section      ncalls     time   %tot     avg     alloc   %tot      avg
 ─────────────────────────────────────────────────────────────────────
 ─────────────────────────────────────────────────────────────────────
Exact Lower Bound: 0.0
Monte-Carlo Upper Bound: 0.0

Iteration 80
 ─────────────────────────────────────────────────────────────────────
                              Time                   Allocations      
                      ──────────────────────   ───────────────────────
   Tot / % measured:      50.3μs / 0.00%           2.25KiB / 0.00%    

 Section      ncalls     time   %tot     avg     alloc   %tot      avg
 ─────────────────────────────────────────────────────────────────────
 ─────────────────────────────────────────────────────────────────────
Exact Lower Bound: 0.0
Monte-Carlo Upper Bound: 0.0

Iteration 81
 ─────────────────────────────────────────────────────────────────────
                              Time                   Allocations      
                      ──────────────────────   ───────────────────────
   Tot / % measured:      83.4μs / 0.00%           2.25KiB / 0.00%    

 Section      ncalls     time   %tot     avg     alloc   %tot      avg
 ─────────────────────────────────────────────────────────────────────
 ─────────────────────────────────────────────────────────────────────
Exact Lower Bound: 0.0
Monte-Carlo Upper Bound: 0.0

Iteration 82
 ─────────────────────────────────────────────────────────────────────
                              Time                   Allocations      
                      ──────────────────────   ───────────────────────
   Tot / % measured:      47.1μs / 0.00%           2.25KiB / 0.00%    

 Section      ncalls     time   %tot     avg     alloc   %tot      avg
 ─────────────────────────────────────────────────────────────────────
 ─────────────────────────────────────────────────────────────────────
Exact Lower Bound: 0.0
Monte-Carlo Upper Bound: 0.0

Iteration 83
 ─────────────────────────────────────────────────────────────────────
                              Time                   Allocations      
                      ──────────────────────   ───────────────────────
   Tot / % measured:      38.2μs / 0.00%           2.25KiB / 0.00%    

 Section      ncalls     time   %tot     avg     alloc   %tot      avg
 ─────────────────────────────────────────────────────────────────────
 ─────────────────────────────────────────────────────────────────────
Exact Lower Bound: 0.0
Monte-Carlo Upper Bound: 0.0

Iteration 84
 ─────────────────────────────────────────────────────────────────────
                              Time                   Allocations      
                      ──────────────────────   ───────────────────────
   Tot / % measured:      42.3μs / 0.00%           2.25KiB / 0.00%    

 Section      ncalls     time   %tot     avg     alloc   %tot      avg
 ─────────────────────────────────────────────────────────────────────
 ─────────────────────────────────────────────────────────────────────
Exact Lower Bound: 0.0
Monte-Carlo Upper Bound: 0.0

Iteration 85
 ─────────────────────────────────────────────────────────────────────
                              Time                   Allocations      
                      ──────────────────────   ───────────────────────
   Tot / % measured:      39.6μs / 0.00%           2.25KiB / 0.00%    

 Section      ncalls     time   %tot     avg     alloc   %tot      avg
 ─────────────────────────────────────────────────────────────────────
 ─────────────────────────────────────────────────────────────────────
Exact Lower Bound: 0.0
Monte-Carlo Upper Bound: 0.0

Iteration 86
 ─────────────────────────────────────────────────────────────────────
                              Time                   Allocations      
                      ──────────────────────   ───────────────────────
   Tot / % measured:      46.7μs / 0.00%           2.25KiB / 0.00%    

 Section      ncalls     time   %tot     avg     alloc   %tot      avg
 ─────────────────────────────────────────────────────────────────────
 ─────────────────────────────────────────────────────────────────────
Exact Lower Bound: 0.0
Monte-Carlo Upper Bound: 0.0

Iteration 87
 ─────────────────────────────────────────────────────────────────────
                              Time                   Allocations      
                      ──────────────────────   ───────────────────────
   Tot / % measured:      40.6μs / 0.00%           2.25KiB / 0.00%    

 Section      ncalls     time   %tot     avg     alloc   %tot      avg
 ─────────────────────────────────────────────────────────────────────
 ─────────────────────────────────────────────────────────────────────
Exact Lower Bound: 0.0
Monte-Carlo Upper Bound: 0.0

Iteration 88
 ─────────────────────────────────────────────────────────────────────
                              Time                   Allocations      
                      ──────────────────────   ───────────────────────
   Tot / % measured:      35.0μs / 0.00%           2.25KiB / 0.00%    

 Section      ncalls     time   %tot     avg     alloc   %tot      avg
 ─────────────────────────────────────────────────────────────────────
 ─────────────────────────────────────────────────────────────────────
Exact Lower Bound: 0.0
Monte-Carlo Upper Bound: 0.0

Iteration 89
 ─────────────────────────────────────────────────────────────────────
                              Time                   Allocations      
                      ──────────────────────   ───────────────────────
   Tot / % measured:      39.2μs / 0.00%           2.25KiB / 0.00%    

 Section      ncalls     time   %tot     avg     alloc   %tot      avg
 ─────────────────────────────────────────────────────────────────────
 ─────────────────────────────────────────────────────────────────────
Exact Lower Bound: 0.0
Monte-Carlo Upper Bound: 0.0

Iteration 90
 ─────────────────────────────────────────────────────────────────────
                              Time                   Allocations      
                      ──────────────────────   ───────────────────────
   Tot / % measured:      34.0μs / 0.00%           2.25KiB / 0.00%    

 Section      ncalls     time   %tot     avg     alloc   %tot      avg
 ─────────────────────────────────────────────────────────────────────
 ─────────────────────────────────────────────────────────────────────
Exact Lower Bound: 0.0
Monte-Carlo Upper Bound: 0.0

Iteration 91
 ─────────────────────────────────────────────────────────────────────
                              Time                   Allocations      
                      ──────────────────────   ───────────────────────
   Tot / % measured:      39.1μs / 0.00%           2.25KiB / 0.00%    

 Section      ncalls     time   %tot     avg     alloc   %tot      avg
 ─────────────────────────────────────────────────────────────────────
 ─────────────────────────────────────────────────────────────────────
Exact Lower Bound: 0.0
Monte-Carlo Upper Bound: 0.0

Iteration 92
 ─────────────────────────────────────────────────────────────────────
                              Time                   Allocations      
                      ──────────────────────   ───────────────────────
   Tot / % measured:      38.0μs / 0.00%           2.25KiB / 0.00%    

 Section      ncalls     time   %tot     avg     alloc   %tot      avg
 ─────────────────────────────────────────────────────────────────────
 ─────────────────────────────────────────────────────────────────────
Exact Lower Bound: 0.0
Monte-Carlo Upper Bound: 0.0

Iteration 93
 ─────────────────────────────────────────────────────────────────────
                              Time                   Allocations      
                      ──────────────────────   ───────────────────────
   Tot / % measured:      38.1μs / 0.00%           2.25KiB / 0.00%    

 Section      ncalls     time   %tot     avg     alloc   %tot      avg
 ─────────────────────────────────────────────────────────────────────
 ─────────────────────────────────────────────────────────────────────
Exact Lower Bound: 0.0
Monte-Carlo Upper Bound: 0.0

Iteration 94
 ─────────────────────────────────────────────────────────────────────
                              Time                   Allocations      
                      ──────────────────────   ───────────────────────
   Tot / % measured:      34.4μs / 0.00%           2.25KiB / 0.00%    

 Section      ncalls     time   %tot     avg     alloc   %tot      avg
 ─────────────────────────────────────────────────────────────────────
 ─────────────────────────────────────────────────────────────────────
Exact Lower Bound: 0.0
Monte-Carlo Upper Bound: 0.0

Iteration 95
 ─────────────────────────────────────────────────────────────────────
                              Time                   Allocations      
                      ──────────────────────   ───────────────────────
   Tot / % measured:      37.4μs / 0.00%           2.25KiB / 0.00%    

 Section      ncalls     time   %tot     avg     alloc   %tot      avg
 ─────────────────────────────────────────────────────────────────────
 ─────────────────────────────────────────────────────────────────────
Exact Lower Bound: 0.0
Monte-Carlo Upper Bound: 0.0

Iteration 96
 ─────────────────────────────────────────────────────────────────────
                              Time                   Allocations      
                      ──────────────────────   ───────────────────────
   Tot / % measured:      38.9μs / 0.00%           2.25KiB / 0.00%    

 Section      ncalls     time   %tot     avg     alloc   %tot      avg
 ─────────────────────────────────────────────────────────────────────
 ─────────────────────────────────────────────────────────────────────
Exact Lower Bound: 0.0
Monte-Carlo Upper Bound: 0.0

Iteration 97
 ─────────────────────────────────────────────────────────────────────
                              Time                   Allocations      
                      ──────────────────────   ───────────────────────
   Tot / % measured:      38.7μs / 0.00%           2.25KiB / 0.00%    

 Section      ncalls     time   %tot     avg     alloc   %tot      avg
 ─────────────────────────────────────────────────────────────────────
 ─────────────────────────────────────────────────────────────────────
Exact Lower Bound: 0.0
Monte-Carlo Upper Bound: 0.0

Iteration 98
 ─────────────────────────────────────────────────────────────────────
                              Time                   Allocations      
                      ──────────────────────   ───────────────────────
   Tot / % measured:      40.8μs / 0.00%           2.25KiB / 0.00%    

 Section      ncalls     time   %tot     avg     alloc   %tot      avg
 ─────────────────────────────────────────────────────────────────────
 ─────────────────────────────────────────────────────────────────────
Exact Lower Bound: 0.0
Monte-Carlo Upper Bound: 0.0

Iteration 99
 ─────────────────────────────────────────────────────────────────────
                              Time                   Allocations      
                      ──────────────────────   ───────────────────────
   Tot / % measured:      48.6μs / 0.00%           2.25KiB / 0.00%    

 Section      ncalls     time   %tot     avg     alloc   %tot      avg
 ─────────────────────────────────────────────────────────────────────
 ─────────────────────────────────────────────────────────────────────
Exact Lower Bound: 0.0
Monte-Carlo Upper Bound: 0.0

Iteration 100
 ──────────────────────────────────────────────────────────────────────
                               Time                   Allocations      
                       ──────────────────────   ───────────────────────
   Tot / % measured:       35.5μs / 0.00%           2.25KiB / 0.00%    

 Section       ncalls     time   %tot     avg     alloc   %tot      avg
 ──────────────────────────────────────────────────────────────────────
 ──────────────────────────────────────────────────────────────────────
Exact Lower Bound: 0.0
Monte-Carlo Upper Bound: 0.0

 ────────────────────────────────────────────────────────────────────────
                                 Time                   Allocations      
                         ──────────────────────   ───────────────────────
    Tot / % measured:         1.99s / 0.02%           14.1MiB / 0.50%    

 Section         ncalls     time   %tot     avg     alloc   %tot      avg
 ────────────────────────────────────────────────────────────────────────
 iteration 2          1   13.3μs  4.14%  13.3μs      736B  1.00%     736B
 iteration 74         1   11.2μs  3.49%  11.2μs      736B  1.00%     736B
 iteration 26         1   10.0μs  3.11%  10.0μs      736B  1.00%     736B
 iteration 1          1   9.00μs  2.80%  9.00μs      736B  1.00%     736B
 iteration 32         1   6.93μs  2.16%  6.93μs      736B  1.00%     736B
 iteration 44         1   6.23μs  1.94%  6.23μs      736B  1.00%     736B
 iteration 37         1   5.77μs  1.79%  5.77μs      736B  1.00%     736B
 iteration 34         1   5.11μs  1.59%  5.11μs      736B  1.00%     736B
 iteration 39         1   5.11μs  1.59%  5.11μs      736B  1.00%     736B
 iteration 10         1   5.03μs  1.56%  5.03μs      736B  1.00%     736B
 iteration 49         1   4.93μs  1.53%  4.93μs      736B  1.00%     736B
 iteration 56         1   4.89μs  1.52%  4.89μs      736B  1.00%     736B
 iteration 87         1   4.83μs  1.50%  4.83μs      736B  1.00%     736B
 iteration 28         1   4.40μs  1.37%  4.40μs      736B  1.00%     736B
 iteration 38         1   4.38μs  1.36%  4.38μs      736B  1.00%     736B
 iteration 62         1   4.37μs  1.36%  4.37μs      736B  1.00%     736B
 iteration 3          1   4.29μs  1.33%  4.29μs      736B  1.00%     736B
 iteration 75         1   4.22μs  1.31%  4.22μs      736B  1.00%     736B
 iteration 19         1   4.07μs  1.27%  4.07μs      736B  1.00%     736B
 iteration 46         1   4.04μs  1.26%  4.04μs      736B  1.00%     736B
 iteration 40         1   3.98μs  1.24%  3.98μs      736B  1.00%     736B
 iteration 43         1   3.91μs  1.22%  3.91μs      736B  1.00%     736B
 iteration 31         1   3.86μs  1.20%  3.86μs      736B  1.00%     736B
 iteration 45         1   3.84μs  1.19%  3.84μs      736B  1.00%     736B
 iteration 25         1   3.81μs  1.18%  3.81μs      736B  1.00%     736B
 iteration 35         1   3.79μs  1.18%  3.79μs      736B  1.00%     736B
 iteration 36         1   3.77μs  1.17%  3.77μs      736B  1.00%     736B
 iteration 30         1   3.77μs  1.17%  3.77μs      736B  1.00%     736B
 iteration 47         1   3.75μs  1.17%  3.75μs      736B  1.00%     736B
 iteration 70         1   3.73μs  1.16%  3.73μs      736B  1.00%     736B
 iteration 29         1   3.71μs  1.15%  3.71μs      736B  1.00%     736B
 iteration 27         1   3.70μs  1.15%  3.70μs      736B  1.00%     736B
 iteration 15         1   3.69μs  1.15%  3.69μs      736B  1.00%     736B
 iteration 33         1   3.57μs  1.11%  3.57μs      736B  1.00%     736B
 iteration 83         1   3.54μs  1.10%  3.54μs      736B  1.00%     736B
 iteration 98         1   3.52μs  1.09%  3.52μs      736B  1.00%     736B
 iteration 21         1   3.40μs  1.06%  3.40μs      736B  1.00%     736B
 iteration 42         1   3.36μs  1.04%  3.36μs      736B  1.00%     736B
 iteration 63         1   3.30μs  1.03%  3.30μs      736B  1.00%     736B
 iteration 41         1   3.17μs  0.98%  3.17μs      736B  1.00%     736B
 iteration 99         1   3.15μs  0.98%  3.15μs      736B  1.00%     736B
 iteration 61         1   3.09μs  0.96%  3.09μs      736B  1.00%     736B
 iteration 86         1   2.88μs  0.89%  2.88μs      736B  1.00%     736B
 iteration 79         1   2.87μs  0.89%  2.87μs      736B  1.00%     736B
 iteration 88         1   2.69μs  0.84%  2.69μs      736B  1.00%     736B
 iteration 4          1   2.69μs  0.84%  2.69μs      736B  1.00%     736B
 iteration 60         1   2.67μs  0.83%  2.67μs      736B  1.00%     736B
 iteration 84         1   2.65μs  0.82%  2.65μs      736B  1.00%     736B
 iteration 51         1   2.60μs  0.81%  2.60μs      736B  1.00%     736B
 iteration 71         1   2.54μs  0.79%  2.54μs      736B  1.00%     736B
 iteration 48         1   2.52μs  0.79%  2.52μs      736B  1.00%     736B
 iteration 57         1   2.50μs  0.78%  2.50μs      736B  1.00%     736B
 iteration 6          1   2.48μs  0.77%  2.48μs      736B  1.00%     736B
 iteration 50         1   2.48μs  0.77%  2.48μs      736B  1.00%     736B
 iteration 73         1   2.46μs  0.76%  2.46μs      736B  1.00%     736B
 iteration 85         1   2.44μs  0.76%  2.44μs      736B  1.00%     736B
 iteration 52         1   2.44μs  0.76%  2.44μs      736B  1.00%     736B
 iteration 8          1   2.42μs  0.75%  2.42μs      736B  1.00%     736B
 iteration 80         1   2.42μs  0.75%  2.42μs      736B  1.00%     736B
 iteration 78         1   2.40μs  0.74%  2.40μs      736B  1.00%     736B
 iteration 64         1   2.37μs  0.74%  2.37μs      736B  1.00%     736B
 iteration 76         1   2.30μs  0.72%  2.30μs      736B  1.00%     736B
 iteration 54         1   2.30μs  0.72%  2.30μs      736B  1.00%     736B
 iteration 81         1   2.24μs  0.70%  2.24μs      736B  1.00%     736B
 iteration 68         1   2.22μs  0.69%  2.22μs      736B  1.00%     736B
 iteration 100        1   2.17μs  0.68%  2.17μs      736B  1.00%     736B
 iteration 66         1   2.16μs  0.67%  2.16μs      736B  1.00%     736B
 iteration 58         1   2.12μs  0.66%  2.12μs      736B  1.00%     736B
 iteration 91         1   2.05μs  0.64%  2.05μs      736B  1.00%     736B
 iteration 82         1   2.05μs  0.64%  2.05μs      736B  1.00%     736B
 iteration 72         1   2.03μs  0.63%  2.03μs      736B  1.00%     736B
 iteration 53         1   2.03μs  0.63%  2.03μs      736B  1.00%     736B
 iteration 55         1   2.03μs  0.63%  2.03μs      736B  1.00%     736B
 iteration 69         1   1.97μs  0.61%  1.97μs      736B  1.00%     736B
 iteration 92         1   1.93μs  0.60%  1.93μs      736B  1.00%     736B
 iteration 11         1   1.91μs  0.60%  1.91μs      736B  1.00%     736B
 iteration 65         1   1.87μs  0.58%  1.87μs      736B  1.00%     736B
 iteration 93         1   1.87μs  0.58%  1.87μs      736B  1.00%     736B
 iteration 90         1   1.86μs  0.58%  1.86μs      736B  1.00%     736B
 iteration 67         1   1.85μs  0.58%  1.85μs      736B  1.00%     736B
 iteration 95         1   1.85μs  0.58%  1.85μs      736B  1.00%     736B
 iteration 23         1   1.83μs  0.57%  1.83μs      736B  1.00%     736B
 iteration 5          1   1.75μs  0.55%  1.75μs      736B  1.00%     736B
 iteration 16         1   1.75μs  0.55%  1.75μs      736B  1.00%     736B
 iteration 94         1   1.74μs  0.54%  1.74μs      736B  1.00%     736B
 iteration 59         1   1.74μs  0.54%  1.74μs      736B  1.00%     736B
 iteration 77         1   1.73μs  0.54%  1.73μs      736B  1.00%     736B
 iteration 9          1   1.69μs  0.53%  1.69μs      736B  1.00%     736B
 iteration 20         1   1.68μs  0.52%  1.68μs      736B  1.00%     736B
 iteration 12         1   1.68μs  0.52%  1.68μs      736B  1.00%     736B
 iteration 7          1   1.67μs  0.52%  1.67μs      736B  1.00%     736B
 iteration 96         1   1.63μs  0.51%  1.63μs      736B  1.00%     736B
 iteration 89         1   1.61μs  0.50%  1.61μs      736B  1.00%     736B
 iteration 17         1   1.59μs  0.50%  1.59μs      736B  1.00%     736B
 iteration 14         1   1.58μs  0.49%  1.58μs      736B  1.00%     736B
 iteration 24         1   1.51μs  0.47%  1.51μs      736B  1.00%     736B
 iteration 13         1   1.48μs  0.46%  1.48μs      736B  1.00%     736B
 iteration 97         1   1.38μs  0.43%  1.38μs      736B  1.00%     736B
 iteration 18         1   1.31μs  0.41%  1.31μs      736B  1.00%     736B
 iteration 22         1   1.30μs  0.40%  1.30μs      736B  1.00%     736B
 ────────────────────────────────────────────────────────────────────────
Exact Lower Bound: 0.0
Monte-Carlo Upper Bound: 0.0

Test Summary: | Pass  Total
Mock tests    |    2      2
   Testing StochOptInterface tests passed 
