 Resolving package versions...
 Installed PkgUtils ─────────── v0.4.0
 Installed Inflate ──────────── v0.1.1
 Installed SnoopCompile ─────── v0.4.2
 Installed Tokenize ─────────── v0.5.6
 Installed MetaGraphs ───────── v0.6.4
 Installed BinaryProvider ───── v0.5.8
 Installed DataStructures ───── v0.17.6
 Installed MacroTools ───────── v0.5.1
 Installed ArnoldiMethod ────── v0.0.4
 Installed SimpleTraits ─────── v0.9.1
 Installed OrderedCollections ─ v1.1.0
 Installed CodecZlib ────────── v0.6.0
 Installed CSTParser ────────── v1.0.0
 Installed JLD2 ─────────────── v0.1.8
 Installed StaticArrays ─────── v0.12.1
 Installed Compat ───────────── v3.0.0
 Installed FileIO ───────────── v1.0.7
 Installed TranscodingStreams ─ v0.9.5
 Installed LightGraphs ──────── v1.3.0
  Updating `~/.julia/environments/v1.0/Project.toml`
  [6f897bc9] + PkgUtils v0.4.0
  Updating `~/.julia/environments/v1.0/Manifest.toml`
  [ec485272] + ArnoldiMethod v0.0.4
  [b99e7846] + BinaryProvider v0.5.8
  [00ebfdb7] + CSTParser v1.0.0
  [944b1d66] + CodecZlib v0.6.0
  [34da2185] + Compat v3.0.0
  [864edb3b] + DataStructures v0.17.6
  [5789e2e9] + FileIO v1.0.7
  [d25df0c9] + Inflate v0.1.1
  [033835bb] + JLD2 v0.1.8
  [093fc24a] + LightGraphs v1.3.0
  [1914dd2f] + MacroTools v0.5.1
  [626554b9] + MetaGraphs v0.6.4
  [bac558e1] + OrderedCollections v1.1.0
  [6f897bc9] + PkgUtils v0.4.0
  [699a6c99] + SimpleTraits v0.9.1
  [aa65fe97] + SnoopCompile v0.4.2
  [90137ffa] + StaticArrays v0.12.1
  [0796e94c] + Tokenize v0.5.6
  [3bb67fe8] + TranscodingStreams v0.9.5
  [2a0f44e3] + Base64 
  [ade2ca70] + Dates 
  [8bb1440f] + DelimitedFiles 
  [8ba89e20] + Distributed 
  [b77e0a4c] + InteractiveUtils 
  [76f85450] + LibGit2 
  [8f399da3] + Libdl 
  [37e2e46d] + LinearAlgebra 
  [56ddb016] + Logging 
  [d6f4376e] + Markdown 
  [a63ad114] + Mmap 
  [44cfe95a] + Pkg 
  [de0858da] + Printf 
  [3fa0cd96] + REPL 
  [9a3f8284] + Random 
  [ea8e919c] + SHA 
  [9e88b42a] + Serialization 
  [1a1011a3] + SharedArrays 
  [6462fe0b] + Sockets 
  [2f01184e] + SparseArrays 
  [10745b16] + Statistics 
  [8dfed614] + Test 
  [cf7118a7] + UUIDs 
  [4ec0a83e] + Unicode 
  Building CodecZlib → `~/.julia/packages/CodecZlib/5t9zO/deps/build.log`
   Testing PkgUtils
 Resolving package versions...
    Status `/tmp/tmpsIh8K7/Manifest.toml`
  [ec485272] ArnoldiMethod v0.0.4
  [b99e7846] BinaryProvider v0.5.8
  [00ebfdb7] CSTParser v1.0.0
  [944b1d66] CodecZlib v0.6.0
  [34da2185] Compat v3.0.0
  [864edb3b] DataStructures v0.17.6
  [5789e2e9] FileIO v1.0.7
  [d25df0c9] Inflate v0.1.1
  [033835bb] JLD2 v0.1.8
  [093fc24a] LightGraphs v1.3.0
  [1914dd2f] MacroTools v0.5.1
  [626554b9] MetaGraphs v0.6.4
  [bac558e1] OrderedCollections v1.1.0
  [6f897bc9] PkgUtils v0.4.0
  [699a6c99] SimpleTraits v0.9.1
  [aa65fe97] SnoopCompile v0.4.2
  [90137ffa] StaticArrays v0.12.1
  [0796e94c] Tokenize v0.5.6
  [3bb67fe8] TranscodingStreams v0.9.5
  [2a0f44e3] Base64  [`@stdlib/Base64`]
  [ade2ca70] Dates  [`@stdlib/Dates`]
  [8bb1440f] DelimitedFiles  [`@stdlib/DelimitedFiles`]
  [8ba89e20] Distributed  [`@stdlib/Distributed`]
  [b77e0a4c] InteractiveUtils  [`@stdlib/InteractiveUtils`]
  [76f85450] LibGit2  [`@stdlib/LibGit2`]
  [8f399da3] Libdl  [`@stdlib/Libdl`]
  [37e2e46d] LinearAlgebra  [`@stdlib/LinearAlgebra`]
  [56ddb016] Logging  [`@stdlib/Logging`]
  [d6f4376e] Markdown  [`@stdlib/Markdown`]
  [a63ad114] Mmap  [`@stdlib/Mmap`]
  [44cfe95a] Pkg  [`@stdlib/Pkg`]
  [de0858da] Printf  [`@stdlib/Printf`]
  [3fa0cd96] REPL  [`@stdlib/REPL`]
  [9a3f8284] Random  [`@stdlib/Random`]
  [ea8e919c] SHA  [`@stdlib/SHA`]
  [9e88b42a] Serialization  [`@stdlib/Serialization`]
  [1a1011a3] SharedArrays  [`@stdlib/SharedArrays`]
  [6462fe0b] Sockets  [`@stdlib/Sockets`]
  [2f01184e] SparseArrays  [`@stdlib/SparseArrays`]
  [10745b16] Statistics  [`@stdlib/Statistics`]
  [8dfed614] Test  [`@stdlib/Test`]
  [cf7118a7] UUIDs  [`@stdlib/UUIDs`]
  [4ec0a83e] Unicode  [`@stdlib/Unicode`]
WARNING: Compat.Markdown is deprecated, use Markdown instead.
  likely near /root/.julia/packages/MacroTools/ys44U/src/MacroTools.jl:4
WARNING: Compat.Random is deprecated, use Random instead.
  likely near /root/.julia/packages/MacroTools/ys44U/src/MacroTools.jl:35
Test Summary: | Pass  Total
Dependencies  |    2      2
  5.153864 seconds (5.46 M allocations: 277.237 MiB, 2.31% gc time)
  Updating registry at `~/.julia/registries/General`
  Updating git-repo `https://github.com/JuliaRegistries/General.git`
[?25l[2K[?25h┌ Warning: Some registries failed to update:
│     — /root/.julia/registries/General — failed to fetch from repo
└ @ Pkg.API /buildworker/worker/package_linux64/build/usr/share/julia/stdlib/v1.0/Pkg/src/API.jl:162
 Resolving package versions...
 Installed Example ─ v0.4.1
  Updating `/tmp/tmpxeq7X5/Project.toml`
  [7876af07] + Example v0.4.1
  Updating `/tmp/tmpxeq7X5/Manifest.toml`
  [7876af07] + Example v0.4.1
  Updating registry at `~/.julia/registries/General`
  Updating git-repo `https://github.com/JuliaRegistries/General.git`
[?25l[2K[?25h┌ Warning: Some registries failed to update:
│     — /root/.julia/registries/General — failed to fetch from repo
└ @ Pkg.API /buildworker/worker/package_linux64/build/usr/share/julia/stdlib/v1.0/Pkg/src/API.jl:162
 Installed Example ─ v0.5.3
[ Info: activating new environment at /tmp/tmpsIh8K7/Project.toml.
Test Summary: | Pass  Total
Environments  |    2      2
 36.259472 seconds (19.00 M allocations: 933.731 MiB, 2.27% gc time)
   Testing PkgUtils tests passed 
