 Resolving package versions...
 Installed Missings ──────────── v0.4.3
 Installed Requires ──────────── v0.5.2
 Installed ArgCheck ──────────── v1.0.1
 Installed DataAPI ───────────── v1.1.0
 Installed CSTParser ─────────── v1.0.0
 Installed Parameters ────────── v0.12.0
 Installed DataStructures ────── v0.17.6
 Installed PGFPlotsX ─────────── v1.1.0
 Installed Compat ────────────── v3.0.0
 Installed OrderedCollections ── v1.1.0
 Installed Tokenize ──────────── v0.5.6
 Installed DefaultApplication ── v0.1.3
 Installed StatsBase ─────────── v0.32.0
 Installed SortingAlgorithms ─── v0.3.1
 Installed Crayons ───────────── v4.0.1
 Installed MacroTools ────────── v0.5.1
 Installed DocStringExtensions ─ v0.8.1
  Updating `~/.julia/environments/v1.2/Project.toml`
  [8314cec4] + PGFPlotsX v1.1.0
  Updating `~/.julia/environments/v1.2/Manifest.toml`
  [dce04be8] + ArgCheck v1.0.1
  [00ebfdb7] + CSTParser v1.0.0
  [34da2185] + Compat v3.0.0
  [a8cc5b0e] + Crayons v4.0.1
  [9a962f9c] + DataAPI v1.1.0
  [864edb3b] + DataStructures v0.17.6
  [3f0dd361] + DefaultApplication v0.1.3
  [ffbed154] + DocStringExtensions v0.8.1
  [1914dd2f] + MacroTools v0.5.1
  [e1d29d7a] + Missings v0.4.3
  [bac558e1] + OrderedCollections v1.1.0
  [8314cec4] + PGFPlotsX v1.1.0
  [d96e819e] + Parameters v0.12.0
  [ae029012] + Requires v0.5.2
  [a2af1166] + SortingAlgorithms v0.3.1
  [2913bbd2] + StatsBase v0.32.0
  [0796e94c] + Tokenize v0.5.6
  [2a0f44e3] + Base64 
  [ade2ca70] + Dates 
  [8bb1440f] + DelimitedFiles 
  [8ba89e20] + Distributed 
  [b77e0a4c] + InteractiveUtils 
  [76f85450] + LibGit2 
  [8f399da3] + Libdl 
  [37e2e46d] + LinearAlgebra 
  [56ddb016] + Logging 
  [d6f4376e] + Markdown 
  [a63ad114] + Mmap 
  [44cfe95a] + Pkg 
  [de0858da] + Printf 
  [3fa0cd96] + REPL 
  [9a3f8284] + Random 
  [ea8e919c] + SHA 
  [9e88b42a] + Serialization 
  [1a1011a3] + SharedArrays 
  [6462fe0b] + Sockets 
  [2f01184e] + SparseArrays 
  [10745b16] + Statistics 
  [8dfed614] + Test 
  [cf7118a7] + UUIDs 
  [4ec0a83e] + Unicode 
  Building PGFPlotsX → `~/.julia/packages/PGFPlotsX/SoIeB/deps/build.log`
   Testing PGFPlotsX
 Resolving package versions...
 Installed DataValueInterfaces ───────── v1.0.0
 Installed PooledArrays ──────────────── v0.5.2
 Installed RecipesBase ───────────────── v0.7.0
 Installed CategoricalArrays ─────────── v0.7.3
 Installed DataFrames ────────────────── v0.18.4
 Installed Measurements ──────────────── v2.1.1
 Installed TableTraits ───────────────── v1.0.0
 Installed Reexport ──────────────────── v0.2.0
 Installed Colors ────────────────────── v0.9.6
 Installed Parsers ───────────────────── v0.3.10
 Installed FixedPointNumbers ─────────── v0.6.1
 Installed Tables ────────────────────── v0.2.11
 Installed Calculus ──────────────────── v0.5.1
 Installed JSON ──────────────────────── v0.21.0
 Installed ColorTypes ────────────────── v0.8.0
 Installed IteratorInterfaceExtensions ─ v1.0.0
    Status `/tmp/jl_xnqAqJ/Manifest.toml`
  [dce04be8] ArgCheck v1.0.1
  [00ebfdb7] CSTParser v1.0.0
  [49dc2e85] Calculus v0.5.1
  [324d7699] CategoricalArrays v0.7.3
  [3da002f7] ColorTypes v0.8.0
  [5ae59095] Colors v0.9.6
  [34da2185] Compat v3.0.0
  [a8cc5b0e] Crayons v4.0.1
  [9a962f9c] DataAPI v1.1.0
  [a93c6f00] DataFrames v0.18.4
  [864edb3b] DataStructures v0.17.6
  [e2d170a0] DataValueInterfaces v1.0.0
  [3f0dd361] DefaultApplication v0.1.3
  [ffbed154] DocStringExtensions v0.8.1
  [53c48c17] FixedPointNumbers v0.6.1
  [82899510] IteratorInterfaceExtensions v1.0.0
  [682c06a0] JSON v0.21.0
  [1914dd2f] MacroTools v0.5.1
  [eff96d63] Measurements v2.1.1
  [e1d29d7a] Missings v0.4.3
  [bac558e1] OrderedCollections v1.1.0
  [8314cec4] PGFPlotsX v1.1.0
  [d96e819e] Parameters v0.12.0
  [69de0a69] Parsers v0.3.10
  [2dfb63ee] PooledArrays v0.5.2
  [3cdcf5f2] RecipesBase v0.7.0
  [189a3867] Reexport v0.2.0
  [ae029012] Requires v0.5.2
  [a2af1166] SortingAlgorithms v0.3.1
  [2913bbd2] StatsBase v0.32.0
  [3783bdb8] TableTraits v1.0.0
  [bd369af6] Tables v0.2.11
  [0796e94c] Tokenize v0.5.6
  [2a0f44e3] Base64  [`@stdlib/Base64`]
  [ade2ca70] Dates  [`@stdlib/Dates`]
  [8bb1440f] DelimitedFiles  [`@stdlib/DelimitedFiles`]
  [8ba89e20] Distributed  [`@stdlib/Distributed`]
  [9fa8497b] Future  [`@stdlib/Future`]
  [b77e0a4c] InteractiveUtils  [`@stdlib/InteractiveUtils`]
  [76f85450] LibGit2  [`@stdlib/LibGit2`]
  [8f399da3] Libdl  [`@stdlib/Libdl`]
  [37e2e46d] LinearAlgebra  [`@stdlib/LinearAlgebra`]
  [56ddb016] Logging  [`@stdlib/Logging`]
  [d6f4376e] Markdown  [`@stdlib/Markdown`]
  [a63ad114] Mmap  [`@stdlib/Mmap`]
  [44cfe95a] Pkg  [`@stdlib/Pkg`]
  [de0858da] Printf  [`@stdlib/Printf`]
  [3fa0cd96] REPL  [`@stdlib/REPL`]
  [9a3f8284] Random  [`@stdlib/Random`]
  [ea8e919c] SHA  [`@stdlib/SHA`]
  [9e88b42a] Serialization  [`@stdlib/Serialization`]
  [1a1011a3] SharedArrays  [`@stdlib/SharedArrays`]
  [6462fe0b] Sockets  [`@stdlib/Sockets`]
  [2f01184e] SparseArrays  [`@stdlib/SparseArrays`]
  [10745b16] Statistics  [`@stdlib/Statistics`]
  [8dfed614] Test  [`@stdlib/Test`]
  [cf7118a7] UUIDs  [`@stdlib/UUIDs`]
  [4ec0a83e] Unicode  [`@stdlib/Unicode`]
WARNING: Compat.Markdown is deprecated, use Markdown instead.
  likely near /root/.julia/packages/MacroTools/ys44U/src/MacroTools.jl:4
WARNING: Compat.Random is deprecated, use Random instead.
  likely near /root/.julia/packages/MacroTools/ys44U/src/MacroTools.jl:35
WARNING: Compat.Statistics is deprecated, use Statistics instead.
  likely near /root/.julia/packages/CategoricalArrays/U3LvJ/src/extras.jl:1
PGFPlotsX.latexengine = PGFPlotsX.latexengine
┌ Info: External binaries
│   PGFPlotsX.HAVE_PDFTOPPM = false
│   PGFPlotsX.HAVE_PDFTOSVG = false
└   GNUPLOT_VERSION = nothing
┌ Warning: External binaries `pdf2svg`, `pdftoppm`, and `gnuplot` need to be installed
│ for complete test coverage.
└ @ Main ~/.julia/packages/PGFPlotsX/SoIeB/test/runtests.jl:22
Test Summary: | Pass  Total
pgf escape    |    1      1
Test Summary: | Pass  Total
pgf tests     |    3      3
Test Summary: | Pass  Total
pgf empty     |    1      1
Test Summary:               | Pass  Total
printing Julia types to TeX |    8      8
Test Summary: | Pass  Total
coordinate    |   12     12
Test Summary:                            | Pass  Total
coordinates and convenience constructors |   13     13
Test Summary: | Pass  Total
tables        |   14     14
Test Summary: | Pass  Total
table file    |    2      2
Test Summary: | Pass  Total
plot          |    7      7
Test Summary:            | Pass  Total
printing and indentation |   15     15
Test Summary:          | Pass  Total
explicit empty options |    1      1
Test Summary:     | Pass  Total
push! and append! |    4      4
Test Summary:                 | Pass  Total
vertical and horizontal lines |    2      2
Test Summary: | Pass  Total
colors        |    2      2
Test Summary:                                                    | Pass  Total
Axis, SemiLogXAxis, SemiLogYAxis and LogLogAxis inside GroupPlot |    1      1
┌ Warning: Tikz document is empty
└ @ PGFPlotsX ~/.julia/packages/PGFPlotsX/SoIeB/src/tikzdocument.jl:129
Test Summary: | Pass  Total
preamble      |    2      2
\RequirePackage{luatex85}
\documentclass[tikz]{standalone}
% Default preamble
\usepackage{pgfplots}
\pgfplotsset{compat=newest}
\usepgfplotslibrary{groupplots}
\usepgfplotslibrary{polar}
\usepgfplotslibrary{smithchart}
\usepgfplotslibrary{statistics}
\usepgfplotslibrary{dateplot}
\begin{document}
\begin{tikzpicture}
\begin{axis}
    \addplot
        {x^2};
\end{axis}
\end{tikzpicture}
\end{document}

simple: Error During Test at /root/.julia/packages/PGFPlotsX/SoIeB/test/test_build.jl:54
  Got exception outside of a @test
  IOError: could not spawn `pdflatex jl_ICEOsS.tex`: no such file or directory (ENOENT)
  Stacktrace:
   [1] _spawn_primitive(::String, ::Cmd, ::Array{Any,1}) at ./process.jl:401
   [2] setup_stdios(::getfield(Base, Symbol("##526#527")){Cmd}, ::Array{Any,1}) at ./process.jl:414
   [3] _spawn at ./process.jl:413 [inlined]
   [4] _spawn at ./process.jl:408 [inlined]
   [5] success(::Cmd) at ./process.jl:784
   [6] #114 at /root/.julia/packages/PGFPlotsX/SoIeB/src/build.jl:31 [inlined]
   [7] cd(::getfield(PGFPlotsX, Symbol("##114#115")){Cmd}, ::String) at ./file.jl:96
   [8] #savepdf#71(::PGFPlotsX.LaTeXEngine, ::Array{String,1}, ::Int64, ::String, ::typeof(PGFPlotsX.savepdf), ::String, ::TikzDocument) at /root/.julia/packages/PGFPlotsX/SoIeB/src/build.jl:31
   [9] #savepdf at ./none:0 [inlined]
   [10] #save#65(::Bool, ::PGFPlotsX.LaTeXEngine, ::Array{String,1}, ::Int64, ::Bool, ::typeof(PGFPlotsX.save), ::String, ::TikzDocument) at /root/.julia/packages/PGFPlotsX/SoIeB/src/tikzdocument.jl:86
   [11] save(::String, ::TikzDocument) at /root/.julia/packages/PGFPlotsX/SoIeB/src/tikzdocument.jl:72
   [12] #save#60 at /root/.julia/packages/PGFPlotsX/SoIeB/src/tikzpicture.jl:33 [inlined]
   [13] save at /root/.julia/packages/PGFPlotsX/SoIeB/src/tikzpicture.jl:33 [inlined]
   [14] #save#55 at /root/.julia/packages/PGFPlotsX/SoIeB/src/axislike.jl:44 [inlined]
   [15] save at /root/.julia/packages/PGFPlotsX/SoIeB/src/axislike.jl:44 [inlined]
   [16] (::getfield(Main, Symbol("##21#23")){String})() at /root/.julia/packages/PGFPlotsX/SoIeB/test/test_build.jl:74
   [17] cd(::getfield(Main, Symbol("##21#23")){String}, ::String) at ./file.jl:96
   [18] #20 at /root/.julia/packages/PGFPlotsX/SoIeB/test/test_build.jl:57 [inlined]
   [19] #mktempdir#15(::String, ::typeof(mktempdir), ::getfield(Main, Symbol("##20#22")){String}, ::String) at ./file.jl:584
   [20] mktempdir(::Function, ::String) at ./file.jl:582 (repeats 2 times)
   [21] top-level scope at /root/.julia/packages/PGFPlotsX/SoIeB/test/test_build.jl:56
   [22] top-level scope at /buildworker/worker/package_linux64/build/usr/share/julia/stdlib/v1.2/Test/src/Test.jl:1113
   [23] top-level scope at /root/.julia/packages/PGFPlotsX/SoIeB/test/test_build.jl:55
   [24] include at ./boot.jl:328 [inlined]
   [25] include_relative(::Module, ::String) at ./loading.jl:1094
   [26] include(::Module, ::String) at ./Base.jl:31
   [27] include(::String) at ./client.jl:431
   [28] #11 at /root/.julia/packages/PGFPlotsX/SoIeB/test/runtests.jl:33 [inlined]
   [29] cd(::getfield(Main, Symbol("##11#13")), ::String) at ./file.jl:96
   [30] #10 at /root/.julia/packages/PGFPlotsX/SoIeB/test/runtests.jl:32 [inlined]
   [31] #mktempdir#15(::String, ::typeof(mktempdir), ::getfield(Main, Symbol("##10#12")), ::String) at ./file.jl:584
   [32] mktempdir(::Function, ::String) at ./file.jl:582 (repeats 2 times)
   [33] top-level scope at /root/.julia/packages/PGFPlotsX/SoIeB/test/runtests.jl:32
   [34] include at ./boot.jl:328 [inlined]
   [35] include_relative(::Module, ::String) at ./loading.jl:1094
   [36] include(::Module, ::String) at ./Base.jl:31
   [37] include(::String) at ./client.jl:431
   [38] top-level scope at none:5
   [39] eval(::Module, ::Any) at ./boot.jl:330
   [40] exec_options(::Base.JLOptions) at ./client.jl:271
   [41] _start() at ./client.jl:464
  
Test Summary: | Pass  Error  Total
simple        |    3      1      4
ERROR: LoadError: LoadError: Some tests did not pass: 3 passed, 0 failed, 1 errored, 0 broken.
in expression starting at /root/.julia/packages/PGFPlotsX/SoIeB/test/test_build.jl:54
in expression starting at /root/.julia/packages/PGFPlotsX/SoIeB/test/runtests.jl:32
ERROR: Package PGFPlotsX errored during testing
Stacktrace:
 [1] pkgerror(::String, ::Vararg{String,N} where N) at /buildworker/worker/package_linux64/build/usr/share/julia/stdlib/v1.2/Pkg/src/Types.jl:112
 [2] #test#119(::Bool, ::Nothing, ::typeof(Pkg.Operations.test), ::Pkg.Types.Context, ::Array{Pkg.Types.PackageSpec,1}) at /buildworker/worker/package_linux64/build/usr/share/julia/stdlib/v1.2/Pkg/src/Operations.jl:1288
 [3] #test at ./none:0 [inlined]
 [4] #test#62(::Bool, ::Nothing, ::Base.Iterators.Pairs{Union{},Union{},Tuple{},NamedTuple{(),Tuple{}}}, ::typeof(Pkg.API.test), ::Pkg.Types.Context, ::Array{Pkg.Types.PackageSpec,1}) at /buildworker/worker/package_linux64/build/usr/share/julia/stdlib/v1.2/Pkg/src/API.jl:245
 [5] test at /buildworker/worker/package_linux64/build/usr/share/julia/stdlib/v1.2/Pkg/src/API.jl:233 [inlined]
 [6] #test#61 at /buildworker/worker/package_linux64/build/usr/share/julia/stdlib/v1.2/Pkg/src/API.jl:230 [inlined]
 [7] test at /buildworker/worker/package_linux64/build/usr/share/julia/stdlib/v1.2/Pkg/src/API.jl:230 [inlined]
 [8] #test#60 at /buildworker/worker/package_linux64/build/usr/share/julia/stdlib/v1.2/Pkg/src/API.jl:229 [inlined]
 [9] test at /buildworker/worker/package_linux64/build/usr/share/julia/stdlib/v1.2/Pkg/src/API.jl:229 [inlined]
 [10] #test#59(::Base.Iterators.Pairs{Union{},Union{},Tuple{},NamedTuple{(),Tuple{}}}, ::typeof(Pkg.API.test), ::String) at /buildworker/worker/package_linux64/build/usr/share/julia/stdlib/v1.2/Pkg/src/API.jl:228
 [11] test(::String) at /buildworker/worker/package_linux64/build/usr/share/julia/stdlib/v1.2/Pkg/src/API.jl:228
 [12] top-level scope at none:10
