 Resolving package versions...
 Installed Missings ──────────────────── v0.4.3
 Installed DataAPI ───────────────────── v1.1.0
 Installed PDMats ────────────────────── v0.9.10
 Installed TableTraits ───────────────── v1.0.0
 Installed AbstractFFTs ──────────────── v0.5.0
 Installed NLreg ─────────────────────── v0.2.0
 Installed BinaryProvider ────────────── v0.5.8
 Installed StatsBase ─────────────────── v0.31.0
 Installed URIParser ─────────────────── v0.4.0
 Installed CommonSubexpressions ──────── v0.2.0
 Installed Conda ─────────────────────── v1.3.0
 Installed DataValueInterfaces ───────── v1.0.0
 Installed StatsFuns ─────────────────── v0.8.0
 Installed IRTools ───────────────────── v0.2.3
 Installed Requires ──────────────────── v0.5.2
 Installed Zygote ────────────────────── v0.3.4
 Installed Reexport ──────────────────── v0.2.0
 Installed TimerOutputs ──────────────── v0.5.3
 Installed Compat ────────────────────── v2.2.0
 Installed Rmath ─────────────────────── v0.6.0
 Installed ForwardDiff ───────────────── v0.10.6
 Installed OrderedCollections ────────── v1.1.0
 Installed NNlib ─────────────────────── v0.6.0
 Installed Tables ────────────────────── v0.2.11
 Installed DataStructures ────────────── v0.17.6
 Installed FillArrays ────────────────── v0.8.2
 Installed Parsers ───────────────────── v0.3.10
 Installed DiffRules ─────────────────── v0.0.10
 Installed JSON ──────────────────────── v0.21.0
 Installed NaNMath ───────────────────── v0.3.3
 Installed StaticArrays ──────────────── v0.12.1
 Installed Distributions ─────────────── v0.21.0
 Installed SortingAlgorithms ─────────── v0.3.1
 Installed IteratorInterfaceExtensions ─ v1.0.0
 Installed QuadGK ────────────────────── v2.1.1
 Installed FFTW ──────────────────────── v1.1.0
 Installed DiffResults ───────────────── v0.0.4
 Installed VersionParsing ────────────── v1.1.3
 Installed ZygoteRules ───────────────── v0.1.0
 Installed MacroTools ────────────────── v0.5.2
 Installed BinDeps ───────────────────── v0.8.10
 Installed SpecialFunctions ──────────── v0.7.2
 Installed Arpack ────────────────────── v0.3.1
  Updating `~/.julia/environments/v1.2/Project.toml`
  [6aa54777] + NLreg v0.2.0
  Updating `~/.julia/environments/v1.2/Manifest.toml`
  [621f4979] + AbstractFFTs v0.5.0
  [7d9fca2a] + Arpack v0.3.1
  [9e28174c] + BinDeps v0.8.10
  [b99e7846] + BinaryProvider v0.5.8
  [bbf7d656] + CommonSubexpressions v0.2.0
  [34da2185] + Compat v2.2.0
  [8f4d0f93] + Conda v1.3.0
  [9a962f9c] + DataAPI v1.1.0
  [864edb3b] + DataStructures v0.17.6
  [e2d170a0] + DataValueInterfaces v1.0.0
  [163ba53b] + DiffResults v0.0.4
  [b552c78f] + DiffRules v0.0.10
  [31c24e10] + Distributions v0.21.0
  [7a1cc6ca] + FFTW v1.1.0
  [1a297f60] + FillArrays v0.8.2
  [f6369f11] + ForwardDiff v0.10.6
  [7869d1d1] + IRTools v0.2.3
  [82899510] + IteratorInterfaceExtensions v1.0.0
  [682c06a0] + JSON v0.21.0
  [1914dd2f] + MacroTools v0.5.2
  [e1d29d7a] + Missings v0.4.3
  [6aa54777] + NLreg v0.2.0
  [872c559c] + NNlib v0.6.0
  [77ba4419] + NaNMath v0.3.3
  [bac558e1] + OrderedCollections v1.1.0
  [90014a1f] + PDMats v0.9.10
  [69de0a69] + Parsers v0.3.10
  [1fd47b50] + QuadGK v2.1.1
  [189a3867] + Reexport v0.2.0
  [ae029012] + Requires v0.5.2
  [79098fc4] + Rmath v0.6.0
  [a2af1166] + SortingAlgorithms v0.3.1
  [276daf66] + SpecialFunctions v0.7.2
  [90137ffa] + StaticArrays v0.12.1
  [2913bbd2] + StatsBase v0.31.0
  [4c63d2b9] + StatsFuns v0.8.0
  [3783bdb8] + TableTraits v1.0.0
  [bd369af6] + Tables v0.2.11
  [a759f4b9] + TimerOutputs v0.5.3
  [30578b45] + URIParser v0.4.0
  [81def892] + VersionParsing v1.1.3
  [e88e6eb3] + Zygote v0.3.4
  [700de1a5] + ZygoteRules v0.1.0
  [2a0f44e3] + Base64 
  [ade2ca70] + Dates 
  [8bb1440f] + DelimitedFiles 
  [8ba89e20] + Distributed 
  [b77e0a4c] + InteractiveUtils 
  [76f85450] + LibGit2 
  [8f399da3] + Libdl 
  [37e2e46d] + LinearAlgebra 
  [56ddb016] + Logging 
  [d6f4376e] + Markdown 
  [a63ad114] + Mmap 
  [44cfe95a] + Pkg 
  [de0858da] + Printf 
  [3fa0cd96] + REPL 
  [9a3f8284] + Random 
  [ea8e919c] + SHA 
  [9e88b42a] + Serialization 
  [1a1011a3] + SharedArrays 
  [6462fe0b] + Sockets 
  [2f01184e] + SparseArrays 
  [10745b16] + Statistics 
  [4607b0f0] + SuiteSparse 
  [8dfed614] + Test 
  [cf7118a7] + UUIDs 
  [4ec0a83e] + Unicode 
  Building Conda ───────────→ `~/.julia/packages/Conda/kLXeC/deps/build.log`
  Building Rmath ───────────→ `~/.julia/packages/Rmath/BoBag/deps/build.log`
  Building FFTW ────────────→ `~/.julia/packages/FFTW/loJ3F/deps/build.log`
  Building SpecialFunctions → `~/.julia/packages/SpecialFunctions/fvheQ/deps/build.log`
  Building Arpack ──────────→ `~/.julia/packages/Arpack/cu5By/deps/build.log`
   Testing NLreg
 Resolving package versions...
 Installed InvertedIndices ─── v1.0.0
 Installed WeakRefStrings ──── v0.6.1
 Installed FilePathsBase ───── v0.7.0
 Installed PooledArrays ────── v0.5.2
 Installed ArrayLayouts ────── v0.1.5
 Installed CategoricalArrays ─ v0.7.3
 Installed DataFrames ──────── v0.19.4
 Installed LazyArrays ──────── v0.14.8
 Installed CSV ─────────────── v0.5.18
  Updating `/tmp/jl_ixMkx3/Project.toml`
  [336ed68f] + CSV v0.5.18
  [a93c6f00] + DataFrames v0.19.4
  [6aa54777] + NLreg v0.2.0
  Updating `/tmp/jl_ixMkx3/Manifest.toml`
  [4c555306] + ArrayLayouts v0.1.5
  [336ed68f] + CSV v0.5.18
  [324d7699] + CategoricalArrays v0.7.3
  [a93c6f00] + DataFrames v0.19.4
  [48062228] + FilePathsBase v0.7.0
  [41ab1584] + InvertedIndices v1.0.0
  [5078a376] + LazyArrays v0.14.8
  [2dfb63ee] + PooledArrays v0.5.2
  [ea10d353] + WeakRefStrings v0.6.1
  [9fa8497b] + Future 
[ Info: Running Sandbox
    Status `/tmp/jl_ixMkx3/Project.toml`
  [336ed68f] CSV v0.5.18
  [a93c6f00] DataFrames v0.19.4
  [6aa54777] NLreg v0.2.0
  [2913bbd2] StatsBase v0.31.0
  [10745b16] Statistics 
  [8dfed614] Test 
Test Summary: | Pass  Total
orange        |    1      1
Test Summary: | Pass  Total
Theophylline  |    3      3
   Testing NLreg tests passed 
