 Resolving package versions...
 Installed VersionParsing ────────── v1.1.3
 Installed NaNMath ───────────────── v0.3.3
 Installed Graphics ──────────────── v0.4.0
 Installed ColorTypes ────────────── v0.8.0
 Installed Parsers ───────────────── v0.3.10
 Installed FFTW ──────────────────── v1.1.0
 Installed BinaryProvider ────────── v0.5.8
 Installed ImageBinarization ─────── v0.2.1
 Installed Reexport ──────────────── v0.2.0
 Installed Conda ─────────────────── v1.3.0
 Installed RecipesBase ───────────── v0.7.0
 Installed FixedPointNumbers ─────── v0.6.1
 Installed BinDeps ───────────────── v0.8.10
 Installed Polynomials ───────────── v0.6.0
 Installed DataStructures ────────── v0.17.6
 Installed MappedArrays ──────────── v0.2.2
 Installed DataAPI ───────────────── v1.1.0
 Installed JSON ──────────────────── v0.21.0
 Installed SpecialFunctions ──────── v0.8.0
 Installed HistogramThresholding ─── v0.2.2
 Installed OffsetArrays ──────────── v0.11.1
 Installed AbstractFFTs ──────────── v0.5.0
 Installed URIParser ─────────────── v0.4.0
 Installed SortingAlgorithms ─────── v0.3.1
 Installed StatsBase ─────────────── v0.32.0
 Installed ColorVectorSpace ──────── v0.7.1
 Installed Missings ──────────────── v0.4.3
 Installed OrderedCollections ────── v1.1.0
 Installed PaddedViews ───────────── v0.4.2
 Installed Compat ────────────────── v2.2.0
 Installed ImageCore ─────────────── v0.8.5
 Installed Colors ────────────────── v0.9.6
 Installed ImageContrastAdjustment ─ v0.2.0
  Updating `~/.julia/environments/v1.0/Project.toml`
  [cbc4b850] + ImageBinarization v0.2.1
  Updating `~/.julia/environments/v1.0/Manifest.toml`
  [621f4979] + AbstractFFTs v0.5.0
  [9e28174c] + BinDeps v0.8.10
  [b99e7846] + BinaryProvider v0.5.8
  [3da002f7] + ColorTypes v0.8.0
  [c3611d14] + ColorVectorSpace v0.7.1
  [5ae59095] + Colors v0.9.6
  [34da2185] + Compat v2.2.0
  [8f4d0f93] + Conda v1.3.0
  [9a962f9c] + DataAPI v1.1.0
  [864edb3b] + DataStructures v0.17.6
  [7a1cc6ca] + FFTW v1.1.0
  [53c48c17] + FixedPointNumbers v0.6.1
  [a2bd30eb] + Graphics v0.4.0
  [2c695a8d] + HistogramThresholding v0.2.2
  [cbc4b850] + ImageBinarization v0.2.1
  [f332f351] + ImageContrastAdjustment v0.2.0
  [a09fc81d] + ImageCore v0.8.5
  [682c06a0] + JSON v0.21.0
  [dbb5928d] + MappedArrays v0.2.2
  [e1d29d7a] + Missings v0.4.3
  [77ba4419] + NaNMath v0.3.3
  [6fe1bfb0] + OffsetArrays v0.11.1
  [bac558e1] + OrderedCollections v1.1.0
  [5432bcbf] + PaddedViews v0.4.2
  [69de0a69] + Parsers v0.3.10
  [f27b6e38] + Polynomials v0.6.0
  [3cdcf5f2] + RecipesBase v0.7.0
  [189a3867] + Reexport v0.2.0
  [a2af1166] + SortingAlgorithms v0.3.1
  [276daf66] + SpecialFunctions v0.8.0
  [2913bbd2] + StatsBase v0.32.0
  [30578b45] + URIParser v0.4.0
  [81def892] + VersionParsing v1.1.3
  [2a0f44e3] + Base64 
  [ade2ca70] + Dates 
  [8bb1440f] + DelimitedFiles 
  [8ba89e20] + Distributed 
  [b77e0a4c] + InteractiveUtils 
  [76f85450] + LibGit2 
  [8f399da3] + Libdl 
  [37e2e46d] + LinearAlgebra 
  [56ddb016] + Logging 
  [d6f4376e] + Markdown 
  [a63ad114] + Mmap 
  [44cfe95a] + Pkg 
  [de0858da] + Printf 
  [3fa0cd96] + REPL 
  [9a3f8284] + Random 
  [ea8e919c] + SHA 
  [9e88b42a] + Serialization 
  [1a1011a3] + SharedArrays 
  [6462fe0b] + Sockets 
  [2f01184e] + SparseArrays 
  [10745b16] + Statistics 
  [8dfed614] + Test 
  [cf7118a7] + UUIDs 
  [4ec0a83e] + Unicode 
  Building Conda ───────────→ `~/.julia/packages/Conda/kLXeC/deps/build.log`
  Building FFTW ────────────→ `~/.julia/packages/FFTW/loJ3F/deps/build.log`
  Building SpecialFunctions → `~/.julia/packages/SpecialFunctions/ne2iw/deps/build.log`
   Testing ImageBinarization
 Resolving package versions...
 Installed WoodburyMatrices ────────── v0.4.1
 Installed TestImages ──────────────── v0.5.1
 Installed ImageTransformations ────── v0.8.0
 Installed ImageMagick ─────────────── v0.7.5
 Installed AxisArrays ──────────────── v0.3.3
 Installed Rotations ───────────────── v0.12.0
 Installed AxisAlgorithms ──────────── v1.0.0
 Installed Distances ───────────────── v0.8.2
 Installed ZipFile ─────────────────── v0.8.3
 Installed ReferenceTests ──────────── v0.8.2
 Installed StaticArrays ────────────── v0.12.1
 Installed IntervalSets ────────────── v0.3.2
 Installed CoordinateTransformations ─ v0.5.0
 Installed Ratios ──────────────────── v0.3.1
 Installed Crayons ─────────────────── v4.0.1
 Installed RangeArrays ─────────────── v0.3.1
 Installed IdentityRanges ──────────── v0.3.0
 Installed IterTools ───────────────── v1.3.0
 Installed ImageInTerminal ─────────── v0.4.1
 Installed DeepDiffs ───────────────── v1.1.0
 Installed FileIO ──────────────────── v1.0.7
 Installed Interpolations ──────────── v0.12.5
  Building ImageMagick → `~/.julia/packages/ImageMagick/vMfoS/deps/build.log`
  Building ZipFile ────→ `~/.julia/packages/ZipFile/oD4uG/deps/build.log`
  Building TestImages ─→ `~/.julia/packages/TestImages/Aoq3X/deps/build.log`
    Status `/tmp/tmpgJ5LIh/Manifest.toml`
  [621f4979] AbstractFFTs v0.5.0
  [13072b0f] AxisAlgorithms v1.0.0
  [39de3d68] AxisArrays v0.3.3
  [9e28174c] BinDeps v0.8.10
  [b99e7846] BinaryProvider v0.5.8
  [3da002f7] ColorTypes v0.8.0
  [c3611d14] ColorVectorSpace v0.7.1
  [5ae59095] Colors v0.9.6
  [34da2185] Compat v2.2.0
  [8f4d0f93] Conda v1.3.0
  [150eb455] CoordinateTransformations v0.5.0
  [a8cc5b0e] Crayons v4.0.1
  [9a962f9c] DataAPI v1.1.0
  [864edb3b] DataStructures v0.17.6
  [ab62b9b5] DeepDiffs v1.1.0
  [b4f34e82] Distances v0.8.2
  [7a1cc6ca] FFTW v1.1.0
  [5789e2e9] FileIO v1.0.7
  [53c48c17] FixedPointNumbers v0.6.1
  [a2bd30eb] Graphics v0.4.0
  [2c695a8d] HistogramThresholding v0.2.2
  [bbac6d45] IdentityRanges v0.3.0
  [cbc4b850] ImageBinarization v0.2.1
  [f332f351] ImageContrastAdjustment v0.2.0
  [a09fc81d] ImageCore v0.8.5
  [d8c32880] ImageInTerminal v0.4.1
  [6218d12a] ImageMagick v0.7.5
  [02fcd773] ImageTransformations v0.8.0
  [a98d9a8b] Interpolations v0.12.5
  [8197267c] IntervalSets v0.3.2
  [c8e1da08] IterTools v1.3.0
  [682c06a0] JSON v0.21.0
  [dbb5928d] MappedArrays v0.2.2
  [e1d29d7a] Missings v0.4.3
  [77ba4419] NaNMath v0.3.3
  [6fe1bfb0] OffsetArrays v0.11.1
  [bac558e1] OrderedCollections v1.1.0
  [5432bcbf] PaddedViews v0.4.2
  [69de0a69] Parsers v0.3.10
  [f27b6e38] Polynomials v0.6.0
  [b3c3ace0] RangeArrays v0.3.1
  [c84ed2f1] Ratios v0.3.1
  [3cdcf5f2] RecipesBase v0.7.0
  [189a3867] Reexport v0.2.0
  [324d217c] ReferenceTests v0.8.2
  [6038ab10] Rotations v0.12.0
  [a2af1166] SortingAlgorithms v0.3.1
  [276daf66] SpecialFunctions v0.8.0
  [90137ffa] StaticArrays v0.12.1
  [2913bbd2] StatsBase v0.32.0
  [5e47fb64] TestImages v0.5.1
  [30578b45] URIParser v0.4.0
  [81def892] VersionParsing v1.1.3
  [efce3f68] WoodburyMatrices v0.4.1
  [a5390f91] ZipFile v0.8.3
  [2a0f44e3] Base64  [`@stdlib/Base64`]
  [ade2ca70] Dates  [`@stdlib/Dates`]
  [8bb1440f] DelimitedFiles  [`@stdlib/DelimitedFiles`]
  [8ba89e20] Distributed  [`@stdlib/Distributed`]
  [b77e0a4c] InteractiveUtils  [`@stdlib/InteractiveUtils`]
  [76f85450] LibGit2  [`@stdlib/LibGit2`]
  [8f399da3] Libdl  [`@stdlib/Libdl`]
  [37e2e46d] LinearAlgebra  [`@stdlib/LinearAlgebra`]
  [56ddb016] Logging  [`@stdlib/Logging`]
  [d6f4376e] Markdown  [`@stdlib/Markdown`]
  [a63ad114] Mmap  [`@stdlib/Mmap`]
  [44cfe95a] Pkg  [`@stdlib/Pkg`]
  [de0858da] Printf  [`@stdlib/Printf`]
  [3fa0cd96] REPL  [`@stdlib/REPL`]
  [9a3f8284] Random  [`@stdlib/Random`]
  [ea8e919c] SHA  [`@stdlib/SHA`]
  [9e88b42a] Serialization  [`@stdlib/Serialization`]
  [1a1011a3] SharedArrays  [`@stdlib/SharedArrays`]
  [6462fe0b] Sockets  [`@stdlib/Sockets`]
  [2f01184e] SparseArrays  [`@stdlib/SparseArrays`]
  [10745b16] Statistics  [`@stdlib/Statistics`]
  [8dfed614] Test  [`@stdlib/Test`]
  [cf7118a7] UUIDs  [`@stdlib/UUIDs`]
  [4ec0a83e] Unicode  [`@stdlib/Unicode`]
WARNING: Method definition build_histogram(AbstractArray{T, N} where N where T) in module ImageContrastAdjustment at /root/.julia/packages/ImageContrastAdjustment/ppDpA/src/build_histogram.jl:131 overwritten at /root/.julia/packages/ImageContrastAdjustment/ppDpA/src/build_histogram.jl:138.
WARNING: Method definition build_histogram(AbstractArray{T, N} where N where T, Integer) in module ImageContrastAdjustment at /root/.julia/packages/ImageContrastAdjustment/ppDpA/src/build_histogram.jl:131 overwritten at /root/.julia/packages/ImageContrastAdjustment/ppDpA/src/build_histogram.jl:138.
ERROR: LoadError: LoadError: syntax: invalid function name "Equalization{T₁ <: Union{Real, AbstractGray}, T₂ <: Union{Real, AbstractGray}} <: AbstractHistogramAdjustmentAlgorithm"
Stacktrace:
 [1] include at ./boot.jl:317 [inlined]
 [2] include_relative(::Module, ::String) at ./loading.jl:1044
 [3] include at ./sysimg.jl:29 [inlined]
 [4] include(::String) at /root/.julia/packages/ImageContrastAdjustment/ppDpA/src/ImageContrastAdjustment.jl:1
 [5] top-level scope at none:0
 [6] include at ./boot.jl:317 [inlined]
 [7] include_relative(::Module, ::String) at ./loading.jl:1044
 [8] include(::Module, ::String) at ./sysimg.jl:29
 [9] top-level scope at none:2
 [10] eval at ./boot.jl:319 [inlined]
 [11] eval(::Expr) at ./client.jl:393
 [12] top-level scope at ./none:3
in expression starting at /root/.julia/packages/ImageContrastAdjustment/ppDpA/src/algorithms/equalization.jl:1
in expression starting at /root/.julia/packages/ImageContrastAdjustment/ppDpA/src/ImageContrastAdjustment.jl:17
ERROR: LoadError: Failed to precompile ImageContrastAdjustment [f332f351-ec65-5f6a-b3d1-319c6670881a] to /root/.julia/compiled/v1.0/ImageContrastAdjustment/JckzS.ji.
Stacktrace:
 [1] error(::String) at ./error.jl:33
 [2] compilecache(::Base.PkgId, ::String) at ./loading.jl:1203
 [3] _require(::Base.PkgId) at ./loading.jl:960
 [4] require(::Base.PkgId) at ./loading.jl:858
 [5] require(::Module, ::Symbol) at ./loading.jl:853
 [6] include at ./boot.jl:317 [inlined]
 [7] include_relative(::Module, ::String) at ./loading.jl:1044
 [8] include(::Module, ::String) at ./sysimg.jl:29
 [9] top-level scope at none:2
 [10] eval at ./boot.jl:319 [inlined]
 [11] eval(::Expr) at ./client.jl:393
 [12] top-level scope at ./none:3
in expression starting at /root/.julia/packages/ImageBinarization/ZNAIB/src/ImageBinarization.jl:9
ERROR: LoadError: Failed to precompile ImageBinarization [cbc4b850-ae4b-5111-9e64-df94c024a13d] to /root/.julia/compiled/v1.0/ImageBinarization/NNne1.ji.
Stacktrace:
 [1] error(::String) at ./error.jl:33
 [2] compilecache(::Base.PkgId, ::String) at ./loading.jl:1203
 [3] _require(::Base.PkgId) at ./loading.jl:960
 [4] require(::Base.PkgId) at ./loading.jl:858
 [5] require(::Module, ::Symbol) at ./loading.jl:853
 [6] include at ./boot.jl:317 [inlined]
 [7] include_relative(::Module, ::String) at ./loading.jl:1044
 [8] include(::Module, ::String) at ./sysimg.jl:29
 [9] include(::String) at ./client.jl:392
 [10] top-level scope at none:0
in expression starting at /root/.julia/packages/ImageBinarization/ZNAIB/test/runtests.jl:1
ERROR: Package ImageBinarization errored during testing
Stacktrace:
 [1] pkgerror(::String, ::Vararg{String,N} where N) at /buildworker/worker/package_linux64/build/usr/share/julia/stdlib/v1.0/Pkg/src/Types.jl:120
 [2] #test#65(::Bool, ::Function, ::Pkg.Types.Context, ::Array{Pkg.Types.PackageSpec,1}) at /buildworker/worker/package_linux64/build/usr/share/julia/stdlib/v1.0/Pkg/src/Operations.jl:1357
 [3] #test at /buildworker/worker/package_linux64/build/usr/share/julia/stdlib/v1.0/Pkg/src/API.jl:0 [inlined]
 [4] #test#44(::Bool, ::Base.Iterators.Pairs{Union{},Union{},Tuple{},NamedTuple{(),Tuple{}}}, ::Function, ::Pkg.Types.Context, ::Array{Pkg.Types.PackageSpec,1}) at /buildworker/worker/package_linux64/build/usr/share/julia/stdlib/v1.0/Pkg/src/API.jl:278
 [5] test at /buildworker/worker/package_linux64/build/usr/share/julia/stdlib/v1.0/Pkg/src/API.jl:263 [inlined]
 [6] #test#43 at /buildworker/worker/package_linux64/build/usr/share/julia/stdlib/v1.0/Pkg/src/API.jl:260 [inlined]
 [7] test at /buildworker/worker/package_linux64/build/usr/share/julia/stdlib/v1.0/Pkg/src/API.jl:260 [inlined]
 [8] #test#42 at /buildworker/worker/package_linux64/build/usr/share/julia/stdlib/v1.0/Pkg/src/API.jl:259 [inlined]
 [9] test at /buildworker/worker/package_linux64/build/usr/share/julia/stdlib/v1.0/Pkg/src/API.jl:259 [inlined]
 [10] #test#41 at /buildworker/worker/package_linux64/build/usr/share/julia/stdlib/v1.0/Pkg/src/API.jl:258 [inlined]
 [11] test(::String) at /buildworker/worker/package_linux64/build/usr/share/julia/stdlib/v1.0/Pkg/src/API.jl:258
 [12] top-level scope at none:0
