 Resolving package versions...
 Installed DataAPI ───────────────── v1.1.0
 Installed Conda ─────────────────── v1.3.0
 Installed AbstractFFTs ──────────── v0.5.0
 Installed Missings ──────────────── v0.4.3
 Installed BinaryProvider ────────── v0.5.8
 Installed StatsBase ─────────────── v0.32.0
 Installed Colors ────────────────── v0.9.6
 Installed ImageBinarization ─────── v0.2.1
 Installed Reexport ──────────────── v0.2.0
 Installed URIParser ─────────────── v0.4.0
 Installed OffsetArrays ──────────── v0.11.1
 Installed Compat ────────────────── v2.2.0
 Installed OrderedCollections ────── v1.1.0
 Installed Polynomials ───────────── v0.6.0
 Installed MappedArrays ──────────── v0.2.2
 Installed RecipesBase ───────────── v0.7.0
 Installed ColorVectorSpace ──────── v0.7.1
 Installed Parsers ───────────────── v0.3.10
 Installed FixedPointNumbers ─────── v0.6.1
 Installed Graphics ──────────────── v0.4.0
 Installed HistogramThresholding ─── v0.2.2
 Installed DataStructures ────────── v0.17.6
 Installed JSON ──────────────────── v0.21.0
 Installed NaNMath ───────────────── v0.3.3
 Installed PaddedViews ───────────── v0.4.2
 Installed SortingAlgorithms ─────── v0.3.1
 Installed VersionParsing ────────── v1.1.3
 Installed FFTW ──────────────────── v1.1.0
 Installed ImageCore ─────────────── v0.8.5
 Installed ColorTypes ────────────── v0.8.0
 Installed BinDeps ───────────────── v0.8.10
 Installed SpecialFunctions ──────── v0.8.0
 Installed ImageContrastAdjustment ─ v0.2.0
  Updating `~/.julia/environments/v1.2/Project.toml`
  [cbc4b850] + ImageBinarization v0.2.1
  Updating `~/.julia/environments/v1.2/Manifest.toml`
  [621f4979] + AbstractFFTs v0.5.0
  [9e28174c] + BinDeps v0.8.10
  [b99e7846] + BinaryProvider v0.5.8
  [3da002f7] + ColorTypes v0.8.0
  [c3611d14] + ColorVectorSpace v0.7.1
  [5ae59095] + Colors v0.9.6
  [34da2185] + Compat v2.2.0
  [8f4d0f93] + Conda v1.3.0
  [9a962f9c] + DataAPI v1.1.0
  [864edb3b] + DataStructures v0.17.6
  [7a1cc6ca] + FFTW v1.1.0
  [53c48c17] + FixedPointNumbers v0.6.1
  [a2bd30eb] + Graphics v0.4.0
  [2c695a8d] + HistogramThresholding v0.2.2
  [cbc4b850] + ImageBinarization v0.2.1
  [f332f351] + ImageContrastAdjustment v0.2.0
  [a09fc81d] + ImageCore v0.8.5
  [682c06a0] + JSON v0.21.0
  [dbb5928d] + MappedArrays v0.2.2
  [e1d29d7a] + Missings v0.4.3
  [77ba4419] + NaNMath v0.3.3
  [6fe1bfb0] + OffsetArrays v0.11.1
  [bac558e1] + OrderedCollections v1.1.0
  [5432bcbf] + PaddedViews v0.4.2
  [69de0a69] + Parsers v0.3.10
  [f27b6e38] + Polynomials v0.6.0
  [3cdcf5f2] + RecipesBase v0.7.0
  [189a3867] + Reexport v0.2.0
  [a2af1166] + SortingAlgorithms v0.3.1
  [276daf66] + SpecialFunctions v0.8.0
  [2913bbd2] + StatsBase v0.32.0
  [30578b45] + URIParser v0.4.0
  [81def892] + VersionParsing v1.1.3
  [2a0f44e3] + Base64 
  [ade2ca70] + Dates 
  [8bb1440f] + DelimitedFiles 
  [8ba89e20] + Distributed 
  [b77e0a4c] + InteractiveUtils 
  [76f85450] + LibGit2 
  [8f399da3] + Libdl 
  [37e2e46d] + LinearAlgebra 
  [56ddb016] + Logging 
  [d6f4376e] + Markdown 
  [a63ad114] + Mmap 
  [44cfe95a] + Pkg 
  [de0858da] + Printf 
  [3fa0cd96] + REPL 
  [9a3f8284] + Random 
  [ea8e919c] + SHA 
  [9e88b42a] + Serialization 
  [1a1011a3] + SharedArrays 
  [6462fe0b] + Sockets 
  [2f01184e] + SparseArrays 
  [10745b16] + Statistics 
  [8dfed614] + Test 
  [cf7118a7] + UUIDs 
  [4ec0a83e] + Unicode 
  Building Conda ───────────→ `~/.julia/packages/Conda/kLXeC/deps/build.log`
  Building FFTW ────────────→ `~/.julia/packages/FFTW/loJ3F/deps/build.log`
  Building SpecialFunctions → `~/.julia/packages/SpecialFunctions/ne2iw/deps/build.log`
   Testing ImageBinarization
 Resolving package versions...
 Installed AxisAlgorithms ──────────── v1.0.0
 Installed RangeArrays ─────────────── v0.3.1
 Installed TestImages ──────────────── v0.5.1
 Installed ImageTransformations ────── v0.8.0
 Installed ReferenceTests ──────────── v0.8.2
 Installed ImageInTerminal ─────────── v0.4.1
 Installed ImageMagick ─────────────── v0.7.5
 Installed IdentityRanges ──────────── v0.3.0
 Installed CoordinateTransformations ─ v0.5.0
 Installed Crayons ─────────────────── v4.0.1
 Installed IterTools ───────────────── v1.3.0
 Installed Ratios ──────────────────── v0.3.1
 Installed ZipFile ─────────────────── v0.8.3
 Installed IntervalSets ────────────── v0.3.2
 Installed StaticArrays ────────────── v0.12.1
 Installed DeepDiffs ───────────────── v1.1.0
 Installed WoodburyMatrices ────────── v0.4.1
 Installed Distances ───────────────── v0.8.2
 Installed Rotations ───────────────── v0.12.0
 Installed AxisArrays ──────────────── v0.3.3
 Installed FileIO ──────────────────── v1.0.7
 Installed Interpolations ──────────── v0.12.5
  Building ImageMagick → `~/.julia/packages/ImageMagick/vMfoS/deps/build.log`
  Building ZipFile ────→ `~/.julia/packages/ZipFile/oD4uG/deps/build.log`
  Building TestImages ─→ `~/.julia/packages/TestImages/Aoq3X/deps/build.log`
    Status `/tmp/jl_ZbYAWI/Manifest.toml`
  [621f4979] AbstractFFTs v0.5.0
  [13072b0f] AxisAlgorithms v1.0.0
  [39de3d68] AxisArrays v0.3.3
  [9e28174c] BinDeps v0.8.10
  [b99e7846] BinaryProvider v0.5.8
  [3da002f7] ColorTypes v0.8.0
  [c3611d14] ColorVectorSpace v0.7.1
  [5ae59095] Colors v0.9.6
  [34da2185] Compat v2.2.0
  [8f4d0f93] Conda v1.3.0
  [150eb455] CoordinateTransformations v0.5.0
  [a8cc5b0e] Crayons v4.0.1
  [9a962f9c] DataAPI v1.1.0
  [864edb3b] DataStructures v0.17.6
  [ab62b9b5] DeepDiffs v1.1.0
  [b4f34e82] Distances v0.8.2
  [7a1cc6ca] FFTW v1.1.0
  [5789e2e9] FileIO v1.0.7
  [53c48c17] FixedPointNumbers v0.6.1
  [a2bd30eb] Graphics v0.4.0
  [2c695a8d] HistogramThresholding v0.2.2
  [bbac6d45] IdentityRanges v0.3.0
  [cbc4b850] ImageBinarization v0.2.1
  [f332f351] ImageContrastAdjustment v0.2.0
  [a09fc81d] ImageCore v0.8.5
  [d8c32880] ImageInTerminal v0.4.1
  [6218d12a] ImageMagick v0.7.5
  [02fcd773] ImageTransformations v0.8.0
  [a98d9a8b] Interpolations v0.12.5
  [8197267c] IntervalSets v0.3.2
  [c8e1da08] IterTools v1.3.0
  [682c06a0] JSON v0.21.0
  [dbb5928d] MappedArrays v0.2.2
  [e1d29d7a] Missings v0.4.3
  [77ba4419] NaNMath v0.3.3
  [6fe1bfb0] OffsetArrays v0.11.1
  [bac558e1] OrderedCollections v1.1.0
  [5432bcbf] PaddedViews v0.4.2
  [69de0a69] Parsers v0.3.10
  [f27b6e38] Polynomials v0.6.0
  [b3c3ace0] RangeArrays v0.3.1
  [c84ed2f1] Ratios v0.3.1
  [3cdcf5f2] RecipesBase v0.7.0
  [189a3867] Reexport v0.2.0
  [324d217c] ReferenceTests v0.8.2
  [6038ab10] Rotations v0.12.0
  [a2af1166] SortingAlgorithms v0.3.1
  [276daf66] SpecialFunctions v0.8.0
  [90137ffa] StaticArrays v0.12.1
  [2913bbd2] StatsBase v0.32.0
  [5e47fb64] TestImages v0.5.1
  [30578b45] URIParser v0.4.0
  [81def892] VersionParsing v1.1.3
  [efce3f68] WoodburyMatrices v0.4.1
  [a5390f91] ZipFile v0.8.3
  [2a0f44e3] Base64  [`@stdlib/Base64`]
  [ade2ca70] Dates  [`@stdlib/Dates`]
  [8bb1440f] DelimitedFiles  [`@stdlib/DelimitedFiles`]
  [8ba89e20] Distributed  [`@stdlib/Distributed`]
  [b77e0a4c] InteractiveUtils  [`@stdlib/InteractiveUtils`]
  [76f85450] LibGit2  [`@stdlib/LibGit2`]
  [8f399da3] Libdl  [`@stdlib/Libdl`]
  [37e2e46d] LinearAlgebra  [`@stdlib/LinearAlgebra`]
  [56ddb016] Logging  [`@stdlib/Logging`]
  [d6f4376e] Markdown  [`@stdlib/Markdown`]
  [a63ad114] Mmap  [`@stdlib/Mmap`]
  [44cfe95a] Pkg  [`@stdlib/Pkg`]
  [de0858da] Printf  [`@stdlib/Printf`]
  [3fa0cd96] REPL  [`@stdlib/REPL`]
  [9a3f8284] Random  [`@stdlib/Random`]
  [ea8e919c] SHA  [`@stdlib/SHA`]
  [9e88b42a] Serialization  [`@stdlib/Serialization`]
  [1a1011a3] SharedArrays  [`@stdlib/SharedArrays`]
  [6462fe0b] Sockets  [`@stdlib/Sockets`]
  [2f01184e] SparseArrays  [`@stdlib/SparseArrays`]
  [10745b16] Statistics  [`@stdlib/Statistics`]
  [8dfed614] Test  [`@stdlib/Test`]
  [cf7118a7] UUIDs  [`@stdlib/UUIDs`]
  [4ec0a83e] Unicode  [`@stdlib/Unicode`]
WARNING: Method definition build_histogram(AbstractArray{T, N} where N where T) in module ImageContrastAdjustment at /root/.julia/packages/ImageContrastAdjustment/ppDpA/src/build_histogram.jl:131 overwritten at /root/.julia/packages/ImageContrastAdjustment/ppDpA/src/build_histogram.jl:138.
  ** incremental compilation may be fatally broken for this module **

WARNING: Method definition build_histogram(AbstractArray{T, N} where N where T, Integer) in module ImageContrastAdjustment at /root/.julia/packages/ImageContrastAdjustment/ppDpA/src/build_histogram.jl:131 overwritten at /root/.julia/packages/ImageContrastAdjustment/ppDpA/src/build_histogram.jl:138.
  ** incremental compilation may be fatally broken for this module **

[ Info: Test: AdaptiveThreshold
[ Info: Test: Balanced
[ Info: Test: Entropy
[ Info: Test: Intermodes
[ Info: Test: MinimumIntermodes
[ Info: Test: MinimumError
[ Info: Test: Moments
[ Info: Test: Niblack
[ Info: Test: Otsu
[ Info: Test: Polysegment
[ Info: Test: Sauvola
[ Info: Test: UnimodalRosin
[ Info: Test: Yen
Test Summary:        | Pass  Total
ImageBinarization.jl | 1709   1709
   Testing ImageBinarization tests passed 
