 Resolving package versions...
 Installed Missings ───────────── v0.4.3
 Installed DataAPI ────────────── v1.1.0
 Installed NamedArrays ────────── v0.9.3
 Installed NearestNeighbors ───── v0.4.3
 Installed BinaryProvider ─────── v0.5.8
 Installed StatsBase ──────────── v0.32.0
 Installed MbedTLS ────────────── v0.7.0
 Installed Requires ───────────── v0.5.2
 Installed InvertedIndices ────── v1.0.0
 Installed ArgParse ───────────── v0.6.2
 Installed OrderedCollections ─── v1.1.0
 Installed Polynomials ────────── v0.6.0
 Installed Compat ─────────────── v2.2.0
 Installed PairwiseListMatrices ─ v0.7.0
 Installed RecipesBase ────────── v0.7.0
 Installed Combinatorics ──────── v0.7.0
 Installed TextWrap ───────────── v0.3.0
 Installed IniFile ────────────── v0.5.0
 Installed DataStructures ─────── v0.17.6
 Installed CodecZlib ──────────── v0.6.0
 Installed TranscodingStreams ─── v0.9.5
 Installed GZip ───────────────── v0.5.0
 Installed HTTP ───────────────── v0.8.8
 Installed LightXML ───────────── v0.8.1
 Installed StaticArrays ───────── v0.12.1
 Installed SortingAlgorithms ──── v0.3.1
 Installed Formatting ─────────── v0.4.1
 Installed MIToS ──────────────── v2.4.0
 Installed Distances ──────────── v0.8.2
 Installed AutoHashEquals ─────── v0.2.0
 Installed FastaIO ────────────── v0.5.0
 Installed ProgressMeter ──────── v1.2.0
 Installed Clustering ─────────── v0.13.3
  Updating `~/.julia/environments/v1.2/Project.toml`
  [51bafb47] + MIToS v2.4.0
  Updating `~/.julia/environments/v1.2/Manifest.toml`
  [c7e460c6] + ArgParse v0.6.2
  [15f4f7f2] + AutoHashEquals v0.2.0
  [b99e7846] + BinaryProvider v0.5.8
  [aaaa29a8] + Clustering v0.13.3
  [944b1d66] + CodecZlib v0.6.0
  [861a8166] + Combinatorics v0.7.0
  [34da2185] + Compat v2.2.0
  [9a962f9c] + DataAPI v1.1.0
  [864edb3b] + DataStructures v0.17.6
  [b4f34e82] + Distances v0.8.2
  [a0c94c4b] + FastaIO v0.5.0
  [59287772] + Formatting v0.4.1
  [92fee26a] + GZip v0.5.0
  [cd3eb016] + HTTP v0.8.8
  [83e8ac13] + IniFile v0.5.0
  [41ab1584] + InvertedIndices v1.0.0
  [9c8b4983] + LightXML v0.8.1
  [51bafb47] + MIToS v2.4.0
  [739be429] + MbedTLS v0.7.0
  [e1d29d7a] + Missings v0.4.3
  [86f7a689] + NamedArrays v0.9.3
  [b8a86587] + NearestNeighbors v0.4.3
  [bac558e1] + OrderedCollections v1.1.0
  [f9da4da7] + PairwiseListMatrices v0.7.0
  [f27b6e38] + Polynomials v0.6.0
  [92933f4c] + ProgressMeter v1.2.0
  [3cdcf5f2] + RecipesBase v0.7.0
  [ae029012] + Requires v0.5.2
  [a2af1166] + SortingAlgorithms v0.3.1
  [90137ffa] + StaticArrays v0.12.1
  [2913bbd2] + StatsBase v0.32.0
  [b718987f] + TextWrap v0.3.0
  [3bb67fe8] + TranscodingStreams v0.9.5
  [2a0f44e3] + Base64 
  [ade2ca70] + Dates 
  [8bb1440f] + DelimitedFiles 
  [8ba89e20] + Distributed 
  [b77e0a4c] + InteractiveUtils 
  [76f85450] + LibGit2 
  [8f399da3] + Libdl 
  [37e2e46d] + LinearAlgebra 
  [56ddb016] + Logging 
  [d6f4376e] + Markdown 
  [a63ad114] + Mmap 
  [44cfe95a] + Pkg 
  [de0858da] + Printf 
  [3fa0cd96] + REPL 
  [9a3f8284] + Random 
  [ea8e919c] + SHA 
  [9e88b42a] + Serialization 
  [1a1011a3] + SharedArrays 
  [6462fe0b] + Sockets 
  [2f01184e] + SparseArrays 
  [10745b16] + Statistics 
  [8dfed614] + Test 
  [cf7118a7] + UUIDs 
  [4ec0a83e] + Unicode 
  Building MbedTLS ──→ `~/.julia/packages/MbedTLS/a1JFn/deps/build.log`
  Building CodecZlib → `~/.julia/packages/CodecZlib/5t9zO/deps/build.log`
  Building LightXML ─→ `~/.julia/packages/LightXML/W8FVT/deps/build.log`
   Testing MIToS
 Resolving package versions...
 Installed DataValueInterfaces ───────── v1.0.0
 Installed URIParser ─────────────────── v0.4.0
 Installed PooledArrays ──────────────── v0.5.2
 Installed TableTraits ───────────────── v1.0.0
 Installed Reexport ──────────────────── v0.2.0
 Installed Tables ────────────────────── v0.2.11
 Installed ROCAnalysis ───────────────── v0.3.0
 Installed DataFrames ────────────────── v0.19.4
 Installed Parsers ───────────────────── v0.3.10
 Installed IteratorInterfaceExtensions ─ v1.0.0
 Installed JSON ──────────────────────── v0.21.0
 Installed BinDeps ───────────────────── v0.8.10
 Installed CategoricalArrays ─────────── v0.7.3
 Installed SpecialFunctions ──────────── v0.8.0
  Building SpecialFunctions → `~/.julia/packages/SpecialFunctions/ne2iw/deps/build.log`
    Status `/tmp/jl_jfzLv7/Manifest.toml`
  [c7e460c6] ArgParse v0.6.2
  [15f4f7f2] AutoHashEquals v0.2.0
  [9e28174c] BinDeps v0.8.10
  [b99e7846] BinaryProvider v0.5.8
  [324d7699] CategoricalArrays v0.7.3
  [aaaa29a8] Clustering v0.13.3
  [944b1d66] CodecZlib v0.6.0
  [861a8166] Combinatorics v0.7.0
  [34da2185] Compat v2.2.0
  [9a962f9c] DataAPI v1.1.0
  [a93c6f00] DataFrames v0.19.4
  [864edb3b] DataStructures v0.17.6
  [e2d170a0] DataValueInterfaces v1.0.0
  [b4f34e82] Distances v0.8.2
  [a0c94c4b] FastaIO v0.5.0
  [59287772] Formatting v0.4.1
  [92fee26a] GZip v0.5.0
  [cd3eb016] HTTP v0.8.8
  [83e8ac13] IniFile v0.5.0
  [41ab1584] InvertedIndices v1.0.0
  [82899510] IteratorInterfaceExtensions v1.0.0
  [682c06a0] JSON v0.21.0
  [9c8b4983] LightXML v0.8.1
  [51bafb47] MIToS v2.4.0
  [739be429] MbedTLS v0.7.0
  [e1d29d7a] Missings v0.4.3
  [86f7a689] NamedArrays v0.9.3
  [b8a86587] NearestNeighbors v0.4.3
  [bac558e1] OrderedCollections v1.1.0
  [f9da4da7] PairwiseListMatrices v0.7.0
  [69de0a69] Parsers v0.3.10
  [f27b6e38] Polynomials v0.6.0
  [2dfb63ee] PooledArrays v0.5.2
  [92933f4c] ProgressMeter v1.2.0
  [f535d66d] ROCAnalysis v0.3.0
  [3cdcf5f2] RecipesBase v0.7.0
  [189a3867] Reexport v0.2.0
  [ae029012] Requires v0.5.2
  [a2af1166] SortingAlgorithms v0.3.1
  [276daf66] SpecialFunctions v0.8.0
  [90137ffa] StaticArrays v0.12.1
  [2913bbd2] StatsBase v0.32.0
  [3783bdb8] TableTraits v1.0.0
  [bd369af6] Tables v0.2.11
  [b718987f] TextWrap v0.3.0
  [3bb67fe8] TranscodingStreams v0.9.5
  [30578b45] URIParser v0.4.0
  [2a0f44e3] Base64  [`@stdlib/Base64`]
  [ade2ca70] Dates  [`@stdlib/Dates`]
  [8bb1440f] DelimitedFiles  [`@stdlib/DelimitedFiles`]
  [8ba89e20] Distributed  [`@stdlib/Distributed`]
  [9fa8497b] Future  [`@stdlib/Future`]
  [b77e0a4c] InteractiveUtils  [`@stdlib/InteractiveUtils`]
  [76f85450] LibGit2  [`@stdlib/LibGit2`]
  [8f399da3] Libdl  [`@stdlib/Libdl`]
  [37e2e46d] LinearAlgebra  [`@stdlib/LinearAlgebra`]
  [56ddb016] Logging  [`@stdlib/Logging`]
  [d6f4376e] Markdown  [`@stdlib/Markdown`]
  [a63ad114] Mmap  [`@stdlib/Mmap`]
  [44cfe95a] Pkg  [`@stdlib/Pkg`]
  [de0858da] Printf  [`@stdlib/Printf`]
  [3fa0cd96] REPL  [`@stdlib/REPL`]
  [9a3f8284] Random  [`@stdlib/Random`]
  [ea8e919c] SHA  [`@stdlib/SHA`]
  [9e88b42a] Serialization  [`@stdlib/Serialization`]
  [1a1011a3] SharedArrays  [`@stdlib/SharedArrays`]
  [6462fe0b] Sockets  [`@stdlib/Sockets`]
  [2f01184e] SparseArrays  [`@stdlib/SparseArrays`]
  [10745b16] Statistics  [`@stdlib/Statistics`]
  [8dfed614] Test  [`@stdlib/Test`]
  [cf7118a7] UUIDs  [`@stdlib/UUIDs`]
  [4ec0a83e] Unicode  [`@stdlib/Unicode`]
ERROR: LoadError: LoadError: error compiling top-level scope: could not load library "libz"
libz.so: cannot open shared object file: No such file or directory
Stacktrace:
 [1] include at ./boot.jl:328 [inlined]
 [2] include_relative(::Module, ::String) at ./loading.jl:1094
 [3] include at ./Base.jl:31 [inlined]
 [4] include(::String) at /root/.julia/packages/GZip/LD2ly/src/GZip.jl:2
 [5] top-level scope at /root/.julia/packages/GZip/LD2ly/src/GZip.jl:73
 [6] include at ./boot.jl:328 [inlined]
 [7] include_relative(::Module, ::String) at ./loading.jl:1094
 [8] include(::Module, ::String) at ./Base.jl:31
 [9] top-level scope at none:2
 [10] eval at ./boot.jl:330 [inlined]
 [11] eval(::Expr) at ./client.jl:432
 [12] top-level scope at ./none:3
in expression starting at /root/.julia/packages/GZip/LD2ly/src/zlib_h.jl:11
in expression starting at /root/.julia/packages/GZip/LD2ly/src/GZip.jl:73
caused by [exception 1]
could not load library "libz"
libz.so: cannot open shared object file: No such file or directory
Stacktrace:
 [1] include at ./boot.jl:328 [inlined]
 [2] include_relative(::Module, ::String) at ./loading.jl:1094
 [3] include at ./Base.jl:31 [inlined]
 [4] include(::String) at /root/.julia/packages/GZip/LD2ly/src/GZip.jl:2
 [5] top-level scope at /root/.julia/packages/GZip/LD2ly/src/GZip.jl:73
 [6] include at ./boot.jl:328 [inlined]
 [7] include_relative(::Module, ::String) at ./loading.jl:1094
 [8] include(::Module, ::String) at ./Base.jl:31
 [9] top-level scope at none:2
 [10] eval at ./boot.jl:330 [inlined]
 [11] eval(::Expr) at ./client.jl:432
 [12] top-level scope at ./none:3
ERROR: LoadError: Failed to precompile GZip [92fee26a-97fe-5a0c-ad85-20a5f3185b63] to /root/.julia/compiled/v1.2/GZip/s2LKY.ji.
Stacktrace:
 [1] error(::String) at ./error.jl:33
 [2] compilecache(::Base.PkgId, ::String) at ./loading.jl:1253
 [3] _require(::Base.PkgId) at ./loading.jl:1013
 [4] require(::Base.PkgId) at ./loading.jl:911
 [5] require(::Module, ::Symbol) at ./loading.jl:906
 [6] include at ./boot.jl:328 [inlined]
 [7] include_relative(::Module, ::String) at ./loading.jl:1094
 [8] include(::Module, ::String) at ./Base.jl:31
 [9] top-level scope at none:2
 [10] eval at ./boot.jl:330 [inlined]
 [11] eval(::Expr) at ./client.jl:432
 [12] top-level scope at ./none:3
in expression starting at /root/.julia/packages/FastaIO/Y0tAf/src/FastaIO.jl:14
ERROR: LoadError: LoadError: Failed to precompile FastaIO [a0c94c4b-ebed-5953-b5fc-82fe598ac79f] to /root/.julia/compiled/v1.2/FastaIO/i12XQ.ji.
Stacktrace:
 [1] error(::String) at ./error.jl:33
 [2] compilecache(::Base.PkgId, ::String) at ./loading.jl:1253
 [3] _require(::Base.PkgId) at ./loading.jl:1013
 [4] require(::Base.PkgId) at ./loading.jl:911
 [5] require(::Module, ::Symbol) at ./loading.jl:906
 [6] include at ./boot.jl:328 [inlined]
 [7] include_relative(::Module, ::String) at ./loading.jl:1094
 [8] include at ./Base.jl:31 [inlined]
 [9] include(::String) at /root/.julia/packages/MIToS/Hha81/src/MIToS.jl:1
 [10] top-level scope at /root/.julia/packages/MIToS/Hha81/src/MIToS.jl:6
 [11] include at ./boot.jl:328 [inlined]
 [12] include_relative(::Module, ::String) at ./loading.jl:1094
 [13] include(::Module, ::String) at ./Base.jl:31
 [14] top-level scope at none:2
 [15] eval at ./boot.jl:330 [inlined]
 [16] eval(::Expr) at ./client.jl:432
 [17] top-level scope at ./none:3
in expression starting at /root/.julia/packages/MIToS/Hha81/src/MSA/MSA.jl:21
in expression starting at /root/.julia/packages/MIToS/Hha81/src/MIToS.jl:6
ERROR: LoadError: Failed to precompile MIToS [51bafb47-8a16-5ded-8b04-24ef4eede0b5] to /root/.julia/compiled/v1.2/MIToS/PuGh5.ji.
Stacktrace:
 [1] error(::String) at ./error.jl:33
 [2] compilecache(::Base.PkgId, ::String) at ./loading.jl:1253
 [3] _require(::Base.PkgId) at ./loading.jl:1013
 [4] require(::Base.PkgId) at ./loading.jl:911
 [5] require(::Module, ::Symbol) at ./loading.jl:906
 [6] include at ./boot.jl:328 [inlined]
 [7] include_relative(::Module, ::String) at ./loading.jl:1094
 [8] include(::Module, ::String) at ./Base.jl:31
 [9] include(::String) at ./client.jl:431
 [10] top-level scope at none:5
in expression starting at /root/.julia/packages/MIToS/Hha81/test/runtests.jl:3
ERROR: Package MIToS errored during testing
Stacktrace:
 [1] pkgerror(::String, ::Vararg{String,N} where N) at /buildworker/worker/package_linux64/build/usr/share/julia/stdlib/v1.2/Pkg/src/Types.jl:112
 [2] #test#119(::Bool, ::Nothing, ::typeof(Pkg.Operations.test), ::Pkg.Types.Context, ::Array{Pkg.Types.PackageSpec,1}) at /buildworker/worker/package_linux64/build/usr/share/julia/stdlib/v1.2/Pkg/src/Operations.jl:1288
 [3] #test at ./none:0 [inlined]
 [4] #test#62(::Bool, ::Nothing, ::Base.Iterators.Pairs{Union{},Union{},Tuple{},NamedTuple{(),Tuple{}}}, ::typeof(Pkg.API.test), ::Pkg.Types.Context, ::Array{Pkg.Types.PackageSpec,1}) at /buildworker/worker/package_linux64/build/usr/share/julia/stdlib/v1.2/Pkg/src/API.jl:245
 [5] test at /buildworker/worker/package_linux64/build/usr/share/julia/stdlib/v1.2/Pkg/src/API.jl:233 [inlined]
 [6] #test#61 at /buildworker/worker/package_linux64/build/usr/share/julia/stdlib/v1.2/Pkg/src/API.jl:230 [inlined]
 [7] test at /buildworker/worker/package_linux64/build/usr/share/julia/stdlib/v1.2/Pkg/src/API.jl:230 [inlined]
 [8] #test#60 at /buildworker/worker/package_linux64/build/usr/share/julia/stdlib/v1.2/Pkg/src/API.jl:229 [inlined]
 [9] test at /buildworker/worker/package_linux64/build/usr/share/julia/stdlib/v1.2/Pkg/src/API.jl:229 [inlined]
 [10] #test#59(::Base.Iterators.Pairs{Union{},Union{},Tuple{},NamedTuple{(),Tuple{}}}, ::typeof(Pkg.API.test), ::String) at /buildworker/worker/package_linux64/build/usr/share/julia/stdlib/v1.2/Pkg/src/API.jl:228
 [11] test(::String) at /buildworker/worker/package_linux64/build/usr/share/julia/stdlib/v1.2/Pkg/src/API.jl:228
 [12] top-level scope at none:10
