 Resolving package versions...
 Installed NODAL ─ v0.4.0
  Updating `~/.julia/environments/v1.2/Project.toml`
  [44063525] + NODAL v0.4.0
  Updating `~/.julia/environments/v1.2/Manifest.toml`
  [44063525] + NODAL v0.4.0
  [2a0f44e3] + Base64 
  [8ba89e20] + Distributed 
  [b77e0a4c] + InteractiveUtils 
  [8f399da3] + Libdl 
  [37e2e46d] + LinearAlgebra 
  [56ddb016] + Logging 
  [d6f4376e] + Markdown 
  [de0858da] + Printf 
  [9a3f8284] + Random 
  [9e88b42a] + Serialization 
  [6462fe0b] + Sockets 
  [2f01184e] + SparseArrays 
  [10745b16] + Statistics 
  [8dfed614] + Test 
  [4ec0a83e] + Unicode 
   Testing NODAL
    Status `/tmp/jl_UEiyRv/Manifest.toml`
  [44063525] NODAL v0.4.0
  [2a0f44e3] Base64  [`@stdlib/Base64`]
  [8ba89e20] Distributed  [`@stdlib/Distributed`]
  [b77e0a4c] InteractiveUtils  [`@stdlib/InteractiveUtils`]
  [8f399da3] Libdl  [`@stdlib/Libdl`]
  [37e2e46d] LinearAlgebra  [`@stdlib/LinearAlgebra`]
  [56ddb016] Logging  [`@stdlib/Logging`]
  [d6f4376e] Markdown  [`@stdlib/Markdown`]
  [de0858da] Printf  [`@stdlib/Printf`]
  [9a3f8284] Random  [`@stdlib/Random`]
  [9e88b42a] Serialization  [`@stdlib/Serialization`]
  [6462fe0b] Sockets  [`@stdlib/Sockets`]
  [2f01184e] SparseArrays  [`@stdlib/SparseArrays`]
  [10745b16] Statistics  [`@stdlib/Statistics`]
  [8dfed614] Test  [`@stdlib/Test`]
  [4ec0a83e] Unicode  [`@stdlib/Unicode`]
Test Summary:   | Pass  Total
NumberParameter |   86     86
    [EnumParameter]
    name   : test
    current: test
    values : 
    [EnumParameter]
    name   : test
    current: test
    values : 
    [StringParameter]
    name : test
    value: "a"
    ***
    [StringParameter]
    name : test
    value: "b"
    ***
    [EnumParameter]
    name   : test
    current: test
    values : 
    [StringParameter]
    name : test
    value: "c"
Test Summary: | Pass  Total
EnumParameter |   37     37
    [PermutationParameter]
    name : test
    value: [1, 2, 3, 4, 5, 6]
    size : 6
    [PermutationParameter]
    name : test
    value: [1, 6, 5, 2, 4, 3]
    size : 6
    [PermutationParameter]
    name : test
    value: [1, 6, 5, 2, 4, 3]
    size : 6
    [PermutationParameter]
    name : test
    value: [5, 2, 1, 6, 4, 3]
    size : 6
    [PermutationParameter]
    name : test
    value: [1, 2, 3, 4, 5, 6]
    size : 6
    [PermutationParameter]
    name : test
    value: [1, 3, 4, 2, 5, 6]
    size : 6
Test Summary:        | Pass  Total
PermutationParameter |    9      9
Test Summary:   | Pass  Total
StringParameter |    6      6
    [BoolParameter]
    name : test
    value: true
Test Summary: | Pass  Total
BoolParameter |    6      6
  [Configuration]
  name      : test
  parameters:
    [NumberParameter]
    name : i0
    min  : 1.000000
    max  : 38.000000
    value: 3.000000
    ***
    [NumberParameter]
    name : i3
    min  : 2.330000
    max  : 85.330000
    value: 22.200000
    ***
    [NumberParameter]
    name : i1
    min  : 4.000000
    max  : 66.000000
    value: 55.000000
    ***
    [StringParameter]
    name : i2
    value: "value"

Test Summary: | Pass  Total
Configuration |   27     27
Test Summary: | Pass  Total
Run           |    1      1
[Result]
Cost              : 1.0
Found in Iteration: 1
Current Iteration : 5
Technique         : Initialize
Function Calls    : 1
  ***
1.0
Test Summary: | Pass  Total
Search        |    3      3
[Result]
Cost              : 1.0
Found in Iteration: 1
Current Iteration : 7
Technique         : Initialize
Function Calls    : 1
  ***
[Result]
Cost              : 1.0
Found in Iteration: 1
Current Iteration : 3754
Technique         : Initialize
Function Calls    : 1
  ***
[Result]
Cost              : 1.0
Found in Iteration: 1
Current Iteration : 16145
Technique         : Initialize
Function Calls    : 1
  ***
[Result]
Cost              : 1.0
Found in Iteration: 1
Current Iteration : 29035
Technique         : Initialize
Function Calls    : 1
  ***
[Result]
Cost              : 0.0036667442105887934
Found in Iteration: 8
Current Iteration : 42125
Technique         : Iterative First Improvement
Function Calls    : 15193
  ***
[Result]
Cost              : 0.0036667442105887934
Found in Iteration: 8
Current Iteration : 57923
Technique         : Iterative First Improvement
Function Calls    : 15193
  ***
[Result]
Cost              : 0.0036667442105887934
Found in Iteration: 8
Current Iteration : 72483
Technique         : Iterative First Improvement
Function Calls    : 15193
  ***
[Result]
Cost              : 0.0036041926524488987
Found in Iteration: 11
Current Iteration : 85901
Technique         : Iterative First Improvement
Function Calls    : 41363
  ***
[bioFinal Result]
Cost                  : 0.0007034996929080387
Found in Iteration    : 12
Current Iteration     : 98049
Technique             : Iterative First Improvement
Function Calls        : 44025
Starting Configuration:
  [Configuration]
  name      : rosenbrock_config
  parameters:
    [NumberParameter]
    name : i0
    min  : -2.000000
    max  : 2.000000
    value: 1.040904
    ***
    [NumberParameter]
    name : i1
    min  : -2.000000
    max  : 2.000000
    value: 1.079086
Minimum Configuration :
  [Configuration]
  name      : rosenbrock_config
  parameters:
    [NumberParameter]
    name : i0
    min  : -2.000000
    max  : 2.000000
    value: 1.014895
    ***
    [NumberParameter]
    name : i1
    min  : -2.000000
    max  : 2.000000
    value: 1.027817
0.0007034996929080387
Test Summary: | Pass  Total
Search        |    3      3
[Result]
Cost              : 1.0
Found in Iteration: 1
Current Iteration : 7
Technique         : Initialize
Function Calls    : 1
  ***
[Result]
Cost              : 1.0
Found in Iteration: 1
Current Iteration : 31376
Technique         : Initialize
Function Calls    : 1
  ***
[Result]
Cost              : 0.8389990502866058
Found in Iteration: 23994
Current Iteration : 68966
Technique         : Iterative Probabilistic Improvement
Function Calls    : 23994
  ***
[Result]
Cost              : 0.6404229007242268
Found in Iteration: 46424
Current Iteration : 115346
Technique         : Iterative Probabilistic Improvement
Function Calls    : 46424
  ***
[Result]
Cost              : 0.6404229007242268
Found in Iteration: 46424
Current Iteration : 162574
Technique         : Iterative Probabilistic Improvement
Function Calls    : 46424
  ***
[Result]
Cost              : 0.6404229007242268
Found in Iteration: 46424
Current Iteration : 211198
Technique         : Iterative Probabilistic Improvement
Function Calls    : 46424
  ***
[bioFinal Result]
Cost                  : 0.6404229007242268
Found in Iteration    : 46424
Current Iteration     : 258808
Technique             : Iterative Probabilistic Improvement
Function Calls        : 46424
Starting Configuration:
  [Configuration]
  name      : rosenbrock_config
  parameters:
    [NumberParameter]
    name : i0
    min  : -2.000000
    max  : 2.000000
    value: 0.610867
    ***
    [NumberParameter]
    name : i1
    min  : -2.000000
    max  : 2.000000
    value: 0.303230
Minimum Configuration :
  [Configuration]
  name      : rosenbrock_config
  parameters:
    [NumberParameter]
    name : i0
    min  : -2.000000
    max  : 2.000000
    value: 0.610867
    ***
    [NumberParameter]
    name : i1
    min  : -2.000000
    max  : 2.000000
    value: 0.303230
0.6404229007242268
Test Summary: | Pass  Total
Search        |    3      3
[Result]
Cost              : 1.0
Found in Iteration: 1
Current Iteration : 7
Technique         : Initialize
Function Calls    : 1
  ***
[Result]
Cost              : 1.0
Found in Iteration: 1
Current Iteration : 62278
Technique         : Initialize
Function Calls    : 1
  ***
[Result]
Cost              : 0.01787315110050166
Found in Iteration: 1245
Current Iteration : 122505
Technique         : Randomized First Improvement
Function Calls    : 38303
  ***
[Result]
Cost              : 0.01787315110050166
Found in Iteration: 1245
Current Iteration : 182834
Technique         : Randomized First Improvement
Function Calls    : 38303
  ***
[Result]
Cost              : 0.01787315110050166
Found in Iteration: 1245
Current Iteration : 243463
Technique         : Randomized First Improvement
Function Calls    : 38303
  ***
[Result]
Cost              : 0.01787315110050166
Found in Iteration: 1245
Current Iteration : 304378
Technique         : Randomized First Improvement
Function Calls    : 38303
  ***
[bioFinal Result]
Cost                  : 0.000642652586063483
Found in Iteration    : 5375
Current Iteration     : 362078
Technique             : Randomized First Improvement
Function Calls        : 152295
Starting Configuration:
  [Configuration]
  name      : rosenbrock_config
  parameters:
    [NumberParameter]
    name : i0
    min  : -2.000000
    max  : 2.000000
    value: 1.021091
    ***
    [NumberParameter]
    name : i1
    min  : -2.000000
    max  : 2.000000
    value: 1.041220
Minimum Configuration :
  [Configuration]
  name      : rosenbrock_config
  parameters:
    [NumberParameter]
    name : i0
    min  : -2.000000
    max  : 2.000000
    value: 1.021091
    ***
    [NumberParameter]
    name : i1
    min  : -2.000000
    max  : 2.000000
    value: 1.041220
0.000642652586063483
Test Summary: | Pass  Total
Search        |    3      3
[Result]
Cost              : 1.0
Found in Iteration: 1
Current Iteration : 7
Technique         : Initialize
Function Calls    : 1
  ***
[Result]
Cost              : 1.0
Found in Iteration: 1
Current Iteration : 165212
Technique         : Initialize
Function Calls    : 1
  ***
[Result]
Cost              : 1.0
Found in Iteration: 1
Current Iteration : 412029
Technique         : Initialize
Function Calls    : 1
  ***
[bioFinal Result]
Cost                  : 1.0
Found in Iteration    : 1
Current Iteration     : 654675
Technique             : Initialize
Function Calls        : 1
Starting Configuration:
  [Configuration]
  name      : rosenbrock_config
  parameters:
    [NumberParameter]
    name : i0
    min  : -2.000000
    max  : 2.000000
    value: 0.000000
    ***
    [NumberParameter]
    name : i1
    min  : -2.000000
    max  : 2.000000
    value: 0.000000
Minimum Configuration :
  [Configuration]
  name      : rosenbrock_config
  parameters:
    [NumberParameter]
    name : i0
    min  : -2.000000
    max  : 2.000000
    value: 0.000000
    ***
    [NumberParameter]
    name : i1
    min  : -2.000000
    max  : 2.000000
    value: 0.000000
1.0
Test Summary: | Pass  Total
Search        |    3      3
[Result]
Cost              : 1.0
Found in Iteration: 1
Current Iteration : 7
Technique         : Initialize
Function Calls    : 1
  ***
[Result]
Cost              : 1.0
Found in Iteration: 1
Current Iteration : 38080
Technique         : Initialize
Function Calls    : 1
  ***
[Result]
Cost              : 1.0
Found in Iteration: 1
Current Iteration : 84077
Technique         : Initialize
Function Calls    : 1
  ***
[bioFinal Result]
Cost                  : 1.0
Found in Iteration    : 1
Current Iteration     : 129849
Technique             : Initialize
Function Calls        : 1
Starting Configuration:
  [Configuration]
  name      : rosenbrock_config
  parameters:
    [NumberParameter]
    name : i0
    min  : -2.000000
    max  : 2.000000
    value: 0.000000
    ***
    [NumberParameter]
    name : i1
    min  : -2.000000
    max  : 2.000000
    value: 0.000000
Minimum Configuration :
  [Configuration]
  name      : rosenbrock_config
  parameters:
    [NumberParameter]
    name : i0
    min  : -2.000000
    max  : 2.000000
    value: 0.000000
    ***
    [NumberParameter]
    name : i1
    min  : -2.000000
    max  : 2.000000
    value: 0.000000
1.0
Test Summary: | Pass  Total
Search        |    3      3
Test Summary: | Pass  Total
unit_value    |    6      6
   Testing NODAL tests passed 
