 Resolving package versions...
 Installed URIParser ──────── v0.4.0
 Installed Compat ─────────── v2.2.0
 Installed BinDeps ────────── v0.8.10
 Installed SpecialFunctions ─ v0.8.0
 Installed BinaryProvider ─── v0.5.8
 Installed MLKernels ──────── v0.4.0
  Updating `~/.julia/environments/v1.0/Project.toml`
  [6899632a] + MLKernels v0.4.0
  Updating `~/.julia/environments/v1.0/Manifest.toml`
  [9e28174c] + BinDeps v0.8.10
  [b99e7846] + BinaryProvider v0.5.8
  [34da2185] + Compat v2.2.0
  [6899632a] + MLKernels v0.4.0
  [276daf66] + SpecialFunctions v0.8.0
  [30578b45] + URIParser v0.4.0
  [2a0f44e3] + Base64 
  [ade2ca70] + Dates 
  [8bb1440f] + DelimitedFiles 
  [8ba89e20] + Distributed 
  [b77e0a4c] + InteractiveUtils 
  [76f85450] + LibGit2 
  [8f399da3] + Libdl 
  [37e2e46d] + LinearAlgebra 
  [56ddb016] + Logging 
  [d6f4376e] + Markdown 
  [a63ad114] + Mmap 
  [44cfe95a] + Pkg 
  [de0858da] + Printf 
  [3fa0cd96] + REPL 
  [9a3f8284] + Random 
  [ea8e919c] + SHA 
  [9e88b42a] + Serialization 
  [1a1011a3] + SharedArrays 
  [6462fe0b] + Sockets 
  [2f01184e] + SparseArrays 
  [10745b16] + Statistics 
  [8dfed614] + Test 
  [cf7118a7] + UUIDs 
  [4ec0a83e] + Unicode 
  Building SpecialFunctions → `~/.julia/packages/SpecialFunctions/ne2iw/deps/build.log`
   Testing MLKernels
    Status `/tmp/tmpIRemPh/Manifest.toml`
  [9e28174c] BinDeps v0.8.10
  [b99e7846] BinaryProvider v0.5.8
  [34da2185] Compat v2.2.0
  [6899632a] MLKernels v0.4.0
  [276daf66] SpecialFunctions v0.8.0
  [30578b45] URIParser v0.4.0
  [2a0f44e3] Base64  [`@stdlib/Base64`]
  [ade2ca70] Dates  [`@stdlib/Dates`]
  [8bb1440f] DelimitedFiles  [`@stdlib/DelimitedFiles`]
  [8ba89e20] Distributed  [`@stdlib/Distributed`]
  [b77e0a4c] InteractiveUtils  [`@stdlib/InteractiveUtils`]
  [76f85450] LibGit2  [`@stdlib/LibGit2`]
  [8f399da3] Libdl  [`@stdlib/Libdl`]
  [37e2e46d] LinearAlgebra  [`@stdlib/LinearAlgebra`]
  [56ddb016] Logging  [`@stdlib/Logging`]
  [d6f4376e] Markdown  [`@stdlib/Markdown`]
  [a63ad114] Mmap  [`@stdlib/Mmap`]
  [44cfe95a] Pkg  [`@stdlib/Pkg`]
  [de0858da] Printf  [`@stdlib/Printf`]
  [3fa0cd96] REPL  [`@stdlib/REPL`]
  [9a3f8284] Random  [`@stdlib/Random`]
  [ea8e919c] SHA  [`@stdlib/SHA`]
  [9e88b42a] Serialization  [`@stdlib/Serialization`]
  [1a1011a3] SharedArrays  [`@stdlib/SharedArrays`]
  [6462fe0b] Sockets  [`@stdlib/Sockets`]
  [2f01184e] SparseArrays  [`@stdlib/SparseArrays`]
  [10745b16] Statistics  [`@stdlib/Statistics`]
  [8dfed614] Test  [`@stdlib/Test`]
  [cf7118a7] UUIDs  [`@stdlib/UUIDs`]
  [4ec0a83e] Unicode  [`@stdlib/Unicode`]
Test Summary:         | Pass  Total
Testing MLK.OpenBound |   40     40
Test Summary:           | Pass  Total
Testing MLK.ClosedBound |   86     86
Test Summary:         | Pass  Total
Testing MLK.NullBound |   52     52
Test Summary:        | Pass  Total
Testing MLK.Interval |  200    200
Test Summary:        | Pass  Total
Testing MLK.interval |   51     51
Test Summary:          | Pass  Total
Testing MLK.checkvalue | 1620   1620
Test Summary:               | Pass  Total
Testing MLK.lowerboundtheta |   18     18
Test Summary:               | Pass  Total
Testing MLK.upperboundtheta |   18     18
┌ Warning: theta will be removed entirely in a future release
│   caller = macro expansion at hyperparameter.jl:327 [inlined]
└ @ Core ~/.julia/packages/MLKernels/DqEdF/test/HyperParameters/hyperparameter.jl:327
┌ Warning: theta will be removed entirely in a future release
│   caller = macro expansion at hyperparameter.jl:330 [inlined]
└ @ Core ~/.julia/packages/MLKernels/DqEdF/test/HyperParameters/hyperparameter.jl:330
┌ Warning: theta will be removed entirely in a future release
│   caller = macro expansion at hyperparameter.jl:332 [inlined]
└ @ Core ~/.julia/packages/MLKernels/DqEdF/test/HyperParameters/hyperparameter.jl:332
┌ Warning: theta will be removed entirely in a future release
│   caller = macro expansion at hyperparameter.jl:336 [inlined]
└ @ Core ~/.julia/packages/MLKernels/DqEdF/test/HyperParameters/hyperparameter.jl:336
┌ Warning: theta will be removed entirely in a future release
│   caller = macro expansion at hyperparameter.jl:338 [inlined]
└ @ Core ~/.julia/packages/MLKernels/DqEdF/test/HyperParameters/hyperparameter.jl:338
┌ Warning: theta will be removed entirely in a future release
│   caller = macro expansion at hyperparameter.jl:346 [inlined]
└ @ Core ~/.julia/packages/MLKernels/DqEdF/test/HyperParameters/hyperparameter.jl:346
┌ Warning: theta will be removed entirely in a future release
│   caller = macro expansion at hyperparameter.jl:344 [inlined]
└ @ Core ~/.julia/packages/MLKernels/DqEdF/test/HyperParameters/hyperparameter.jl:344
┌ Warning: theta will be removed entirely in a future release
│   caller = macro expansion at hyperparameter.jl:352 [inlined]
└ @ Core ~/.julia/packages/MLKernels/DqEdF/test/HyperParameters/hyperparameter.jl:352
┌ Warning: theta will be removed entirely in a future release
│   caller = macro expansion at hyperparameter.jl:350 [inlined]
└ @ Core ~/.julia/packages/MLKernels/DqEdF/test/HyperParameters/hyperparameter.jl:350
┌ Warning: theta will be removed entirely in a future release
│   caller = macro expansion at hyperparameter.jl:358 [inlined]
└ @ Core ~/.julia/packages/MLKernels/DqEdF/test/HyperParameters/hyperparameter.jl:358
┌ Warning: theta will be removed entirely in a future release
│   caller = macro expansion at hyperparameter.jl:356 [inlined]
└ @ Core ~/.julia/packages/MLKernels/DqEdF/test/HyperParameters/hyperparameter.jl:356
┌ Warning: theta will be removed entirely in a future release
│   caller = macro expansion at hyperparameter.jl:366 [inlined]
└ @ Core ~/.julia/packages/MLKernels/DqEdF/test/HyperParameters/hyperparameter.jl:366
┌ Warning: theta will be removed entirely in a future release
│   caller = macro expansion at hyperparameter.jl:364 [inlined]
└ @ Core ~/.julia/packages/MLKernels/DqEdF/test/HyperParameters/hyperparameter.jl:364
┌ Warning: theta will be removed entirely in a future release
│   caller = macro expansion at hyperparameter.jl:372 [inlined]
└ @ Core ~/.julia/packages/MLKernels/DqEdF/test/HyperParameters/hyperparameter.jl:372
┌ Warning: theta will be removed entirely in a future release
│   caller = macro expansion at hyperparameter.jl:370 [inlined]
└ @ Core ~/.julia/packages/MLKernels/DqEdF/test/HyperParameters/hyperparameter.jl:370
┌ Warning: theta will be removed entirely in a future release
│   caller = macro expansion at hyperparameter.jl:378 [inlined]
└ @ Core ~/.julia/packages/MLKernels/DqEdF/test/HyperParameters/hyperparameter.jl:378
┌ Warning: theta will be removed entirely in a future release
│   caller = macro expansion at hyperparameter.jl:376 [inlined]
└ @ Core ~/.julia/packages/MLKernels/DqEdF/test/HyperParameters/hyperparameter.jl:376
Test Summary:    | Pass  Total
Testing HP.theta | 1080   1080
┌ Warning: eta will be removed entirely in a future release
│   caller = macro expansion at hyperparameter.jl:401 [inlined]
└ @ Core ~/.julia/packages/MLKernels/DqEdF/test/HyperParameters/hyperparameter.jl:401
┌ Warning: theta will be removed entirely in a future release
│   caller = macro expansion at hyperparameter.jl:402 [inlined]
└ @ Core ~/.julia/packages/MLKernels/DqEdF/test/HyperParameters/hyperparameter.jl:402
┌ Warning: eta will be removed entirely in a future release
│   caller = macro expansion at hyperparameter.jl:404 [inlined]
└ @ Core ~/.julia/packages/MLKernels/DqEdF/test/HyperParameters/hyperparameter.jl:404
Test Summary:  | Pass  Total
Testing HP.eta | 3618   3618
┌ Warning: gettheta will be removed entirely in a future release
│   caller = macro expansion at hyperparameter.jl:438 [inlined]
└ @ Core ~/.julia/packages/MLKernels/DqEdF/test/HyperParameters/hyperparameter.jl:438
┌ Warning: theta will be removed entirely in a future release
│   caller = gettheta(::HyperParameter{Float32}) at HyperParameters.jl:211
└ @ MLKernels.HyperParameters ~/.julia/packages/MLKernels/DqEdF/src/HyperParameters.jl:211
┌ Warning: theta will be removed entirely in a future release
│   caller = macro expansion at hyperparameter.jl:438 [inlined]
└ @ Core ~/.julia/packages/MLKernels/DqEdF/test/HyperParameters/hyperparameter.jl:438
┌ Warning: theta will be removed entirely in a future release
│   caller = macro expansion at hyperparameter.jl:440 [inlined]
└ @ Core ~/.julia/packages/MLKernels/DqEdF/test/HyperParameters/hyperparameter.jl:440
┌ Warning: settheta! will be removed entirely in a future release
│   caller = macro expansion at hyperparameter.jl:440 [inlined]
└ @ Core ~/.julia/packages/MLKernels/DqEdF/test/HyperParameters/hyperparameter.jl:440
┌ Warning: eta will be removed entirely in a future release
│   caller = settheta!(::HyperParameter{Float32}, ::Float32) at HyperParameters.jl:216
└ @ MLKernels.HyperParameters ~/.julia/packages/MLKernels/DqEdF/src/HyperParameters.jl:216
┌ Warning: gettheta will be removed entirely in a future release
│   caller = macro expansion at hyperparameter.jl:441 [inlined]
└ @ Core ~/.julia/packages/MLKernels/DqEdF/test/HyperParameters/hyperparameter.jl:441
┌ Warning: theta will be removed entirely in a future release
│   caller = macro expansion at hyperparameter.jl:441 [inlined]
└ @ Core ~/.julia/packages/MLKernels/DqEdF/test/HyperParameters/hyperparameter.jl:441
┌ Warning: theta will be removed entirely in a future release
│   caller = gettheta(::HyperParameter{Float64}) at HyperParameters.jl:211
└ @ MLKernels.HyperParameters ~/.julia/packages/MLKernels/DqEdF/src/HyperParameters.jl:211
┌ Warning: eta will be removed entirely in a future release
│   caller = settheta!(::HyperParameter{Float64}, ::Float64) at HyperParameters.jl:216
└ @ MLKernels.HyperParameters ~/.julia/packages/MLKernels/DqEdF/src/HyperParameters.jl:216
Test Summary:              | Pass  Total
Testing MLK.HyperParameter |  162    162
Test Summary:                 | Pass  Total
Testing MLKernels.dotvectors! |   14     14
Test Summary:              | Pass  Total
Testing MLKernels.gramian! |   36     36
Test Summary:            | Pass  Total
Testing SquaredEuclidean |   56     56
Test Summary:       | Pass  Total
Testing SineSquared |   56     56
Test Summary:      | Pass  Total
Testing ChiSquared |   56     56
Test Summary:         | Pass  Total
Testing ScalarProduct |   56     56
Test Summary:                          | Pass  Total
Testing MLKernels.unsafe_base_evaluate |    8      8
Test Summary:                   | Pass  Total
Testing MLKernels.base_evaluate |   40     40
Test Summary:                         | Pass  Total
Testing MLKernels.allocate_basematrix |    8      8
Test Summary:                     | Pass  Total
Testing MLKernels.checkdimensions |   14     14
Test Summary:                       | Pass  Total
Testing MLKernels.squared_distance! |   18     18
Test Summary:                 | Pass  Total
Testing MLKernels.basematrix! |   36     36
Test Summary:             | Pass  Total
Testing ExponentialKernel |   12     12
Test Summary:                    | Pass  Total
Testing SquaredExponentialKernel |   12     12
Test Summary:                  | Pass  Total
Testing GammaExponentialKernel |   18     18
Test Summary:                   | Pass  Total
Testing RationalQuadraticKernel |   18     18
Test Summary:               | Pass  Total
Testing GammaRationalKernel |   28     28
Test Summary:        | Pass  Total
Testing MaternKernel |   18     18
Test Summary:        | Pass  Total
Testing LinearKernel |   18     18
Test Summary:            | Pass  Total
Testing PolynomialKernel |   28     28
Test Summary:               | Pass  Total
Testing ExponentiatedKernel |   12     12
Test Summary:          | Pass  Total
Testing PeriodicKernel |   12     12
Test Summary:       | Pass  Total
Testing PowerKernel |   12     12
Test Summary:     | Pass  Total
Testing LogKernel |   18     18
Test Summary:         | Pass  Total
Testing SigmoidKernel |   16     16
Test Summary:     | Pass  Total
Testing MLK.kappa |   78     78
┌ Warning: gettheta will be removed entirely in a future release
│   caller = gettheta(::ExponentialKernel{Float64}) at kernelfunctions.jl:52
└ @ MLKernels ~/.julia/packages/MLKernels/DqEdF/src/kernelfunctions.jl:52
┌ Warning: gettheta will be removed entirely in a future release
│   caller = (::getfield(Main, Symbol("##77#78")){ExponentialKernel{Float64}})(::Symbol) at none:0
└ @ Main ./none:0
┌ Warning: checktheta will be removed entirely in a future release
│   caller = checktheta(::ExponentialKernel{Float64}, ::Array{Float64,1}) at kernelfunctions.jl:71
└ @ MLKernels ~/.julia/packages/MLKernels/DqEdF/src/kernelfunctions.jl:71
┌ Warning: gettheta will be removed entirely in a future release
│   caller = gettheta(::SquaredExponentialKernel{Float64}) at kernelfunctions.jl:52
└ @ MLKernels ~/.julia/packages/MLKernels/DqEdF/src/kernelfunctions.jl:52
┌ Warning: gettheta will be removed entirely in a future release
│   caller = (::getfield(Main, Symbol("##77#78")){SquaredExponentialKernel{Float64}})(::Symbol) at none:0
└ @ Main ./none:0
┌ Warning: checktheta will be removed entirely in a future release
│   caller = checktheta(::SquaredExponentialKernel{Float64}, ::Array{Float64,1}) at kernelfunctions.jl:71
└ @ MLKernels ~/.julia/packages/MLKernels/DqEdF/src/kernelfunctions.jl:71
┌ Warning: gettheta will be removed entirely in a future release
│   caller = gettheta(::GammaExponentialKernel{Float64}) at kernelfunctions.jl:52
└ @ MLKernels ~/.julia/packages/MLKernels/DqEdF/src/kernelfunctions.jl:52
┌ Warning: gettheta will be removed entirely in a future release
│   caller = (::getfield(Main, Symbol("##77#78")){GammaExponentialKernel{Float64}})(::Symbol) at none:0
└ @ Main ./none:0
┌ Warning: checktheta will be removed entirely in a future release
│   caller = checktheta(::GammaExponentialKernel{Float64}, ::Array{Float64,1}) at kernelfunctions.jl:71
└ @ MLKernels ~/.julia/packages/MLKernels/DqEdF/src/kernelfunctions.jl:71
┌ Warning: gettheta will be removed entirely in a future release
│   caller = gettheta(::RationalQuadraticKernel{Float64}) at kernelfunctions.jl:52
└ @ MLKernels ~/.julia/packages/MLKernels/DqEdF/src/kernelfunctions.jl:52
┌ Warning: gettheta will be removed entirely in a future release
│   caller = (::getfield(Main, Symbol("##77#78")){RationalQuadraticKernel{Float64}})(::Symbol) at none:0
└ @ Main ./none:0
┌ Warning: checktheta will be removed entirely in a future release
│   caller = checktheta(::RationalQuadraticKernel{Float64}, ::Array{Float64,1}) at kernelfunctions.jl:71
└ @ MLKernels ~/.julia/packages/MLKernels/DqEdF/src/kernelfunctions.jl:71
┌ Warning: gettheta will be removed entirely in a future release
│   caller = gettheta(::GammaRationalKernel{Float64}) at kernelfunctions.jl:52
└ @ MLKernels ~/.julia/packages/MLKernels/DqEdF/src/kernelfunctions.jl:52
┌ Warning: gettheta will be removed entirely in a future release
│   caller = (::getfield(Main, Symbol("##77#78")){GammaRationalKernel{Float64}})(::Symbol) at none:0
└ @ Main ./none:0
┌ Warning: checktheta will be removed entirely in a future release
│   caller = checktheta(::GammaRationalKernel{Float64}, ::Array{Float64,1}) at kernelfunctions.jl:71
└ @ MLKernels ~/.julia/packages/MLKernels/DqEdF/src/kernelfunctions.jl:71
┌ Warning: gettheta will be removed entirely in a future release
│   caller = gettheta(::MaternKernel{Float64}) at kernelfunctions.jl:52
└ @ MLKernels ~/.julia/packages/MLKernels/DqEdF/src/kernelfunctions.jl:52
┌ Warning: gettheta will be removed entirely in a future release
│   caller = (::getfield(Main, Symbol("##77#78")){MaternKernel{Float64}})(::Symbol) at none:0
└ @ Main ./none:0
┌ Warning: checktheta will be removed entirely in a future release
│   caller = checktheta(::MaternKernel{Float64}, ::Array{Float64,1}) at kernelfunctions.jl:71
└ @ MLKernels ~/.julia/packages/MLKernels/DqEdF/src/kernelfunctions.jl:71
┌ Warning: gettheta will be removed entirely in a future release
│   caller = gettheta(::LinearKernel{Float64}) at kernelfunctions.jl:52
└ @ MLKernels ~/.julia/packages/MLKernels/DqEdF/src/kernelfunctions.jl:52
┌ Warning: gettheta will be removed entirely in a future release
│   caller = (::getfield(Main, Symbol("##77#78")){LinearKernel{Float64}})(::Symbol) at none:0
└ @ Main ./none:0
┌ Warning: checktheta will be removed entirely in a future release
│   caller = checktheta(::LinearKernel{Float64}, ::Array{Float64,1}) at kernelfunctions.jl:71
└ @ MLKernels ~/.julia/packages/MLKernels/DqEdF/src/kernelfunctions.jl:71
┌ Warning: gettheta will be removed entirely in a future release
│   caller = gettheta(::PolynomialKernel{Float64,Int64}) at kernelfunctions.jl:52
└ @ MLKernels ~/.julia/packages/MLKernels/DqEdF/src/kernelfunctions.jl:52
┌ Warning: gettheta will be removed entirely in a future release
│   caller = (::getfield(Main, Symbol("##77#78")){PolynomialKernel{Float64,Int64}})(::Symbol) at none:0
└ @ Main ./none:0
┌ Warning: checktheta will be removed entirely in a future release
│   caller = checktheta(::PolynomialKernel{Float64,Int64}, ::Array{Float64,1}) at kernelfunctions.jl:71
└ @ MLKernels ~/.julia/packages/MLKernels/DqEdF/src/kernelfunctions.jl:71
┌ Warning: gettheta will be removed entirely in a future release
│   caller = gettheta(::ExponentiatedKernel{Float64}) at kernelfunctions.jl:52
└ @ MLKernels ~/.julia/packages/MLKernels/DqEdF/src/kernelfunctions.jl:52
┌ Warning: gettheta will be removed entirely in a future release
│   caller = (::getfield(Main, Symbol("##77#78")){ExponentiatedKernel{Float64}})(::Symbol) at none:0
└ @ Main ./none:0
┌ Warning: checktheta will be removed entirely in a future release
│   caller = checktheta(::ExponentiatedKernel{Float64}, ::Array{Float64,1}) at kernelfunctions.jl:71
└ @ MLKernels ~/.julia/packages/MLKernels/DqEdF/src/kernelfunctions.jl:71
┌ Warning: gettheta will be removed entirely in a future release
│   caller = gettheta(::PeriodicKernel{Float64}) at kernelfunctions.jl:52
└ @ MLKernels ~/.julia/packages/MLKernels/DqEdF/src/kernelfunctions.jl:52
┌ Warning: gettheta will be removed entirely in a future release
│   caller = (::getfield(Main, Symbol("##77#78")){PeriodicKernel{Float64}})(::Symbol) at none:0
└ @ Main ./none:0
┌ Warning: checktheta will be removed entirely in a future release
│   caller = checktheta(::PeriodicKernel{Float64}, ::Array{Float64,1}) at kernelfunctions.jl:71
└ @ MLKernels ~/.julia/packages/MLKernels/DqEdF/src/kernelfunctions.jl:71
┌ Warning: gettheta will be removed entirely in a future release
│   caller = gettheta(::PowerKernel{Float64}) at kernelfunctions.jl:52
└ @ MLKernels ~/.julia/packages/MLKernels/DqEdF/src/kernelfunctions.jl:52
┌ Warning: gettheta will be removed entirely in a future release
│   caller = (::getfield(Main, Symbol("##77#78")){PowerKernel{Float64}})(::Symbol) at none:0
└ @ Main ./none:0
┌ Warning: checktheta will be removed entirely in a future release
│   caller = checktheta(::PowerKernel{Float64}, ::Array{Float64,1}) at kernelfunctions.jl:71
└ @ MLKernels ~/.julia/packages/MLKernels/DqEdF/src/kernelfunctions.jl:71
┌ Warning: gettheta will be removed entirely in a future release
│   caller = gettheta(::LogKernel{Float64}) at kernelfunctions.jl:52
└ @ MLKernels ~/.julia/packages/MLKernels/DqEdF/src/kernelfunctions.jl:52
┌ Warning: gettheta will be removed entirely in a future release
│   caller = (::getfield(Main, Symbol("##77#78")){LogKernel{Float64}})(::Symbol) at none:0
└ @ Main ./none:0
┌ Warning: checktheta will be removed entirely in a future release
│   caller = checktheta(::LogKernel{Float64}, ::Array{Float64,1}) at kernelfunctions.jl:71
└ @ MLKernels ~/.julia/packages/MLKernels/DqEdF/src/kernelfunctions.jl:71
┌ Warning: gettheta will be removed entirely in a future release
│   caller = gettheta(::SigmoidKernel{Float64}) at kernelfunctions.jl:52
└ @ MLKernels ~/.julia/packages/MLKernels/DqEdF/src/kernelfunctions.jl:52
┌ Warning: gettheta will be removed entirely in a future release
│   caller = (::getfield(Main, Symbol("##77#78")){SigmoidKernel{Float64}})(::Symbol) at none:0
└ @ Main ./none:0
┌ Warning: checktheta will be removed entirely in a future release
│   caller = checktheta(::SigmoidKernel{Float64}, ::Array{Float64,1}) at kernelfunctions.jl:71
└ @ MLKernels ~/.julia/packages/MLKernels/DqEdF/src/kernelfunctions.jl:71
Test Summary:        | Pass  Total
Testing MLK.gettheta |   26     26
┌ Warning: settheta! will be removed entirely in a future release
│   caller = settheta!(::GammaExponentialKernel{Float32}, ::Array{Float32,1}) at kernelfunctions.jl:60
└ @ MLKernels ~/.julia/packages/MLKernels/DqEdF/src/kernelfunctions.jl:60
┌ Warning: settheta! will be removed entirely in a future release
│   caller = settheta!(::GammaExponentialKernel{Float64}, ::Array{Float64,1}) at kernelfunctions.jl:60
└ @ MLKernels ~/.julia/packages/MLKernels/DqEdF/src/kernelfunctions.jl:60
Test Summary:         | Pass  Total
Testing MLK.settheta! |    8      8
┌ Warning: checktheta will be removed entirely in a future release
│   caller = checktheta(::GammaExponentialKernel{Float32}, ::Array{Float32,1}) at kernelfunctions.jl:71
└ @ MLKernels ~/.julia/packages/MLKernels/DqEdF/src/kernelfunctions.jl:71
Test Summary:          | Pass  Total
Testing MLK.checktheta |    8      8
Test Summary:            | Pass  Total
Testing MLKernels.kernel |  104    104
Test Summary:                  | Pass  Total
Testing MLKernels.kappamatrix! |   26     26
Test Summary:                            | Pass  Total
Testing MLKernels.symmetric_kappamatrix! |   52     52
Test Summary:                   | Pass  Total
Testing MLKernels.kernelmatrix! |  104    104
Test Summary:                  | Pass  Total
Testing MLKernels.kernelmatrix |  520    520
Test Summary:                         | Pass  Total
Testing MLKernels.centerkernelmatrix! |    4      4
Test Summary:                  | Pass  Total
Testing MLKernels.samplematrix |    2      2
Test Summary:                    | Pass  Total
Testing MLKernels.nystrom_sample |    8      8
Test Summary:                   | Pass  Total
Testing MLKernels.nystrom_pinv! |    2      2
Test Summary:             | Pass  Total
Testing MLKernels.nystrom |    8      8
   Testing MLKernels tests passed 
