 Resolving package versions...
 Installed SpatialIndexing ─ v0.1.2
  Updating `~/.julia/environments/v1.2/Project.toml`
  [d4ead438] + SpatialIndexing v0.1.2
  Updating `~/.julia/environments/v1.2/Manifest.toml`
  [d4ead438] + SpatialIndexing v0.1.2
  [2a0f44e3] + Base64 
  [8ba89e20] + Distributed 
  [b77e0a4c] + InteractiveUtils 
  [56ddb016] + Logging 
  [d6f4376e] + Markdown 
  [de0858da] + Printf 
  [9a3f8284] + Random 
  [9e88b42a] + Serialization 
  [6462fe0b] + Sockets 
  [8dfed614] + Test 
  [4ec0a83e] + Unicode 
   Testing SpatialIndexing
    Status `/tmp/jl_7Ej4p2/Manifest.toml`
  [d4ead438] SpatialIndexing v0.1.2
  [2a0f44e3] Base64  [`@stdlib/Base64`]
  [8ba89e20] Distributed  [`@stdlib/Distributed`]
  [b77e0a4c] InteractiveUtils  [`@stdlib/InteractiveUtils`]
  [56ddb016] Logging  [`@stdlib/Logging`]
  [d6f4376e] Markdown  [`@stdlib/Markdown`]
  [de0858da] Printf  [`@stdlib/Printf`]
  [9a3f8284] Random  [`@stdlib/Random`]
  [9e88b42a] Serialization  [`@stdlib/Serialization`]
  [6462fe0b] Sockets  [`@stdlib/Sockets`]
  [8dfed614] Test  [`@stdlib/Test`]
  [4ec0a83e] Unicode  [`@stdlib/Unicode`]
Test Summary: | Pass  Total
Regions       |   67     67
Test Summary: | Pass  Total
SpatialElem   |    7      7
Test Summary: |  Pass  Total
RTree         | 11599  11599
   Testing SpatialIndexing tests passed 
