 Resolving package versions...
 Installed URIParser ────────────── v0.4.0
 Installed Conda ────────────────── v1.3.0
 Installed CollisionDetection ───── v0.1.2
 Installed AbstractFFTs ─────────── v0.5.0
 Installed Polynomials ──────────── v0.6.0
 Installed BinaryProvider ───────── v0.5.8
 Installed BEAST ────────────────── v1.1.0
 Installed CompScienceMeshes ────── v0.2.4
 Installed Requires ─────────────── v0.5.2
 Installed Reexport ─────────────── v0.2.0
 Installed RecipesBase ──────────── v0.7.0
 Installed Combinatorics ────────── v0.7.0
 Installed Compat ───────────────── v2.2.0
 Installed Parsers ──────────────── v0.3.10
 Installed WiltonInts84 ─────────── v0.2.1
 Installed IterativeSolvers ─────── v0.8.1
 Installed FastGaussQuadrature ──── v0.4.0
 Installed JSON ─────────────────── v0.21.0
 Installed FFTW ─────────────────── v0.3.0
 Installed StaticArrays ─────────── v0.12.1
 Installed VersionParsing ───────── v1.1.3
 Installed SpecialFunctions ─────── v0.8.0
 Installed BinDeps ──────────────── v0.8.10
 Installed SauterSchwabQuadrature ─ v2.1.0
  Updating `~/.julia/environments/v1.2/Project.toml`
  [bb4162c7] + BEAST v1.1.0
  Updating `~/.julia/environments/v1.2/Manifest.toml`
  [621f4979] + AbstractFFTs v0.5.0
  [bb4162c7] + BEAST v1.1.0
  [9e28174c] + BinDeps v0.8.10
  [b99e7846] + BinaryProvider v0.5.8
  [2b5bf9a6] + CollisionDetection v0.1.2
  [861a8166] + Combinatorics v0.7.0
  [3e66a162] + CompScienceMeshes v0.2.4
  [34da2185] + Compat v2.2.0
  [8f4d0f93] + Conda v1.3.0
  [7a1cc6ca] + FFTW v0.3.0
  [442a2c76] + FastGaussQuadrature v0.4.0
  [42fd0dbc] + IterativeSolvers v0.8.1
  [682c06a0] + JSON v0.21.0
  [69de0a69] + Parsers v0.3.10
  [f27b6e38] + Polynomials v0.6.0
  [3cdcf5f2] + RecipesBase v0.7.0
  [189a3867] + Reexport v0.2.0
  [ae029012] + Requires v0.5.2
  [535c7bfe] + SauterSchwabQuadrature v2.1.0
  [276daf66] + SpecialFunctions v0.8.0
  [90137ffa] + StaticArrays v0.12.1
  [30578b45] + URIParser v0.4.0
  [81def892] + VersionParsing v1.1.3
  [a3e2863e] + WiltonInts84 v0.2.1
  [2a0f44e3] + Base64 
  [ade2ca70] + Dates 
  [8bb1440f] + DelimitedFiles 
  [8ba89e20] + Distributed 
  [b77e0a4c] + InteractiveUtils 
  [76f85450] + LibGit2 
  [8f399da3] + Libdl 
  [37e2e46d] + LinearAlgebra 
  [56ddb016] + Logging 
  [d6f4376e] + Markdown 
  [a63ad114] + Mmap 
  [44cfe95a] + Pkg 
  [de0858da] + Printf 
  [3fa0cd96] + REPL 
  [9a3f8284] + Random 
  [ea8e919c] + SHA 
  [9e88b42a] + Serialization 
  [1a1011a3] + SharedArrays 
  [6462fe0b] + Sockets 
  [2f01184e] + SparseArrays 
  [10745b16] + Statistics 
  [8dfed614] + Test 
  [cf7118a7] + UUIDs 
  [4ec0a83e] + Unicode 
  Building Conda ───────────→ `~/.julia/packages/Conda/kLXeC/deps/build.log`
  Building FFTW ────────────→ `~/.julia/packages/FFTW/2okGQ/deps/build.log`
  Building SpecialFunctions → `~/.julia/packages/SpecialFunctions/ne2iw/deps/build.log`
   Testing BEAST
    Status `/tmp/jl_3gKoXs/Manifest.toml`
  [621f4979] AbstractFFTs v0.5.0
  [bb4162c7] BEAST v1.1.0
  [9e28174c] BinDeps v0.8.10
  [b99e7846] BinaryProvider v0.5.8
  [2b5bf9a6] CollisionDetection v0.1.2
  [861a8166] Combinatorics v0.7.0
  [3e66a162] CompScienceMeshes v0.2.4
  [34da2185] Compat v2.2.0
  [8f4d0f93] Conda v1.3.0
  [7a1cc6ca] FFTW v0.3.0
  [442a2c76] FastGaussQuadrature v0.4.0
  [42fd0dbc] IterativeSolvers v0.8.1
  [682c06a0] JSON v0.21.0
  [69de0a69] Parsers v0.3.10
  [f27b6e38] Polynomials v0.6.0
  [3cdcf5f2] RecipesBase v0.7.0
  [189a3867] Reexport v0.2.0
  [ae029012] Requires v0.5.2
  [535c7bfe] SauterSchwabQuadrature v2.1.0
  [276daf66] SpecialFunctions v0.8.0
  [90137ffa] StaticArrays v0.12.1
  [30578b45] URIParser v0.4.0
  [81def892] VersionParsing v1.1.3
  [a3e2863e] WiltonInts84 v0.2.1
  [2a0f44e3] Base64  [`@stdlib/Base64`]
  [ade2ca70] Dates  [`@stdlib/Dates`]
  [8bb1440f] DelimitedFiles  [`@stdlib/DelimitedFiles`]
  [8ba89e20] Distributed  [`@stdlib/Distributed`]
  [b77e0a4c] InteractiveUtils  [`@stdlib/InteractiveUtils`]
  [76f85450] LibGit2  [`@stdlib/LibGit2`]
  [8f399da3] Libdl  [`@stdlib/Libdl`]
  [37e2e46d] LinearAlgebra  [`@stdlib/LinearAlgebra`]
  [56ddb016] Logging  [`@stdlib/Logging`]
  [d6f4376e] Markdown  [`@stdlib/Markdown`]
  [a63ad114] Mmap  [`@stdlib/Mmap`]
  [44cfe95a] Pkg  [`@stdlib/Pkg`]
  [de0858da] Printf  [`@stdlib/Printf`]
  [3fa0cd96] REPL  [`@stdlib/REPL`]
  [9a3f8284] Random  [`@stdlib/Random`]
  [ea8e919c] SHA  [`@stdlib/SHA`]
  [9e88b42a] Serialization  [`@stdlib/Serialization`]
  [1a1011a3] SharedArrays  [`@stdlib/SharedArrays`]
  [6462fe0b] Sockets  [`@stdlib/Sockets`]
  [2f01184e] SparseArrays  [`@stdlib/SparseArrays`]
  [10745b16] Statistics  [`@stdlib/Statistics`]
  [8dfed614] Test  [`@stdlib/Test`]
  [cf7118a7] UUIDs  [`@stdlib/UUIDs`]
  [4ec0a83e] Unicode  [`@stdlib/Unicode`]
dots out of 10: ..
  9.696138 seconds (12.57 M allocations: 631.760 MiB, 7.53% gc time)
  6.304800 seconds (6.52 M allocations: 323.038 MiB, 4.77% gc time)
  0.606498 seconds (562.15 k allocations: 29.607 MiB, 4.95% gc time)
ERROR: LoadError: LoadError: type BarycentricRefinement has no field faces
Stacktrace:
 [1] getproperty(::Any, ::Symbol) at ./Base.jl:20
 [2] singleduallagd0(::CompScienceMeshes.BarycentricRefinement{3,3,Float64}, ::Array{Int64,1}, ::Int64) at /root/.julia/packages/BEAST/8Yit6/src/bases/lagrange.jl:149
 [3] duallagrangecxd0(::CompScienceMeshes.Mesh{3,3,Float64}, ::Array{Int64,1}) at /root/.julia/packages/BEAST/8Yit6/src/bases/lagrange.jl:130
 [4] duallagrangecxd0(::CompScienceMeshes.Mesh{3,3,Float64}, ::CompScienceMeshes.Mesh{3,2,Float64}) at /root/.julia/packages/BEAST/8Yit6/src/bases/lagrange.jl:114
 [5] top-level scope at /root/.julia/packages/BEAST/8Yit6/test/test_basis.jl:146
 [6] include at ./boot.jl:328 [inlined]
 [7] include_relative(::Module, ::String) at ./loading.jl:1094
 [8] include at ./Base.jl:31 [inlined]
 [9] include(::String) at /root/.julia/packages/BEAST/8Yit6/test/runtests.jl:5
 [10] top-level scope at /root/.julia/packages/BEAST/8Yit6/test/runtests.jl:17
 [11] include at ./boot.jl:328 [inlined]
 [12] include_relative(::Module, ::String) at ./loading.jl:1094
 [13] include(::Module, ::String) at ./Base.jl:31
 [14] include(::String) at ./client.jl:431
 [15] top-level scope at none:5
in expression starting at /root/.julia/packages/BEAST/8Yit6/test/test_basis.jl:146
in expression starting at /root/.julia/packages/BEAST/8Yit6/test/runtests.jl:17
ERROR: Package BEAST errored during testing
Stacktrace:
 [1] pkgerror(::String, ::Vararg{String,N} where N) at /buildworker/worker/package_linux64/build/usr/share/julia/stdlib/v1.2/Pkg/src/Types.jl:112
 [2] #test#119(::Bool, ::Nothing, ::typeof(Pkg.Operations.test), ::Pkg.Types.Context, ::Array{Pkg.Types.PackageSpec,1}) at /buildworker/worker/package_linux64/build/usr/share/julia/stdlib/v1.2/Pkg/src/Operations.jl:1288
 [3] #test at ./none:0 [inlined]
 [4] #test#62(::Bool, ::Nothing, ::Base.Iterators.Pairs{Union{},Union{},Tuple{},NamedTuple{(),Tuple{}}}, ::typeof(Pkg.API.test), ::Pkg.Types.Context, ::Array{Pkg.Types.PackageSpec,1}) at /buildworker/worker/package_linux64/build/usr/share/julia/stdlib/v1.2/Pkg/src/API.jl:245
 [5] test at /buildworker/worker/package_linux64/build/usr/share/julia/stdlib/v1.2/Pkg/src/API.jl:233 [inlined]
 [6] #test#61 at /buildworker/worker/package_linux64/build/usr/share/julia/stdlib/v1.2/Pkg/src/API.jl:230 [inlined]
 [7] test at /buildworker/worker/package_linux64/build/usr/share/julia/stdlib/v1.2/Pkg/src/API.jl:230 [inlined]
 [8] #test#60 at /buildworker/worker/package_linux64/build/usr/share/julia/stdlib/v1.2/Pkg/src/API.jl:229 [inlined]
 [9] test at /buildworker/worker/package_linux64/build/usr/share/julia/stdlib/v1.2/Pkg/src/API.jl:229 [inlined]
 [10] #test#59(::Base.Iterators.Pairs{Union{},Union{},Tuple{},NamedTuple{(),Tuple{}}}, ::typeof(Pkg.API.test), ::String) at /buildworker/worker/package_linux64/build/usr/share/julia/stdlib/v1.2/Pkg/src/API.jl:228
 [11] test(::String) at /buildworker/worker/package_linux64/build/usr/share/julia/stdlib/v1.2/Pkg/src/API.jl:228
 [12] top-level scope at none:10
