 Resolving package versions...
 Installed Missings ─────────── v0.4.3
 Installed OnlineStatsBase ──── v1.0.2
 Installed DataAPI ──────────── v1.1.0
 Installed LearnBase ────────── v0.2.2
 Installed SortingAlgorithms ── v0.3.1
 Installed OrderedCollections ─ v1.1.0
 Installed DataStructures ───── v0.17.6
 Installed StatsBase ────────── v0.32.0
  Updating `~/.julia/environments/v1.2/Project.toml`
  [925886fa] + OnlineStatsBase v1.0.2
  Updating `~/.julia/environments/v1.2/Manifest.toml`
  [9a962f9c] + DataAPI v1.1.0
  [864edb3b] + DataStructures v0.17.6
  [7f8f8fb0] + LearnBase v0.2.2
  [e1d29d7a] + Missings v0.4.3
  [925886fa] + OnlineStatsBase v1.0.2
  [bac558e1] + OrderedCollections v1.1.0
  [a2af1166] + SortingAlgorithms v0.3.1
  [2913bbd2] + StatsBase v0.32.0
  [2a0f44e3] + Base64 
  [ade2ca70] + Dates 
  [8ba89e20] + Distributed 
  [b77e0a4c] + InteractiveUtils 
  [8f399da3] + Libdl 
  [37e2e46d] + LinearAlgebra 
  [56ddb016] + Logging 
  [d6f4376e] + Markdown 
  [de0858da] + Printf 
  [9a3f8284] + Random 
  [9e88b42a] + Serialization 
  [6462fe0b] + Sockets 
  [2f01184e] + SparseArrays 
  [10745b16] + Statistics 
  [8dfed614] + Test 
  [4ec0a83e] + Unicode 
   Testing OnlineStatsBase
 Resolving package versions...
    Status `/tmp/jl_WT2noW/Manifest.toml`
  [9a962f9c] DataAPI v1.1.0
  [864edb3b] DataStructures v0.17.6
  [7f8f8fb0] LearnBase v0.2.2
  [e1d29d7a] Missings v0.4.3
  [925886fa] OnlineStatsBase v1.0.2
  [bac558e1] OrderedCollections v1.1.0
  [a2af1166] SortingAlgorithms v0.3.1
  [2913bbd2] StatsBase v0.32.0
  [2a0f44e3] Base64  [`@stdlib/Base64`]
  [ade2ca70] Dates  [`@stdlib/Dates`]
  [8ba89e20] Distributed  [`@stdlib/Distributed`]
  [b77e0a4c] InteractiveUtils  [`@stdlib/InteractiveUtils`]
  [8f399da3] Libdl  [`@stdlib/Libdl`]
  [37e2e46d] LinearAlgebra  [`@stdlib/LinearAlgebra`]
  [56ddb016] Logging  [`@stdlib/Logging`]
  [d6f4376e] Markdown  [`@stdlib/Markdown`]
  [de0858da] Printf  [`@stdlib/Printf`]
  [9a3f8284] Random  [`@stdlib/Random`]
  [9e88b42a] Serialization  [`@stdlib/Serialization`]
  [6462fe0b] Sockets  [`@stdlib/Sockets`]
  [2f01184e] SparseArrays  [`@stdlib/SparseArrays`]
  [10745b16] Statistics  [`@stdlib/Statistics`]
  [8dfed614] Test  [`@stdlib/Test`]
  [4ec0a83e] Unicode  [`@stdlib/Unicode`]
  > Counter
  > CountMap
  > CovMatrix
  > Extrema
  > Group
  > GroupBy
  > Mean
  > Moments
  > Series/FTSeries
  > Sum
  > Variance
Test Summary: | Pass  Total
Testing Stats |  145    145
┌ Warning: Merging Variance{Float64,EqualWeight} into Mean{Float64,EqualWeight} is not well-defined.  No merging occurred.
└ @ OnlineStatsBase ~/.julia/packages/OnlineStatsBase/L6i9N/src/OnlineStatsBase.jl:67
Test Summary: | Pass  Total
Random Stuff  |    7      7
  > EqualWeight
  > ExponentialWeight(λ = 0.1)
  > LearningRate(r = 0.6)
  > LearningRate2(c = 0.5)
  > HarmonicWeight(a = 4.0)
Test Summary: | Pass  Total
Weight        |  211    211
Test Summary: | Pass  Total
Iteration     |  117    117
   Testing OnlineStatsBase tests passed 
