 Resolving package versions...
 Installed Parsers ─ v0.3.10
 Installed JSON ──── v0.21.0
  Updating `~/.julia/environments/v1.2/Project.toml`
  [682c06a0] + JSON v0.21.0
  Updating `~/.julia/environments/v1.2/Manifest.toml`
  [682c06a0] + JSON v0.21.0
  [69de0a69] + Parsers v0.3.10
  [2a0f44e3] + Base64 
  [ade2ca70] + Dates 
  [8ba89e20] + Distributed 
  [b77e0a4c] + InteractiveUtils 
  [56ddb016] + Logging 
  [d6f4376e] + Markdown 
  [a63ad114] + Mmap 
  [de0858da] + Printf 
  [9a3f8284] + Random 
  [9e88b42a] + Serialization 
  [6462fe0b] + Sockets 
  [8dfed614] + Test 
  [4ec0a83e] + Unicode 
   Testing JSON
 Resolving package versions...
 Installed OffsetArrays ─────── v0.11.1
 Installed FixedPointNumbers ── v0.6.1
 Installed OrderedCollections ─ v1.1.0
 Installed DataStructures ───── v0.17.6
    Status `/tmp/jl_vp1StP/Manifest.toml`
  [864edb3b] DataStructures v0.17.6
  [53c48c17] FixedPointNumbers v0.6.1
  [682c06a0] JSON v0.21.0
  [6fe1bfb0] OffsetArrays v0.11.1
  [bac558e1] OrderedCollections v1.1.0
  [69de0a69] Parsers v0.3.10
  [2a0f44e3] Base64  [`@stdlib/Base64`]
  [ade2ca70] Dates  [`@stdlib/Dates`]
  [8ba89e20] Distributed  [`@stdlib/Distributed`]
  [b77e0a4c] InteractiveUtils  [`@stdlib/InteractiveUtils`]
  [56ddb016] Logging  [`@stdlib/Logging`]
  [d6f4376e] Markdown  [`@stdlib/Markdown`]
  [a63ad114] Mmap  [`@stdlib/Mmap`]
  [de0858da] Printf  [`@stdlib/Printf`]
  [9a3f8284] Random  [`@stdlib/Random`]
  [9e88b42a] Serialization  [`@stdlib/Serialization`]
  [6462fe0b] Sockets  [`@stdlib/Sockets`]
  [8dfed614] Test  [`@stdlib/Test`]
  [4ec0a83e] Unicode  [`@stdlib/Unicode`]
Test Summary: | Pass  Total
Parser        |   86     86
Test Summary: | Pass  Total
Serializer    |   48     48
Test Summary: | Pass  Total
Integration   |  108    108
Test Summary: | Pass  Total
Regression    |    8      8
   Testing JSON tests passed 
