 Resolving package versions...
 Installed Missings ─────────── v0.4.3
 Installed SortMerge ────────── v1.2.0
 Installed DataAPI ──────────── v1.1.0
 Installed SortingAlgorithms ── v0.3.1
 Installed OrderedCollections ─ v1.1.0
 Installed DataStructures ───── v0.17.6
 Installed StatsBase ────────── v0.32.0
  Updating `~/.julia/environments/v1.0/Project.toml`
  [041a2d23] + SortMerge v1.2.0
  Updating `~/.julia/environments/v1.0/Manifest.toml`
  [9a962f9c] + DataAPI v1.1.0
  [864edb3b] + DataStructures v0.17.6
  [e1d29d7a] + Missings v0.4.3
  [bac558e1] + OrderedCollections v1.1.0
  [041a2d23] + SortMerge v1.2.0
  [a2af1166] + SortingAlgorithms v0.3.1
  [2913bbd2] + StatsBase v0.32.0
  [2a0f44e3] + Base64 
  [8ba89e20] + Distributed 
  [b77e0a4c] + InteractiveUtils 
  [8f399da3] + Libdl 
  [37e2e46d] + LinearAlgebra 
  [56ddb016] + Logging 
  [d6f4376e] + Markdown 
  [de0858da] + Printf 
  [9a3f8284] + Random 
  [9e88b42a] + Serialization 
  [6462fe0b] + Sockets 
  [2f01184e] + SparseArrays 
  [10745b16] + Statistics 
  [8dfed614] + Test 
  [4ec0a83e] + Unicode 
   Testing SortMerge
 Resolving package versions...
    Status `/tmp/tmpMYtAZl/Manifest.toml`
  [9a962f9c] DataAPI v1.1.0
  [864edb3b] DataStructures v0.17.6
  [e1d29d7a] Missings v0.4.3
  [bac558e1] OrderedCollections v1.1.0
  [041a2d23] SortMerge v1.2.0
  [a2af1166] SortingAlgorithms v0.3.1
  [2913bbd2] StatsBase v0.32.0
  [2a0f44e3] Base64  [`@stdlib/Base64`]
  [8ba89e20] Distributed  [`@stdlib/Distributed`]
  [b77e0a4c] InteractiveUtils  [`@stdlib/InteractiveUtils`]
  [8f399da3] Libdl  [`@stdlib/Libdl`]
  [37e2e46d] LinearAlgebra  [`@stdlib/LinearAlgebra`]
  [56ddb016] Logging  [`@stdlib/Logging`]
  [d6f4376e] Markdown  [`@stdlib/Markdown`]
  [de0858da] Printf  [`@stdlib/Printf`]
  [9a3f8284] Random  [`@stdlib/Random`]
  [9e88b42a] Serialization  [`@stdlib/Serialization`]
  [6462fe0b] Sockets  [`@stdlib/Sockets`]
  [2f01184e] SparseArrays  [`@stdlib/SparseArrays`]
  [10745b16] Statistics  [`@stdlib/Statistics`]
  [8dfed614] Test  [`@stdlib/Test`]
  [4ec0a83e] Unicode  [`@stdlib/Unicode`]
Input  1:          2 /          6  ( 33.33%)  -  max mult. 1 | sort : 0.285s
Input  2:          2 /          5  ( 40.00%)  -  max mult. 1 | sort : 0.163s
Output  :          2                                         | total: 0.703s
Input  1:       5449 /       6312  ( 86.33%)  -  max mult. 8 | sort : 0.117s
Input  2:      12683 /      20000  ( 63.41%)  -  max mult. 1 | sort : 0.112s
Output  :      12683                                         | total: 0.232s
[6013.0, 5368.0, 2662.0]
[6013.0, 6013.0, 6013.0, 6013.0, 6013.0, 6013.0, 6013.0, 6013.0, 5368.0, 5368.0, 5368.0, 5368.0, 5368.0, 5368.0, 5368.0, 5368.0, 2662.0, 2662.0, 2662.0, 2662.0, 2662.0, 2662.0, 2662.0, 2662.0]
[6013.0, 6013.0, 6013.0, 6013.0, 6013.0, 6013.0, 6013.0, 6013.0, 5368.0, 5368.0, 5368.0, 5368.0, 5368.0, 5368.0, 5368.0, 5368.0, 2662.0, 2662.0, 2662.0, 2662.0, 2662.0, 2662.0, 2662.0, 2662.0]
Input  1:       5449 /       6312  ( 86.33%)  -  max mult. 8 | sort : 2.46e-05s
Input  2:      12683 /      20000  ( 63.41%)  -  max mult. 1 | sort : 4.49e-05s
Output  :      12683                                         | total: 0.00525s
   Testing SortMerge tests passed 
