 Resolving package versions...
 Installed Reexport ───────── v0.2.0
 Installed VersionParsing ─── v1.1.3
 Installed URIParser ──────── v0.4.0
 Installed Conda ──────────── v1.3.0
 Installed NFFT ───────────── v0.5.0
 Installed BinDeps ────────── v0.8.10
 Installed SpecialFunctions ─ v0.8.0
 Installed BinaryProvider ─── v0.5.8
 Installed FFTW ───────────── v1.1.0
 Installed AbstractFFTs ───── v0.5.0
 Installed Parsers ────────── v0.3.10
 Installed JSON ───────────── v0.21.0
 Installed Compat ─────────── v2.2.0
  Updating `~/.julia/environments/v1.0/Project.toml`
  [efe261a4] + NFFT v0.5.0
  Updating `~/.julia/environments/v1.0/Manifest.toml`
  [621f4979] + AbstractFFTs v0.5.0
  [9e28174c] + BinDeps v0.8.10
  [b99e7846] + BinaryProvider v0.5.8
  [34da2185] + Compat v2.2.0
  [8f4d0f93] + Conda v1.3.0
  [7a1cc6ca] + FFTW v1.1.0
  [682c06a0] + JSON v0.21.0
  [efe261a4] + NFFT v0.5.0
  [69de0a69] + Parsers v0.3.10
  [189a3867] + Reexport v0.2.0
  [276daf66] + SpecialFunctions v0.8.0
  [30578b45] + URIParser v0.4.0
  [81def892] + VersionParsing v1.1.3
  [2a0f44e3] + Base64 
  [ade2ca70] + Dates 
  [8bb1440f] + DelimitedFiles 
  [8ba89e20] + Distributed 
  [b77e0a4c] + InteractiveUtils 
  [76f85450] + LibGit2 
  [8f399da3] + Libdl 
  [37e2e46d] + LinearAlgebra 
  [56ddb016] + Logging 
  [d6f4376e] + Markdown 
  [a63ad114] + Mmap 
  [44cfe95a] + Pkg 
  [de0858da] + Printf 
  [3fa0cd96] + REPL 
  [9a3f8284] + Random 
  [ea8e919c] + SHA 
  [9e88b42a] + Serialization 
  [1a1011a3] + SharedArrays 
  [6462fe0b] + Sockets 
  [2f01184e] + SparseArrays 
  [10745b16] + Statistics 
  [8dfed614] + Test 
  [cf7118a7] + UUIDs 
  [4ec0a83e] + Unicode 
  Building Conda ───────────→ `~/.julia/packages/Conda/kLXeC/deps/build.log`
  Building SpecialFunctions → `~/.julia/packages/SpecialFunctions/ne2iw/deps/build.log`
  Building FFTW ────────────→ `~/.julia/packages/FFTW/loJ3F/deps/build.log`
   Testing NFFT
 Resolving package versions...
    Status `/tmp/tmpe5Q2xl/Manifest.toml`
  [621f4979] AbstractFFTs v0.5.0
  [9e28174c] BinDeps v0.8.10
  [b99e7846] BinaryProvider v0.5.8
  [34da2185] Compat v2.2.0
  [8f4d0f93] Conda v1.3.0
  [7a1cc6ca] FFTW v1.1.0
  [682c06a0] JSON v0.21.0
  [efe261a4] NFFT v0.5.0
  [69de0a69] Parsers v0.3.10
  [189a3867] Reexport v0.2.0
  [276daf66] SpecialFunctions v0.8.0
  [30578b45] URIParser v0.4.0
  [81def892] VersionParsing v1.1.3
  [2a0f44e3] Base64  [`@stdlib/Base64`]
  [ade2ca70] Dates  [`@stdlib/Dates`]
  [8bb1440f] DelimitedFiles  [`@stdlib/DelimitedFiles`]
  [8ba89e20] Distributed  [`@stdlib/Distributed`]
  [b77e0a4c] InteractiveUtils  [`@stdlib/InteractiveUtils`]
  [76f85450] LibGit2  [`@stdlib/LibGit2`]
  [8f399da3] Libdl  [`@stdlib/Libdl`]
  [37e2e46d] LinearAlgebra  [`@stdlib/LinearAlgebra`]
  [56ddb016] Logging  [`@stdlib/Logging`]
  [d6f4376e] Markdown  [`@stdlib/Markdown`]
  [a63ad114] Mmap  [`@stdlib/Mmap`]
  [44cfe95a] Pkg  [`@stdlib/Pkg`]
  [de0858da] Printf  [`@stdlib/Printf`]
  [3fa0cd96] REPL  [`@stdlib/REPL`]
  [9a3f8284] Random  [`@stdlib/Random`]
  [ea8e919c] SHA  [`@stdlib/SHA`]
  [9e88b42a] Serialization  [`@stdlib/Serialization`]
  [1a1011a3] SharedArrays  [`@stdlib/SharedArrays`]
  [6462fe0b] Sockets  [`@stdlib/Sockets`]
  [2f01184e] SparseArrays  [`@stdlib/SparseArrays`]
  [10745b16] Statistics  [`@stdlib/Statistics`]
  [8dfed614] Test  [`@stdlib/Test`]
  [cf7118a7] UUIDs  [`@stdlib/UUIDs`]
  [4ec0a83e] Unicode  [`@stdlib/Unicode`]
[ Info: Testing in 1 dimensions using kaiser_bessel window
[ Info: Testing in 1 dimensions using gauss window
[ Info: Testing in 1 dimensions using kaiser_bessel_rev window
[ Info: Testing in 1 dimensions using spline window
[ Info: Testing in 1 dimensions using kaiser_bessel window
[ Info: Testing in 1 dimensions using gauss window
[ Info: Testing in 1 dimensions using kaiser_bessel_rev window
[ Info: Testing in 1 dimensions using spline window
[ Info: Testing in 2 dimensions using kaiser_bessel window
[ Info: Testing in 2 dimensions using gauss window
[ Info: Testing in 2 dimensions using kaiser_bessel_rev window
[ Info: Testing in 2 dimensions using spline window
[ Info: Testing in 2 dimensions using kaiser_bessel window
[ Info: Testing in 2 dimensions using gauss window
[ Info: Testing in 2 dimensions using kaiser_bessel_rev window
[ Info: Testing in 2 dimensions using spline window
[ Info: Testing in 3 dimensions using kaiser_bessel window
[ Info: Testing in 3 dimensions using gauss window
[ Info: Testing in 3 dimensions using kaiser_bessel_rev window
[ Info: Testing in 3 dimensions using spline window
[ Info: Testing in 3 dimensions using kaiser_bessel window
[ Info: Testing in 3 dimensions using gauss window
[ Info: Testing in 3 dimensions using kaiser_bessel_rev window
[ Info: Testing in 3 dimensions using spline window
[ Info: Testing in 4 dimensions using kaiser_bessel window
[ Info: Testing in 4 dimensions using gauss window
[ Info: Testing in 4 dimensions using kaiser_bessel_rev window
[ Info: Testing in 4 dimensions using spline window
[ Info: Testing in 4 dimensions using kaiser_bessel window
[ Info: Testing in 4 dimensions using gauss window
[ Info: Testing in 4 dimensions using kaiser_bessel_rev window
[ Info: Testing in 4 dimensions using spline window
Test Summary:               | Pass  Total
NFFT in multiple dimensions |   64     64
Test Summary:    | Pass  Total
High level NFFT  |    4      4
Test Summary:            |
Abstract sampling points | No tests
Test Summary:          | Pass  Total
Directional NFFT 2 dim |    4      4
Test Summary:          | Pass  Total
Directional NFFT 3 dim |    6      6
[ Info: NFFT Performance Test 1D
┌ Info: * precomputation = 
└   pre = LUT::PrecomputeFlags = 1
[ Info: * initialization
  0.991117 seconds (3.16 M allocations: 68.243 MiB, 14.81% gc time)
[ Info: * adjoint
[ Info: Timing: conv=0.118736157 fft=0.085684918 apod=0.005907802
  0.210672 seconds (66 allocations: 8.003 MiB)
[ Info: * trafo
[ Info: Timing: apod=0.004237079 fft=0.079808766 conv=0.146570829
  0.237862 seconds (66 allocations: 8.003 MiB)
┌ Info: * precomputation = 
└   pre = FULL::PrecomputeFlags = 2
[ Info: * initialization
  1.303984 seconds (3.15 M allocations: 127.999 MiB, 8.22% gc time)
[ Info: * adjoint
  0.314157 seconds (66 allocations: 8.003 MiB, 38[ Info: Timing: conv=0.115681555 fft=0.068872662 apod=0.007263467
[ Info: * trafo
.87% gc time)
[ Info: Timing: apod=0.003687465 fft=0.059607564 conv=0.103379998
  0.177161 seconds (67 allocations: 8.003 MiB)
[ Info: NFFT Performance Test 2D
┌ Info: * precomputation = 
└   pre = LUT::PrecomputeFlags = 1
[ Info: * initialization
  0.049571 seconds (40.37 k allocations: 64.683 MiB)
[ Info: * adjoint
[ Info: Timing: conv=2.148075534 fft=0.278835233 apod=0.035571027
  2.463057 seconds (66 allocations: 16.003 MiB)
[ Info: * trafo
  2.776730 seconds (66 allocations: 16.003 MiB)
[ Info: Timing: apod=0.016599491 fft=0.352831077 conv=2.377957831
┌ Info: * precomputation = 
└   pre = FULL::PrecomputeFlags = 2
[ Info: * initialization
  5.916747 seconds (11.39 k allocations: 856.195 MiB, 3.69% gc time)
[ Info: * adjoint
[ Info: Timing: conv=1.904372473 fft=0.325370506 apod=0.018923294
[ Info: * trafo
  2.249212 seconds (68 allocations: 16.003 MiB)
  2.114464 seconds (69 allocations: 16.003 MiB)
[ Info: Timing: apod=0.009700096 fft=0.422168132 conv=1.661075014
[ Info: NFFT Performance Test 3D
┌ Info: * precomputation = 
└   pre = LUT::PrecomputeFlags = 1
[ Info: * initialization
[ Info: * adjoint
  0.156252 seconds (96.31 k allocations: 7.815 MiB)
  0.316780 seconds (66 allocations: 514.797 KiB)[ Info: Timing: conv=0.311217663 fft=0.004584428 apod=0.000766796
[ Info: * trafo

[ Info: Timing: apod=0.000407074 fft=0.004678467 conv=0.314212222
┌ Info: * precomputation = 
└   pre = FULL::PrecomputeFlags = 2
[ Info: * initialization
  0.320211 seconds (66 allocations: 514.797 KiB)
[ Info: * adjoint
  1.073907 seconds (514 allocations: 175.764 MiB)
[ Info: Timing: conv=0.18922506 fft=0.005146376 apod=0.000871796
[ Info: * trafo
  0.195525 seconds (68 allocations: 514.875 KiB)
[ Info: Timing: apod=0.000405019 fft=0.005158298 conv=0.172703969
  0.179642 seconds (69 allocations: 514.891 KiB)
   Testing NFFT tests passed 
