 Resolving package versions...
 Installed UnitfulAngles ─ v0.6.0
 Installed Unitful ─────── v0.16.0
  Updating `~/.julia/environments/v1.2/Project.toml`
  [6fb2a4bd] + UnitfulAngles v0.6.0
  Updating `~/.julia/environments/v1.2/Manifest.toml`
  [1986cc42] + Unitful v0.16.0
  [6fb2a4bd] + UnitfulAngles v0.6.0
  [ade2ca70] + Dates 
  [8f399da3] + Libdl 
  [37e2e46d] + LinearAlgebra 
  [de0858da] + Printf 
  [9a3f8284] + Random 
  [9e88b42a] + Serialization 
  [4ec0a83e] + Unicode 
   Testing UnitfulAngles
 Resolving package versions...
    Status `/tmp/jl_p5Plq5/Manifest.toml`
  [1986cc42] Unitful v0.16.0
  [6fb2a4bd] UnitfulAngles v0.6.0
  [2a0f44e3] Base64  [`@stdlib/Base64`]
  [ade2ca70] Dates  [`@stdlib/Dates`]
  [8ba89e20] Distributed  [`@stdlib/Distributed`]
  [b77e0a4c] InteractiveUtils  [`@stdlib/InteractiveUtils`]
  [8f399da3] Libdl  [`@stdlib/Libdl`]
  [37e2e46d] LinearAlgebra  [`@stdlib/LinearAlgebra`]
  [56ddb016] Logging  [`@stdlib/Logging`]
  [d6f4376e] Markdown  [`@stdlib/Markdown`]
  [de0858da] Printf  [`@stdlib/Printf`]
  [9a3f8284] Random  [`@stdlib/Random`]
  [9e88b42a] Serialization  [`@stdlib/Serialization`]
  [6462fe0b] Sockets  [`@stdlib/Sockets`]
  [8dfed614] Test  [`@stdlib/Test`]
  [4ec0a83e] Unicode  [`@stdlib/Unicode`]
   Testing UnitfulAngles tests passed 
