 Resolving package versions...
 Installed BinaryProvider ── v0.5.8
 Installed AbstractAlgebra ─ v0.7.1
 Installed Nemo ──────────── v0.15.1
  Updating `~/.julia/environments/v1.0/Project.toml`
  [2edaba10] + Nemo v0.15.1
  Updating `~/.julia/environments/v1.0/Manifest.toml`
  [c3fe647b] + AbstractAlgebra v0.7.1
  [b99e7846] + BinaryProvider v0.5.8
  [2edaba10] + Nemo v0.15.1
  [2a0f44e3] + Base64 
  [8ba89e20] + Distributed 
  [b77e0a4c] + InteractiveUtils 
  [8f399da3] + Libdl 
  [37e2e46d] + LinearAlgebra 
  [56ddb016] + Logging 
  [d6f4376e] + Markdown 
  [9a3f8284] + Random 
  [ea8e919c] + SHA 
  [9e88b42a] + Serialization 
  [6462fe0b] + Sockets 
  [2f01184e] + SparseArrays 
  [8dfed614] + Test 
  Building Nemo → `~/.julia/packages/Nemo/qzx0m/deps/build.log`
   Testing Nemo
    Status `/tmp/tmplZJGmZ/Manifest.toml`
  [c3fe647b] AbstractAlgebra v0.7.1
  [b99e7846] BinaryProvider v0.5.8
  [2edaba10] Nemo v0.15.1
  [2a0f44e3] Base64  [`@stdlib/Base64`]
  [8ba89e20] Distributed  [`@stdlib/Distributed`]
  [b77e0a4c] InteractiveUtils  [`@stdlib/InteractiveUtils`]
  [8f399da3] Libdl  [`@stdlib/Libdl`]
  [37e2e46d] LinearAlgebra  [`@stdlib/LinearAlgebra`]
  [56ddb016] Logging  [`@stdlib/Logging`]
  [d6f4376e] Markdown  [`@stdlib/Markdown`]
  [9a3f8284] Random  [`@stdlib/Random`]
  [ea8e919c] SHA  [`@stdlib/SHA`]
  [9e88b42a] Serialization  [`@stdlib/Serialization`]
  [6462fe0b] Sockets  [`@stdlib/Sockets`]
  [2f01184e] SparseArrays  [`@stdlib/SparseArrays`]
  [8dfed614] Test  [`@stdlib/Test`]

Welcome to Nemo version 0.15.1

Nemo comes with absolutely no warranty whatsoever

Test Summary:          | Pass  Total
fmpz.abstract_types... |    5      5
Test Summary:        | Pass  Total
fmpz.constructors... |    7      7
Test Summary: | Pass  Total
fmpz.rand...  |    3      3
Test Summary:    | Pass  Total
fmpz.printing... |    1      1
Test Summary:   | Pass  Total
fmpz.convert... |    7      7
Test Summary:        | Pass  Total
fmpz.manipulation... |   12     12
Test Summary:      | Pass  Total
fmpz.binary_ops... |    7      7
Test Summary:    | Pass  Total
fmpz.division... |    4      4
Test Summary:     | Pass  Total
fmpz.remainder... |    4      4
Test Summary:          | Pass  Total
fmpz.exact_division... |    1      1
Test Summary:   | Pass  Total
fmpz.gcd_lcm... |   12     12
Test Summary:     | Pass  Total
fmpz.logarithm... |    8      8
Test Summary:        | Pass  Total
fmpz.adhoc_binary... |    7      7
Test Summary:          | Pass  Total
fmpz.adhoc_division... |    7      7
Test Summary: | Pass  Total
fmpz.shift..  |    8      8
Test Summary:    | Pass  Total
fmpz.powering... |    1      1
Test Summary:      | Pass  Total
fmpz.comparison... |    9      9
Test Summary:            | Pass  Total
fmpz.adhoc_comparison... |   24     24
Test Summary:     | Pass  Total
fmpz.unary_ops... |    2      2
Test Summary: | Pass  Total
fmpz.abs...   |    1      1
Test Summary:  | Pass  Total
fmpz.divrem... |    3      3
Test Summary: | Pass  Total
fmpz.roots... |    7      7
Test Summary:        | Pass  Total
fmpz.extended_gcd... |    4      4
Test Summary:         | Pass  Total
fmpz.bit_twiddling... |   10     10
Test Summary: | Pass  Total
fmpz.bases... |    7      7
Test Summary:     | Pass  Total
fmpz.string_io... |    1      1
Test Summary:              | Pass  Total
fmpz.modular_arithmetic... |   13     13
Test Summary:  | Pass  Total
fmpz.factor... |   15     15
Test Summary:            | Pass  Total
fmpz.number_theoretic... |   36     36
Test Summary:       | Pass  Total
fmpz.square_root... |    3      3
Test Summary:             | Pass  Total
fmpz_poly.constructors... |   10     10
Test Summary:         | Pass  Total
fmpz_poly.printing... |    1      1
Test Summary:             | Pass  Total
fmpz_poly.manipulation... |   11     11
Test Summary:           | Pass  Total
fmpz_poly.binary_ops... |    3      3
Test Summary:             | Pass  Total
fmpz_poly.adhoc_binary... |   12     12
Test Summary:           | Pass  Total
fmpz_poly.comparison... |    2      2
Test Summary:                 | Pass  Total
fmpz_poly.adhoc_comparison... |    4      4
Test Summary:          | Pass  Total
fmpz_poly.unary_ops... |    1      1
Test Summary:           | Pass  Total
fmpz_poly.truncation... |    4      4
Test Summary:        | Pass  Total
fmpz_poly.reverse... |    1      1
Test Summary:      | Pass  Total
fmpz_poly.shift... |    4      4
Test Summary:         | Pass  Total
fmpz_poly.powering... |    1      1
Test Summary:               | Pass  Total
fmpz_poly.exact_division... |    1      1
Test Summary:                     | Pass  Total
fmpz_poly.adhoc_exact_division... |    2      2
Test Summary:               | Pass  Total
fmpz_poly.pseudodivision... |    2      2
Test Summary:                 | Pass  Total
fmpz_poly.remove_valuation... |    3      3
Test Summary:                     | Pass  Total
fmpz_poly.content_primpart_gcd... |    4      4
Test Summary:           | Pass  Total
fmpz_poly.evaluation... |    4      4
Test Summary:            | Pass  Total
fmpz_poly.composition... |    1      1
Test Summary:           | Pass  Total
fmpz_poly.derivative... |    1      1
Test Summary:          | Pass  Total
fmpz_poly.resultant... |    1      1
Test Summary:             | Pass  Total
fmpz_poly.discriminant... |    1      1
Test Summary:     | Pass  Total
fmpz_poly.resx... |    1      1
Test Summary:          | Pass  Total
fmpz_poly.signature... |    1      1
Test Summary:            | Pass  Total
fmpz_poly.interpolate... |    2      2
Test Summary:       | Pass  Total
fmpz_poly.factor... |   11     11
Test Summary:            | Pass  Total
fmpz_poly.square_root... |    1      1
Test Summary:        | Pass  Total
fmpz_poly.special... |    8      8
Test Summary:            | Pass  Total
fmpz_poly.Polynomials... |    1      1
Test Summary:                 | Pass  Total
fmpz_mod_poly.constructors... |   14     14
Test Summary:             | Pass  Total
fmpz_mod_poly.printing... |    1      1
Test Summary:                 | Pass  Total
fmpz_mod_poly.manipulation... |   16     16
Test Summary:               | Pass  Total
fmpz_mod_poly.binary_ops... |    3      3
Test Summary:                 | Pass  Total
fmpz_mod_poly.adhoc_binary... |   18     18
Test Summary:               | Pass  Total
fmpz_mod_poly.comparison... |    2      2
Test Summary:                     | Pass  Total
fmpz_mod_poly.adhoc_comparison... |    6      6
Test Summary:              | Pass  Total
fmpz_mod_poly.unary_ops... |    1      1
Test Summary:               | Pass  Total
fmpz_mod_poly.truncation... |    4      4
Test Summary:            | Pass  Total
fmpz_mod_poly.reverse... |    1      1
Test Summary:          | Pass  Total
fmpz_mod_poly.shift... |    4      4
Test Summary:             | Pass  Total
fmpz_mod_poly.powering... |    2      2
Test Summary:                   | Pass  Total
fmpz_mod_poly.exact_division... |    1      1
Test Summary:                         | Pass  Total
fmpz_mod_poly.adhoc_exact_division... |    3      3
Test Summary:                       | Pass  Total
fmpz_mod_poly.modular_arithmetic... |    6      6
Test Summary:                       | Pass  Total
fmpz_mod_poly.euclidean_division... |    2      2
Test Summary:        | Pass  Total
fmpz_mod_poly.gcd... |    2      2
Test Summary:           | Pass  Total
fmpz_mod_poly.gcdinv... |    1      1
Test Summary:               | Pass  Total
fmpz_mod_poly.evaluation... |    6      6
Test Summary:                | Pass  Total
fmpz_mod_poly.composition... |    1      1
Test Summary:               | Pass  Total
fmpz_mod_poly.derivative... |    1      1
Test Summary:             | Pass  Total
fmpz_mod_poly.integral... |    1      1
Test Summary:              | Pass  Total
fmpz_mod_poly.resultant... |    1      1
Test Summary:                 | Pass  Total
fmpz_mod_poly.discriminant... |    1      1
Test Summary:         | Pass  Total
fmpz_mod_poly.lift... |    1      1
Test Summary:                  | Pass  Total
fmpz_mod_poly.isirreducible... |    1      1
Test Summary:                 | Pass  Total
fmpz_mod_poly.issquarefree... |    1      1
Test Summary:           | Pass  Total
fmpz_mod_poly.factor... |    6      6
Test Summary:                     | Pass  Total
fmpz_mod_poly.remove_valuation... |    6      6
Test Summary:                 | Pass  Total
gfp_fmpz_poly.constructors... |   14     14
Test Summary:             | Pass  Total
gfp_fmpz_poly.printing... |    1      1
Test Summary:                 | Pass  Total
gfp_fmpz_poly.manipulation... |   16     16
Test Summary:               | Pass  Total
gfp_fmpz_poly.binary_ops... |    3      3
Test Summary:                 | Pass  Total
gfp_fmpz_poly.adhoc_binary... |   18     18
Test Summary:               | Pass  Total
gfp_fmpz_poly.comparison... |    2      2
Test Summary:                     | Pass  Total
gfp_fmpz_poly.adhoc_comparison... |    6      6
Test Summary:              | Pass  Total
gfp_fmpz_poly.unary_ops... |    1      1
Test Summary:               | Pass  Total
gfp_fmpz_poly.truncation... |    4      4
Test Summary:            | Pass  Total
gfp_fmpz_poly.reverse... |    1      1
Test Summary:          | Pass  Total
gfp_fmpz_poly.shift... |    4      4
Test Summary:             | Pass  Total
gfp_fmpz_poly.powering... |    2      2
Test Summary:                   | Pass  Total
gfp_fmpz_poly.exact_division... |    1      1
Test Summary:                         | Pass  Total
gfp_fmpz_poly.adhoc_exact_division... |    3      3
Test Summary:                       | Pass  Total
gfp_fmpz_poly.modular_arithmetic... |    6      6
Test Summary:                       | Pass  Total
gfp_fmpz_poly.euclidean_division... |    2      2
Test Summary:        | Pass  Total
gfp_fmpz_poly.gcd... |    2      2
Test Summary:           | Pass  Total
gfp_fmpz_poly.gcdinv... |    1      1
Test Summary:               | Pass  Total
gfp_fmpz_poly.evaluation... |    6      6
Test Summary:                | Pass  Total
gfp_fmpz_poly.composition... |    1      1
Test Summary:               | Pass  Total
gfp_fmpz_poly.derivative... |    1      1
Test Summary:             | Pass  Total
gfp_fmpz_poly.integral... |    1      1
Test Summary:              | Pass  Total
gfp_fmpz_poly.resultant... |    1      1
Test Summary:                 | Pass  Total
gfp_fmpz_poly.discriminant... |    1      1
Test Summary:         | Pass  Total
gfp_fmpz_poly.lift... |    1      1
Test Summary:                  | Pass  Total
gfp_fmpz_poly.isirreducible... |    1      1
Test Summary:                 | Pass  Total
gfp_fmpz_poly.issquarefree... |    1      1
Test Summary:           | Pass  Total
gfp_fmpz_poly.factor... |    6      6
Test Summary:                     | Pass  Total
gfp_fmpz_poly.remove_valuation... |    6      6
Test Summary:        | Pass  Total
nmod.constructors... | 2008   2008
Test Summary: | Pass  Total
nmod.rand...  |    6      6
Test Summary:    | Pass  Total
nmod.printing... |    2      2
Test Summary:        | Pass  Total
nmod.manipulation... |    9      9
Test Summary:     |  Pass  Total
nmod.unary_ops... | 20000  20000
Test Summary:      |   Pass   Total
nmod.binary_ops... | 160000  160000
Test Summary:        |   Pass   Total
nmod.adhoc_binary... | 160000  160000
Test Summary:    |   Pass   Total
nmod.powering... | 840000  840000
Test Summary:      |  Pass  Total
nmod.comparison... | 60000  60000
Test Summary:            |  Pass  Total
nmod.adhoc_comparison... | 80000  80000
Test Summary:     |  Pass  Total
nmod.inversion... | 40000  40000
Test Summary:          |  Pass  Total
nmod.exact_division... | 20000  20000
Test Summary: |  Pass  Total
nmod.gcd...   | 10000  10000
Test Summary: |  Pass  Total
nmod.gcdx...  | 10000  10000
Test Summary:    |  Pass  Total
fmpz_mod.gcdx... | 10000  10000
Test Summary:             | Pass  Total
nmod_poly.constructors... |   34     34
Test Summary:         | Pass  Total
nmod_poly.printing... |    1      1
Test Summary:             | Pass  Total
nmod_poly.manipulation... |   15     15
Test Summary:          | Pass  Total
nmod_poly.unary_ops... |    1      1
Test Summary:           | Pass  Total
nmod_poly.binary_ops... |    4      4
Test Summary:             | Pass  Total
nmod_poly.adhoc_binary... |   20     20
Test Summary:         | Pass  Total
nmod_poly.powering... |    3      3
Test Summary:           | Pass  Total
nmod_poly.comparison... |    2      2
Test Summary:                 | Pass  Total
nmod_poly.adhoc_comparison... |    6      6
Test Summary:           | Pass  Total
nmod_poly.truncation... |    4      4
Test Summary:       | Pass  Total
nmod_poly.mullow... |    2      2
Test Summary:        | Pass  Total
nmod_poly.reverse... |    3      3
Test Summary:      | Pass  Total
nmod_poly.shift... |    7      7
Test Summary:         | Pass  Total
nmod_poly.division... |   13     13
Test Summary:                     | Pass  Total
nmod_poly.adhoc_exact_division... |    3      3
Test Summary:    | Pass  Total
nmod_poly.gcd... |    3      3
Test Summary:                   | Pass  Total
nmod_poly.modular_arithmetic... |    5      5
Test Summary:          | Pass  Total
nmod_poly.resultant... |    3      3
Test Summary:         | Pass  Total
nmod_poly.evaluate... |    6      6
Test Summary:           | Pass  Total
nmod_poly.derivative... |    2      2
Test Summary:         | Pass  Total
nmod_poly.integral... |    1      1
Test Summary:        | Pass  Total
nmod_poly.compose... |    2      2
Test Summary:            | Pass  Total
nmod_poly.interpolate... |    2      2
Test Summary:        | Pass  Total
nmod_poly.inflate... |    3      3
Test Summary:        | Pass  Total
nmod_poly.deflate... |    3      3
Test Summary:        | Pass  Total
nmod_poly.lifting... |    1      1
Test Summary:              | Pass  Total
nmod_poly.isirreducible... |    3      3
Test Summary:             | Pass  Total
nmod_poly.issquarefree... |    2      2
Test Summary:       | Pass  Total
nmod_poly.factor... |    5      5
Test Summary:                 | Pass  Total
nmod_poly.canonicalization... |    1      1
Test Summary:                 | Pass  Total
nmod_poly.remove_valuation... |    6      6
Test Summary:            | Pass  Total
gfp_poly.constructors... |   34     34
Test Summary:        | Pass  Total
gfp_poly.printing... |    1      1
Test Summary:            | Pass  Total
gfp_poly.manipulation... |   15     15
Test Summary:         | Pass  Total
gfp_poly.unary_ops... |    1      1
Test Summary:          | Pass  Total
gfp_poly.binary_ops... |    4      4
Test Summary:            | Pass  Total
gfp_poly.adhoc_binary... |   20     20
Test Summary:        | Pass  Total
gfp_poly.powering... |    3      3
Test Summary:          | Pass  Total
gfp_poly.comparison... |    2      2
Test Summary:                | Pass  Total
gfp_poly.adhoc_comparison... |    6      6
Test Summary:          | Pass  Total
gfp_poly.truncation... |    4      4
Test Summary:      | Pass  Total
gfp_poly.mullow... |    2      2
Test Summary:       | Pass  Total
gfp_poly.reverse... |    3      3
Test Summary:     | Pass  Total
gfp_poly.shift... |    7      7
Test Summary:        | Pass  Total
gfp_poly.division... |   13     13
Test Summary:                    | Pass  Total
gfp_poly.adhoc_exact_division... |    3      3
Test Summary:   | Pass  Total
gfp_poly.gcd... |    3      3
Test Summary:                  | Pass  Total
gfp_poly.modular_arithmetic... |    5      5
Test Summary:         | Pass  Total
gfp_poly.resultant... |    3      3
Test Summary:        | Pass  Total
gfp_poly.evaluate... |    6      6
Test Summary:          | Pass  Total
gfp_poly.derivative... |    2      2
Test Summary:        | Pass  Total
gfp_poly.integral... |    1      1
Test Summary:       | Pass  Total
gfp_poly.compose... |    2      2
Test Summary:           | Pass  Total
gfp_poly.interpolate... |    2      2
Test Summary:       | Pass  Total
gfp_poly.inflate... |    3      3
Test Summary:       | Pass  Total
gfp_poly.deflate... |    3      3
Test Summary:       | Pass  Total
gfp_poly.lifting... |    1      1
Test Summary:             | Pass  Total
gfp_poly.isirreducible... |    3      3
Test Summary:            | Pass  Total
gfp_poly.issquarefree... |    2      2
Test Summary:      | Pass  Total
gfp_poly.factor... |    5      5
Test Summary:                | Pass  Total
gfp_poly.canonicalization... |    1      1
Test Summary:                | Pass  Total
gfp_poly.remove_valuation... |    6      6
Test Summary:             | Pass  Total
fmpq_poly.constructors... |   22     22
Test Summary:         | Pass  Total
fmpq_poly.printing... |    1      1
Test Summary:             | Pass  Total
fmpq_poly.manipulation... |   12     12
Test Summary:           | Pass  Total
fmpq_poly.binary_ops... |    3      3
Test Summary:             | Pass  Total
fmpq_poly.adhoc_binary... |   30     30
Test Summary:           | Pass  Total
fmpq_poly.comparison... |    2      2
Test Summary:                 | Pass  Total
fmpq_poly.adhoc_comparison... |   11     11
Test Summary:          | Pass  Total
fmpq_poly.unary_ops... |    1      1
Test Summary:           | Pass  Total
fmpq_poly.truncation... |    4      4
Test Summary:        | Pass  Total
fmpq_poly.reverse... |    2      2
Test Summary:      | Pass  Total
fmpq_poly.shift... |    4      4
Test Summary:         | Pass  Total
fmpq_poly.powering... |    2      2
Test Summary:                   | Pass  Total
fmpq_poly.modular_arithmetic... |    3      3
Test Summary:               | Pass  Total
fmpq_poly.exact_division... |    1      1
Test Summary:                     | Pass  Total
fmpq_poly.adhoc_exact_division... |    5      5
Test Summary:                   | Pass  Total
fmpq_poly.euclidean_division... |    2      2
Test Summary:                     | Pass  Total
fmpq_poly.content_primpart_gcd... |    4      4
Test Summary:           | Pass  Total
fmpq_poly.evaluation... |   12     12
Test Summary:            | Pass  Total
fmpq_poly.composition... |    1      1
Test Summary:           | Pass  Total
fmpq_poly.derivative... |    1      1
Test Summary:         | Pass  Total
fmpq_poly.integral... |    1      1
Test Summary:          | Pass  Total
fmpq_poly.resultant... |    1      1
Test Summary:             | Pass  Total
fmpq_poly.discriminant... |    1      1
Test Summary:     | Pass  Total
fmpq_poly.gcdx... |    1      1
Test Summary:       | Pass  Total
fmpq_poly.factor... |    1      1
Test Summary:          | Pass  Total
fmpq_poly.signature... |    1      1
Test Summary:        | Pass  Total
fmpq_poly.special... |    2      2
Test Summary:            | Pass  Total
fmpq_poly.Polynomials... |    1      1
Test Summary:                 | Pass  Total
fmpq_poly.remove_valuation... |    6      6
Test Summary:           | Pass  Total
fq_poly.constructors... |   17     17
Test Summary:       | Pass  Total
fq_poly.printing... |    1      1
Test Summary:           | Pass  Total
fq_poly.manipulation... |   11     11
Test Summary:         | Pass  Total
fq_poly.binary_ops... |    3      3
Test Summary:           | Pass  Total
fq_poly.adhoc_binary... |   14     14
Test Summary:         | Pass  Total
fq_poly.comparison... |    2      2
Test Summary:               | Pass  Total
fq_poly.adhoc_comparison... |    6      6
Test Summary:        | Pass  Total
fq_poly.unary_ops... |    1      1
Test Summary:         | Pass  Total
fq_poly.truncation... |    4      4
Test Summary:      | Pass  Total
fq_poly.reverse... |    2      2
Test Summary:    | Pass  Total
fq_poly.shift... |    4      4
Test Summary:       | Pass  Total
fq_poly.powering... |    2      2
Test Summary:                 | Pass  Total
fq_poly.modular_arithmetic... |    6      6
Test Summary:             | Pass  Total
fq_poly.exact_division... |    1      1
Test Summary:                   | Pass  Total
fq_poly.adhoc_exact_division... |    2      2
Test Summary:                 | Pass  Total
fq_poly.euclidean_division... |    2      2
Test Summary:                   | Pass  Total
fq_poly.content_primpart_gcd... |    5      5
Test Summary:         | Pass  Total
fq_poly.evaluation... |    6      6
Test Summary:          | Pass  Total
fq_poly.composition... |    1      1
Test Summary:         | Pass  Total
fq_poly.derivative... |    1      1
Test Summary:       | Pass  Total
fq_poly.integral... |    1      1
Test Summary:        | Pass  Total
fq_poly.resultant... |    1      1
Test Summary:           | Pass  Total
fq_poly.discriminant... |    1      1
Test Summary:   | Pass  Total
fq_poly.gcdx... |    1      1
Test Summary:      | Pass  Total
fq_poly.special... |    2      2
Test Summary:                  | Pass  Total
fq_poly.inflation_deflation... |    1      1
Test Summary:            | Pass  Total
fq_poly.isirreducible... |    3      3
Test Summary:           | Pass  Total
fq_poly.issquarefree... |    2      2
Test Summary:     | Pass  Total
fq_poly.factor... |   10     10
Test Summary:               | Pass  Total
fq_poly.remove_valuation... |    6      6
Test Summary:                | Pass  Total
fq_nmod_poly.constructors... |   17     17
Test Summary:            | Pass  Total
fq_nmod_poly.printing... |    1      1
Test Summary:                | Pass  Total
fq_nmod_poly.manipulation... |   11     11
Test Summary:              | Pass  Total
fq_nmod_poly.binary_ops... |    3      3
Test Summary:                | Pass  Total
fq_nmod_poly.adhoc_binary... |   14     14
Test Summary:              | Pass  Total
fq_nmod_poly.comparison... |    2      2
Test Summary:                    | Pass  Total
fq_nmod_poly.adhoc_comparison... |    6      6
Test Summary:             | Pass  Total
fq_nmod_poly.unary_ops... |    1      1
Test Summary:              | Pass  Total
fq_nmod_poly.truncation... |    4      4
Test Summary:           | Pass  Total
fq_nmod_poly.reverse... |    1      1
Test Summary:         | Pass  Total
fq_nmod_poly.shift... |    4      4
Test Summary:            | Pass  Total
fq_nmod_poly.powering... |    2      2
Test Summary:                      | Pass  Total
fq_nmod_poly.modular_arithmetic... |    6      6
Test Summary:                  | Pass  Total
fq_nmod_poly.exact_division... |    1      1
Test Summary:                        | Pass  Total
fq_nmod_poly.adhoc_exact_division... |    2      2
Test Summary:                      | Pass  Total
fq_nmod_poly.euclidean_division... |    2      2
Test Summary:                        | Pass  Total
fq_nmod_poly.content_primpart_gcd... |    5      5
Test Summary:              | Pass  Total
fq_nmod_poly.evaluation... |    6      6
Test Summary:               | Pass  Total
fq_nmod_poly.composition... |    1      1
Test Summary:              | Pass  Total
fq_nmod_poly.derivative... |    1      1
Test Summary:            | Pass  Total
fq_nmod_poly.integral... |    1      1
Test Summary:             | Pass  Total
fq_nmod_poly.resultant... |    1      1
Test Summary:                | Pass  Total
fq_nmod_poly.discriminant... |    1      1
Test Summary:        | Pass  Total
fq_nmod_poly.gcdx... |    1      1
Test Summary:           | Pass  Total
fq_nmod_poly.special... |    2      2
Test Summary:                       | Pass  Total
fq_nmod_poly.inflation_deflation... |    1      1
Test Summary:                 | Pass  Total
fq_nmod_poly.isirreducible... |    3      3
Test Summary:                | Pass  Total
fq_nmod_poly.issquarefree... |    2      2
Test Summary:          | Pass  Total
fq_nmod_poly.factor... |    9      9
Test Summary:                    | Pass  Total
fq_nmod_poly.remove_valuation... |    6      6
Test Summary:                   | Pass  Total
fmpz_rel_series.constructors... |   10     10
Test Summary:               | Pass  Total
fmpz_rel_series.printing... |    1      1
Test Summary:                   | Pass  Total
fmpz_rel_series.manipulation... |    6      6
Test Summary:                | Pass  Total
fmpz_rel_series.unary_ops... |    2      2
Test Summary:                 | Pass  Total
fmpz_rel_series.binary_ops... |   62     62
Test Summary:                       | Pass  Total
fmpz_rel_series.adhoc_binary_ops... |    5      5
Test Summary:                 | Pass  Total
fmpz_rel_series.comparison... |    3      3
Test Summary:                       | Pass  Total
fmpz_rel_series.adhoc_comparison... |    5      5
Test Summary:               | Pass  Total
fmpz_rel_series.powering... |    5      5
Test Summary:            | Pass  Total
fmpz_rel_series.shift... |    6      6
Test Summary:                 | Pass  Total
fmpz_rel_series.truncation... |    5      5
Test Summary:                     | Pass  Total
fmpz_rel_series.exact_division... |    4      4
Test Summary:                           | Pass  Total
fmpz_rel_series.adhoc_exact_division... |    5      5
Test Summary:                | Pass  Total
fmpz_rel_series.inversion... |    2      2
Test Summary:                  | Pass  Total
fmpz_rel_series.square_root... |    1      1
Test Summary:                   | Pass  Total
fmpz_abs_series.constructors... |   10     10
Test Summary:               | Pass  Total
fmpz_abs_series.printing... |    1      1
Test Summary:                   | Pass  Total
fmpz_abs_series.manipulation... |    6      6
Test Summary:                | Pass  Total
fmpz_abs_series.unary_ops... |    2      2
Test Summary:                 | Pass  Total
fmpz_abs_series.binary_ops... |    5      5
Test Summary:                       | Pass  Total
fmpz_abs_series.adhoc_binary_ops... |    5      5
Test Summary:                 | Pass  Total
fmpz_abs_series.comparison... |    3      3
Test Summary:                       | Pass  Total
fmpz_abs_series.adhoc_comparison... |    5      5
Test Summary:               | Pass  Total
fmpz_abs_series.powering... |    5      5
Test Summary:            | Pass  Total
fmpz_abs_series.shift... |    6      6
Test Summary:                 | Pass  Total
fmpz_abs_series.truncation... |    5      5
Test Summary:                     | Pass  Total
fmpz_abs_series.exact_division... |    4      4
Test Summary:                           | Pass  Total
fmpz_abs_series.adhoc_exact_division... |    5      5
Test Summary:                | Pass  Total
fmpz_abs_series.inversion... |    2      2
Test Summary:                  | Pass  Total
fmpz_abs_series.square_root... |    1      1
Test Summary:                       | Pass  Total
fmpz_laurent_series.constructors... |   10     10
Test Summary:               | Pass  Total
fmpz_laurent_series.rand... |    3      3
Test Summary:                       | Pass  Total
fmpz_laurent_series.manipulation... |   16     16
Test Summary:                    | Pass  Total
fmpz_laurent_series.unary_ops... |  600    600
Test Summary:                     | Pass  Total
fmpz_laurent_series.binary_ops... |  800    800
Test Summary:                           | Pass  Total
fmpz_laurent_series.adhoc_binary_ops... | 4000   4000
Test Summary:                     | Pass  Total
fmpz_laurent_series.comparison... | 2000   2000
Test Summary:                           | Pass  Total
fmpz_laurent_series.adhoc_comparison... | 4000   4000
Test Summary:                   | Pass  Total
fmpz_laurent_series.powering... | 1100   1100
Test Summary:                | Pass  Total
fmpz_laurent_series.shift... |  900    900
Test Summary:                     | Pass  Total
fmpz_laurent_series.truncation... |  900    900
Test Summary:                    | Pass  Total
fmpz_laurent_series.inversion... |  300    300
Test Summary:                      | Pass  Total
fmpz_laurent_series.square_root... |  300    300
Test Summary:                         | Pass  Total
fmpz_laurent_series.exact_division... |  300    300
Test Summary:                               | Pass  Total
fmpz_laurent_series.adhoc_exact_division... |  300    300
Test Summary:                            | Pass  Total
fmpz_laurent_series.special_functions... |    1      1
Test Summary:                       | Pass  Total
fmpz_puiseux_series.constructors... |    9      9
Test Summary:               | Pass  Total
fmpz_puiseux_series.rand... |    6      6
Test Summary:                       | Pass  Total
fmpz_puiseux_series.manipulation... |   13     13
Test Summary:                    | Pass  Total
fmpz_puiseux_series.unary_ops... |  600    600
Test Summary:                     | Pass  Total
fmpz_puiseux_series.binary_ops... |  800    800
Test Summary:                           | Pass  Total
fmpz_puiseux_series.adhoc_binary_ops... | 4000   4000
Test Summary:                     | Pass  Total
fmpz_puiseux_series.comparison... | 2000   2000
Test Summary:                           | Pass  Total
fmpz_puiseux_series.adhoc_comparison... | 4000   4000
Test Summary:                   | Pass  Total
fmpz_puiseux_series.powering... | 1100   1100
Test Summary:                    | Pass  Total
fmpz_puiseux_series.inversion... |  300    300
Test Summary:                      | Pass  Total
fmpz_puiseux_series.square_root... |  300    300
Test Summary:                         | Pass  Total
fmpz_puiseux_series.exact_division... |  300    300
Test Summary:                               | Pass  Total
fmpz_puiseux_series.adhoc_exact_division... |  300    300
Test Summary:                            | Pass  Total
fmpz_puiseux_series.special_functions... |    2      2
Test Summary:                   | Pass  Total
fmpq_rel_series.constructors... |   17     17
Test Summary:               | Pass  Total
fmpq_rel_series.printing... |    1      1
Test Summary:                   | Pass  Total
fmpq_rel_series.manipulation... |    6      6
Test Summary:                | Pass  Total
fmpq_rel_series.unary_ops... |    2      2
Test Summary:                 | Pass  Total
fmpq_rel_series.binary_ops... |   62     62
Test Summary:                       | Pass  Total
fmpq_rel_series.adhoc_binary_ops... |   40     40
Test Summary:                 | Pass  Total
fmpq_rel_series.comparison... |    3      3
Test Summary:                       | Pass  Total
fmpq_rel_series.adhoc_comparison... |   30     30
Test Summary:               | Pass  Total
fmpq_rel_series.powering... |    5      5
Test Summary:            | Pass  Total
fmpq_rel_series.shift... |    6      6
Test Summary:                 | Pass  Total
fmpq_rel_series.truncation... |    5      5
Test Summary:                     | Pass  Total
fmpq_rel_series.exact_division... |    4      4
Test Summary:                           | Pass  Total
fmpq_rel_series.adhoc_exact_division... |   25     25
Test Summary:                | Pass  Total
fmpq_rel_series.inversion... |    2      2
Test Summary:              | Pass  Total
fmpq_rel_series.special... |    8      8
Test Summary:                   | Pass  Total
fmpq_abs_series.constructors... |   14     14
Test Summary:               | Pass  Total
fmpq_abs_series.printing... |    1      1
Test Summary:                   | Pass  Total
fmpq_abs_series.manipulation... |    6      6
Test Summary:                | Pass  Total
fmpq_abs_series.unary_ops... |    2      2
Test Summary:                 | Pass  Total
fmpq_abs_series.binary_ops... |    5      5
Test Summary:                       | Pass  Total
fmpq_abs_series.adhoc_binary_ops... |   26     26
Test Summary:                 | Pass  Total
fmpq_abs_series.comparison... |    3      3
Test Summary:                       | Pass  Total
fmpq_abs_series.adhoc_comparison... |   16     16
Test Summary:               | Pass  Total
fmpq_abs_series.powering... |    5      5
Test Summary:            | Pass  Total
fmpq_abs_series.shift... |    6      6
Test Summary:                 | Pass  Total
fmpq_abs_series.truncation... |    5      5
Test Summary:                     | Pass  Total
fmpq_abs_series.exact_division... |    4      4
Test Summary:                           | Pass  Total
fmpq_abs_series.adhoc_exact_division... |    8      8
Test Summary:                | Pass  Total
fmpq_abs_series.inversion... |    2      2
Test Summary:              | Pass  Total
fmpq_abs_series.special... |    8      8
Test Summary:                       | Pass  Total
fmpz_mod_abs_series.constructors... |   10     10
Test Summary:                   | Pass  Total
fmpz_mod_abs_series.printing... |    1      1
Test Summary:                       | Pass  Total
fmpz_mod_abs_series.manipulation... |    6      6
Test Summary:                    | Pass  Total
fmpz_mod_abs_series.unary_ops... |    2      2
Test Summary:                     | Pass  Total
fmpz_mod_abs_series.binary_ops... |    5      5
Test Summary:                           | Pass  Total
fmpz_mod_abs_series.adhoc_binary_ops... |    4      4
Test Summary:                     | Pass  Total
fmpz_mod_abs_series.comparison... |    3      3
Test Summary:                           | Pass  Total
fmpz_mod_abs_series.adhoc_comparison... |    5      5
Test Summary:                   | Pass  Total
fmpz_mod_abs_series.powering... |    5      5
Test Summary:                | Pass  Total
fmpz_mod_abs_series.shift... |    6      6
Test Summary:                     | Pass  Total
fmpz_mod_abs_series.truncation... |    5      5
Test Summary:                         | Pass  Total
fmpz_mod_abs_series.exact_division... |    4      4
Test Summary:                               | Pass  Total
fmpz_mod_abs_series.adhoc_exact_division... |    5      5
Test Summary:                    | Pass  Total
fmpz_mod_abs_series.inversion... |    2      2
Test Summary:                   | Pass  Total
nmod_rel_series.constructors... |   15     15
Test Summary:               | Pass  Total
nmod_rel_series.printing... |    1      1
Test Summary:                   | Pass  Total
nmod_rel_series.manipulation... |   13     13
Test Summary:                | Pass  Total
nmod_rel_series.unary_ops... |    2      2
Test Summary:                 | Pass  Total
nmod_rel_series.binary_ops... |   62     62
Test Summary:                       | Pass  Total
nmod_rel_series.adhoc_binary_ops... |    4      4
Test Summary:                 | Pass  Total
nmod_rel_series.comparison... |    5      5
Test Summary:                       | Pass  Total
nmod_rel_series.adhoc_comparison... |    5      5
Test Summary:               | Pass  Total
nmod_rel_series.powering... |    5      5
Test Summary:            | Pass  Total
nmod_rel_series.shift... |    6      6
Test Summary:                 | Pass  Total
nmod_rel_series.truncation... |    5      5
Test Summary:                | Pass  Total
nmod_rel_series.inversion... |    2      2
Test Summary:                     | Pass  Total
nmod_rel_series.exact_division... |    4      4
Test Summary:                           | Pass  Total
nmod_rel_series.adhoc_exact_division... |    6      6
Test Summary:                        | Pass  Total
nmod_rel_series.special_functions... |    2      2
Test Summary:                       | Pass  Total
fmpz_mod_rel_series.constructors... |   13     13
Test Summary:                   | Pass  Total
fmpz_mod_rel_series.printing... |    1      1
Test Summary:                       | Pass  Total
fmpz_mod_rel_series.manipulation... |   13     13
Test Summary:                    | Pass  Total
fmpz_mod_rel_series.unary_ops... |    2      2
Test Summary:                     | Pass  Total
fmpz_mod_rel_series.binary_ops... |   62     62
Test Summary:                           | Pass  Total
fmpz_mod_rel_series.adhoc_binary_ops... |    4      4
Test Summary:                     | Pass  Total
fmpz_mod_rel_series.comparison... |    5      5
Test Summary:                           | Pass  Total
fmpz_mod_rel_series.adhoc_comparison... |    5      5
Test Summary:                   | Pass  Total
fmpz_mod_rel_series.powering... |    5      5
Test Summary:                | Pass  Total
fmpz_mod_rel_series.shift... |    6      6
Test Summary:                     | Pass  Total
fmpz_mod_rel_series.truncation... |    5      5
Test Summary:                    | Pass  Total
fmpz_mod_rel_series.inversion... |    2      2
Test Summary:                         | Pass  Total
fmpz_mod_rel_series.exact_division... |    4      4
Test Summary:                               | Pass  Total
fmpz_mod_rel_series.adhoc_exact_division... |    6      6
Test Summary:                            | Pass  Total
fmpz_mod_rel_series.special_functions... |    2      2
Test Summary:                 | Pass  Total
fq_rel_series.constructors... |   12     12
Test Summary:             | Pass  Total
fq_rel_series.printing... |    1      1
Test Summary:                 | Pass  Total
fq_rel_series.manipulation... |   13     13
Test Summary:              | Pass  Total
fq_rel_series.unary_ops... |    2      2
Test Summary:               | Pass  Total
fq_rel_series.binary_ops... |   62     62
Test Summary:                     | Pass  Total
fq_rel_series.adhoc_binary_ops... |    4      4
Test Summary:               | Pass  Total
fq_rel_series.comparison... |    5      5
Test Summary:                     | Pass  Total
fq_rel_series.adhoc_comparison... |    5      5
Test Summary:             | Pass  Total
fq_rel_series.powering... |    5      5
Test Summary:          | Pass  Total
fq_rel_series.shift... |    6      6
Test Summary:               | Pass  Total
fq_rel_series.truncation... |    5      5
Test Summary:              | Pass  Total
fq_rel_series.inversion... |    2      2
Test Summary:                   | Pass  Total
fq_rel_series.exact_division... |    4      4
Test Summary:                         | Pass  Total
fq_rel_series.adhoc_exact_division... |    6      6
Test Summary:                      | Pass  Total
fq_rel_series.special_functions... |    2      2
Test Summary:                 | Pass  Total
fq_abs_series.constructors... |   10     10
Test Summary:             | Pass  Total
fq_abs_series.printing... |    1      1
Test Summary:                 | Pass  Total
fq_abs_series.manipulation... |    6      6
Test Summary:              | Pass  Total
fq_abs_series.unary_ops... |    2      2
Test Summary:               | Pass  Total
fq_abs_series.binary_ops... |    5      5
Test Summary:                     | Pass  Total
fq_abs_series.adhoc_binary_ops... |    4      4
Test Summary:               | Pass  Total
fq_abs_series.comparison... |    3      3
Test Summary:                     | Pass  Total
fq_abs_series.adhoc_comparison... |    5      5
Test Summary:             | Pass  Total
fq_abs_series.powering... |    5      5
Test Summary:          | Pass  Total
fq_abs_series.shift... |    6      6
Test Summary:               | Pass  Total
fq_abs_series.truncation... |    5      5
Test Summary:                   | Pass  Total
fq_abs_series.exact_division... |    4      4
Test Summary:                         | Pass  Total
fq_abs_series.adhoc_exact_division... |    5      5
Test Summary:              | Pass  Total
fq_abs_series.inversion... |    2      2
Test Summary:                      | Pass  Total
fq_nmod_rel_series.constructors... |   12     12
Test Summary:                  | Pass  Total
fq_nmod_rel_series.printing... |    1      1
Test Summary:                      | Pass  Total
fq_nmod_rel_series.manipulation... |   13     13
Test Summary:                   | Pass  Total
fq_nmod_rel_series.unary_ops... |    2      2
Test Summary:                    | Pass  Total
fq_nmod_rel_series.binary_ops... |   62     62
Test Summary:                          | Pass  Total
fq_nmod_rel_series.adhoc_binary_ops... |    4      4
Test Summary:                    | Pass  Total
fq_nmod_rel_series.comparison... |    5      5
Test Summary:                          | Pass  Total
fq_nmod_rel_series.adhoc_comparison... |    5      5
Test Summary:                  | Pass  Total
fq_nmod_rel_series.powering... |    5      5
Test Summary:               | Pass  Total
fq_nmod_rel_series.shift... |    6      6
Test Summary:                    | Pass  Total
fq_nmod_rel_series.truncation... |    5      5
Test Summary:                   | Pass  Total
fq_nmod_rel_series.inversion... |    2      2
Test Summary:                        | Pass  Total
fq_nmod_rel_series.exact_division... |    4      4
Test Summary:                              | Pass  Total
fq_nmod_rel_series.adhoc_exact_division... |    6      6
Test Summary:                           | Pass  Total
fq_nmod_rel_series.special_functions... |    2      2
Test Summary:                      | Pass  Total
fq_nmod_abs_series.constructors... |   10     10
Test Summary:                  | Pass  Total
fq_nmod_abs_series.printing... |    1      1
Test Summary:                      | Pass  Total
fq_nmod_abs_series.manipulation... |    6      6
Test Summary:                   | Pass  Total
fq_nmod_abs_series.unary_ops... |    2      2
Test Summary:                    | Pass  Total
fq_nmod_abs_series.binary_ops... |    5      5
Test Summary:                          | Pass  Total
fq_nmod_abs_series.adhoc_binary_ops... |    5      5
Test Summary:                    | Pass  Total
fq_nmod_abs_series.comparison... |    3      3
Test Summary:                          | Pass  Total
fq_nmod_abs_series.adhoc_comparison... |    5      5
Test Summary:                  | Pass  Total
fq_nmod_abs_series.powering... |    5      5
Test Summary:               | Pass  Total
fq_nmod_abs_series.shift... |    6      6
Test Summary:                    | Pass  Total
fq_nmod_abs_series.truncation... |    5      5
Test Summary:                        | Pass  Total
fq_nmod_abs_series.exact_division... |    4      4
Test Summary:                              | Pass  Total
fq_nmod_abs_series.adhoc_exact_division... |    5      5
Test Summary:                   | Pass  Total
fq_nmod_abs_series.inversion... |    2      2
Test Summary:            | Pass  Total
nmod_mat.constructors... |  110    110
Test Summary:       | Pass  Total
nmod_mat.similar... |   36     36
Test Summary:        | Pass  Total
nmod_mat.printing... |    1      1
Test Summary:            | Pass  Total
nmod_mat.manipulation... |   24     24
Test Summary:         | Pass  Total
nmod_mat.unary_ops... |    1      1
Test Summary:          | Pass  Total
nmod_mat.binary_ops... |    4      4
Test Summary:                | Pass  Total
nmod_mat.row_col_swapping... |   12     12
Test Summary:            | Pass  Total
nmod_mat.adhoc_binary... |    9      9
Test Summary:          | Pass  Total
nmod_mat.comparison... |    3      3
Test Summary:                | Pass  Total
nmod_mat.adhoc_comparison... |    6      6
Test Summary:        | Pass  Total
nmod_mat.powering... |    3      3
Test Summary:                | Pass  Total
nmod_mat.row_echelon_form... |    9      9
Test Summary:           | Pass  Total
nmod_mat.howell_form... |    3      3
Test Summary:         | Pass  Total
nmod_mat.trace_det... |    5      5
Test Summary:    | Pass  Total
nmod_mat.rank... |    3      3
Test Summary:   | Pass  Total
nmod_mat.inv... |    3      3
Test Summary:     | Pass  Total
nmod_mat.solve... |    2      2
Test Summary:  | Pass  Total
nmod_mat.lu... |    5      5
Test Summary:         | Pass  Total
nmod_mat.swap_rows... |    4      4
Test Summary:    | Pass  Total
nmod_mat.view... |   18     18
Test Summary:   | Pass  Total
nmod_mat.sub... |    7      7
Test Summary:             | Pass  Total
nmod_mat.concatenation... |    5      5
Test Summary:          | Pass  Total
nmod_mat.conversion... |    4      4
Test Summary:        | Pass  Total
nmod_mat.charpoly... |   60     60
Test Summary:           | Pass  Total
gfp_mat.constructors... |  110    110
Test Summary:      | Pass  Total
gfp_mat.similar... |   36     36
Test Summary:       | Pass  Total
gfp_mat.printing... |    1      1
Test Summary:           | Pass  Total
gfp_mat.manipulation... |   24     24
Test Summary:        | Pass  Total
gfp_mat.unary_ops... |    1      1
Test Summary:         | Pass  Total
gfp_mat.binary_ops... |    4      4
Test Summary:               | Pass  Total
gfp_mat.row_col_swapping... |   12     12
Test Summary:           | Pass  Total
gfp_mat.adhoc_binary... |    9      9
Test Summary:         | Pass  Total
gfp_mat.comparison... |    3      3
Test Summary:               | Pass  Total
gfp_mat.adhoc_comparison... |    6      6
Test Summary:       | Pass  Total
gfp_mat.powering... |    3      3
Test Summary:               | Pass  Total
gfp_mat.row_echelon_form... |    6      6
Test Summary:          | Pass  Total
gfp_mat.howell_form... |    4      4
Test Summary:        | Pass  Total
gfp_mat.trace_det... |    5      5
Test Summary:   | Pass  Total
gfp_mat.rank... |    3      3
Test Summary:  | Pass  Total
gfp_mat.inv... |    3      3
Test Summary:    | Pass  Total
gfp_mat.solve... |    2      2
Test Summary: | Pass  Total
gfp_mat.lu... |    5      5
Test Summary:        | Pass  Total
gfp_mat.swap_rows... |    4      4
Test Summary:   | Pass  Total
gfp_mat.view... |   18     18
Test Summary:  | Pass  Total
gfp_mat.sub... |    7      7
Test Summary:            | Pass  Total
gfp_mat.concatenation... |    5      5
Test Summary:         | Pass  Total
gfp_mat.conversion... |    4      4
Test Summary:       | Pass  Total
gfp_mat.charpoly... |   60     60
Test Summary:          | Pass  Total
fq_mat.constructors... |  110    110
Test Summary:     | Pass  Total
fq_mat.similar... |   36     36
Test Summary:      | Pass  Total
fq_mat.printing... |    1      1
Test Summary:          | Pass  Total
fq_mat.manipulation... |   23     23
Test Summary:       | Pass  Total
fq_mat.unary_ops... |    1      1
Test Summary:        | Pass  Total
fq_mat.binary_ops... |    4      4
Test Summary:              | Pass  Total
fq_mat.row_col_swapping... |   12     12
Test Summary:          | Pass  Total
fq_mat.adhoc_binary... |    9      9
Test Summary:        | Pass  Total
fq_mat.comparison... |    3      3
Test Summary:              | Pass  Total
fq_mat.adhoc_comparison... |    6      6
Test Summary:      | Pass  Total
fq_mat.powering... |    1      1
Test Summary:              | Pass  Total
fq_mat.row_echelon_form... |    6      6
Test Summary:       | Pass  Total
fq_mat.trace_det... |    5      5
Test Summary:  | Pass  Total
fq_mat.rank... |    3      3
Test Summary: | Pass  Total
fq_mat.inv... |    3      3
Test Summary:   | Pass  Total
fq_mat.solve... |    2      2
Test Summary: | Pass  Total
fq_mat.lu...  |    5      5
Test Summary:  | Pass  Total
fq_mat.view... |   11     11
Test Summary: | Pass  Total
fq_mat.sub... |    7      7
Test Summary:           | Pass  Total
fq_mat.concatenation... |    5      5
Test Summary:        | Pass  Total
fq_mat.conversion... |    1      1
Test Summary:      | Pass  Total
fq_mat.charpoly... |  120    120
Test Summary:               | Pass  Total
fq_nmod_mat.constructors... |  110    110
Test Summary:          | Pass  Total
fq_nmod_mat.similar... |   36     36
Test Summary:           | Pass  Total
fq_nmod_mat.printing... |    1      1
Test Summary:               | Pass  Total
fq_nmod_mat.manipulation... |   23     23
Test Summary:            | Pass  Total
fq_nmod_mat.unary_ops... |    1      1
Test Summary:                   | Pass  Total
fq_nmod_mat.row_col_swapping... |   12     12
Test Summary:             | Pass  Total
fq_nmod_mat.binary_ops... |    4      4
Test Summary:               | Pass  Total
fq_nmod_mat.adhoc_binary... |    9      9
Test Summary:             | Pass  Total
fq_nmod_mat.comparison... |    3      3
Test Summary:             | Pass  Total
fq_nmod_mat.comparison... |    6      6
Test Summary:           | Pass  Total
fq_nmod_mat.powering... |    1      1
Test Summary:                   | Pass  Total
fq_nmod_mat.row_echelon_form... |    6      6
Test Summary:            | Pass  Total
fq_nmod_mat.trace_det... |    5      5
Test Summary:       | Pass  Total
fq_nmod_mat.rank... |    3      3
Test Summary:      | Pass  Total
fq_nmod_mat.inv... |    3      3
Test Summary:        | Pass  Total
fq_nmod_mat.solve... |    2      2
Test Summary:     | Pass  Total
fq_nmod_mat.lu... |    5      5
Test Summary:       | Pass  Total
fq_nmod_mat.view... |   11     11
Test Summary:      | Pass  Total
fq_nmod_mat.sub... |    7      7
Test Summary:                | Pass  Total
fq_nmod_mat.concatenation... |    5      5
Test Summary:             | Pass  Total
fq_nmod_mat.conversion... |    1      1
Test Summary:           | Pass  Total
fq_nmod_mat.charpoly... |  120    120
Test Summary:            | Pass  Total
fmpz_mat.constructors... |   50     50
Test Summary:       | Pass  Total
fmpz_mat.similar... |  150    150
Test Summary:    | Pass  Total
fmpz_mat.zero... |  150    150
Test Summary:        | Pass  Total
fmpz_mat.printing... |    1      1
Test Summary:       | Pass  Total
fmpz_mat.convert... |    3      3
Test Summary:            | Pass  Total
fmpz_mat.manipulation... |    6      6
Test Summary:    | Pass  Total
fmpz_mat.view... |    8      8
Test Summary:   | Pass  Total
fmpz_mat.sub... |    7      7
Test Summary:         | Pass  Total
fmpz_mat.unary_ops... |    1      1
Test Summary:          | Pass  Total
fmpz_mat.binary_ops... |    3      3
Test Summary:            | Pass  Total
fmpz_mat.adhoc_binary... |    6      6
Test Summary:                 | Pass  Total
fmpz_mat.kronecker_product... |    2      2
Test Summary:          | Pass  Total
fmpz_mat.comparison... |    2      2
Test Summary:                | Pass  Total
fmpz_mat.adhoc_comparison... |    6      6
Test Summary:        | Pass  Total
fmpz_mat.powering... |    3      3
Test Summary:                    | Pass  Total
fmpz_mat.adhoc_exact_division... |    2      2
Test Summary:    | Pass  Total
fmpz_mat.gram... |    1      1
Test Summary:     | Pass  Total
fmpz_mat.trace... |    1      1
Test Summary:       | Pass  Total
fmpz_mat.content... |    1      1
Test Summary:         | Pass  Total
fmpz_mat.transpose... |    2      2
Test Summary:                | Pass  Total
fmpz_mat.row_col_swapping... |   12     12
Test Summary:       | Pass  Total
fmpz_mat.scaling... |    3      3
Test Summary:         | Pass  Total
fmpz_mat.inversion... |    3      3
Test Summary:                | Pass  Total
fmpz_mat.pseudo_inversion... |    2      2
Test Summary:              | Pass  Total
fmpz_mat.exact_division... |    1      1
Test Summary:                 | Pass  Total
fmpz_mat.modular_reduction... |    2      2
Test Summary:   | Pass  Total
fmpz_mat.det... |    4      4
Test Summary:        | Pass  Total
fmpz_mat.hadamard... |    1      1
Test Summary:   | Pass  Total
fmpz_mat.hnf... |    5      5
Test Summary:   | Pass  Total
fmpz_mat.lll... |    8      8
Test Summary:         | Pass  Total
fmpz_mat.nullspace... |    2      2
Test Summary:    | Pass  Total
fmpz_mat.rank... |    1      1
Test Summary:    | Pass  Total
fmpz_mat.rref... |    2      2
Test Summary:   | Pass  Total
fmpz_mat.snf... |    3      3
Test Summary:              | Pass  Total
fmpz_mat.solve_rational... |    4      4
Test Summary:     | Pass  Total
fmpz_mat.solve... |    2      2
Test Summary:      | Pass  Total
fmpz_mat.concat... |    2      2
Test Summary:            | Pass  Total
fmpq_mat.constructors... |   77     77
Test Summary:       | Pass  Total
fmpq_mat.similar... |   36     36
Test Summary:        | Pass  Total
fmpq_mat.printing... |    1      1
Test Summary:            | Pass  Total
fmpq_mat.manipulation... |   10     10
Test Summary:    | Pass  Total
fmpq_mat.view... |    8      8
Test Summary:   | Pass  Total
fmpq_mat.sub... |    7      7
Test Summary:         | Pass  Total
fmpq_mat.unary_ops... |    1      1
Test Summary:          | Pass  Total
fmpq_mat.binary_ops... |    3      3
Test Summary:            | Pass  Total
fmpq_mat.adhoc_binary... |   18     18
Test Summary:                 | Pass  Total
fmpq_mat.kronecker_product... |    2      2
Test Summary:          | Pass  Total
fmpq_mat.comparison... |    2      2
Test Summary:                | Pass  Total
fmpq_mat.adhoc_comparison... |   14     14
Test Summary:        | Pass  Total
fmpq_mat.powering... |    2      2
Test Summary:                    | Pass  Total
fmpq_mat.adhoc_exact_division... |    6      6
Test Summary:   | Pass  Total
fmpq_mat.gso... |    1      1
Test Summary:     | Pass  Total
fmpq_mat.trace... |    1      1
Test Summary:         | Pass  Total
fmpq_mat.transpose... |    2      2
Test Summary:                | Pass  Total
fmpq_mat.row_col_swapping... |   12     12
Test Summary:         | Pass  Total
fmpq_mat.inversion... |    5      5
Test Summary:              | Pass  Total
fmpq_mat.exact_division... |    1      1
Test Summary:   | Pass  Total
fmpq_mat.det... |    1      1
Test Summary:       | Pass  Total
fmpq_mat.hilbert... |    1      1
Test Summary:         | Pass  Total
fmpq_mat.nullspace... |    2      2
Test Summary:    | Pass  Total
fmpq_mat.rank... |    1      1
Test Summary:    | Pass  Total
fmpq_mat.rref... |    1      1
Test Summary:     | Pass  Total
fmpq_mat.solve... |    3      3
Test Summary:      | Pass  Total
fmpq_mat.concat... |    2      2
Test Summary:        | Pass  Total
fmpq_mat.charpoly... |    1      1
Test Summary:       | Pass  Total
fmpq_mat.minpoly... |    1      1
Test Summary:            | Pass  Total
arb_poly.constructors... |   18     18
Test Summary:        | Pass  Total
arb_poly.printing... |    1      1
Test Summary:            | Pass  Total
arb_poly.manipulation... |    9      9
Test Summary:          | Pass  Total
arb_poly.binary_ops... |    3      3
Test Summary:            | Pass  Total
arb_poly.adhoc_binary... |   63     63
Test Summary:          | Pass  Total
arb_poly.comparison... |   23     23
Test Summary:                | Pass  Total
arb_poly.adhoc_comparison... |    8      8
Test Summary:         | Pass  Total
arb_poly.unary_ops... |    1      1
Test Summary:          | Pass  Total
arb_poly.truncation... |    4      4
Test Summary:       |
arb_poly.reverse... | No tests
Test Summary:     | Pass  Total
arb_poly.shift... |    4      4
Test Summary:        | Pass  Total
arb_poly.powering... |    2      2
Test Summary:              | Pass  Total
arb_poly.exact_division... |    1      1
Test Summary:               | Pass  Total
arb_poly_scalar_division... |    5      5
Test Summary:          | Pass  Total
arb_poly.evaluation... |   10     10
Test Summary:           | Pass  Total
arb_poly.composition... |    1      1
Test Summary:                   | Pass  Total
arb_poly.derivative_integral... |    2      2
Test Summary:                        | Pass  Total
arb_poly.evaluation_interpolation... |   31     31
Test Summary:          | Pass  Total
arb_poly.root_bound... |    2      2
Test Summary:            | Pass  Total
acb_poly.constructors... |   17     17
Test Summary:        | Pass  Total
acb_poly.printing... |    1      1
Test Summary:            | Pass  Total
acb_poly.manipulation... |    9      9
Test Summary:          | Pass  Total
acb_poly.binary_ops... |    3      3
Test Summary:            | Pass  Total
acb_poly.adhoc_binary... |   72     72
Test Summary:          | Pass  Total
acb_poly.comparison... |   23     23
Test Summary:                | Pass  Total
acb_poly.adhoc_comparison... |    9      9
Test Summary:         | Pass  Total
acb_poly.unary_ops... |    1      1
Test Summary:          | Pass  Total
acb_poly.truncation... |    4      4
Test Summary:       |
acb_poly.reverse... | No tests
Test Summary:     | Pass  Total
acb_poly.shift... |    4      4
Test Summary:        | Pass  Total
acb_poly.powering... |    2      2
Test Summary:              | Pass  Total
acb_poly.exact_division... |    1      1
Test Summary:               | Pass  Total
acb_poly.scalar_division... |    5      5
Test Summary:          | Pass  Total
acb_poly.evaluation... |   10     10
Test Summary:     | Pass  Total
acb_poly.roots... |    3      3
Test Summary:           | Pass  Total
acb_poly.composition... |    1      1
Test Summary:                   | Pass  Total
acb_poly.derivative_integral... |    2      2
Test Summary:                        | Pass  Total
acb_poly.evaluation_interpolation... |   31     31
Test Summary:          | Pass  Total
acb_poly.root_bound... |    2      2
Test Summary:           | Pass  Total
arb_mat.constructors... |  127    127
Test Summary:      | Pass  Total
arb_mat.similar... |   36     36
Test Summary:       | Pass  Total
arb_mat.printing... |    1      1
Test Summary:           | Pass  Total
arb_mat.manipulation... |   13     13
Test Summary:        | Pass  Total
arb_mat.unary_ops... |    1      1
Test Summary:        | Pass  Total
arb_mat.transpose... |    2      2
Test Summary:         | Pass  Total
arb_mat.binary_ops... |    3      3
Test Summary:           | Pass  Total
arb_mat.adhoc_binary... |   18     18
Test Summary:       | Pass  Total
arb_mat.shifting... |    2      2
Test Summary:         | Pass  Total
arb_mat.comparison... |    5      5
Test Summary:               | Pass  Total
arb_mat.adhoc_comparison... |    8      8
Test Summary:        | Pass  Total
arb_mat.inversion... |    2      2
Test Summary:       | Pass  Total
arb_mat.divexact... |    2      2
Test Summary:             | Pass  Total
arb_mat.adhoc_divexact... |    3      3
Test Summary:       | Pass  Total
arb_mat.charpoly... |    1      1
Test Summary:  | Pass  Total
arb_mat.det... |    1      1
Test Summary:  | Pass  Total
arb_mat.exp... |    1      1
Test Summary:             | Pass  Total
arb_mat.linear_solving... |    6      6
Test Summary:             | Pass  Total
arb_mat.bound_inf_norm... |    9      9
Test Summary:           | Pass  Total
acb_mat.constructors... |  147    147
Test Summary:      | Pass  Total
acb_mat.similar... |   36     36
Test Summary:       | Pass  Total
acb_mat.printing... |    1      1
Test Summary:           | Pass  Total
acb_mat.manipulation... |    6      6
Test Summary:        | Pass  Total
acb_mat.unary_ops... |    1      1
Test Summary:        | Pass  Total
acb_mat.transpose... |    2      2
Test Summary:         | Pass  Total
acb_mat.binary_ops... |    3      3
Test Summary:           | Pass  Total
acb_mat.adhoc_binary... |   24     24
Test Summary:       | Pass  Total
acb_mat.shifting... |    2      2
Test Summary:         | Pass  Total
acb_mat.comparison... |    5      5
Test Summary:               | Pass  Total
acb_mat.adhoc_comparison... |    8      8
Test Summary:         | Pass  Total
acb_mat.predicates... |    2      2
Test Summary:        | Pass  Total
acb_mat.inversion... |    2      2
Test Summary:       | Pass  Total
acb_mat.divexact... |    2      2
Test Summary:             | Pass  Total
acb_mat.adhoc_divexact... |    6      6
Test Summary:       | Pass  Total
acb_mat.charpoly... |    1      1
Test Summary:  | Pass  Total
acb_mat.det... |    1      1
Test Summary:  | Pass  Total
acb_mat.exp... |    1      1
Test Summary:             | Pass  Total
acb_mat.linear_solving... |    6      6
Test Summary:             | Pass  Total
acb_mat.bound_inf_norm... |    9      9
Test Summary:      | Pass  Total
acb_mat.eigvals... |   15     15
Test Summary:              | Pass  Total
fmpz_mpoly.constructors... |  450    450
Test Summary:              | Pass  Total
fmpz_mpoly.manipulation... |  831    831
Test Summary:                    | Pass  Total
fmpz_mpoly.multivariate_coeff... |   18     18
Test Summary:           | Pass  Total
fmpz_mpoly.unary_ops... |  100    100
Test Summary:            | Pass  Total
fmpz_mpoly.binary_ops... |  500    500
Test Summary:              |  Pass  Total
fmpz_mpoly.adhoc_binary... | 12000  12000
Test Summary:                  | Pass  Total
fmpz_mpoly.adhoc_comparison... | 6000   6000
Test Summary:          | Pass  Total
fmpz_mpoly.powering... |  300    300
Test Summary:         | Pass  Total
fmpz_mpoly.divides... |  185    185
Test Summary:                    | Pass  Total
fmpz_mpoly.euclidean_division... |  600    600
Test Summary:                 | Pass  Total
fmpz_mpoly.ideal_reduction... |  300    300
Test Summary:     | Pass  Total
fmpz_mpoly.gcd... |   54     54
Test Summary:            | Pass  Total
fmpz_mpoly.evaluation... | 6001   6001
Test Summary:           | Pass  Total
fmpz_mpoly.valuation... | 5000   5000
Test Summary:            | Pass  Total
fmpz_mpoly.derivative... | 5500   5500
Test Summary:                    | Pass  Total
fmpz_mpoly.combine_like_terms... |  200    200
Test Summary:           | Pass  Total
fmpz_mpoly.exponents... | 1462   1462
Test Summary:              | Pass  Total
fmpq_mpoly.constructors... |  450    450
Test Summary:              | Pass  Total
fmpq_mpoly.manipulation... |  811    811
Test Summary:                    | Pass  Total
fmpq_mpoly.multivariate_coeff... |   18     18
Test Summary:           | Pass  Total
fmpq_mpoly.unary_ops... |  100    100
Test Summary:            | Pass  Total
fmpq_mpoly.binary_ops... |  500    500
Test Summary:              |  Pass  Total
fmpq_mpoly.adhoc_binary... | 16000  16000
Test Summary:                  |  Pass  Total
fmpq_mpoly.adhoc_comparison... | 10000  10000
Test Summary:          | Pass  Total
fmpq_mpoly.powering... |  300    300
Test Summary:         | Pass  Total
fmpq_mpoly.divides... |  185    185
Test Summary:                    | Pass  Total
fmpq_mpoly.euclidean_division... |  600    600
Test Summary:                 | Pass  Total
fmpq_mpoly.ideal_reduction... |  300    300
Test Summary:     | Pass  Total
fmpq_mpoly.gcd... |   62     62
Test Summary:            | Pass  Total
fmpq_mpoly.evaluation... | 6001   6001
Test Summary:           | Pass  Total
fmpq_mpoly.valuation... | 5000   5000
Test Summary:                     |  Pass  Total
fmpq_mpoly.derivative_integral... | 11000  11000
Test Summary:                    | Pass  Total
fmpq_mpoly.combine_like_terms... |  200    200
Test Summary:           | Pass  Total
fmpq_mpoly.exponents... | 1470   1470
Test Summary:              | Pass  Total
nmod_mpoly.constructors... |  450    450
Test Summary:              | Pass  Total
nmod_mpoly.manipulation... |  785    785
Test Summary:                    | Pass  Total
nmod_mpoly.multivariate_coeff... |   18     18
Test Summary:           | Pass  Total
nmod_mpoly.unary_ops... |  100    100
Test Summary:            | Pass  Total
nmod_mpoly.binary_ops... |  500    500
Test Summary:              |  Pass  Total
nmod_mpoly.adhoc_binary... | 12000  12000
Test Summary:                  | Pass  Total
nmod_mpoly.adhoc_comparison... | 6000   6000
Test Summary:          | Pass  Total
nmod_mpoly.powering... |  300    300
Test Summary:         | Pass  Total
nmod_mpoly.divides... |  176    176
Test Summary:                    | Pass  Total
nmod_mpoly.euclidean_division... |  600    600
Test Summary:                 | Pass  Total
nmod_mpoly.ideal_reduction... |  300    300
Test Summary:     | Pass  Total
nmod_mpoly.gcd... |   60     60
Test Summary:            | Pass  Total
nmod_mpoly.evaluation... | 6001   6001
Test Summary:           | Pass  Total
nmod_mpoly.valuation... | 5000   5000
Test Summary:            | Pass  Total
nmod_mpoly.derivative... | 5500   5500
Test Summary:                    | Pass  Total
nmod_mpoly.combine_like_terms... |  200    200
Test Summary:           | Pass  Total
nmod_mpoly.exponents... | 1509   1509
Test Summary:        | Pass  Total
fmpq.constructors... |   21     21
Test Summary:    | Pass  Total
fmpq.printing... |    1      1
Test Summary:       | Pass  Total
fmpq.conversions... |    2      2
Test Summary:        | Pass  Total
fmpq.manipulation... |   10     10
Test Summary:     | Pass  Total
fmpq.unary_ops... |    1      1
Test Summary:      | Pass  Total
fmpq.binary_ops... |    3      3
Test Summary:        | Pass  Total
fmpq.adhoc_binary... |   26     26
Test Summary:      | Pass  Total
fmpq.comparison... |    6      6
Test Summary:            | Pass  Total
fmpq.adhoc_comparison... |   27     27
Test Summary:    | Pass  Total
fmpq.shifting... |    2      2
Test Summary:    | Pass  Total
fmpq.powering... |    1      1
Test Summary:     | Pass  Total
fmpq.inversion... |    2      2
Test Summary:          | Pass  Total
fmpq.exact_division... |    1      1
Test Summary:                | Pass  Total
fmpq.adhoc_exact_division... |    8      8
Test Summary:              | Pass  Total
fmpq.modular_arithmetic... |    2      2
Test Summary: | Pass  Total
fmpq.gcd...   |    1      1
Test Summary:       | Pass  Total
fmpq.square_root... |    2      2
Test Summary:                   | Pass  Total
fmpq.rational_reconstruction... |    4      4
Test Summary:                | Pass  Total
fmpq.rational_enumeration... |    6      6
Test Summary:             | Pass  Total
fmpq.special_functions... |    6      6
Test Summary:                  | Pass  Total
fmpq.adhoc_remove_valuation... |    2      2
Test Summary:       | Pass  Total
gfp.constructors... |  421    421
Test Summary: | Pass  Total
gfp.rand...   |    6      6
Test Summary:   | Pass  Total
gfp.printing... |    2      2
Test Summary:       | Pass  Total
gfp.manipulation... |    6      6
Test Summary:    | Pass  Total
gfp.unary_ops... | 4100   4100
Test Summary:     |  Pass  Total
gfp.binary_ops... | 31200  31200
Test Summary:       |  Pass  Total
gfp.adhoc_binary... | 36000  36000
Test Summary:   |   Pass   Total
gfp.powering... | 147000  147000
Test Summary:     |  Pass  Total
gfp.comparison... | 12300  12300
Test Summary:           |  Pass  Total
gfp.adhoc_comparison... | 12400  12400
Test Summary:    | Pass  Total
gfp.inversion... | 7400   7400
Test Summary:         | Pass  Total
gfp.exact_division... | 3800   3800
Test Summary:      | Pass  Total
fq.constructors... |   13     13
Test Summary:  | Pass  Total
fq.printing... |    1      1
Test Summary:      | Pass  Total
fq.manipulation... |   10     10
Test Summary:   | Pass  Total
fq.unary_ops... |    1      1
Test Summary:    | Pass  Total
fq.binary_ops... |    3      3
Test Summary:      | Pass  Total
fq.adhoc_binary... |    6      6
Test Summary:  | Pass  Total
fq.powering... |    2      2
Test Summary:    | Pass  Total
fq.comparison... |    3      3
Test Summary:   | Pass  Total
fq.inversion... |    2      2
Test Summary:        | Pass  Total
fq.exact_division... |    2      2
Test Summary: | Pass  Total
fq.gcd...     |    2      2
Test Summary:           | Pass  Total
fq.special_functions... |    5      5
Test Summary: | Pass  Total
fq.rand...    |    3      3
Test Summary:           | Pass  Total
fq_nmod.constructors... |   13     13
Test Summary:       | Pass  Total
fq_nmod.printing... |    1      1
Test Summary:           | Pass  Total
fq_nmod.manipulation... |   10     10
Test Summary:        | Pass  Total
fq_nmod.unary_ops... |    1      1
Test Summary:         | Pass  Total
fq_nmod.binary_ops... |    3      3
Test Summary:           | Pass  Total
fq_nmod.adhoc_binary... |    6      6
Test Summary:       | Pass  Total
fq_nmod.powering... |    2      2
Test Summary:         | Pass  Total
fq_nmod.comparison... |    3      3
Test Summary:        | Pass  Total
fq_nmod.inversion... |    2      2
Test Summary:             | Pass  Total
fq_nmod.exact_division... |    2      2
Test Summary:  | Pass  Total
fq_nmod.gcd... |    2      2
Test Summary:                | Pass  Total
fq_nmod.special_functions... |    5      5
Test Summary:         | Pass  Total
padic.constructors... |   15     15
Test Summary:     | Pass  Total
padic.printing... |    6      6
Test Summary:         | Pass  Total
padic.manipulation... |    7      7
Test Summary:      | Pass  Total
padic.unary_ops... |    2      2
Test Summary:       | Pass  Total
padic.binary_ops... |    5      5
Test Summary:         | Pass  Total
padic.adhoc_binary... |   10     10
Test Summary:       | Pass  Total
padic.comparison... |    4      4
Test Summary:             | Pass  Total
padic.adhoc_comparison... |    5      5
Test Summary:     | Pass  Total
padic.powering... |    3      3
Test Summary:      | Pass  Total
padic.inversion... |    5      5
Test Summary:           | Pass  Total
padic.exact_division... |    4      4
Test Summary:                 | Pass  Total
padic.adhoc_exact_division... |    6      6
Test Summary:    | Pass  Total
padic.divides... |    2      2
Test Summary:      | Pass  Total
padic.adhoc_gcd... |    2      2
Test Summary:        | Pass  Total
padic.square_root... |    4      4
Test Summary:              | Pass  Total
padic.special_functions... |    8      8
Test Summary:         | Pass  Total
qadic.constructors... |   16     16
Test Summary:     | Pass  Total
qadic.printing... |    1      1
Test Summary:         | Pass  Total
qadic.manipulation... |    6      6
Test Summary:      | Pass  Total
qadic.unary_ops... |    2      2
Test Summary:       | Pass  Total
qadic.binary_ops... |    5      5
Test Summary:         | Pass  Total
qadic.adhoc_binary... |   10     10
Test Summary:       | Pass  Total
qadic.comparison... |    4      4
Test Summary:             | Pass  Total
qadic.adhoc_comparison... |    5      5
Test Summary:     | Pass  Total
qadic.powering... |    3      3
Test Summary:      | Pass  Total
qadic.inversion... |    5      5
Test Summary:           | Pass  Total
qadic.exact_division... |    4      4
Test Summary:                 | Pass  Total
qadic.adhoc_exact_division... |    6      6
Test Summary:    | Pass  Total
qadic.divides... |    2      2
Test Summary:      | Pass  Total
qadic.adhoc_gcd... |    2      2
Test Summary:        | Pass  Total
qadic.square_root... |    4      4
Test Summary:              | Pass  Total
qadic.special_functions... |    5      5
Test Summary:        | Pass  Total
nf_elem.accessors... |    1      1
Test Summary:           | Pass  Total
nf_elem.constructors... |   11     11
Test Summary:   | Pass  Total
nf_elem.rand... |    3      3
Test Summary:       | Pass  Total
nf_elem.printing... |    1      1
Test Summary:                   | Pass  Total
nf_elem.fmpz_mat_conversions... |    3      3
Test Summary:                   | Pass  Total
nf_elem.fmpq_poly_conversion... |    3      3
Test Summary:          | Pass  Total
nf_elem.denominator... |    1      1
Test Summary:          | Pass  Total
nf_elem.conversions... |    1      1
Test Summary:           | Pass  Total
nf_elem.manipulation... |   15     15
Test Summary:        | Pass  Total
nf_elem.unary_ops... |    1      1
Test Summary:         | Pass  Total
nf_elem.binary_ops... |    3      3
Test Summary:           | Pass  Total
nf_elem.adhoc_binary... |    9      9
Test Summary:       | Pass  Total
nf_elem.powering... |    3      3
Test Summary:         | Pass  Total
nf_elem.comparison... |    2      2
Test Summary:               | Pass  Total
nf_elem.adhoc_comparison... |   32     32
Test Summary:        | Pass  Total
nf_elem.inversion... |    1      1
Test Summary:             | Pass  Total
nf_elem.exact_division... |    1      1
Test Summary:                   | Pass  Total
nf_elem.adhoc_exact_division... |    3      3
Test Summary:      | Pass  Total
nf_elem.divides... |    2      2
Test Summary:         | Pass  Total
nf_elem.norm_trace... |    2      2
Test Summary:                    | Pass  Total
nf_elem.representation_matrix... | 4005   4005
Test Summary:          | Pass  Total
nf_elem.Polynomials... |    3      3
Test Summary:       | Pass  Total
arb.constructors... |    6      6
Test Summary:   | Pass  Total
arb.printing... |    1      1
Test Summary:    | Pass  Total
arb.basic_ops... |   18     18
Test Summary:     | Pass  Total
arb.comparison... |   44     44
Test Summary:           | Pass  Total
arb.adhoc_comparison... |  112    112
Test Summary:     | Pass  Total
arb.predicates... |   25     25
Test Summary: | Pass  Total
arb.parts...  |    4      4
Test Summary:    | Pass  Total
arb.unary_ops... |    4      4
Test Summary:     | Pass  Total
arb.binary_ops... |   77     77
Test Summary:   | Pass  Total
arb.misc_ops... |   11     11
Test Summary:     | Pass  Total
arb.unsafe_ops... |    4      4
Test Summary:    | Pass  Total
arb.constants... |    8      8
Test Summary:    | Pass  Total
arb.functions... |  104    104
Test Summary:                 | Pass  Total
fmpq.arb_special_functions... |    3      3
Test Summary: | Pass  Total
arb.lindep... |    1      1
Test Summary:       | Pass  Total
acb.constructors... |    6      6
Test Summary:   | Pass  Total
acb.printing... |    1      1
Test Summary:    | Pass  Total
acb.basic_ops... |   25     25
Test Summary:     | Pass  Total
acb.comparison... |   19     19
Test Summary:     | Pass  Total
acb.predicates... |   14     14
Test Summary:    | Pass  Total
acb.unary_ops... |    4      4
Test Summary:     | Pass  Total
acb.binary_ops... |   85     85
Test Summary:   | Pass  Total
acb.misc_ops... |   10     10
Test Summary:     | Pass  Total
acb.unsafe_ops... |    4      4
Test Summary:    | Pass  Total
acb.constants... |    1      1
Test Summary:    | Pass  Total
acb.functions... |   79     79
Test Summary: | Pass  Total
acb.lindep... |    4      4
Test Summary:      | Pass  Total
acb.integration... |    9      9
Test Summary:                        | Pass  Total
Poly.binary_ops_delayed_reduction... |  300    300
Test Summary:                        | Pass  Total
Poly.truncation_delayed_reduction... |  300    300
Test Summary:                         | Pass  Total
MPoly.binary_ops_delayed_reduction... |  400    400
Test Summary:                       | Pass  Total
MPoly.powering_delayed_reduction... |  100    100
Test Summary:                      | Pass  Total
MPoly.divides_delayed_reduction... |  381    381
Test Summary:                                 | Pass  Total
MPoly.euclidean_division_delayed_reduction... |  600    600
Test Summary:                          | Pass  Total
Matrix.binary_ops_delayed_reduction... |   20     20
Test Summary:                  | Pass  Total
Matrix.lu_delayed_reduction... |   20     20
Test Summary:                    | Pass  Total
Matrix.fflu_delayed_reduction... |   20     20
Test Summary:                       | Pass  Total
Matrix.minpoly_delayed_reduction... |    1      1
Test Summary:                          | Pass  Total
Matrix.solve_fflu_delayed_reduction... |    6      6
Test Summary:                        | Pass  Total
Matrix.solve_lu_delayed_reduction... |    6      6
Test Summary:                          | Pass  Total
Matrix.solve_triu_delayed_reduction... |   11     11
Test Summary:                        | Pass  Total
Matrix.charpoly_delayed_reduction... |  120    120
Test Summary:                   | Pass  Total
Matrix.hnf_delayed_reduction... |   90     90
Test Summary:                   | Pass  Total
Matrix.snf_delayed_reduction... |   40     40
Test Summary:        | Pass  Total
Benchmark.fateman... |    1      1
Test Summary:       | Pass  Total
Benchmark.pearce... |    1      1
Test Summary:          | Pass  Total
Benchmark.resultant... |    1      1
Test Summary:             | Pass  Total
Benchmark.poly_nf_elem... |    1      1
   Testing Nemo tests passed 
