 Resolving package versions...
 Installed StatProfilerHTML ─ v0.5.0
  Updating `~/.julia/environments/v1.0/Project.toml`
  [a8a75453] + StatProfilerHTML v0.5.0
  Updating `~/.julia/environments/v1.0/Manifest.toml`
  [a8a75453] + StatProfilerHTML v0.5.0
  [2a0f44e3] + Base64 
  [8ba89e20] + Distributed 
  [b77e0a4c] + InteractiveUtils 
  [8f399da3] + Libdl 
  [37e2e46d] + LinearAlgebra 
  [56ddb016] + Logging 
  [d6f4376e] + Markdown 
  [de0858da] + Printf 
  [9abbd945] + Profile 
  [9a3f8284] + Random 
  [9e88b42a] + Serialization 
  [6462fe0b] + Sockets 
  [8dfed614] + Test 
  [4ec0a83e] + Unicode 
   Testing StatProfilerHTML
    Status `/tmp/tmpPYLJRV/Manifest.toml`
  [a8a75453] StatProfilerHTML v0.5.0
  [2a0f44e3] Base64  [`@stdlib/Base64`]
  [8ba89e20] Distributed  [`@stdlib/Distributed`]
  [b77e0a4c] InteractiveUtils  [`@stdlib/InteractiveUtils`]
  [8f399da3] Libdl  [`@stdlib/Libdl`]
  [37e2e46d] LinearAlgebra  [`@stdlib/LinearAlgebra`]
  [56ddb016] Logging  [`@stdlib/Logging`]
  [d6f4376e] Markdown  [`@stdlib/Markdown`]
  [de0858da] Printf  [`@stdlib/Printf`]
  [9abbd945] Profile  [`@stdlib/Profile`]
  [9a3f8284] Random  [`@stdlib/Random`]
  [9e88b42a] Serialization  [`@stdlib/Serialization`]
  [6462fe0b] Sockets  [`@stdlib/Sockets`]
  [8dfed614] Test  [`@stdlib/Test`]
  [4ec0a83e] Unicode  [`@stdlib/Unicode`]
Unable to find reverse file for '/buildworker/worker/package_linux64/build/usr/share/julia/stdlib/v1.0/Test/src/Test.jl'
Unable to find reverse file for '/buildworker/worker/package_linux64/build/usr/share/julia/stdlib/v1.0/Profile/src/Profile.jl'
[ Info: Wrote profiling output to file:///tmp/tmplNbwiv/statprof/index.html .
Test Summary:   | Pass  Total
StatPofilerHTML |    1      1
Unable to find reverse file for '/buildworker/worker/package_linux64/build/src/gf.c'
Unable to find reverse file for '/buildworker/worker/package_linux64/build/ui/repl.c'
Unable to find reverse file for '/buildworker/worker/package_linux64/build/src/builtins.c'
Unable to find reverse file for '/buildworker/worker/package_linux64/build/ui/../src/julia.h'
Unable to find reverse file for '/buildworker/worker/package_linux64/build/src/interpreter.c'
Unable to find reverse file for '/buildworker/worker/package_linux64/build/src/ast.c'
Unable to find reverse file for '/buildworker/worker/package_linux64/build/usr/share/julia/stdlib/v1.0/Test/src/Test.jl'
Unable to find reverse file for '/buildworker/worker/package_linux64/build/src/toplevel.c'
Unable to find reverse file for '/buildworker/worker/package_linux64/build/usr/share/julia/stdlib/v1.0/Profile/src/Profile.jl'
Unable to find reverse file for '/buildworker/worker/package_linux64/build/src/rtutils.c'
[ Info: Wrote profiling output to file:///tmp/tmpXFr7A1/statprof/index.html .
Test Summary: | Pass  Total
C functions   |    1      1
Unable to find reverse file for '/buildworker/worker/package_linux64/build/usr/share/julia/stdlib/v1.0/Test/src/Test.jl'
Unable to find reverse file for '/buildworker/worker/package_linux64/build/usr/share/julia/stdlib/v1.0/Profile/src/Profile.jl'
[ Info: Wrote profiling output to file:///tmp/tmp9T9MeE/statprof/index.html .
Test Summary: | Pass  Total
@profilehtml  |    1      1
   Testing StatProfilerHTML tests passed 
