 Resolving package versions...
 Installed TERMIOS ─ v0.1.1
  Updating `~/.julia/environments/v1.0/Project.toml`
  [10233e3b] + TERMIOS v0.1.1
  Updating `~/.julia/environments/v1.0/Manifest.toml`
  [10233e3b] + TERMIOS v0.1.1
   Testing TERMIOS
 Resolving package versions...
    Status `/tmp/tmp93wbn9/Manifest.toml`
  [10233e3b] TERMIOS v0.1.1
  [2a0f44e3] Base64  [`@stdlib/Base64`]
  [8ba89e20] Distributed  [`@stdlib/Distributed`]
  [b77e0a4c] InteractiveUtils  [`@stdlib/InteractiveUtils`]
  [8f399da3] Libdl  [`@stdlib/Libdl`]
  [37e2e46d] LinearAlgebra  [`@stdlib/LinearAlgebra`]
  [56ddb016] Logging  [`@stdlib/Logging`]
  [d6f4376e] Markdown  [`@stdlib/Markdown`]
  [9a3f8284] Random  [`@stdlib/Random`]
  [9e88b42a] Serialization  [`@stdlib/Serialization`]
  [6462fe0b] Sockets  [`@stdlib/Sockets`]
  [8dfed614] Test  [`@stdlib/Test`]
termios.jl stdout: Error During Test at /root/.julia/packages/TERMIOS/Vgos5/test/runtests.jl:13
  Got exception outside of a @test
  TERMIOSError: tcgetattr failed: Inappropriate ioctl for device
  Stacktrace:
   [1] tcgetattr(::RawFD, ::TERMIOS.termios) at /root/.julia/packages/TERMIOS/Vgos5/src/TERMIOS.jl:506
   [2] tcgetattr(::Base.PipeEndpoint, ::TERMIOS.termios) at /root/.julia/packages/TERMIOS/Vgos5/src/TERMIOS.jl:508
   [3] macro expansion at /root/.julia/packages/TERMIOS/Vgos5/test/runtests.jl:16 [inlined]
   [4] macro expansion at /buildworker/worker/package_linux64/build/usr/share/julia/stdlib/v1.0/Test/src/Test.jl:1083 [inlined]
   [5] macro expansion at /root/.julia/packages/TERMIOS/Vgos5/test/runtests.jl:15 [inlined]
   [6] macro expansion at /buildworker/worker/package_linux64/build/usr/share/julia/stdlib/v1.0/Test/src/Test.jl:1083 [inlined]
   [7] top-level scope at /root/.julia/packages/TERMIOS/Vgos5/test/runtests.jl:13
   [8] include at ./boot.jl:317 [inlined]
   [9] include_relative(::Module, ::String) at ./loading.jl:1044
   [10] include(::Module, ::String) at ./sysimg.jl:29
   [11] include(::String) at ./client.jl:392
   [12] top-level scope at none:0
   [13] eval(::Module, ::Any) at ./boot.jl:319
   [14] exec_options(::Base.JLOptions) at ./client.jl:243
   [15] _start() at ./client.jl:425
termios.jl stdin: Error During Test at /root/.julia/packages/TERMIOS/Vgos5/test/runtests.jl:54
  Got exception outside of a @test
  MethodError: no method matching tcgetattr(::IOStream, ::TERMIOS.termios)
  Closest candidates are:
    tcgetattr(!Matched::RawFD, ::TERMIOS.termios) at /root/.julia/packages/TERMIOS/Vgos5/src/TERMIOS.jl:505
    tcgetattr(!Matched::Base.LibuvStream, ::Any) at /root/.julia/packages/TERMIOS/Vgos5/src/TERMIOS.jl:508
    tcgetattr(!Matched::Int64, ::Any) at /root/.julia/packages/TERMIOS/Vgos5/src/TERMIOS.jl:509
  Stacktrace:
   [1] macro expansion at /root/.julia/packages/TERMIOS/Vgos5/test/runtests.jl:57 [inlined]
   [2] macro expansion at /buildworker/worker/package_linux64/build/usr/share/julia/stdlib/v1.0/Test/src/Test.jl:1083 [inlined]
   [3] macro expansion at /root/.julia/packages/TERMIOS/Vgos5/test/runtests.jl:56 [inlined]
   [4] macro expansion at /buildworker/worker/package_linux64/build/usr/share/julia/stdlib/v1.0/Test/src/Test.jl:1083 [inlined]
   [5] top-level scope at /root/.julia/packages/TERMIOS/Vgos5/test/runtests.jl:13
   [6] include at ./boot.jl:317 [inlined]
   [7] include_relative(::Module, ::String) at ./loading.jl:1044
   [8] include(::Module, ::String) at ./sysimg.jl:29
   [9] include(::String) at ./client.jl:392
   [10] top-level scope at none:0
   [11] eval(::Module, ::Any) at ./boot.jl:319
   [12] exec_options(::Base.JLOptions) at ./client.jl:243
   [13] _start() at ./client.jl:425
Test Summary:       | Error  Total
All                 |     2      2
  termios.jl stdout |     1      1
  termios.jl stdin  |     1      1
ERROR: LoadError: Some tests did not pass: 0 passed, 0 failed, 2 errored, 0 broken.
in expression starting at /root/.julia/packages/TERMIOS/Vgos5/test/runtests.jl:12
ERROR: Package TERMIOS errored during testing
Stacktrace:
 [1] pkgerror(::String, ::Vararg{String,N} where N) at /buildworker/worker/package_linux64/build/usr/share/julia/stdlib/v1.0/Pkg/src/Types.jl:120
 [2] #test#65(::Bool, ::Function, ::Pkg.Types.Context, ::Array{Pkg.Types.PackageSpec,1}) at /buildworker/worker/package_linux64/build/usr/share/julia/stdlib/v1.0/Pkg/src/Operations.jl:1357
 [3] #test at /buildworker/worker/package_linux64/build/usr/share/julia/stdlib/v1.0/Pkg/src/API.jl:0 [inlined]
 [4] #test#44(::Bool, ::Base.Iterators.Pairs{Union{},Union{},Tuple{},NamedTuple{(),Tuple{}}}, ::Function, ::Pkg.Types.Context, ::Array{Pkg.Types.PackageSpec,1}) at /buildworker/worker/package_linux64/build/usr/share/julia/stdlib/v1.0/Pkg/src/API.jl:278
 [5] test at /buildworker/worker/package_linux64/build/usr/share/julia/stdlib/v1.0/Pkg/src/API.jl:263 [inlined]
 [6] #test#43 at /buildworker/worker/package_linux64/build/usr/share/julia/stdlib/v1.0/Pkg/src/API.jl:260 [inlined]
 [7] test at /buildworker/worker/package_linux64/build/usr/share/julia/stdlib/v1.0/Pkg/src/API.jl:260 [inlined]
 [8] #test#42 at /buildworker/worker/package_linux64/build/usr/share/julia/stdlib/v1.0/Pkg/src/API.jl:259 [inlined]
 [9] test at /buildworker/worker/package_linux64/build/usr/share/julia/stdlib/v1.0/Pkg/src/API.jl:259 [inlined]
 [10] #test#41 at /buildworker/worker/package_linux64/build/usr/share/julia/stdlib/v1.0/Pkg/src/API.jl:258 [inlined]
 [11] test(::String) at /buildworker/worker/package_linux64/build/usr/share/julia/stdlib/v1.0/Pkg/src/API.jl:258
 [12] top-level scope at none:0
