 Resolving package versions...
 Installed Missings ────────────────── v0.4.3
 Installed DataAPI ─────────────────── v1.1.0
 Installed CatIndices ──────────────── v0.2.0
 Installed ComputationalResources ──── v0.3.0
 Installed CUDAnative ──────────────── v2.5.5
 Installed YOLO ────────────────────── v0.1.0
 Installed Colors ──────────────────── v0.9.6
 Installed AbstractFFTs ────────────── v0.4.1
 Installed Conda ───────────────────── v1.3.0
 Installed BinaryProvider ──────────── v0.5.8
 Installed JLD2 ────────────────────── v0.1.8
 Installed Adapt ───────────────────── v1.0.0
 Installed CuArrays ────────────────── v1.4.7
 Installed StatsBase ───────────────── v0.32.0
 Installed URIParser ───────────────── v0.4.0
 Installed Requires ────────────────── v0.5.2
 Installed Reexport ────────────────── v0.2.0
 Installed CUDAdrv ─────────────────── v4.0.4
 Installed IdentityRanges ──────────── v0.3.0
 Installed AxisAlgorithms ──────────── v1.0.0
 Installed TimerOutputs ────────────── v0.5.3
 Installed Compat ──────────────────── v2.2.0
 Installed OffsetArrays ────────────── v0.11.1
 Installed OrderedCollections ──────── v1.1.0
 Installed CoordinateTransformations ─ v0.5.0
 Installed IterTools ───────────────── v1.3.0
 Installed GPUArrays ───────────────── v2.0.0
 Installed NNlib ───────────────────── v0.6.0
 Installed MappedArrays ────────────── v0.2.2
 Installed QuartzImageIO ───────────── v0.6.0
 Installed ColorVectorSpace ────────── v0.7.1
 Installed CUDAapi ─────────────────── v2.0.0
 Installed Parsers ─────────────────── v0.3.10
 Installed DataStructures ──────────── v0.17.6
 Installed Knet ────────────────────── v1.2.7
 Installed FixedPointNumbers ───────── v0.6.1
 Installed Graphics ────────────────── v0.4.0
 Installed TranscodingStreams ──────── v0.9.5
 Installed CodecZlib ───────────────── v0.6.0
 Installed ImageFiltering ──────────── v0.6.5
 Installed JSON ────────────────────── v0.21.0
 Installed Ratios ──────────────────── v0.3.1
 Installed ImageTransformations ────── v0.8.0
 Installed NaNMath ─────────────────── v0.3.3
 Installed CustomUnitRanges ────────── v0.2.0
 Installed StaticArrays ────────────── v0.12.1
 Installed PaddedViews ─────────────── v0.4.2
 Installed TiledIteration ──────────── v0.2.3
 Installed FFTW ────────────────────── v1.0.1
 Installed ImageCore ───────────────── v0.8.5
 Installed LightXML ────────────────── v0.8.1
 Installed GeometryTypes ───────────── v0.7.6
 Installed CEnum ───────────────────── v0.2.0
 Installed SortingAlgorithms ───────── v0.3.1
 Installed LLVM ────────────────────── v1.3.2
 Installed WoodburyMatrices ────────── v0.4.1
 Installed VersionParsing ──────────── v1.1.3
 Installed MacroTools ──────────────── v0.5.2
 Installed FFTViews ────────────────── v0.3.0
 Installed ColorTypes ──────────────── v0.8.0
 Installed AutoGrad ────────────────── v1.2.0
 Installed Rotations ───────────────── v0.12.0
 Installed ImageMagick ─────────────── v0.7.5
 Installed BinDeps ─────────────────── v0.8.10
 Installed SpecialFunctions ────────── v0.8.0
 Installed ProgressMeter ───────────── v1.2.0
 Installed Interpolations ──────────── v0.12.5
 Installed FileIO ──────────────────── v1.0.7
  Updating `~/.julia/environments/v1.2/Project.toml`
  [af39948a] + YOLO v0.1.0
  Updating `~/.julia/environments/v1.2/Manifest.toml`
  [621f4979] + AbstractFFTs v0.4.1
  [79e6a3ab] + Adapt v1.0.0
  [6710c13c] + AutoGrad v1.2.0
  [13072b0f] + AxisAlgorithms v1.0.0
  [9e28174c] + BinDeps v0.8.10
  [b99e7846] + BinaryProvider v0.5.8
  [fa961155] + CEnum v0.2.0
  [3895d2a7] + CUDAapi v2.0.0
  [c5f51814] + CUDAdrv v4.0.4
  [be33ccc6] + CUDAnative v2.5.5
  [aafaddc9] + CatIndices v0.2.0
  [944b1d66] + CodecZlib v0.6.0
  [3da002f7] + ColorTypes v0.8.0
  [c3611d14] + ColorVectorSpace v0.7.1
  [5ae59095] + Colors v0.9.6
  [34da2185] + Compat v2.2.0
  [ed09eef8] + ComputationalResources v0.3.0
  [8f4d0f93] + Conda v1.3.0
  [150eb455] + CoordinateTransformations v0.5.0
  [3a865a2d] + CuArrays v1.4.7
  [dc8bdbbb] + CustomUnitRanges v0.2.0
  [9a962f9c] + DataAPI v1.1.0
  [864edb3b] + DataStructures v0.17.6
  [4f61f5a4] + FFTViews v0.3.0
  [7a1cc6ca] + FFTW v1.0.1
  [5789e2e9] + FileIO v1.0.7
  [53c48c17] + FixedPointNumbers v0.6.1
  [0c68f7d7] + GPUArrays v2.0.0
  [4d00f742] + GeometryTypes v0.7.6
  [a2bd30eb] + Graphics v0.4.0
  [bbac6d45] + IdentityRanges v0.3.0
  [a09fc81d] + ImageCore v0.8.5
  [6a3955dd] + ImageFiltering v0.6.5
  [6218d12a] + ImageMagick v0.7.5
  [02fcd773] + ImageTransformations v0.8.0
  [a98d9a8b] + Interpolations v0.12.5
  [c8e1da08] + IterTools v1.3.0
  [033835bb] + JLD2 v0.1.8
  [682c06a0] + JSON v0.21.0
  [1902f260] + Knet v1.2.7
  [929cbde3] + LLVM v1.3.2
  [9c8b4983] + LightXML v0.8.1
  [1914dd2f] + MacroTools v0.5.2
  [dbb5928d] + MappedArrays v0.2.2
  [e1d29d7a] + Missings v0.4.3
  [872c559c] + NNlib v0.6.0
  [77ba4419] + NaNMath v0.3.3
  [6fe1bfb0] + OffsetArrays v0.11.1
  [bac558e1] + OrderedCollections v1.1.0
  [5432bcbf] + PaddedViews v0.4.2
  [69de0a69] + Parsers v0.3.10
  [92933f4c] + ProgressMeter v1.2.0
  [dca85d43] + QuartzImageIO v0.6.0
  [c84ed2f1] + Ratios v0.3.1
  [189a3867] + Reexport v0.2.0
  [ae029012] + Requires v0.5.2
  [6038ab10] + Rotations v0.12.0
  [a2af1166] + SortingAlgorithms v0.3.1
  [276daf66] + SpecialFunctions v0.8.0
  [90137ffa] + StaticArrays v0.12.1
  [2913bbd2] + StatsBase v0.32.0
  [06e1c1a7] + TiledIteration v0.2.3
  [a759f4b9] + TimerOutputs v0.5.3
  [3bb67fe8] + TranscodingStreams v0.9.5
  [30578b45] + URIParser v0.4.0
  [81def892] + VersionParsing v1.1.3
  [efce3f68] + WoodburyMatrices v0.4.1
  [af39948a] + YOLO v0.1.0
  [2a0f44e3] + Base64 
  [ade2ca70] + Dates 
  [8bb1440f] + DelimitedFiles 
  [8ba89e20] + Distributed 
  [b77e0a4c] + InteractiveUtils 
  [76f85450] + LibGit2 
  [8f399da3] + Libdl 
  [37e2e46d] + LinearAlgebra 
  [56ddb016] + Logging 
  [d6f4376e] + Markdown 
  [a63ad114] + Mmap 
  [44cfe95a] + Pkg 
  [de0858da] + Printf 
  [3fa0cd96] + REPL 
  [9a3f8284] + Random 
  [ea8e919c] + SHA 
  [9e88b42a] + Serialization 
  [1a1011a3] + SharedArrays 
  [6462fe0b] + Sockets 
  [2f01184e] + SparseArrays 
  [10745b16] + Statistics 
  [8dfed614] + Test 
  [cf7118a7] + UUIDs 
  [4ec0a83e] + Unicode 
  Building Conda ───────────→ `~/.julia/packages/Conda/kLXeC/deps/build.log`
  Building FFTW ────────────→ `~/.julia/packages/FFTW/MJ7kl/deps/build.log`
  Building SpecialFunctions → `~/.julia/packages/SpecialFunctions/ne2iw/deps/build.log`
  Building ImageMagick ─────→ `~/.julia/packages/ImageMagick/vMfoS/deps/build.log`
  Building CodecZlib ───────→ `~/.julia/packages/CodecZlib/5t9zO/deps/build.log`
  Building Knet ────────────→ `~/.julia/packages/Knet/IIjk8/deps/build.log`
  Building LightXML ────────→ `~/.julia/packages/LightXML/W8FVT/deps/build.log`
  Building YOLO ────────────→ `~/.julia/packages/YOLO/5usZN/deps/build.log`
   Testing YOLO
 Resolving package versions...
    Status `/tmp/jl_jJcg2k/Manifest.toml`
  [621f4979] AbstractFFTs v0.4.1
  [79e6a3ab] Adapt v1.0.0
  [6710c13c] AutoGrad v1.2.0
  [13072b0f] AxisAlgorithms v1.0.0
  [9e28174c] BinDeps v0.8.10
  [b99e7846] BinaryProvider v0.5.8
  [fa961155] CEnum v0.2.0
  [3895d2a7] CUDAapi v2.0.0
  [c5f51814] CUDAdrv v4.0.4
  [be33ccc6] CUDAnative v2.5.5
  [aafaddc9] CatIndices v0.2.0
  [944b1d66] CodecZlib v0.6.0
  [3da002f7] ColorTypes v0.8.0
  [c3611d14] ColorVectorSpace v0.7.1
  [5ae59095] Colors v0.9.6
  [34da2185] Compat v2.2.0
  [ed09eef8] ComputationalResources v0.3.0
  [8f4d0f93] Conda v1.3.0
  [150eb455] CoordinateTransformations v0.5.0
  [3a865a2d] CuArrays v1.4.7
  [dc8bdbbb] CustomUnitRanges v0.2.0
  [9a962f9c] DataAPI v1.1.0
  [864edb3b] DataStructures v0.17.6
  [4f61f5a4] FFTViews v0.3.0
  [7a1cc6ca] FFTW v1.0.1
  [5789e2e9] FileIO v1.0.7
  [53c48c17] FixedPointNumbers v0.6.1
  [0c68f7d7] GPUArrays v2.0.0
  [4d00f742] GeometryTypes v0.7.6
  [a2bd30eb] Graphics v0.4.0
  [bbac6d45] IdentityRanges v0.3.0
  [a09fc81d] ImageCore v0.8.5
  [6a3955dd] ImageFiltering v0.6.5
  [6218d12a] ImageMagick v0.7.5
  [02fcd773] ImageTransformations v0.8.0
  [a98d9a8b] Interpolations v0.12.5
  [c8e1da08] IterTools v1.3.0
  [033835bb] JLD2 v0.1.8
  [682c06a0] JSON v0.21.0
  [1902f260] Knet v1.2.7
  [929cbde3] LLVM v1.3.2
  [9c8b4983] LightXML v0.8.1
  [1914dd2f] MacroTools v0.5.2
  [dbb5928d] MappedArrays v0.2.2
  [e1d29d7a] Missings v0.4.3
  [872c559c] NNlib v0.6.0
  [77ba4419] NaNMath v0.3.3
  [6fe1bfb0] OffsetArrays v0.11.1
  [bac558e1] OrderedCollections v1.1.0
  [5432bcbf] PaddedViews v0.4.2
  [69de0a69] Parsers v0.3.10
  [92933f4c] ProgressMeter v1.2.0
  [dca85d43] QuartzImageIO v0.6.0
  [c84ed2f1] Ratios v0.3.1
  [189a3867] Reexport v0.2.0
  [ae029012] Requires v0.5.2
  [6038ab10] Rotations v0.12.0
  [a2af1166] SortingAlgorithms v0.3.1
  [276daf66] SpecialFunctions v0.8.0
  [90137ffa] StaticArrays v0.12.1
  [2913bbd2] StatsBase v0.32.0
  [06e1c1a7] TiledIteration v0.2.3
  [a759f4b9] TimerOutputs v0.5.3
  [3bb67fe8] TranscodingStreams v0.9.5
  [30578b45] URIParser v0.4.0
  [81def892] VersionParsing v1.1.3
  [efce3f68] WoodburyMatrices v0.4.1
  [af39948a] YOLO v0.1.0
  [2a0f44e3] Base64  [`@stdlib/Base64`]
  [ade2ca70] Dates  [`@stdlib/Dates`]
  [8bb1440f] DelimitedFiles  [`@stdlib/DelimitedFiles`]
  [8ba89e20] Distributed  [`@stdlib/Distributed`]
  [b77e0a4c] InteractiveUtils  [`@stdlib/InteractiveUtils`]
  [76f85450] LibGit2  [`@stdlib/LibGit2`]
  [8f399da3] Libdl  [`@stdlib/Libdl`]
  [37e2e46d] LinearAlgebra  [`@stdlib/LinearAlgebra`]
  [56ddb016] Logging  [`@stdlib/Logging`]
  [d6f4376e] Markdown  [`@stdlib/Markdown`]
  [a63ad114] Mmap  [`@stdlib/Mmap`]
  [44cfe95a] Pkg  [`@stdlib/Pkg`]
  [de0858da] Printf  [`@stdlib/Printf`]
  [3fa0cd96] REPL  [`@stdlib/REPL`]
  [9a3f8284] Random  [`@stdlib/Random`]
  [ea8e919c] SHA  [`@stdlib/SHA`]
  [9e88b42a] Serialization  [`@stdlib/Serialization`]
  [1a1011a3] SharedArrays  [`@stdlib/SharedArrays`]
  [6462fe0b] Sockets  [`@stdlib/Sockets`]
  [2f01184e] SparseArrays  [`@stdlib/SparseArrays`]
  [10745b16] Statistics  [`@stdlib/Statistics`]
  [8dfed614] Test  [`@stdlib/Test`]
  [cf7118a7] UUIDs  [`@stdlib/UUIDs`]
  [4ec0a83e] Unicode  [`@stdlib/Unicode`]
Test Summary:                         | Pass  Total
Example datasets have been downloaded |    1      1
Test Summary:                                         | Pass  Total
Example pretrained weights files have been downloaded |    1      1
Loading images... 50%|█████████████████                 |  ETA: 0:00:03[KLoading images...100%|██████████████████████████████████| Time: 0:00:03[K
Loading and running YOLOv2_tiny_voc pretrained model: Test Failed at /root/.julia/packages/YOLO/5usZN/test/runtests.jl:72
  Expression: inference_time < 1.0
   Evaluated: 2.0500896207 < 1.0
Stacktrace:
 [1] top-level scope at /root/.julia/packages/YOLO/5usZN/test/runtests.jl:72
 [2] top-level scope at /buildworker/worker/package_linux64/build/usr/share/julia/stdlib/v1.2/Test/src/Test.jl:1113
 [3] top-level scope at /root/.julia/packages/YOLO/5usZN/test/runtests.jl:32
[ Info: YOLO_v2_tiny inference time per image: 2.0501 seconds (0.49 fps)
[ Info: YOLO_v2_tiny postprocess time per image: 0.0055 seconds (181.41 fps)
[ Info: Total time per image: 2.0556 seconds (0.49 fps)
Test Summary:                                        | Pass  Fail  Total
Loading and running YOLOv2_tiny_voc pretrained model |    9     1     10
ERROR: LoadError: Some tests did not pass: 9 passed, 1 failed, 0 errored, 0 broken.
in expression starting at /root/.julia/packages/YOLO/5usZN/test/runtests.jl:30
ERROR: Package YOLO errored during testing
Stacktrace:
 [1] pkgerror(::String, ::Vararg{String,N} where N) at /buildworker/worker/package_linux64/build/usr/share/julia/stdlib/v1.2/Pkg/src/Types.jl:112
 [2] #test#119(::Bool, ::Nothing, ::typeof(Pkg.Operations.test), ::Pkg.Types.Context, ::Array{Pkg.Types.PackageSpec,1}) at /buildworker/worker/package_linux64/build/usr/share/julia/stdlib/v1.2/Pkg/src/Operations.jl:1288
 [3] #test at ./none:0 [inlined]
 [4] #test#62(::Bool, ::Nothing, ::Base.Iterators.Pairs{Union{},Union{},Tuple{},NamedTuple{(),Tuple{}}}, ::typeof(Pkg.API.test), ::Pkg.Types.Context, ::Array{Pkg.Types.PackageSpec,1}) at /buildworker/worker/package_linux64/build/usr/share/julia/stdlib/v1.2/Pkg/src/API.jl:245
 [5] test at /buildworker/worker/package_linux64/build/usr/share/julia/stdlib/v1.2/Pkg/src/API.jl:233 [inlined]
 [6] #test#61 at /buildworker/worker/package_linux64/build/usr/share/julia/stdlib/v1.2/Pkg/src/API.jl:230 [inlined]
 [7] test at /buildworker/worker/package_linux64/build/usr/share/julia/stdlib/v1.2/Pkg/src/API.jl:230 [inlined]
 [8] #test#60 at /buildworker/worker/package_linux64/build/usr/share/julia/stdlib/v1.2/Pkg/src/API.jl:229 [inlined]
 [9] test at /buildworker/worker/package_linux64/build/usr/share/julia/stdlib/v1.2/Pkg/src/API.jl:229 [inlined]
 [10] #test#59(::Base.Iterators.Pairs{Union{},Union{},Tuple{},NamedTuple{(),Tuple{}}}, ::typeof(Pkg.API.test), ::String) at /buildworker/worker/package_linux64/build/usr/share/julia/stdlib/v1.2/Pkg/src/API.jl:228
 [11] test(::String) at /buildworker/worker/package_linux64/build/usr/share/julia/stdlib/v1.2/Pkg/src/API.jl:228
