 Resolving package versions...
 Installed Requires ───────────── v0.5.2
 Installed DiffEqDiffTools ────── v1.4.0
 Installed NLSolversBase ──────── v7.5.0
 Installed DiffResults ────────── v0.0.4
 Installed DiffRules ──────────── v0.1.0
 Installed Compat ─────────────── v2.2.0
 Installed BinaryProvider ─────── v0.5.8
 Installed ForwardDiff ────────── v0.10.6
 Installed NaNMath ────────────── v0.3.3
 Installed ArrayInterface ─────── v1.2.1
 Installed CommonSubexpressions ─ v0.2.0
 Installed BinDeps ────────────── v0.8.10
 Installed SpecialFunctions ───── v0.8.0
 Installed StaticArrays ───────── v0.12.1
 Installed URIParser ──────────── v0.4.0
 Installed Calculus ───────────── v0.5.1
  Updating `~/.julia/environments/v1.2/Project.toml`
  [d41bc354] + NLSolversBase v7.5.0
  Updating `~/.julia/environments/v1.2/Manifest.toml`
  [4fba245c] + ArrayInterface v1.2.1
  [9e28174c] + BinDeps v0.8.10
  [b99e7846] + BinaryProvider v0.5.8
  [49dc2e85] + Calculus v0.5.1
  [bbf7d656] + CommonSubexpressions v0.2.0
  [34da2185] + Compat v2.2.0
  [01453d9d] + DiffEqDiffTools v1.4.0
  [163ba53b] + DiffResults v0.0.4
  [b552c78f] + DiffRules v0.1.0
  [f6369f11] + ForwardDiff v0.10.6
  [d41bc354] + NLSolversBase v7.5.0
  [77ba4419] + NaNMath v0.3.3
  [ae029012] + Requires v0.5.2
  [276daf66] + SpecialFunctions v0.8.0
  [90137ffa] + StaticArrays v0.12.1
  [30578b45] + URIParser v0.4.0
  [2a0f44e3] + Base64 
  [ade2ca70] + Dates 
  [8bb1440f] + DelimitedFiles 
  [8ba89e20] + Distributed 
  [b77e0a4c] + InteractiveUtils 
  [76f85450] + LibGit2 
  [8f399da3] + Libdl 
  [37e2e46d] + LinearAlgebra 
  [56ddb016] + Logging 
  [d6f4376e] + Markdown 
  [a63ad114] + Mmap 
  [44cfe95a] + Pkg 
  [de0858da] + Printf 
  [3fa0cd96] + REPL 
  [9a3f8284] + Random 
  [ea8e919c] + SHA 
  [9e88b42a] + Serialization 
  [1a1011a3] + SharedArrays 
  [6462fe0b] + Sockets 
  [2f01184e] + SparseArrays 
  [10745b16] + Statistics 
  [8dfed614] + Test 
  [cf7118a7] + UUIDs 
  [4ec0a83e] + Unicode 
  Building SpecialFunctions → `~/.julia/packages/SpecialFunctions/ne2iw/deps/build.log`
   Testing NLSolversBase
 Resolving package versions...
 Installed RecipesBase ───────── v0.7.0
 Installed OptimTestProblems ─── v2.0.2
 Installed RecursiveArrayTools ─ v1.0.2
    Status `/tmp/jl_5WyeXE/Manifest.toml`
  [4fba245c] ArrayInterface v1.2.1
  [9e28174c] BinDeps v0.8.10
  [b99e7846] BinaryProvider v0.5.8
  [49dc2e85] Calculus v0.5.1
  [bbf7d656] CommonSubexpressions v0.2.0
  [34da2185] Compat v2.2.0
  [01453d9d] DiffEqDiffTools v1.4.0
  [163ba53b] DiffResults v0.0.4
  [b552c78f] DiffRules v0.1.0
  [f6369f11] ForwardDiff v0.10.6
  [d41bc354] NLSolversBase v7.5.0
  [77ba4419] NaNMath v0.3.3
  [cec144fc] OptimTestProblems v2.0.2
  [3cdcf5f2] RecipesBase v0.7.0
  [731186ca] RecursiveArrayTools v1.0.2
  [ae029012] Requires v0.5.2
  [276daf66] SpecialFunctions v0.8.0
  [90137ffa] StaticArrays v0.12.1
  [30578b45] URIParser v0.4.0
  [2a0f44e3] Base64  [`@stdlib/Base64`]
  [ade2ca70] Dates  [`@stdlib/Dates`]
  [8bb1440f] DelimitedFiles  [`@stdlib/DelimitedFiles`]
  [8ba89e20] Distributed  [`@stdlib/Distributed`]
  [b77e0a4c] InteractiveUtils  [`@stdlib/InteractiveUtils`]
  [76f85450] LibGit2  [`@stdlib/LibGit2`]
  [8f399da3] Libdl  [`@stdlib/Libdl`]
  [37e2e46d] LinearAlgebra  [`@stdlib/LinearAlgebra`]
  [56ddb016] Logging  [`@stdlib/Logging`]
  [d6f4376e] Markdown  [`@stdlib/Markdown`]
  [a63ad114] Mmap  [`@stdlib/Mmap`]
  [44cfe95a] Pkg  [`@stdlib/Pkg`]
  [de0858da] Printf  [`@stdlib/Printf`]
  [3fa0cd96] REPL  [`@stdlib/REPL`]
  [9a3f8284] Random  [`@stdlib/Random`]
  [ea8e919c] SHA  [`@stdlib/SHA`]
  [9e88b42a] Serialization  [`@stdlib/Serialization`]
  [1a1011a3] SharedArrays  [`@stdlib/SharedArrays`]
  [6462fe0b] Sockets  [`@stdlib/Sockets`]
  [2f01184e] SparseArrays  [`@stdlib/SparseArrays`]
  [10745b16] Statistics  [`@stdlib/Statistics`]
  [8dfed614] Test  [`@stdlib/Test`]
  [cf7118a7] UUIDs  [`@stdlib/UUIDs`]
  [4ec0a83e] Unicode  [`@stdlib/Unicode`]
Test Summary:   | Pass  Total
objective types |   26     26
Test Summary: | Pass  Total
interface     |  225    225
Test Summary:         | Pass  Total
incomplete objectives |   41     41
Test Summary:                 | Pass  Total
incomplete objectives vectors |   28     28
Test Summary: | Pass  Total
Constraints   |   36     36
Test Summary:             | Pass  Total
Matrix OnceDifferentiable |   11     11
Test Summary:   | Pass  Total
RecursiveArrays |   11     11
Test Summary: | Pass  Total
autodiff      |   48     48
Test Summary: | Pass  Total
value/grad    |    8      8
Test Summary:     | Pass  Total
residual function |    3      3
Test Summary: | Pass  Total
sparse        |    7      7
Test Summary: | Pass  Total
inplace       |   20     20
Test Summary: | Pass  Total
autodiff      |    2      2
Test Summary:    | Pass  Total
inplace/autodiff |    2      2
   Testing NLSolversBase tests passed 
