 Resolving package versions...
 Installed TaskMaster ─ v0.1.0
  Updating `~/.julia/environments/v1.2/Project.toml`
  [2f14bf60] + TaskMaster v0.1.0
  Updating `~/.julia/environments/v1.2/Manifest.toml`
  [2f14bf60] + TaskMaster v0.1.0
  [8ba89e20] + Distributed 
  [9a3f8284] + Random 
  [9e88b42a] + Serialization 
  [6462fe0b] + Sockets 
   Testing TaskMaster
    Status `/tmp/jl_qJSQVO/Manifest.toml`
  [2f14bf60] TaskMaster v0.1.0
  [8ba89e20] Distributed  [`@stdlib/Distributed`]
  [9a3f8284] Random  [`@stdlib/Random`]
  [9e88b42a] Serialization  [`@stdlib/Serialization`]
  [6462fe0b] Sockets  [`@stdlib/Sockets`]
[ Info: Testing evaluate
[ Info: Testing evaluate with source
[ Info: Testing the debugger for Learner
[ Info: Testing evaluate with stopping condition
[ Info: Testing capturing and releasing of the slave
releaseslave!(master) = 2
releaseslave!(master) = 3
[ Info: Success!!!
   Testing TaskMaster tests passed 
