 Resolving package versions...
 Installed AWSS3 ────────────── v0.6.5
 Installed Mocking ──────────── v0.7.0
 Installed SymDict ──────────── v0.3.0
 Installed Retry ────────────── v0.4.0
 Installed XMLDict ──────────── v0.3.0
 Installed MbedTLS ──────────── v0.6.8
 Installed OrderedCollections ─ v1.1.0
 Installed BinaryProvider ───── v0.5.8
 Installed JSON ─────────────── v0.21.0
 Installed Parsers ──────────── v0.3.10
 Installed FilePathsBase ────── v0.7.0
 Installed IterTools ────────── v1.3.0
 Installed EzXML ────────────── v0.9.4
 Installed DataStructures ───── v0.17.6
 Installed HTTP ─────────────── v0.8.8
 Installed IniFile ──────────── v0.5.0
 Installed AWSCore ──────────── v0.6.5
 Installed LazyJSON ─────────── v0.1.1
  Updating `~/.julia/environments/v1.0/Project.toml`
  [1c724243] + AWSS3 v0.6.5
  Updating `~/.julia/environments/v1.0/Manifest.toml`
  [4f1ea46c] + AWSCore v0.6.5
  [1c724243] + AWSS3 v0.6.5
  [b99e7846] + BinaryProvider v0.5.8
  [864edb3b] + DataStructures v0.17.6
  [8f5d6c58] + EzXML v0.9.4
  [48062228] + FilePathsBase v0.7.0
  [cd3eb016] + HTTP v0.8.8
  [83e8ac13] + IniFile v0.5.0
  [c8e1da08] + IterTools v1.3.0
  [682c06a0] + JSON v0.21.0
  [fc18253b] + LazyJSON v0.1.1
  [739be429] + MbedTLS v0.6.8
  [78c3b35d] + Mocking v0.7.0
  [bac558e1] + OrderedCollections v1.1.0
  [69de0a69] + Parsers v0.3.10
  [20febd7b] + Retry v0.4.0
  [2da68c74] + SymDict v0.3.0
  [228000da] + XMLDict v0.3.0
  [2a0f44e3] + Base64 
  [ade2ca70] + Dates 
  [8ba89e20] + Distributed 
  [b77e0a4c] + InteractiveUtils 
  [8f399da3] + Libdl 
  [37e2e46d] + LinearAlgebra 
  [56ddb016] + Logging 
  [d6f4376e] + Markdown 
  [a63ad114] + Mmap 
  [de0858da] + Printf 
  [9a3f8284] + Random 
  [ea8e919c] + SHA 
  [9e88b42a] + Serialization 
  [6462fe0b] + Sockets 
  [8dfed614] + Test 
  [cf7118a7] + UUIDs 
  [4ec0a83e] + Unicode 
  Building MbedTLS → `~/.julia/packages/MbedTLS/X4xar/deps/build.log`
  Building EzXML ──→ `~/.julia/packages/EzXML/G0JeY/deps/build.log`
   Testing AWSS3
 Resolving package versions...
    Status `/tmp/tmpXKMLhN/Manifest.toml`
  [4f1ea46c] AWSCore v0.6.5
  [1c724243] AWSS3 v0.6.5
  [b99e7846] BinaryProvider v0.5.8
  [864edb3b] DataStructures v0.17.6
  [8f5d6c58] EzXML v0.9.4
  [48062228] FilePathsBase v0.7.0
  [cd3eb016] HTTP v0.8.8
  [83e8ac13] IniFile v0.5.0
  [c8e1da08] IterTools v1.3.0
  [682c06a0] JSON v0.21.0
  [fc18253b] LazyJSON v0.1.1
  [739be429] MbedTLS v0.6.8
  [78c3b35d] Mocking v0.7.0
  [bac558e1] OrderedCollections v1.1.0
  [69de0a69] Parsers v0.3.10
  [20febd7b] Retry v0.4.0
  [2da68c74] SymDict v0.3.0
  [228000da] XMLDict v0.3.0
  [2a0f44e3] Base64  [`@stdlib/Base64`]
  [ade2ca70] Dates  [`@stdlib/Dates`]
  [8ba89e20] Distributed  [`@stdlib/Distributed`]
  [b77e0a4c] InteractiveUtils  [`@stdlib/InteractiveUtils`]
  [8f399da3] Libdl  [`@stdlib/Libdl`]
  [37e2e46d] LinearAlgebra  [`@stdlib/LinearAlgebra`]
  [56ddb016] Logging  [`@stdlib/Logging`]
  [d6f4376e] Markdown  [`@stdlib/Markdown`]
  [a63ad114] Mmap  [`@stdlib/Mmap`]
  [de0858da] Printf  [`@stdlib/Printf`]
  [9a3f8284] Random  [`@stdlib/Random`]
  [ea8e919c] SHA  [`@stdlib/SHA`]
  [9e88b42a] Serialization  [`@stdlib/Serialization`]
  [6462fe0b] Sockets  [`@stdlib/Sockets`]
  [8dfed614] Test  [`@stdlib/Test`]
  [cf7118a7] UUIDs  [`@stdlib/UUIDs`]
  [4ec0a83e] Unicode  [`@stdlib/Unicode`]
ERROR: LoadError: IOError(Base.IOError("connect: connection timed out (ETIMEDOUT)", -110) during request(http://169.254.169.254/latest/meta-data/iam/info))

Stacktrace:
 [1] try_yieldto(::typeof(Base.ensure_rescheduled), ::Base.RefValue{Task}) at ./event.jl:196
 [2] wait() at ./event.jl:255
 [3] wait(::Condition) at ./event.jl:46
 [4] stream_wait(::Sockets.TCPSocket, ::Condition) at ./stream.jl:47
 [5] wait_connected(::Sockets.TCPSocket) at ./stream.jl:259
 [6] connect(::Sockets.IPv4, ::UInt64) at /buildworker/worker/package_linux64/build/usr/share/julia/stdlib/v1.0/Sockets/src/Sockets.jl:444
 [7] #getconnection#14(::Bool, ::Int64, ::Base.Iterators.Pairs{Symbol,Any,Tuple{Symbol,Symbol,Symbol},NamedTuple{(:require_ssl_verification, :iofunction, :verbose),Tuple{Bool,Nothing,Int64}}}, ::Function, ::Type{Sockets.TCPSocket}, ::SubString{String}, ::SubString{String}) at /root/.julia/packages/HTTP/lZVI1/src/ConnectionPool.jl:568
 [8] #getconnection#11(::Int64, ::Int64, ::Int64, ::Int64, ::Bool, ::Base.Iterators.Pairs{Symbol,Union{Nothing, Int64},Tuple{Symbol,Symbol},NamedTuple{(:iofunction, :verbose),Tuple{Nothing,Int64}}}, ::Function, ::Type{HTTP.ConnectionPool.Transaction{Sockets.TCPSocket}}, ::SubString{String}, ::SubString{String}) at ./none:0
 [9] (::getfield(HTTP.ConnectionPool, Symbol("#kw##getconnection")))(::NamedTuple{(:reuse_limit, :iofunction, :verbose, :require_ssl_verification),Tuple{Int64,Nothing,Int64,Bool}}, ::typeof(HTTP.ConnectionPool.getconnection), ::Type{HTTP.ConnectionPool.Transaction{Sockets.TCPSocket}}, ::SubString{String}, ::SubString{String}) at ./none:0
 [10] #request#1(::Nothing, ::Type, ::Int64, ::Base.Iterators.Pairs{Symbol,Any,Tuple{Symbol,Symbol,Symbol},NamedTuple{(:iofunction, :verbose, :require_ssl_verification),Tuple{Nothing,Int64,Bool}}}, ::Function, ::Type{ConnectionPoolLayer{StreamLayer{Union{}}}}, ::HTTP.URIs.URI, ::HTTP.Messages.Request, ::Array{UInt8,1}) at /root/.julia/packages/HTTP/lZVI1/src/ConnectionRequest.jl:41
 [11] (::getfield(HTTP, Symbol("#kw##request")))(::NamedTuple{(:iofunction, :verbose, :require_ssl_verification),Tuple{Nothing,Int64,Bool}}, ::typeof(HTTP.request), ::Type{ConnectionPoolLayer{StreamLayer{Union{}}}}, ::HTTP.URIs.URI, ::HTTP.Messages.Request, ::Array{UInt8,1}) at ./none:0
 [12] #request#1(::Base.Iterators.Pairs{Symbol,Any,Tuple{Symbol,Symbol,Symbol},NamedTuple{(:iofunction, :verbose, :require_ssl_verification),Tuple{Nothing,Int64,Bool}}}, ::Function, ::Type{ExceptionLayer{ConnectionPoolLayer{StreamLayer{Union{}}}}}, ::HTTP.URIs.URI, ::Vararg{Any,N} where N) at /root/.julia/packages/HTTP/lZVI1/src/ExceptionRequest.jl:19
 [13] #request#1(::VersionNumber, ::String, ::Nothing, ::Nothing, ::Base.Iterators.Pairs{Symbol,Integer,Tuple{Symbol,Symbol},NamedTuple{(:verbose, :require_ssl_verification),Tuple{Int64,Bool}}}, ::Function, ::Type{MessageLayer{ExceptionLayer{ConnectionPoolLayer{StreamLayer{Union{}}}}}}, ::String, ::HTTP.URIs.URI, ::Array{Pair{SubString{String},SubString{String}},1}, ::Array{UInt8,1}) at ./none:0
 [14] (::getfield(HTTP, Symbol("#kw##request")))(::NamedTuple{(:verbose, :require_ssl_verification),Tuple{Int64,Bool}}, ::typeof(HTTP.request), ::Type{MessageLayer{ExceptionLayer{ConnectionPoolLayer{StreamLayer{Union{}}}}}}, ::String, ::HTTP.URIs.URI, ::Array{Pair{SubString{String},SubString{String}},1}, ::Array{UInt8,1}) at ./none:0
 [15] http_request(::Dict{Symbol,Any}) at /root/.julia/packages/AWSCore/qRaju/src/http.jl:42
 [16] _ec2_metadata(::String) at /root/.julia/packages/AWSCore/qRaju/src/http.jl:80
 [17] ec2_instance_credentials() at /root/.julia/packages/AWSCore/qRaju/src/AWSCredentials.jl:282
 [18] #AWSCredentials#3(::Nothing, ::Type) at /root/.julia/packages/AWSCore/qRaju/src/AWSCredentials.jl:146
 [19] Type at ./none:0 [inlined]
 [20] aws_config() at /root/.julia/packages/AWSCore/qRaju/src/AWSCore.jl:115
 [21] default_aws_config() at /root/.julia/packages/AWSCore/qRaju/src/AWSCore.jl:131
 [22] top-level scope at none:0
 [23] include at ./boot.jl:317 [inlined]
 [24] include_relative(::Module, ::String) at ./loading.jl:1044
 [25] include(::Module, ::String) at ./sysimg.jl:29
 [26] include(::String) at ./client.jl:392
 [27] top-level scope at none:0
in expression starting at /root/.julia/packages/AWSS3/R61Yj/test/runtests.jl:38
ERROR: Package AWSS3 errored during testing
Stacktrace:
 [1] pkgerror(::String, ::Vararg{String,N} where N) at /buildworker/worker/package_linux64/build/usr/share/julia/stdlib/v1.0/Pkg/src/Types.jl:120
 [2] #test#65(::Bool, ::Function, ::Pkg.Types.Context, ::Array{Pkg.Types.PackageSpec,1}) at /buildworker/worker/package_linux64/build/usr/share/julia/stdlib/v1.0/Pkg/src/Operations.jl:1357
 [3] #test at /buildworker/worker/package_linux64/build/usr/share/julia/stdlib/v1.0/Pkg/src/API.jl:0 [inlined]
 [4] #test#44(::Bool, ::Base.Iterators.Pairs{Union{},Union{},Tuple{},NamedTuple{(),Tuple{}}}, ::Function, ::Pkg.Types.Context, ::Array{Pkg.Types.PackageSpec,1}) at /buildworker/worker/package_linux64/build/usr/share/julia/stdlib/v1.0/Pkg/src/API.jl:278
 [5] test at /buildworker/worker/package_linux64/build/usr/share/julia/stdlib/v1.0/Pkg/src/API.jl:263 [inlined]
 [6] #test#43 at /buildworker/worker/package_linux64/build/usr/share/julia/stdlib/v1.0/Pkg/src/API.jl:260 [inlined]
 [7] test at /buildworker/worker/package_linux64/build/usr/share/julia/stdlib/v1.0/Pkg/src/API.jl:260 [inlined]
 [8] #test#42 at /buildworker/worker/package_linux64/build/usr/share/julia/stdlib/v1.0/Pkg/src/API.jl:259 [inlined]
 [9] test at /buildworker/worker/package_linux64/build/usr/share/julia/stdlib/v1.0/Pkg/src/API.jl:259 [inlined]
 [10] #test#41 at /buildworker/worker/package_linux64/build/usr/share/julia/stdlib/v1.0/Pkg/src/API.jl:258 [inlined]
 [11] test(::String) at /buildworker/worker/package_linux64/build/usr/share/julia/stdlib/v1.0/Pkg/src/API.jl:258
 [12] top-level scope at none:0
