 Resolving package versions...
 Installed RecipesBase ──────── v0.7.0
 Installed OrderedCollections ─ v1.1.0
 Installed ValueHistories ───── v0.5.1
 Installed DataStructures ───── v0.17.6
  Updating `~/.julia/environments/v1.0/Project.toml`
  [98cad3c8] + ValueHistories v0.5.1
  Updating `~/.julia/environments/v1.0/Manifest.toml`
  [864edb3b] + DataStructures v0.17.6
  [bac558e1] + OrderedCollections v1.1.0
  [3cdcf5f2] + RecipesBase v0.7.0
  [98cad3c8] + ValueHistories v0.5.1
  [2a0f44e3] + Base64 
  [8ba89e20] + Distributed 
  [b77e0a4c] + InteractiveUtils 
  [8f399da3] + Libdl 
  [37e2e46d] + LinearAlgebra 
  [56ddb016] + Logging 
  [d6f4376e] + Markdown 
  [9a3f8284] + Random 
  [9e88b42a] + Serialization 
  [6462fe0b] + Sockets 
  [8dfed614] + Test 
   Testing ValueHistories
    Status `/tmp/tmp0pRGRX/Manifest.toml`
  [864edb3b] DataStructures v0.17.6
  [bac558e1] OrderedCollections v1.1.0
  [3cdcf5f2] RecipesBase v0.7.0
  [98cad3c8] ValueHistories v0.5.1
  [2a0f44e3] Base64  [`@stdlib/Base64`]
  [8ba89e20] Distributed  [`@stdlib/Distributed`]
  [b77e0a4c] InteractiveUtils  [`@stdlib/InteractiveUtils`]
  [8f399da3] Libdl  [`@stdlib/Libdl`]
  [37e2e46d] LinearAlgebra  [`@stdlib/LinearAlgebra`]
  [56ddb016] Logging  [`@stdlib/Logging`]
  [d6f4376e] Markdown  [`@stdlib/Markdown`]
  [9a3f8284] Random  [`@stdlib/Random`]
  [9e88b42a] Serialization  [`@stdlib/Serialization`]
  [6462fe0b] Sockets  [`@stdlib/Sockets`]
  [8dfed614] Test  [`@stdlib/Test`]
100 elements {Int64,Float64}
History
  * types: Int64, Float64
  * length: 100
History
  * types: UInt8, String
  * length: 100
100 elements {Int64,Float64}
QHistory
    types: Int64, Float64
    length: 100
QHistory
    types: UInt8, String
    length: 100
Test Summary:       | Pass  Total
[->] tst_history.jl | 1033   1033
MVHistory{History}
  :myint2 => 5 elements {Int64,Int64}
  :myf => 56 elements {Int64,Int64}
  :myint => 5 elements {Int64,Int64}
MVHistory{History}
  :myint2 => 5 elements {Int64,Int64}
  :myf => 56 elements {Int64,Int64}
  :myint => 5 elements {Int64,Int64}
Test Summary:         | Pass  Total
[->] tst_mvhistory.jl |  548    548
   --> Baseline: 100 loops that accumulates a Float64
  0.018766 seconds (21.13 k allocations: 1.134 MiB)
  0.000004 seconds (5 allocations: 176 bytes)
   --> History: 100 loops tracking accumulator as Float64
  0.017693 seconds (21.30 k allocations: 1.147 MiB)
  0.000009 seconds (17 allocations: 4.547 KiB)
   --> History: Converting result into arrays
  0.000031 seconds (7 allocations: 256 bytes)
  0.000008 seconds (7 allocations: 256 bytes)
   --> QHistory: 100 loops tracking accumulator as Float64
  0.019177 seconds (21.29 k allocations: 1.143 MiB)
  0.000005 seconds (5 allocations: 176 bytes)
   --> QHistory: Converting result into arrays
  0.000199 seconds (911 allocations: 27.047 KiB)
  0.000152 seconds (911 allocations: 27.047 KiB)
   --> MVHistory: 100 loops tracking accumulator as Float64 and String
  0.042732 seconds (48.41 k allocations: 2.517 MiB)
  0.000125 seconds (533 allocations: 29.578 KiB)
   --> MVHistory: Converting result into arrays
  0.080875 seconds (47.97 k allocations: 2.432 MiB)
  0.000093 seconds (325 allocations: 12.344 KiB)
Test Summary:      |
[->] bm_history.jl | No tests
   Testing ValueHistories tests passed 
