 Resolving package versions...
 Installed Nullables ──── v0.0.8
 Installed Compat ─────── v2.2.0
 Installed AbaqusReader ─ v0.2.2
  Updating `~/.julia/environments/v1.0/Project.toml`
  [bc6b9049] + AbaqusReader v0.2.2
  Updating `~/.julia/environments/v1.0/Manifest.toml`
  [bc6b9049] + AbaqusReader v0.2.2
  [34da2185] + Compat v2.2.0
  [4d1e1d77] + Nullables v0.0.8
  [2a0f44e3] + Base64 
  [ade2ca70] + Dates 
  [8bb1440f] + DelimitedFiles 
  [8ba89e20] + Distributed 
  [b77e0a4c] + InteractiveUtils 
  [76f85450] + LibGit2 
  [8f399da3] + Libdl 
  [37e2e46d] + LinearAlgebra 
  [56ddb016] + Logging 
  [d6f4376e] + Markdown 
  [a63ad114] + Mmap 
  [44cfe95a] + Pkg 
  [de0858da] + Printf 
  [3fa0cd96] + REPL 
  [9a3f8284] + Random 
  [ea8e919c] + SHA 
  [9e88b42a] + Serialization 
  [1a1011a3] + SharedArrays 
  [6462fe0b] + Sockets 
  [2f01184e] + SparseArrays 
  [10745b16] + Statistics 
  [8dfed614] + Test 
  [cf7118a7] + UUIDs 
  [4ec0a83e] + Unicode 
   Testing AbaqusReader
 Resolving package versions...
 Installed DocStringExtensions ─ v0.8.1
 Installed Parsers ───────────── v0.3.10
 Installed JSON ──────────────── v0.21.0
 Installed Documenter ────────── v0.24.0
    Status `/tmp/tmpykbJXr/Manifest.toml`
  [bc6b9049] AbaqusReader v0.2.2
  [34da2185] Compat v2.2.0
  [ffbed154] DocStringExtensions v0.8.1
  [e30172f5] Documenter v0.24.0
  [682c06a0] JSON v0.21.0
  [4d1e1d77] Nullables v0.0.8
  [69de0a69] Parsers v0.3.10
  [2a0f44e3] Base64  [`@stdlib/Base64`]
  [ade2ca70] Dates  [`@stdlib/Dates`]
  [8bb1440f] DelimitedFiles  [`@stdlib/DelimitedFiles`]
  [8ba89e20] Distributed  [`@stdlib/Distributed`]
  [b77e0a4c] InteractiveUtils  [`@stdlib/InteractiveUtils`]
  [76f85450] LibGit2  [`@stdlib/LibGit2`]
  [8f399da3] Libdl  [`@stdlib/Libdl`]
  [37e2e46d] LinearAlgebra  [`@stdlib/LinearAlgebra`]
  [56ddb016] Logging  [`@stdlib/Logging`]
  [d6f4376e] Markdown  [`@stdlib/Markdown`]
  [a63ad114] Mmap  [`@stdlib/Mmap`]
  [44cfe95a] Pkg  [`@stdlib/Pkg`]
  [de0858da] Printf  [`@stdlib/Printf`]
  [3fa0cd96] REPL  [`@stdlib/REPL`]
  [9a3f8284] Random  [`@stdlib/Random`]
  [ea8e919c] SHA  [`@stdlib/SHA`]
  [9e88b42a] Serialization  [`@stdlib/Serialization`]
  [1a1011a3] SharedArrays  [`@stdlib/SharedArrays`]
  [6462fe0b] Sockets  [`@stdlib/Sockets`]
  [2f01184e] SparseArrays  [`@stdlib/SparseArrays`]
  [10745b16] Statistics  [`@stdlib/Statistics`]
  [8dfed614] Test  [`@stdlib/Test`]
  [cf7118a7] UUIDs  [`@stdlib/UUIDs`]
  [4ec0a83e] Unicode  [`@stdlib/Unicode`]
ERROR: LoadError: LoadError: MethodError: Cannot `convert` an object of type Symbol to an object of type Documenter.Writer
Closest candidates are:
  convert(::Type{T}, !Matched::T) where T at essentials.jl:154
Stacktrace:
 [1] setindex!(::Array{Documenter.Writer,1}, ::Symbol, ::Int64) at ./array.jl:769
 [2] getindex at ./array.jl:366 [inlined]
 [3] #Document#6(::String, ::String, ::String, ::Symbol, ::Symbol, ::Bool, ::Bool, ::Bool, ::Array{Any,1}, ::Symbol, ::Array{Regex,1}, ::Bool, ::Array{Module,1}, ::Array{String,1}, ::Array{String,1}, ::String, ::String, ::String, ::String, ::Bool, ::Base.Iterators.Pairs{Union{},Union{},Tuple{},NamedTuple{(),Tuple{}}}, ::Type, ::Tuple{}) at /root/.julia/packages/Documenter/STY11/src/Documents.jl:292
 [4] (::getfield(Core, Symbol("#kw#Type")))(::NamedTuple{(:format, :modules, :checkdocs, :sitename, :pages),Tuple{Symbol,Array{Module,1},Symbol,String,Array{String,1}}}, ::Type{Documenter.Documents.Document}, ::Tuple{}) at ./none:0
 [5] #makedocs#1(::Bool, ::Symbol, ::Base.Iterators.Pairs{Symbol,Any,NTuple{4,Symbol},NamedTuple{(:modules, :checkdocs, :sitename, :pages),Tuple{Array{Module,1},Symbol,String,Array{String,1}}}}, ::Function) at /root/.julia/packages/Documenter/STY11/src/Documenter.jl:235
 [6] (::getfield(Documenter, Symbol("#kw##makedocs")))(::NamedTuple{(:modules, :format, :checkdocs, :sitename, :pages),Tuple{Array{Module,1},Symbol,Symbol,String,Array{String,1}}}, ::typeof(makedocs)) at ./none:0
 [7] top-level scope at none:0
 [8] include at ./boot.jl:317 [inlined]
 [9] include_relative(::Module, ::String) at ./loading.jl:1044
 [10] include(::Module, ::String) at ./sysimg.jl:29
 [11] include(::String) at ./client.jl:392
 [12] top-level scope at none:0
 [13] include at ./boot.jl:317 [inlined]
 [14] include_relative(::Module, ::String) at ./loading.jl:1044
 [15] include(::Module, ::String) at ./sysimg.jl:29
 [16] include(::String) at ./client.jl:392
 [17] top-level scope at none:0
in expression starting at /root/.julia/packages/AbaqusReader/sDEH0/docs/make.jl:6
in expression starting at /root/.julia/packages/AbaqusReader/sDEH0/test/runtests.jl:7
ERROR: Package AbaqusReader errored during testing
Stacktrace:
 [1] pkgerror(::String, ::Vararg{String,N} where N) at /buildworker/worker/package_linux64/build/usr/share/julia/stdlib/v1.0/Pkg/src/Types.jl:120
 [2] #test#65(::Bool, ::Function, ::Pkg.Types.Context, ::Array{Pkg.Types.PackageSpec,1}) at /buildworker/worker/package_linux64/build/usr/share/julia/stdlib/v1.0/Pkg/src/Operations.jl:1357
 [3] #test at /buildworker/worker/package_linux64/build/usr/share/julia/stdlib/v1.0/Pkg/src/API.jl:0 [inlined]
 [4] #test#44(::Bool, ::Base.Iterators.Pairs{Union{},Union{},Tuple{},NamedTuple{(),Tuple{}}}, ::Function, ::Pkg.Types.Context, ::Array{Pkg.Types.PackageSpec,1}) at /buildworker/worker/package_linux64/build/usr/share/julia/stdlib/v1.0/Pkg/src/API.jl:278
 [5] test at /buildworker/worker/package_linux64/build/usr/share/julia/stdlib/v1.0/Pkg/src/API.jl:263 [inlined]
 [6] #test#43 at /buildworker/worker/package_linux64/build/usr/share/julia/stdlib/v1.0/Pkg/src/API.jl:260 [inlined]
 [7] test at /buildworker/worker/package_linux64/build/usr/share/julia/stdlib/v1.0/Pkg/src/API.jl:260 [inlined]
 [8] #test#42 at /buildworker/worker/package_linux64/build/usr/share/julia/stdlib/v1.0/Pkg/src/API.jl:259 [inlined]
 [9] test at /buildworker/worker/package_linux64/build/usr/share/julia/stdlib/v1.0/Pkg/src/API.jl:259 [inlined]
 [10] #test#41 at /buildworker/worker/package_linux64/build/usr/share/julia/stdlib/v1.0/Pkg/src/API.jl:258 [inlined]
 [11] test(::String) at /buildworker/worker/package_linux64/build/usr/share/julia/stdlib/v1.0/Pkg/src/API.jl:258
 [12] top-level scope at none:0
