 Resolving package versions...
 Installed ProgressLogging ─ v0.1.0
  Updating `~/.julia/environments/v1.2/Project.toml`
  [33c8b6b6] + ProgressLogging v0.1.0
  Updating `~/.julia/environments/v1.2/Manifest.toml`
  [33c8b6b6] + ProgressLogging v0.1.0
  [56ddb016] + Logging 
   Testing ProgressLogging
 Resolving package versions...
[ Info: No changes
    Status `/tmp/jl_KFlYmn/Manifest.toml`
  [33c8b6b6] ProgressLogging v0.1.0
  [2a0f44e3] Base64  [`@stdlib/Base64`]
  [8ba89e20] Distributed  [`@stdlib/Distributed`]
  [b77e0a4c] InteractiveUtils  [`@stdlib/InteractiveUtils`]
  [56ddb016] Logging  [`@stdlib/Logging`]
  [d6f4376e] Markdown  [`@stdlib/Markdown`]
  [9a3f8284] Random  [`@stdlib/Random`]
  [9e88b42a] Serialization  [`@stdlib/Serialization`]
  [6462fe0b] Sockets  [`@stdlib/Sockets`]
  [8dfed614] Test  [`@stdlib/Test`]
Test Summary:          | Pass  Total
test_progress_macro.jl |   14     14
Test Summary:              | Pass  Total
test_withprogress_macro.jl |   36     36
   Testing ProgressLogging tests passed 
