 Resolving package versions...
 Installed Requires ─────────── v0.5.2
 Installed VersionParsing ───── v1.1.3
 Installed AutoHashEquals ───── v0.2.0
 Installed ColorTypes ───────── v0.8.0
 Installed Parsers ──────────── v0.3.10
 Installed Arpack ───────────── v0.3.1
 Installed BinaryProvider ───── v0.5.8
 Installed TensorFlow ───────── v0.11.0
 Installed Reexport ─────────── v0.2.0
 Installed MacroTools ───────── v0.5.2
 Installed FixedPointNumbers ── v0.6.1
 Installed Conda ────────────── v1.3.0
 Installed BinDeps ──────────── v0.8.10
 Installed DataStructures ───── v0.17.6
 Installed SpecialFunctions ─── v0.8.0
 Installed MLDatasets ───────── v0.4.0
 Installed DataAPI ──────────── v1.1.0
 Installed JSON ─────────────── v0.21.0
 Installed IniFile ──────────── v0.5.0
 Installed PDMats ───────────── v0.9.10
 Installed Juno ─────────────── v0.7.2
 Installed URIParser ────────── v0.4.0
 Installed MbedTLS ──────────── v0.6.8
 Installed Media ────────────── v0.5.0
 Installed SortingAlgorithms ── v0.3.1
 Installed StatsBase ────────── v0.32.0
 Installed HTTP ─────────────── v0.8.8
 Installed Missings ─────────── v0.4.3
 Installed FileIO ───────────── v1.0.7
 Installed PyCall ───────────── v1.91.2
 Installed OrderedCollections ─ v1.1.0
 Installed GZip ─────────────── v0.5.0
 Installed CodecZlib ────────── v0.6.0
 Installed Distributions ────── v0.21.8
 Installed DataDeps ─────────── v0.7.1
 Installed Rmath ────────────── v0.5.1
 Installed JLD2 ─────────────── v0.1.8
 Installed StatsFuns ────────── v0.9.0
 Installed QuadGK ───────────── v2.1.1
 Installed ProtoBuf ─────────── v0.7.0
 Installed TranscodingStreams ─ v0.9.5
 Installed Compat ───────────── v2.2.0
  Updating `~/.julia/environments/v1.0/Project.toml`
  [1d978283] + TensorFlow v0.11.0
  Updating `~/.julia/environments/v1.0/Manifest.toml`
  [7d9fca2a] + Arpack v0.3.1
  [15f4f7f2] + AutoHashEquals v0.2.0
  [9e28174c] + BinDeps v0.8.10
  [b99e7846] + BinaryProvider v0.5.8
  [944b1d66] + CodecZlib v0.6.0
  [3da002f7] + ColorTypes v0.8.0
  [34da2185] + Compat v2.2.0
  [8f4d0f93] + Conda v1.3.0
  [9a962f9c] + DataAPI v1.1.0
  [124859b0] + DataDeps v0.7.1
  [864edb3b] + DataStructures v0.17.6
  [31c24e10] + Distributions v0.21.8
  [5789e2e9] + FileIO v1.0.7
  [53c48c17] + FixedPointNumbers v0.6.1
  [92fee26a] + GZip v0.5.0
  [cd3eb016] + HTTP v0.8.8
  [83e8ac13] + IniFile v0.5.0
  [033835bb] + JLD2 v0.1.8
  [682c06a0] + JSON v0.21.0
  [e5e0dc1b] + Juno v0.7.2
  [eb30cadb] + MLDatasets v0.4.0
  [1914dd2f] + MacroTools v0.5.2
  [739be429] + MbedTLS v0.6.8
  [e89f7d12] + Media v0.5.0
  [e1d29d7a] + Missings v0.4.3
  [bac558e1] + OrderedCollections v1.1.0
  [90014a1f] + PDMats v0.9.10
  [69de0a69] + Parsers v0.3.10
  [3349acd9] + ProtoBuf v0.7.0
  [438e738f] + PyCall v1.91.2
  [1fd47b50] + QuadGK v2.1.1
  [189a3867] + Reexport v0.2.0
  [ae029012] + Requires v0.5.2
  [79098fc4] + Rmath v0.5.1
  [a2af1166] + SortingAlgorithms v0.3.1
  [276daf66] + SpecialFunctions v0.8.0
  [2913bbd2] + StatsBase v0.32.0
  [4c63d2b9] + StatsFuns v0.9.0
  [1d978283] + TensorFlow v0.11.0
  [3bb67fe8] + TranscodingStreams v0.9.5
  [30578b45] + URIParser v0.4.0
  [81def892] + VersionParsing v1.1.3
  [2a0f44e3] + Base64 
  [ade2ca70] + Dates 
  [8bb1440f] + DelimitedFiles 
  [8ba89e20] + Distributed 
  [b77e0a4c] + InteractiveUtils 
  [76f85450] + LibGit2 
  [8f399da3] + Libdl 
  [37e2e46d] + LinearAlgebra 
  [56ddb016] + Logging 
  [d6f4376e] + Markdown 
  [a63ad114] + Mmap 
  [44cfe95a] + Pkg 
  [de0858da] + Printf 
  [9abbd945] + Profile 
  [3fa0cd96] + REPL 
  [9a3f8284] + Random 
  [ea8e919c] + SHA 
  [9e88b42a] + Serialization 
  [1a1011a3] + SharedArrays 
  [6462fe0b] + Sockets 
  [2f01184e] + SparseArrays 
  [10745b16] + Statistics 
  [4607b0f0] + SuiteSparse 
  [8dfed614] + Test 
  [cf7118a7] + UUIDs 
  [4ec0a83e] + Unicode 
  Building Arpack ──────────→ `~/.julia/packages/Arpack/cu5By/deps/build.log`
  Building SpecialFunctions → `~/.julia/packages/SpecialFunctions/ne2iw/deps/build.log`
  Building Rmath ───────────→ `~/.julia/packages/Rmath/4wt82/deps/build.log`
  Building Conda ───────────→ `~/.julia/packages/Conda/kLXeC/deps/build.log`
  Building MbedTLS ─────────→ `~/.julia/packages/MbedTLS/X4xar/deps/build.log`
  Building PyCall ──────────→ `~/.julia/packages/PyCall/ttONZ/deps/build.log`
  Building CodecZlib ───────→ `~/.julia/packages/CodecZlib/5t9zO/deps/build.log`
  Building TensorFlow ──────→ `~/.julia/packages/TensorFlow/q9pY2/deps/build.log`
┌ Error: Error building `TensorFlow`: 
│ [ Info: Building TensorFlow.jl for CPU use only. To enable the GPU, set the TF_USE_GPU environment variable to 1 and rebuild TensorFlow.jl
│ ERROR: LoadError: Python TensorFlow not installed
│ Please either:
│  - Rebuild PyCall to use Conda, by running in the julia REPL:
│     - `ENV["PYTHON"]=""; Pkg.build("PyCall"); Pkg.build("TensorFlow")`
│  - Or install the python binding yourself, eg by running pip
│     - `pip install tensorflow`
│     - then rebuilding TensorFlow.jl via `Pkg.build("TensorFlow")` in the julia REPL
│     - make sure you run the right pip, for the instance of python that PyCall is looking at.
│ 
│ Stacktrace:
│  [1] error(::String) at ./error.jl:33
│  [2] top-level scope at /root/.julia/packages/TensorFlow/q9pY2/deps/build.jl:48
│  [3] include at ./boot.jl:317 [inlined]
│  [4] include_relative(::Module, ::String) at ./loading.jl:1044
│  [5] include(::Module, ::String) at ./sysimg.jl:29
│  [6] include(::String) at ./client.jl:392
│  [7] top-level scope at none:0
│ in expression starting at /root/.julia/packages/TensorFlow/q9pY2/deps/build.jl:39
└ @ Pkg.Operations /buildworker/worker/package_linux64/build/usr/share/julia/stdlib/v1.0/Pkg/src/Operations.jl:1096
   Testing TensorFlow
    Status `/tmp/tmpdVj7w7/Manifest.toml`
  [7d9fca2a] Arpack v0.3.1
  [15f4f7f2] AutoHashEquals v0.2.0
  [9e28174c] BinDeps v0.8.10
  [b99e7846] BinaryProvider v0.5.8
  [944b1d66] CodecZlib v0.6.0
  [3da002f7] ColorTypes v0.8.0
  [34da2185] Compat v2.2.0
  [8f4d0f93] Conda v1.3.0
  [9a962f9c] DataAPI v1.1.0
  [124859b0] DataDeps v0.7.1
  [864edb3b] DataStructures v0.17.6
  [31c24e10] Distributions v0.21.8
  [5789e2e9] FileIO v1.0.7
  [53c48c17] FixedPointNumbers v0.6.1
  [92fee26a] GZip v0.5.0
  [cd3eb016] HTTP v0.8.8
  [83e8ac13] IniFile v0.5.0
  [033835bb] JLD2 v0.1.8
  [682c06a0] JSON v0.21.0
  [e5e0dc1b] Juno v0.7.2
  [eb30cadb] MLDatasets v0.4.0
  [1914dd2f] MacroTools v0.5.2
  [739be429] MbedTLS v0.6.8
  [e89f7d12] Media v0.5.0
  [e1d29d7a] Missings v0.4.3
  [bac558e1] OrderedCollections v1.1.0
  [90014a1f] PDMats v0.9.10
  [69de0a69] Parsers v0.3.10
  [3349acd9] ProtoBuf v0.7.0
  [438e738f] PyCall v1.91.2
  [1fd47b50] QuadGK v2.1.1
  [189a3867] Reexport v0.2.0
  [ae029012] Requires v0.5.2
  [79098fc4] Rmath v0.5.1
  [a2af1166] SortingAlgorithms v0.3.1
  [276daf66] SpecialFunctions v0.8.0
  [2913bbd2] StatsBase v0.32.0
  [4c63d2b9] StatsFuns v0.9.0
  [1d978283] TensorFlow v0.11.0
  [3bb67fe8] TranscodingStreams v0.9.5
  [30578b45] URIParser v0.4.0
  [81def892] VersionParsing v1.1.3
  [2a0f44e3] Base64  [`@stdlib/Base64`]
  [ade2ca70] Dates  [`@stdlib/Dates`]
  [8bb1440f] DelimitedFiles  [`@stdlib/DelimitedFiles`]
  [8ba89e20] Distributed  [`@stdlib/Distributed`]
  [b77e0a4c] InteractiveUtils  [`@stdlib/InteractiveUtils`]
  [76f85450] LibGit2  [`@stdlib/LibGit2`]
  [8f399da3] Libdl  [`@stdlib/Libdl`]
  [37e2e46d] LinearAlgebra  [`@stdlib/LinearAlgebra`]
  [56ddb016] Logging  [`@stdlib/Logging`]
  [d6f4376e] Markdown  [`@stdlib/Markdown`]
  [a63ad114] Mmap  [`@stdlib/Mmap`]
  [44cfe95a] Pkg  [`@stdlib/Pkg`]
  [de0858da] Printf  [`@stdlib/Printf`]
  [9abbd945] Profile  [`@stdlib/Profile`]
  [3fa0cd96] REPL  [`@stdlib/REPL`]
  [9a3f8284] Random  [`@stdlib/Random`]
  [ea8e919c] SHA  [`@stdlib/SHA`]
  [9e88b42a] Serialization  [`@stdlib/Serialization`]
  [1a1011a3] SharedArrays  [`@stdlib/SharedArrays`]
  [6462fe0b] Sockets  [`@stdlib/Sockets`]
  [2f01184e] SparseArrays  [`@stdlib/SparseArrays`]
  [10745b16] Statistics  [`@stdlib/Statistics`]
  [4607b0f0] SuiteSparse  [`@stdlib/SuiteSparse`]
  [8dfed614] Test  [`@stdlib/Test`]
  [cf7118a7] UUIDs  [`@stdlib/UUIDs`]
  [4ec0a83e] Unicode  [`@stdlib/Unicode`]
┌ Warning: Loading a new version of TensorFlow.jl for the first time. This initial load can take around 5 minutes as code is precompiled; subsequent usage will only take a few seconds.
└ @ TensorFlow ~/.julia/packages/TensorFlow/q9pY2/src/TensorFlow.jl:3
ERROR: LoadError: LoadError: could not load library "/root/.julia/packages/TensorFlow/q9pY2/src/../deps/usr/bin/libtensorflow"
/root/.julia/packages/TensorFlow/q9pY2/src/../deps/usr/bin/libtensorflow.so: cannot open shared object file: No such file or directory
Stacktrace:
 [1] dlopen(::String, ::UInt32) at /buildworker/worker/package_linux64/build/usr/share/julia/stdlib/v1.0/Libdl/src/Libdl.jl:97 (repeats 2 times)
 [2] Graph() at /root/.julia/packages/TensorFlow/q9pY2/src/core.jl:22
 [3] top-level scope at none:0
 [4] include at ./boot.jl:317 [inlined]
 [5] include_relative(::Module, ::String) at ./loading.jl:1044
 [6] include(::Module, ::String) at ./sysimg.jl:29
 [7] include(::String) at ./client.jl:392
 [8] top-level scope at none:0
 [9] include at ./boot.jl:317 [inlined]
 [10] include_relative(::Module, ::String) at ./loading.jl:1044
 [11] include(::Module, ::String) at ./sysimg.jl:29
 [12] include(::String) at ./client.jl:392
 [13] top-level scope at none:0
in expression starting at /root/.julia/packages/TensorFlow/q9pY2/examples/logistic.jl:23
in expression starting at /root/.julia/packages/TensorFlow/q9pY2/test/runtests.jl:7
ERROR: Package TensorFlow errored during testing
Stacktrace:
 [1] pkgerror(::String, ::Vararg{String,N} where N) at /buildworker/worker/package_linux64/build/usr/share/julia/stdlib/v1.0/Pkg/src/Types.jl:120
 [2] #test#65(::Bool, ::Function, ::Pkg.Types.Context, ::Array{Pkg.Types.PackageSpec,1}) at /buildworker/worker/package_linux64/build/usr/share/julia/stdlib/v1.0/Pkg/src/Operations.jl:1357
 [3] #test at /buildworker/worker/package_linux64/build/usr/share/julia/stdlib/v1.0/Pkg/src/API.jl:0 [inlined]
 [4] #test#44(::Bool, ::Base.Iterators.Pairs{Union{},Union{},Tuple{},NamedTuple{(),Tuple{}}}, ::Function, ::Pkg.Types.Context, ::Array{Pkg.Types.PackageSpec,1}) at /buildworker/worker/package_linux64/build/usr/share/julia/stdlib/v1.0/Pkg/src/API.jl:278
 [5] test at /buildworker/worker/package_linux64/build/usr/share/julia/stdlib/v1.0/Pkg/src/API.jl:263 [inlined]
 [6] #test#43 at /buildworker/worker/package_linux64/build/usr/share/julia/stdlib/v1.0/Pkg/src/API.jl:260 [inlined]
 [7] test at /buildworker/worker/package_linux64/build/usr/share/julia/stdlib/v1.0/Pkg/src/API.jl:260 [inlined]
 [8] #test#42 at /buildworker/worker/package_linux64/build/usr/share/julia/stdlib/v1.0/Pkg/src/API.jl:259 [inlined]
 [9] test at /buildworker/worker/package_linux64/build/usr/share/julia/stdlib/v1.0/Pkg/src/API.jl:259 [inlined]
 [10] #test#41 at /buildworker/worker/package_linux64/build/usr/share/julia/stdlib/v1.0/Pkg/src/API.jl:258 [inlined]
 [11] test(::String) at /buildworker/worker/package_linux64/build/usr/share/julia/stdlib/v1.0/Pkg/src/API.jl:258
 [12] top-level scope at none:0
