 Resolving package versions...
 Installed URIParser ─────────────────── v0.4.0
 Installed Mustache ──────────────────── v0.5.13
 Installed DataValueInterfaces ───────── v1.0.0
 Installed DataAPI ───────────────────── v1.1.0
 Installed Tables ────────────────────── v0.2.11
 Installed TableTraits ───────────────── v1.0.0
 Installed IteratorInterfaceExtensions ─ v1.0.0
 Installed PkgTemplates ──────────────── v0.6.3
  Updating `~/.julia/environments/v1.0/Project.toml`
  [14b8a8f1] + PkgTemplates v0.6.3
  Updating `~/.julia/environments/v1.0/Manifest.toml`
  [9a962f9c] + DataAPI v1.1.0
  [e2d170a0] + DataValueInterfaces v1.0.0
  [82899510] + IteratorInterfaceExtensions v1.0.0
  [ffc61752] + Mustache v0.5.13
  [14b8a8f1] + PkgTemplates v0.6.3
  [3783bdb8] + TableTraits v1.0.0
  [bd369af6] + Tables v0.2.11
  [30578b45] + URIParser v0.4.0
  [2a0f44e3] + Base64 
  [ade2ca70] + Dates 
  [8ba89e20] + Distributed 
  [b77e0a4c] + InteractiveUtils 
  [76f85450] + LibGit2 
  [8f399da3] + Libdl 
  [37e2e46d] + LinearAlgebra 
  [56ddb016] + Logging 
  [d6f4376e] + Markdown 
  [44cfe95a] + Pkg 
  [de0858da] + Printf 
  [3fa0cd96] + REPL 
  [9a3f8284] + Random 
  [ea8e919c] + SHA 
  [9e88b42a] + Serialization 
  [6462fe0b] + Sockets 
  [8dfed614] + Test 
  [cf7118a7] + UUIDs 
  [4ec0a83e] + Unicode 
   Testing PkgTemplates
 Resolving package versions...
    Status `/tmp/tmpxrzXhz/Manifest.toml`
  [9a962f9c] DataAPI v1.1.0
  [e2d170a0] DataValueInterfaces v1.0.0
  [82899510] IteratorInterfaceExtensions v1.0.0
  [ffc61752] Mustache v0.5.13
  [14b8a8f1] PkgTemplates v0.6.3
  [3783bdb8] TableTraits v1.0.0
  [bd369af6] Tables v0.2.11
  [30578b45] URIParser v0.4.0
  [2a0f44e3] Base64  [`@stdlib/Base64`]
  [ade2ca70] Dates  [`@stdlib/Dates`]
  [8ba89e20] Distributed  [`@stdlib/Distributed`]
  [b77e0a4c] InteractiveUtils  [`@stdlib/InteractiveUtils`]
  [76f85450] LibGit2  [`@stdlib/LibGit2`]
  [8f399da3] Libdl  [`@stdlib/Libdl`]
  [37e2e46d] LinearAlgebra  [`@stdlib/LinearAlgebra`]
  [56ddb016] Logging  [`@stdlib/Logging`]
  [d6f4376e] Markdown  [`@stdlib/Markdown`]
  [44cfe95a] Pkg  [`@stdlib/Pkg`]
  [de0858da] Printf  [`@stdlib/Printf`]
  [3fa0cd96] REPL  [`@stdlib/REPL`]
  [9a3f8284] Random  [`@stdlib/Random`]
  [ea8e919c] SHA  [`@stdlib/SHA`]
  [9e88b42a] Serialization  [`@stdlib/Serialization`]
  [6462fe0b] Sockets  [`@stdlib/Sockets`]
  [8dfed614] Test  [`@stdlib/Test`]
  [cf7118a7] UUIDs  [`@stdlib/UUIDs`]
  [4ec0a83e] Unicode  [`@stdlib/Unicode`]
┌ Warning: Git config option 'user.name' missing, package generation will fail unless you supply a GitConfig
└ @ PkgTemplates ~/.julia/packages/PkgTemplates/DXe8J/src/template.jl:242
┌ Warning: Git config option 'user.email' missing, package generation will fail unless you supply a GitConfig
└ @ PkgTemplates ~/.julia/packages/PkgTemplates/DXe8J/src/template.jl:242
┌ Warning: Git config option 'user.name' missing, package generation will fail unless you supply a GitConfig
└ @ PkgTemplates ~/.julia/packages/PkgTemplates/DXe8J/src/template.jl:242
┌ Warning: Git config option 'user.email' missing, package generation will fail unless you supply a GitConfig
└ @ PkgTemplates ~/.julia/packages/PkgTemplates/DXe8J/src/template.jl:242
┌ Warning: Git config option 'user.name' missing, package generation will fail unless you supply a GitConfig
└ @ PkgTemplates ~/.julia/packages/PkgTemplates/DXe8J/src/template.jl:242
┌ Warning: Git config option 'user.email' missing, package generation will fail unless you supply a GitConfig
└ @ PkgTemplates ~/.julia/packages/PkgTemplates/DXe8J/src/template.jl:242
┌ Warning: Git config option 'user.name' missing, package generation will fail unless you supply a GitConfig
└ @ PkgTemplates ~/.julia/packages/PkgTemplates/DXe8J/src/template.jl:242
┌ Warning: Git config option 'user.email' missing, package generation will fail unless you supply a GitConfig
└ @ PkgTemplates ~/.julia/packages/PkgTemplates/DXe8J/src/template.jl:242
┌ Warning: Git config option 'user.name' missing, package generation will fail unless you supply a GitConfig
└ @ PkgTemplates ~/.julia/packages/PkgTemplates/DXe8J/src/template.jl:242
┌ Warning: Git config option 'user.email' missing, package generation will fail unless you supply a GitConfig
└ @ PkgTemplates ~/.julia/packages/PkgTemplates/DXe8J/src/template.jl:242
┌ Warning: Git config option 'user.name' missing, package generation will fail unless you supply a GitConfig
└ @ PkgTemplates ~/.julia/packages/PkgTemplates/DXe8J/src/template.jl:242
┌ Warning: Git config option 'user.email' missing, package generation will fail unless you supply a GitConfig
└ @ PkgTemplates ~/.julia/packages/PkgTemplates/DXe8J/src/template.jl:242
┌ Warning: Git config option 'user.name' missing, package generation will fail unless you supply a GitConfig
└ @ PkgTemplates ~/.julia/packages/PkgTemplates/DXe8J/src/template.jl:242
┌ Warning: Git config option 'user.email' missing, package generation will fail unless you supply a GitConfig
└ @ PkgTemplates ~/.julia/packages/PkgTemplates/DXe8J/src/template.jl:242
┌ Warning: Git config option 'user.name' missing, package generation will fail unless you supply a GitConfig
└ @ PkgTemplates ~/.julia/packages/PkgTemplates/DXe8J/src/template.jl:242
┌ Warning: Git config option 'user.email' missing, package generation will fail unless you supply a GitConfig
└ @ PkgTemplates ~/.julia/packages/PkgTemplates/DXe8J/src/template.jl:242
┌ Warning: Git config option 'user.name' missing, package generation will fail unless you supply a GitConfig
└ @ PkgTemplates ~/.julia/packages/PkgTemplates/DXe8J/src/template.jl:242
┌ Warning: Git config option 'user.email' missing, package generation will fail unless you supply a GitConfig
└ @ PkgTemplates ~/.julia/packages/PkgTemplates/DXe8J/src/template.jl:242
┌ Warning: Git config option 'user.name' missing, package generation will fail unless you supply a GitConfig
└ @ PkgTemplates ~/.julia/packages/PkgTemplates/DXe8J/src/template.jl:242
┌ Warning: Git config option 'user.email' missing, package generation will fail unless you supply a GitConfig
└ @ PkgTemplates ~/.julia/packages/PkgTemplates/DXe8J/src/template.jl:242
┌ Warning: Git config option 'user.name' missing, package generation will fail unless you supply a GitConfig
└ @ PkgTemplates ~/.julia/packages/PkgTemplates/DXe8J/src/template.jl:242
┌ Warning: Git config option 'user.email' missing, package generation will fail unless you supply a GitConfig
└ @ PkgTemplates ~/.julia/packages/PkgTemplates/DXe8J/src/template.jl:242
┌ Warning: Git config option 'user.name' missing, package generation will fail unless you supply a GitConfig
└ @ PkgTemplates ~/.julia/packages/PkgTemplates/DXe8J/src/template.jl:242
┌ Warning: Git config option 'user.email' missing, package generation will fail unless you supply a GitConfig
└ @ PkgTemplates ~/.julia/packages/PkgTemplates/DXe8J/src/template.jl:242
┌ Warning: Git config option 'user.name' missing, package generation will fail unless you supply a GitConfig
└ @ PkgTemplates ~/.julia/packages/PkgTemplates/DXe8J/src/template.jl:242
┌ Warning: Git config option 'user.email' missing, package generation will fail unless you supply a GitConfig
└ @ PkgTemplates ~/.julia/packages/PkgTemplates/DXe8J/src/template.jl:242
┌ Warning: Git config option 'user.name' missing, package generation will fail unless you supply a GitConfig
└ @ PkgTemplates ~/.julia/packages/PkgTemplates/DXe8J/src/template.jl:242
┌ Warning: Git config option 'user.email' missing, package generation will fail unless you supply a GitConfig
└ @ PkgTemplates ~/.julia/packages/PkgTemplates/DXe8J/src/template.jl:242
┌ Warning: Git config option 'user.name' missing, package generation will fail unless you supply a GitConfig
└ @ PkgTemplates ~/.julia/packages/PkgTemplates/DXe8J/src/template.jl:242
┌ Warning: Git config option 'user.email' missing, package generation will fail unless you supply a GitConfig
└ @ PkgTemplates ~/.julia/packages/PkgTemplates/DXe8J/src/template.jl:242
┌ Warning: Git config option 'user.name' missing, package generation will fail unless you supply a GitConfig
└ @ PkgTemplates ~/.julia/packages/PkgTemplates/DXe8J/src/template.jl:242
┌ Warning: Git config option 'user.email' missing, package generation will fail unless you supply a GitConfig
└ @ PkgTemplates ~/.julia/packages/PkgTemplates/DXe8J/src/template.jl:242
┌ Warning: Git config option 'user.name' missing, package generation will fail unless you supply a GitConfig
└ @ PkgTemplates ~/.julia/packages/PkgTemplates/DXe8J/src/template.jl:242
┌ Warning: Git config option 'user.email' missing, package generation will fail unless you supply a GitConfig
└ @ PkgTemplates ~/.julia/packages/PkgTemplates/DXe8J/src/template.jl:242
   Cloning default registries into /tmp/tmpjemvdg/registries
   Cloning registry General from "https://github.com/JuliaRegistries/General.git"
[?25l    Fetching: [>                                        ]  0.0 %    Fetching: [========>                                ]  19.9 %    Fetching: [==============>                          ]  33.4 %    Fetching: [=====================>                   ]  51.0 %    Fetching: [==============================>          ]  74.3 %    Fetching: [========================================>]  98.4 %[2K[?25h Resolving package versions...
  Updating `/tmp/tmpDMuljg/TestPkg/Project.toml`
  [8dfed614] + Test 
  Updating `/tmp/tmpDMuljg/TestPkg/Manifest.toml`
  [2a0f44e3] + Base64 
  [8ba89e20] + Distributed 
  [b77e0a4c] + InteractiveUtils 
  [8f399da3] + Libdl 
  [37e2e46d] + LinearAlgebra 
  [56ddb016] + Logging 
  [d6f4376e] + Markdown 
  [9a3f8284] + Random 
  [9e88b42a] + Serialization 
  [6462fe0b] + Sockets 
  [8dfed614] + Test 
  Updating registry at `/tmp/tmpjemvdg/registries/General`
  Updating git-repo `https://github.com/JuliaRegistries/General.git`
[?25l[2K[?25h Resolving package versions...
  Updating `/tmp/tmpDMuljg/TestPkg/Project.toml`
 [no changes]
  Updating `/tmp/tmpDMuljg/TestPkg/Manifest.toml`
  [2a0f44e3] - Base64 
  [8ba89e20] - Distributed 
  [b77e0a4c] - InteractiveUtils 
  [8f399da3] - Libdl 
  [37e2e46d] - LinearAlgebra 
  [56ddb016] - Logging 
  [d6f4376e] - Markdown 
  [9a3f8284] - Random 
  [9e88b42a] - Serialization 
  [6462fe0b] - Sockets 
  [8dfed614] - Test 
┌ Warning: Git config option 'user.name' missing, package generation will fail unless you supply a GitConfig
└ @ PkgTemplates ~/.julia/packages/PkgTemplates/DXe8J/src/template.jl:242
┌ Warning: Git config option 'user.email' missing, package generation will fail unless you supply a GitConfig
└ @ PkgTemplates ~/.julia/packages/PkgTemplates/DXe8J/src/template.jl:242
Generating project TestPkg:
    /tmp/tmpjemvdg/dev/TestPkg/Project.toml
    /tmp/tmpjemvdg/dev/TestPkg/src/TestPkg.jl
[ Info: Initialized Git repo at /tmp/tmpjemvdg/dev/TestPkg
[ Info: Set remote origin to https://github.com/christopher-dG/TestPkg.jl
 Resolving package versions...
  Updating `/tmp/tmpjemvdg/dev/TestPkg/Project.toml`
  [8dfed614] + Test 
  Updating `/tmp/tmpjemvdg/dev/TestPkg/Manifest.toml`
  [2a0f44e3] + Base64 
  [8ba89e20] + Distributed 
  [b77e0a4c] + InteractiveUtils 
  [8f399da3] + Libdl 
  [37e2e46d] + LinearAlgebra 
  [56ddb016] + Logging 
  [d6f4376e] + Markdown 
  [9a3f8284] + Random 
  [9e88b42a] + Serialization 
  [6462fe0b] + Sockets 
  [8dfed614] + Test 
  Updating registry at `/tmp/tmpjemvdg/registries/General`
  Updating git-repo `https://github.com/JuliaRegistries/General.git`
[?25l[2K[?25h Resolving package versions...
  Updating `/tmp/tmpjemvdg/dev/TestPkg/Project.toml`
 [no changes]
  Updating `/tmp/tmpjemvdg/dev/TestPkg/Manifest.toml`
  [2a0f44e3] - Base64 
  [8ba89e20] - Distributed 
  [b77e0a4c] - InteractiveUtils 
  [8f399da3] - Libdl 
  [37e2e46d] - LinearAlgebra 
  [56ddb016] - Logging 
  [d6f4376e] - Markdown 
  [9a3f8284] - Random 
  [9e88b42a] - Serialization 
  [6462fe0b] - Sockets 
  [8dfed614] - Test 
[ Info: Committed 6 files/directories: src/, Project.toml, test/, README.md, LICENSE, .gitignore
 Resolving package versions...
  Updating `/tmp/tmpxrzXhz/Project.toml`
  [dfc04624] + TestPkg v0.1.0 [`/tmp/tmpjemvdg/dev/TestPkg`]
  Updating `/tmp/tmpxrzXhz/Manifest.toml`
  [dfc04624] + TestPkg v0.1.0 [`/tmp/tmpjemvdg/dev/TestPkg`]
[ Info: New package is at /tmp/tmpjemvdg/dev/TestPkg
┌ Warning: Git config option 'user.name' missing, package generation will fail unless you supply a GitConfig
└ @ PkgTemplates ~/.julia/packages/PkgTemplates/DXe8J/src/template.jl:242
┌ Warning: Git config option 'user.email' missing, package generation will fail unless you supply a GitConfig
└ @ PkgTemplates ~/.julia/packages/PkgTemplates/DXe8J/src/template.jl:242
Generating project TestPkg:
    /tmp/tmpjemvdg/dev/TestPkg/Project.toml
    /tmp/tmpjemvdg/dev/TestPkg/src/TestPkg.jl
[ Info: Initialized Git repo at /tmp/tmpjemvdg/dev/TestPkg
[ Info: Set remote origin to git@github.com:christopher-dG/TestPkg.jl.git
 Resolving package versions...
  Updating `/tmp/tmpjemvdg/dev/TestPkg/Project.toml`
  [8dfed614] + Test 
  Updating `/tmp/tmpjemvdg/dev/TestPkg/Manifest.toml`
  [2a0f44e3] + Base64 
  [8ba89e20] + Distributed 
  [b77e0a4c] + InteractiveUtils 
  [8f399da3] + Libdl 
  [37e2e46d] + LinearAlgebra 
  [56ddb016] + Logging 
  [d6f4376e] + Markdown 
  [9a3f8284] + Random 
  [9e88b42a] + Serialization 
  [6462fe0b] + Sockets 
  [8dfed614] + Test 
  Updating registry at `/tmp/tmpjemvdg/registries/General`
  Updating git-repo `https://github.com/JuliaRegistries/General.git`
[?25l[2K[?25h Resolving package versions...
  Updating `/tmp/tmpjemvdg/dev/TestPkg/Project.toml`
 [no changes]
  Updating `/tmp/tmpjemvdg/dev/TestPkg/Manifest.toml`
  [2a0f44e3] - Base64 
  [8ba89e20] - Distributed 
  [b77e0a4c] - InteractiveUtils 
  [8f399da3] - Libdl 
  [37e2e46d] - LinearAlgebra 
  [56ddb016] - Logging 
  [d6f4376e] - Markdown 
  [9a3f8284] - Random 
  [9e88b42a] - Serialization 
  [6462fe0b] - Sockets 
  [8dfed614] - Test 
[ Info: Committed 6 files/directories: src/, Project.toml, test/, README.md, LICENSE, .gitignore
 Resolving package versions...
  Updating `/tmp/tmpxrzXhz/Project.toml`
  [dfc04624] - TestPkg v0.1.0 [`/tmp/tmpjemvdg/dev/TestPkg`]
  [e253e490] + TestPkg v0.1.0 [`/tmp/tmpjemvdg/dev/TestPkg`]
  Updating `/tmp/tmpxrzXhz/Manifest.toml`
  [dfc04624] - TestPkg v0.1.0 [`/tmp/tmpjemvdg/dev/TestPkg`]
  [e253e490] + TestPkg v0.1.0 [`/tmp/tmpjemvdg/dev/TestPkg`]
[ Info: New package is at /tmp/tmpjemvdg/dev/TestPkg
┌ Warning: Git config option 'user.name' missing, package generation will fail unless you supply a GitConfig
└ @ PkgTemplates ~/.julia/packages/PkgTemplates/DXe8J/src/template.jl:242
┌ Warning: Git config option 'user.email' missing, package generation will fail unless you supply a GitConfig
└ @ PkgTemplates ~/.julia/packages/PkgTemplates/DXe8J/src/template.jl:242
Generating project TestPkg:
    /tmp/tmpjemvdg/dev/TestPkg/Project.toml
    /tmp/tmpjemvdg/dev/TestPkg/src/TestPkg.jl
[ Info: Initialized Git repo at /tmp/tmpjemvdg/dev/TestPkg
[ Info: Set remote origin to https://gitlab.com/christopher-dG/TestPkg.jl
 Resolving package versions...
  Updating `/tmp/tmpjemvdg/dev/TestPkg/Project.toml`
  [8dfed614] + Test 
  Updating `/tmp/tmpjemvdg/dev/TestPkg/Manifest.toml`
  [2a0f44e3] + Base64 
  [8ba89e20] + Distributed 
  [b77e0a4c] + InteractiveUtils 
  [8f399da3] + Libdl 
  [37e2e46d] + LinearAlgebra 
  [56ddb016] + Logging 
  [d6f4376e] + Markdown 
  [9a3f8284] + Random 
  [9e88b42a] + Serialization 
  [6462fe0b] + Sockets 
  [8dfed614] + Test 
  Updating registry at `/tmp/tmpjemvdg/registries/General`
  Updating git-repo `https://github.com/JuliaRegistries/General.git`
[?25l[2K[?25h Resolving package versions...
  Updating `/tmp/tmpjemvdg/dev/TestPkg/Project.toml`
 [no changes]
  Updating `/tmp/tmpjemvdg/dev/TestPkg/Manifest.toml`
  [2a0f44e3] - Base64 
  [8ba89e20] - Distributed 
  [b77e0a4c] - InteractiveUtils 
  [8f399da3] - Libdl 
  [37e2e46d] - LinearAlgebra 
  [56ddb016] - Logging 
  [d6f4376e] - Markdown 
  [9a3f8284] - Random 
  [9e88b42a] - Serialization 
  [6462fe0b] - Sockets 
  [8dfed614] - Test 
[ Info: Committed 6 files/directories: src/, Project.toml, test/, README.md, LICENSE, .gitignore
 Resolving package versions...
  Updating `/tmp/tmpxrzXhz/Project.toml`
  [e253e490] - TestPkg v0.1.0 [`/tmp/tmpjemvdg/dev/TestPkg`]
  [e35d0808] + TestPkg v0.1.0 [`/tmp/tmpjemvdg/dev/TestPkg`]
  Updating `/tmp/tmpxrzXhz/Manifest.toml`
  [e253e490] - TestPkg v0.1.0 [`/tmp/tmpjemvdg/dev/TestPkg`]
  [e35d0808] + TestPkg v0.1.0 [`/tmp/tmpjemvdg/dev/TestPkg`]
[ Info: New package is at /tmp/tmpjemvdg/dev/TestPkg
┌ Warning: Git config option 'user.name' missing, package generation will fail unless you supply a GitConfig
└ @ PkgTemplates ~/.julia/packages/PkgTemplates/DXe8J/src/template.jl:242
┌ Warning: Git config option 'user.email' missing, package generation will fail unless you supply a GitConfig
└ @ PkgTemplates ~/.julia/packages/PkgTemplates/DXe8J/src/template.jl:242
Generating project TestPkg:
    /tmp/tmp9a9xtq/TestPkg/Project.toml
    /tmp/tmp9a9xtq/TestPkg/src/TestPkg.jl
[ Info: Initialized Git repo at /tmp/tmp9a9xtq/TestPkg
[ Info: Set remote origin to https://github.com/christopher-dG/TestPkg.jl
 Resolving package versions...
  Updating `/tmp/tmp9a9xtq/TestPkg/Project.toml`
  [8dfed614] + Test 
  Updating `/tmp/tmp9a9xtq/TestPkg/Manifest.toml`
  [2a0f44e3] + Base64 
  [8ba89e20] + Distributed 
  [b77e0a4c] + InteractiveUtils 
  [8f399da3] + Libdl 
  [37e2e46d] + LinearAlgebra 
  [56ddb016] + Logging 
  [d6f4376e] + Markdown 
  [9a3f8284] + Random 
  [9e88b42a] + Serialization 
  [6462fe0b] + Sockets 
  [8dfed614] + Test 
  Updating registry at `/tmp/tmpjemvdg/registries/General`
  Updating git-repo `https://github.com/JuliaRegistries/General.git`
[?25l[2K[?25h Resolving package versions...
  Updating `/tmp/tmp9a9xtq/TestPkg/Project.toml`
 [no changes]
  Updating `/tmp/tmp9a9xtq/TestPkg/Manifest.toml`
  [2a0f44e3] - Base64 
  [8ba89e20] - Distributed 
  [b77e0a4c] - InteractiveUtils 
  [8f399da3] - Libdl 
  [37e2e46d] - LinearAlgebra 
  [56ddb016] - Logging 
  [d6f4376e] - Markdown 
  [9a3f8284] - Random 
  [9e88b42a] - Serialization 
  [6462fe0b] - Sockets 
  [8dfed614] - Test 
[ Info: Committed 6 files/directories: src/, Project.toml, test/, README.md, LICENSE, .gitignore
 Resolving package versions...
  Updating `/tmp/tmpxrzXhz/Project.toml`
  [e35d0808] - TestPkg v0.1.0 [`/tmp/tmpjemvdg/dev/TestPkg`]
  [e479f930] + TestPkg v0.1.0 [`/tmp/tmp9a9xtq/TestPkg`]
  Updating `/tmp/tmpxrzXhz/Manifest.toml`
  [e35d0808] - TestPkg v0.1.0 [`/tmp/tmpjemvdg/dev/TestPkg`]
  [e479f930] + TestPkg v0.1.0 [`/tmp/tmp9a9xtq/TestPkg`]
[ Info: New package is at /tmp/tmp9a9xtq/TestPkg
┌ Warning: Git config option 'user.name' missing, package generation will fail unless you supply a GitConfig
└ @ PkgTemplates ~/.julia/packages/PkgTemplates/DXe8J/src/template.jl:242
┌ Warning: Git config option 'user.email' missing, package generation will fail unless you supply a GitConfig
└ @ PkgTemplates ~/.julia/packages/PkgTemplates/DXe8J/src/template.jl:242
Generating project TestPkg:
    /tmp/tmpjemvdg/dev/TestPkg/Project.toml
    /tmp/tmpjemvdg/dev/TestPkg/src/TestPkg.jl
[ Info: Initialized Git repo at /tmp/tmpjemvdg/dev/TestPkg
[ Info: Set remote origin to https://github.com/christopher-dG/TestPkg.jl
 Resolving package versions...
  Updating `/tmp/tmpjemvdg/dev/TestPkg/Project.toml`
  [8dfed614] + Test 
  Updating `/tmp/tmpjemvdg/dev/TestPkg/Manifest.toml`
  [2a0f44e3] + Base64 
  [8ba89e20] + Distributed 
  [b77e0a4c] + InteractiveUtils 
  [8f399da3] + Libdl 
  [37e2e46d] + LinearAlgebra 
  [56ddb016] + Logging 
  [d6f4376e] + Markdown 
  [9a3f8284] + Random 
  [9e88b42a] + Serialization 
  [6462fe0b] + Sockets 
  [8dfed614] + Test 
  Updating registry at `/tmp/tmpjemvdg/registries/General`
  Updating git-repo `https://github.com/JuliaRegistries/General.git`
[?25l[2K[?25h Resolving package versions...
  Updating `/tmp/tmpjemvdg/dev/TestPkg/Project.toml`
 [no changes]
  Updating `/tmp/tmpjemvdg/dev/TestPkg/Manifest.toml`
  [2a0f44e3] - Base64 
  [8ba89e20] - Distributed 
  [b77e0a4c] - InteractiveUtils 
  [8f399da3] - Libdl 
  [37e2e46d] - LinearAlgebra 
  [56ddb016] - Logging 
  [d6f4376e] - Markdown 
  [9a3f8284] - Random 
  [9e88b42a] - Serialization 
  [6462fe0b] - Sockets 
  [8dfed614] - Test 
[ Info: Committed 6 files/directories: src/, Project.toml, test/, README.md, LICENSE, .gitignore
 Resolving package versions...
  Updating `/tmp/tmpxrzXhz/Project.toml`
  [e479f930] - TestPkg v0.1.0 [`/tmp/tmp9a9xtq/TestPkg`]
  [e5880a62] + TestPkg v0.1.0 [`/tmp/tmpjemvdg/dev/TestPkg`]
  Updating `/tmp/tmpxrzXhz/Manifest.toml`
  [e479f930] - TestPkg v0.1.0 [`/tmp/tmp9a9xtq/TestPkg`]
  [e5880a62] + TestPkg v0.1.0 [`/tmp/tmpjemvdg/dev/TestPkg`]
[ Info: New package is at /tmp/tmpjemvdg/dev/TestPkg
┌ Warning: Git config option 'user.name' missing, package generation will fail unless you supply a GitConfig
└ @ PkgTemplates ~/.julia/packages/PkgTemplates/DXe8J/src/template.jl:242
┌ Warning: Git config option 'user.email' missing, package generation will fail unless you supply a GitConfig
└ @ PkgTemplates ~/.julia/packages/PkgTemplates/DXe8J/src/template.jl:242
Generating project TestPkg:
    /tmp/tmpjemvdg/dev/TestPkg/Project.toml
    /tmp/tmpjemvdg/dev/TestPkg/src/TestPkg.jl
[ Info: Initialized Git repo at /tmp/tmpjemvdg/dev/TestPkg
[ Info: Set remote origin to https://github.com/christopher-dG/TestPkg.jl
 Resolving package versions...
  Updating `/tmp/tmpjemvdg/dev/TestPkg/Project.toml`
  [8dfed614] + Test 
  Updating `/tmp/tmpjemvdg/dev/TestPkg/Manifest.toml`
  [2a0f44e3] + Base64 
  [8ba89e20] + Distributed 
  [b77e0a4c] + InteractiveUtils 
  [8f399da3] + Libdl 
  [37e2e46d] + LinearAlgebra 
  [56ddb016] + Logging 
  [d6f4376e] + Markdown 
  [9a3f8284] + Random 
  [9e88b42a] + Serialization 
  [6462fe0b] + Sockets 
  [8dfed614] + Test 
  Updating registry at `/tmp/tmpjemvdg/registries/General`
  Updating git-repo `https://github.com/JuliaRegistries/General.git`
[?25l[2K[?25h Resolving package versions...
  Updating `/tmp/tmpjemvdg/dev/TestPkg/Project.toml`
 [no changes]
  Updating `/tmp/tmpjemvdg/dev/TestPkg/Manifest.toml`
  [2a0f44e3] - Base64 
  [8ba89e20] - Distributed 
  [b77e0a4c] - InteractiveUtils 
  [8f399da3] - Libdl 
  [37e2e46d] - LinearAlgebra 
  [56ddb016] - Logging 
  [d6f4376e] - Markdown 
  [9a3f8284] - Random 
  [9e88b42a] - Serialization 
  [6462fe0b] - Sockets 
  [8dfed614] - Test 
[ Info: Committed 7 files/directories: src/, Project.toml, test/, README.md, LICENSE, .gitignore, Manifest.toml
 Resolving package versions...
  Updating `/tmp/tmpxrzXhz/Project.toml`
  [e5880a62] - TestPkg v0.1.0 [`/tmp/tmpjemvdg/dev/TestPkg`]
  [e6863d10] + TestPkg v0.1.0 [`/tmp/tmpjemvdg/dev/TestPkg`]
  Updating `/tmp/tmpxrzXhz/Manifest.toml`
  [e5880a62] - TestPkg v0.1.0 [`/tmp/tmpjemvdg/dev/TestPkg`]
  [e6863d10] + TestPkg v0.1.0 [`/tmp/tmpjemvdg/dev/TestPkg`]
[ Info: New package is at /tmp/tmpjemvdg/dev/TestPkg
┌ Warning: Git config option 'user.name' missing, package generation will fail unless you supply a GitConfig
└ @ PkgTemplates ~/.julia/packages/PkgTemplates/DXe8J/src/template.jl:242
┌ Warning: Git config option 'user.email' missing, package generation will fail unless you supply a GitConfig
└ @ PkgTemplates ~/.julia/packages/PkgTemplates/DXe8J/src/template.jl:242
Generating project TestPkg:
    /tmp/tmpjemvdg/dev/TestPkg/Project.toml
    /tmp/tmpjemvdg/dev/TestPkg/src/TestPkg.jl
[ Info: Initialized Git repo at /tmp/tmpjemvdg/dev/TestPkg
[ Info: Set remote origin to https://github.com/christopher-dG/TestPkg.jl
 Resolving package versions...
  Updating `/tmp/tmpjemvdg/dev/TestPkg/Project.toml`
  [8dfed614] + Test 
  Updating `/tmp/tmpjemvdg/dev/TestPkg/Manifest.toml`
  [2a0f44e3] + Base64 
  [8ba89e20] + Distributed 
  [b77e0a4c] + InteractiveUtils 
  [8f399da3] + Libdl 
  [37e2e46d] + LinearAlgebra 
  [56ddb016] + Logging 
  [d6f4376e] + Markdown 
  [9a3f8284] + Random 
  [9e88b42a] + Serialization 
  [6462fe0b] + Sockets 
  [8dfed614] + Test 
  Updating registry at `/tmp/tmpjemvdg/registries/General`
  Updating git-repo `https://github.com/JuliaRegistries/General.git`
[?25l[2K[?25h Resolving package versions...
  Updating `/tmp/tmpjemvdg/dev/TestPkg/Project.toml`
 [no changes]
  Updating `/tmp/tmpjemvdg/dev/TestPkg/Manifest.toml`
  [2a0f44e3] - Base64 
  [8ba89e20] - Distributed 
  [b77e0a4c] - InteractiveUtils 
  [8f399da3] - Libdl 
  [37e2e46d] - LinearAlgebra 
  [56ddb016] - Logging 
  [d6f4376e] - Markdown 
  [9a3f8284] - Random 
  [9e88b42a] - Serialization 
  [6462fe0b] - Sockets 
  [8dfed614] - Test 
[ Info: Committed 6 files/directories: src/, Project.toml, test/, README.md, LICENSE, .gitignore
 Resolving package versions...
  Updating `/tmp/tmpxrzXhz/Project.toml`
  [e6863d10] - TestPkg v0.1.0 [`/tmp/tmpjemvdg/dev/TestPkg`]
  [e7a08674] + TestPkg v0.1.0 [`/tmp/tmpjemvdg/dev/TestPkg`]
  Updating `/tmp/tmpxrzXhz/Manifest.toml`
  [e6863d10] - TestPkg v0.1.0 [`/tmp/tmpjemvdg/dev/TestPkg`]
  [e7a08674] + TestPkg v0.1.0 [`/tmp/tmpjemvdg/dev/TestPkg`]
[ Info: New package is at /tmp/tmpjemvdg/dev/TestPkg
┌ Warning: Git config option 'user.name' missing, package generation will fail unless you supply a GitConfig
└ @ PkgTemplates ~/.julia/packages/PkgTemplates/DXe8J/src/template.jl:242
┌ Warning: Git config option 'user.email' missing, package generation will fail unless you supply a GitConfig
└ @ PkgTemplates ~/.julia/packages/PkgTemplates/DXe8J/src/template.jl:242
Generating project TestPkg:
    /tmp/tmpjemvdg/dev/TestPkg/Project.toml
    /tmp/tmpjemvdg/dev/TestPkg/src/TestPkg.jl
 Resolving package versions...
  Updating `/tmp/tmpjemvdg/dev/TestPkg/Project.toml`
  [8dfed614] + Test 
  Updating `/tmp/tmpjemvdg/dev/TestPkg/Manifest.toml`
  [2a0f44e3] + Base64 
  [8ba89e20] + Distributed 
  [b77e0a4c] + InteractiveUtils 
  [8f399da3] + Libdl 
  [37e2e46d] + LinearAlgebra 
  [56ddb016] + Logging 
  [d6f4376e] + Markdown 
  [9a3f8284] + Random 
  [9e88b42a] + Serialization 
  [6462fe0b] + Sockets 
  [8dfed614] + Test 
  Updating registry at `/tmp/tmpjemvdg/registries/General`
  Updating git-repo `https://github.com/JuliaRegistries/General.git`
[?25l[2K[?25h Resolving package versions...
  Updating `/tmp/tmpjemvdg/dev/TestPkg/Project.toml`
 [no changes]
  Updating `/tmp/tmpjemvdg/dev/TestPkg/Manifest.toml`
  [2a0f44e3] - Base64 
  [8ba89e20] - Distributed 
  [b77e0a4c] - InteractiveUtils 
  [8f399da3] - Libdl 
  [37e2e46d] - LinearAlgebra 
  [56ddb016] - Logging 
  [d6f4376e] - Markdown 
  [9a3f8284] - Random 
  [9e88b42a] - Serialization 
  [6462fe0b] - Sockets 
  [8dfed614] - Test 
 Resolving package versions...
  Updating `/tmp/tmpxrzXhz/Project.toml`
  [e7a08674] - TestPkg v0.1.0 [`/tmp/tmpjemvdg/dev/TestPkg`]
  [e93d6a74] + TestPkg v0.1.0 [`/tmp/tmpjemvdg/dev/TestPkg`]
  Updating `/tmp/tmpxrzXhz/Manifest.toml`
  [e7a08674] - TestPkg v0.1.0 [`/tmp/tmpjemvdg/dev/TestPkg`]
  [e93d6a74] + TestPkg v0.1.0 [`/tmp/tmpjemvdg/dev/TestPkg`]
[ Info: New package is at /tmp/tmpjemvdg/dev/TestPkg
┌ Warning: Git config option 'user.name' missing, package generation will fail unless you supply a GitConfig
└ @ PkgTemplates ~/.julia/packages/PkgTemplates/DXe8J/src/template.jl:242
┌ Warning: Git config option 'user.email' missing, package generation will fail unless you supply a GitConfig
└ @ PkgTemplates ~/.julia/packages/PkgTemplates/DXe8J/src/template.jl:242
┌ Warning: Git config option 'user.name' missing, package generation will fail unless you supply a GitConfig
└ @ PkgTemplates ~/.julia/packages/PkgTemplates/DXe8J/src/template.jl:242
┌ Warning: Git config option 'user.email' missing, package generation will fail unless you supply a GitConfig
└ @ PkgTemplates ~/.julia/packages/PkgTemplates/DXe8J/src/template.jl:242
┌ Warning: Git config option 'user.name' missing, package generation will fail unless you supply a GitConfig
└ @ PkgTemplates ~/.julia/packages/PkgTemplates/DXe8J/src/template.jl:242
┌ Warning: Git config option 'user.email' missing, package generation will fail unless you supply a GitConfig
└ @ PkgTemplates ~/.julia/packages/PkgTemplates/DXe8J/src/template.jl:242
┌ Warning: Git config option 'user.name' missing, package generation will fail unless you supply a GitConfig
└ @ PkgTemplates ~/.julia/packages/PkgTemplates/DXe8J/src/template.jl:242
┌ Warning: Git config option 'user.email' missing, package generation will fail unless you supply a GitConfig
└ @ PkgTemplates ~/.julia/packages/PkgTemplates/DXe8J/src/template.jl:242
┌ Warning: Git config option 'user.name' missing, package generation will fail unless you supply a GitConfig
└ @ PkgTemplates ~/.julia/packages/PkgTemplates/DXe8J/src/template.jl:242
┌ Warning: Git config option 'user.email' missing, package generation will fail unless you supply a GitConfig
└ @ PkgTemplates ~/.julia/packages/PkgTemplates/DXe8J/src/template.jl:242
┌ Warning: Git config option 'user.name' missing, package generation will fail unless you supply a GitConfig
└ @ PkgTemplates ~/.julia/packages/PkgTemplates/DXe8J/src/template.jl:242
┌ Warning: Git config option 'user.email' missing, package generation will fail unless you supply a GitConfig
└ @ PkgTemplates ~/.julia/packages/PkgTemplates/DXe8J/src/template.jl:242
┌ Warning: Git config option 'user.name' missing, package generation will fail unless you supply a GitConfig
└ @ PkgTemplates ~/.julia/packages/PkgTemplates/DXe8J/src/template.jl:242
┌ Warning: Git config option 'user.email' missing, package generation will fail unless you supply a GitConfig
└ @ PkgTemplates ~/.julia/packages/PkgTemplates/DXe8J/src/template.jl:242
┌ Warning: Git config option 'user.name' missing, package generation will fail unless you supply a GitConfig
└ @ PkgTemplates ~/.julia/packages/PkgTemplates/DXe8J/src/template.jl:242
┌ Warning: Git config option 'user.email' missing, package generation will fail unless you supply a GitConfig
└ @ PkgTemplates ~/.julia/packages/PkgTemplates/DXe8J/src/template.jl:242
┌ Warning: Git config option 'user.name' missing, package generation will fail unless you supply a GitConfig
└ @ PkgTemplates ~/.julia/packages/PkgTemplates/DXe8J/src/template.jl:242
┌ Warning: Git config option 'user.email' missing, package generation will fail unless you supply a GitConfig
└ @ PkgTemplates ~/.julia/packages/PkgTemplates/DXe8J/src/template.jl:242
┌ Warning: Git config option 'user.name' missing, package generation will fail unless you supply a GitConfig
└ @ PkgTemplates ~/.julia/packages/PkgTemplates/DXe8J/src/template.jl:242
┌ Warning: Git config option 'user.email' missing, package generation will fail unless you supply a GitConfig
└ @ PkgTemplates ~/.julia/packages/PkgTemplates/DXe8J/src/template.jl:242
 Resolving package versions...
 Installed Parsers ───────────── v0.3.10
 Installed JSON ──────────────── v0.21.0
 Installed DocStringExtensions ─ v0.8.1
 Installed Documenter ────────── v0.24.0
  Updating `/tmp/tmpjemvdg/dev/TestPkg/docs/Project.toml`
  [e30172f5] + Documenter v0.24.0
  Updating `/tmp/tmpjemvdg/dev/TestPkg/docs/Manifest.toml`
  [ffbed154] + DocStringExtensions v0.8.1
  [e30172f5] + Documenter v0.24.0
  [682c06a0] + JSON v0.21.0
  [69de0a69] + Parsers v0.3.10
  [2a0f44e3] + Base64 
  [ade2ca70] + Dates 
  [8ba89e20] + Distributed 
  [b77e0a4c] + InteractiveUtils 
  [76f85450] + LibGit2 
  [8f399da3] + Libdl 
  [37e2e46d] + LinearAlgebra 
  [56ddb016] + Logging 
  [d6f4376e] + Markdown 
  [a63ad114] + Mmap 
  [44cfe95a] + Pkg 
  [de0858da] + Printf 
  [3fa0cd96] + REPL 
  [9a3f8284] + Random 
  [ea8e919c] + SHA 
  [9e88b42a] + Serialization 
  [6462fe0b] + Sockets 
  [8dfed614] + Test 
  [cf7118a7] + UUIDs 
  [4ec0a83e] + Unicode 
 Resolving package versions...
  Updating `/tmp/tmpjemvdg/dev/TestPkg/docs/Project.toml`
  [e30172f5] + Documenter v0.24.0
  Updating `/tmp/tmpjemvdg/dev/TestPkg/docs/Manifest.toml`
  [ffbed154] + DocStringExtensions v0.8.1
  [e30172f5] + Documenter v0.24.0
  [682c06a0] + JSON v0.21.0
  [69de0a69] + Parsers v0.3.10
  [2a0f44e3] + Base64 
  [ade2ca70] + Dates 
  [8ba89e20] + Distributed 
  [b77e0a4c] + InteractiveUtils 
  [76f85450] + LibGit2 
  [8f399da3] + Libdl 
  [37e2e46d] + LinearAlgebra 
  [56ddb016] + Logging 
  [d6f4376e] + Markdown 
  [a63ad114] + Mmap 
  [44cfe95a] + Pkg 
  [de0858da] + Printf 
  [3fa0cd96] + REPL 
  [9a3f8284] + Random 
  [ea8e919c] + SHA 
  [9e88b42a] + Serialization 
  [6462fe0b] + Sockets 
  [8dfed614] + Test 
  [cf7118a7] + UUIDs 
  [4ec0a83e] + Unicode 
 Resolving package versions...
  Updating `/tmp/tmpjemvdg/dev/TestPkg/docs/Project.toml`
  [e30172f5] + Documenter v0.24.0
  Updating `/tmp/tmpjemvdg/dev/TestPkg/docs/Manifest.toml`
  [ffbed154] + DocStringExtensions v0.8.1
  [e30172f5] + Documenter v0.24.0
  [682c06a0] + JSON v0.21.0
  [69de0a69] + Parsers v0.3.10
  [2a0f44e3] + Base64 
  [ade2ca70] + Dates 
  [8ba89e20] + Distributed 
  [b77e0a4c] + InteractiveUtils 
  [76f85450] + LibGit2 
  [8f399da3] + Libdl 
  [37e2e46d] + LinearAlgebra 
  [56ddb016] + Logging 
  [d6f4376e] + Markdown 
  [a63ad114] + Mmap 
  [44cfe95a] + Pkg 
  [de0858da] + Printf 
  [3fa0cd96] + REPL 
  [9a3f8284] + Random 
  [ea8e919c] + SHA 
  [9e88b42a] + Serialization 
  [6462fe0b] + Sockets 
  [8dfed614] + Test 
  [cf7118a7] + UUIDs 
  [4ec0a83e] + Unicode 
┌ Warning: Git config option 'user.name' missing, package generation will fail unless you supply a GitConfig
└ @ PkgTemplates ~/.julia/packages/PkgTemplates/DXe8J/src/template.jl:242
┌ Warning: Git config option 'user.email' missing, package generation will fail unless you supply a GitConfig
└ @ PkgTemplates ~/.julia/packages/PkgTemplates/DXe8J/src/template.jl:242
Generating project TestPkg:
    /tmp/tmprjBuC8/TestPkg/Project.toml
    /tmp/tmprjBuC8/TestPkg/src/TestPkg.jl
[ Info: Initialized Git repo at /tmp/tmprjBuC8/TestPkg
[ Info: Set remote origin to https://github.com/christopher-dG/TestPkg.jl
[ Info: Created empty gh-pages branch
 Resolving package versions...
  Updating `/tmp/tmprjBuC8/TestPkg/Project.toml`
  [8dfed614] + Test 
  Updating `/tmp/tmprjBuC8/TestPkg/Manifest.toml`
  [2a0f44e3] + Base64 
  [8ba89e20] + Distributed 
  [b77e0a4c] + InteractiveUtils 
  [8f399da3] + Libdl 
  [37e2e46d] + LinearAlgebra 
  [56ddb016] + Logging 
  [d6f4376e] + Markdown 
  [9a3f8284] + Random 
  [9e88b42a] + Serialization 
  [6462fe0b] + Sockets 
  [8dfed614] + Test 
  Updating registry at `/tmp/tmpjemvdg/registries/General`
  Updating git-repo `https://github.com/JuliaRegistries/General.git`
[?25l[2K[?25h Resolving package versions...
  Updating `/tmp/tmprjBuC8/TestPkg/Project.toml`
 [no changes]
  Updating `/tmp/tmprjBuC8/TestPkg/Manifest.toml`
  [2a0f44e3] - Base64 
  [8ba89e20] - Distributed 
  [b77e0a4c] - InteractiveUtils 
  [8f399da3] - Libdl 
  [37e2e46d] - LinearAlgebra 
  [56ddb016] - Logging 
  [d6f4376e] - Markdown 
  [9a3f8284] - Random 
  [9e88b42a] - Serialization 
  [6462fe0b] - Sockets 
  [8dfed614] - Test 
 Resolving package versions...
  Updating `/tmp/tmprjBuC8/TestPkg/docs/Project.toml`
  [e30172f5] + Documenter v0.24.0
  Updating `/tmp/tmprjBuC8/TestPkg/docs/Manifest.toml`
  [ffbed154] + DocStringExtensions v0.8.1
  [e30172f5] + Documenter v0.24.0
  [682c06a0] + JSON v0.21.0
  [69de0a69] + Parsers v0.3.10
  [2a0f44e3] + Base64 
  [ade2ca70] + Dates 
  [8ba89e20] + Distributed 
  [b77e0a4c] + InteractiveUtils 
  [76f85450] + LibGit2 
  [8f399da3] + Libdl 
  [37e2e46d] + LinearAlgebra 
  [56ddb016] + Logging 
  [d6f4376e] + Markdown 
  [a63ad114] + Mmap 
  [44cfe95a] + Pkg 
  [de0858da] + Printf 
  [3fa0cd96] + REPL 
  [9a3f8284] + Random 
  [ea8e919c] + SHA 
  [9e88b42a] + Serialization 
  [6462fe0b] + Sockets 
  [8dfed614] + Test 
  [cf7118a7] + UUIDs 
  [4ec0a83e] + Unicode 
[ Info: Committed 7 files/directories: src/, Project.toml, test/, README.md, LICENSE, docs/, .gitignore
[ Info: Remember to push all created branches to your remote: git push --all
 Resolving package versions...
  Updating `/tmp/tmpxrzXhz/Project.toml`
  [e93d6a74] - TestPkg v0.1.0 [`/tmp/tmpjemvdg/dev/TestPkg`]
  [f12d418c] + TestPkg v0.1.0 [`/tmp/tmprjBuC8/TestPkg`]
  Updating `/tmp/tmpxrzXhz/Manifest.toml`
  [e93d6a74] - TestPkg v0.1.0 [`/tmp/tmpjemvdg/dev/TestPkg`]
  [f12d418c] + TestPkg v0.1.0 [`/tmp/tmprjBuC8/TestPkg`]
[ Info: New package is at /tmp/tmprjBuC8/TestPkg
┌ Warning: Git config option 'user.name' missing, package generation will fail unless you supply a GitConfig
└ @ PkgTemplates ~/.julia/packages/PkgTemplates/DXe8J/src/template.jl:242
┌ Warning: Git config option 'user.email' missing, package generation will fail unless you supply a GitConfig
└ @ PkgTemplates ~/.julia/packages/PkgTemplates/DXe8J/src/template.jl:242
 Resolving package versions...
  Updating `/tmp/tmpjemvdg/dev/TestPkg/docs/Project.toml`
  [e30172f5] + Documenter v0.24.0
  Updating `/tmp/tmpjemvdg/dev/TestPkg/docs/Manifest.toml`
  [ffbed154] + DocStringExtensions v0.8.1
  [e30172f5] + Documenter v0.24.0
  [682c06a0] + JSON v0.21.0
  [69de0a69] + Parsers v0.3.10
  [2a0f44e3] + Base64 
  [ade2ca70] + Dates 
  [8ba89e20] + Distributed 
  [b77e0a4c] + InteractiveUtils 
  [76f85450] + LibGit2 
  [8f399da3] + Libdl 
  [37e2e46d] + LinearAlgebra 
  [56ddb016] + Logging 
  [d6f4376e] + Markdown 
  [a63ad114] + Mmap 
  [44cfe95a] + Pkg 
  [de0858da] + Printf 
  [3fa0cd96] + REPL 
  [9a3f8284] + Random 
  [ea8e919c] + SHA 
  [9e88b42a] + Serialization 
  [6462fe0b] + Sockets 
  [8dfed614] + Test 
  [cf7118a7] + UUIDs 
  [4ec0a83e] + Unicode 
 Resolving package versions...
  Updating `/tmp/tmpjemvdg/dev/TestPkg/docs/Project.toml`
  [e30172f5] + Documenter v0.24.0
  Updating `/tmp/tmpjemvdg/dev/TestPkg/docs/Manifest.toml`
  [ffbed154] + DocStringExtensions v0.8.1
  [e30172f5] + Documenter v0.24.0
  [682c06a0] + JSON v0.21.0
  [69de0a69] + Parsers v0.3.10
  [2a0f44e3] + Base64 
  [ade2ca70] + Dates 
  [8ba89e20] + Distributed 
  [b77e0a4c] + InteractiveUtils 
  [76f85450] + LibGit2 
  [8f399da3] + Libdl 
  [37e2e46d] + LinearAlgebra 
  [56ddb016] + Logging 
  [d6f4376e] + Markdown 
  [a63ad114] + Mmap 
  [44cfe95a] + Pkg 
  [de0858da] + Printf 
  [3fa0cd96] + REPL 
  [9a3f8284] + Random 
  [ea8e919c] + SHA 
  [9e88b42a] + Serialization 
  [6462fe0b] + Sockets 
  [8dfed614] + Test 
  [cf7118a7] + UUIDs 
  [4ec0a83e] + Unicode 
┌ Warning: Git config option 'user.name' missing, package generation will fail unless you supply a GitConfig
└ @ PkgTemplates ~/.julia/packages/PkgTemplates/DXe8J/src/template.jl:242
┌ Warning: Git config option 'user.email' missing, package generation will fail unless you supply a GitConfig
└ @ PkgTemplates ~/.julia/packages/PkgTemplates/DXe8J/src/template.jl:242
Generating project TestPkg:
    /tmp/tmpL3qqts/TestPkg/Project.toml
    /tmp/tmpL3qqts/TestPkg/src/TestPkg.jl
[ Info: Initialized Git repo at /tmp/tmpL3qqts/TestPkg
[ Info: Set remote origin to https://github.com/christopher-dG/TestPkg.jl
 Resolving package versions...
  Updating `/tmp/tmpL3qqts/TestPkg/Project.toml`
  [8dfed614] + Test 
  Updating `/tmp/tmpL3qqts/TestPkg/Manifest.toml`
  [2a0f44e3] + Base64 
  [8ba89e20] + Distributed 
  [b77e0a4c] + InteractiveUtils 
  [8f399da3] + Libdl 
  [37e2e46d] + LinearAlgebra 
  [56ddb016] + Logging 
  [d6f4376e] + Markdown 
  [9a3f8284] + Random 
  [9e88b42a] + Serialization 
  [6462fe0b] + Sockets 
  [8dfed614] + Test 
  Updating registry at `/tmp/tmpjemvdg/registries/General`
  Updating git-repo `https://github.com/JuliaRegistries/General.git`
[?25l[2K[?25h Resolving package versions...
  Updating `/tmp/tmpL3qqts/TestPkg/Project.toml`
 [no changes]
  Updating `/tmp/tmpL3qqts/TestPkg/Manifest.toml`
  [2a0f44e3] - Base64 
  [8ba89e20] - Distributed 
  [b77e0a4c] - InteractiveUtils 
  [8f399da3] - Libdl 
  [37e2e46d] - LinearAlgebra 
  [56ddb016] - Logging 
  [d6f4376e] - Markdown 
  [9a3f8284] - Random 
  [9e88b42a] - Serialization 
  [6462fe0b] - Sockets 
  [8dfed614] - Test 
 Resolving package versions...
  Updating `/tmp/tmpL3qqts/TestPkg/docs/Project.toml`
  [e30172f5] + Documenter v0.24.0
  Updating `/tmp/tmpL3qqts/TestPkg/docs/Manifest.toml`
  [ffbed154] + DocStringExtensions v0.8.1
  [e30172f5] + Documenter v0.24.0
  [682c06a0] + JSON v0.21.0
  [69de0a69] + Parsers v0.3.10
  [2a0f44e3] + Base64 
  [ade2ca70] + Dates 
  [8ba89e20] + Distributed 
  [b77e0a4c] + InteractiveUtils 
  [76f85450] + LibGit2 
  [8f399da3] + Libdl 
  [37e2e46d] + LinearAlgebra 
  [56ddb016] + Logging 
  [d6f4376e] + Markdown 
  [a63ad114] + Mmap 
  [44cfe95a] + Pkg 
  [de0858da] + Printf 
  [3fa0cd96] + REPL 
  [9a3f8284] + Random 
  [ea8e919c] + SHA 
  [9e88b42a] + Serialization 
  [6462fe0b] + Sockets 
  [8dfed614] + Test 
  [cf7118a7] + UUIDs 
  [4ec0a83e] + Unicode 
[ Info: Committed 8 files/directories: src/, Project.toml, test/, README.md, LICENSE, .gitlab-ci.yml, docs/, .gitignore
 Resolving package versions...
  Updating `/tmp/tmpxrzXhz/Project.toml`
  [f12d418c] - TestPkg v0.1.0 [`/tmp/tmprjBuC8/TestPkg`]
  [f3f35604] + TestPkg v0.1.0 [`/tmp/tmpL3qqts/TestPkg`]
  Updating `/tmp/tmpxrzXhz/Manifest.toml`
  [f12d418c] - TestPkg v0.1.0 [`/tmp/tmprjBuC8/TestPkg`]
  [f3f35604] + TestPkg v0.1.0 [`/tmp/tmpL3qqts/TestPkg`]
[ Info: New package is at /tmp/tmpL3qqts/TestPkg
┌ Warning: Git config option 'user.name' missing, package generation will fail unless you supply a GitConfig
└ @ PkgTemplates ~/.julia/packages/PkgTemplates/DXe8J/src/template.jl:242
┌ Warning: Git config option 'user.email' missing, package generation will fail unless you supply a GitConfig
└ @ PkgTemplates ~/.julia/packages/PkgTemplates/DXe8J/src/template.jl:242
Generating project TestPkg:
    /tmp/tmpjemvdg/dev/TestPkg/Project.toml
    /tmp/tmpjemvdg/dev/TestPkg/src/TestPkg.jl
 Resolving package versions...
  Updating `/tmp/tmpjemvdg/dev/TestPkg/Project.toml`
  [8dfed614] + Test 
  Updating `/tmp/tmpjemvdg/dev/TestPkg/Manifest.toml`
  [2a0f44e3] + Base64 
  [8ba89e20] + Distributed 
  [b77e0a4c] + InteractiveUtils 
  [8f399da3] + Libdl 
  [37e2e46d] + LinearAlgebra 
  [56ddb016] + Logging 
  [d6f4376e] + Markdown 
  [9a3f8284] + Random 
  [9e88b42a] + Serialization 
  [6462fe0b] + Sockets 
  [8dfed614] + Test 
  Updating registry at `/tmp/tmpjemvdg/registries/General`
  Updating git-repo `https://github.com/JuliaRegistries/General.git`
[?25l[2K[?25h Resolving package versions...
  Updating `/tmp/tmpjemvdg/dev/TestPkg/Project.toml`
 [no changes]
  Updating `/tmp/tmpjemvdg/dev/TestPkg/Manifest.toml`
  [2a0f44e3] - Base64 
  [8ba89e20] - Distributed 
  [b77e0a4c] - InteractiveUtils 
  [8f399da3] - Libdl 
  [37e2e46d] - LinearAlgebra 
  [56ddb016] - Logging 
  [d6f4376e] - Markdown 
  [9a3f8284] - Random 
  [9e88b42a] - Serialization 
  [6462fe0b] - Sockets 
  [8dfed614] - Test 
 Resolving package versions...
  Updating `/tmp/tmpxrzXhz/Project.toml`
  [f3f35604] - TestPkg v0.1.0 [`/tmp/tmpL3qqts/TestPkg`]
  [f5e39474] + TestPkg v0.1.0 [`/tmp/tmpjemvdg/dev/TestPkg`]
  Updating `/tmp/tmpxrzXhz/Manifest.toml`
  [f3f35604] - TestPkg v0.1.0 [`/tmp/tmpL3qqts/TestPkg`]
  [f5e39474] + TestPkg v0.1.0 [`/tmp/tmpjemvdg/dev/TestPkg`]
[ Info: New package is at /tmp/tmpjemvdg/dev/TestPkg
Generating project TestPkg:
    /tmp/tmpjemvdg/dev/TestPkg/Project.toml
    /tmp/tmpjemvdg/dev/TestPkg/src/TestPkg.jl
 Resolving package versions...
  Updating `/tmp/tmpjemvdg/dev/TestPkg/Project.toml`
  [8dfed614] + Test 
  Updating `/tmp/tmpjemvdg/dev/TestPkg/Manifest.toml`
  [2a0f44e3] + Base64 
  [8ba89e20] + Distributed 
  [b77e0a4c] + InteractiveUtils 
  [8f399da3] + Libdl 
  [37e2e46d] + LinearAlgebra 
  [56ddb016] + Logging 
  [d6f4376e] + Markdown 
  [9a3f8284] + Random 
  [9e88b42a] + Serialization 
  [6462fe0b] + Sockets 
  [8dfed614] + Test 
  Updating registry at `/tmp/tmpjemvdg/registries/General`
  Updating git-repo `https://github.com/JuliaRegistries/General.git`
[?25l[2K[?25h Resolving package versions...
  Updating `/tmp/tmpjemvdg/dev/TestPkg/Project.toml`
 [no changes]
  Updating `/tmp/tmpjemvdg/dev/TestPkg/Manifest.toml`
  [2a0f44e3] - Base64 
  [8ba89e20] - Distributed 
  [b77e0a4c] - InteractiveUtils 
  [8f399da3] - Libdl 
  [37e2e46d] - LinearAlgebra 
  [56ddb016] - Logging 
  [d6f4376e] - Markdown 
  [9a3f8284] - Random 
  [9e88b42a] - Serialization 
  [6462fe0b] - Sockets 
  [8dfed614] - Test 
 Resolving package versions...
  Updating `/tmp/tmpxrzXhz/Project.toml`
  [f5e39474] - TestPkg v0.1.0 [`/tmp/tmpjemvdg/dev/TestPkg`]
  [f738a01a] + TestPkg v0.1.0 [`/tmp/tmpjemvdg/dev/TestPkg`]
  Updating `/tmp/tmpxrzXhz/Manifest.toml`
  [f5e39474] - TestPkg v0.1.0 [`/tmp/tmpjemvdg/dev/TestPkg`]
  [f738a01a] + TestPkg v0.1.0 [`/tmp/tmpjemvdg/dev/TestPkg`]
[ Info: New package is at /tmp/tmpjemvdg/dev/TestPkg
┌ Warning: Git config option 'user.name' missing, package generation will fail unless you supply a GitConfig
└ @ PkgTemplates ~/.julia/packages/PkgTemplates/DXe8J/src/template.jl:242
┌ Warning: Git config option 'user.email' missing, package generation will fail unless you supply a GitConfig
└ @ PkgTemplates ~/.julia/packages/PkgTemplates/DXe8J/src/template.jl:242
 Resolving package versions...
  Updating `/tmp/tmpjemvdg/dev/TestPkg/docs/Project.toml`
  [e30172f5] + Documenter v0.24.0
  Updating `/tmp/tmpjemvdg/dev/TestPkg/docs/Manifest.toml`
  [ffbed154] + DocStringExtensions v0.8.1
  [e30172f5] + Documenter v0.24.0
  [682c06a0] + JSON v0.21.0
  [69de0a69] + Parsers v0.3.10
  [2a0f44e3] + Base64 
  [ade2ca70] + Dates 
  [8ba89e20] + Distributed 
  [b77e0a4c] + InteractiveUtils 
  [76f85450] + LibGit2 
  [8f399da3] + Libdl 
  [37e2e46d] + LinearAlgebra 
  [56ddb016] + Logging 
  [d6f4376e] + Markdown 
  [a63ad114] + Mmap 
  [44cfe95a] + Pkg 
  [de0858da] + Printf 
  [3fa0cd96] + REPL 
  [9a3f8284] + Random 
  [ea8e919c] + SHA 
  [9e88b42a] + Serialization 
  [6462fe0b] + Sockets 
  [8dfed614] + Test 
  [cf7118a7] + UUIDs 
  [4ec0a83e] + Unicode 
 Resolving package versions...
  Updating `/tmp/tmpjemvdg/dev/TestPkg/docs/Project.toml`
  [e30172f5] + Documenter v0.24.0
  Updating `/tmp/tmpjemvdg/dev/TestPkg/docs/Manifest.toml`
  [ffbed154] + DocStringExtensions v0.8.1
  [e30172f5] + Documenter v0.24.0
  [682c06a0] + JSON v0.21.0
  [69de0a69] + Parsers v0.3.10
  [2a0f44e3] + Base64 
  [ade2ca70] + Dates 
  [8ba89e20] + Distributed 
  [b77e0a4c] + InteractiveUtils 
  [76f85450] + LibGit2 
  [8f399da3] + Libdl 
  [37e2e46d] + LinearAlgebra 
  [56ddb016] + Logging 
  [d6f4376e] + Markdown 
  [a63ad114] + Mmap 
  [44cfe95a] + Pkg 
  [de0858da] + Printf 
  [3fa0cd96] + REPL 
  [9a3f8284] + Random 
  [ea8e919c] + SHA 
  [9e88b42a] + Serialization 
  [6462fe0b] + Sockets 
  [8dfed614] + Test 
  [cf7118a7] + UUIDs 
  [4ec0a83e] + Unicode 
 Resolving package versions...
  Updating `/tmp/tmpjemvdg/dev/TestPkg/docs/Project.toml`
  [e30172f5] + Documenter v0.24.0
  Updating `/tmp/tmpjemvdg/dev/TestPkg/docs/Manifest.toml`
  [ffbed154] + DocStringExtensions v0.8.1
  [e30172f5] + Documenter v0.24.0
  [682c06a0] + JSON v0.21.0
  [69de0a69] + Parsers v0.3.10
  [2a0f44e3] + Base64 
  [ade2ca70] + Dates 
  [8ba89e20] + Distributed 
  [b77e0a4c] + InteractiveUtils 
  [76f85450] + LibGit2 
  [8f399da3] + Libdl 
  [37e2e46d] + LinearAlgebra 
  [56ddb016] + Logging 
  [d6f4376e] + Markdown 
  [a63ad114] + Mmap 
  [44cfe95a] + Pkg 
  [de0858da] + Printf 
  [3fa0cd96] + REPL 
  [9a3f8284] + Random 
  [ea8e919c] + SHA 
  [9e88b42a] + Serialization 
  [6462fe0b] + Sockets 
  [8dfed614] + Test 
  [cf7118a7] + UUIDs 
  [4ec0a83e] + Unicode 
Template creation: Error During Test at /root/.julia/packages/PkgTemplates/DXe8J/test/interactive/interactive.jl:2
  Got exception outside of a @test
  type IOStream has no field buffer
  Stacktrace:
   [1] getproperty(::Any, ::Symbol) at ./sysimg.jl:18
   [2] macro expansion at /root/.julia/packages/PkgTemplates/DXe8J/test/interactive/interactive.jl:3 [inlined]
   [3] macro expansion at /buildworker/worker/package_linux64/build/usr/share/julia/stdlib/v1.0/Test/src/Test.jl:1083 [inlined]
   [4] macro expansion at /root/.julia/packages/PkgTemplates/DXe8J/test/interactive/interactive.jl:3 [inlined]
   [5] macro expansion at /buildworker/worker/package_linux64/build/usr/share/julia/stdlib/v1.0/Test/src/Test.jl:1083 [inlined]
   [6] top-level scope at /root/.julia/packages/PkgTemplates/DXe8J/test/interactive/interactive.jl:2
   [7] include at ./boot.jl:317 [inlined]
   [8] include_relative(::Module, ::String) at ./loading.jl:1044
   [9] include(::Module, ::String) at ./sysimg.jl:29
   [10] include(::String) at ./client.jl:392
   [11] top-level scope at none:0
   [12] include at ./boot.jl:317 [inlined]
   [13] include_relative(::Module, ::String) at ./loading.jl:1044
   [14] include(::Module, ::String) at ./sysimg.jl:29
   [15] include(::String) at ./client.jl:392
   [16] macro expansion at /root/.julia/packages/PkgTemplates/DXe8J/test/runtests.jl:17 [inlined]
   [17] macro expansion at /buildworker/worker/package_linux64/build/usr/share/julia/stdlib/v1.0/Test/src/Test.jl:1083 [inlined]
   [18] (::getfield(Main, Symbol("##4#6")))() at /root/.julia/packages/PkgTemplates/DXe8J/test/runtests.jl:17
   [19] cd(::getfield(Main, Symbol("##4#6")), ::String) at ./file.jl:96
   [20] (::getfield(Main, Symbol("##3#5")))(::String) at /root/.julia/packages/PkgTemplates/DXe8J/test/runtests.jl:15
   [21] mktempdir(::getfield(Main, Symbol("##3#5")), ::String) at ./file.jl:581
   [22] mktempdir(::Function) at ./file.jl:579
   [23] top-level scope at none:0
   [24] include at ./boot.jl:317 [inlined]
   [25] include_relative(::Module, ::String) at ./loading.jl:1044
   [26] include(::Module, ::String) at ./sysimg.jl:29
   [27] include(::String) at ./client.jl:392
   [28] top-level scope at none:0
   [29] eval(::Module, ::Any) at ./boot.jl:319
   [30] exec_options(::Base.JLOptions) at ./client.jl:243
   [31] _start() at ./client.jl:425
Package generation: Error During Test at /root/.julia/packages/PkgTemplates/DXe8J/test/interactive/interactive.jl:58
  Got exception outside of a @test
  type IOStream has no field buffer
  Stacktrace:
   [1] getproperty(::Any, ::Symbol) at ./sysimg.jl:18
   [2] macro expansion at /root/.julia/packages/PkgTemplates/DXe8J/test/interactive/interactive.jl:59 [inlined]
   [3] macro expansion at /buildworker/worker/package_linux64/build/usr/share/julia/stdlib/v1.0/Test/src/Test.jl:1083 [inlined]
   [4] macro expansion at /root/.julia/packages/PkgTemplates/DXe8J/test/interactive/interactive.jl:59 [inlined]
   [5] macro expansion at /buildworker/worker/package_linux64/build/usr/share/julia/stdlib/v1.0/Test/src/Test.jl:1083 [inlined]
   [6] top-level scope at /root/.julia/packages/PkgTemplates/DXe8J/test/interactive/interactive.jl:2
   [7] include at ./boot.jl:317 [inlined]
   [8] include_relative(::Module, ::String) at ./loading.jl:1044
   [9] include(::Module, ::String) at ./sysimg.jl:29
   [10] include(::String) at ./client.jl:392
   [11] top-level scope at none:0
   [12] include at ./boot.jl:317 [inlined]
   [13] include_relative(::Module, ::String) at ./loading.jl:1044
   [14] include(::Module, ::String) at ./sysimg.jl:29
   [15] include(::String) at ./client.jl:392
   [16] macro expansion at /root/.julia/packages/PkgTemplates/DXe8J/test/runtests.jl:17 [inlined]
   [17] macro expansion at /buildworker/worker/package_linux64/build/usr/share/julia/stdlib/v1.0/Test/src/Test.jl:1083 [inlined]
   [18] (::getfield(Main, Symbol("##4#6")))() at /root/.julia/packages/PkgTemplates/DXe8J/test/runtests.jl:17
   [19] cd(::getfield(Main, Symbol("##4#6")), ::String) at ./file.jl:96
   [20] (::getfield(Main, Symbol("##3#5")))(::String) at /root/.julia/packages/PkgTemplates/DXe8J/test/runtests.jl:15
   [21] mktempdir(::getfield(Main, Symbol("##3#5")), ::String) at ./file.jl:581
   [22] mktempdir(::Function) at ./file.jl:579
   [23] top-level scope at none:0
   [24] include at ./boot.jl:317 [inlined]
   [25] include_relative(::Module, ::String) at ./loading.jl:1044
   [26] include(::Module, ::String) at ./sysimg.jl:29
   [27] include(::String) at ./client.jl:392
   [28] top-level scope at none:0
   [29] eval(::Module, ::Any) at ./boot.jl:319
   [30] exec_options(::Base.JLOptions) at ./client.jl:243
   [31] _start() at ./client.jl:425
TravisCI: Error During Test at /root/.julia/packages/PkgTemplates/DXe8J/test/interactive/plugins.jl:3
  Got exception outside of a @test
  type IOStream has no field buffer
  Stacktrace:
   [1] getproperty(::Any, ::Symbol) at ./sysimg.jl:18
   [2] macro expansion at /root/.julia/packages/PkgTemplates/DXe8J/test/interactive/plugins.jl:4 [inlined]
   [3] macro expansion at /buildworker/worker/package_linux64/build/usr/share/julia/stdlib/v1.0/Test/src/Test.jl:1083 [inlined]
   [4] top-level scope at /root/.julia/packages/PkgTemplates/DXe8J/test/interactive/plugins.jl:4
   [5] include at ./boot.jl:317 [inlined]
   [6] include_relative(::Module, ::String) at ./loading.jl:1044
   [7] include(::Module, ::String) at ./sysimg.jl:29
   [8] include(::String) at ./client.jl:392
   [9] macro expansion at /root/.julia/packages/PkgTemplates/DXe8J/test/interactive/interactive.jl:66 [inlined]
   [10] macro expansion at /buildworker/worker/package_linux64/build/usr/share/julia/stdlib/v1.0/Test/src/Test.jl:1083 [inlined]
   [11] macro expansion at /root/.julia/packages/PkgTemplates/DXe8J/test/interactive/interactive.jl:66 [inlined]
   [12] macro expansion at /buildworker/worker/package_linux64/build/usr/share/julia/stdlib/v1.0/Test/src/Test.jl:1083 [inlined]
   [13] top-level scope at /root/.julia/packages/PkgTemplates/DXe8J/test/interactive/interactive.jl:2
   [14] include at ./boot.jl:317 [inlined]
   [15] include_relative(::Module, ::String) at ./loading.jl:1044
   [16] include(::Module, ::String) at ./sysimg.jl:29
   [17] include(::String) at ./client.jl:392
   [18] top-level scope at none:0
   [19] include at ./boot.jl:317 [inlined]
   [20] include_relative(::Module, ::String) at ./loading.jl:1044
   [21] include(::Module, ::String) at ./sysimg.jl:29
   [22] include(::String) at ./client.jl:392
   [23] macro expansion at /root/.julia/packages/PkgTemplates/DXe8J/test/runtests.jl:17 [inlined]
   [24] macro expansion at /buildworker/worker/package_linux64/build/usr/share/julia/stdlib/v1.0/Test/src/Test.jl:1083 [inlined]
   [25] (::getfield(Main, Symbol("##4#6")))() at /root/.julia/packages/PkgTemplates/DXe8J/test/runtests.jl:17
   [26] cd(::getfield(Main, Symbol("##4#6")), ::String) at ./file.jl:96
   [27] (::getfield(Main, Symbol("##3#5")))(::String) at /root/.julia/packages/PkgTemplates/DXe8J/test/runtests.jl:15
   [28] mktempdir(::getfield(Main, Symbol("##3#5")), ::String) at ./file.jl:581
   [29] mktempdir(::Function) at ./file.jl:579
   [30] top-level scope at none:0
   [31] include at ./boot.jl:317 [inlined]
   [32] include_relative(::Module, ::String) at ./loading.jl:1044
   [33] include(::Module, ::String) at ./sysimg.jl:29
   [34] include(::String) at ./client.jl:392
   [35] top-level scope at none:0
   [36] eval(::Module, ::Any) at ./boot.jl:319
   [37] exec_options(::Base.JLOptions) at ./client.jl:243
   [38] _start() at ./client.jl:425
AppVeyor: Error During Test at /root/.julia/packages/PkgTemplates/DXe8J/test/interactive/plugins.jl:18
  Got exception outside of a @test
  type IOStream has no field buffer
  Stacktrace:
   [1] getproperty(::Any, ::Symbol) at ./sysimg.jl:18
   [2] macro expansion at /root/.julia/packages/PkgTemplates/DXe8J/test/interactive/plugins.jl:19 [inlined]
   [3] macro expansion at /buildworker/worker/package_linux64/build/usr/share/julia/stdlib/v1.0/Test/src/Test.jl:1083 [inlined]
   [4] top-level scope at /root/.julia/packages/PkgTemplates/DXe8J/test/interactive/plugins.jl:19
   [5] include at ./boot.jl:317 [inlined]
   [6] include_relative(::Module, ::String) at ./loading.jl:1044
   [7] include(::Module, ::String) at ./sysimg.jl:29
   [8] include(::String) at ./client.jl:392
   [9] macro expansion at /root/.julia/packages/PkgTemplates/DXe8J/test/interactive/interactive.jl:66 [inlined]
   [10] macro expansion at /buildworker/worker/package_linux64/build/usr/share/julia/stdlib/v1.0/Test/src/Test.jl:1083 [inlined]
   [11] macro expansion at /root/.julia/packages/PkgTemplates/DXe8J/test/interactive/interactive.jl:66 [inlined]
   [12] macro expansion at /buildworker/worker/package_linux64/build/usr/share/julia/stdlib/v1.0/Test/src/Test.jl:1083 [inlined]
   [13] top-level scope at /root/.julia/packages/PkgTemplates/DXe8J/test/interactive/interactive.jl:2
   [14] include at ./boot.jl:317 [inlined]
   [15] include_relative(::Module, ::String) at ./loading.jl:1044
   [16] include(::Module, ::String) at ./sysimg.jl:29
   [17] include(::String) at ./client.jl:392
   [18] top-level scope at none:0
   [19] include at ./boot.jl:317 [inlined]
   [20] include_relative(::Module, ::String) at ./loading.jl:1044
   [21] include(::Module, ::String) at ./sysimg.jl:29
   [22] include(::String) at ./client.jl:392
   [23] macro expansion at /root/.julia/packages/PkgTemplates/DXe8J/test/runtests.jl:17 [inlined]
   [24] macro expansion at /buildworker/worker/package_linux64/build/usr/share/julia/stdlib/v1.0/Test/src/Test.jl:1083 [inlined]
   [25] (::getfield(Main, Symbol("##4#6")))() at /root/.julia/packages/PkgTemplates/DXe8J/test/runtests.jl:17
   [26] cd(::getfield(Main, Symbol("##4#6")), ::String) at ./file.jl:96
   [27] (::getfield(Main, Symbol("##3#5")))(::String) at /root/.julia/packages/PkgTemplates/DXe8J/test/runtests.jl:15
   [28] mktempdir(::getfield(Main, Symbol("##3#5")), ::String) at ./file.jl:581
   [29] mktempdir(::Function) at ./file.jl:579
   [30] top-level scope at none:0
   [31] include at ./boot.jl:317 [inlined]
   [32] include_relative(::Module, ::String) at ./loading.jl:1044
   [33] include(::Module, ::String) at ./sysimg.jl:29
   [34] include(::String) at ./client.jl:392
   [35] top-level scope at none:0
   [36] eval(::Module, ::Any) at ./boot.jl:319
   [37] exec_options(::Base.JLOptions) at ./client.jl:243
   [38] _start() at ./client.jl:425
GitLabCI: Error During Test at /root/.julia/packages/PkgTemplates/DXe8J/test/interactive/plugins.jl:33
  Got exception outside of a @test
  type IOStream has no field buffer
  Stacktrace:
   [1] getproperty(::Any, ::Symbol) at ./sysimg.jl:18
   [2] macro expansion at /root/.julia/packages/PkgTemplates/DXe8J/test/interactive/plugins.jl:34 [inlined]
   [3] macro expansion at /buildworker/worker/package_linux64/build/usr/share/julia/stdlib/v1.0/Test/src/Test.jl:1083 [inlined]
   [4] top-level scope at /root/.julia/packages/PkgTemplates/DXe8J/test/interactive/plugins.jl:34
   [5] include at ./boot.jl:317 [inlined]
   [6] include_relative(::Module, ::String) at ./loading.jl:1044
   [7] include(::Module, ::String) at ./sysimg.jl:29
   [8] include(::String) at ./client.jl:392
   [9] macro expansion at /root/.julia/packages/PkgTemplates/DXe8J/test/interactive/interactive.jl:66 [inlined]
   [10] macro expansion at /buildworker/worker/package_linux64/build/usr/share/julia/stdlib/v1.0/Test/src/Test.jl:1083 [inlined]
   [11] macro expansion at /root/.julia/packages/PkgTemplates/DXe8J/test/interactive/interactive.jl:66 [inlined]
   [12] macro expansion at /buildworker/worker/package_linux64/build/usr/share/julia/stdlib/v1.0/Test/src/Test.jl:1083 [inlined]
   [13] top-level scope at /root/.julia/packages/PkgTemplates/DXe8J/test/interactive/interactive.jl:2
   [14] include at ./boot.jl:317 [inlined]
   [15] include_relative(::Module, ::String) at ./loading.jl:1044
   [16] include(::Module, ::String) at ./sysimg.jl:29
   [17] include(::String) at ./client.jl:392
   [18] top-level scope at none:0
   [19] include at ./boot.jl:317 [inlined]
   [20] include_relative(::Module, ::String) at ./loading.jl:1044
   [21] include(::Module, ::String) at ./sysimg.jl:29
   [22] include(::String) at ./client.jl:392
   [23] macro expansion at /root/.julia/packages/PkgTemplates/DXe8J/test/runtests.jl:17 [inlined]
   [24] macro expansion at /buildworker/worker/package_linux64/build/usr/share/julia/stdlib/v1.0/Test/src/Test.jl:1083 [inlined]
   [25] (::getfield(Main, Symbol("##4#6")))() at /root/.julia/packages/PkgTemplates/DXe8J/test/runtests.jl:17
   [26] cd(::getfield(Main, Symbol("##4#6")), ::String) at ./file.jl:96
   [27] (::getfield(Main, Symbol("##3#5")))(::String) at /root/.julia/packages/PkgTemplates/DXe8J/test/runtests.jl:15
   [28] mktempdir(::getfield(Main, Symbol("##3#5")), ::String) at ./file.jl:581
   [29] mktempdir(::Function) at ./file.jl:579
   [30] top-level scope at none:0
   [31] include at ./boot.jl:317 [inlined]
   [32] include_relative(::Module, ::String) at ./loading.jl:1044
   [33] include(::Module, ::String) at ./sysimg.jl:29
   [34] include(::String) at ./client.jl:392
   [35] top-level scope at none:0
   [36] eval(::Module, ::Any) at ./boot.jl:319
   [37] exec_options(::Base.JLOptions) at ./client.jl:243
   [38] _start() at ./client.jl:425
Codecov: Error During Test at /root/.julia/packages/PkgTemplates/DXe8J/test/interactive/plugins.jl:50
  Got exception outside of a @test
  type IOStream has no field buffer
  Stacktrace:
   [1] getproperty(::Any, ::Symbol) at ./sysimg.jl:18
   [2] macro expansion at /root/.julia/packages/PkgTemplates/DXe8J/test/interactive/plugins.jl:51 [inlined]
   [3] macro expansion at /buildworker/worker/package_linux64/build/usr/share/julia/stdlib/v1.0/Test/src/Test.jl:1083 [inlined]
   [4] top-level scope at /root/.julia/packages/PkgTemplates/DXe8J/test/interactive/plugins.jl:51
   [5] include at ./boot.jl:317 [inlined]
   [6] include_relative(::Module, ::String) at ./loading.jl:1044
   [7] include(::Module, ::String) at ./sysimg.jl:29
   [8] include(::String) at ./client.jl:392
   [9] macro expansion at /root/.julia/packages/PkgTemplates/DXe8J/test/interactive/interactive.jl:66 [inlined]
   [10] macro expansion at /buildworker/worker/package_linux64/build/usr/share/julia/stdlib/v1.0/Test/src/Test.jl:1083 [inlined]
   [11] macro expansion at /root/.julia/packages/PkgTemplates/DXe8J/test/interactive/interactive.jl:66 [inlined]
   [12] macro expansion at /buildworker/worker/package_linux64/build/usr/share/julia/stdlib/v1.0/Test/src/Test.jl:1083 [inlined]
   [13] top-level scope at /root/.julia/packages/PkgTemplates/DXe8J/test/interactive/interactive.jl:2
   [14] include at ./boot.jl:317 [inlined]
   [15] include_relative(::Module, ::String) at ./loading.jl:1044
   [16] include(::Module, ::String) at ./sysimg.jl:29
   [17] include(::String) at ./client.jl:392
   [18] top-level scope at none:0
   [19] include at ./boot.jl:317 [inlined]
   [20] include_relative(::Module, ::String) at ./loading.jl:1044
   [21] include(::Module, ::String) at ./sysimg.jl:29
   [22] include(::String) at ./client.jl:392
   [23] macro expansion at /root/.julia/packages/PkgTemplates/DXe8J/test/runtests.jl:17 [inlined]
   [24] macro expansion at /buildworker/worker/package_linux64/build/usr/share/julia/stdlib/v1.0/Test/src/Test.jl:1083 [inlined]
   [25] (::getfield(Main, Symbol("##4#6")))() at /root/.julia/packages/PkgTemplates/DXe8J/test/runtests.jl:17
   [26] cd(::getfield(Main, Symbol("##4#6")), ::String) at ./file.jl:96
   [27] (::getfield(Main, Symbol("##3#5")))(::String) at /root/.julia/packages/PkgTemplates/DXe8J/test/runtests.jl:15
   [28] mktempdir(::getfield(Main, Symbol("##3#5")), ::String) at ./file.jl:581
   [29] mktempdir(::Function) at ./file.jl:579
   [30] top-level scope at none:0
   [31] include at ./boot.jl:317 [inlined]
   [32] include_relative(::Module, ::String) at ./loading.jl:1044
   [33] include(::Module, ::String) at ./sysimg.jl:29
   [34] include(::String) at ./client.jl:392
   [35] top-level scope at none:0
   [36] eval(::Module, ::Any) at ./boot.jl:319
   [37] exec_options(::Base.JLOptions) at ./client.jl:243
   [38] _start() at ./client.jl:425
Coveralls: Error During Test at /root/.julia/packages/PkgTemplates/DXe8J/test/interactive/plugins.jl:65
  Got exception outside of a @test
  type IOStream has no field buffer
  Stacktrace:
   [1] getproperty(::Any, ::Symbol) at ./sysimg.jl:18
   [2] macro expansion at /root/.julia/packages/PkgTemplates/DXe8J/test/interactive/plugins.jl:66 [inlined]
   [3] macro expansion at /buildworker/worker/package_linux64/build/usr/share/julia/stdlib/v1.0/Test/src/Test.jl:1083 [inlined]
   [4] top-level scope at /root/.julia/packages/PkgTemplates/DXe8J/test/interactive/plugins.jl:66
   [5] include at ./boot.jl:317 [inlined]
   [6] include_relative(::Module, ::String) at ./loading.jl:1044
   [7] include(::Module, ::String) at ./sysimg.jl:29
   [8] include(::String) at ./client.jl:392
   [9] macro expansion at /root/.julia/packages/PkgTemplates/DXe8J/test/interactive/interactive.jl:66 [inlined]
   [10] macro expansion at /buildworker/worker/package_linux64/build/usr/share/julia/stdlib/v1.0/Test/src/Test.jl:1083 [inlined]
   [11] macro expansion at /root/.julia/packages/PkgTemplates/DXe8J/test/interactive/interactive.jl:66 [inlined]
   [12] macro expansion at /buildworker/worker/package_linux64/build/usr/share/julia/stdlib/v1.0/Test/src/Test.jl:1083 [inlined]
   [13] top-level scope at /root/.julia/packages/PkgTemplates/DXe8J/test/interactive/interactive.jl:2
   [14] include at ./boot.jl:317 [inlined]
   [15] include_relative(::Module, ::String) at ./loading.jl:1044
   [16] include(::Module, ::String) at ./sysimg.jl:29
   [17] include(::String) at ./client.jl:392
   [18] top-level scope at none:0
   [19] include at ./boot.jl:317 [inlined]
   [20] include_relative(::Module, ::String) at ./loading.jl:1044
   [21] include(::Module, ::String) at ./sysimg.jl:29
   [22] include(::String) at ./client.jl:392
   [23] macro expansion at /root/.julia/packages/PkgTemplates/DXe8J/test/runtests.jl:17 [inlined]
   [24] macro expansion at /buildworker/worker/package_linux64/build/usr/share/julia/stdlib/v1.0/Test/src/Test.jl:1083 [inlined]
   [25] (::getfield(Main, Symbol("##4#6")))() at /root/.julia/packages/PkgTemplates/DXe8J/test/runtests.jl:17
   [26] cd(::getfield(Main, Symbol("##4#6")), ::String) at ./file.jl:96
   [27] (::getfield(Main, Symbol("##3#5")))(::String) at /root/.julia/packages/PkgTemplates/DXe8J/test/runtests.jl:15
   [28] mktempdir(::getfield(Main, Symbol("##3#5")), ::String) at ./file.jl:581
   [29] mktempdir(::Function) at ./file.jl:579
   [30] top-level scope at none:0
   [31] include at ./boot.jl:317 [inlined]
   [32] include_relative(::Module, ::String) at ./loading.jl:1044
   [33] include(::Module, ::String) at ./sysimg.jl:29
   [34] include(::String) at ./client.jl:392
   [35] top-level scope at none:0
   [36] eval(::Module, ::Any) at ./boot.jl:319
   [37] exec_options(::Base.JLOptions) at ./client.jl:243
   [38] _start() at ./client.jl:425
GitHubPages: Error During Test at /root/.julia/packages/PkgTemplates/DXe8J/test/interactive/plugins.jl:80
  Got exception outside of a @test
  type IOStream has no field buffer
  Stacktrace:
   [1] getproperty(::Any, ::Symbol) at ./sysimg.jl:18
   [2] macro expansion at /root/.julia/packages/PkgTemplates/DXe8J/test/interactive/plugins.jl:81 [inlined]
   [3] macro expansion at /buildworker/worker/package_linux64/build/usr/share/julia/stdlib/v1.0/Test/src/Test.jl:1083 [inlined]
   [4] top-level scope at /root/.julia/packages/PkgTemplates/DXe8J/test/interactive/plugins.jl:81
   [5] include at ./boot.jl:317 [inlined]
   [6] include_relative(::Module, ::String) at ./loading.jl:1044
   [7] include(::Module, ::String) at ./sysimg.jl:29
   [8] include(::String) at ./client.jl:392
   [9] macro expansion at /root/.julia/packages/PkgTemplates/DXe8J/test/interactive/interactive.jl:66 [inlined]
   [10] macro expansion at /buildworker/worker/package_linux64/build/usr/share/julia/stdlib/v1.0/Test/src/Test.jl:1083 [inlined]
   [11] macro expansion at /root/.julia/packages/PkgTemplates/DXe8J/test/interactive/interactive.jl:66 [inlined]
   [12] macro expansion at /buildworker/worker/package_linux64/build/usr/share/julia/stdlib/v1.0/Test/src/Test.jl:1083 [inlined]
   [13] top-level scope at /root/.julia/packages/PkgTemplates/DXe8J/test/interactive/interactive.jl:2
   [14] include at ./boot.jl:317 [inlined]
   [15] include_relative(::Module, ::String) at ./loading.jl:1044
   [16] include(::Module, ::String) at ./sysimg.jl:29
   [17] include(::String) at ./client.jl:392
   [18] top-level scope at none:0
   [19] include at ./boot.jl:317 [inlined]
   [20] include_relative(::Module, ::String) at ./loading.jl:1044
   [21] include(::Module, ::String) at ./sysimg.jl:29
   [22] include(::String) at ./client.jl:392
   [23] macro expansion at /root/.julia/packages/PkgTemplates/DXe8J/test/runtests.jl:17 [inlined]
   [24] macro expansion at /buildworker/worker/package_linux64/build/usr/share/julia/stdlib/v1.0/Test/src/Test.jl:1083 [inlined]
   [25] (::getfield(Main, Symbol("##4#6")))() at /root/.julia/packages/PkgTemplates/DXe8J/test/runtests.jl:17
   [26] cd(::getfield(Main, Symbol("##4#6")), ::String) at ./file.jl:96
   [27] (::getfield(Main, Symbol("##3#5")))(::String) at /root/.julia/packages/PkgTemplates/DXe8J/test/runtests.jl:15
   [28] mktempdir(::getfield(Main, Symbol("##3#5")), ::String) at ./file.jl:581
   [29] mktempdir(::Function) at ./file.jl:579
   [30] top-level scope at none:0
   [31] include at ./boot.jl:317 [inlined]
   [32] include_relative(::Module, ::String) at ./loading.jl:1044
   [33] include(::Module, ::String) at ./sysimg.jl:29
   [34] include(::String) at ./client.jl:392
   [35] top-level scope at none:0
   [36] eval(::Module, ::Any) at ./boot.jl:319
   [37] exec_options(::Base.JLOptions) at ./client.jl:243
   [38] _start() at ./client.jl:425
Test Summary:                 | Pass  Error  Total
PkgTemplates.jl               |  331      8    339
  Template creation           |   21            21
  Show methods                |    2             2
  File generation             |   39            39
  Package generation          |   22            22
  Git-less template creation  |    1             1
  Git-less package generation |    2             2
  Version floor               |    4             4
  Mustache substitution       |   20            20
  License display             |   26            26
  Plugins                     |  176           176
  Documenter add kwargs       |   18            18
  Interactive mode            |           8      8
    Template creation         |           1      1
    Package generation        |           1      1
    Plugins                   |           6      6
      TravisCI                |           1      1
      AppVeyor                |           1      1
      GitLabCI                |           1      1
      Codecov                 |           1      1
      Coveralls               |           1      1
      GitHubPages             |           1      1
ERROR: LoadError: Some tests did not pass: 331 passed, 0 failed, 8 errored, 0 broken.
in expression starting at /root/.julia/packages/PkgTemplates/DXe8J/test/runtests.jl:12
ERROR: Package PkgTemplates errored during testing
Stacktrace:
 [1] pkgerror(::String, ::Vararg{String,N} where N) at /buildworker/worker/package_linux64/build/usr/share/julia/stdlib/v1.0/Pkg/src/Types.jl:120
 [2] #test#65(::Bool, ::Function, ::Pkg.Types.Context, ::Array{Pkg.Types.PackageSpec,1}) at /buildworker/worker/package_linux64/build/usr/share/julia/stdlib/v1.0/Pkg/src/Operations.jl:1357
 [3] #test at /buildworker/worker/package_linux64/build/usr/share/julia/stdlib/v1.0/Pkg/src/API.jl:0 [inlined]
 [4] #test#44(::Bool, ::Base.Iterators.Pairs{Union{},Union{},Tuple{},NamedTuple{(),Tuple{}}}, ::Function, ::Pkg.Types.Context, ::Array{Pkg.Types.PackageSpec,1}) at /buildworker/worker/package_linux64/build/usr/share/julia/stdlib/v1.0/Pkg/src/API.jl:278
 [5] test at /buildworker/worker/package_linux64/build/usr/share/julia/stdlib/v1.0/Pkg/src/API.jl:263 [inlined]
 [6] #test#43 at /buildworker/worker/package_linux64/build/usr/share/julia/stdlib/v1.0/Pkg/src/API.jl:260 [inlined]
 [7] test at /buildworker/worker/package_linux64/build/usr/share/julia/stdlib/v1.0/Pkg/src/API.jl:260 [inlined]
 [8] #test#42 at /buildworker/worker/package_linux64/build/usr/share/julia/stdlib/v1.0/Pkg/src/API.jl:259 [inlined]
 [9] test at /buildworker/worker/package_linux64/build/usr/share/julia/stdlib/v1.0/Pkg/src/API.jl:259 [inlined]
 [10] #test#41 at /buildworker/worker/package_linux64/build/usr/share/julia/stdlib/v1.0/Pkg/src/API.jl:258 [inlined]
 [11] test(::String) at /buildworker/worker/package_linux64/build/usr/share/julia/stdlib/v1.0/Pkg/src/API.jl:258
 [12] top-level scope at none:0
