 Resolving package versions...
 Installed Mocking ─ v0.7.0
  Updating `~/.julia/environments/v1.0/Project.toml`
  [78c3b35d] + Mocking v0.7.0
  Updating `~/.julia/environments/v1.0/Manifest.toml`
  [78c3b35d] + Mocking v0.7.0
   Testing Mocking
 Resolving package versions...
    Status `/tmp/tmpBJmuis/Manifest.toml`
  [78c3b35d] Mocking v0.7.0
  [2a0f44e3] Base64  [`@stdlib/Base64`]
  [ade2ca70] Dates  [`@stdlib/Dates`]
  [8ba89e20] Distributed  [`@stdlib/Distributed`]
  [b77e0a4c] InteractiveUtils  [`@stdlib/InteractiveUtils`]
  [8f399da3] Libdl  [`@stdlib/Libdl`]
  [37e2e46d] LinearAlgebra  [`@stdlib/LinearAlgebra`]
  [56ddb016] Logging  [`@stdlib/Logging`]
  [d6f4376e] Markdown  [`@stdlib/Markdown`]
  [de0858da] Printf  [`@stdlib/Printf`]
  [9a3f8284] Random  [`@stdlib/Random`]
  [9e88b42a] Serialization  [`@stdlib/Serialization`]
  [6462fe0b] Sockets  [`@stdlib/Sockets`]
  [8dfed614] Test  [`@stdlib/Test`]
  [4ec0a83e] Unicode  [`@stdlib/Unicode`]
Test Summary: | Pass  Broken  Total
Mocking       |  546       3    549
   Testing Mocking tests passed 
