 Resolving package versions...
 Installed CEnum ────────── v0.2.0
 Installed LightXML ─────── v0.8.1
 Installed LSL ──────────── v0.1.0
 Installed BinaryProvider ─ v0.5.8
  Updating `~/.julia/environments/v1.0/Project.toml`
  [57c3d5b1] + LSL v0.1.0
  Updating `~/.julia/environments/v1.0/Manifest.toml`
  [b99e7846] + BinaryProvider v0.5.8
  [fa961155] + CEnum v0.2.0
  [57c3d5b1] + LSL v0.1.0
  [9c8b4983] + LightXML v0.8.1
  [8f399da3] + Libdl 
  [ea8e919c] + SHA 
  Building LightXML → `~/.julia/packages/LightXML/W8FVT/deps/build.log`
  Building LSL ─────→ `~/.julia/packages/LSL/fFok5/deps/build.log`
   Testing LSL
 Resolving package versions...
    Status `/tmp/tmpprNfMR/Manifest.toml`
  [b99e7846] BinaryProvider v0.5.8
  [fa961155] CEnum v0.2.0
  [57c3d5b1] LSL v0.1.0
  [9c8b4983] LightXML v0.8.1
  [2a0f44e3] Base64  [`@stdlib/Base64`]
  [8ba89e20] Distributed  [`@stdlib/Distributed`]
  [b77e0a4c] InteractiveUtils  [`@stdlib/InteractiveUtils`]
  [8f399da3] Libdl  [`@stdlib/Libdl`]
  [37e2e46d] LinearAlgebra  [`@stdlib/LinearAlgebra`]
  [56ddb016] Logging  [`@stdlib/Logging`]
  [d6f4376e] Markdown  [`@stdlib/Markdown`]
  [9a3f8284] Random  [`@stdlib/Random`]
  [ea8e919c] SHA  [`@stdlib/SHA`]
  [9e88b42a] Serialization  [`@stdlib/Serialization`]
  [6462fe0b] Sockets  [`@stdlib/Sockets`]
  [8dfed614] Test  [`@stdlib/Test`]
Test Summary: | Pass  Total
StreamInfo    |    7      7
Note (minor): could not create multicast responder for address FF02:113D:6FDD:2C17:A643:FFE2:1BD1:3CD2 (failed with: set_option: No such device)
Note (minor): could not create multicast responder for address FF05:113D:6FDD:2C17:A643:FFE2:1BD1:3CD2 (failed with: set_option: No such device)
Stream transmission broke off (Input stream error.); re-connecting...
Note (minor): could not create multicast responder for address FF02:113D:6FDD:2C17:A643:FFE2:1BD1:3CD2 (failed with: set_option: No such device)
Note (minor): could not create multicast responder for address FF05:113D:6FDD:2C17:A643:FFE2:1BD1:3CD2 (failed with: set_option: No such device)
Stream transmission broke off (Input stream error.); re-connecting...
Note (minor): could not create multicast responder for address FF02:113D:6FDD:2C17:A643:FFE2:1BD1:3CD2 (failed with: set_option: No such device)
Note (minor): could not create multicast responder for address FF05:113D:6FDD:2C17:A643:FFE2:1BD1:3CD2 (failed with: set_option: No such device)
Note (minor): could not create multicast responder for address FF02:113D:6FDD:2C17:A643:FFE2:1BD1:3CD2 (failed with: set_option: No such device)
Note (minor): could not create multicast responder for address FF05:113D:6FDD:2C17:A643:FFE2:1BD1:3CD2 (failed with: set_option: No such device)
Stream transmission broke off (Input stream error.); re-connecting...
Note (minor): could not create multicast responder for address FF02:113D:6FDD:2C17:A643:FFE2:1BD1:3CD2 (failed with: set_option: No such device)
Note (minor): could not create multicast responder for address FF05:113D:6FDD:2C17:A643:FFE2:1BD1:3CD2 (failed with: set_option: No such device)
Stream transmission broke off (Input stream error.); re-connecting...
Note (minor): could not create multicast responder for address FF02:113D:6FDD:2C17:A643:FFE2:1BD1:3CD2 (failed with: set_option: No such device)
Note (minor): could not create multicast responder for address FF05:113D:6FDD:2C17:A643:FFE2:1BD1:3CD2 (failed with: set_option: No such device)
Stream transmission broke off (Input stream error.); re-connecting...
Test Summary: | Pass  Total
Samples       |    6      6
Note (minor): could not create multicast responder for address FF02:113D:6FDD:2C17:A643:FFE2:1BD1:3CD2 (failed with: set_option: No such device)
Note (minor): could not create multicast responder for address FF05:113D:6FDD:2C17:A643:FFE2:1BD1:3CD2 (failed with: set_option: No such device)
Stream transmission broke off (Input stream error.); re-connecting...
Note (minor): could not create multicast responder for address FF02:113D:6FDD:2C17:A643:FFE2:1BD1:3CD2 (failed with: set_option: No such device)
Note (minor): could not create multicast responder for address FF05:113D:6FDD:2C17:A643:FFE2:1BD1:3CD2 (failed with: set_option: No such device)
Stream transmission broke off (Input stream error.); re-connecting...
Note (minor): could not create multicast responder for address FF02:113D:6FDD:2C17:A643:FFE2:1BD1:3CD2 (failed with: set_option: No such device)
Note (minor): could not create multicast responder for address FF05:113D:6FDD:2C17:A643:FFE2:1BD1:3CD2 (failed with: set_option: No such device)
Stream transmission broke off (Input stream error.); re-connecting...
Note (minor): could not create multicast responder for address FF02:113D:6FDD:2C17:A643:FFE2:1BD1:3CD2 (failed with: set_option: No such device)
Note (minor): could not create multicast responder for address FF05:113D:6FDD:2C17:A643:FFE2:1BD1:3CD2 (failed with: set_option: No such device)
Stream transmission broke off (Input stream error.); re-connecting...
Note (minor): could not create multicast responder for address FF02:113D:6FDD:2C17:A643:FFE2:1BD1:3CD2 (failed with: set_option: No such device)
Note (minor): could not create multicast responder for address FF05:113D:6FDD:2C17:A643:FFE2:1BD1:3CD2 (failed with: set_option: No such device)
Stream transmission broke off (Input stream error.); re-connecting...
Tearing down stream_outlet of thread 7fd63cffc700 (in id: 7fd65f913cc0): 
