 Resolving package versions...
 Installed DataAPI ──────── v1.1.0
 Installed Missings ─────── v0.4.3
 Installed WeakRefStrings ─ v0.6.1
 Installed DataStreams ──── v0.4.2
  Updating `~/.julia/environments/v1.2/Project.toml`
  [9a8bc11e] + DataStreams v0.4.2
  Updating `~/.julia/environments/v1.2/Manifest.toml`
  [9a962f9c] + DataAPI v1.1.0
  [9a8bc11e] + DataStreams v0.4.2
  [e1d29d7a] + Missings v0.4.3
  [ea10d353] + WeakRefStrings v0.6.1
  [2a0f44e3] + Base64 
  [8ba89e20] + Distributed 
  [b77e0a4c] + InteractiveUtils 
  [56ddb016] + Logging 
  [d6f4376e] + Markdown 
  [9a3f8284] + Random 
  [9e88b42a] + Serialization 
  [6462fe0b] + Sockets 
  [8dfed614] + Test 
   Testing DataStreams
 Resolving package versions...
    Status `/tmp/jl_BJjWQI/Manifest.toml`
  [9a962f9c] DataAPI v1.1.0
  [9a8bc11e] DataStreams v0.4.2
  [e1d29d7a] Missings v0.4.3
  [ea10d353] WeakRefStrings v0.6.1
  [2a0f44e3] Base64  [`@stdlib/Base64`]
  [ade2ca70] Dates  [`@stdlib/Dates`]
  [8ba89e20] Distributed  [`@stdlib/Distributed`]
  [b77e0a4c] InteractiveUtils  [`@stdlib/InteractiveUtils`]
  [56ddb016] Logging  [`@stdlib/Logging`]
  [d6f4376e] Markdown  [`@stdlib/Markdown`]
  [de0858da] Printf  [`@stdlib/Printf`]
  [9a3f8284] Random  [`@stdlib/Random`]
  [9e88b42a] Serialization  [`@stdlib/Serialization`]
  [6462fe0b] Sockets  [`@stdlib/Sockets`]
  [8dfed614] Test  [`@stdlib/Test`]
  [4ec0a83e] Unicode  [`@stdlib/Unicode`]
┌ Warning: `T` is deprecated, use `nonmissingtype` instead.
│   caller = (::getfield(DataStreams.Data, Symbol("##7#8")))(::Type) at DataStreams.jl:68
└ @ DataStreams.Data ~/.julia/packages/DataStreams/mEqAy/src/DataStreams.jl:68
Test Summary: | Pass  Total
DataStreams   |  319    319
   Testing DataStreams tests passed 
