 Resolving package versions...
 Installed SMTPClient ───── v0.3.1
 Installed LibCURL ──────── v0.5.2
 Installed BinaryProvider ─ v0.5.8
  Updating `~/.julia/environments/v1.2/Project.toml`
  [c35d69d1] + SMTPClient v0.3.1
  Updating `~/.julia/environments/v1.2/Manifest.toml`
  [b99e7846] + BinaryProvider v0.5.8
  [b27032c2] + LibCURL v0.5.2
  [c35d69d1] + SMTPClient v0.3.1
  [2a0f44e3] + Base64 
  [8ba89e20] + Distributed 
  [b77e0a4c] + InteractiveUtils 
  [8f399da3] + Libdl 
  [56ddb016] + Logging 
  [d6f4376e] + Markdown 
  [9a3f8284] + Random 
  [ea8e919c] + SHA 
  [9e88b42a] + Serialization 
  [6462fe0b] + Sockets 
  [8dfed614] + Test 
  Building LibCURL → `~/.julia/packages/LibCURL/lWJxD/deps/build.log`
   Testing SMTPClient
 Resolving package versions...
    Status `/tmp/jl_6AnGMS/Manifest.toml`
  [b99e7846] BinaryProvider v0.5.8
  [b27032c2] LibCURL v0.5.2
  [c35d69d1] SMTPClient v0.3.1
  [2a0f44e3] Base64  [`@stdlib/Base64`]
  [8ba89e20] Distributed  [`@stdlib/Distributed`]
  [b77e0a4c] InteractiveUtils  [`@stdlib/InteractiveUtils`]
  [8f399da3] Libdl  [`@stdlib/Libdl`]
  [56ddb016] Logging  [`@stdlib/Logging`]
  [d6f4376e] Markdown  [`@stdlib/Markdown`]
  [9a3f8284] Random  [`@stdlib/Random`]
  [ea8e919c] SHA  [`@stdlib/SHA`]
  [9e88b42a] Serialization  [`@stdlib/Serialization`]
  [6462fe0b] Sockets  [`@stdlib/Sockets`]
  [8dfed614] Test  [`@stdlib/Test`]
[ Info: testset: send...
Send: Error During Test at /root/.julia/packages/SMTPClient/VShKI/test/send.jl:12
  Got exception outside of a @test
  IOError: could not spawn `python3.7 /root/.julia/packages/SMTPClient/VShKI/test/mock.py /tmp/jl_JSJMn6`: no such file or directory (ENOENT)
  Stacktrace:
   [1] _spawn_primitive(::String, ::Cmd, ::Array{Any,1}) at ./process.jl:401
   [2] setup_stdios(::getfield(Base, Symbol("##526#527")){Cmd}, ::Array{Any,1}) at ./process.jl:414
   [3] _spawn(::Base.CmdRedirect, ::Array{Any,1}) at ./process.jl:413
   [4] #run#536(::Bool, ::typeof(run), ::Base.CmdRedirect) at ./process.jl:731
   [5] (::getfield(Base, Symbol("#kw##run")))(::NamedTuple{(:wait,),Tuple{Bool}}, ::typeof(run), ::Base.CmdRedirect) at ./none:0
   [6] top-level scope at /root/.julia/packages/SMTPClient/VShKI/test/send.jl:19
   [7] top-level scope at /buildworker/worker/package_linux64/build/usr/share/julia/stdlib/v1.2/Test/src/Test.jl:1113
   [8] top-level scope at /root/.julia/packages/SMTPClient/VShKI/test/send.jl:13
   [9] include at ./boot.jl:328 [inlined]
   [10] include_relative(::Module, ::String) at ./loading.jl:1094
   [11] include(::Module, ::String) at ./Base.jl:31
   [12] include(::String) at ./client.jl:431
   [13] top-level scope at /root/.julia/packages/SMTPClient/VShKI/test/runtests.jl:8
   [14] top-level scope at /buildworker/worker/package_linux64/build/usr/share/julia/stdlib/v1.2/Test/src/Test.jl:1113
   [15] top-level scope at /root/.julia/packages/SMTPClient/VShKI/test/runtests.jl:6
   [16] include at ./boot.jl:328 [inlined]
   [17] include_relative(::Module, ::String) at ./loading.jl:1094
   [18] include(::Module, ::String) at ./Base.jl:31
   [19] include(::String) at ./client.jl:431
   [20] top-level scope at none:5
   [21] eval(::Module, ::Any) at ./boot.jl:330
   [22] exec_options(::Base.JLOptions) at ./client.jl:271
   [23] _start() at ./client.jl:464
  
[ Info: testset: error...
Test Summary: | Pass  Error  Total
SMTPClient    |    2      1      3
  Send        |           1      1
  Errors      |    2             2
ERROR: LoadError: Some tests did not pass: 2 passed, 0 failed, 1 errored, 0 broken.
in expression starting at /root/.julia/packages/SMTPClient/VShKI/test/runtests.jl:5
ERROR: Package SMTPClient errored during testing
Stacktrace:
 [1] pkgerror(::String, ::Vararg{String,N} where N) at /buildworker/worker/package_linux64/build/usr/share/julia/stdlib/v1.2/Pkg/src/Types.jl:112
 [2] #test#119(::Bool, ::Nothing, ::typeof(Pkg.Operations.test), ::Pkg.Types.Context, ::Array{Pkg.Types.PackageSpec,1}) at /buildworker/worker/package_linux64/build/usr/share/julia/stdlib/v1.2/Pkg/src/Operations.jl:1288
 [3] #test at ./none:0 [inlined]
 [4] #test#62(::Bool, ::Nothing, ::Base.Iterators.Pairs{Union{},Union{},Tuple{},NamedTuple{(),Tuple{}}}, ::typeof(Pkg.API.test), ::Pkg.Types.Context, ::Array{Pkg.Types.PackageSpec,1}) at /buildworker/worker/package_linux64/build/usr/share/julia/stdlib/v1.2/Pkg/src/API.jl:245
 [5] test at /buildworker/worker/package_linux64/build/usr/share/julia/stdlib/v1.2/Pkg/src/API.jl:233 [inlined]
 [6] #test#61 at /buildworker/worker/package_linux64/build/usr/share/julia/stdlib/v1.2/Pkg/src/API.jl:230 [inlined]
 [7] test at /buildworker/worker/package_linux64/build/usr/share/julia/stdlib/v1.2/Pkg/src/API.jl:230 [inlined]
 [8] #test#60 at /buildworker/worker/package_linux64/build/usr/share/julia/stdlib/v1.2/Pkg/src/API.jl:229 [inlined]
 [9] test at /buildworker/worker/package_linux64/build/usr/share/julia/stdlib/v1.2/Pkg/src/API.jl:229 [inlined]
 [10] #test#59(::Base.Iterators.Pairs{Union{},Union{},Tuple{},NamedTuple{(),Tuple{}}}, ::typeof(Pkg.API.test), ::String) at /buildworker/worker/package_linux64/build/usr/share/julia/stdlib/v1.2/Pkg/src/API.jl:228
 [11] test(::String) at /buildworker/worker/package_linux64/build/usr/share/julia/stdlib/v1.2/Pkg/src/API.jl:228
 [12] top-level scope at none:10
