 Resolving package versions...
 Installed Showoff ─────────────────── v0.3.1
 Installed CatIndices ──────────────── v0.2.0
 Installed MIRTio ──────────────────── v0.1.0
 Installed Missings ────────────────── v0.4.3
 Installed DataAPI ─────────────────── v1.1.0
 Installed ComputationalResources ──── v0.3.0
 Installed Contour ─────────────────── v0.5.1
 Installed MIRT ────────────────────── v0.8.0
 Installed Conda ───────────────────── v1.3.0
 Installed BinaryProvider ──────────── v0.5.8
 Installed Blosc ───────────────────── v0.5.1
 Installed HDF5 ────────────────────── v0.12.5
 Installed AbstractFFTs ────────────── v0.5.0
 Installed StatsBase ───────────────── v0.32.0
 Installed Plots ───────────────────── v0.27.0
 Installed Measures ────────────────── v0.3.0
 Installed Colors ──────────────────── v0.9.6
 Installed Requires ────────────────── v0.5.2
 Installed AxisAlgorithms ──────────── v1.0.0
 Installed URIParser ───────────────── v0.4.0
 Installed IdentityRanges ──────────── v0.3.0
 Installed Polynomials ─────────────── v0.6.0
 Installed Reexport ────────────────── v0.2.0
 Installed LinearMapsAA ────────────── v0.2.0
 Installed NFFT ────────────────────── v0.4.0
 Installed LinearMaps ──────────────── v2.5.2
 Installed Compat ──────────────────── v2.2.0
 Installed OrderedCollections ──────── v1.1.0
 Installed OffsetArrays ────────────── v0.11.1
 Installed Wavelets ────────────────── v0.9.0
 Installed CoordinateTransformations ─ v0.5.0
 Installed IterTools ───────────────── v1.3.0
 Installed RecipesBase ─────────────── v0.7.0
 Installed FixedPointNumbers ───────── v0.6.1
 Installed DataStructures ──────────── v0.17.6
 Installed MappedArrays ────────────── v0.2.2
 Installed ColorVectorSpace ────────── v0.7.1
 Installed Parsers ─────────────────── v0.3.10
 Installed Graphics ────────────────── v0.4.0
 Installed FFMPEG ──────────────────── v0.2.3
 Installed JSON ────────────────────── v0.21.0
 Installed ImageFiltering ──────────── v0.6.5
 Installed MosaicViews ─────────────── v0.1.0
 Installed LaTeXStrings ────────────── v1.0.3
 Installed ImageTransformations ────── v0.8.0
 Installed DSP ─────────────────────── v0.6.1
 Installed NaNMath ─────────────────── v0.3.3
 Installed Ratios ──────────────────── v0.3.1
 Installed StaticArrays ────────────── v0.12.1
 Installed CustomUnitRanges ────────── v0.2.0
 Installed PaddedViews ─────────────── v0.4.2
 Installed TiledIteration ──────────── v0.2.3
 Installed FFTW ────────────────────── v1.1.0
 Installed Parameters ──────────────── v0.12.0
 Installed ImageCore ───────────────── v0.8.5
 Installed BenchmarkTools ──────────── v0.4.3
 Installed GeometryTypes ───────────── v0.7.6
 Installed CMake ───────────────────── v1.1.2
 Installed WoodburyMatrices ────────── v0.4.1
 Installed SortingAlgorithms ───────── v0.3.1
 Installed PlotUtils ───────────────── v0.6.1
 Installed CMakeWrapper ────────────── v0.2.3
 Installed VersionParsing ──────────── v1.1.3
 Installed FFTViews ────────────────── v0.3.0
 Installed PlotThemes ──────────────── v0.4.0
 Installed ColorTypes ──────────────── v0.8.0
 Installed SpecialFunctions ────────── v0.8.0
 Installed Rotations ───────────────── v0.12.0
 Installed BinDeps ─────────────────── v0.8.10
 Installed Interpolations ──────────── v0.12.5
 Installed FileIO ──────────────────── v1.0.7
 Installed GR ──────────────────────── v0.42.0
  Updating `~/.julia/environments/v1.2/Project.toml`
  [7035ae7a] + MIRT v0.8.0
  Updating `~/.julia/environments/v1.2/Manifest.toml`
  [621f4979] + AbstractFFTs v0.5.0
  [13072b0f] + AxisAlgorithms v1.0.0
  [6e4b80f9] + BenchmarkTools v0.4.3
  [9e28174c] + BinDeps v0.8.10
  [b99e7846] + BinaryProvider v0.5.8
  [a74b3585] + Blosc v0.5.1
  [631607c0] + CMake v1.1.2
  [d5fb7624] + CMakeWrapper v0.2.3
  [aafaddc9] + CatIndices v0.2.0
  [3da002f7] + ColorTypes v0.8.0
  [c3611d14] + ColorVectorSpace v0.7.1
  [5ae59095] + Colors v0.9.6
  [34da2185] + Compat v2.2.0
  [ed09eef8] + ComputationalResources v0.3.0
  [8f4d0f93] + Conda v1.3.0
  [d38c429a] + Contour v0.5.1
  [150eb455] + CoordinateTransformations v0.5.0
  [dc8bdbbb] + CustomUnitRanges v0.2.0
  [717857b8] + DSP v0.6.1
  [9a962f9c] + DataAPI v1.1.0
  [864edb3b] + DataStructures v0.17.6
  [c87230d0] + FFMPEG v0.2.3
  [4f61f5a4] + FFTViews v0.3.0
  [7a1cc6ca] + FFTW v1.1.0
  [5789e2e9] + FileIO v1.0.7
  [53c48c17] + FixedPointNumbers v0.6.1
  [28b8d3ca] + GR v0.42.0
  [4d00f742] + GeometryTypes v0.7.6
  [a2bd30eb] + Graphics v0.4.0
  [f67ccb44] + HDF5 v0.12.5
  [bbac6d45] + IdentityRanges v0.3.0
  [a09fc81d] + ImageCore v0.8.5
  [6a3955dd] + ImageFiltering v0.6.5
  [02fcd773] + ImageTransformations v0.8.0
  [a98d9a8b] + Interpolations v0.12.5
  [c8e1da08] + IterTools v1.3.0
  [682c06a0] + JSON v0.21.0
  [b964fa9f] + LaTeXStrings v1.0.3
  [7a12625a] + LinearMaps v2.5.2
  [599c1a8e] + LinearMapsAA v0.2.0
  [7035ae7a] + MIRT v0.8.0
  [274281c4] + MIRTio v0.1.0
  [dbb5928d] + MappedArrays v0.2.2
  [442fdcdd] + Measures v0.3.0
  [e1d29d7a] + Missings v0.4.3
  [e94cdb99] + MosaicViews v0.1.0
  [efe261a4] + NFFT v0.4.0
  [77ba4419] + NaNMath v0.3.3
  [6fe1bfb0] + OffsetArrays v0.11.1
  [bac558e1] + OrderedCollections v1.1.0
  [5432bcbf] + PaddedViews v0.4.2
  [d96e819e] + Parameters v0.12.0
  [69de0a69] + Parsers v0.3.10
  [ccf2f8ad] + PlotThemes v0.4.0
  [995b91a9] + PlotUtils v0.6.1
  [91a5bcdd] + Plots v0.27.0
  [f27b6e38] + Polynomials v0.6.0
  [c84ed2f1] + Ratios v0.3.1
  [3cdcf5f2] + RecipesBase v0.7.0
  [189a3867] + Reexport v0.2.0
  [ae029012] + Requires v0.5.2
  [6038ab10] + Rotations v0.12.0
  [992d4aef] + Showoff v0.3.1
  [a2af1166] + SortingAlgorithms v0.3.1
  [276daf66] + SpecialFunctions v0.8.0
  [90137ffa] + StaticArrays v0.12.1
  [2913bbd2] + StatsBase v0.32.0
  [06e1c1a7] + TiledIteration v0.2.3
  [30578b45] + URIParser v0.4.0
  [81def892] + VersionParsing v1.1.3
  [29a6e085] + Wavelets v0.9.0
  [efce3f68] + WoodburyMatrices v0.4.1
  [2a0f44e3] + Base64 
  [ade2ca70] + Dates 
  [8bb1440f] + DelimitedFiles 
  [8ba89e20] + Distributed 
  [b77e0a4c] + InteractiveUtils 
  [76f85450] + LibGit2 
  [8f399da3] + Libdl 
  [37e2e46d] + LinearAlgebra 
  [56ddb016] + Logging 
  [d6f4376e] + Markdown 
  [a63ad114] + Mmap 
  [44cfe95a] + Pkg 
  [de0858da] + Printf 
  [3fa0cd96] + REPL 
  [9a3f8284] + Random 
  [ea8e919c] + SHA 
  [9e88b42a] + Serialization 
  [1a1011a3] + SharedArrays 
  [6462fe0b] + Sockets 
  [2f01184e] + SparseArrays 
  [10745b16] + Statistics 
  [8dfed614] + Test 
  [cf7118a7] + UUIDs 
  [4ec0a83e] + Unicode 
  Building CMake ───────────→ `~/.julia/packages/CMake/nSK2r/deps/build.log`
  Building Blosc ───────────→ `~/.julia/packages/Blosc/lzFr0/deps/build.log`
  Building HDF5 ────────────→ `~/.julia/packages/HDF5/Zh9on/deps/build.log`
  Building Conda ───────────→ `~/.julia/packages/Conda/kLXeC/deps/build.log`
  Building GR ──────────────→ `~/.julia/packages/GR/f1Iqi/deps/build.log`
  Building FFMPEG ──────────→ `~/.julia/packages/FFMPEG/bkWgb/deps/build.log`
  Building Plots ───────────→ `~/.julia/packages/Plots/Iuc9S/deps/build.log`
  Building FFTW ────────────→ `~/.julia/packages/FFTW/loJ3F/deps/build.log`
  Building SpecialFunctions → `~/.julia/packages/SpecialFunctions/ne2iw/deps/build.log`
   Testing MIRT
    Status `/tmp/jl_xJNq3u/Manifest.toml`
  [621f4979] AbstractFFTs v0.5.0
  [13072b0f] AxisAlgorithms v1.0.0
  [6e4b80f9] BenchmarkTools v0.4.3
  [9e28174c] BinDeps v0.8.10
  [b99e7846] BinaryProvider v0.5.8
  [a74b3585] Blosc v0.5.1
  [631607c0] CMake v1.1.2
  [d5fb7624] CMakeWrapper v0.2.3
  [aafaddc9] CatIndices v0.2.0
  [3da002f7] ColorTypes v0.8.0
  [c3611d14] ColorVectorSpace v0.7.1
  [5ae59095] Colors v0.9.6
  [34da2185] Compat v2.2.0
  [ed09eef8] ComputationalResources v0.3.0
  [8f4d0f93] Conda v1.3.0
  [d38c429a] Contour v0.5.1
  [150eb455] CoordinateTransformations v0.5.0
  [dc8bdbbb] CustomUnitRanges v0.2.0
  [717857b8] DSP v0.6.1
  [9a962f9c] DataAPI v1.1.0
  [864edb3b] DataStructures v0.17.6
  [c87230d0] FFMPEG v0.2.3
  [4f61f5a4] FFTViews v0.3.0
  [7a1cc6ca] FFTW v1.1.0
  [5789e2e9] FileIO v1.0.7
  [53c48c17] FixedPointNumbers v0.6.1
  [28b8d3ca] GR v0.42.0
  [4d00f742] GeometryTypes v0.7.6
  [a2bd30eb] Graphics v0.4.0
  [f67ccb44] HDF5 v0.12.5
  [bbac6d45] IdentityRanges v0.3.0
  [a09fc81d] ImageCore v0.8.5
  [6a3955dd] ImageFiltering v0.6.5
  [02fcd773] ImageTransformations v0.8.0
  [a98d9a8b] Interpolations v0.12.5
  [c8e1da08] IterTools v1.3.0
  [682c06a0] JSON v0.21.0
  [b964fa9f] LaTeXStrings v1.0.3
  [7a12625a] LinearMaps v2.5.2
  [599c1a8e] LinearMapsAA v0.2.0
  [7035ae7a] MIRT v0.8.0
  [274281c4] MIRTio v0.1.0
  [dbb5928d] MappedArrays v0.2.2
  [442fdcdd] Measures v0.3.0
  [e1d29d7a] Missings v0.4.3
  [e94cdb99] MosaicViews v0.1.0
  [efe261a4] NFFT v0.4.0
  [77ba4419] NaNMath v0.3.3
  [6fe1bfb0] OffsetArrays v0.11.1
  [bac558e1] OrderedCollections v1.1.0
  [5432bcbf] PaddedViews v0.4.2
  [d96e819e] Parameters v0.12.0
  [69de0a69] Parsers v0.3.10
  [ccf2f8ad] PlotThemes v0.4.0
  [995b91a9] PlotUtils v0.6.1
  [91a5bcdd] Plots v0.27.0
  [f27b6e38] Polynomials v0.6.0
  [c84ed2f1] Ratios v0.3.1
  [3cdcf5f2] RecipesBase v0.7.0
  [189a3867] Reexport v0.2.0
  [ae029012] Requires v0.5.2
  [6038ab10] Rotations v0.12.0
  [992d4aef] Showoff v0.3.1
  [a2af1166] SortingAlgorithms v0.3.1
  [276daf66] SpecialFunctions v0.8.0
  [90137ffa] StaticArrays v0.12.1
  [2913bbd2] StatsBase v0.32.0
  [06e1c1a7] TiledIteration v0.2.3
  [30578b45] URIParser v0.4.0
  [81def892] VersionParsing v1.1.3
  [29a6e085] Wavelets v0.9.0
  [efce3f68] WoodburyMatrices v0.4.1
  [2a0f44e3] Base64  [`@stdlib/Base64`]
  [ade2ca70] Dates  [`@stdlib/Dates`]
  [8bb1440f] DelimitedFiles  [`@stdlib/DelimitedFiles`]
  [8ba89e20] Distributed  [`@stdlib/Distributed`]
  [b77e0a4c] InteractiveUtils  [`@stdlib/InteractiveUtils`]
  [76f85450] LibGit2  [`@stdlib/LibGit2`]
  [8f399da3] Libdl  [`@stdlib/Libdl`]
  [37e2e46d] LinearAlgebra  [`@stdlib/LinearAlgebra`]
  [56ddb016] Logging  [`@stdlib/Logging`]
  [d6f4376e] Markdown  [`@stdlib/Markdown`]
  [a63ad114] Mmap  [`@stdlib/Mmap`]
  [44cfe95a] Pkg  [`@stdlib/Pkg`]
  [de0858da] Printf  [`@stdlib/Printf`]
  [3fa0cd96] REPL  [`@stdlib/REPL`]
  [9a3f8284] Random  [`@stdlib/Random`]
  [ea8e919c] SHA  [`@stdlib/SHA`]
  [9e88b42a] Serialization  [`@stdlib/Serialization`]
  [1a1011a3] SharedArrays  [`@stdlib/SharedArrays`]
  [6462fe0b] Sockets  [`@stdlib/Sockets`]
  [2f01184e] SparseArrays  [`@stdlib/SparseArrays`]
  [10745b16] Statistics  [`@stdlib/Statistics`]
  [8dfed614] Test  [`@stdlib/Test`]
  [cf7118a7] UUIDs  [`@stdlib/UUIDs`]
  [4ec0a83e] Unicode  [`@stdlib/Unicode`]
Test Summary: | Pass  Total
MIRT:../data  |    1      1
Test Summary:  | Pass  Total
MIRT:algorithm |   12     12
┌ Warning: fov: x range -0.5 0.5, cx=3, rx=1
└ @ MIRT ~/.julia/packages/MIRT/013iB/src/fbp/ellipsoid_im.jl:324
┌ Warning: fov: y range -0.5 0.5, cy=3, ry=1
└ @ MIRT ~/.julia/packages/MIRT/013iB/src/fbp/ellipsoid_im.jl:328
┌ Warning: fov: z range -0.5 0.5, cz=3, rz=1
└ @ MIRT ~/.julia/packages/MIRT/013iB/src/fbp/ellipsoid_im.jl:333
MIRT_image_geom
 nx::Int64 16
 ny::Int64 16
 dx::Float32 2.0
 dy::Float32 -2.0
 offset_x::Float32 0.0
 offset_y::Float32 0.0
 nz::Int64 0
 dz::Float32 NaN
 offset_z::Float32 0.0
 mask::Array{Bool,N} where N
MIRT_sino_geom
 how::Symbol
 units::Symbol
 nb::Int64 888
 na::Int64 642
 d::Float32 1.0239
 orbit::Float32 360.0
 orbit_start::Float32 0.0
 offset::Float32 1.25
 strip_width::Float32 1.0239
 source_offset::Float32 0.0
 dsd::Float32 949.075
 dod::Float32 408.075
 dfs::Float32 0.0
Test Summary: | Pass  Total
MIRT:fbp      |   50     50
Test Summary: | Pass  Total
MIRT:io       |    8      8
typeof(tmp) = Plots.Plot{Plots.GRBackend}
Test Summary: | Pass  Total
MIRT:mri      |   11     11
┌ Warning: converting Int64 to Complex{Float64}
└ @ MIRT ~/.julia/packages/MIRT/013iB/src/nufft/nufft.jl:44
┌ Warning: converting Int64 to Complex{Float32}
└ @ MIRT ~/.julia/packages/MIRT/013iB/src/nufft/nufft.jl:44
Test Summary: | Pass  Total
MIRT:nufft    |   74     74
Test Summary: | Pass  Total
MIRT:plot     |    2      2
Test Summary:   | Pass  Total
MIRT:regularize |    7      7
Test Summary: | Pass  Total
MIRT:system   |   41     41
Test Summary: | Pass  Total
MIRT:utility  |   29     29
   Testing MIRT tests passed 
