 Resolving package versions...
 Installed HierarchicalMatrices ─ v0.2.0
  Updating `~/.julia/environments/v1.0/Project.toml`
  [7c893195] + HierarchicalMatrices v0.2.0
  Updating `~/.julia/environments/v1.0/Manifest.toml`
  [7c893195] + HierarchicalMatrices v0.2.0
  [8f399da3] + Libdl 
  [37e2e46d] + LinearAlgebra 
   Testing HierarchicalMatrices
 Resolving package versions...
    Status `/tmp/tmppKPOMv/Manifest.toml`
  [7c893195] HierarchicalMatrices v0.2.0
  [2a0f44e3] Base64  [`@stdlib/Base64`]
  [8ba89e20] Distributed  [`@stdlib/Distributed`]
  [b77e0a4c] InteractiveUtils  [`@stdlib/InteractiveUtils`]
  [8f399da3] Libdl  [`@stdlib/Libdl`]
  [37e2e46d] LinearAlgebra  [`@stdlib/LinearAlgebra`]
  [56ddb016] Logging  [`@stdlib/Logging`]
  [d6f4376e] Markdown  [`@stdlib/Markdown`]
  [9a3f8284] Random  [`@stdlib/Random`]
  [9e88b42a] Serialization  [`@stdlib/Serialization`]
  [6462fe0b] Sockets  [`@stdlib/Sockets`]
  [8dfed614] Test  [`@stdlib/Test`]

cauchykernel matrix construction at N = 1000

  0.776004 seconds (71.03 k allocations: 7.656 MiB)
  0.021802 seconds (2.02 k allocations: 4.166 MiB)
  0.062068 seconds (479 allocations: 7.655 MiB, 45.15% gc time)
  0.005850 seconds (2 allocations: 7.629 MiB)

cauchykernel matrix-vector multiplication at N = 1000

  0.076334 seconds (43.76 k allocations: 2.257 MiB)
  0.001296 seconds (2 allocations: 7.953 KiB)
  0.002941 seconds (1 allocation: 7.938 KiB)
  0.001565 seconds (1 allocation: 7.938 KiB)

2-norm relative error: 2.7442363420288664e-16


cauchykernel matrix construction at N = 10000

  0.200392 seconds (16.61 k allocations: 68.576 MiB, 50.68% gc time)
  0.237236 seconds (16.61 k allocations: 68.576 MiB, 74.26% gc time)
  0.683451 seconds (2 allocations: 762.940 MiB, 12.46% gc time)
  0.730338 seconds (2 allocations: 762.940 MiB, 22.56% gc time)

cauchykernel matrix-vector multiplication at N = 10000

  0.017860 seconds (507 allocations: 86.094 KiB)
  0.018966 seconds (507 allocations: 86.094 KiB)
  0.128995 seconds (2 allocations: 78.203 KiB)
  0.175694 seconds (2 allocations: 78.203 KiB)

2-norm relative error: 1.942526757226043e-15


coulombkernel matrix construction at N = 1000

  0.497758 seconds (11.62 k allocations: 4.589 MiB)
  0.003802 seconds (2.02 k allocations: 4.166 MiB)
  0.033561 seconds (21.34 k allocations: 8.652 MiB)
  0.004397 seconds (2 allocations: 7.629 MiB)

coulombkernel matrix-vector multiplication at N = 1000

  0.000737 seconds (2 allocations: 7.953 KiB)
  0.000761 seconds (2 allocations: 7.953 KiB)
  0.021238 seconds (1 allocation: 7.938 KiB)
  0.003609 seconds (1 allocation: 7.938 KiB)

2-norm relative error: 2.411969040954078e-15


coulombkernel matrix construction at N = 10000

  0.125161 seconds (16.61 k allocations: 68.576 MiB)
  0.302302 seconds (16.61 k allocations: 68.576 MiB, 75.24% gc time)
  0.756254 seconds (2 allocations: 762.940 MiB, 15.14% gc time)
  0.776945 seconds (2 allocations: 762.940 MiB, 26.98% gc time)

coulombkernel matrix-vector multiplication at N = 10000

  0.032037 seconds (507 allocations: 86.094 KiB)
  0.017013 seconds (507 allocations: 86.094 KiB)
  0.083076 seconds (2 allocations: 78.203 KiB)
  0.062357 seconds (2 allocations: 78.203 KiB)

2-norm relative error: 3.4883851454405176e-15


coulombprimekernel matrix construction at N = 1000

  0.706248 seconds (269.08 k allocations: 16.799 MiB)
  0.015131 seconds (2.02 k allocations: 4.166 MiB)
  0.050840 seconds (21.41 k allocations: 8.654 MiB)
  0.004447 seconds (2 allocations: 7.629 MiB)

coulombprimekernel matrix-vector multiplication at N = 1000

  0.001509 seconds (2 allocations: 7.953 KiB)
  0.001614 seconds (2 allocations: 7.953 KiB)
  0.027934 seconds (1 allocation: 7.938 KiB)
  0.004727 seconds (1 allocation: 7.938 KiB)

2-norm relative error: 2.524509764377813e-16


coulombprimekernel matrix construction at N = 10000

  0.289911 seconds (16.61 k allocations: 68.576 MiB, 67.87% gc time)
  0.276010 seconds (16.61 k allocations: 68.576 MiB, 76.68% gc time)
  0.709530 seconds (2 allocations: 762.940 MiB, 12.44% gc time)
  0.826107 seconds (2 allocations: 762.940 MiB, 24.10% gc time)

coulombprimekernel matrix-vector multiplication at N = 10000

  0.038968 seconds (507 allocations: 86.094 KiB)
  0.021480 seconds (507 allocations: 86.094 KiB)
  0.077362 seconds (2 allocations: 78.203 KiB)
  0.089993 seconds (2 allocations: 78.203 KiB)

2-norm relative error: 9.628055464089851e-18


logkernel matrix construction at N = 1000

  0.667284 seconds (266.63 k allocations: 16.678 MiB)
  0.006734 seconds (2.02 k allocations: 4.166 MiB)
  0.052436 seconds (21.32 k allocations: 8.651 MiB)
  0.015820 seconds (2 allocations: 7.629 MiB)

logkernel matrix-vector multiplication at N = 1000

  0.001114 seconds (2 allocations: 7.953 KiB)
  0.001161 seconds (2 allocations: 7.953 KiB)
  0.001992 seconds (1 allocation: 7.938 KiB)
  0.000962 seconds (1 allocation: 7.938 KiB)

2-norm relative error: 8.96375043870082e-16


logkernel matrix construction at N = 10000

  0.132776 seconds (16.61 k allocations: 68.576 MiB)
  0.439843 seconds (16.61 k allocations: 68.576 MiB, 75.00% gc time)
  2.037368 seconds (2 allocations: 762.940 MiB, 4.39% gc time)
  2.226206 seconds (2 allocations: 762.940 MiB, 10.75% gc time)

logkernel matrix-vector multiplication at N = 10000

  0.042019 seconds (507 allocations: 86.094 KiB)
  0.017726 seconds (507 allocations: 86.094 KiB)
  0.094898 seconds (2 allocations: 78.203 KiB)
  0.137300 seconds (2 allocations: 78.203 KiB)

2-norm relative error: 1.8504719787538233e-15



cauchykernel matrix construction at N = 1000

  0.004512 seconds (1.73 k allocations: 4.149 MiB)
  0.004727 seconds (1.73 k allocations: 4.149 MiB)
  0.004168 seconds (2 allocations: 7.629 MiB)
  0.003825 seconds (2 allocations: 7.629 MiB)

cauchykernel matrix-vector multiplication at N = 1000

  0.001127 seconds (4 allocations: 7.984 KiB)
  0.001071 seconds (4 allocations: 7.984 KiB)
  0.034924 seconds (1 allocation: 7.938 KiB)
  0.003595 seconds (1 allocation: 7.938 KiB)

2-norm relative error: 1.7804588323470955e-16


cauchykernel matrix construction at N = 10000

  0.288648 seconds (16.70 k allocations: 70.265 MiB, 63.91% gc time)
  0.083385 seconds (16.70 k allocations: 70.265 MiB, 29.41% gc time)
  0.624964 seconds (2 allocations: 762.940 MiB, 12.97% gc time)
  0.699494 seconds (2 allocations: 762.940 MiB, 23.12% gc time)

cauchykernel matrix-vector multiplication at N = 10000

  0.018520 seconds (512 allocations: 86.172 KiB)
  0.019539 seconds (512 allocations: 86.172 KiB)
  0.077400 seconds (2 allocations: 78.203 KiB)
  0.108852 seconds (2 allocations: 78.203 KiB)

2-norm relative error: 1.5024010998705635e-16


coulombkernel matrix construction at N = 1000

  0.003855 seconds (1.73 k allocations: 4.149 MiB)
  0.003896 seconds (1.73 k allocations: 4.149 MiB)
  0.001813 seconds (2 allocations: 7.629 MiB)
  0.002049 seconds (2 allocations: 7.629 MiB)

coulombkernel matrix-vector multiplication at N = 1000

  0.001204 seconds (4 allocations: 7.984 KiB)
  0.001008 seconds (4 allocations: 7.984 KiB)
  0.004955 seconds (1 allocation: 7.938 KiB)
  0.002713 seconds (1 allocation: 7.938 KiB)

2-norm relative error: 4.9768445732849305e-17


coulombkernel matrix construction at N = 10000

  0.295123 seconds (16.70 k allocations: 70.265 MiB, 65.27% gc time)
  0.216657 seconds (16.70 k allocations: 70.265 MiB, 57.48% gc time)
  0.675814 seconds (2 allocations: 762.940 MiB, 14.12% gc time)
  0.866529 seconds (2 allocations: 762.940 MiB, 20.72% gc time)

coulombkernel matrix-vector multiplication at N = 10000

  0.043585 seconds (512 allocations: 86.172 KiB)
  0.021757 seconds (512 allocations: 86.172 KiB)
  0.107559 seconds (2 allocations: 78.203 KiB)
  0.148188 seconds (2 allocations: 78.203 KiB)

2-norm relative error: 7.049614008488166e-17


coulombprimekernel matrix construction at N = 1000

  0.005264 seconds (1.73 k allocations: 4.149 MiB)
  0.004903 seconds (1.73 k allocations: 4.149 MiB)
  0.004394 seconds (2 allocations: 7.629 MiB)
  0.003859 seconds (2 allocations: 7.629 MiB)

coulombprimekernel matrix-vector multiplication at N = 1000

  0.001249 seconds (4 allocations: 7.984 KiB)
  0.001161 seconds (4 allocations: 7.984 KiB)
  0.024243 seconds (1 allocation: 7.938 KiB)
  0.027847 seconds (1 allocation: 7.938 KiB)

2-norm relative error: 7.498774556940561e-18


coulombprimekernel matrix construction at N = 10000

  0.281470 seconds (16.70 k allocations: 70.265 MiB, 73.83% gc time)
  0.220291 seconds (16.70 k allocations: 70.265 MiB, 66.69% gc time)
  0.966712 seconds (2 allocations: 762.940 MiB, 11.57% gc time)
  0.864877 seconds (2 allocations: 762.940 MiB, 28.17% gc time)

coulombprimekernel matrix-vector multiplication at N = 10000

  0.023742 seconds (512 allocations: 86.172 KiB)
  0.019951 seconds (512 allocations: 86.172 KiB)
  0.099516 seconds (2 allocations: 78.203 KiB)
  0.071345 seconds (2 allocations: 78.203 KiB)

2-norm relative error: 3.8426811335564856e-17


logkernel matrix construction at N = 1000

  0.008826 seconds (1.73 k allocations: 4.149 MiB)
  0.006941 seconds (1.73 k allocations: 4.149 MiB)
  0.015020 seconds (2 allocations: 7.629 MiB)
  0.015209 seconds (2 allocations: 7.629 MiB)

logkernel matrix-vector multiplication at N = 1000

  0.001398 seconds (4 allocations: 7.984 KiB)
  0.001400 seconds (4 allocations: 7.984 KiB)
  0.001567 seconds (1 allocation: 7.938 KiB)
  0.030497 seconds (1 allocation: 7.938 KiB)

2-norm relative error: 4.266197012073464e-15


logkernel matrix construction at N = 10000

  0.343296 seconds (16.70 k allocations: 70.265 MiB, 64.05% gc time)
  0.196192 seconds (16.70 k allocations: 70.265 MiB, 49.21% gc time)
  1.995496 seconds (2 allocations: 762.940 MiB, 5.64% gc time)
  2.094145 seconds (2 allocations: 762.940 MiB, 9.76% gc time)

logkernel matrix-vector multiplication at N = 10000

  0.039571 seconds (512 allocations: 86.172 KiB)
  0.018084 seconds (512 allocations: 86.172 KiB)
  0.121288 seconds (2 allocations: 78.203 KiB)
  0.084091 seconds (2 allocations: 78.203 KiB)

2-norm relative error: 1.7188914220058742e-15

   Testing HierarchicalMatrices tests passed 
