 Resolving package versions...
 Installed HierarchicalMatrices ─ v0.2.0
  Updating `~/.julia/environments/v1.2/Project.toml`
  [7c893195] + HierarchicalMatrices v0.2.0
  Updating `~/.julia/environments/v1.2/Manifest.toml`
  [7c893195] + HierarchicalMatrices v0.2.0
  [8f399da3] + Libdl 
  [37e2e46d] + LinearAlgebra 
   Testing HierarchicalMatrices
 Resolving package versions...
    Status `/tmp/jl_sDtSTB/Manifest.toml`
  [7c893195] HierarchicalMatrices v0.2.0
  [2a0f44e3] Base64  [`@stdlib/Base64`]
  [8ba89e20] Distributed  [`@stdlib/Distributed`]
  [b77e0a4c] InteractiveUtils  [`@stdlib/InteractiveUtils`]
  [8f399da3] Libdl  [`@stdlib/Libdl`]
  [37e2e46d] LinearAlgebra  [`@stdlib/LinearAlgebra`]
  [56ddb016] Logging  [`@stdlib/Logging`]
  [d6f4376e] Markdown  [`@stdlib/Markdown`]
  [9a3f8284] Random  [`@stdlib/Random`]
  [9e88b42a] Serialization  [`@stdlib/Serialization`]
  [6462fe0b] Sockets  [`@stdlib/Sockets`]
  [8dfed614] Test  [`@stdlib/Test`]

cauchykernel matrix construction at N = 1000

  0.906850 seconds (317.61 k allocations: 19.745 MiB, 1.28% gc time)
  0.006577 seconds (2.02 k allocations: 4.166 MiB)
  0.031426 seconds (449 allocations: 7.654 MiB)
  0.027506 seconds (2 allocations: 7.629 MiB, 85.20% gc time)

cauchykernel matrix-vector multiplication at N = 1000

  0.195854 seconds (51.15 k allocations: 2.700 MiB)
  0.001336 seconds (2 allocations: 7.953 KiB)
  0.008850 seconds (1 allocation: 7.938 KiB)
  0.002849 seconds (1 allocation: 7.938 KiB)

2-norm relative error: 2.7442363420288664e-16


cauchykernel matrix construction at N = 10000

  0.173714 seconds (16.61 k allocations: 68.576 MiB, 50.94% gc time)
  0.276678 seconds (16.61 k allocations: 68.576 MiB, 66.93% gc time)
  0.647188 seconds (2 allocations: 762.940 MiB, 12.45% gc time)
  0.717504 seconds (2 allocations: 762.940 MiB, 20.56% gc time)

cauchykernel matrix-vector multiplication at N = 10000

  0.019069 seconds (507 allocations: 86.094 KiB)
  0.019601 seconds (507 allocations: 86.094 KiB)
  0.065895 seconds (2 allocations: 78.203 KiB)
  0.067692 seconds (2 allocations: 78.203 KiB)

2-norm relative error: 1.942526757226043e-15


coulombkernel matrix construction at N = 1000

  0.502922 seconds (10.89 k allocations: 4.566 MiB)
  0.005951 seconds (2.02 k allocations: 4.166 MiB)
  0.039729 seconds (15.79 k allocations: 8.362 MiB)
  0.005551 seconds (2 allocations: 7.629 MiB)

coulombkernel matrix-vector multiplication at N = 1000

  0.001235 seconds (2 allocations: 7.953 KiB)
  0.001197 seconds (2 allocations: 7.953 KiB)
  0.011732 seconds (1 allocation: 7.938 KiB)
  0.003770 seconds (1 allocation: 7.938 KiB)

2-norm relative error: 2.411969040954078e-15


coulombkernel matrix construction at N = 10000

  0.099225 seconds (16.61 k allocations: 68.576 MiB)
  0.240233 seconds (16.61 k allocations: 68.576 MiB, 69.35% gc time)
  0.715533 seconds (2 allocations: 762.940 MiB, 17.17% gc time)
  0.754241 seconds (2 allocations: 762.940 MiB, 20.63% gc time)

coulombkernel matrix-vector multiplication at N = 10000

  0.020455 seconds (507 allocations: 86.094 KiB)
  0.021272 seconds (507 allocations: 86.094 KiB)
  0.293662 seconds (2 allocations: 78.203 KiB)
  0.082712 seconds (2 allocations: 78.203 KiB)

2-norm relative error: 3.4883851454405176e-15


coulombprimekernel matrix construction at N = 1000

  0.606336 seconds (318.92 k allocations: 19.754 MiB)
  0.003397 seconds (2.02 k allocations: 4.166 MiB)
  0.029719 seconds (15.86 k allocations: 8.364 MiB)
  0.002153 seconds (2 allocations: 7.629 MiB)

coulombprimekernel matrix-vector multiplication at N = 1000

  0.001120 seconds (2 allocations: 7.953 KiB)
  0.001185 seconds (2 allocations: 7.953 KiB)
  0.018751 seconds (1 allocation: 7.938 KiB)
  0.002646 seconds (1 allocation: 7.938 KiB)

2-norm relative error: 2.524509764377813e-16


coulombprimekernel matrix construction at N = 10000

  0.321451 seconds (16.61 k allocations: 68.576 MiB, 81.62% gc time)
  0.050532 seconds (16.61 k allocations: 68.576 MiB)
  0.660582 seconds (2 allocations: 762.940 MiB, 11.25% gc time)
  0.668084 seconds (2 allocations: 762.940 MiB, 21.50% gc time)

coulombprimekernel matrix-vector multiplication at N = 10000

  0.018310 seconds (507 allocations: 86.094 KiB)
  0.019025 seconds (507 allocations: 86.094 KiB)
  0.100451 seconds (2 allocations: 78.203 KiB)
  0.135054 seconds (2 allocations: 78.203 KiB)

2-norm relative error: 9.628055464089851e-18


logkernel matrix construction at N = 1000

  0.764289 seconds (316.38 k allocations: 19.626 MiB)
  0.006968 seconds (2.02 k allocations: 4.166 MiB)
  0.050398 seconds (15.77 k allocations: 8.361 MiB)
  0.018987 seconds (2 allocations: 7.629 MiB)

logkernel matrix-vector multiplication at N = 1000

  0.002157 seconds (2 allocations: 7.953 KiB)
  0.001443 seconds (2 allocations: 7.953 KiB)
  0.004924 seconds (1 allocation: 7.938 KiB)
  0.004330 seconds (1 allocation: 7.938 KiB)

2-norm relative error: 8.96375043870082e-16


logkernel matrix construction at N = 10000

  0.155346 seconds (16.61 k allocations: 68.576 MiB)
  0.398699 seconds (16.61 k allocations: 68.576 MiB, 77.84% gc time)
  1.875536 seconds (2 allocations: 762.940 MiB, 4.95% gc time)
  1.824701 seconds (2 allocations: 762.940 MiB, 6.86% gc time)

logkernel matrix-vector multiplication at N = 10000

  0.033047 seconds (507 allocations: 86.094 KiB)
  0.018679 seconds (507 allocations: 86.094 KiB)
  0.047193 seconds (2 allocations: 78.203 KiB)
  0.083690 seconds (2 allocations: 78.203 KiB)

2-norm relative error: 1.8504719787538233e-15



cauchykernel matrix construction at N = 1000

  0.004530 seconds (1.73 k allocations: 4.149 MiB)
  0.004794 seconds (1.73 k allocations: 4.149 MiB)
  0.003791 seconds (2 allocations: 7.629 MiB)
  0.003649 seconds (2 allocations: 7.629 MiB)

cauchykernel matrix-vector multiplication at N = 1000

  0.001203 seconds (5 allocations: 8.000 KiB)
  0.001202 seconds (5 allocations: 8.000 KiB)
  0.009544 seconds (1 allocation: 7.938 KiB)
  0.001235 seconds (1 allocation: 7.938 KiB)

2-norm relative error: 1.7804588323470955e-16


cauchykernel matrix construction at N = 10000

  0.294054 seconds (16.70 k allocations: 70.265 MiB, 65.82% gc time)
  0.079705 seconds (16.70 k allocations: 70.265 MiB, 23.49% gc time)
  0.561330 seconds (2 allocations: 762.940 MiB, 13.31% gc time)
  0.664202 seconds (2 allocations: 762.940 MiB, 22.58% gc time)

cauchykernel matrix-vector multiplication at N = 10000

  0.017790 seconds (513 allocations: 86.188 KiB)
  0.017453 seconds (513 allocations: 86.188 KiB)
  0.069175 seconds (2 allocations: 78.203 KiB)
  0.074175 seconds (2 allocations: 78.203 KiB)

2-norm relative error: 1.5024010998705635e-16


coulombkernel matrix construction at N = 1000

  0.014076 seconds (1.73 k allocations: 4.149 MiB)
  0.004014 seconds (1.73 k allocations: 4.149 MiB)
  0.002151 seconds (2 allocations: 7.629 MiB)
  0.001949 seconds (2 allocations: 7.629 MiB)

coulombkernel matrix-vector multiplication at N = 1000

  0.000984 seconds (5 allocations: 8.000 KiB)
  0.000976 seconds (5 allocations: 8.000 KiB)
  0.006165 seconds (1 allocation: 7.938 KiB)
  0.002773 seconds (1 allocation: 7.938 KiB)

2-norm relative error: 4.9768445732849305e-17


coulombkernel matrix construction at N = 10000

  0.240507 seconds (16.70 k allocations: 70.265 MiB, 74.15% gc time)
  0.154127 seconds (16.70 k allocations: 70.265 MiB, 56.19% gc time)
  0.631962 seconds (2 allocations: 762.940 MiB, 11.86% gc time)
  0.687423 seconds (2 allocations: 762.940 MiB, 23.56% gc time)

coulombkernel matrix-vector multiplication at N = 10000

  0.035225 seconds (513 allocations: 86.188 KiB)
  0.017740 seconds (513 allocations: 86.188 KiB)
  0.073949 seconds (2 allocations: 78.203 KiB)
  0.088646 seconds (2 allocations: 78.203 KiB)

2-norm relative error: 7.049614008488166e-17


coulombprimekernel matrix construction at N = 1000

  0.005940 seconds (1.73 k allocations: 4.149 MiB)
  0.005144 seconds (1.73 k allocations: 4.149 MiB)
  0.003495 seconds (2 allocations: 7.629 MiB)
  0.004082 seconds (2 allocations: 7.629 MiB)

coulombprimekernel matrix-vector multiplication at N = 1000

  0.001106 seconds (5 allocations: 8.000 KiB)
  0.000957 seconds (5 allocations: 8.000 KiB)
  0.012040 seconds (1 allocation: 7.938 KiB)
  0.006356 seconds (1 allocation: 7.938 KiB)

2-norm relative error: 7.498774556940561e-18


coulombprimekernel matrix construction at N = 10000

  0.263670 seconds (16.70 k allocations: 70.265 MiB, 69.93% gc time)
  0.141617 seconds (16.70 k allocations: 70.265 MiB, 57.70% gc time)
  0.614004 seconds (2 allocations: 762.940 MiB, 12.35% gc time)
  0.696706 seconds (2 allocations: 762.940 MiB, 22.63% gc time)

coulombprimekernel matrix-vector multiplication at N = 10000

  0.016989 seconds (513 allocations: 86.188 KiB)
  0.016272 seconds (513 allocations: 86.188 KiB)
  0.093814 seconds (2 allocations: 78.203 KiB)
  0.116262 seconds (2 allocations: 78.203 KiB)

2-norm relative error: 3.8426811335564856e-17


logkernel matrix construction at N = 1000

  0.006257 seconds (1.73 k allocations: 4.149 MiB)
  0.011423 seconds (1.73 k allocations: 4.149 MiB)
  0.030175 seconds (2 allocations: 7.629 MiB)
  0.022830 seconds (2 allocations: 7.629 MiB)

logkernel matrix-vector multiplication at N = 1000

  0.000976 seconds (5 allocations: 8.000 KiB)
  0.000829 seconds (5 allocations: 8.000 KiB)
  0.004463 seconds (1 allocation: 7.938 KiB)
  0.024784 seconds (1 allocation: 7.938 KiB)

2-norm relative error: 4.266197012073464e-15


logkernel matrix construction at N = 10000

  0.276627 seconds (16.70 k allocations: 70.265 MiB, 57.20% gc time)
  0.197704 seconds (16.70 k allocations: 70.265 MiB, 51.52% gc time)
  1.896482 seconds (2 allocations: 762.940 MiB, 5.65% gc time)
  1.932767 seconds (2 allocations: 762.940 MiB, 8.34% gc time)

logkernel matrix-vector multiplication at N = 10000

  0.055017 seconds (513 allocations: 86.188 KiB)
  0.020280 seconds (513 allocations: 86.188 KiB)
  0.097981 seconds (2 allocations: 78.203 KiB)
  0.095363 seconds (2 allocations: 78.203 KiB)

2-norm relative error: 1.7188914220058742e-15

   Testing HierarchicalMatrices tests passed 
