 Resolving package versions...
 Installed Parsers ──────────── v0.3.10
 Installed AbstractTrees ────── v0.2.1
 Installed VersionParsing ───── v1.1.3
 Installed Gumbo ────────────── v0.5.1
 Installed Conda ────────────── v1.3.0
 Installed PhysOcean ────────── v0.5.2
 Installed BinaryProvider ───── v0.5.8
 Installed DataStructures ───── v0.17.6
 Installed URIParser ────────── v0.4.0
 Installed DataAPI ──────────── v1.1.0
 Installed JSON ─────────────── v0.21.0
 Installed BinDeps ──────────── v0.8.10
 Installed CFTime ───────────── v0.0.3
 Installed NCDatasets ───────── v0.9.5
 Installed IniFile ──────────── v0.5.0
 Installed MbedTLS ──────────── v0.6.8
 Installed CondaBinDeps ─────── v0.1.0
 Installed Missings ─────────── v0.4.3
 Installed Glob ─────────────── v1.2.0
 Installed OrderedCollections ─ v1.1.0
 Installed Compat ───────────── v2.2.0
 Installed HTTP ─────────────── v0.8.8
  Updating `~/.julia/environments/v1.0/Project.toml`
  [3725be50] + PhysOcean v0.5.2
  Updating `~/.julia/environments/v1.0/Manifest.toml`
  [1520ce14] + AbstractTrees v0.2.1
  [9e28174c] + BinDeps v0.8.10
  [b99e7846] + BinaryProvider v0.5.8
  [179af706] + CFTime v0.0.3
  [34da2185] + Compat v2.2.0
  [8f4d0f93] + Conda v1.3.0
  [a9693cdc] + CondaBinDeps v0.1.0
  [9a962f9c] + DataAPI v1.1.0
  [864edb3b] + DataStructures v0.17.6
  [c27321d9] + Glob v1.2.0
  [708ec375] + Gumbo v0.5.1
  [cd3eb016] + HTTP v0.8.8
  [83e8ac13] + IniFile v0.5.0
  [682c06a0] + JSON v0.21.0
  [739be429] + MbedTLS v0.6.8
  [e1d29d7a] + Missings v0.4.3
  [85f8d34a] + NCDatasets v0.9.5
  [bac558e1] + OrderedCollections v1.1.0
  [69de0a69] + Parsers v0.3.10
  [3725be50] + PhysOcean v0.5.2
  [30578b45] + URIParser v0.4.0
  [81def892] + VersionParsing v1.1.3
  [2a0f44e3] + Base64 
  [ade2ca70] + Dates 
  [8bb1440f] + DelimitedFiles 
  [8ba89e20] + Distributed 
  [b77e0a4c] + InteractiveUtils 
  [76f85450] + LibGit2 
  [8f399da3] + Libdl 
  [37e2e46d] + LinearAlgebra 
  [56ddb016] + Logging 
  [d6f4376e] + Markdown 
  [a63ad114] + Mmap 
  [44cfe95a] + Pkg 
  [de0858da] + Printf 
  [3fa0cd96] + REPL 
  [9a3f8284] + Random 
  [ea8e919c] + SHA 
  [9e88b42a] + Serialization 
  [1a1011a3] + SharedArrays 
  [6462fe0b] + Sockets 
  [2f01184e] + SparseArrays 
  [10745b16] + Statistics 
  [8dfed614] + Test 
  [cf7118a7] + UUIDs 
  [4ec0a83e] + Unicode 
  Building Gumbo ─────→ `~/.julia/packages/Gumbo/G7Qbw/deps/build.log`
  Building Conda ─────→ `~/.julia/packages/Conda/kLXeC/deps/build.log`
  Building MbedTLS ───→ `~/.julia/packages/MbedTLS/X4xar/deps/build.log`
  Building NCDatasets → `~/.julia/packages/NCDatasets/uW2kc/deps/build.log`
   Testing PhysOcean
 Resolving package versions...
    Status `/tmp/tmpifbn58/Manifest.toml`
  [1520ce14] AbstractTrees v0.2.1
  [9e28174c] BinDeps v0.8.10
  [b99e7846] BinaryProvider v0.5.8
  [179af706] CFTime v0.0.3
  [34da2185] Compat v2.2.0
  [8f4d0f93] Conda v1.3.0
  [a9693cdc] CondaBinDeps v0.1.0
  [9a962f9c] DataAPI v1.1.0
  [864edb3b] DataStructures v0.17.6
  [c27321d9] Glob v1.2.0
  [708ec375] Gumbo v0.5.1
  [cd3eb016] HTTP v0.8.8
  [83e8ac13] IniFile v0.5.0
  [682c06a0] JSON v0.21.0
  [739be429] MbedTLS v0.6.8
  [e1d29d7a] Missings v0.4.3
  [85f8d34a] NCDatasets v0.9.5
  [bac558e1] OrderedCollections v1.1.0
  [69de0a69] Parsers v0.3.10
  [3725be50] PhysOcean v0.5.2
  [30578b45] URIParser v0.4.0
  [81def892] VersionParsing v1.1.3
  [2a0f44e3] Base64  [`@stdlib/Base64`]
  [ade2ca70] Dates  [`@stdlib/Dates`]
  [8bb1440f] DelimitedFiles  [`@stdlib/DelimitedFiles`]
  [8ba89e20] Distributed  [`@stdlib/Distributed`]
  [b77e0a4c] InteractiveUtils  [`@stdlib/InteractiveUtils`]
  [76f85450] LibGit2  [`@stdlib/LibGit2`]
  [8f399da3] Libdl  [`@stdlib/Libdl`]
  [37e2e46d] LinearAlgebra  [`@stdlib/LinearAlgebra`]
  [56ddb016] Logging  [`@stdlib/Logging`]
  [d6f4376e] Markdown  [`@stdlib/Markdown`]
  [a63ad114] Mmap  [`@stdlib/Mmap`]
  [44cfe95a] Pkg  [`@stdlib/Pkg`]
  [de0858da] Printf  [`@stdlib/Printf`]
  [3fa0cd96] REPL  [`@stdlib/REPL`]
  [9a3f8284] Random  [`@stdlib/Random`]
  [ea8e919c] SHA  [`@stdlib/SHA`]
  [9e88b42a] Serialization  [`@stdlib/Serialization`]
  [1a1011a3] SharedArrays  [`@stdlib/SharedArrays`]
  [6462fe0b] Sockets  [`@stdlib/Sockets`]
  [2f01184e] SparseArrays  [`@stdlib/SparseArrays`]
  [10745b16] Statistics  [`@stdlib/Statistics`]
  [8dfed614] Test  [`@stdlib/Test`]
  [cf7118a7] UUIDs  [`@stdlib/UUIDs`]
  [4ec0a83e] Unicode  [`@stdlib/Unicode`]
Test Summary: | Pass  Total
PhysOcean     |   40     40
   Testing PhysOcean tests passed 
