 Resolving package versions...
 Installed NaNMath ────────────── v0.3.3
 Installed Parsers ────────────── v0.3.10
 Installed DiffRules ──────────── v0.1.0
 Installed ColorTypes ─────────── v0.8.0
 Installed BinaryProvider ─────── v0.5.8
 Installed CommonSubexpressions ─ v0.2.0
 Installed JuMP ───────────────── v0.20.1
 Installed RecipesBase ────────── v0.7.0
 Installed BinDeps ────────────── v0.8.10
 Installed SpecialFunctions ───── v0.8.0
 Installed JSON ───────────────── v0.21.0
 Installed DataStructures ─────── v0.17.6
 Installed GeometryTypes ──────── v0.7.6
 Installed MathOptInterface ───── v0.9.7
 Installed Polyhedra ──────────── v0.5.6
 Installed URIParser ──────────── v0.4.0
 Installed StaticArrays ───────── v0.12.1
 Installed ParameterJuMP ──────── v0.1.2
 Installed DiffResults ────────── v0.0.4
 Installed Homebrew ───────────── v0.7.1
 Installed OrderedCollections ─── v1.1.0
 Installed BenchmarkTools ─────── v0.4.3
 Installed ForwardDiff ────────── v0.10.6
 Installed Calculus ───────────── v0.5.1
 Installed IterTools ──────────── v1.3.0
 Installed Compat ─────────────── v2.2.0
 Installed LRSLib ─────────────── v0.4.1
 Installed FixedPointNumbers ──── v0.6.1
  Updating `~/.julia/environments/v1.0/Project.toml`
  [262c1cb6] + LRSLib v0.4.1
  Updating `~/.julia/environments/v1.0/Manifest.toml`
  [6e4b80f9] + BenchmarkTools v0.4.3
  [9e28174c] + BinDeps v0.8.10
  [b99e7846] + BinaryProvider v0.5.8
  [49dc2e85] + Calculus v0.5.1
  [3da002f7] + ColorTypes v0.8.0
  [bbf7d656] + CommonSubexpressions v0.2.0
  [34da2185] + Compat v2.2.0
  [864edb3b] + DataStructures v0.17.6
  [163ba53b] + DiffResults v0.0.4
  [b552c78f] + DiffRules v0.1.0
  [53c48c17] + FixedPointNumbers v0.6.1
  [f6369f11] + ForwardDiff v0.10.6
  [4d00f742] + GeometryTypes v0.7.6
  [d9be37ee] + Homebrew v0.7.1
  [c8e1da08] + IterTools v1.3.0
  [682c06a0] + JSON v0.21.0
  [4076af6c] + JuMP v0.20.1
  [262c1cb6] + LRSLib v0.4.1
  [b8f27783] + MathOptInterface v0.9.7
  [77ba4419] + NaNMath v0.3.3
  [bac558e1] + OrderedCollections v1.1.0
  [774612a8] + ParameterJuMP v0.1.2
  [69de0a69] + Parsers v0.3.10
  [67491407] + Polyhedra v0.5.6
  [3cdcf5f2] + RecipesBase v0.7.0
  [276daf66] + SpecialFunctions v0.8.0
  [90137ffa] + StaticArrays v0.12.1
  [30578b45] + URIParser v0.4.0
  [2a0f44e3] + Base64 
  [ade2ca70] + Dates 
  [8bb1440f] + DelimitedFiles 
  [8ba89e20] + Distributed 
  [b77e0a4c] + InteractiveUtils 
  [76f85450] + LibGit2 
  [8f399da3] + Libdl 
  [37e2e46d] + LinearAlgebra 
  [56ddb016] + Logging 
  [d6f4376e] + Markdown 
  [a63ad114] + Mmap 
  [44cfe95a] + Pkg 
  [de0858da] + Printf 
  [3fa0cd96] + REPL 
  [9a3f8284] + Random 
  [ea8e919c] + SHA 
  [9e88b42a] + Serialization 
  [1a1011a3] + SharedArrays 
  [6462fe0b] + Sockets 
  [2f01184e] + SparseArrays 
  [10745b16] + Statistics 
  [8dfed614] + Test 
  [cf7118a7] + UUIDs 
  [4ec0a83e] + Unicode 
  Building Homebrew ────────→ `~/.julia/packages/Homebrew/s09IX/deps/build.log`
  Building SpecialFunctions → `~/.julia/packages/SpecialFunctions/ne2iw/deps/build.log`
  Building LRSLib ──────────→ `~/.julia/packages/LRSLib/Y1yCt/deps/build.log`
┌ Error: Error building `LRSLib`: 
│   % Total    % Received % Xferd  Average Speed   Time    Time     Time  Current
│                                  Dload  Upload   Total   Spent    Left  Speed
│   0     0    0     0    0     0      0      0 --:--:-- --:--:-- --:--:--     0100   160    0   160    0     0    597      0 --:--:-- --:--:-- --:--:--   597
│   0     0    0     0    0     0      0      0 --:--:-- --:--:-- --:--:--     0100  453k    0  453k    0     0   410k      0 --:--:--  0:00:01 --:--:-- 1003k
│ Archive:  /root/.julia/packages/LRSLib/Y1yCt/deps/downloads/d8b723a2c315614979a8354f9e768d273d14a215.zip
│ d8b723a2c315614979a8354f9e768d273d14a215
│    creating: /root/.julia/packages/LRSLib/Y1yCt/deps/src/lrslib-d8b723a2c315614979a8354f9e768d273d14a215/
│   inflating: /root/.julia/packages/LRSLib/Y1yCt/deps/src/lrslib-d8b723a2c315614979a8354f9e768d273d14a215/2nash.c  
│   inflating: /root/.julia/packages/LRSLib/Y1yCt/deps/src/lrslib-d8b723a2c315614979a8354f9e768d273d14a215/COPYING  
│   inflating: /root/.julia/packages/LRSLib/Y1yCt/deps/src/lrslib-d8b723a2c315614979a8354f9e768d273d14a215/README  
│   inflating: /root/.julia/packages/LRSLib/Y1yCt/deps/src/lrslib-d8b723a2c315614979a8354f9e768d273d14a215/c30-15.ext  
│   inflating: /root/.julia/packages/LRSLib/Y1yCt/deps/src/lrslib-d8b723a2c315614979a8354f9e768d273d14a215/chdemo.c  
│   inflating: /root/.julia/packages/LRSLib/Y1yCt/deps/src/lrslib-d8b723a2c315614979a8354f9e768d273d14a215/cube.ext  
│   inflating: /root/.julia/packages/LRSLib/Y1yCt/deps/src/lrslib-d8b723a2c315614979a8354f9e768d273d14a215/cube.ine  
│    creating: /root/.julia/packages/LRSLib/Y1yCt/deps/src/lrslib-d8b723a2c315614979a8354f9e768d273d14a215/ext/
│    creating: /root/.julia/packages/LRSLib/Y1yCt/deps/src/lrslib-d8b723a2c315614979a8354f9e768d273d14a215/ext/metric/
│   inflating: /root/.julia/packages/LRSLib/Y1yCt/deps/src/lrslib-d8b723a2c315614979a8354f9e768d273d14a215/ext/metric/cp4.ext  
│   inflating: /root/.julia/packages/LRSLib/Y1yCt/deps/src/lrslib-d8b723a2c315614979a8354f9e768d273d14a215/ext/metric/cp5.ext  
│   inflating: /root/.julia/packages/LRSLib/Y1yCt/deps/src/lrslib-d8b723a2c315614979a8354f9e768d273d14a215/ext/metric/cp6.ext  
│   inflating: /root/.julia/packages/LRSLib/Y1yCt/deps/src/lrslib-d8b723a2c315614979a8354f9e768d273d14a215/ext/metric/cp7.ext  
│   inflating: /root/.julia/packages/LRSLib/Y1yCt/deps/src/lrslib-d8b723a2c315614979a8354f9e768d273d14a215/ext/metric/mp5.ext  
│    creating: /root/.julia/packages/LRSLib/Y1yCt/deps/src/lrslib-d8b723a2c315614979a8354f9e768d273d14a215/ext/test/
│   inflating: /root/.julia/packages/LRSLib/Y1yCt/deps/src/lrslib-d8b723a2c315614979a8354f9e768d273d14a215/ext/test/cut16_11.ext  
│   inflating: /root/.julia/packages/LRSLib/Y1yCt/deps/src/lrslib-d8b723a2c315614979a8354f9e768d273d14a215/ext/test/cut32_16.ext  
│   inflating: /root/.julia/packages/LRSLib/Y1yCt/deps/src/lrslib-d8b723a2c315614979a8354f9e768d273d14a215/ext/test/cyclic25_13.ext  
│   inflating: /root/.julia/packages/LRSLib/Y1yCt/deps/src/lrslib-d8b723a2c315614979a8354f9e768d273d14a215/ext/test/mit33.ext  
│   inflating: /root/.julia/packages/LRSLib/Y1yCt/deps/src/lrslib-d8b723a2c315614979a8354f9e768d273d14a215/ext/test/tsp5.ext  
│   inflating: /root/.julia/packages/LRSLib/Y1yCt/deps/src/lrslib-d8b723a2c315614979a8354f9e768d273d14a215/ext/test/vol2.ext  
│   inflating: /root/.julia/packages/LRSLib/Y1yCt/deps/src/lrslib-d8b723a2c315614979a8354f9e768d273d14a215/float2rat.c  
│   inflating: /root/.julia/packages/LRSLib/Y1yCt/deps/src/lrslib-d8b723a2c315614979a8354f9e768d273d14a215/fourier.c  
│    creating: /root/.julia/packages/LRSLib/Y1yCt/deps/src/lrslib-d8b723a2c315614979a8354f9e768d273d14a215/games/
│   inflating: /root/.julia/packages/LRSLib/Y1yCt/deps/src/lrslib-d8b723a2c315614979a8354f9e768d273d14a215/games/game  
│   inflating: /root/.julia/packages/LRSLib/Y1yCt/deps/src/lrslib-d8b723a2c315614979a8354f9e768d273d14a215/games/game1  
│   inflating: /root/.julia/packages/LRSLib/Y1yCt/deps/src/lrslib-d8b723a2c315614979a8354f9e768d273d14a215/games/game2  
│   inflating: /root/.julia/packages/LRSLib/Y1yCt/deps/src/lrslib-d8b723a2c315614979a8354f9e768d273d14a215/games/gamec  
│   inflating: /root/.julia/packages/LRSLib/Y1yCt/deps/src/lrslib-d8b723a2c315614979a8354f9e768d273d14a215/games/gamem  
│   inflating: /root/.julia/packages/LRSLib/Y1yCt/deps/src/lrslib-d8b723a2c315614979a8354f9e768d273d14a215/games/gamem.2  
│   inflating: /root/.julia/packages/LRSLib/Y1yCt/deps/src/lrslib-d8b723a2c315614979a8354f9e768d273d14a215/games/gamem.gmp  
│   inflating: /root/.julia/packages/LRSLib/Y1yCt/deps/src/lrslib-d8b723a2c315614979a8354f9e768d273d14a215/games/gamemp  
│   inflating: /root/.julia/packages/LRSLib/Y1yCt/deps/src/lrslib-d8b723a2c315614979a8354f9e768d273d14a215/games/gamemp.1  
│   inflating: /root/.julia/packages/LRSLib/Y1yCt/deps/src/lrslib-d8b723a2c315614979a8354f9e768d273d14a215/in7.ine  
│    creating: /root/.julia/packages/LRSLib/Y1yCt/deps/src/lrslib-d8b723a2c315614979a8354f9e768d273d14a215/ine/
│    creating: /root/.julia/packages/LRSLib/Y1yCt/deps/src/lrslib-d8b723a2c315614979a8354f9e768d273d14a215/ine/cocoa13/
│   inflating: /root/.julia/packages/LRSLib/Y1yCt/deps/src/lrslib-d8b723a2c315614979a8354f9e768d273d14a215/ine/cocoa13/bv10.ine  
│   inflating: /root/.julia/packages/LRSLib/Y1yCt/deps/src/lrslib-d8b723a2c315614979a8354f9e768d273d14a215/ine/cocoa13/bv4.ine  
│   inflating: /root/.julia/packages/LRSLib/Y1yCt/deps/src/lrslib-d8b723a2c315614979a8354f9e768d273d14a215/ine/cocoa13/bv5.ine  
│   inflating: /root/.julia/packages/LRSLib/Y1yCt/deps/src/lrslib-d8b723a2c315614979a8354f9e768d273d14a215/ine/cocoa13/bv6.ine  
│   inflating: /root/.julia/packages/LRSLib/Y1yCt/deps/src/lrslib-d8b723a2c315614979a8354f9e768d273d14a215/ine/cocoa13/bv7.ine  
│   inflating: /root/.julia/packages/LRSLib/Y1yCt/deps/src/lrslib-d8b723a2c315614979a8354f9e768d273d14a215/ine/cocoa13/bv8.ine  
│   inflating: /root/.julia/packages/LRSLib/Y1yCt/deps/src/lrslib-d8b723a2c315614979a8354f9e768d273d14a215/ine/cocoa13/bv9.ine  
│   inflating: /root/.julia/packages/LRSLib/Y1yCt/deps/src/lrslib-d8b723a2c315614979a8354f9e768d273d14a215/ine/cocoa13/c28-14.ext  
│   inflating: /root/.julia/packages/LRSLib/Y1yCt/deps/src/lrslib-d8b723a2c315614979a8354f9e768d273d14a215/ine/cocoa13/c30-15.ext  
│   inflating: /root/.julia/packages/LRSLib/Y1yCt/deps/src/lrslib-d8b723a2c315614979a8354f9e768d273d14a215/ine/cocoa13/c40-20.ext  
│   inflating: /root/.julia/packages/LRSLib/Y1yCt/deps/src/lrslib-d8b723a2c315614979a8354f9e768d273d14a215/ine/cocoa13/mit.ine  
│   inflating: /root/.julia/packages/LRSLib/Y1yCt/deps/src/lrslib-d8b723a2c315614979a8354f9e768d273d14a215/ine/cocoa13/perm10.ine  
│   inflating: /root/.julia/packages/LRSLib/Y1yCt/deps/src/lrslib-d8b723a2c315614979a8354f9e768d273d14a215/ine/cocoa13/perm4.ine  
│   inflating: /root/.julia/packages/LRSLib/Y1yCt/deps/src/lrslib-d8b723a2c315614979a8354f9e768d273d14a215/ine/cocoa13/perm5.ine  
│   inflating: /root/.julia/packages/LRSLib/Y1yCt/deps/src/lrslib-d8b723a2c315614979a8354f9e768d273d14a215/ine/cocoa13/perm6.ine  
│   inflating: /root/.julia/packages/LRSLib/Y1yCt/deps/src/lrslib-d8b723a2c315614979a8354f9e768d273d14a215/ine/cocoa13/perm7.ine  
│   inflating: /root/.julia/packages/LRSLib/Y1yCt/deps/src/lrslib-d8b723a2c315614979a8354f9e768d273d14a215/ine/cocoa13/perm8.ine  
│   inflating: /root/.julia/packages/LRSLib/Y1yCt/deps/src/lrslib-d8b723a2c315614979a8354f9e768d273d14a215/ine/cocoa13/perm9.ine  
│    creating: /root/.julia/packages/LRSLib/Y1yCt/deps/src/lrslib-d8b723a2c315614979a8354f9e768d273d14a215/ine/metric/
│   inflating: /root/.julia/packages/LRSLib/Y1yCt/deps/src/lrslib-d8b723a2c315614979a8354f9e768d273d14a215/ine/metric/cp4.ine  
│   inflating: /root/.julia/packages/LRSLib/Y1yCt/deps/src/lrslib-d8b723a2c315614979a8354f9e768d273d14a215/ine/metric/cp5.ine  
│   inflating: /root/.julia/packages/LRSLib/Y1yCt/deps/src/lrslib-d8b723a2c315614979a8354f9e768d273d14a215/ine/metric/cp6.ine  
│   inflating: /root/.julia/packages/LRSLib/Y1yCt/deps/src/lrslib-d8b723a2c315614979a8354f9e768d273d14a215/ine/metric/mp5.ine  
│   inflating: /root/.julia/packages/LRSLib/Y1yCt/deps/src/lrslib-d8b723a2c315614979a8354f9e768d273d14a215/ine/metric/mp6.ine  
│    creating: /root/.julia/packages/LRSLib/Y1yCt/deps/src/lrslib-d8b723a2c315614979a8354f9e768d273d14a215/ine/mit/
│   inflating: /root/.julia/packages/LRSLib/Y1yCt/deps/src/lrslib-d8b723a2c315614979a8354f9e768d273d14a215/ine/mit/mit.ine  
│   inflating: /root/.julia/packages/LRSLib/Y1yCt/deps/src/lrslib-d8b723a2c315614979a8354f9e768d273d14a215/ine/mit/mit288-281.ine  
│   inflating: /root/.julia/packages/LRSLib/Y1yCt/deps/src/lrslib-d8b723a2c315614979a8354f9e768d273d14a215/ine/mit/mit31-20.ine  
│   inflating: /root/.julia/packages/LRSLib/Y1yCt/deps/src/lrslib-d8b723a2c315614979a8354f9e768d273d14a215/ine/mit/mit41-16.ine  
│   inflating: /root/.julia/packages/LRSLib/Y1yCt/deps/src/lrslib-d8b723a2c315614979a8354f9e768d273d14a215/ine/mit/mit708-9.ine  
│   inflating: /root/.julia/packages/LRSLib/Y1yCt/deps/src/lrslib-d8b723a2c315614979a8354f9e768d273d14a215/ine/mit/mit71-61.ine  
│   inflating: /root/.julia/packages/LRSLib/Y1yCt/deps/src/lrslib-d8b723a2c315614979a8354f9e768d273d14a215/ine/mit/mit90-86.ine  
│    creating: /root/.julia/packages/LRSLib/Y1yCt/deps/src/lrslib-d8b723a2c315614979a8354f9e768d273d14a215/ine/test-062/
│   inflating: /root/.julia/packages/LRSLib/Y1yCt/deps/src/lrslib-d8b723a2c315614979a8354f9e768d273d14a215/ine/test-062/bv7.ine  
│   inflating: /root/.julia/packages/LRSLib/Y1yCt/deps/src/lrslib-d8b723a2c315614979a8354f9e768d273d14a215/ine/test-062/c30-15.ext  
│   inflating: /root/.julia/packages/LRSLib/Y1yCt/deps/src/lrslib-d8b723a2c315614979a8354f9e768d273d14a215/ine/test-062/c40-20.ext  
│   inflating: /root/.julia/packages/LRSLib/Y1yCt/deps/src/lrslib-d8b723a2c315614979a8354f9e768d273d14a215/ine/test-062/cp6.ine  
│   inflating: /root/.julia/packages/LRSLib/Y1yCt/deps/src/lrslib-d8b723a2c315614979a8354f9e768d273d14a215/ine/test-062/fq48-19.ine  
│   inflating: /root/.julia/packages/LRSLib/Y1yCt/deps/src/lrslib-d8b723a2c315614979a8354f9e768d273d14a215/ine/test-062/m6.ine  
│   inflating: /root/.julia/packages/LRSLib/Y1yCt/deps/src/lrslib-d8b723a2c315614979a8354f9e768d273d14a215/ine/test-062/mit.ine  
│   inflating: /root/.julia/packages/LRSLib/Y1yCt/deps/src/lrslib-d8b723a2c315614979a8354f9e768d273d14a215/ine/test-062/mit71-61.ine  
│    creating: /root/.julia/packages/LRSLib/Y1yCt/deps/src/lrslib-d8b723a2c315614979a8354f9e768d273d14a215/ine/test-062/normaliz/
│   inflating: /root/.julia/packages/LRSLib/Y1yCt/deps/src/lrslib-d8b723a2c315614979a8354f9e768d273d14a215/ine/test-062/normaliz/bv7.in  
│   inflating: /root/.julia/packages/LRSLib/Y1yCt/deps/src/lrslib-d8b723a2c315614979a8354f9e768d273d14a215/ine/test-062/normaliz/c30-15.ext.in  
│   inflating: /root/.julia/packages/LRSLib/Y1yCt/deps/src/lrslib-d8b723a2c315614979a8354f9e768d273d14a215/ine/test-062/normaliz/c40-20.ext.in  
│   inflating: /root/.julia/packages/LRSLib/Y1yCt/deps/src/lrslib-d8b723a2c315614979a8354f9e768d273d14a215/ine/test-062/normaliz/cp6.in  
│   inflating: /root/.julia/packages/LRSLib/Y1yCt/deps/src/lrslib-d8b723a2c315614979a8354f9e768d273d14a215/ine/test-062/normaliz/fq48-19.in  
│   inflating: /root/.julia/packages/LRSLib/Y1yCt/deps/src/lrslib-d8b723a2c315614979a8354f9e768d273d14a215/ine/test-062/normaliz/m6.in  
│   inflating: /root/.julia/packages/LRSLib/Y1yCt/deps/src/lrslib-d8b723a2c315614979a8354f9e768d273d14a215/ine/test-062/normaliz/mit.in  
│   inflating: /root/.julia/packages/LRSLib/Y1yCt/deps/src/lrslib-d8b723a2c315614979a8354f9e768d273d14a215/ine/test-062/normaliz/mit71-61.in  
│   inflating: /root/.julia/packages/LRSLib/Y1yCt/deps/src/lrslib-d8b723a2c315614979a8354f9e768d273d14a215/ine/test-062/normaliz/perm10.in  
│   inflating: /root/.julia/packages/LRSLib/Y1yCt/deps/src/lrslib-d8b723a2c315614979a8354f9e768d273d14a215/ine/test-062/normaliz/zfw91.in  
│   inflating: /root/.julia/packages/LRSLib/Y1yCt/deps/src/lrslib-d8b723a2c315614979a8354f9e768d273d14a215/ine/test-062/perm10.ine  
│    creating: /root/.julia/packages/LRSLib/Y1yCt/deps/src/lrslib-d8b723a2c315614979a8354f9e768d273d14a215/ine/test-062/porta/
│   inflating: /root/.julia/packages/LRSLib/Y1yCt/deps/src/lrslib-d8b723a2c315614979a8354f9e768d273d14a215/ine/test-062/porta/bv7.ine.ieq  
│   inflating: /root/.julia/packages/LRSLib/Y1yCt/deps/src/lrslib-d8b723a2c315614979a8354f9e768d273d14a215/ine/test-062/porta/c30-15.ext.poi  
│   inflating: /root/.julia/packages/LRSLib/Y1yCt/deps/src/lrslib-d8b723a2c315614979a8354f9e768d273d14a215/ine/test-062/porta/c40-20.ext.poi  
│   inflating: /root/.julia/packages/LRSLib/Y1yCt/deps/src/lrslib-d8b723a2c315614979a8354f9e768d273d14a215/ine/test-062/porta/cp6.ine.ieq  
│   inflating: /root/.julia/packages/LRSLib/Y1yCt/deps/src/lrslib-d8b723a2c315614979a8354f9e768d273d14a215/ine/test-062/porta/fq48-19.ine.ieq  
│   inflating: /root/.julia/packages/LRSLib/Y1yCt/deps/src/lrslib-d8b723a2c315614979a8354f9e768d273d14a215/ine/test-062/porta/m6.ine.ieq  
│   inflating: /root/.julia/packages/LRSLib/Y1yCt/deps/src/lrslib-d8b723a2c315614979a8354f9e768d273d14a215/ine/test-062/porta/mit.ine.ieq  
│   inflating: /root/.julia/packages/LRSLib/Y1yCt/deps/src/lrslib-d8b723a2c315614979a8354f9e768d273d14a215/ine/test-062/porta/mit71-61.ine.ieq  
│   inflating: /root/.julia/packages/LRSLib/Y1yCt/deps/src/lrslib-d8b723a2c315614979a8354f9e768d273d14a215/ine/test-062/porta/perm10.ine.ieq  
│   inflating: /root/.julia/packages/LRSLib/Y1yCt/deps/src/lrslib-d8b723a2c315614979a8354f9e768d273d14a215/ine/test-062/porta/zfw91.ine.ieq  
│   inflating: /root/.julia/packages/LRSLib/Y1yCt/deps/src/lrslib-d8b723a2c315614979a8354f9e768d273d14a215/ine/test-062/zfw91.ine  
│   inflating: /root/.julia/packages/LRSLib/Y1yCt/deps/src/lrslib-d8b723a2c315614979a8354f9e768d273d14a215/ine/test-062/zfw91nn.ine  
│    creating: /root/.julia/packages/LRSLib/Y1yCt/deps/src/lrslib-d8b723a2c315614979a8354f9e768d273d14a215/ine/test/
│   inflating: /root/.julia/packages/LRSLib/Y1yCt/deps/src/lrslib-d8b723a2c315614979a8354f9e768d273d14a215/ine/test/cross4.ine  
│   inflating: /root/.julia/packages/LRSLib/Y1yCt/deps/src/lrslib-d8b723a2c315614979a8354f9e768d273d14a215/ine/test/cyclic17_8.ine  
│   inflating: /root/.julia/packages/LRSLib/Y1yCt/deps/src/lrslib-d8b723a2c315614979a8354f9e768d273d14a215/ine/test/diamond.ine  
│   inflating: /root/.julia/packages/LRSLib/Y1yCt/deps/src/lrslib-d8b723a2c315614979a8354f9e768d273d14a215/ine/test/in0.ine  
│   inflating: /root/.julia/packages/LRSLib/Y1yCt/deps/src/lrslib-d8b723a2c315614979a8354f9e768d273d14a215/ine/test/in1.ine  
│   inflating: /root/.julia/packages/LRSLib/Y1yCt/deps/src/lrslib-d8b723a2c315614979a8354f9e768d273d14a215/ine/test/in2.ine  
│   inflating: /root/.julia/packages/LRSLib/Y1yCt/deps/src/lrslib-d8b723a2c315614979a8354f9e768d273d14a215/ine/test/in3.ine  
│   inflating: /root/.julia/packages/LRSLib/Y1yCt/deps/src/lrslib-d8b723a2c315614979a8354f9e768d273d14a215/ine/test/in4.ine  
│   inflating: /root/.julia/packages/LRSLib/Y1yCt/deps/src/lrslib-d8b723a2c315614979a8354f9e768d273d14a215/ine/test/in5.ine  
│   inflating: /root/.julia/packages/LRSLib/Y1yCt/deps/src/lrslib-d8b723a2c315614979a8354f9e768d273d14a215/ine/test/in6.ine  
│   inflating: /root/.julia/packages/LRSLib/Y1yCt/deps/src/lrslib-d8b723a2c315614979a8354f9e768d273d14a215/ine/test/in7.ine  
│   inflating: /root/.julia/packages/LRSLib/Y1yCt/deps/src/lrslib-d8b723a2c315614979a8354f9e768d273d14a215/ine/test/inf.ine  
│   inflating: /root/.julia/packages/LRSLib/Y1yCt/deps/src/lrslib-d8b723a2c315614979a8354f9e768d273d14a215/ine/test/kkd38_6.ine  
│   inflating: /root/.julia/packages/LRSLib/Y1yCt/deps/src/lrslib-d8b723a2c315614979a8354f9e768d273d14a215/ine/test/kq20_11.ine  
│   inflating: /root/.julia/packages/LRSLib/Y1yCt/deps/src/lrslib-d8b723a2c315614979a8354f9e768d273d14a215/ine/test/kq20_11a.ine  
│   inflating: /root/.julia/packages/LRSLib/Y1yCt/deps/src/lrslib-d8b723a2c315614979a8354f9e768d273d14a215/ine/test/lcube.ine  
│   inflating: /root/.julia/packages/LRSLib/Y1yCt/deps/src/lrslib-d8b723a2c315614979a8354f9e768d273d14a215/ine/test/metric40_11.ine  
│   inflating: /root/.julia/packages/LRSLib/Y1yCt/deps/src/lrslib-d8b723a2c315614979a8354f9e768d273d14a215/ine/test/metric80_16.ine  
│   inflating: /root/.julia/packages/LRSLib/Y1yCt/deps/src/lrslib-d8b723a2c315614979a8354f9e768d273d14a215/ine/test/mit31_20.ine  
│   inflating: /root/.julia/packages/LRSLib/Y1yCt/deps/src/lrslib-d8b723a2c315614979a8354f9e768d273d14a215/ine/test/trunc10.ine  
│   inflating: /root/.julia/packages/LRSLib/Y1yCt/deps/src/lrslib-d8b723a2c315614979a8354f9e768d273d14a215/ine/test/trunc7.ine  
│   inflating: /root/.julia/packages/LRSLib/Y1yCt/deps/src/lrslib-d8b723a2c315614979a8354f9e768d273d14a215/ine/test/truss2.ine  
│   inflating: /root/.julia/packages/LRSLib/Y1yCt/deps/src/lrslib-d8b723a2c315614979a8354f9e768d273d14a215/ine/test/tsp5.ine  
│   inflating: /root/.julia/packages/LRSLib/Y1yCt/deps/src/lrslib-d8b723a2c315614979a8354f9e768d273d14a215/lpdemo.c  
│   inflating: /root/.julia/packages/LRSLib/Y1yCt/deps/src/lrslib-d8b723a2c315614979a8354f9e768d273d14a215/lpdemo1.c  
│   inflating: /root/.julia/packages/LRSLib/Y1yCt/deps/src/lrslib-d8b723a2c315614979a8354f9e768d273d14a215/lpdemo2.c  
│   inflating: /root/.julia/packages/LRSLib/Y1yCt/deps/src/lrslib-d8b723a2c315614979a8354f9e768d273d14a215/lrs.c  
│   inflating: /root/.julia/packages/LRSLib/Y1yCt/deps/src/lrslib-d8b723a2c315614979a8354f9e768d273d14a215/lrsdriver.c  
│   inflating: /root/.julia/packages/LRSLib/Y1yCt/deps/src/lrslib-d8b723a2c315614979a8354f9e768d273d14a215/lrsdriver.h  
│   inflating: /root/.julia/packages/LRSLib/Y1yCt/deps/src/lrslib-d8b723a2c315614979a8354f9e768d273d14a215/lrsgmp.c  
│   inflating: /root/.julia/packages/LRSLib/Y1yCt/deps/src/lrslib-d8b723a2c315614979a8354f9e768d273d14a215/lrsgmp.h  
│   inflating: /root/.julia/packages/LRSLib/Y1yCt/deps/src/lrslib-d8b723a2c315614979a8354f9e768d273d14a215/lrslib.c  
│   inflating: /root/.julia/packages/LRSLib/Y1yCt/deps/src/lrslib-d8b723a2c315614979a8354f9e768d273d14a215/lrslib.h  
│   inflating: /root/.julia/packages/LRSLib/Y1yCt/deps/src/lrslib-d8b723a2c315614979a8354f9e768d273d14a215/lrslong.c  
│   inflating: /root/.julia/packages/LRSLib/Y1yCt/deps/src/lrslib-d8b723a2c315614979a8354f9e768d273d14a215/lrslong.h  
│   inflating: /root/.julia/packages/LRSLib/Y1yCt/deps/src/lrslib-d8b723a2c315614979a8354f9e768d273d14a215/lrsmp.c  
│   inflating: /root/.julia/packages/LRSLib/Y1yCt/deps/src/lrslib-d8b723a2c315614979a8354f9e768d273d14a215/lrsmp.h  
│   inflating: /root/.julia/packages/LRSLib/Y1yCt/deps/src/lrslib-d8b723a2c315614979a8354f9e768d273d14a215/lrsnash.c  
│   inflating: /root/.julia/packages/LRSLib/Y1yCt/deps/src/lrslib-d8b723a2c315614979a8354f9e768d273d14a215/lrsnashlib.c  
│   inflating: /root/.julia/packages/LRSLib/Y1yCt/deps/src/lrslib-d8b723a2c315614979a8354f9e768d273d14a215/lrsnashlib.h  
│   inflating: /root/.julia/packages/LRSLib/Y1yCt/deps/src/lrslib-d8b723a2c315614979a8354f9e768d273d14a215/makefile  
│   inflating: /root/.julia/packages/LRSLib/Y1yCt/deps/src/lrslib-d8b723a2c315614979a8354f9e768d273d14a215/mit.ine  
│   inflating: /root/.julia/packages/LRSLib/Y1yCt/deps/src/lrslib-d8b723a2c315614979a8354f9e768d273d14a215/mp5.ext  
│   inflating: /root/.julia/packages/LRSLib/Y1yCt/deps/src/lrslib-d8b723a2c315614979a8354f9e768d273d14a215/mp5.ine  
│   inflating: /root/.julia/packages/LRSLib/Y1yCt/deps/src/lrslib-d8b723a2c315614979a8354f9e768d273d14a215/mp5.mplrs  
│   inflating: /root/.julia/packages/LRSLib/Y1yCt/deps/src/lrslib-d8b723a2c315614979a8354f9e768d273d14a215/mplrs.c  
│   inflating: /root/.julia/packages/LRSLib/Y1yCt/deps/src/lrslib-d8b723a2c315614979a8354f9e768d273d14a215/mplrs.h  
│   inflating: /root/.julia/packages/LRSLib/Y1yCt/deps/src/lrslib-d8b723a2c315614979a8354f9e768d273d14a215/nashdemo.c  
│   inflating: /root/.julia/packages/LRSLib/Y1yCt/deps/src/lrslib-d8b723a2c315614979a8354f9e768d273d14a215/plotD.gp  
│   inflating: /root/.julia/packages/LRSLib/Y1yCt/deps/src/lrslib-d8b723a2c315614979a8354f9e768d273d14a215/plotL.gp  
│   inflating: /root/.julia/packages/LRSLib/Y1yCt/deps/src/lrslib-d8b723a2c315614979a8354f9e768d273d14a215/rat2float.c  
│   inflating: /root/.julia/packages/LRSLib/Y1yCt/deps/src/lrslib-d8b723a2c315614979a8354f9e768d273d14a215/redund.c  
│   inflating: /root/.julia/packages/LRSLib/Y1yCt/deps/src/lrslib-d8b723a2c315614979a8354f9e768d273d14a215/setupnash.c  
│   inflating: /root/.julia/packages/LRSLib/Y1yCt/deps/src/lrslib-d8b723a2c315614979a8354f9e768d273d14a215/setupnash2.c  
│   inflating: /root/.julia/packages/LRSLib/Y1yCt/deps/src/lrslib-d8b723a2c315614979a8354f9e768d273d14a215/vedemo.c  
│   inflating: /root/.julia/packages/LRSLib/Y1yCt/deps/src/lrslib-d8b723a2c315614979a8354f9e768d273d14a215/vol1.ext  
│ makefile:214: warning: overriding recipe for target 'liblrs.so'
│ makefile:211: warning: ignoring old recipe for target 'liblrs.so'
│ cc -O3 -Wall -DLRS_QUIET -fPIC -DMA -DSAFE -DLRSLONG -c -o lrslong1-shr.o lrslong.c
│ cc -O3 -Wall -DLRS_QUIET -fPIC -DMA -DSAFE -DB128 -DLRSLONG -c -o lrslong2-shr.o lrslong.c
│ cc -O3 -Wall -DLRS_QUIET -fPIC -DMA -DSAFE -DLRSLONG -c -o lrslib1-shr.o lrslib.c
│ lrslib.c: In function 'lrs_init_dat_1':
│ lrslib.c:853:8: warning: unused variable 'i' [-Wunused-variable]
│    long i;
│         ^
│ lrslib.c: In function 'lrs_read_dat_1':
│ lrslib.c:917:10: warning: ignoring return value of 'mkstemp', declared with attribute warn_unused_result [-Wunused-result]
│           mkstemp(tmpfilename);
│           ^~~~~~~~~~~~~~~~~~~~
│ lrslib.c: In function 'readfacets_1':
│ lrslib.c:4307:3: warning: ignoring return value of 'fgets', declared with attribute warn_unused_result [-Wunused-result]
│    fgets(str,1000000,lrs_ifp);  /* pick up indices from the input line             */
│    ^~~~~~~~~~~~~~~~~~~~~~~~~~
│ In file included from lrslib.h:143:0,
│                  from lrslib.c:29:
│ lrslib.c: In function 'pivot_1':
│ lrslong.h:144:45: warning: 'Ns[0]' may be used uninitialized in this function [-Wmaybe-uninitialized]
│  #define unchecked_decint(a, b)  *(a) = *(a) - *(b)  /* only safe if a,b come from mulint */
│                                              ^
│ lrslib.c:3099:10: note: 'Ns[0]' was declared here
│    lrs_mp Ns, Nt, Ars;
│           ^~
│ In file included from lrslib.h:143:0,
│                  from lrslib.c:29:
│ lrslong.h:144:45: warning: 'Nt[0]' may be used uninitialized in this function [-Wmaybe-uninitialized]
│  #define unchecked_decint(a, b)  *(a) = *(a) - *(b)  /* only safe if a,b come from mulint */
│                                              ^
│ lrslib.c:3099:14: note: 'Nt[0]' was declared here
│    lrs_mp Ns, Nt, Ars;
│               ^~
│ lrslib.c: In function 'checkredund_1':
│ lrslib.c:4043:10: warning: 'Nt[0]' may be used uninitialized in this function [-Wmaybe-uninitialized]
│        if (mp_greater (Ns, Nt))
│           ^
│ lrslib.c:4043:10: warning: 'Ns[0]' may be used uninitialized in this function [-Wmaybe-uninitialized]
│ cc -O3 -Wall -DLRS_QUIET -fPIC -DMA -DSAFE -DB128 -DLRSLONG -c -o lrslib2-shr.o lrslib.c
│ lrslib.c: In function 'lrs_init_dat_2':
│ lrslib.c:853:8: warning: unused variable 'i' [-Wunused-variable]
│    long i;
│         ^
│ lrslib.c: In function 'lrs_read_dat_2':
│ lrslib.c:917:10: warning: ignoring return value of 'mkstemp', declared with attribute warn_unused_result [-Wunused-result]
│           mkstemp(tmpfilename);
│           ^~~~~~~~~~~~~~~~~~~~
│ lrslib.c: In function 'readfacets_2':
│ lrslib.c:4307:3: warning: ignoring return value of 'fgets', declared with attribute warn_unused_result [-Wunused-result]
│    fgets(str,1000000,lrs_ifp);  /* pick up indices from the input line             */
│    ^~~~~~~~~~~~~~~~~~~~~~~~~~
│ In file included from lrslib.h:143:0,
│                  from lrslib.c:29:
│ lrslib.c: In function 'pivot_2':
│ lrslong.h:144:45: warning: 'Ns[0]' may be used uninitialized in this function [-Wmaybe-uninitialized]
│  #define unchecked_decint(a, b)  *(a) = *(a) - *(b)  /* only safe if a,b come from mulint */
│                                              ^
│ lrslib.c:3099:10: note: 'Ns[0]' was declared here
│    lrs_mp Ns, Nt, Ars;
│           ^~
│ In file included from lrslib.h:143:0,
│                  from lrslib.c:29:
│ lrslong.h:144:45: warning: 'Nt[0]' may be used uninitialized in this function [-Wmaybe-uninitialized]
│  #define unchecked_decint(a, b)  *(a) = *(a) - *(b)  /* only safe if a,b come from mulint */
│                                              ^
│ lrslib.c:3099:14: note: 'Nt[0]' was declared here
│    lrs_mp Ns, Nt, Ars;
│               ^~
│ lrslib.c: In function 'checkredund_2':
│ lrslib.c:4043:10: warning: 'Nt[0]' may be used uninitialized in this function [-Wmaybe-uninitialized]
│        if (mp_greater (Ns, Nt))
│           ^
│ lrslib.c:4043:10: warning: 'Ns[0]' may be used uninitialized in this function [-Wmaybe-uninitialized]
│ cc -O3 -Wall -DLRS_QUIET -fPIC -DMA -DGMP -I/usr/include -c -o lrslibgmp-shr.o lrslib.c
│ In file included from lrslib.h:143:0,
│                  from lrslib.c:29:
│ lrsgmp.h:36:11: fatal error: gmp.h: No such file or directory
│   #include "gmp.h"
│            ^~~~~~~
│ compilation terminated.
│ makefile:244: recipe for target 'lrslibgmp-shr.o' failed
│ make: *** [lrslibgmp-shr.o] Error 1
│ [ Info: Attempting to create directory /root/.julia/packages/LRSLib/Y1yCt/deps/downloads
│ [ Info: Downloading file https://github.com/JuliaPolyhedra/lrslib/archive/d8b723a2c315614979a8354f9e768d273d14a215.zip
│ [ Info: Done downloading file https://github.com/JuliaPolyhedra/lrslib/archive/d8b723a2c315614979a8354f9e768d273d14a215.zip
│ [ Info: Attempting to create directory /root/.julia/packages/LRSLib/Y1yCt/deps/src
│ [ Info: Attempting to create directory /root/.julia/packages/LRSLib/Y1yCt/deps
│ [ Info: Directory /root/.julia/packages/LRSLib/Y1yCt/deps already exists
│ [ Info: Attempting to create directory /root/.julia/packages/LRSLib/Y1yCt/deps/usr
│ [ Info: Attempting to create directory /root/.julia/packages/LRSLib/Y1yCt/deps/usr/lib
│ [ Info: Changing directory to /root/.julia/packages/LRSLib/Y1yCt/deps/src/lrslib-d8b723a2c315614979a8354f9e768d273d14a215
│ ERROR: LoadError: failed process: Process(`make liblrs.so.0 SONAME=liblrs.so SHLIB=liblrs.so.0`, ProcessExited(2)) [2]
│ Stacktrace:
│  [1] error(::String, ::Base.Process, ::String, ::Int64, ::String) at ./error.jl:42
│  [2] pipeline_error at ./process.jl:705 [inlined]
│  [3] #run#505(::Bool, ::Function, ::Cmd) at ./process.jl:663
│  [4] run(::Cmd) at ./process.jl:661
│  [5] run(::BinDeps.SynchronousStepCollection) at /root/.julia/packages/BinDeps/ZEval/src/BinDeps.jl:521
│  [6] run(::FileRule) at /root/.julia/packages/BinDeps/ZEval/src/BinDeps.jl:483
│  [7] run(::BinDeps.SynchronousStepCollection) at /root/.julia/packages/BinDeps/ZEval/src/BinDeps.jl:521 (repeats 2 times)
│  [8] satisfy!(::BinDeps.LibraryDependency, ::Array{DataType,1}) at /root/.julia/packages/BinDeps/ZEval/src/dependencies.jl:944
│  [9] satisfy!(::BinDeps.LibraryDependency) at /root/.julia/packages/BinDeps/ZEval/src/dependencies.jl:922
│  [10] top-level scope at /root/.julia/packages/BinDeps/ZEval/src/dependencies.jl:977
│  [11] include at ./boot.jl:317 [inlined]
│  [12] include_relative(::Module, ::String) at ./loading.jl:1044
│  [13] include(::Module, ::String) at ./sysimg.jl:29
│  [14] include(::String) at ./client.jl:392
│  [15] top-level scope at none:0
│ in expression starting at /root/.julia/packages/LRSLib/Y1yCt/deps/build.jl:109
│ Warning: The compilation of LRS requires the header gmp.h provided by the package libgmp-dev.
│ If the compilation fails, please install it as follows:
│ $ sudo apt-get install libgmp-dev
└ @ Pkg.Operations /buildworker/worker/package_linux64/build/usr/share/julia/stdlib/v1.0/Pkg/src/Operations.jl:1096
   Testing LRSLib
 Resolving package versions...
 Installed Combinatorics ─ v0.7.0
 Installed GLPK ────────── v0.12.0
 Installed Polynomials ─── v0.6.0
  Building GLPK → `~/.julia/packages/GLPK/J1b5G/deps/build.log`
    Status `/tmp/tmpYDXFPk/Manifest.toml`
  [6e4b80f9] BenchmarkTools v0.4.3
  [9e28174c] BinDeps v0.8.10
  [b99e7846] BinaryProvider v0.5.8
  [49dc2e85] Calculus v0.5.1
  [3da002f7] ColorTypes v0.8.0
  [861a8166] Combinatorics v0.7.0
  [bbf7d656] CommonSubexpressions v0.2.0
  [34da2185] Compat v2.2.0
  [864edb3b] DataStructures v0.17.6
  [163ba53b] DiffResults v0.0.4
  [b552c78f] DiffRules v0.1.0
  [53c48c17] FixedPointNumbers v0.6.1
  [f6369f11] ForwardDiff v0.10.6
  [60bf3e95] GLPK v0.12.0
  [4d00f742] GeometryTypes v0.7.6
  [d9be37ee] Homebrew v0.7.1
  [c8e1da08] IterTools v1.3.0
  [682c06a0] JSON v0.21.0
  [4076af6c] JuMP v0.20.1
  [262c1cb6] LRSLib v0.4.1
  [b8f27783] MathOptInterface v0.9.7
  [77ba4419] NaNMath v0.3.3
  [bac558e1] OrderedCollections v1.1.0
  [774612a8] ParameterJuMP v0.1.2
  [69de0a69] Parsers v0.3.10
  [67491407] Polyhedra v0.5.6
  [f27b6e38] Polynomials v0.6.0
  [3cdcf5f2] RecipesBase v0.7.0
  [276daf66] SpecialFunctions v0.8.0
  [90137ffa] StaticArrays v0.12.1
  [30578b45] URIParser v0.4.0
  [2a0f44e3] Base64  [`@stdlib/Base64`]
  [ade2ca70] Dates  [`@stdlib/Dates`]
  [8bb1440f] DelimitedFiles  [`@stdlib/DelimitedFiles`]
  [8ba89e20] Distributed  [`@stdlib/Distributed`]
  [b77e0a4c] InteractiveUtils  [`@stdlib/InteractiveUtils`]
  [76f85450] LibGit2  [`@stdlib/LibGit2`]
  [8f399da3] Libdl  [`@stdlib/Libdl`]
  [37e2e46d] LinearAlgebra  [`@stdlib/LinearAlgebra`]
  [56ddb016] Logging  [`@stdlib/Logging`]
  [d6f4376e] Markdown  [`@stdlib/Markdown`]
  [a63ad114] Mmap  [`@stdlib/Mmap`]
  [44cfe95a] Pkg  [`@stdlib/Pkg`]
  [de0858da] Printf  [`@stdlib/Printf`]
  [3fa0cd96] REPL  [`@stdlib/REPL`]
  [9a3f8284] Random  [`@stdlib/Random`]
  [ea8e919c] SHA  [`@stdlib/SHA`]
  [9e88b42a] Serialization  [`@stdlib/Serialization`]
  [1a1011a3] SharedArrays  [`@stdlib/SharedArrays`]
  [6462fe0b] Sockets  [`@stdlib/Sockets`]
  [2f01184e] SparseArrays  [`@stdlib/SparseArrays`]
  [10745b16] Statistics  [`@stdlib/Statistics`]
  [8dfed614] Test  [`@stdlib/Test`]
  [cf7118a7] UUIDs  [`@stdlib/UUIDs`]
  [4ec0a83e] Unicode  [`@stdlib/Unicode`]
ERROR: LoadError: LRSLib not properly installed. Please run Pkg.build("LRSLib")
Stacktrace:
 [1] error(::String) at ./error.jl:33
 [2] top-level scope at /root/.julia/packages/LRSLib/Y1yCt/src/LRSLib.jl:11
 [3] include at ./boot.jl:317 [inlined]
 [4] include_relative(::Module, ::String) at ./loading.jl:1044
 [5] include(::Module, ::String) at ./sysimg.jl:29
 [6] top-level scope at none:2
 [7] eval at ./boot.jl:319 [inlined]
 [8] eval(::Expr) at ./client.jl:393
 [9] top-level scope at ./none:3
in expression starting at /root/.julia/packages/LRSLib/Y1yCt/src/LRSLib.jl:8
ERROR: LoadError: Failed to precompile LRSLib [262c1cb6-76e2-5873-868b-19ece3183cc5] to /root/.julia/compiled/v1.0/LRSLib/F0zsu.ji.
Stacktrace:
 [1] error(::String) at ./error.jl:33
 [2] compilecache(::Base.PkgId, ::String) at ./loading.jl:1203
 [3] _require(::Base.PkgId) at ./loading.jl:960
 [4] require(::Base.PkgId) at ./loading.jl:858
 [5] require(::Module, ::Symbol) at ./loading.jl:853
 [6] include at ./boot.jl:317 [inlined]
 [7] include_relative(::Module, ::String) at ./loading.jl:1044
 [8] include(::Module, ::String) at ./sysimg.jl:29
 [9] include(::String) at ./client.jl:392
 [10] top-level scope at none:0
in expression starting at /root/.julia/packages/LRSLib/Y1yCt/test/runtests.jl:3
ERROR: Package LRSLib errored during testing
Stacktrace:
 [1] pkgerror(::String, ::Vararg{String,N} where N) at /buildworker/worker/package_linux64/build/usr/share/julia/stdlib/v1.0/Pkg/src/Types.jl:120
 [2] #test#65(::Bool, ::Function, ::Pkg.Types.Context, ::Array{Pkg.Types.PackageSpec,1}) at /buildworker/worker/package_linux64/build/usr/share/julia/stdlib/v1.0/Pkg/src/Operations.jl:1357
 [3] #test at /buildworker/worker/package_linux64/build/usr/share/julia/stdlib/v1.0/Pkg/src/API.jl:0 [inlined]
 [4] #test#44(::Bool, ::Base.Iterators.Pairs{Union{},Union{},Tuple{},NamedTuple{(),Tuple{}}}, ::Function, ::Pkg.Types.Context, ::Array{Pkg.Types.PackageSpec,1}) at /buildworker/worker/package_linux64/build/usr/share/julia/stdlib/v1.0/Pkg/src/API.jl:278
 [5] test at /buildworker/worker/package_linux64/build/usr/share/julia/stdlib/v1.0/Pkg/src/API.jl:263 [inlined]
 [6] #test#43 at /buildworker/worker/package_linux64/build/usr/share/julia/stdlib/v1.0/Pkg/src/API.jl:260 [inlined]
 [7] test at /buildworker/worker/package_linux64/build/usr/share/julia/stdlib/v1.0/Pkg/src/API.jl:260 [inlined]
 [8] #test#42 at /buildworker/worker/package_linux64/build/usr/share/julia/stdlib/v1.0/Pkg/src/API.jl:259 [inlined]
 [9] test at /buildworker/worker/package_linux64/build/usr/share/julia/stdlib/v1.0/Pkg/src/API.jl:259 [inlined]
 [10] #test#41 at /buildworker/worker/package_linux64/build/usr/share/julia/stdlib/v1.0/Pkg/src/API.jl:258 [inlined]
 [11] test(::String) at /buildworker/worker/package_linux64/build/usr/share/julia/stdlib/v1.0/Pkg/src/API.jl:258
 [12] top-level scope at none:0
