 Resolving package versions...
 Installed BinaryProvider ─ v0.5.8
 Installed Cxx ──────────── v0.3.3
  Updating `~/.julia/environments/v1.2/Project.toml`
  [a0b5b9ef] + Cxx v0.3.3
  Updating `~/.julia/environments/v1.2/Manifest.toml`
  [b99e7846] + BinaryProvider v0.5.8
  [a0b5b9ef] + Cxx v0.3.3
  [2a0f44e3] + Base64 
  [b77e0a4c] + InteractiveUtils 
  [8f399da3] + Libdl 
  [d6f4376e] + Markdown 
  [3fa0cd96] + REPL 
  [ea8e919c] + SHA 
  [6462fe0b] + Sockets 
  Building Cxx → `~/.julia/packages/Cxx/UZsgx/deps/build.log`
   Testing Cxx
 Resolving package versions...
    Status `/tmp/jl_T7wd9X/Manifest.toml`
  [b99e7846] BinaryProvider v0.5.8
  [a0b5b9ef] Cxx v0.3.3
  [2a0f44e3] Base64  [`@stdlib/Base64`]
  [8ba89e20] Distributed  [`@stdlib/Distributed`]
  [b77e0a4c] InteractiveUtils  [`@stdlib/InteractiveUtils`]
  [8f399da3] Libdl  [`@stdlib/Libdl`]
  [56ddb016] Logging  [`@stdlib/Logging`]
  [d6f4376e] Markdown  [`@stdlib/Markdown`]
  [3fa0cd96] REPL  [`@stdlib/REPL`]
  [9a3f8284] Random  [`@stdlib/Random`]
  [ea8e919c] SHA  [`@stdlib/SHA`]
  [9e88b42a] Serialization  [`@stdlib/Serialization`]
  [6462fe0b] Sockets  [`@stdlib/Sockets`]
  [8dfed614] Test  [`@stdlib/Test`]
┌ Warning: The two argument form of `func_for_method_checked` is deprecated. Pass sparams in addition.
│   caller = get_llvmf_decl(::Type) at cxxstr.jl:105
└ @ Cxx.CxxCore ~/.julia/packages/Cxx/UZsgx/src/cxxstr.jl:105
Test Summary:                   | Pass  Total
import without using Cxx (#316) |    2      2
Test Summary: | Pass  Total
StdString     |    3      3
Test Summary: | Pass  Total
StdVector     |   70     70
e = (class std::length_error &) {
}

Test Summary: | Pass  Total
Exceptions    |    2      2
foo
foo
foo
foo
foo
foo
foo
foo
foo
foo
1
2
3
4
5
6
7
8
9
10
   Testing Cxx tests passed 
