 Resolving package versions...
 Installed CharSetEncodings ───── v1.0.0
 Installed Format ─────────────── v1.0.1
 Installed StrFormat ──────────── v1.0.0
 Installed InternedStrings ────── v0.7.0
 Installed StrEntities ────────── v1.0.0
 Installed StrBase ────────────── v1.0.0
 Installed LightXML ───────────── v0.8.1
 Installed Strs ───────────────── v1.0.1
 Installed ModuleInterfaceTools ─ v1.0.1
 Installed ChrBase ────────────── v1.0.0
 Installed MurmurHash3 ────────── v1.0.1
 Installed StrAPI ─────────────── v1.0.0
 Installed JSON ───────────────── v0.21.0
 Installed Parsers ────────────── v0.3.10
 Installed BinaryProvider ─────── v0.5.8
 Installed StrLiterals ────────── v1.0.0
 Installed StrRegex ───────────── v1.0.2
 Installed LaTeX_Entities ─────── v1.0.0
 Installed Unicode_Entities ───── v1.0.1
 Installed Emoji_Entities ─────── v1.0.0
 Installed HTML_Entities ──────── v1.0.0
 Installed StrTables ──────────── v1.0.1
 Installed PCRE2 ──────────────── v1.0.2
  Updating `~/.julia/environments/v1.2/Project.toml`
  [7bddbee9] + Strs v1.0.1
  Updating `~/.julia/environments/v1.2/Manifest.toml`
  [b99e7846] + BinaryProvider v0.5.8
  [cb9422de] + CharSetEncodings v1.0.0
  [c13fa7b1] + ChrBase v1.0.0
  [fd8f23de] + Emoji_Entities v1.0.0
  [1fa38f19] + Format v1.0.1
  [7693890a] + HTML_Entities v1.0.0
  [7d512f48] + InternedStrings v0.7.0
  [682c06a0] + JSON v0.21.0
  [9927f19a] + LaTeX_Entities v1.0.0
  [9c8b4983] + LightXML v0.8.1
  [5cb8414e] + ModuleInterfaceTools v1.0.1
  [b10b62ed] + MurmurHash3 v1.0.1
  [c9310f65] + PCRE2 v1.0.2
  [69de0a69] + Parsers v0.3.10
  [69e7dfc3] + StrAPI v1.0.0
  [e79e7a6a] + StrBase v1.0.0
  [42b7a45b] + StrEntities v1.0.0
  [b5087856] + StrFormat v1.0.0
  [68059f60] + StrLiterals v1.0.0
  [2267b70d] + StrRegex v1.0.2
  [9700d1a9] + StrTables v1.0.1
  [7bddbee9] + Strs v1.0.1
  [a8aa15d3] + Unicode_Entities v1.0.1
  [2a0f44e3] + Base64 
  [ade2ca70] + Dates 
  [8ba89e20] + Distributed 
  [b77e0a4c] + InteractiveUtils 
  [8f399da3] + Libdl 
  [56ddb016] + Logging 
  [d6f4376e] + Markdown 
  [a63ad114] + Mmap 
  [de0858da] + Printf 
  [9a3f8284] + Random 
  [ea8e919c] + SHA 
  [9e88b42a] + Serialization 
  [6462fe0b] + Sockets 
  [8dfed614] + Test 
  [4ec0a83e] + Unicode 
  Building LightXML ────────→ `~/.julia/packages/LightXML/W8FVT/deps/build.log`
  Building Unicode_Entities → `~/.julia/packages/Unicode_Entities/hULZw/deps/build.log`
  Building LaTeX_Entities ──→ `~/.julia/packages/LaTeX_Entities/MRzBD/deps/build.log`
  Building Emoji_Entities ──→ `~/.julia/packages/Emoji_Entities/MGJjG/deps/build.log`
  Building HTML_Entities ───→ `~/.julia/packages/HTML_Entities/g4t7p/deps/build.log`
  Building PCRE2 ───────────→ `~/.julia/packages/PCRE2/fIxtF/deps/build.log`
   Testing Strs
 Resolving package versions...
 Installed BenchmarkTools ─ v0.4.3
    Status `/tmp/jl_MZiB7T/Manifest.toml`
  [6e4b80f9] BenchmarkTools v0.4.3
  [b99e7846] BinaryProvider v0.5.8
  [cb9422de] CharSetEncodings v1.0.0
  [c13fa7b1] ChrBase v1.0.0
  [fd8f23de] Emoji_Entities v1.0.0
  [1fa38f19] Format v1.0.1
  [7693890a] HTML_Entities v1.0.0
  [7d512f48] InternedStrings v0.7.0
  [682c06a0] JSON v0.21.0
  [9927f19a] LaTeX_Entities v1.0.0
  [9c8b4983] LightXML v0.8.1
  [5cb8414e] ModuleInterfaceTools v1.0.1
  [b10b62ed] MurmurHash3 v1.0.1
  [c9310f65] PCRE2 v1.0.2
  [69de0a69] Parsers v0.3.10
  [69e7dfc3] StrAPI v1.0.0
  [e79e7a6a] StrBase v1.0.0
  [42b7a45b] StrEntities v1.0.0
  [b5087856] StrFormat v1.0.0
  [68059f60] StrLiterals v1.0.0
  [2267b70d] StrRegex v1.0.2
  [9700d1a9] StrTables v1.0.1
  [7bddbee9] Strs v1.0.1
  [a8aa15d3] Unicode_Entities v1.0.1
  [2a0f44e3] Base64  [`@stdlib/Base64`]
  [ade2ca70] Dates  [`@stdlib/Dates`]
  [8ba89e20] Distributed  [`@stdlib/Distributed`]
  [b77e0a4c] InteractiveUtils  [`@stdlib/InteractiveUtils`]
  [8f399da3] Libdl  [`@stdlib/Libdl`]
  [37e2e46d] LinearAlgebra  [`@stdlib/LinearAlgebra`]
  [56ddb016] Logging  [`@stdlib/Logging`]
  [d6f4376e] Markdown  [`@stdlib/Markdown`]
  [a63ad114] Mmap  [`@stdlib/Mmap`]
  [de0858da] Printf  [`@stdlib/Printf`]
  [3fa0cd96] REPL  [`@stdlib/REPL`]
  [9a3f8284] Random  [`@stdlib/Random`]
  [ea8e919c] SHA  [`@stdlib/SHA`]
  [9e88b42a] Serialization  [`@stdlib/Serialization`]
  [6462fe0b] Sockets  [`@stdlib/Sockets`]
  [2f01184e] SparseArrays  [`@stdlib/SparseArrays`]
  [10745b16] Statistics  [`@stdlib/Statistics`]
  [8dfed614] Test  [`@stdlib/Test`]
  [4ec0a83e] Unicode  [`@stdlib/Unicode`]
Saved to: /root/gutenberg/English.txt
Saved to: /root/gutenberg/English-1.txt
Saved to: /root/gutenberg/Hungarian.txt
Saved to: /root/gutenberg/Polish.txt
Saved to: /root/gutenberg/Japanese.txt
Saved to: /root/gutenberg/Chinese.txt
Saved to: /root/gutenberg/Telugu.txt
Saved to: /root/gutenberg/French.txt
Saved to: /root/gutenberg/Portuguese.txt
Saved to: /root/gutenberg/Spanish.txt
Saved to: /root/gutenberg/Swedish.txt
Saved to: /root/gutenberg/German.txt
 29.995970 seconds (2.19 M allocations: 113.680 MiB, 0.56% gc time)
Saved English.txt
Saved English-1.txt
Saved Hungarian.txt
Saved Polish.txt
Saved Japanese.txt
Saved Chinese.txt
Saved Telugu.txt
Saved French.txt
Saved Portuguese.txt
Saved Spanish.txt
Saved Swedish.txt
Saved German.txt
  0.136497 seconds (267.44 k allocations: 9.111 MiB)
Checking Chinese.txt:
UTF8Str
Test Summary:                          | Pass  Total
       Lines: length, text_width, hash |    3      3
Test Summary:                    | Pass  Total
       Lines: is_ascii, is_valid |    2      2
Test Summary:                               | Pass  Total
       Lines: lowercase, uppercase, reverse |    3      3
Test Summary:                                                                                                                      | Pass  Total
       Chars: is_(ascii|valid|control|lowercase|uppercase|letter|alphanumeric|space|printable|punctuation|graphic|digit|hex_digit) |   13     13
Test Summary:        | Pass  Total
   CodeUnits: UInt32 |    1      1
Test Summary:        | Pass  Total
       Lines: sizeof |    1      1
UTF16Str
Test Summary:                          | Pass  Total
       Lines: length, text_width, hash |    3      3
Test Summary:                    | Pass  Total
       Lines: is_ascii, is_valid |    2      2
Test Summary:                               | Pass  Total
       Lines: lowercase, uppercase, reverse |    3      3
Test Summary:                                                                                                                      | Pass  Total
       Chars: is_(ascii|valid|control|lowercase|uppercase|letter|alphanumeric|space|printable|punctuation|graphic|digit|hex_digit) |   13     13
UTF32Str
Test Summary:                          | Pass  Total
       Lines: length, text_width, hash |    3      3
Test Summary:                    | Pass  Total
       Lines: is_ascii, is_valid |    2      2
Test Summary:                               | Pass  Total
       Lines: lowercase, uppercase, reverse |    3      3
Test Summary:                                                                                                                      | Pass  Total
       Chars: is_(ascii|valid|control|lowercase|uppercase|letter|alphanumeric|space|printable|punctuation|graphic|digit|hex_digit) |   13     13
UniStr
Test Summary:                          | Pass  Total
       Lines: length, text_width, hash |    3      3
Test Summary:                    | Pass  Total
       Lines: is_ascii, is_valid |    2      2
Test Summary:                               | Pass  Total
       Lines: lowercase, uppercase, reverse |    3      3
Test Summary:                                                                                                                      | Pass  Total
       Chars: is_(ascii|valid|control|lowercase|uppercase|letter|alphanumeric|space|printable|punctuation|graphic|digit|hex_digit) |   13     13
UCS2Str
Test Summary:                          | Pass  Total
       Lines: length, text_width, hash |    3      3
Test Summary:                    | Pass  Total
       Lines: is_ascii, is_valid |    2      2
Test Summary:                               | Pass  Total
       Lines: lowercase, uppercase, reverse |    3      3
Test Summary:                                                                                                                      | Pass  Total
       Chars: is_(ascii|valid|control|lowercase|uppercase|letter|alphanumeric|space|printable|punctuation|graphic|digit|hex_digit) |   13     13
Checking English-1.txt:
UTF8Str
Test Summary:                          | Pass  Total
       Lines: length, text_width, hash |    3      3
Test Summary:                    | Pass  Total
       Lines: is_ascii, is_valid |    2      2
Test Summary:                               | Pass  Total
       Lines: lowercase, uppercase, reverse |    3      3
Test Summary:                                                                                                                      | Pass  Total
       Chars: is_(ascii|valid|control|lowercase|uppercase|letter|alphanumeric|space|printable|punctuation|graphic|digit|hex_digit) |   13     13
Test Summary:        | Pass  Total
   CodeUnits: UInt32 |    1      1
Test Summary:        | Pass  Total
       Lines: sizeof |    1      1
UTF16Str
Test Summary:                          | Pass  Total
       Lines: length, text_width, hash |    3      3
Test Summary:                    | Pass  Total
       Lines: is_ascii, is_valid |    2      2
Test Summary:                               | Pass  Total
       Lines: lowercase, uppercase, reverse |    3      3
Test Summary:                                                                                                                      | Pass  Total
       Chars: is_(ascii|valid|control|lowercase|uppercase|letter|alphanumeric|space|printable|punctuation|graphic|digit|hex_digit) |   13     13
UTF32Str
Test Summary:                          | Pass  Total
       Lines: length, text_width, hash |    3      3
Test Summary:                    | Pass  Total
       Lines: is_ascii, is_valid |    2      2
Test Summary:                               | Pass  Total
       Lines: lowercase, uppercase, reverse |    3      3
Test Summary:                                                                                                                      | Pass  Total
       Chars: is_(ascii|valid|control|lowercase|uppercase|letter|alphanumeric|space|printable|punctuation|graphic|digit|hex_digit) |   13     13
UniStr
Test Summary:                          | Pass  Total
       Lines: length, text_width, hash |    3      3
Test Summary:                    | Pass  Total
       Lines: is_ascii, is_valid |    2      2
Test Summary:                               | Pass  Total
       Lines: lowercase, uppercase, reverse |    3      3
Test Summary:                                                                                                                      | Pass  Total
       Chars: is_(ascii|valid|control|lowercase|uppercase|letter|alphanumeric|space|printable|punctuation|graphic|digit|hex_digit) |   13     13
UCS2Str
Test Summary:                          | Pass  Total
       Lines: length, text_width, hash |    3      3
Test Summary:                    | Pass  Total
       Lines: is_ascii, is_valid |    2      2
Test Summary:                               | Pass  Total
       Lines: lowercase, uppercase, reverse |    3      3
Test Summary:                                                                                                                      | Pass  Total
       Chars: is_(ascii|valid|control|lowercase|uppercase|letter|alphanumeric|space|printable|punctuation|graphic|digit|hex_digit) |   13     13
Checking English.txt:
UTF8Str
Test Summary:                          | Pass  Total
       Lines: length, text_width, hash |    3      3
Test Summary:                    | Pass  Total
       Lines: is_ascii, is_valid |    2      2
Test Summary:                               | Pass  Total
       Lines: lowercase, uppercase, reverse |    3      3
Test Summary:                                                                                                                      | Pass  Total
       Chars: is_(ascii|valid|control|lowercase|uppercase|letter|alphanumeric|space|printable|punctuation|graphic|digit|hex_digit) |   13     13
Test Summary:        | Pass  Total
   CodeUnits: UInt32 |    1      1
Test Summary:        | Pass  Total
       Lines: sizeof |    1      1
UTF16Str
Test Summary:                          | Pass  Total
       Lines: length, text_width, hash |    3      3
Test Summary:                    | Pass  Total
       Lines: is_ascii, is_valid |    2      2
Test Summary:                               | Pass  Total
       Lines: lowercase, uppercase, reverse |    3      3
Test Summary:                                                                                                                      | Pass  Total
       Chars: is_(ascii|valid|control|lowercase|uppercase|letter|alphanumeric|space|printable|punctuation|graphic|digit|hex_digit) |   13     13
UTF32Str
Test Summary:                          | Pass  Total
       Lines: length, text_width, hash |    3      3
Test Summary:                    | Pass  Total
       Lines: is_ascii, is_valid |    2      2
Test Summary:                               | Pass  Total
       Lines: lowercase, uppercase, reverse |    3      3
Test Summary:                                                                                                                      | Pass  Total
       Chars: is_(ascii|valid|control|lowercase|uppercase|letter|alphanumeric|space|printable|punctuation|graphic|digit|hex_digit) |   13     13
UniStr
Test Summary:                          | Pass  Total
       Lines: length, text_width, hash |    3      3
Test Summary:                    | Pass  Total
       Lines: is_ascii, is_valid |    2      2
Test Summary:                               | Pass  Total
       Lines: lowercase, uppercase, reverse |    3      3
Test Summary:                                                                                                                      | Pass  Total
       Chars: is_(ascii|valid|control|lowercase|uppercase|letter|alphanumeric|space|printable|punctuation|graphic|digit|hex_digit) |   13     13
UCS2Str
Test Summary:                          | Pass  Total
       Lines: length, text_width, hash |    3      3
Test Summary:                    | Pass  Total
       Lines: is_ascii, is_valid |    2      2
Test Summary:                               | Pass  Total
       Lines: lowercase, uppercase, reverse |    3      3
Test Summary:                                                                                                                      | Pass  Total
       Chars: is_(ascii|valid|control|lowercase|uppercase|letter|alphanumeric|space|printable|punctuation|graphic|digit|hex_digit) |   13     13
Checking French.txt:
UTF8Str
Test Summary:                          | Pass  Total
       Lines: length, text_width, hash |    3      3
Test Summary:                    | Pass  Total
       Lines: is_ascii, is_valid |    2      2
Test Summary:                               | Pass  Total
       Lines: lowercase, uppercase, reverse |    3      3
Test Summary:                                                                                                                      | Pass  Total
       Chars: is_(ascii|valid|control|lowercase|uppercase|letter|alphanumeric|space|printable|punctuation|graphic|digit|hex_digit) |   13     13
Test Summary:        | Pass  Total
   CodeUnits: UInt32 |    1      1
Test Summary:        | Pass  Total
       Lines: sizeof |    1      1
UTF16Str
Test Summary:                          | Pass  Total
       Lines: length, text_width, hash |    3      3
Test Summary:                    | Pass  Total
       Lines: is_ascii, is_valid |    2      2
Test Summary:                               | Pass  Total
       Lines: lowercase, uppercase, reverse |    3      3
Test Summary:                                                                                                                      | Pass  Total
       Chars: is_(ascii|valid|control|lowercase|uppercase|letter|alphanumeric|space|printable|punctuation|graphic|digit|hex_digit) |   13     13
UTF32Str
Test Summary:                          | Pass  Total
       Lines: length, text_width, hash |    3      3
Test Summary:                    | Pass  Total
       Lines: is_ascii, is_valid |    2      2
Test Summary:                               | Pass  Total
       Lines: lowercase, uppercase, reverse |    3      3
Test Summary:                                                                                                                      | Pass  Total
       Chars: is_(ascii|valid|control|lowercase|uppercase|letter|alphanumeric|space|printable|punctuation|graphic|digit|hex_digit) |   13     13
UniStr
Test Summary:                          | Pass  Total
       Lines: length, text_width, hash |    3      3
Test Summary:                    | Pass  Total
       Lines: is_ascii, is_valid |    2      2
Test Summary:                               | Pass  Total
       Lines: lowercase, uppercase, reverse |    3      3
Test Summary:                                                                                                                      | Pass  Total
       Chars: is_(ascii|valid|control|lowercase|uppercase|letter|alphanumeric|space|printable|punctuation|graphic|digit|hex_digit) |   13     13
UCS2Str
Test Summary:                          | Pass  Total
       Lines: length, text_width, hash |    3      3
Test Summary:                    | Pass  Total
       Lines: is_ascii, is_valid |    2      2
Test Summary:                               | Pass  Total
       Lines: lowercase, uppercase, reverse |    3      3
Test Summary:                                                                                                                      | Pass  Total
       Chars: is_(ascii|valid|control|lowercase|uppercase|letter|alphanumeric|space|printable|punctuation|graphic|digit|hex_digit) |   13     13
Checking German.txt:
UTF8Str
Test Summary:                          | Pass  Total
       Lines: length, text_width, hash |    3      3
Test Summary:                    | Pass  Total
       Lines: is_ascii, is_valid |    2      2
Test Summary:                               | Pass  Total
       Lines: lowercase, uppercase, reverse |    3      3
Test Summary:                                                                                                                      | Pass  Total
       Chars: is_(ascii|valid|control|lowercase|uppercase|letter|alphanumeric|space|printable|punctuation|graphic|digit|hex_digit) |   13     13
Test Summary:        | Pass  Total
   CodeUnits: UInt32 |    1      1
Test Summary:        | Pass  Total
       Lines: sizeof |    1      1
UTF16Str
Test Summary:                          | Pass  Total
       Lines: length, text_width, hash |    3      3
Test Summary:                    | Pass  Total
       Lines: is_ascii, is_valid |    2      2
Test Summary:                               | Pass  Total
       Lines: lowercase, uppercase, reverse |    3      3
Test Summary:                                                                                                                      | Pass  Total
       Chars: is_(ascii|valid|control|lowercase|uppercase|letter|alphanumeric|space|printable|punctuation|graphic|digit|hex_digit) |   13     13
UTF32Str
Test Summary:                          | Pass  Total
       Lines: length, text_width, hash |    3      3
Test Summary:                    | Pass  Total
       Lines: is_ascii, is_valid |    2      2
Test Summary:                               | Pass  Total
       Lines: lowercase, uppercase, reverse |    3      3
Test Summary:                                                                                                                      | Pass  Total
       Chars: is_(ascii|valid|control|lowercase|uppercase|letter|alphanumeric|space|printable|punctuation|graphic|digit|hex_digit) |   13     13
UniStr
Test Summary:                          | Pass  Total
       Lines: length, text_width, hash |    3      3
Test Summary:                    | Pass  Total
       Lines: is_ascii, is_valid |    2      2
Test Summary:                               | Pass  Total
       Lines: lowercase, uppercase, reverse |    3      3
Test Summary:                                                                                                                      | Pass  Total
       Chars: is_(ascii|valid|control|lowercase|uppercase|letter|alphanumeric|space|printable|punctuation|graphic|digit|hex_digit) |   13     13
UCS2Str
Test Summary:                          | Pass  Total
       Lines: length, text_width, hash |    3      3
Test Summary:                    | Pass  Total
       Lines: is_ascii, is_valid |    2      2
Test Summary:                               | Pass  Total
       Lines: lowercase, uppercase, reverse |    3      3
Test Summary:                                                                                                                      | Pass  Total
       Chars: is_(ascii|valid|control|lowercase|uppercase|letter|alphanumeric|space|printable|punctuation|graphic|digit|hex_digit) |   13     13
Checking Hungarian.txt:
UTF8Str
Test Summary:                          | Pass  Total
       Lines: length, text_width, hash |    3      3
Test Summary:                    | Pass  Total
       Lines: is_ascii, is_valid |    2      2
Test Summary:                               | Pass  Total
       Lines: lowercase, uppercase, reverse |    3      3
Test Summary:                                                                                                                      | Pass  Total
       Chars: is_(ascii|valid|control|lowercase|uppercase|letter|alphanumeric|space|printable|punctuation|graphic|digit|hex_digit) |   13     13
Test Summary:        | Pass  Total
   CodeUnits: UInt32 |    1      1
Test Summary:        | Pass  Total
       Lines: sizeof |    1      1
UTF16Str
Test Summary:                          | Pass  Total
       Lines: length, text_width, hash |    3      3
Test Summary:                    | Pass  Total
       Lines: is_ascii, is_valid |    2      2
Test Summary:                               | Pass  Total
       Lines: lowercase, uppercase, reverse |    3      3
Test Summary:                                                                                                                      | Pass  Total
       Chars: is_(ascii|valid|control|lowercase|uppercase|letter|alphanumeric|space|printable|punctuation|graphic|digit|hex_digit) |   13     13
UTF32Str
Test Summary:                          | Pass  Total
       Lines: length, text_width, hash |    3      3
Test Summary:                    | Pass  Total
       Lines: is_ascii, is_valid |    2      2
Test Summary:                               | Pass  Total
       Lines: lowercase, uppercase, reverse |    3      3
Test Summary:                                                                                                                      | Pass  Total
       Chars: is_(ascii|valid|control|lowercase|uppercase|letter|alphanumeric|space|printable|punctuation|graphic|digit|hex_digit) |   13     13
UniStr
Test Summary:                          | Pass  Total
       Lines: length, text_width, hash |    3      3
Test Summary:                    | Pass  Total
       Lines: is_ascii, is_valid |    2      2
Test Summary:                               | Pass  Total
       Lines: lowercase, uppercase, reverse |    3      3
Test Summary:                                                                                                                      | Pass  Total
       Chars: is_(ascii|valid|control|lowercase|uppercase|letter|alphanumeric|space|printable|punctuation|graphic|digit|hex_digit) |   13     13
UCS2Str
Test Summary:                          | Pass  Total
       Lines: length, text_width, hash |    3      3
Test Summary:                    | Pass  Total
       Lines: is_ascii, is_valid |    2      2
Test Summary:                               | Pass  Total
       Lines: lowercase, uppercase, reverse |    3      3
Test Summary:                                                                                                                      | Pass  Total
       Chars: is_(ascii|valid|control|lowercase|uppercase|letter|alphanumeric|space|printable|punctuation|graphic|digit|hex_digit) |   13     13
Checking Japanese.txt:
UTF8Str
Test Summary:                          | Pass  Total
       Lines: length, text_width, hash |    3      3
Test Summary:                    | Pass  Total
       Lines: is_ascii, is_valid |    2      2
Test Summary:                               | Pass  Total
       Lines: lowercase, uppercase, reverse |    3      3
Test Summary:                                                                                                                      | Pass  Total
       Chars: is_(ascii|valid|control|lowercase|uppercase|letter|alphanumeric|space|printable|punctuation|graphic|digit|hex_digit) |   13     13
Test Summary:        | Pass  Total
   CodeUnits: UInt32 |    1      1
Test Summary:        | Pass  Total
       Lines: sizeof |    1      1
UTF16Str
Test Summary:                          | Pass  Total
       Lines: length, text_width, hash |    3      3
Test Summary:                    | Pass  Total
       Lines: is_ascii, is_valid |    2      2
Test Summary:                               | Pass  Total
       Lines: lowercase, uppercase, reverse |    3      3
Test Summary:                                                                                                                      | Pass  Total
       Chars: is_(ascii|valid|control|lowercase|uppercase|letter|alphanumeric|space|printable|punctuation|graphic|digit|hex_digit) |   13     13
UTF32Str
Test Summary:                          | Pass  Total
       Lines: length, text_width, hash |    3      3
Test Summary:                    | Pass  Total
       Lines: is_ascii, is_valid |    2      2
Test Summary:                               | Pass  Total
       Lines: lowercase, uppercase, reverse |    3      3
Test Summary:                                                                                                                      | Pass  Total
       Chars: is_(ascii|valid|control|lowercase|uppercase|letter|alphanumeric|space|printable|punctuation|graphic|digit|hex_digit) |   13     13
UniStr
Test Summary:                          | Pass  Total
       Lines: length, text_width, hash |    3      3
Test Summary:                    | Pass  Total
       Lines: is_ascii, is_valid |    2      2
Test Summary:                               | Pass  Total
       Lines: lowercase, uppercase, reverse |    3      3
Test Summary:                                                                                                                      | Pass  Total
       Chars: is_(ascii|valid|control|lowercase|uppercase|letter|alphanumeric|space|printable|punctuation|graphic|digit|hex_digit) |   13     13
UCS2Str
Test Summary:                          | Pass  Total
       Lines: length, text_width, hash |    3      3
Test Summary:                    | Pass  Total
       Lines: is_ascii, is_valid |    2      2
Test Summary:                               | Pass  Total
       Lines: lowercase, uppercase, reverse |    3      3
Test Summary:                                                                                                                      | Pass  Total
       Chars: is_(ascii|valid|control|lowercase|uppercase|letter|alphanumeric|space|printable|punctuation|graphic|digit|hex_digit) |   13     13
Checking Polish.txt:
UTF8Str
Test Summary:                          | Pass  Total
       Lines: length, text_width, hash |    3      3
Test Summary:                    | Pass  Total
       Lines: is_ascii, is_valid |    2      2
Test Summary:                               | Pass  Total
       Lines: lowercase, uppercase, reverse |    3      3
Test Summary:                                                                                                                      | Pass  Total
       Chars: is_(ascii|valid|control|lowercase|uppercase|letter|alphanumeric|space|printable|punctuation|graphic|digit|hex_digit) |   13     13
Test Summary:        | Pass  Total
   CodeUnits: UInt32 |    1      1
Test Summary:        | Pass  Total
       Lines: sizeof |    1      1
UTF16Str
Test Summary:                          | Pass  Total
       Lines: length, text_width, hash |    3      3
Test Summary:                    | Pass  Total
       Lines: is_ascii, is_valid |    2      2
Test Summary:                               | Pass  Total
       Lines: lowercase, uppercase, reverse |    3      3
Test Summary:                                                                                                                      | Pass  Total
       Chars: is_(ascii|valid|control|lowercase|uppercase|letter|alphanumeric|space|printable|punctuation|graphic|digit|hex_digit) |   13     13
UTF32Str
Test Summary:                          | Pass  Total
       Lines: length, text_width, hash |    3      3
Test Summary:                    | Pass  Total
       Lines: is_ascii, is_valid |    2      2
Test Summary:                               | Pass  Total
       Lines: lowercase, uppercase, reverse |    3      3
Test Summary:                                                                                                                      | Pass  Total
       Chars: is_(ascii|valid|control|lowercase|uppercase|letter|alphanumeric|space|printable|punctuation|graphic|digit|hex_digit) |   13     13
UniStr
Test Summary:                          | Pass  Total
       Lines: length, text_width, hash |    3      3
Test Summary:                    | Pass  Total
       Lines: is_ascii, is_valid |    2      2
Test Summary:                               | Pass  Total
       Lines: lowercase, uppercase, reverse |    3      3
Test Summary:                                                                                                                      | Pass  Total
       Chars: is_(ascii|valid|control|lowercase|uppercase|letter|alphanumeric|space|printable|punctuation|graphic|digit|hex_digit) |   13     13
UCS2Str
Test Summary:                          | Pass  Total
       Lines: length, text_width, hash |    3      3
Test Summary:                    | Pass  Total
       Lines: is_ascii, is_valid |    2      2
Test Summary:                               | Pass  Total
       Lines: lowercase, uppercase, reverse |    3      3
Test Summary:                                                                                                                      | Pass  Total
       Chars: is_(ascii|valid|control|lowercase|uppercase|letter|alphanumeric|space|printable|punctuation|graphic|digit|hex_digit) |   13     13
Checking Portuguese.txt:
UTF8Str
Test Summary:                          | Pass  Total
       Lines: length, text_width, hash |    3      3
Test Summary:                    | Pass  Total
       Lines: is_ascii, is_valid |    2      2
Test Summary:                               | Pass  Total
       Lines: lowercase, uppercase, reverse |    3      3
Test Summary:                                                                                                                      | Pass  Total
       Chars: is_(ascii|valid|control|lowercase|uppercase|letter|alphanumeric|space|printable|punctuation|graphic|digit|hex_digit) |   13     13
Test Summary:        | Pass  Total
   CodeUnits: UInt32 |    1      1
Test Summary:        | Pass  Total
       Lines: sizeof |    1      1
UTF16Str
Test Summary:                          | Pass  Total
       Lines: length, text_width, hash |    3      3
Test Summary:                    | Pass  Total
       Lines: is_ascii, is_valid |    2      2
Test Summary:                               | Pass  Total
       Lines: lowercase, uppercase, reverse |    3      3
Test Summary:                                                                                                                      | Pass  Total
       Chars: is_(ascii|valid|control|lowercase|uppercase|letter|alphanumeric|space|printable|punctuation|graphic|digit|hex_digit) |   13     13
UTF32Str
Test Summary:                          | Pass  Total
       Lines: length, text_width, hash |    3      3
Test Summary:                    | Pass  Total
       Lines: is_ascii, is_valid |    2      2
Test Summary:                               | Pass  Total
       Lines: lowercase, uppercase, reverse |    3      3
Test Summary:                                                                                                                      | Pass  Total
       Chars: is_(ascii|valid|control|lowercase|uppercase|letter|alphanumeric|space|printable|punctuation|graphic|digit|hex_digit) |   13     13
UniStr
Test Summary:                          | Pass  Total
       Lines: length, text_width, hash |    3      3
Test Summary:                    | Pass  Total
       Lines: is_ascii, is_valid |    2      2
Test Summary:                               | Pass  Total
       Lines: lowercase, uppercase, reverse |    3      3
Test Summary:                                                                                                                      | Pass  Total
       Chars: is_(ascii|valid|control|lowercase|uppercase|letter|alphanumeric|space|printable|punctuation|graphic|digit|hex_digit) |   13     13
UCS2Str
Test Summary:                          | Pass  Total
       Lines: length, text_width, hash |    3      3
Test Summary:                    | Pass  Total
       Lines: is_ascii, is_valid |    2      2
Test Summary:                               | Pass  Total
       Lines: lowercase, uppercase, reverse |    3      3
Test Summary:                                                                                                                      | Pass  Total
       Chars: is_(ascii|valid|control|lowercase|uppercase|letter|alphanumeric|space|printable|punctuation|graphic|digit|hex_digit) |   13     13
Checking Spanish.txt:
UTF8Str
Test Summary:                          | Pass  Total
       Lines: length, text_width, hash |    3      3
Test Summary:                    | Pass  Total
       Lines: is_ascii, is_valid |    2      2
Test Summary:                               | Pass  Total
       Lines: lowercase, uppercase, reverse |    3      3
Test Summary:                                                                                                                      | Pass  Total
       Chars: is_(ascii|valid|control|lowercase|uppercase|letter|alphanumeric|space|printable|punctuation|graphic|digit|hex_digit) |   13     13
Test Summary:        | Pass  Total
   CodeUnits: UInt32 |    1      1
Test Summary:        | Pass  Total
       Lines: sizeof |    1      1
UTF16Str
Test Summary:                          | Pass  Total
       Lines: length, text_width, hash |    3      3
Test Summary:                    | Pass  Total
       Lines: is_ascii, is_valid |    2      2
Test Summary:                               | Pass  Total
       Lines: lowercase, uppercase, reverse |    3      3
Test Summary:                                                                                                                      | Pass  Total
       Chars: is_(ascii|valid|control|lowercase|uppercase|letter|alphanumeric|space|printable|punctuation|graphic|digit|hex_digit) |   13     13
UTF32Str
Test Summary:                          | Pass  Total
       Lines: length, text_width, hash |    3      3
Test Summary:                    | Pass  Total
       Lines: is_ascii, is_valid |    2      2
Test Summary:                               | Pass  Total
       Lines: lowercase, uppercase, reverse |    3      3
Test Summary:                                                                                                                      | Pass  Total
       Chars: is_(ascii|valid|control|lowercase|uppercase|letter|alphanumeric|space|printable|punctuation|graphic|digit|hex_digit) |   13     13
UniStr
Test Summary:                          | Pass  Total
       Lines: length, text_width, hash |    3      3
Test Summary:                    | Pass  Total
       Lines: is_ascii, is_valid |    2      2
Test Summary:                               | Pass  Total
       Lines: lowercase, uppercase, reverse |    3      3
Test Summary:                                                                                                                      | Pass  Total
       Chars: is_(ascii|valid|control|lowercase|uppercase|letter|alphanumeric|space|printable|punctuation|graphic|digit|hex_digit) |   13     13
UCS2Str
Test Summary:                          | Pass  Total
       Lines: length, text_width, hash |    3      3
Test Summary:                    | Pass  Total
       Lines: is_ascii, is_valid |    2      2
Test Summary:                               | Pass  Total
       Lines: lowercase, uppercase, reverse |    3      3
Test Summary:                                                                                                                      | Pass  Total
       Chars: is_(ascii|valid|control|lowercase|uppercase|letter|alphanumeric|space|printable|punctuation|graphic|digit|hex_digit) |   13     13
Checking Swedish.txt:
UTF8Str
Test Summary:                          | Pass  Total
       Lines: length, text_width, hash |    3      3
Test Summary:                    | Pass  Total
       Lines: is_ascii, is_valid |    2      2
Test Summary:                               | Pass  Total
       Lines: lowercase, uppercase, reverse |    3      3
Test Summary:                                                                                                                      | Pass  Total
       Chars: is_(ascii|valid|control|lowercase|uppercase|letter|alphanumeric|space|printable|punctuation|graphic|digit|hex_digit) |   13     13
Test Summary:        | Pass  Total
   CodeUnits: UInt32 |    1      1
Test Summary:        | Pass  Total
       Lines: sizeof |    1      1
UTF16Str
Test Summary:                          | Pass  Total
       Lines: length, text_width, hash |    3      3
Test Summary:                    | Pass  Total
       Lines: is_ascii, is_valid |    2      2
Test Summary:                               | Pass  Total
       Lines: lowercase, uppercase, reverse |    3      3
Test Summary:                                                                                                                      | Pass  Total
       Chars: is_(ascii|valid|control|lowercase|uppercase|letter|alphanumeric|space|printable|punctuation|graphic|digit|hex_digit) |   13     13
UTF32Str
Test Summary:                          | Pass  Total
       Lines: length, text_width, hash |    3      3
Test Summary:                    | Pass  Total
       Lines: is_ascii, is_valid |    2      2
Test Summary:                               | Pass  Total
       Lines: lowercase, uppercase, reverse |    3      3
Test Summary:                                                                                                                      | Pass  Total
       Chars: is_(ascii|valid|control|lowercase|uppercase|letter|alphanumeric|space|printable|punctuation|graphic|digit|hex_digit) |   13     13
UniStr
Test Summary:                          | Pass  Total
       Lines: length, text_width, hash |    3      3
Test Summary:                    | Pass  Total
       Lines: is_ascii, is_valid |    2      2
Test Summary:                               | Pass  Total
       Lines: lowercase, uppercase, reverse |    3      3
Test Summary:                                                                                                                      | Pass  Total
       Chars: is_(ascii|valid|control|lowercase|uppercase|letter|alphanumeric|space|printable|punctuation|graphic|digit|hex_digit) |   13     13
UCS2Str
Test Summary:                          | Pass  Total
       Lines: length, text_width, hash |    3      3
Test Summary:                    | Pass  Total
       Lines: is_ascii, is_valid |    2      2
Test Summary:                               | Pass  Total
       Lines: lowercase, uppercase, reverse |    3      3
Test Summary:                                                                                                                      | Pass  Total
       Chars: is_(ascii|valid|control|lowercase|uppercase|letter|alphanumeric|space|printable|punctuation|graphic|digit|hex_digit) |   13     13
Checking Telugu.txt:
UTF8Str
Test Summary:                          | Pass  Total
       Lines: length, text_width, hash |    3      3
Test Summary:                    | Pass  Total
       Lines: is_ascii, is_valid |    2      2
Test Summary:                               | Pass  Total
       Lines: lowercase, uppercase, reverse |    3      3
Test Summary:                                                                                                                      | Pass  Total
       Chars: is_(ascii|valid|control|lowercase|uppercase|letter|alphanumeric|space|printable|punctuation|graphic|digit|hex_digit) |   13     13
Test Summary:        | Pass  Total
   CodeUnits: UInt32 |    1      1
Test Summary:        | Pass  Total
       Lines: sizeof |    1      1
UTF16Str
Test Summary:                          | Pass  Total
       Lines: length, text_width, hash |    3      3
Test Summary:                    | Pass  Total
       Lines: is_ascii, is_valid |    2      2
Test Summary:                               | Pass  Total
       Lines: lowercase, uppercase, reverse |    3      3
Test Summary:                                                                                                                      | Pass  Total
       Chars: is_(ascii|valid|control|lowercase|uppercase|letter|alphanumeric|space|printable|punctuation|graphic|digit|hex_digit) |   13     13
UTF32Str
Test Summary:                          | Pass  Total
       Lines: length, text_width, hash |    3      3
Test Summary:                    | Pass  Total
       Lines: is_ascii, is_valid |    2      2
Test Summary:                               | Pass  Total
       Lines: lowercase, uppercase, reverse |    3      3
Test Summary:                                                                                                                      | Pass  Total
       Chars: is_(ascii|valid|control|lowercase|uppercase|letter|alphanumeric|space|printable|punctuation|graphic|digit|hex_digit) |   13     13
UniStr
Test Summary:                          | Pass  Total
       Lines: length, text_width, hash |    3      3
Test Summary:                    | Pass  Total
       Lines: is_ascii, is_valid |    2      2
Test Summary:                               | Pass  Total
       Lines: lowercase, uppercase, reverse |    3      3
Test Summary:                                                                                                                      | Pass  Total
       Chars: is_(ascii|valid|control|lowercase|uppercase|letter|alphanumeric|space|printable|punctuation|graphic|digit|hex_digit) |   13     13
UCS2Str
Test Summary:                          | Pass  Total
       Lines: length, text_width, hash |    3      3
Test Summary:                    | Pass  Total
       Lines: is_ascii, is_valid |    2      2
Test Summary:                               | Pass  Total
       Lines: lowercase, uppercase, reverse |    3      3
Test Summary:                                                                                                                      | Pass  Total
       Chars: is_(ascii|valid|control|lowercase|uppercase|letter|alphanumeric|space|printable|punctuation|graphic|digit|hex_digit) |   13     13
208.964849 seconds (1.33 G allocations: 31.049 GiB, 7.41% gc time)
   Testing Strs tests passed 
