 Resolving package versions...
 Installed Mongoc ───────── v0.4.0
 Installed BinaryProvider ─ v0.5.8
  Updating `~/.julia/environments/v1.2/Project.toml`
  [4fe8b98c] + Mongoc v0.4.0
  Updating `~/.julia/environments/v1.2/Manifest.toml`
  [b99e7846] + BinaryProvider v0.5.8
  [4fe8b98c] + Mongoc v0.4.0
  [ade2ca70] + Dates 
  [8f399da3] + Libdl 
  [de0858da] + Printf 
  [ea8e919c] + SHA 
  [9e88b42a] + Serialization 
  [4ec0a83e] + Unicode 
  Building Mongoc → `~/.julia/packages/Mongoc/DdY9i/deps/build.log`
   Testing Mongoc
 Resolving package versions...
    Status `/tmp/jl_vPaInQ/Manifest.toml`
  [b99e7846] BinaryProvider v0.5.8
  [4fe8b98c] Mongoc v0.4.0
  [2a0f44e3] Base64  [`@stdlib/Base64`]
  [ade2ca70] Dates  [`@stdlib/Dates`]
  [8ba89e20] Distributed  [`@stdlib/Distributed`]
  [b77e0a4c] InteractiveUtils  [`@stdlib/InteractiveUtils`]
  [8f399da3] Libdl  [`@stdlib/Libdl`]
  [56ddb016] Logging  [`@stdlib/Logging`]
  [d6f4376e] Markdown  [`@stdlib/Markdown`]
  [de0858da] Printf  [`@stdlib/Printf`]
  [9a3f8284] Random  [`@stdlib/Random`]
  [ea8e919c] SHA  [`@stdlib/SHA`]
  [9e88b42a] Serialization  [`@stdlib/Serialization`]
  [6462fe0b] Sockets  [`@stdlib/Sockets`]
  [8dfed614] Test  [`@stdlib/Test`]
  [4ec0a83e] Unicode  [`@stdlib/Unicode`]
Test Summary: |  Pass  Total
BSON          | 10103  10103
ping: Error During Test at /root/.julia/packages/Mongoc/DdY9i/test/mongodb_tests.jl:63
  Got exception outside of a @test
  BSONError: domain=15, code=13053, message=No suitable servers found (`serverSelectionTryOnce` set): [connection refused calling ismaster on 'localhost:27017']
  Stacktrace:
   [1] command_simple(::Mongoc.Database, ::Mongoc.BSON) at /root/.julia/packages/Mongoc/DdY9i/src/database.jl:33
   [2] ping(::Mongoc.Client{Nothing}) at /root/.julia/packages/Mongoc/DdY9i/src/client.jl:70
   [3] top-level scope at /root/.julia/packages/Mongoc/DdY9i/test/mongodb_tests.jl:64
   [4] top-level scope at /buildworker/worker/package_linux64/build/usr/share/julia/stdlib/v1.2/Test/src/Test.jl:1113
   [5] top-level scope at /root/.julia/packages/Mongoc/DdY9i/test/mongodb_tests.jl:64
   [6] top-level scope at /buildworker/worker/package_linux64/build/usr/share/julia/stdlib/v1.2/Test/src/Test.jl:1113
   [7] top-level scope at /root/.julia/packages/Mongoc/DdY9i/test/mongodb_tests.jl:63
   [8] top-level scope at /buildworker/worker/package_linux64/build/usr/share/julia/stdlib/v1.2/Test/src/Test.jl:1113
   [9] top-level scope at /root/.julia/packages/Mongoc/DdY9i/test/mongodb_tests.jl:23
   [10] include at ./boot.jl:328 [inlined]
   [11] include_relative(::Module, ::String) at ./loading.jl:1094
   [12] include(::Module, ::String) at ./Base.jl:31
   [13] include(::String) at ./client.jl:431
   [14] top-level scope at /root/.julia/packages/Mongoc/DdY9i/test/runtests.jl:3
   [15] include at ./boot.jl:328 [inlined]
   [16] include_relative(::Module, ::String) at ./loading.jl:1094
   [17] include(::Module, ::String) at ./Base.jl:31
   [18] include(::String) at ./client.jl:431
   [19] top-level scope at none:5
   [20] eval(::Module, ::Any) at ./boot.jl:330
   [21] exec_options(::Base.JLOptions) at ./client.jl:271
   [22] _start() at ./client.jl:464
  
Server Status: Error During Test at /root/.julia/packages/Mongoc/DdY9i/test/mongodb_tests.jl:69
  Got exception outside of a @test
  BSONError: domain=15, code=13053, message=No suitable servers found (`serverSelectionTryOnce` set): [connection refused calling ismaster on 'localhost:27017']
  Stacktrace:
   [1] command_simple(::Mongoc.Database, ::Mongoc.BSON) at /root/.julia/packages/Mongoc/DdY9i/src/database.jl:33
   [2] top-level scope at /root/.julia/packages/Mongoc/DdY9i/test/mongodb_tests.jl:70
   [3] top-level scope at /buildworker/worker/package_linux64/build/usr/share/julia/stdlib/v1.2/Test/src/Test.jl:1113
   [4] top-level scope at /root/.julia/packages/Mongoc/DdY9i/test/mongodb_tests.jl:70
   [5] top-level scope at /buildworker/worker/package_linux64/build/usr/share/julia/stdlib/v1.2/Test/src/Test.jl:1113
   [6] top-level scope at /root/.julia/packages/Mongoc/DdY9i/test/mongodb_tests.jl:63
   [7] top-level scope at /buildworker/worker/package_linux64/build/usr/share/julia/stdlib/v1.2/Test/src/Test.jl:1113
   [8] top-level scope at /root/.julia/packages/Mongoc/DdY9i/test/mongodb_tests.jl:23
   [9] include at ./boot.jl:328 [inlined]
   [10] include_relative(::Module, ::String) at ./loading.jl:1094
   [11] include(::Module, ::String) at ./Base.jl:31
   [12] include(::String) at ./client.jl:431
   [13] top-level scope at /root/.julia/packages/Mongoc/DdY9i/test/runtests.jl:3
   [14] include at ./boot.jl:328 [inlined]
   [15] include_relative(::Module, ::String) at ./loading.jl:1094
   [16] include(::Module, ::String) at ./Base.jl:31
   [17] include(::String) at ./client.jl:431
   [18] top-level scope at none:5
   [19] eval(::Module, ::Any) at ./boot.jl:330
   [20] exec_options(::Base.JLOptions) at ./client.jl:271
   [21] _start() at ./client.jl:464
  
Insert One with generated OID: Error During Test at /root/.julia/packages/Mongoc/DdY9i/test/mongodb_tests.jl:89
  Got exception outside of a @test
  BSONError: domain=15, code=13053, message=No suitable servers found (`serverSelectionTryOnce` set): [connection refused calling ismaster on 'localhost:27017']
  Stacktrace:
   [1] #insert_one#46(::Nothing, ::typeof(Mongoc.insert_one), ::Mongoc.Collection, ::Mongoc.BSON) at /root/.julia/packages/Mongoc/DdY9i/src/collection.jl:59
   [2] #insert_one at ./none:0 [inlined]
   [3] #push!#58 at /root/.julia/packages/Mongoc/DdY9i/src/collection.jl:508 [inlined]
   [4] push!(::Mongoc.Collection, ::Mongoc.BSON) at /root/.julia/packages/Mongoc/DdY9i/src/collection.jl:508
   [5] top-level scope at /root/.julia/packages/Mongoc/DdY9i/test/mongodb_tests.jl:91
   [6] top-level scope at /buildworker/worker/package_linux64/build/usr/share/julia/stdlib/v1.2/Test/src/Test.jl:1113
   [7] top-level scope at /root/.julia/packages/Mongoc/DdY9i/test/mongodb_tests.jl:90
   [8] top-level scope at /buildworker/worker/package_linux64/build/usr/share/julia/stdlib/v1.2/Test/src/Test.jl:1113
   [9] top-level scope at /root/.julia/packages/Mongoc/DdY9i/test/mongodb_tests.jl:87
   [10] top-level scope at /buildworker/worker/package_linux64/build/usr/share/julia/stdlib/v1.2/Test/src/Test.jl:1113
   [11] top-level scope at /root/.julia/packages/Mongoc/DdY9i/test/mongodb_tests.jl:63
   [12] top-level scope at /buildworker/worker/package_linux64/build/usr/share/julia/stdlib/v1.2/Test/src/Test.jl:1113
   [13] top-level scope at /root/.julia/packages/Mongoc/DdY9i/test/mongodb_tests.jl:23
   [14] include at ./boot.jl:328 [inlined]
   [15] include_relative(::Module, ::String) at ./loading.jl:1094
   [16] include(::Module, ::String) at ./Base.jl:31
   [17] include(::String) at ./client.jl:431
   [18] top-level scope at /root/.julia/packages/Mongoc/DdY9i/test/runtests.jl:3
   [19] include at ./boot.jl:328 [inlined]
   [20] include_relative(::Module, ::String) at ./loading.jl:1094
   [21] include(::Module, ::String) at ./Base.jl:31
   [22] include(::String) at ./client.jl:431
   [23] top-level scope at none:5
   [24] eval(::Module, ::Any) at ./boot.jl:330
   [25] exec_options(::Base.JLOptions) at ./client.jl:271
   [26] _start() at ./client.jl:464
  
Insert One with custom OID: Error During Test at /root/.julia/packages/Mongoc/DdY9i/test/mongodb_tests.jl:104
  Got exception outside of a @test
  BSONError: domain=15, code=13053, message=No servers yet eligible for rescan
  Stacktrace:
   [1] #insert_one#46(::Nothing, ::typeof(Mongoc.insert_one), ::Mongoc.Collection, ::Mongoc.BSON) at /root/.julia/packages/Mongoc/DdY9i/src/collection.jl:59
   [2] #insert_one at ./none:0 [inlined]
   [3] #push!#58 at /root/.julia/packages/Mongoc/DdY9i/src/collection.jl:508 [inlined]
   [4] push!(::Mongoc.Collection, ::Mongoc.BSON) at /root/.julia/packages/Mongoc/DdY9i/src/collection.jl:508
   [5] top-level scope at /root/.julia/packages/Mongoc/DdY9i/test/mongodb_tests.jl:107
   [6] top-level scope at /buildworker/worker/package_linux64/build/usr/share/julia/stdlib/v1.2/Test/src/Test.jl:1113
   [7] top-level scope at /root/.julia/packages/Mongoc/DdY9i/test/mongodb_tests.jl:105
   [8] top-level scope at /buildworker/worker/package_linux64/build/usr/share/julia/stdlib/v1.2/Test/src/Test.jl:1113
   [9] top-level scope at /root/.julia/packages/Mongoc/DdY9i/test/mongodb_tests.jl:87
   [10] top-level scope at /buildworker/worker/package_linux64/build/usr/share/julia/stdlib/v1.2/Test/src/Test.jl:1113
   [11] top-level scope at /root/.julia/packages/Mongoc/DdY9i/test/mongodb_tests.jl:63
   [12] top-level scope at /buildworker/worker/package_linux64/build/usr/share/julia/stdlib/v1.2/Test/src/Test.jl:1113
   [13] top-level scope at /root/.julia/packages/Mongoc/DdY9i/test/mongodb_tests.jl:23
   [14] include at ./boot.jl:328 [inlined]
   [15] include_relative(::Module, ::String) at ./loading.jl:1094
   [16] include(::Module, ::String) at ./Base.jl:31
   [17] include(::String) at ./client.jl:431
   [18] top-level scope at /root/.julia/packages/Mongoc/DdY9i/test/runtests.jl:3
   [19] include at ./boot.jl:328 [inlined]
   [20] include_relative(::Module, ::String) at ./loading.jl:1094
   [21] include(::Module, ::String) at ./Base.jl:31
   [22] include(::String) at ./client.jl:431
   [23] top-level scope at none:5
   [24] eval(::Module, ::Any) at ./boot.jl:330
   [25] exec_options(::Base.JLOptions) at ./client.jl:271
   [26] _start() at ./client.jl:464
  
new_collection: Error During Test at /root/.julia/packages/Mongoc/DdY9i/test/mongodb_tests.jl:86
  Got exception outside of a @test
  BSONError: domain=15, code=13053, message=No servers yet eligible for rescan
  Stacktrace:
   [1] #insert_one#46(::Nothing, ::typeof(Mongoc.insert_one), ::Mongoc.Collection, ::Mongoc.BSON) at /root/.julia/packages/Mongoc/DdY9i/src/collection.jl:59
   [2] #insert_one at ./none:0 [inlined]
   [3] #push!#58 at /root/.julia/packages/Mongoc/DdY9i/src/collection.jl:508 [inlined]
   [4] push!(::Mongoc.Collection, ::Mongoc.BSON) at /root/.julia/packages/Mongoc/DdY9i/src/collection.jl:508
   [5] top-level scope at /root/.julia/packages/Mongoc/DdY9i/test/mongodb_tests.jl:119
   [6] top-level scope at /buildworker/worker/package_linux64/build/usr/share/julia/stdlib/v1.2/Test/src/Test.jl:1113
   [7] top-level scope at /root/.julia/packages/Mongoc/DdY9i/test/mongodb_tests.jl:87
   [8] top-level scope at /buildworker/worker/package_linux64/build/usr/share/julia/stdlib/v1.2/Test/src/Test.jl:1113
   [9] top-level scope at /root/.julia/packages/Mongoc/DdY9i/test/mongodb_tests.jl:63
   [10] top-level scope at /buildworker/worker/package_linux64/build/usr/share/julia/stdlib/v1.2/Test/src/Test.jl:1113
   [11] top-level scope at /root/.julia/packages/Mongoc/DdY9i/test/mongodb_tests.jl:23
   [12] include at ./boot.jl:328 [inlined]
   [13] include_relative(::Module, ::String) at ./loading.jl:1094
   [14] include(::Module, ::String) at ./Base.jl:31
   [15] include(::String) at ./client.jl:431
   [16] top-level scope at /root/.julia/packages/Mongoc/DdY9i/test/runtests.jl:3
   [17] include at ./boot.jl:328 [inlined]
   [18] include_relative(::Module, ::String) at ./loading.jl:1094
   [19] include(::Module, ::String) at ./Base.jl:31
   [20] include(::String) at ./client.jl:431
   [21] top-level scope at none:5
   [22] eval(::Module, ::Any) at ./boot.jl:330
   [23] exec_options(::Base.JLOptions) at ./client.jl:271
   [24] _start() at ./client.jl:464
  
find_databases: Error During Test at /root/.julia/packages/Mongoc/DdY9i/test/mongodb_tests.jl:144
  Got exception outside of a @test
  BSONError: domain=15, code=13053, message=No suitable servers found (`serverSelectionTryOnce` set): [connection refused calling ismaster on 'localhost:27017']
  Stacktrace:
   [1] _iterate(::Mongoc.Cursor{Mongoc.Client{Nothing}}, ::Nothing) at /root/.julia/packages/Mongoc/DdY9i/src/collection.jl:482
   [2] iterate at /root/.julia/packages/Mongoc/DdY9i/src/collection.jl:489 [inlined] (repeats 2 times)
   [3] top-level scope at /root/.julia/packages/Mongoc/DdY9i/test/mongodb_tests.jl:146
   [4] top-level scope at /buildworker/worker/package_linux64/build/usr/share/julia/stdlib/v1.2/Test/src/Test.jl:1113
   [5] top-level scope at /root/.julia/packages/Mongoc/DdY9i/test/mongodb_tests.jl:145
   [6] top-level scope at /buildworker/worker/package_linux64/build/usr/share/julia/stdlib/v1.2/Test/src/Test.jl:1113
   [7] top-level scope at /root/.julia/packages/Mongoc/DdY9i/test/mongodb_tests.jl:63
   [8] top-level scope at /buildworker/worker/package_linux64/build/usr/share/julia/stdlib/v1.2/Test/src/Test.jl:1113
   [9] top-level scope at /root/.julia/packages/Mongoc/DdY9i/test/mongodb_tests.jl:23
   [10] include at ./boot.jl:328 [inlined]
   [11] include_relative(::Module, ::String) at ./loading.jl:1094
   [12] include(::Module, ::String) at ./Base.jl:31
   [13] include(::String) at ./client.jl:431
   [14] top-level scope at /root/.julia/packages/Mongoc/DdY9i/test/runtests.jl:3
   [15] include at ./boot.jl:328 [inlined]
   [16] include_relative(::Module, ::String) at ./loading.jl:1094
   [17] include(::Module, ::String) at ./Base.jl:31
   [18] include(::String) at ./client.jl:431
   [19] top-level scope at none:5
   [20] eval(::Module, ::Any) at ./boot.jl:330
   [21] exec_options(::Base.JLOptions) at ./client.jl:271
   [22] _start() at ./client.jl:464
  
Binary data: Error During Test at /root/.julia/packages/Mongoc/DdY9i/test/mongodb_tests.jl:164
  Got exception outside of a @test
  BSONError: domain=15, code=13053, message=No suitable servers found (`serverSelectionTryOnce` set): [connection refused calling ismaster on 'localhost:27017']
  Stacktrace:
   [1] #insert_one#46(::Nothing, ::typeof(Mongoc.insert_one), ::Mongoc.Collection, ::Mongoc.BSON) at /root/.julia/packages/Mongoc/DdY9i/src/collection.jl:59
   [2] #insert_one at ./none:0 [inlined]
   [3] #push!#58 at /root/.julia/packages/Mongoc/DdY9i/src/collection.jl:508 [inlined]
   [4] push!(::Mongoc.Collection, ::Mongoc.BSON) at /root/.julia/packages/Mongoc/DdY9i/src/collection.jl:508
   [5] top-level scope at /root/.julia/packages/Mongoc/DdY9i/test/mongodb_tests.jl:170
   [6] top-level scope at /buildworker/worker/package_linux64/build/usr/share/julia/stdlib/v1.2/Test/src/Test.jl:1113
   [7] top-level scope at /root/.julia/packages/Mongoc/DdY9i/test/mongodb_tests.jl:165
   [8] top-level scope at /buildworker/worker/package_linux64/build/usr/share/julia/stdlib/v1.2/Test/src/Test.jl:1113
   [9] top-level scope at /root/.julia/packages/Mongoc/DdY9i/test/mongodb_tests.jl:63
   [10] top-level scope at /buildworker/worker/package_linux64/build/usr/share/julia/stdlib/v1.2/Test/src/Test.jl:1113
   [11] top-level scope at /root/.julia/packages/Mongoc/DdY9i/test/mongodb_tests.jl:23
   [12] include at ./boot.jl:328 [inlined]
   [13] include_relative(::Module, ::String) at ./loading.jl:1094
   [14] include(::Module, ::String) at ./Base.jl:31
   [15] include(::String) at ./client.jl:431
   [16] top-level scope at /root/.julia/packages/Mongoc/DdY9i/test/runtests.jl:3
   [17] include at ./boot.jl:328 [inlined]
   [18] include_relative(::Module, ::String) at ./loading.jl:1094
   [19] include(::Module, ::String) at ./Base.jl:31
   [20] include(::String) at ./client.jl:431
   [21] top-level scope at none:5
   [22] eval(::Module, ::Any) at ./boot.jl:330
   [23] exec_options(::Base.JLOptions) at ./client.jl:271
   [24] _start() at ./client.jl:464
  
find_collections: Error During Test at /root/.julia/packages/Mongoc/DdY9i/test/mongodb_tests.jl:181
  Got exception outside of a @test
  BSONError: domain=15, code=13053, message=No servers yet eligible for rescan
  Stacktrace:
   [1] _iterate(::Mongoc.Cursor{Mongoc.Database}, ::Nothing) at /root/.julia/packages/Mongoc/DdY9i/src/collection.jl:482
   [2] iterate at /root/.julia/packages/Mongoc/DdY9i/src/collection.jl:489 [inlined] (repeats 2 times)
   [3] top-level scope at /root/.julia/packages/Mongoc/DdY9i/test/mongodb_tests.jl:182
   [4] top-level scope at /buildworker/worker/package_linux64/build/usr/share/julia/stdlib/v1.2/Test/src/Test.jl:1113
   [5] top-level scope at /root/.julia/packages/Mongoc/DdY9i/test/mongodb_tests.jl:182
   [6] top-level scope at /buildworker/worker/package_linux64/build/usr/share/julia/stdlib/v1.2/Test/src/Test.jl:1113
   [7] top-level scope at /root/.julia/packages/Mongoc/DdY9i/test/mongodb_tests.jl:63
   [8] top-level scope at /buildworker/worker/package_linux64/build/usr/share/julia/stdlib/v1.2/Test/src/Test.jl:1113
   [9] top-level scope at /root/.julia/packages/Mongoc/DdY9i/test/mongodb_tests.jl:23
   [10] include at ./boot.jl:328 [inlined]
   [11] include_relative(::Module, ::String) at ./loading.jl:1094
   [12] include(::Module, ::String) at ./Base.jl:31
   [13] include(::String) at ./client.jl:431
   [14] top-level scope at /root/.julia/packages/Mongoc/DdY9i/test/runtests.jl:3
   [15] include at ./boot.jl:328 [inlined]
   [16] include_relative(::Module, ::String) at ./loading.jl:1094
   [17] include(::Module, ::String) at ./Base.jl:31
   [18] include(::String) at ./client.jl:431
   [19] top-level scope at none:5
   [20] eval(::Module, ::Any) at ./boot.jl:330
   [21] exec_options(::Base.JLOptions) at ./client.jl:271
   [22] _start() at ./client.jl:464
  
Cleanup: Error During Test at /root/.julia/packages/Mongoc/DdY9i/test/mongodb_tests.jl:196
  Got exception outside of a @test
  BSONError: domain=15, code=13053, message=No suitable servers found (`serverSelectionTryOnce` set): [connection refused calling ismaster on 'localhost:27017']
  Stacktrace:
   [1] drop(::Mongoc.Collection) at /root/.julia/packages/Mongoc/DdY9i/src/collection.jl:347
   [2] top-level scope at /root/.julia/packages/Mongoc/DdY9i/test/mongodb_tests.jl:198
   [3] top-level scope at /buildworker/worker/package_linux64/build/usr/share/julia/stdlib/v1.2/Test/src/Test.jl:1113
   [4] top-level scope at /root/.julia/packages/Mongoc/DdY9i/test/mongodb_tests.jl:197
   [5] top-level scope at /buildworker/worker/package_linux64/build/usr/share/julia/stdlib/v1.2/Test/src/Test.jl:1113
   [6] top-level scope at /root/.julia/packages/Mongoc/DdY9i/test/mongodb_tests.jl:63
   [7] top-level scope at /buildworker/worker/package_linux64/build/usr/share/julia/stdlib/v1.2/Test/src/Test.jl:1113
   [8] top-level scope at /root/.julia/packages/Mongoc/DdY9i/test/mongodb_tests.jl:23
   [9] include at ./boot.jl:328 [inlined]
   [10] include_relative(::Module, ::String) at ./loading.jl:1094
   [11] include(::Module, ::String) at ./Base.jl:31
   [12] include(::String) at ./client.jl:431
   [13] top-level scope at /root/.julia/packages/Mongoc/DdY9i/test/runtests.jl:3
   [14] include at ./boot.jl:328 [inlined]
   [15] include_relative(::Module, ::String) at ./loading.jl:1094
   [16] include(::Module, ::String) at ./Base.jl:31
   [17] include(::String) at ./client.jl:431
   [18] top-level scope at none:5
   [19] eval(::Module, ::Any) at ./boot.jl:330
   [20] exec_options(::Base.JLOptions) at ./client.jl:271
   [21] _start() at ./client.jl:464
  
insert_many: Error During Test at /root/.julia/packages/Mongoc/DdY9i/test/mongodb_tests.jl:201
  Got exception outside of a @test
  BSONError: domain=15, code=13053, message=No suitable servers found (`serverSelectionTryOnce` set): [connection refused calling ismaster on 'localhost:27017']
  Stacktrace:
   [1] execute!(::Mongoc.BulkOperation) at /root/.julia/packages/Mongoc/DdY9i/src/collection.jl:135
   [2] #insert_many#52(::Nothing, ::Nothing, ::typeof(Mongoc.insert_many), ::Mongoc.Collection, ::Array{Mongoc.BSON,1}) at /root/.julia/packages/Mongoc/DdY9i/src/collection.jl:168
   [3] #insert_many at ./none:0 [inlined]
   [4] #append!#59 at /root/.julia/packages/Mongoc/DdY9i/src/collection.jl:514 [inlined]
   [5] append!(::Mongoc.Collection, ::Array{Mongoc.BSON,1}) at /root/.julia/packages/Mongoc/DdY9i/src/collection.jl:514
   [6] top-level scope at /root/.julia/packages/Mongoc/DdY9i/test/mongodb_tests.jl:208
   [7] top-level scope at /buildworker/worker/package_linux64/build/usr/share/julia/stdlib/v1.2/Test/src/Test.jl:1113
   [8] top-level scope at /root/.julia/packages/Mongoc/DdY9i/test/mongodb_tests.jl:202
   [9] top-level scope at /buildworker/worker/package_linux64/build/usr/share/julia/stdlib/v1.2/Test/src/Test.jl:1113
   [10] top-level scope at /root/.julia/packages/Mongoc/DdY9i/test/mongodb_tests.jl:63
   [11] top-level scope at /buildworker/worker/package_linux64/build/usr/share/julia/stdlib/v1.2/Test/src/Test.jl:1113
   [12] top-level scope at /root/.julia/packages/Mongoc/DdY9i/test/mongodb_tests.jl:23
   [13] include at ./boot.jl:328 [inlined]
   [14] include_relative(::Module, ::String) at ./loading.jl:1094
   [15] include(::Module, ::String) at ./Base.jl:31
   [16] include(::String) at ./client.jl:431
   [17] top-level scope at /root/.julia/packages/Mongoc/DdY9i/test/runtests.jl:3
   [18] include at ./boot.jl:328 [inlined]
   [19] include_relative(::Module, ::String) at ./loading.jl:1094
   [20] include(::Module, ::String) at ./Base.jl:31
   [21] include(::String) at ./client.jl:431
   [22] top-level scope at none:5
   [23] eval(::Module, ::Any) at ./boot.jl:330
   [24] exec_options(::Base.JLOptions) at ./client.jl:271
   [25] _start() at ./client.jl:464
  
delete_one: Error During Test at /root/.julia/packages/Mongoc/DdY9i/test/mongodb_tests.jl:222
  Got exception outside of a @test
  BSONError: domain=15, code=13053, message=No servers yet eligible for rescan
  Stacktrace:
   [1] #insert_one#46(::Nothing, ::typeof(Mongoc.insert_one), ::Mongoc.Collection, ::Mongoc.BSON) at /root/.julia/packages/Mongoc/DdY9i/src/collection.jl:59
   [2] #insert_one at ./none:0 [inlined]
   [3] #push!#58 at /root/.julia/packages/Mongoc/DdY9i/src/collection.jl:508 [inlined]
   [4] push!(::Mongoc.Collection, ::Mongoc.BSON) at /root/.julia/packages/Mongoc/DdY9i/src/collection.jl:508
   [5] top-level scope at /root/.julia/packages/Mongoc/DdY9i/test/mongodb_tests.jl:226
   [6] top-level scope at /buildworker/worker/package_linux64/build/usr/share/julia/stdlib/v1.2/Test/src/Test.jl:1113
   [7] top-level scope at /root/.julia/packages/Mongoc/DdY9i/test/mongodb_tests.jl:223
   [8] top-level scope at /buildworker/worker/package_linux64/build/usr/share/julia/stdlib/v1.2/Test/src/Test.jl:1113
   [9] top-level scope at /root/.julia/packages/Mongoc/DdY9i/test/mongodb_tests.jl:63
   [10] top-level scope at /buildworker/worker/package_linux64/build/usr/share/julia/stdlib/v1.2/Test/src/Test.jl:1113
   [11] top-level scope at /root/.julia/packages/Mongoc/DdY9i/test/mongodb_tests.jl:23
   [12] include at ./boot.jl:328 [inlined]
   [13] include_relative(::Module, ::String) at ./loading.jl:1094
   [14] include(::Module, ::String) at ./Base.jl:31
   [15] include(::String) at ./client.jl:431
   [16] top-level scope at /root/.julia/packages/Mongoc/DdY9i/test/runtests.jl:3
   [17] include at ./boot.jl:328 [inlined]
   [18] include_relative(::Module, ::String) at ./loading.jl:1094
   [19] include(::Module, ::String) at ./Base.jl:31
   [20] include(::String) at ./client.jl:431
   [21] top-level scope at none:5
   [22] eval(::Module, ::Any) at ./boot.jl:330
   [23] exec_options(::Base.JLOptions) at ./client.jl:271
   [24] _start() at ./client.jl:464
  
delete_many: Error During Test at /root/.julia/packages/Mongoc/DdY9i/test/mongodb_tests.jl:240
  Got exception outside of a @test
  BSONError: domain=15, code=13053, message=No servers yet eligible for rescan
  Stacktrace:
   [1] execute!(::Mongoc.BulkOperation) at /root/.julia/packages/Mongoc/DdY9i/src/collection.jl:135
   [2] #insert_many#52(::Nothing, ::Nothing, ::typeof(Mongoc.insert_many), ::Mongoc.Collection, ::Array{Mongoc.BSON,1}) at /root/.julia/packages/Mongoc/DdY9i/src/collection.jl:168
   [3] #insert_many at ./none:0 [inlined]
   [4] #append!#59 at /root/.julia/packages/Mongoc/DdY9i/src/collection.jl:514 [inlined]
   [5] append!(::Mongoc.Collection, ::Array{Mongoc.BSON,1}) at /root/.julia/packages/Mongoc/DdY9i/src/collection.jl:514
   [6] top-level scope at /root/.julia/packages/Mongoc/DdY9i/test/mongodb_tests.jl:242
   [7] top-level scope at /buildworker/worker/package_linux64/build/usr/share/julia/stdlib/v1.2/Test/src/Test.jl:1113
   [8] top-level scope at /root/.julia/packages/Mongoc/DdY9i/test/mongodb_tests.jl:241
   [9] top-level scope at /buildworker/worker/package_linux64/build/usr/share/julia/stdlib/v1.2/Test/src/Test.jl:1113
   [10] top-level scope at /root/.julia/packages/Mongoc/DdY9i/test/mongodb_tests.jl:63
   [11] top-level scope at /buildworker/worker/package_linux64/build/usr/share/julia/stdlib/v1.2/Test/src/Test.jl:1113
   [12] top-level scope at /root/.julia/packages/Mongoc/DdY9i/test/mongodb_tests.jl:23
   [13] include at ./boot.jl:328 [inlined]
   [14] include_relative(::Module, ::String) at ./loading.jl:1094
   [15] include(::Module, ::String) at ./Base.jl:31
   [16] include(::String) at ./client.jl:431
   [17] top-level scope at /root/.julia/packages/Mongoc/DdY9i/test/runtests.jl:3
   [18] include at ./boot.jl:328 [inlined]
   [19] include_relative(::Module, ::String) at ./loading.jl:1094
   [20] include(::Module, ::String) at ./Base.jl:31
   [21] include(::String) at ./client.jl:431
   [22] top-level scope at none:5
   [23] eval(::Module, ::Any) at ./boot.jl:330
   [24] exec_options(::Base.JLOptions) at ./client.jl:271
   [25] _start() at ./client.jl:464
  
update_one, update_many: Error During Test at /root/.julia/packages/Mongoc/DdY9i/test/mongodb_tests.jl:253
  Got exception outside of a @test
  BSONError: domain=15, code=13053, message=No servers yet eligible for rescan
  Stacktrace:
   [1] execute!(::Mongoc.BulkOperation) at /root/.julia/packages/Mongoc/DdY9i/src/collection.jl:135
   [2] #insert_many#52(::Nothing, ::Nothing, ::typeof(Mongoc.insert_many), ::Mongoc.Collection, ::Array{Mongoc.BSON,1}) at /root/.julia/packages/Mongoc/DdY9i/src/collection.jl:168
   [3] #insert_many at ./none:0 [inlined]
   [4] #append!#59 at /root/.julia/packages/Mongoc/DdY9i/src/collection.jl:514 [inlined]
   [5] append!(::Mongoc.Collection, ::Array{Mongoc.BSON,1}) at /root/.julia/packages/Mongoc/DdY9i/src/collection.jl:514
   [6] top-level scope at /root/.julia/packages/Mongoc/DdY9i/test/mongodb_tests.jl:255
   [7] top-level scope at /buildworker/worker/package_linux64/build/usr/share/julia/stdlib/v1.2/Test/src/Test.jl:1113
   [8] top-level scope at /root/.julia/packages/Mongoc/DdY9i/test/mongodb_tests.jl:254
   [9] top-level scope at /buildworker/worker/package_linux64/build/usr/share/julia/stdlib/v1.2/Test/src/Test.jl:1113
   [10] top-level scope at /root/.julia/packages/Mongoc/DdY9i/test/mongodb_tests.jl:63
   [11] top-level scope at /buildworker/worker/package_linux64/build/usr/share/julia/stdlib/v1.2/Test/src/Test.jl:1113
   [12] top-level scope at /root/.julia/packages/Mongoc/DdY9i/test/mongodb_tests.jl:23
   [13] include at ./boot.jl:328 [inlined]
   [14] include_relative(::Module, ::String) at ./loading.jl:1094
   [15] include(::Module, ::String) at ./Base.jl:31
   [16] include(::String) at ./client.jl:431
   [17] top-level scope at /root/.julia/packages/Mongoc/DdY9i/test/runtests.jl:3
   [18] include at ./boot.jl:328 [inlined]
   [19] include_relative(::Module, ::String) at ./loading.jl:1094
   [20] include(::Module, ::String) at ./Base.jl:31
   [21] include(::String) at ./client.jl:431
   [22] top-level scope at none:5
   [23] eval(::Module, ::Any) at ./boot.jl:330
   [24] exec_options(::Base.JLOptions) at ./client.jl:271
   [25] _start() at ./client.jl:464
  
aggregation, map_reduce: Error During Test at /root/.julia/packages/Mongoc/DdY9i/test/mongodb_tests.jl:287
  Got exception outside of a @test
  BSONError: domain=15, code=13053, message=No servers yet eligible for rescan
  Stacktrace:
   [1] execute!(::Mongoc.BulkOperation) at /root/.julia/packages/Mongoc/DdY9i/src/collection.jl:135
   [2] #insert_many#52(::Nothing, ::Nothing, ::typeof(Mongoc.insert_many), ::Mongoc.Collection, ::Array{Mongoc.BSON,1}) at /root/.julia/packages/Mongoc/DdY9i/src/collection.jl:168
   [3] #insert_many at ./none:0 [inlined]
   [4] #append!#59 at /root/.julia/packages/Mongoc/DdY9i/src/collection.jl:514 [inlined]
   [5] append!(::Mongoc.Collection, ::Array{Mongoc.BSON,1}) at /root/.julia/packages/Mongoc/DdY9i/src/collection.jl:514
   [6] top-level scope at /root/.julia/packages/Mongoc/DdY9i/test/mongodb_tests.jl:305
   [7] top-level scope at /buildworker/worker/package_linux64/build/usr/share/julia/stdlib/v1.2/Test/src/Test.jl:1113
   [8] top-level scope at /root/.julia/packages/Mongoc/DdY9i/test/mongodb_tests.jl:289
   [9] top-level scope at /buildworker/worker/package_linux64/build/usr/share/julia/stdlib/v1.2/Test/src/Test.jl:1113
   [10] top-level scope at /root/.julia/packages/Mongoc/DdY9i/test/mongodb_tests.jl:63
   [11] top-level scope at /buildworker/worker/package_linux64/build/usr/share/julia/stdlib/v1.2/Test/src/Test.jl:1113
   [12] top-level scope at /root/.julia/packages/Mongoc/DdY9i/test/mongodb_tests.jl:23
   [13] include at ./boot.jl:328 [inlined]
   [14] include_relative(::Module, ::String) at ./loading.jl:1094
   [15] include(::Module, ::String) at ./Base.jl:31
   [16] include(::String) at ./client.jl:431
   [17] top-level scope at /root/.julia/packages/Mongoc/DdY9i/test/runtests.jl:3
   [18] include at ./boot.jl:328 [inlined]
   [19] include_relative(::Module, ::String) at ./loading.jl:1094
   [20] include(::Module, ::String) at ./Base.jl:31
   [21] include(::String) at ./client.jl:431
   [22] top-level scope at none:5
   [23] eval(::Module, ::Any) at ./boot.jl:330
   [24] exec_options(::Base.JLOptions) at ./client.jl:271
   [25] _start() at ./client.jl:464
  
main function: Error During Test at /root/.julia/packages/Mongoc/DdY9i/test/mongodb_tests.jl:384
  Got exception outside of a @test
  BSONError: domain=15, code=13053, message=No suitable servers found (`serverSelectionTryOnce` set): [connection refused calling ismaster on 'localhost:27017']
  Stacktrace:
   [1] execute!(::Mongoc.BulkOperation) at /root/.julia/packages/Mongoc/DdY9i/src/collection.jl:135
   [2] #insert_many#52(::Nothing, ::Nothing, ::typeof(Mongoc.insert_many), ::Mongoc.Collection, ::Array{Mongoc.BSON,1}) at /root/.julia/packages/Mongoc/DdY9i/src/collection.jl:168
   [3] #insert_many at ./none:0 [inlined]
   [4] #append!#59 at /root/.julia/packages/Mongoc/DdY9i/src/collection.jl:514 [inlined]
   [5] append!(::Mongoc.Collection, ::Array{Mongoc.BSON,1}) at /root/.julia/packages/Mongoc/DdY9i/src/collection.jl:514
   [6] top-level scope at /root/.julia/packages/Mongoc/DdY9i/test/mongodb_tests.jl:394
   [7] top-level scope at /buildworker/worker/package_linux64/build/usr/share/julia/stdlib/v1.2/Test/src/Test.jl:1113
   [8] top-level scope at /root/.julia/packages/Mongoc/DdY9i/test/mongodb_tests.jl:385
   [9] top-level scope at /buildworker/worker/package_linux64/build/usr/share/julia/stdlib/v1.2/Test/src/Test.jl:1113
   [10] top-level scope at /root/.julia/packages/Mongoc/DdY9i/test/mongodb_tests.jl:371
   [11] top-level scope at /buildworker/worker/package_linux64/build/usr/share/julia/stdlib/v1.2/Test/src/Test.jl:1113
   [12] top-level scope at /root/.julia/packages/Mongoc/DdY9i/test/mongodb_tests.jl:23
   [13] include at ./boot.jl:328 [inlined]
   [14] include_relative(::Module, ::String) at ./loading.jl:1094
   [15] include(::Module, ::String) at ./Base.jl:31
   [16] include(::String) at ./client.jl:431
   [17] top-level scope at /root/.julia/packages/Mongoc/DdY9i/test/runtests.jl:3
   [18] include at ./boot.jl:328 [inlined]
   [19] include_relative(::Module, ::String) at ./loading.jl:1094
   [20] include(::Module, ::String) at ./Base.jl:31
   [21] include(::String) at ./client.jl:431
   [22] top-level scope at none:5
   [23] eval(::Module, ::Any) at ./boot.jl:330
   [24] exec_options(::Base.JLOptions) at ./client.jl:271
   [25] _start() at ./client.jl:464
  
command: Error During Test at /root/.julia/packages/Mongoc/DdY9i/test/mongodb_tests.jl:461
  Got exception outside of a @test
  BSONError: domain=15, code=13053, message=No servers yet eligible for rescan
  Stacktrace:
   [1] execute!(::Mongoc.BulkOperation) at /root/.julia/packages/Mongoc/DdY9i/src/collection.jl:135
   [2] #insert_many#52(::Nothing, ::Nothing, ::typeof(Mongoc.insert_many), ::Mongoc.Collection, ::Array{Mongoc.BSON,1}) at /root/.julia/packages/Mongoc/DdY9i/src/collection.jl:168
   [3] #insert_many at ./none:0 [inlined]
   [4] #append!#59 at /root/.julia/packages/Mongoc/DdY9i/src/collection.jl:514 [inlined]
   [5] append!(::Mongoc.Collection, ::Array{Mongoc.BSON,1}) at /root/.julia/packages/Mongoc/DdY9i/src/collection.jl:514
   [6] top-level scope at /root/.julia/packages/Mongoc/DdY9i/test/mongodb_tests.jl:473
   [7] top-level scope at /buildworker/worker/package_linux64/build/usr/share/julia/stdlib/v1.2/Test/src/Test.jl:1113
   [8] top-level scope at /root/.julia/packages/Mongoc/DdY9i/test/mongodb_tests.jl:462
   [9] top-level scope at /buildworker/worker/package_linux64/build/usr/share/julia/stdlib/v1.2/Test/src/Test.jl:1113
   [10] top-level scope at /root/.julia/packages/Mongoc/DdY9i/test/mongodb_tests.jl:23
   [11] include at ./boot.jl:328 [inlined]
   [12] include_relative(::Module, ::String) at ./loading.jl:1094
   [13] include(::Module, ::String) at ./Base.jl:31
   [14] include(::String) at ./client.jl:431
   [15] top-level scope at /root/.julia/packages/Mongoc/DdY9i/test/runtests.jl:3
   [16] include at ./boot.jl:328 [inlined]
   [17] include_relative(::Module, ::String) at ./loading.jl:1094
   [18] include(::Module, ::String) at ./Base.jl:31
   [19] include(::String) at ./client.jl:431
   [20] top-level scope at none:5
   [21] eval(::Module, ::Any) at ./boot.jl:330
   [22] exec_options(::Base.JLOptions) at ./client.jl:271
   [23] _start() at ./client.jl:464
  
Users: Error During Test at /root/.julia/packages/Mongoc/DdY9i/test/mongodb_tests.jl:496
  Test threw exception
  Expression: Mongoc.has_database(client, DB_NAME)
  BSONError: domain=15, code=13053, message=No servers yet eligible for rescan
  Stacktrace:
   [1] _iterate(::Mongoc.Cursor{Mongoc.Client{Nothing}}, ::Nothing) at /root/.julia/packages/Mongoc/DdY9i/src/collection.jl:482
   [2] iterate at /root/.julia/packages/Mongoc/DdY9i/src/collection.jl:489 [inlined] (repeats 2 times)
   [3] #has_database#38(::Nothing, ::typeof(Mongoc.has_database), ::Mongoc.Client{Nothing}, ::String) at /root/.julia/packages/Mongoc/DdY9i/src/client.jl:122
   [4] has_database(::Mongoc.Client{Nothing}, ::String) at /root/.julia/packages/Mongoc/DdY9i/src/client.jl:122
   [5] top-level scope at /root/.julia/packages/Mongoc/DdY9i/test/mongodb_tests.jl:496
   [6] top-level scope at /buildworker/worker/package_linux64/build/usr/share/julia/stdlib/v1.2/Test/src/Test.jl:1113
   [7] top-level scope at /root/.julia/packages/Mongoc/DdY9i/test/mongodb_tests.jl:496
   [8] top-level scope at /buildworker/worker/package_linux64/build/usr/share/julia/stdlib/v1.2/Test/src/Test.jl:1113
   [9] top-level scope at /root/.julia/packages/Mongoc/DdY9i/test/mongodb_tests.jl:23
  
Users: Error During Test at /root/.julia/packages/Mongoc/DdY9i/test/mongodb_tests.jl:494
  Got exception outside of a @test
  BSONError: domain=15, code=13053, message=No suitable servers found (`serverSelectionTryOnce` set): [connection refused calling ismaster on 'localhost:27017']
  Stacktrace:
   [1] command_simple(::Mongoc.Database, ::Mongoc.BSON) at /root/.julia/packages/Mongoc/DdY9i/src/database.jl:33
   [2] has_user(::Mongoc.Database, ::String) at /root/.julia/packages/Mongoc/DdY9i/src/database.jl:124
   [3] top-level scope at /root/.julia/packages/Mongoc/DdY9i/test/mongodb_tests.jl:503
   [4] top-level scope at /buildworker/worker/package_linux64/build/usr/share/julia/stdlib/v1.2/Test/src/Test.jl:1113
   [5] top-level scope at /root/.julia/packages/Mongoc/DdY9i/test/mongodb_tests.jl:496
   [6] top-level scope at /buildworker/worker/package_linux64/build/usr/share/julia/stdlib/v1.2/Test/src/Test.jl:1113
   [7] top-level scope at /root/.julia/packages/Mongoc/DdY9i/test/mongodb_tests.jl:23
   [8] include at ./boot.jl:328 [inlined]
   [9] include_relative(::Module, ::String) at ./loading.jl:1094
   [10] include(::Module, ::String) at ./Base.jl:31
   [11] include(::String) at ./client.jl:431
   [12] top-level scope at /root/.julia/packages/Mongoc/DdY9i/test/runtests.jl:3
   [13] include at ./boot.jl:328 [inlined]
   [14] include_relative(::Module, ::String) at ./loading.jl:1094
   [15] include(::Module, ::String) at ./Base.jl:31
   [16] include(::String) at ./client.jl:431
   [17] top-level scope at none:5
   [18] eval(::Module, ::Any) at ./boot.jl:330
   [19] exec_options(::Base.JLOptions) at ./client.jl:271
   [20] _start() at ./client.jl:464
  
MongoDB: Error During Test at /root/.julia/packages/Mongoc/DdY9i/test/mongodb_tests.jl:21
  Got exception outside of a @test
  BSONError: domain=15, code=13053, message=No servers yet eligible for rescan
  Stacktrace:
   [1] command_simple(::Mongoc.Database, ::Mongoc.BSON) at /root/.julia/packages/Mongoc/DdY9i/src/database.jl:33
   [2] get_server_mongodb_version(::Mongoc.Client{Nothing}) at /root/.julia/packages/Mongoc/DdY9i/src/client.jl:79
   [3] top-level scope at /root/.julia/packages/Mongoc/DdY9i/test/mongodb_tests.jl:519
   [4] top-level scope at /buildworker/worker/package_linux64/build/usr/share/julia/stdlib/v1.2/Test/src/Test.jl:1113
   [5] top-level scope at /root/.julia/packages/Mongoc/DdY9i/test/mongodb_tests.jl:23
   [6] include at ./boot.jl:328 [inlined]
   [7] include_relative(::Module, ::String) at ./loading.jl:1094
   [8] include(::Module, ::String) at ./Base.jl:31
   [9] include(::String) at ./client.jl:431
   [10] top-level scope at /root/.julia/packages/Mongoc/DdY9i/test/runtests.jl:3
   [11] include at ./boot.jl:328 [inlined]
   [12] include_relative(::Module, ::String) at ./loading.jl:1094
   [13] include(::Module, ::String) at ./Base.jl:31
   [14] include(::String) at ./client.jl:431
   [15] top-level scope at none:5
   [16] eval(::Module, ::Any) at ./boot.jl:330
   [17] exec_options(::Base.JLOptions) at ./client.jl:271
   [18] _start() at ./client.jl:464
  
Test Summary:                       | Pass  Error  Total
MongoDB                             |    9     19     28
  Destroy                           |              No tests
  Types                             |    3             3
  Connection                        |    4     14     18
    ping                            |           1      1
    Server Status                   |           1      1
    error print                     |    1             1
    new_collection                  |           3      3
      Insert One with generated OID |           1      1
      Insert One with custom OID    |           1      1
    find_databases                  |           1      1
    catch cursor error              |    1             1
    Binary data                     |           1      1
    find_collections                |           1      1
    BulkOperation                   |              No tests
    Cleanup                         |           1      1
    insert_many                     |           1      1
    delete_one                      |           1      1
    delete_many                     |           1      1
    update_one, update_many         |           1      1
    aggregation, map_reduce         |    2      1      3
      QueryFlags                    |    2             2
  find and modify                   |           1      1
    create/destroy opts             |              No tests
    set opts                        |              No tests
    main function                   |           1      1
  command                           |           1      1
  Users                             |           2      2
  Session Options                   |    2             2
ERROR: LoadError: LoadError: Some tests did not pass: 9 passed, 0 failed, 19 errored, 0 broken.
in expression starting at /root/.julia/packages/Mongoc/DdY9i/test/mongodb_tests.jl:21
in expression starting at /root/.julia/packages/Mongoc/DdY9i/test/runtests.jl:3
ERROR: Package Mongoc errored during testing
Stacktrace:
 [1] pkgerror(::String, ::Vararg{String,N} where N) at /buildworker/worker/package_linux64/build/usr/share/julia/stdlib/v1.2/Pkg/src/Types.jl:112
 [2] #test#119(::Bool, ::Nothing, ::typeof(Pkg.Operations.test), ::Pkg.Types.Context, ::Array{Pkg.Types.PackageSpec,1}) at /buildworker/worker/package_linux64/build/usr/share/julia/stdlib/v1.2/Pkg/src/Operations.jl:1288
 [3] #test at ./none:0 [inlined]
 [4] #test#62(::Bool, ::Nothing, ::Base.Iterators.Pairs{Union{},Union{},Tuple{},NamedTuple{(),Tuple{}}}, ::typeof(Pkg.API.test), ::Pkg.Types.Context, ::Array{Pkg.Types.PackageSpec,1}) at /buildworker/worker/package_linux64/build/usr/share/julia/stdlib/v1.2/Pkg/src/API.jl:245
 [5] test at /buildworker/worker/package_linux64/build/usr/share/julia/stdlib/v1.2/Pkg/src/API.jl:233 [inlined]
 [6] #test#61 at /buildworker/worker/package_linux64/build/usr/share/julia/stdlib/v1.2/Pkg/src/API.jl:230 [inlined]
 [7] test at /buildworker/worker/package_linux64/build/usr/share/julia/stdlib/v1.2/Pkg/src/API.jl:230 [inlined]
 [8] #test#60 at /buildworker/worker/package_linux64/build/usr/share/julia/stdlib/v1.2/Pkg/src/API.jl:229 [inlined]
 [9] test at /buildworker/worker/package_linux64/build/usr/share/julia/stdlib/v1.2/Pkg/src/API.jl:229 [inlined]
 [10] #test#59(::Base.Iterators.Pairs{Union{},Union{},Tuple{},NamedTuple{(),Tuple{}}}, ::typeof(Pkg.API.test), ::String) at /buildworker/worker/package_linux64/build/usr/share/julia/stdlib/v1.2/Pkg/src/API.jl:228
 [11] test(::String) at /buildworker/worker/package_linux64/build/usr/share/julia/stdlib/v1.2/Pkg/src/API.jl:228
 [12] top-level scope at none:10
