 Resolving package versions...
 Installed OceanGrids ─ v0.1.3
 Installed Unitful ──── v0.17.0
  Updating `~/.julia/environments/v1.2/Project.toml`
  [cfe838f4] + OceanGrids v0.1.3
  Updating `~/.julia/environments/v1.2/Manifest.toml`
  [cfe838f4] + OceanGrids v0.1.3
  [1986cc42] + Unitful v0.17.0
  [8f399da3] + Libdl 
  [37e2e46d] + LinearAlgebra 
  [9a3f8284] + Random 
  [9e88b42a] + Serialization 
   Testing OceanGrids
 Resolving package versions...
    Status `/tmp/jl_WXWIRN/Manifest.toml`
  [cfe838f4] OceanGrids v0.1.3
  [1986cc42] Unitful v0.17.0
  [2a0f44e3] Base64  [`@stdlib/Base64`]
  [8ba89e20] Distributed  [`@stdlib/Distributed`]
  [b77e0a4c] InteractiveUtils  [`@stdlib/InteractiveUtils`]
  [8f399da3] Libdl  [`@stdlib/Libdl`]
  [37e2e46d] LinearAlgebra  [`@stdlib/LinearAlgebra`]
  [56ddb016] Logging  [`@stdlib/Logging`]
  [d6f4376e] Markdown  [`@stdlib/Markdown`]
  [9a3f8284] Random  [`@stdlib/Random`]
  [9e88b42a] Serialization  [`@stdlib/Serialization`]
  [6462fe0b] Sockets  [`@stdlib/Sockets`]
  [8dfed614] Test  [`@stdlib/Test`]
Wet OceanGridBox at CartesianIndex(1, 1, 1):
  location: -45.0°N, 60.0°E
  depth: 460.2 m
  size: 53373.6 km × 1592.8 km × 920.5 m (δx × δy × δz)
Wet OceanGridBox at CartesianIndex(2, 1, 1):
  location: 45.0°N, 60.0°E
  depth: 460.2 m
  size: 53373.6 km × 1592.8 km × 920.5 m (δx × δy × δz)
Wet OceanGridBox at CartesianIndex(1, 2, 1):
  location: -45.0°N, 180.0°E
  depth: 460.2 m
  size: 53373.6 km × 1592.8 km × 920.5 m (δx × δy × δz)
Wet OceanGridBox at CartesianIndex(2, 2, 1):
  location: 45.0°N, 180.0°E
  depth: 460.2 m
  size: 53373.6 km × 1592.8 km × 920.5 m (δx × δy × δz)
Wet OceanGridBox at CartesianIndex(1, 3, 1):
  location: -45.0°N, 300.0°E
  depth: 460.2 m
  size: 53373.6 km × 1592.8 km × 920.5 m (δx × δy × δz)
Wet OceanGridBox at CartesianIndex(2, 3, 1):
  location: 45.0°N, 300.0°E
  depth: 460.2 m
  size: 53373.6 km × 1592.8 km × 920.5 m (δx × δy × δz)
Wet OceanGridBox at CartesianIndex(1, 1, 2):
  location: -45.0°N, 60.0°E
  depth: 1380.8 m
  size: 53373.6 km × 1592.8 km × 920.5 m (δx × δy × δz)
Wet OceanGridBox at CartesianIndex(2, 1, 2):
  location: 45.0°N, 60.0°E
  depth: 1380.8 m
  size: 53373.6 km × 1592.8 km × 920.5 m (δx × δy × δz)
Wet OceanGridBox at CartesianIndex(1, 2, 2):
  location: -45.0°N, 180.0°E
  depth: 1380.8 m
  size: 53373.6 km × 1592.8 km × 920.5 m (δx × δy × δz)
Wet OceanGridBox at CartesianIndex(2, 2, 2):
  location: 45.0°N, 180.0°E
  depth: 1380.8 m
  size: 53373.6 km × 1592.8 km × 920.5 m (δx × δy × δz)
Wet OceanGridBox at CartesianIndex(1, 3, 2):
  location: -45.0°N, 300.0°E
  depth: 1380.8 m
  size: 53373.6 km × 1592.8 km × 920.5 m (δx × δy × δz)
Wet OceanGridBox at CartesianIndex(2, 3, 2):
  location: 45.0°N, 300.0°E
  depth: 1380.8 m
  size: 53373.6 km × 1592.8 km × 920.5 m (δx × δy × δz)
Wet OceanGridBox at CartesianIndex(1, 1, 3):
  location: -45.0°N, 60.0°E
  depth: 2301.2 m
  size: 53373.6 km × 1592.8 km × 920.5 m (δx × δy × δz)
Wet OceanGridBox at CartesianIndex(2, 1, 3):
  location: 45.0°N, 60.0°E
  depth: 2301.2 m
  size: 53373.6 km × 1592.8 km × 920.5 m (δx × δy × δz)
Wet OceanGridBox at CartesianIndex(1, 2, 3):
  location: -45.0°N, 180.0°E
  depth: 2301.2 m
  size: 53373.6 km × 1592.8 km × 920.5 m (δx × δy × δz)
Wet OceanGridBox at CartesianIndex(2, 2, 3):
  location: 45.0°N, 180.0°E
  depth: 2301.2 m
  size: 53373.6 km × 1592.8 km × 920.5 m (δx × δy × δz)
Wet OceanGridBox at CartesianIndex(1, 3, 3):
  location: -45.0°N, 300.0°E
  depth: 2301.2 m
  size: 53373.6 km × 1592.8 km × 920.5 m (δx × δy × δz)
Wet OceanGridBox at CartesianIndex(2, 3, 3):
  location: 45.0°N, 300.0°E
  depth: 2301.2 m
  size: 53373.6 km × 1592.8 km × 920.5 m (δx × δy × δz)
Wet OceanGridBox at CartesianIndex(1, 1, 4):
  location: -45.0°N, 60.0°E
  depth: 3221.8 m
  size: 53373.6 km × 1592.8 km × 920.5 m (δx × δy × δz)
Wet OceanGridBox at CartesianIndex(2, 1, 4):
  location: 45.0°N, 60.0°E
  depth: 3221.8 m
  size: 53373.6 km × 1592.8 km × 920.5 m (δx × δy × δz)
Wet OceanGridBox at CartesianIndex(1, 2, 4):
  location: -45.0°N, 180.0°E
  depth: 3221.8 m
  size: 53373.6 km × 1592.8 km × 920.5 m (δx × δy × δz)
Wet OceanGridBox at CartesianIndex(2, 2, 4):
  location: 45.0°N, 180.0°E
  depth: 3221.8 m
  size: 53373.6 km × 1592.8 km × 920.5 m (δx × δy × δz)
Wet OceanGridBox at CartesianIndex(1, 3, 4):
  location: -45.0°N, 300.0°E
  depth: 3221.8 m
  size: 53373.6 km × 1592.8 km × 920.5 m (δx × δy × δz)
Wet OceanGridBox at CartesianIndex(2, 3, 4):
  location: 45.0°N, 300.0°E
  depth: 3221.8 m
  size: 53373.6 km × 1592.8 km × 920.5 m (δx × δy × δz)
Test Summary:    | Pass  Total
Small grid tests |  100    100
┌ Warning: `elat` and `elon` provided without units — assuming s
└ @ OceanGrids ~/.julia/packages/OceanGrids/xa8QV/src/OceanGrids.jl:152
┌ Warning: `elat` and `elon` provided without units — assuming s
└ @ OceanGrids ~/.julia/packages/OceanGrids/xa8QV/src/OceanGrids.jl:152
OceanGrid of size 4×2×5 (lat×lon×depth)
┌ Warning: `elat` and `elon` provided without units — assuming s
└ @ OceanGrids ~/.julia/packages/OceanGrids/xa8QV/src/OceanGrids.jl:152
OceanGrid of size 4×2×5 (lat×lon×depth)
┌ Warning: `elat`, `elon`, and `edepth` provided without units ming degrees and meters
└ @ OceanGrids ~/.julia/packages/OceanGrids/xa8QV/src/OceanGrids.jl:156
OceanGrid of size 4×2×5 (lat×lon×depth)
┌ Warning: `elat`, `elon`, and `edepth` provided without units ming degrees and meters
└ @ OceanGrids ~/.julia/packages/OceanGrids/xa8QV/src/OceanGrids.jl:156
OceanGrid of size 4×2×5 (lat×lon×depth)
┌ Warning: `elat` and `elon` provided without units — assuming s
└ @ OceanGrids ~/.julia/packages/OceanGrids/xa8QV/src/OceanGrids.jl:152
OceanGrid of size 4×2×5 (lat×lon×depth)
┌ Warning: `elat` and `elon` provided without units — assuming s
└ @ OceanGrids ~/.julia/packages/OceanGrids/xa8QV/src/OceanGrids.jl:152
OceanGrid of size 4×2×5 (lat×lon×depth)
┌ Warning: `elat` and `elon` provided without units — assuming s
└ @ OceanGrids ~/.julia/packages/OceanGrids/xa8QV/src/OceanGrids.jl:152
OceanGrid of size 4×2×5 (lat×lon×depth)
OceanGrid of size 4×2×5 (lat×lon×depth)
┌ Warning: `elat`, `elon`, and `edepth` provided without units ming degrees and meters
└ @ OceanGrids ~/.julia/packages/OceanGrids/xa8QV/src/OceanGrids.jl:156
┌ Warning: `elat`, `elon`, and `edepth` provided without units ming degrees and meters
└ @ OceanGrids ~/.julia/packages/OceanGrids/xa8QV/src/OceanGrids.jl:156
OceanGrid of size 4×2×5 (lat×lon×depth)
┌ Warning: `elat` and `elon` provided without units — assuming s
└ @ OceanGrids ~/.julia/packages/OceanGrids/xa8QV/src/OceanGrids.jl:152
OceanGrid of size 4×2×5 (lat×lon×depth)
┌ Warning: `elon` provided without units — assuming degrees
└ @ OceanGrids ~/.julia/packages/OceanGrids/xa8QV/src/OceanGrids.jl:144
OceanGrid of size 4×2×5 (lat×lon×depth)
┌ Warning: `elon` provided without units — assuming degrees
└ @ OceanGrids ~/.julia/packages/OceanGrids/xa8QV/src/OceanGrids.jl:144
OceanGrid of size 4×2×5 (lat×lon×depth)
┌ Warning: `elon` and `edepth` provided without units — assuming degrees and meters
└ @ OceanGrids ~/.julia/packages/OceanGrids/xa8QV/src/OceanGrids.jl:164
OceanGrid of size 4×2×5 (lat×lon×depth)
OceanGrid of size 4×2×5 (lat×lon×depth)
┌ Warning: `elon` and `edepth` provided without units — assuming degrees and meters
└ @ OceanGrids ~/.julia/packages/OceanGrids/xa8QV/src/OceanGrids.jl:164
┌ Warning: `elon` provided without units — assuming degrees
└ @ OceanGrids ~/.julia/packages/OceanGrids/xa8QV/src/OceanGrids.jl:144
OceanGrid of size 4×2×5 (lat×lon×depth)
┌ Warning: `elon` provided without units — assuming degrees
└ @ OceanGrids ~/.julia/packages/OceanGrids/xa8QV/src/OceanGrids.jl:144
OceanGrid of size 4×2×5 (lat×lon×depth)
┌ Warning: `elon` provided without units — assuming degrees
└ @ OceanGrids ~/.julia/packages/OceanGrids/xa8QV/src/OceanGrids.jl:144
OceanGrid of size 4×2×5 (lat×lon×depth)
┌ Warning: `elon` and `edepth` provided without units — assuming degrees and meters
└ @ OceanGrids ~/.julia/packages/OceanGrids/xa8QV/src/OceanGrids.jl:164
OceanGrid of size 4×2×5 (lat×lon×depth)
┌ Warning: `elon` and `edepth` provided without units — assuming degrees and meters
└ @ OceanGrids ~/.julia/packages/OceanGrids/xa8QV/src/OceanGrids.jl:164
OceanGrid of size 4×2×5 (lat×lon×depth)
┌ Warning: `elon` provided without units — assuming degrees
└ @ OceanGrids ~/.julia/packages/OceanGrids/xa8QV/src/OceanGrids.jl:144
OceanGrid of size 4×2×5 (lat×lon×depth)
┌ Warning: `elat` and `elon` provided without units — assuming s
└ @ OceanGrids ~/.julia/packages/OceanGrids/xa8QV/src/OceanGrids.jl:152
OceanGrid of size 4×2×5 (lat×lon×depth)
┌ Warning: `elat` and `elon` provided without units — assuming s
└ @ OceanGrids ~/.julia/packages/OceanGrids/xa8QV/src/OceanGrids.jl:152
OceanGrid of size 4×2×5 (lat×lon×depth)
┌ Warning: `elat`, `elon`, and `edepth` provided without units ming degrees and meters
└ @ OceanGrids ~/.julia/packages/OceanGrids/xa8QV/src/OceanGrids.jl:156
OceanGrid of size 4×2×5 (lat×lon×depth)
┌ Warning: `elat`, `elon`, and `edepth` provided without units ming degrees and meters
└ @ OceanGrids ~/.julia/packages/OceanGrids/xa8QV/src/OceanGrids.jl:156
OceanGrid of size 4×2×5 (lat×lon×depth)
┌ Warning: `elat` and `elon` provided without units — assuming s
└ @ OceanGrids ~/.julia/packages/OceanGrids/xa8QV/src/OceanGrids.jl:152
OceanGrid of size 4×2×5 (lat×lon×depth)
┌ Warning: `elat` and `elon` provided without units — assuming s
└ @ OceanGrids ~/.julia/packages/OceanGrids/xa8QV/src/OceanGrids.jl:152
OceanGrid of size 4×2×5 (lat×lon×depth)
┌ Warning: `elat` and `elon` provided without units — assuming s
└ @ OceanGrids ~/.julia/packages/OceanGrids/xa8QV/src/OceanGrids.jl:152
OceanGrid of size 4×2×5 (lat×lon×depth)
OceanGrid of size 4×2×5 (lat×lon×depth)
┌ Warning: `elat`, `elon`, and `edepth` provided without units ming degrees and meters
└ @ OceanGrids ~/.julia/packages/OceanGrids/xa8QV/src/OceanGrids.jl:156
OceanGrid of size 4×2×5 (lat×lon×depth)
┌ Warning: `elat`, `elon`, and `edepth` provided without units ming degrees and meters
└ @ OceanGrids ~/.julia/packages/OceanGrids/xa8QV/src/OceanGrids.jl:156
┌ Warning: `elat` and `elon` provided without units — assuming s
└ @ OceanGrids ~/.julia/packages/OceanGrids/xa8QV/src/OceanGrids.jl:152
OceanGrid of size 4×2×5 (lat×lon×depth)
┌ Warning: `elon` provided without units — assuming degrees
└ @ OceanGrids ~/.julia/packages/OceanGrids/xa8QV/src/OceanGrids.jl:144
OceanGrid of size 4×2×5 (lat×lon×depth)
┌ Warning: `elon` provided without units — assuming degrees
└ @ OceanGrids ~/.julia/packages/OceanGrids/xa8QV/src/OceanGrids.jl:144
OceanGrid of size 4×2×5 (lat×lon×depth)
┌ Warning: `elon` and `edepth` provided without units — assuming degrees and meters
└ @ OceanGrids ~/.julia/packages/OceanGrids/xa8QV/src/OceanGrids.jl:164
OceanGrid of size 4×2×5 (lat×lon×depth)
┌ Warning: `elon` and `edepth` provided without units — assuming degrees and meters
└ @ OceanGrids ~/.julia/packages/OceanGrids/xa8QV/src/OceanGrids.jl:164
OceanGrid of size 4×2×5 (lat×lon×depth)
┌ Warning: `elon` provided without units — assuming degrees
└ @ OceanGrids ~/.julia/packages/OceanGrids/xa8QV/src/OceanGrids.jl:144
OceanGrid of size 4×2×5 (lat×lon×depth)
┌ Warning: `elon` provided without units — assuming degrees
└ @ OceanGrids ~/.julia/packages/OceanGrids/xa8QV/src/OceanGrids.jl:144
OceanGrid of size 4×2×5 (lat×lon×depth)
┌ Warning: `elon` provided without units — assuming degrees
└ @ OceanGrids ~/.julia/packages/OceanGrids/xa8QV/src/OceanGrids.jl:144
OceanGrid of size 4×2×5 (lat×lon×depth)
┌ Warning: `elon` and `edepth` provided without units — assuming degrees and meters
└ @ OceanGrids ~/.julia/packages/OceanGrids/xa8QV/src/OceanGrids.jl:164
OceanGrid of size 4×2×5 (lat×lon×depth)
┌ Warning: `elon` and `edepth` provided without units — assuming degrees and meters
└ @ OceanGrids ~/.julia/packages/OceanGrids/xa8QV/src/OceanGrids.jl:164
OceanGrid of size 4×2×5 (lat×lon×depth)
┌ Warning: `elon` provided without units — assuming degrees
└ @ OceanGrids ~/.julia/packages/OceanGrids/xa8QV/src/OceanGrids.jl:144
OceanGrid of size 4×2×5 (lat×lon×depth)
┌ Warning: `elat` and `elon` provided without units — assuming s
└ @ OceanGrids ~/.julia/packages/OceanGrids/xa8QV/src/OceanGrids.jl:152
OceanGrid of size 4×2×5 (lat×lon×depth)
┌ Warning: `elat` and `elon` provided without units — assuming s
└ @ OceanGrids ~/.julia/packages/OceanGrids/xa8QV/src/OceanGrids.jl:152
OceanGrid of size 4×2×5 (lat×lon×depth)
┌ Warning: `elat`, `elon`, and `edepth` provided without units ming degrees and meters
└ @ OceanGrids ~/.julia/packages/OceanGrids/xa8QV/src/OceanGrids.jl:156
OceanGrid of size 4×2×5 (lat×lon×depth)
┌ Warning: `elat`, `elon`, and `edepth` provided without units ming degrees and meters
└ @ OceanGrids ~/.julia/packages/OceanGrids/xa8QV/src/OceanGrids.jl:156
OceanGrid of size 4×2×5 (lat×lon×depth)
┌ Warning: `elat` and `elon` provided without units — assuming s
└ @ OceanGrids ~/.julia/packages/OceanGrids/xa8QV/src/OceanGrids.jl:152
OceanGrid of size 4×2×5 (lat×lon×depth)
┌ Warning: `elat` and `elon` provided without units — assuming s
└ @ OceanGrids ~/.julia/packages/OceanGrids/xa8QV/src/OceanGrids.jl:152
OceanGrid of size 4×2×5 (lat×lon×depth)
┌ Warning: `elat` and `elon` provided without units — assuming s
└ @ OceanGrids ~/.julia/packages/OceanGrids/xa8QV/src/OceanGrids.jl:152
OceanGrid of size 4×2×5 (lat×lon×depth)
┌ Warning: `elat`, `elon`, and `edepth` provided without units ming degrees and meters
└ @ OceanGrids ~/.julia/packages/OceanGrids/xa8QV/src/OceanGrids.jl:156
OceanGrid of size 4×2×5 (lat×lon×depth)
┌ Warning: `elat`, `elon`, and `edepth` provided without units ming degrees and meters
└ @ OceanGrids ~/.julia/packages/OceanGrids/xa8QV/src/OceanGrids.jl:156
OceanGrid of size 4×2×5 (lat×lon×depth)
┌ Warning: `elat` and `elon` provided without units — assuming s
└ @ OceanGrids ~/.julia/packages/OceanGrids/xa8QV/src/OceanGrids.jl:152
OceanGrid of size 4×2×5 (lat×lon×depth)
┌ Warning: `elon` provided without units — assuming degrees
└ @ OceanGrids ~/.julia/packages/OceanGrids/xa8QV/src/OceanGrids.jl:144
OceanGrid of size 4×2×5 (lat×lon×depth)
┌ Warning: `elon` provided without units — assuming degrees
└ @ OceanGrids ~/.julia/packages/OceanGrids/xa8QV/src/OceanGrids.jl:144
OceanGrid of size 4×2×5 (lat×lon×depth)
┌ Warning: `elon` and `edepth` provided without units — assuming degrees and meters
└ @ OceanGrids ~/.julia/packages/OceanGrids/xa8QV/src/OceanGrids.jl:164
OceanGrid of size 4×2×5 (lat×lon×depth)
┌ Warning: `elon` and `edepth` provided without units — assuming degrees and meters
└ @ OceanGrids ~/.julia/packages/OceanGrids/xa8QV/src/OceanGrids.jl:164
OceanGrid of size 4×2×5 (lat×lon×depth)
┌ Warning: `elon` provided without units — assuming degrees
└ @ OceanGrids ~/.julia/packages/OceanGrids/xa8QV/src/OceanGrids.jl:144
OceanGrid of size 4×2×5 (lat×lon×depth)
┌ Warning: `elon` provided without units — assuming degrees
└ @ OceanGrids ~/.julia/packages/OceanGrids/xa8QV/src/OceanGrids.jl:144
OceanGrid of size 4×2×5 (lat×lon×depth)
┌ Warning: `elon` provided without units — assuming degrees
└ @ OceanGrids ~/.julia/packages/OceanGrids/xa8QV/src/OceanGrids.jl:144
OceanGrid of size 4×2×5 (lat×lon×depth)
┌ Warning: `elon` and `edepth` provided without units — assuming degrees and meters
└ @ OceanGrids ~/.julia/packages/OceanGrids/xa8QV/src/OceanGrids.jl:164
OceanGrid of size 4×2×5 (lat×lon×depth)
┌ Warning: `elon` and `edepth` provided without units — assuming degrees and meters
└ @ OceanGrids ~/.julia/packages/OceanGrids/xa8QV/src/OceanGrids.jl:164
OceanGrid of size 4×2×5 (lat×lon×depth)
┌ Warning: `elon` provided without units — assuming degrees
└ @ OceanGrids ~/.julia/packages/OceanGrids/xa8QV/src/OceanGrids.jl:144
OceanGrid of size 4×2×5 (lat×lon×depth)
┌ Warning: `elat` and `elon` provided without units — assuming s
└ @ OceanGrids ~/.julia/packages/OceanGrids/xa8QV/src/OceanGrids.jl:152
OceanGrid of size 4×2×5 (lat×lon×depth)
┌ Warning: `elat` and `elon` provided without units — assuming s
└ @ OceanGrids ~/.julia/packages/OceanGrids/xa8QV/src/OceanGrids.jl:152
OceanGrid of size 4×2×5 (lat×lon×depth)
┌ Warning: `elat`, `elon`, and `edepth` provided without units ming degrees and meters
└ @ OceanGrids ~/.julia/packages/OceanGrids/xa8QV/src/OceanGrids.jl:156
OceanGrid of size 4×2×5 (lat×lon×depth)
┌ Warning: `elat`, `elon`, and `edepth` provided without units ming degrees and meters
└ @ OceanGrids ~/.julia/packages/OceanGrids/xa8QV/src/OceanGrids.jl:156
OceanGrid of size 4×2×5 (lat×lon×depth)
┌ Warning: `elat` and `elon` provided without units — assuming s
└ @ OceanGrids ~/.julia/packages/OceanGrids/xa8QV/src/OceanGrids.jl:152
OceanGrid of size 4×2×5 (lat×lon×depth)
┌ Warning: `elat` and `elon` provided without units — assuming s
└ @ OceanGrids ~/.julia/packages/OceanGrids/xa8QV/src/OceanGrids.jl:152
OceanGrid of size 4×2×5 (lat×lon×depth)
┌ Warning: `elat` and `elon` provided without units — assuming s
└ @ OceanGrids ~/.julia/packages/OceanGrids/xa8QV/src/OceanGrids.jl:152
OceanGrid of size 4×2×5 (lat×lon×depth)
┌ Warning: `elat`, `elon`, and `edepth` provided without units ming degrees and meters
└ @ OceanGrids ~/.julia/packages/OceanGrids/xa8QV/src/OceanGrids.jl:156
OceanGrid of size 4×2×5 (lat×lon×depth)
┌ Warning: `elat`, `elon`, and `edepth` provided without units ming degrees and meters
└ @ OceanGrids ~/.julia/packages/OceanGrids/xa8QV/src/OceanGrids.jl:156
OceanGrid of size 4×2×5 (lat×lon×depth)
┌ Warning: `elat` and `elon` provided without units — assuming s
└ @ OceanGrids ~/.julia/packages/OceanGrids/xa8QV/src/OceanGrids.jl:152
OceanGrid of size 4×2×5 (lat×lon×depth)
┌ Warning: `elon` provided without units — assuming degrees
└ @ OceanGrids ~/.julia/packages/OceanGrids/xa8QV/src/OceanGrids.jl:144
OceanGrid of size 4×2×5 (lat×lon×depth)
┌ Warning: `elon` provided without units — assuming degrees
└ @ OceanGrids ~/.julia/packages/OceanGrids/xa8QV/src/OceanGrids.jl:144
OceanGrid of size 4×2×5 (lat×lon×depth)
┌ Warning: `elon` and `edepth` provided without units — assuming degrees and meters
└ @ OceanGrids ~/.julia/packages/OceanGrids/xa8QV/src/OceanGrids.jl:164
OceanGrid of size 4×2×5 (lat×lon×depth)
┌ Warning: `elon` and `edepth` provided without units — assuming degrees and meters
└ @ OceanGrids ~/.julia/packages/OceanGrids/xa8QV/src/OceanGrids.jl:164
OceanGrid of size 4×2×5 (lat×lon×depth)
┌ Warning: `elon` provided without units — assuming degrees
└ @ OceanGrids ~/.julia/packages/OceanGrids/xa8QV/src/OceanGrids.jl:144
OceanGrid of size 4×2×5 (lat×lon×depth)
┌ Warning: `elon` provided without units — assuming degrees
└ @ OceanGrids ~/.julia/packages/OceanGrids/xa8QV/src/OceanGrids.jl:144
OceanGrid of size 4×2×5 (lat×lon×depth)
┌ Warning: `elon` provided without units — assuming degrees
└ @ OceanGrids ~/.julia/packages/OceanGrids/xa8QV/src/OceanGrids.jl:144
OceanGrid of size 4×2×5 (lat×lon×depth)
┌ Warning: `elon` and `edepth` provided without units — assuming degrees and meters
└ @ OceanGrids ~/.julia/packages/OceanGrids/xa8QV/src/OceanGrids.jl:164
OceanGrid of size 4×2×5 (lat×lon×depth)
┌ Warning: `elon` and `edepth` provided without units — assuming degrees and meters
└ @ OceanGrids ~/.julia/packages/OceanGrids/xa8QV/src/OceanGrids.jl:164
OceanGrid of size 4×2×5 (lat×lon×depth)
┌ Warning: `elon` provided without units — assuming degrees
└ @ OceanGrids ~/.julia/packages/OceanGrids/xa8QV/src/OceanGrids.jl:144
OceanGrid of size 4×2×5 (lat×lon×depth)
┌ Warning: `elat` provided without units — assuming degrees
└ @ OceanGrids ~/.julia/packages/OceanGrids/xa8QV/src/OceanGrids.jl:148
OceanGrid of size 4×2×5 (lat×lon×depth)
┌ Warning: `elat` provided without units — assuming degrees
└ @ OceanGrids ~/.julia/packages/OceanGrids/xa8QV/src/OceanGrids.jl:148
OceanGrid of size 4×2×5 (lat×lon×depth)
┌ Warning: `elat` and `edepth` provided without units — assuming and meters
└ @ OceanGrids ~/.julia/packages/OceanGrids/xa8QV/src/OceanGrids.jl:160
OceanGrid of size 4×2×5 (lat×lon×depth)
┌ Warning: `elat` and `edepth` provided without units — assuming and meters
└ @ OceanGrids ~/.julia/packages/OceanGrids/xa8QV/src/OceanGrids.jl:160
OceanGrid of size 4×2×5 (lat×lon×depth)
┌ Warning: `elat` provided without units — assuming degrees
└ @ OceanGrids ~/.julia/packages/OceanGrids/xa8QV/src/OceanGrids.jl:148
OceanGrid of size 4×2×5 (lat×lon×depth)
┌ Warning: `elat` provided without units — assuming degrees
└ @ OceanGrids ~/.julia/packages/OceanGrids/xa8QV/src/OceanGrids.jl:148
OceanGrid of size 4×2×5 (lat×lon×depth)
┌ Warning: `elat` provided without units — assuming degrees
└ @ OceanGrids ~/.julia/packages/OceanGrids/xa8QV/src/OceanGrids.jl:148
OceanGrid of size 4×2×5 (lat×lon×depth)
┌ Warning: `elat` and `edepth` provided without units — assuming and meters
└ @ OceanGrids ~/.julia/packages/OceanGrids/xa8QV/src/OceanGrids.jl:160
OceanGrid of size 4×2×5 (lat×lon×depth)
┌ Warning: `elat` and `edepth` provided without units — assuming and meters
└ @ OceanGrids ~/.julia/packages/OceanGrids/xa8QV/src/OceanGrids.jl:160
OceanGrid of size 4×2×5 (lat×lon×depth)
┌ Warning: `elat` provided without units — assuming degrees
└ @ OceanGrids ~/.julia/packages/OceanGrids/xa8QV/src/OceanGrids.jl:148
OceanGrid of size 4×2×5 (lat×lon×depth)
OceanGrid of size 4×2×5 (lat×lon×depth)
OceanGrid of size 4×2×5 (lat×lon×depth)
┌ Warning: `edepth` provided without units — assuming meters
└ @ OceanGrids ~/.julia/packages/OceanGrids/xa8QV/src/OceanGrids.jl:140
OceanGrid of size 4×2×5 (lat×lon×depth)
┌ Warning: `edepth` provided without units — assuming meters
└ @ OceanGrids ~/.julia/packages/OceanGrids/xa8QV/src/OceanGrids.jl:140
OceanGrid of size 4×2×5 (lat×lon×depth)
OceanGrid of size 4×2×5 (lat×lon×depth)
OceanGrid of size 4×2×5 (lat×lon×depth)
OceanGrid of size 4×2×5 (lat×lon×depth)
┌ Warning: `edepth` provided without units — assuming meters
└ @ OceanGrids ~/.julia/packages/OceanGrids/xa8QV/src/OceanGrids.jl:140
OceanGrid of size 4×2×5 (lat×lon×depth)
┌ Warning: `edepth` provided without units — assuming meters
└ @ OceanGrids ~/.julia/packages/OceanGrids/xa8QV/src/OceanGrids.jl:140
OceanGrid of size 4×2×5 (lat×lon×depth)
OceanGrid of size 4×2×5 (lat×lon×depth)
┌ Warning: `elat` provided without units — assuming degrees
└ @ OceanGrids ~/.julia/packages/OceanGrids/xa8QV/src/OceanGrids.jl:148
OceanGrid of size 4×2×5 (lat×lon×depth)
┌ Warning: `elat` provided without units — assuming degrees
└ @ OceanGrids ~/.julia/packages/OceanGrids/xa8QV/src/OceanGrids.jl:148
OceanGrid of size 4×2×5 (lat×lon×depth)
┌ Warning: `elat` and `edepth` provided without units — assuming and meters
└ @ OceanGrids ~/.julia/packages/OceanGrids/xa8QV/src/OceanGrids.jl:160
OceanGrid of size 4×2×5 (lat×lon×depth)
┌ Warning: `elat` and `edepth` provided without units — assuming and meters
└ @ OceanGrids ~/.julia/packages/OceanGrids/xa8QV/src/OceanGrids.jl:160
OceanGrid of size 4×2×5 (lat×lon×depth)
┌ Warning: `elat` provided without units — assuming degrees
└ @ OceanGrids ~/.julia/packages/OceanGrids/xa8QV/src/OceanGrids.jl:148
OceanGrid of size 4×2×5 (lat×lon×depth)
┌ Warning: `elat` provided without units — assuming degrees
└ @ OceanGrids ~/.julia/packages/OceanGrids/xa8QV/src/OceanGrids.jl:148
OceanGrid of size 4×2×5 (lat×lon×depth)
┌ Warning: `elat` provided without units — assuming degrees
└ @ OceanGrids ~/.julia/packages/OceanGrids/xa8QV/src/OceanGrids.jl:148
OceanGrid of size 4×2×5 (lat×lon×depth)
┌ Warning: `elat` and `edepth` provided without units — assuming and meters
└ @ OceanGrids ~/.julia/packages/OceanGrids/xa8QV/src/OceanGrids.jl:160
OceanGrid of size 4×2×5 (lat×lon×depth)
┌ Warning: `elat` and `edepth` provided without units — assuming and meters
└ @ OceanGrids ~/.julia/packages/OceanGrids/xa8QV/src/OceanGrids.jl:160
OceanGrid of size 4×2×5 (lat×lon×depth)
┌ Warning: `elat` provided without units — assuming degrees
└ @ OceanGrids ~/.julia/packages/OceanGrids/xa8QV/src/OceanGrids.jl:148
OceanGrid of size 4×2×5 (lat×lon×depth)
OceanGrid of size 4×2×5 (lat×lon×depth)
OceanGrid of size 4×2×5 (lat×lon×depth)
┌ Warning: `edepth` provided without units — assuming meters
└ @ OceanGrids ~/.julia/packages/OceanGrids/xa8QV/src/OceanGrids.jl:140
OceanGrid of size 4×2×5 (lat×lon×depth)
┌ Warning: `edepth` provided without units — assuming meters
└ @ OceanGrids ~/.julia/packages/OceanGrids/xa8QV/src/OceanGrids.jl:140
OceanGrid of size 4×2×5 (lat×lon×depth)
OceanGrid of size 4×2×5 (lat×lon×depth)
OceanGrid of size 4×2×5 (lat×lon×depth)
OceanGrid of size 4×2×5 (lat×lon×depth)
┌ Warning: `edepth` provided without units — assuming meters
└ @ OceanGrids ~/.julia/packages/OceanGrids/xa8QV/src/OceanGrids.jl:140
OceanGrid of size 4×2×5 (lat×lon×depth)
┌ Warning: `edepth` provided without units — assuming meters
└ @ OceanGrids ~/.julia/packages/OceanGrids/xa8QV/src/OceanGrids.jl:140
OceanGrid of size 4×2×5 (lat×lon×depth)
OceanGrid of size 4×2×5 (lat×lon×depth)
┌ Warning: `elat` provided without units — assuming degrees
└ @ OceanGrids ~/.julia/packages/OceanGrids/xa8QV/src/OceanGrids.jl:148
OceanGrid of size 4×2×5 (lat×lon×depth)
┌ Warning: `elat` provided without units — assuming degrees
└ @ OceanGrids ~/.julia/packages/OceanGrids/xa8QV/src/OceanGrids.jl:148
OceanGrid of size 4×2×5 (lat×lon×depth)
┌ Warning: `elat` and `edepth` provided without units — assuming and meters
└ @ OceanGrids ~/.julia/packages/OceanGrids/xa8QV/src/OceanGrids.jl:160
OceanGrid of size 4×2×5 (lat×lon×depth)
┌ Warning: `elat` and `edepth` provided without units — assuming and meters
└ @ OceanGrids ~/.julia/packages/OceanGrids/xa8QV/src/OceanGrids.jl:160
OceanGrid of size 4×2×5 (lat×lon×depth)
┌ Warning: `elat` provided without units — assuming degrees
└ @ OceanGrids ~/.julia/packages/OceanGrids/xa8QV/src/OceanGrids.jl:148
OceanGrid of size 4×2×5 (lat×lon×depth)
┌ Warning: `elat` provided without units — assuming degrees
└ @ OceanGrids ~/.julia/packages/OceanGrids/xa8QV/src/OceanGrids.jl:148
OceanGrid of size 4×2×5 (lat×lon×depth)
┌ Warning: `elat` provided without units — assuming degrees
└ @ OceanGrids ~/.julia/packages/OceanGrids/xa8QV/src/OceanGrids.jl:148
OceanGrid of size 4×2×5 (lat×lon×depth)
┌ Warning: `elat` and `edepth` provided without units — assuming and meters
└ @ OceanGrids ~/.julia/packages/OceanGrids/xa8QV/src/OceanGrids.jl:160
OceanGrid of size 4×2×5 (lat×lon×depth)
┌ Warning: `elat` and `edepth` provided without units — assuming and meters
└ @ OceanGrids ~/.julia/packages/OceanGrids/xa8QV/src/OceanGrids.jl:160
OceanGrid of size 4×2×5 (lat×lon×depth)
┌ Warning: `elat` provided without units — assuming degrees
└ @ OceanGrids ~/.julia/packages/OceanGrids/xa8QV/src/OceanGrids.jl:148
OceanGrid of size 4×2×5 (lat×lon×depth)
OceanGrid of size 4×2×5 (lat×lon×depth)
OceanGrid of size 4×2×5 (lat×lon×depth)
┌ Warning: `edepth` provided without units — assuming meters
└ @ OceanGrids ~/.julia/packages/OceanGrids/xa8QV/src/OceanGrids.jl:140
OceanGrid of size 4×2×5 (lat×lon×depth)
┌ Warning: `edepth` provided without units — assuming meters
└ @ OceanGrids ~/.julia/packages/OceanGrids/xa8QV/src/OceanGrids.jl:140
OceanGrid of size 4×2×5 (lat×lon×depth)
OceanGrid of size 4×2×5 (lat×lon×depth)
OceanGrid of size 4×2×5 (lat×lon×depth)
OceanGrid of size 4×2×5 (lat×lon×depth)
┌ Warning: `edepth` provided without units — assuming meters
└ @ OceanGrids ~/.julia/packages/OceanGrids/xa8QV/src/OceanGrids.jl:140
OceanGrid of size 4×2×5 (lat×lon×depth)
┌ Warning: `edepth` provided without units — assuming meters
└ @ OceanGrids ~/.julia/packages/OceanGrids/xa8QV/src/OceanGrids.jl:140
OceanGrid of size 4×2×5 (lat×lon×depth)
OceanGrid of size 4×2×5 (lat×lon×depth)
┌ Warning: `elat` provided without units — assuming degrees
└ @ OceanGrids ~/.julia/packages/OceanGrids/xa8QV/src/OceanGrids.jl:148
OceanGrid of size 4×2×5 (lat×lon×depth)
┌ Warning: `elat` provided without units — assuming degrees
└ @ OceanGrids ~/.julia/packages/OceanGrids/xa8QV/src/OceanGrids.jl:148
OceanGrid of size 4×2×5 (lat×lon×depth)
┌ Warning: `elat` and `edepth` provided without units — assuming and meters
└ @ OceanGrids ~/.julia/packages/OceanGrids/xa8QV/src/OceanGrids.jl:160
OceanGrid of size 4×2×5 (lat×lon×depth)
┌ Warning: `elat` and `edepth` provided without units — assuming and meters
└ @ OceanGrids ~/.julia/packages/OceanGrids/xa8QV/src/OceanGrids.jl:160
OceanGrid of size 4×2×5 (lat×lon×depth)
┌ Warning: `elat` provided without units — assuming degrees
└ @ OceanGrids ~/.julia/packages/OceanGrids/xa8QV/src/OceanGrids.jl:148
OceanGrid of size 4×2×5 (lat×lon×depth)
┌ Warning: `elat` provided without units — assuming degrees
└ @ OceanGrids ~/.julia/packages/OceanGrids/xa8QV/src/OceanGrids.jl:148
OceanGrid of size 4×2×5 (lat×lon×depth)
┌ Warning: `elat` provided without units — assuming degrees
└ @ OceanGrids ~/.julia/packages/OceanGrids/xa8QV/src/OceanGrids.jl:148
OceanGrid of size 4×2×5 (lat×lon×depth)
┌ Warning: `elat` and `edepth` provided without units — assuming and meters
└ @ OceanGrids ~/.julia/packages/OceanGrids/xa8QV/src/OceanGrids.jl:160
OceanGrid of size 4×2×5 (lat×lon×depth)
┌ Warning: `elat` and `edepth` provided without units — assuming and meters
└ @ OceanGrids ~/.julia/packages/OceanGrids/xa8QV/src/OceanGrids.jl:160
OceanGrid of size 4×2×5 (lat×lon×depth)
┌ Warning: `elat` provided without units — assuming degrees
└ @ OceanGrids ~/.julia/packages/OceanGrids/xa8QV/src/OceanGrids.jl:148
OceanGrid of size 4×2×5 (lat×lon×depth)
OceanGrid of size 4×2×5 (lat×lon×depth)
OceanGrid of size 4×2×5 (lat×lon×depth)
┌ Warning: `edepth` provided without units — assuming meters
└ @ OceanGrids ~/.julia/packages/OceanGrids/xa8QV/src/OceanGrids.jl:140
OceanGrid of size 4×2×5 (lat×lon×depth)
┌ Warning: `edepth` provided without units — assuming meters
└ @ OceanGrids ~/.julia/packages/OceanGrids/xa8QV/src/OceanGrids.jl:140
OceanGrid of size 4×2×5 (lat×lon×depth)
OceanGrid of size 4×2×5 (lat×lon×depth)
OceanGrid of size 4×2×5 (lat×lon×depth)
OceanGrid of size 4×2×5 (lat×lon×depth)
┌ Warning: `edepth` provided without units — assuming meters
└ @ OceanGrids ~/.julia/packages/OceanGrids/xa8QV/src/OceanGrids.jl:140
OceanGrid of size 4×2×5 (lat×lon×depth)
┌ Warning: `edepth` provided without units — assuming meters
└ @ OceanGrids ~/.julia/packages/OceanGrids/xa8QV/src/OceanGrids.jl:140
OceanGrid of size 4×2×5 (lat×lon×depth)
OceanGrid of size 4×2×5 (lat×lon×depth)
Test Summary: | Pass  Total
edges to grid | 6880   6880
   Testing OceanGrids tests passed 
