 Resolving package versions...
 Installed Libz ──────────────── v1.0.0
 Installed Codecs ────────────── v0.5.0
 Installed YAML ──────────────── v0.3.2
 Installed BioCore ───────────── v2.0.5
 Installed IndexableBitVectors ─ v1.0.0
 Installed BinaryProvider ────── v0.5.8
 Installed BioTools ──────────── v1.0.0
 Installed IntervalTrees ─────── v1.0.0
 Installed URIParser ─────────── v0.4.0
 Installed OrderedCollections ── v1.1.0
 Installed BGZFStreams ───────── v0.3.0
 Installed Twiddle ───────────── v1.1.1
 Installed Polynomials ───────── v0.6.0
 Installed BioSymbols ────────── v3.1.0
 Installed Automa ────────────── v0.8.0
 Installed Compat ────────────── v2.2.0
 Installed RecipesBase ───────── v0.7.0
 Installed Combinatorics ─────── v0.7.0
 Installed FixedPointNumbers ─── v0.5.3
 Installed CodecZlib ─────────── v0.6.0
 Installed DataStructures ────── v0.17.6
 Installed TranscodingStreams ── v0.9.5
 Installed BioSequences ──────── v1.1.0
 Installed BufferedStreams ───── v1.0.0
 Installed BioAlignments ─────── v1.0.0
 Installed GenomicFeatures ───── v1.0.0
 Installed EzXML ─────────────── v0.9.4
 Installed ColorTypes ────────── v0.8.0
  Updating `~/.julia/environments/v1.2/Project.toml`
  [fa51a905] + BioTools v1.0.0
  Updating `~/.julia/environments/v1.2/Manifest.toml`
  [67c07d97] + Automa v0.8.0
  [28d598bf] + BGZFStreams v0.3.0
  [b99e7846] + BinaryProvider v0.5.8
  [00701ae9] + BioAlignments v1.0.0
  [37cfa864] + BioCore v2.0.5
  [7e6ae17a] + BioSequences v1.1.0
  [3c28c6f8] + BioSymbols v3.1.0
  [fa51a905] + BioTools v1.0.0
  [e1450e63] + BufferedStreams v1.0.0
  [944b1d66] + CodecZlib v0.6.0
  [19ecbf4d] + Codecs v0.5.0
  [3da002f7] + ColorTypes v0.8.0
  [861a8166] + Combinatorics v0.7.0
  [34da2185] + Compat v2.2.0
  [864edb3b] + DataStructures v0.17.6
  [8f5d6c58] + EzXML v0.9.4
  [53c48c17] + FixedPointNumbers v0.5.3
  [899a7d2d] + GenomicFeatures v1.0.0
  [1cb3b9ac] + IndexableBitVectors v1.0.0
  [524e6230] + IntervalTrees v1.0.0
  [2ec943e9] + Libz v1.0.0
  [bac558e1] + OrderedCollections v1.1.0
  [f27b6e38] + Polynomials v0.6.0
  [3cdcf5f2] + RecipesBase v0.7.0
  [3bb67fe8] + TranscodingStreams v0.9.5
  [7200193e] + Twiddle v1.1.1
  [30578b45] + URIParser v0.4.0
  [ddb6d928] + YAML v0.3.2
  [2a0f44e3] + Base64 
  [ade2ca70] + Dates 
  [8bb1440f] + DelimitedFiles 
  [8ba89e20] + Distributed 
  [b77e0a4c] + InteractiveUtils 
  [76f85450] + LibGit2 
  [8f399da3] + Libdl 
  [37e2e46d] + LinearAlgebra 
  [56ddb016] + Logging 
  [d6f4376e] + Markdown 
  [a63ad114] + Mmap 
  [44cfe95a] + Pkg 
  [de0858da] + Printf 
  [9abbd945] + Profile 
  [3fa0cd96] + REPL 
  [9a3f8284] + Random 
  [ea8e919c] + SHA 
  [9e88b42a] + Serialization 
  [1a1011a3] + SharedArrays 
  [6462fe0b] + Sockets 
  [2f01184e] + SparseArrays 
  [10745b16] + Statistics 
  [8dfed614] + Test 
  [cf7118a7] + UUIDs 
  [4ec0a83e] + Unicode 
  Building CodecZlib → `~/.julia/packages/CodecZlib/5t9zO/deps/build.log`
  Building EzXML ────→ `~/.julia/packages/EzXML/G0JeY/deps/build.log`
   Testing BioTools
 Resolving package versions...
    Status `/tmp/jl_HZ9ap7/Manifest.toml`
  [67c07d97] Automa v0.8.0
  [28d598bf] BGZFStreams v0.3.0
  [b99e7846] BinaryProvider v0.5.8
  [00701ae9] BioAlignments v1.0.0
  [37cfa864] BioCore v2.0.5
  [7e6ae17a] BioSequences v1.1.0
  [3c28c6f8] BioSymbols v3.1.0
  [fa51a905] BioTools v1.0.0
  [e1450e63] BufferedStreams v1.0.0
  [944b1d66] CodecZlib v0.6.0
  [19ecbf4d] Codecs v0.5.0
  [3da002f7] ColorTypes v0.8.0
  [861a8166] Combinatorics v0.7.0
  [34da2185] Compat v2.2.0
  [864edb3b] DataStructures v0.17.6
  [8f5d6c58] EzXML v0.9.4
  [53c48c17] FixedPointNumbers v0.5.3
  [899a7d2d] GenomicFeatures v1.0.0
  [1cb3b9ac] IndexableBitVectors v1.0.0
  [524e6230] IntervalTrees v1.0.0
  [2ec943e9] Libz v1.0.0
  [bac558e1] OrderedCollections v1.1.0
  [f27b6e38] Polynomials v0.6.0
  [3cdcf5f2] RecipesBase v0.7.0
  [3bb67fe8] TranscodingStreams v0.9.5
  [7200193e] Twiddle v1.1.1
  [30578b45] URIParser v0.4.0
  [ddb6d928] YAML v0.3.2
  [2a0f44e3] Base64  [`@stdlib/Base64`]
  [ade2ca70] Dates  [`@stdlib/Dates`]
  [8bb1440f] DelimitedFiles  [`@stdlib/DelimitedFiles`]
  [8ba89e20] Distributed  [`@stdlib/Distributed`]
  [b77e0a4c] InteractiveUtils  [`@stdlib/InteractiveUtils`]
  [76f85450] LibGit2  [`@stdlib/LibGit2`]
  [8f399da3] Libdl  [`@stdlib/Libdl`]
  [37e2e46d] LinearAlgebra  [`@stdlib/LinearAlgebra`]
  [56ddb016] Logging  [`@stdlib/Logging`]
  [d6f4376e] Markdown  [`@stdlib/Markdown`]
  [a63ad114] Mmap  [`@stdlib/Mmap`]
  [44cfe95a] Pkg  [`@stdlib/Pkg`]
  [de0858da] Printf  [`@stdlib/Printf`]
  [9abbd945] Profile  [`@stdlib/Profile`]
  [3fa0cd96] REPL  [`@stdlib/REPL`]
  [9a3f8284] Random  [`@stdlib/Random`]
  [ea8e919c] SHA  [`@stdlib/SHA`]
  [9e88b42a] Serialization  [`@stdlib/Serialization`]
  [1a1011a3] SharedArrays  [`@stdlib/SharedArrays`]
  [6462fe0b] Sockets  [`@stdlib/Sockets`]
  [2f01184e] SparseArrays  [`@stdlib/SparseArrays`]
  [10745b16] Statistics  [`@stdlib/Statistics`]
  [8dfed614] Test  [`@stdlib/Test`]
  [cf7118a7] UUIDs  [`@stdlib/UUIDs`]
  [4ec0a83e] Unicode  [`@stdlib/Unicode`]
ERROR: LoadError: LoadError: error compiling version: could not load library "libz"
libz.so: cannot open shared object file: No such file or directory
Stacktrace:
 [1] top-level scope at /root/.julia/packages/Libz/zMAun/src/lowlevel.jl:110
 [2] include at ./boot.jl:328 [inlined]
 [3] include_relative(::Module, ::String) at ./loading.jl:1094
 [4] include at ./Base.jl:31 [inlined]
 [5] include(::String) at /root/.julia/packages/Libz/zMAun/src/Libz.jl:3
 [6] top-level scope at /root/.julia/packages/Libz/zMAun/src/Libz.jl:11
 [7] include at ./boot.jl:328 [inlined]
 [8] include_relative(::Module, ::String) at ./loading.jl:1094
 [9] include(::Module, ::String) at ./Base.jl:31
 [10] top-level scope at none:2
 [11] eval at ./boot.jl:330 [inlined]
 [12] eval(::Expr) at ./client.jl:432
 [13] top-level scope at ./none:3
in expression starting at /root/.julia/packages/Libz/zMAun/src/lowlevel.jl:110
in expression starting at /root/.julia/packages/Libz/zMAun/src/Libz.jl:11
caused by [exception 1]
could not load library "libz"
libz.so: cannot open shared object file: No such file or directory
Stacktrace:
 [1] top-level scope at /root/.julia/packages/Libz/zMAun/src/lowlevel.jl:110
 [2] include at ./boot.jl:328 [inlined]
 [3] include_relative(::Module, ::String) at ./loading.jl:1094
 [4] include at ./Base.jl:31 [inlined]
 [5] include(::String) at /root/.julia/packages/Libz/zMAun/src/Libz.jl:3
 [6] top-level scope at /root/.julia/packages/Libz/zMAun/src/Libz.jl:11
 [7] include at ./boot.jl:328 [inlined]
 [8] include_relative(::Module, ::String) at ./loading.jl:1094
 [9] include(::Module, ::String) at ./Base.jl:31
 [10] top-level scope at none:2
 [11] eval at ./boot.jl:330 [inlined]
 [12] eval(::Expr) at ./client.jl:432
 [13] top-level scope at ./none:3
ERROR: LoadError: LoadError: Failed to precompile Libz [2ec943e9-cfe8-584d-b93d-64dcb6d567b7] to /root/.julia/compiled/v1.2/Libz/0KnGZ.ji.
Stacktrace:
 [1] error(::String) at ./error.jl:33
 [2] compilecache(::Base.PkgId, ::String) at ./loading.jl:1253
 [3] _require(::Base.PkgId) at ./loading.jl:1013
 [4] require(::Base.PkgId) at ./loading.jl:911
 [5] require(::Module, ::Symbol) at ./loading.jl:906
 [6] include at ./boot.jl:328 [inlined]
 [7] include_relative(::Module, ::String) at ./loading.jl:1094
 [8] include at ./Base.jl:31 [inlined]
 [9] include(::String) at /root/.julia/packages/GenomicFeatures/93oqV/src/GenomicFeatures.jl:3
 [10] top-level scope at /root/.julia/packages/GenomicFeatures/93oqV/src/GenomicFeatures.jl:48
 [11] include at ./boot.jl:328 [inlined]
 [12] include_relative(::Module, ::String) at ./loading.jl:1094
 [13] include(::Module, ::String) at ./Base.jl:31
 [14] top-level scope at none:2
 [15] eval at ./boot.jl:330 [inlined]
 [16] eval(::Expr) at ./client.jl:432
 [17] top-level scope at ./none:3
in expression starting at /root/.julia/packages/GenomicFeatures/93oqV/src/bbi/bbi.jl:15
in expression starting at /root/.julia/packages/GenomicFeatures/93oqV/src/GenomicFeatures.jl:48
ERROR: LoadError: Failed to precompile GenomicFeatures [899a7d2d-5c61-547b-bef9-6698a8d05446] to /root/.julia/compiled/v1.2/GenomicFeatures/kSGNI.ji.
Stacktrace:
 [1] error(::String) at ./error.jl:33
 [2] compilecache(::Base.PkgId, ::String) at ./loading.jl:1253
 [3] _require(::Base.PkgId) at ./loading.jl:1013
 [4] require(::Base.PkgId) at ./loading.jl:911
 [5] require(::Module, ::Symbol) at ./loading.jl:906
 [6] include at ./boot.jl:328 [inlined]
 [7] include_relative(::Module, ::String) at ./loading.jl:1094
 [8] include(::Module, ::String) at ./Base.jl:31
 [9] top-level scope at none:2
 [10] eval at ./boot.jl:330 [inlined]
 [11] eval(::Expr) at ./client.jl:432
 [12] top-level scope at ./none:3
in expression starting at /root/.julia/packages/BioAlignments/AGQde/src/BioAlignments.jl:91
ERROR: LoadError: LoadError: Failed to precompile BioAlignments [00701ae9-d1dc-5365-b64a-a3a3ebf5695e] to /root/.julia/compiled/v1.2/BioAlignments/8o0Cp.ji.
Stacktrace:
 [1] error(::String) at ./error.jl:33
 [2] compilecache(::Base.PkgId, ::String) at ./loading.jl:1253
 [3] _require(::Base.PkgId) at ./loading.jl:1013
 [4] require(::Base.PkgId) at ./loading.jl:911
 [5] require(::Module, ::Symbol) at ./loading.jl:906
 [6] include at ./boot.jl:328 [inlined]
 [7] include_relative(::Module, ::String) at ./loading.jl:1094
 [8] include at ./Base.jl:31 [inlined]
 [9] include(::String) at /root/.julia/packages/BioTools/wXGId/src/BioTools.jl:1
 [10] top-level scope at /root/.julia/packages/BioTools/wXGId/src/BioTools.jl:3
 [11] include at ./boot.jl:328 [inlined]
 [12] include_relative(::Module, ::String) at ./loading.jl:1094
 [13] include(::Module, ::String) at ./Base.jl:31
 [14] top-level scope at none:2
 [15] eval at ./boot.jl:330 [inlined]
 [16] eval(::Expr) at ./client.jl:432
 [17] top-level scope at ./none:3
in expression starting at /root/.julia/packages/BioTools/wXGId/src/blast/BLAST.jl:14
in expression starting at /root/.julia/packages/BioTools/wXGId/src/BioTools.jl:3
ERROR: LoadError: Failed to precompile BioTools [fa51a905-6db9-5d43-b62f-5461347a870a] to /root/.julia/compiled/v1.2/BioTools/wwbVn.ji.
Stacktrace:
 [1] error(::String) at ./error.jl:33
 [2] compilecache(::Base.PkgId, ::String) at ./loading.jl:1253
 [3] _require(::Base.PkgId) at ./loading.jl:1013
 [4] require(::Base.PkgId) at ./loading.jl:911
 [5] require(::Module, ::Symbol) at ./loading.jl:906
 [6] include at ./boot.jl:328 [inlined]
 [7] include_relative(::Module, ::String) at ./loading.jl:1094
 [8] include(::Module, ::String) at ./Base.jl:31
 [9] include(::String) at ./client.jl:431
 [10] top-level scope at none:5
in expression starting at /root/.julia/packages/BioTools/wXGId/test/runtests.jl:5
ERROR: Package BioTools errored during testing
Stacktrace:
 [1] pkgerror(::String, ::Vararg{String,N} where N) at /buildworker/worker/package_linux64/build/usr/share/julia/stdlib/v1.2/Pkg/src/Types.jl:112
 [2] #test#119(::Bool, ::Nothing, ::typeof(Pkg.Operations.test), ::Pkg.Types.Context, ::Array{Pkg.Types.PackageSpec,1}) at /buildworker/worker/package_linux64/build/usr/share/julia/stdlib/v1.2/Pkg/src/Operations.jl:1288
 [3] #test at ./none:0 [inlined]
 [4] #test#62(::Bool, ::Nothing, ::Base.Iterators.Pairs{Union{},Union{},Tuple{},NamedTuple{(),Tuple{}}}, ::typeof(Pkg.API.test), ::Pkg.Types.Context, ::Array{Pkg.Types.PackageSpec,1}) at /buildworker/worker/package_linux64/build/usr/share/julia/stdlib/v1.2/Pkg/src/API.jl:245
 [5] test at /buildworker/worker/package_linux64/build/usr/share/julia/stdlib/v1.2/Pkg/src/API.jl:233 [inlined]
 [6] #test#61 at /buildworker/worker/package_linux64/build/usr/share/julia/stdlib/v1.2/Pkg/src/API.jl:230 [inlined]
 [7] test at /buildworker/worker/package_linux64/build/usr/share/julia/stdlib/v1.2/Pkg/src/API.jl:230 [inlined]
 [8] #test#60 at /buildworker/worker/package_linux64/build/usr/share/julia/stdlib/v1.2/Pkg/src/API.jl:229 [inlined]
 [9] test at /buildworker/worker/package_linux64/build/usr/share/julia/stdlib/v1.2/Pkg/src/API.jl:229 [inlined]
 [10] #test#59(::Base.Iterators.Pairs{Union{},Union{},Tuple{},NamedTuple{(),Tuple{}}}, ::typeof(Pkg.API.test), ::String) at /buildworker/worker/package_linux64/build/usr/share/julia/stdlib/v1.2/Pkg/src/API.jl:228
 [11] test(::String) at /buildworker/worker/package_linux64/build/usr/share/julia/stdlib/v1.2/Pkg/src/API.jl:228
 [12] top-level scope at none:10
