 Resolving package versions...
 Installed DataAPI ──────────── v1.1.0
 Installed Missings ─────────── v0.4.3
 Installed PDMats ───────────── v0.9.10
 Installed StatsFuns ────────── v0.8.0
 Installed NearestNeighbors ─── v0.4.3
 Installed BinaryProvider ───── v0.5.8
 Installed StatsBase ────────── v0.30.0
 Installed HMMBase ──────────── v1.0.0
 Installed URIParser ────────── v0.4.0
 Installed Rmath ────────────── v0.6.0
 Installed ArgCheck ─────────── v1.0.1
 Installed OrderedCollections ─ v1.1.0
 Installed Compat ───────────── v2.2.0
 Installed DataStructures ───── v0.17.6
 Installed StaticArrays ─────── v0.12.1
 Installed QuadGK ───────────── v2.1.1
 Installed Distributions ────── v0.20.0
 Installed Distances ────────── v0.8.2
 Installed BinDeps ──────────── v0.8.10
 Installed SpecialFunctions ─── v0.7.2
 Installed SortingAlgorithms ── v0.3.1
 Installed Arpack ───────────── v0.3.1
 Installed Clustering ───────── v0.13.3
  Updating `~/.julia/environments/v1.2/Project.toml`
  [b2b3ca75] + HMMBase v1.0.0
  Updating `~/.julia/environments/v1.2/Manifest.toml`
  [dce04be8] + ArgCheck v1.0.1
  [7d9fca2a] + Arpack v0.3.1
  [9e28174c] + BinDeps v0.8.10
  [b99e7846] + BinaryProvider v0.5.8
  [aaaa29a8] + Clustering v0.13.3
  [34da2185] + Compat v2.2.0
  [9a962f9c] + DataAPI v1.1.0
  [864edb3b] + DataStructures v0.17.6
  [b4f34e82] + Distances v0.8.2
  [31c24e10] + Distributions v0.20.0
  [b2b3ca75] + HMMBase v1.0.0
  [e1d29d7a] + Missings v0.4.3
  [b8a86587] + NearestNeighbors v0.4.3
  [bac558e1] + OrderedCollections v1.1.0
  [90014a1f] + PDMats v0.9.10
  [1fd47b50] + QuadGK v2.1.1
  [79098fc4] + Rmath v0.6.0
  [a2af1166] + SortingAlgorithms v0.3.1
  [276daf66] + SpecialFunctions v0.7.2
  [90137ffa] + StaticArrays v0.12.1
  [2913bbd2] + StatsBase v0.30.0
  [4c63d2b9] + StatsFuns v0.8.0
  [30578b45] + URIParser v0.4.0
  [2a0f44e3] + Base64 
  [ade2ca70] + Dates 
  [8bb1440f] + DelimitedFiles 
  [8ba89e20] + Distributed 
  [b77e0a4c] + InteractiveUtils 
  [76f85450] + LibGit2 
  [8f399da3] + Libdl 
  [37e2e46d] + LinearAlgebra 
  [56ddb016] + Logging 
  [d6f4376e] + Markdown 
  [a63ad114] + Mmap 
  [44cfe95a] + Pkg 
  [de0858da] + Printf 
  [3fa0cd96] + REPL 
  [9a3f8284] + Random 
  [ea8e919c] + SHA 
  [9e88b42a] + Serialization 
  [1a1011a3] + SharedArrays 
  [6462fe0b] + Sockets 
  [2f01184e] + SparseArrays 
  [10745b16] + Statistics 
  [4607b0f0] + SuiteSparse 
  [8dfed614] + Test 
  [cf7118a7] + UUIDs 
  [4ec0a83e] + Unicode 
  Building Rmath ───────────→ `~/.julia/packages/Rmath/BoBag/deps/build.log`
  Building SpecialFunctions → `~/.julia/packages/SpecialFunctions/fvheQ/deps/build.log`
  Building Arpack ──────────→ `~/.julia/packages/Arpack/cu5By/deps/build.log`
   Testing HMMBase
 Resolving package versions...
    Status `/tmp/jl_9pZdx7/Manifest.toml`
  [dce04be8] ArgCheck v1.0.1
  [7d9fca2a] Arpack v0.3.1
  [9e28174c] BinDeps v0.8.10
  [b99e7846] BinaryProvider v0.5.8
  [aaaa29a8] Clustering v0.13.3
  [34da2185] Compat v2.2.0
  [9a962f9c] DataAPI v1.1.0
  [864edb3b] DataStructures v0.17.6
  [b4f34e82] Distances v0.8.2
  [31c24e10] Distributions v0.20.0
  [b2b3ca75] HMMBase v1.0.0
  [e1d29d7a] Missings v0.4.3
  [b8a86587] NearestNeighbors v0.4.3
  [bac558e1] OrderedCollections v1.1.0
  [90014a1f] PDMats v0.9.10
  [1fd47b50] QuadGK v2.1.1
  [79098fc4] Rmath v0.6.0
  [a2af1166] SortingAlgorithms v0.3.1
  [276daf66] SpecialFunctions v0.7.2
  [90137ffa] StaticArrays v0.12.1
  [2913bbd2] StatsBase v0.30.0
  [4c63d2b9] StatsFuns v0.8.0
  [30578b45] URIParser v0.4.0
  [2a0f44e3] Base64  [`@stdlib/Base64`]
  [ade2ca70] Dates  [`@stdlib/Dates`]
  [8bb1440f] DelimitedFiles  [`@stdlib/DelimitedFiles`]
  [8ba89e20] Distributed  [`@stdlib/Distributed`]
  [b77e0a4c] InteractiveUtils  [`@stdlib/InteractiveUtils`]
  [76f85450] LibGit2  [`@stdlib/LibGit2`]
  [8f399da3] Libdl  [`@stdlib/Libdl`]
  [37e2e46d] LinearAlgebra  [`@stdlib/LinearAlgebra`]
  [56ddb016] Logging  [`@stdlib/Logging`]
  [d6f4376e] Markdown  [`@stdlib/Markdown`]
  [a63ad114] Mmap  [`@stdlib/Mmap`]
  [44cfe95a] Pkg  [`@stdlib/Pkg`]
  [de0858da] Printf  [`@stdlib/Printf`]
  [3fa0cd96] REPL  [`@stdlib/REPL`]
  [9a3f8284] Random  [`@stdlib/Random`]
  [ea8e919c] SHA  [`@stdlib/SHA`]
  [9e88b42a] Serialization  [`@stdlib/Serialization`]
  [1a1011a3] SharedArrays  [`@stdlib/SharedArrays`]
  [6462fe0b] Sockets  [`@stdlib/Sockets`]
  [2f01184e] SparseArrays  [`@stdlib/SparseArrays`]
  [10745b16] Statistics  [`@stdlib/Statistics`]
  [4607b0f0] SuiteSparse  [`@stdlib/SuiteSparse`]
  [8dfed614] Test  [`@stdlib/Test`]
  [cf7118a7] UUIDs  [`@stdlib/UUIDs`]
  [4ec0a83e] Unicode  [`@stdlib/Unicode`]
Test Summary: | Pass  Total
Base          |    4      4
Test Summary: | Pass  Total
Base (2)      |    5      5
Test Summary: | Pass  Total
Base (3)      |    4      4
Test Summary: | Pass  Total
Base (4)      |    9      9
Test Summary: | Pass  Total
Constructors  |    6      6
Test Summary:             | Pass  Total
Stationnary Distributions |    4      4
Test Summary: | Pass  Total
Messages (1)  |    4      4
Test Summary: | Pass  Total
Messages (2)  |    7      7
Test Summary: | Pass  Broken  Total
Messages (3)  |    8       5     13
Test Summary: | Pass  Total
Viterbi       |    2      2
Test Summary: | Pass  Total
MLE           |    4      4
Test Summary: | Pass  Total
Utilities     |   10     10
Test Summary:   | Pass  Total
Reproducibility |    4      4
Test Summary:                       | Pass  Total
Integration HMM{Univariate,Float64} |   20     20
Test Summary:                       | Pass  Total
Integration HMM{Univariate,Float64} |   20     20
Test Summary:                         | Pass  Total
Integration HMM{Multivariate,Float64} |   20     20
Test Summary:   | Pass  Total
Integration T=0 |   15     15
Test Summary:   | Pass  Total
Integration T=1 |   15     15
   Testing HMMBase tests passed 
