 Resolving package versions...
 Installed GridInterpolations ─ v1.1.1
 Installed StaticArrays ─────── v0.12.1
  Updating `~/.julia/environments/v1.2/Project.toml`
  [bb4c363b] + GridInterpolations v1.1.1
  Updating `~/.julia/environments/v1.2/Manifest.toml`
  [bb4c363b] + GridInterpolations v1.1.1
  [90137ffa] + StaticArrays v0.12.1
  [8f399da3] + Libdl 
  [37e2e46d] + LinearAlgebra 
  [de0858da] + Printf 
  [9a3f8284] + Random 
  [9e88b42a] + Serialization 
  [2f01184e] + SparseArrays 
  [10745b16] + Statistics 
  [4ec0a83e] + Unicode 
   Testing GridInterpolations
 Resolving package versions...
 Installed WoodburyMatrices ─ v0.4.1
 Installed Ratios ─────────── v0.3.1
 Installed OffsetArrays ───── v0.11.1
 Installed Compat ─────────── v2.2.0
 Installed AxisAlgorithms ─── v1.0.0
 Installed Interpolations ─── v0.12.5
    Status `/tmp/jl_o4BBqM/Manifest.toml`
  [13072b0f] AxisAlgorithms v1.0.0
  [34da2185] Compat v2.2.0
  [bb4c363b] GridInterpolations v1.1.1
  [a98d9a8b] Interpolations v0.12.5
  [6fe1bfb0] OffsetArrays v0.11.1
  [c84ed2f1] Ratios v0.3.1
  [90137ffa] StaticArrays v0.12.1
  [efce3f68] WoodburyMatrices v0.4.1
  [2a0f44e3] Base64  [`@stdlib/Base64`]
  [ade2ca70] Dates  [`@stdlib/Dates`]
  [8bb1440f] DelimitedFiles  [`@stdlib/DelimitedFiles`]
  [8ba89e20] Distributed  [`@stdlib/Distributed`]
  [b77e0a4c] InteractiveUtils  [`@stdlib/InteractiveUtils`]
  [76f85450] LibGit2  [`@stdlib/LibGit2`]
  [8f399da3] Libdl  [`@stdlib/Libdl`]
  [37e2e46d] LinearAlgebra  [`@stdlib/LinearAlgebra`]
  [56ddb016] Logging  [`@stdlib/Logging`]
  [d6f4376e] Markdown  [`@stdlib/Markdown`]
  [a63ad114] Mmap  [`@stdlib/Mmap`]
  [44cfe95a] Pkg  [`@stdlib/Pkg`]
  [de0858da] Printf  [`@stdlib/Printf`]
  [3fa0cd96] REPL  [`@stdlib/REPL`]
  [9a3f8284] Random  [`@stdlib/Random`]
  [ea8e919c] SHA  [`@stdlib/SHA`]
  [9e88b42a] Serialization  [`@stdlib/Serialization`]
  [1a1011a3] SharedArrays  [`@stdlib/SharedArrays`]
  [6462fe0b] Sockets  [`@stdlib/Sockets`]
  [2f01184e] SparseArrays  [`@stdlib/SparseArrays`]
  [10745b16] Statistics  [`@stdlib/Statistics`]
  [8dfed614] Test  [`@stdlib/Test`]
  [cf7118a7] UUIDs  [`@stdlib/UUIDs`]
  [4ec0a83e] Unicode  [`@stdlib/Unicode`]
Test Summary: | Pass  Total
Comparisons   |    2      2
Test Summary: | Pass  Total
Magic         |    1      1
Test Summary: | Pass  Total
Repr          |    1      1
Test Summary: | Pass  Total
Counter       |    1      1
Test Summary: | Pass  Total
Mask          |    3      3
Test Summary: | Pass  Total
Duplicates    |    2      2
Test Summary: | Pass  Total
Rect Impl     |   17     17
Test Summary: | Pass  Total
Simplex Impl  |   19     19
Test Summary: | Pass  Total
Ordering      |   24     24
Test Summary: | Pass  Total
NaN           |    1      1
Test Summary:          | Pass  Total
Iteration and Indexing |   27     27
1000 interpolations of 6 dimensions with 15 cut points per dimension:
  Rectangle required 0.019322102688000033 +/- 0.012368476776903937 sec
  Simplex   required 0.003111245433999999 +/- 0.01519832832539815 sec
How large is the simplex grid speed up over the multilinear grid?
  limiting to 2 dimensions and therefore 316 points per dim:
    mean speed: 0.0028695064, std dev: 0.004274156875717825
  limiting to 3 dimensions and therefore 46 points per dim:
    mean speed: 0.0025401041000000005, std dev: 0.002696988734923469
  limiting to 4 dimensions and therefore 18 points per dim:
    mean speed: 0.003728777333333334, std dev: 0.008438437690176845
  limiting to 5 dimensions and therefore 10 points per dim:
    mean speed: 0.0039890742, std dev: 0.010151168776163545
100 interpolations of 4 dimensions with 10 cut points per dimension:
  Rectangle required 0.01714614308 +/- 0.005072786380318906 sec
  Simplex   required 0.002653824739999999 +/- 0.022035161776689828 sec
All tests complete
   Testing GridInterpolations tests passed 
