 Resolving package versions...
 Installed FoundationDB ─ v0.1.0
  Updating `~/.julia/environments/v1.2/Project.toml`
  [d440507b] + FoundationDB v0.1.0
  Updating `~/.julia/environments/v1.2/Manifest.toml`
  [d440507b] + FoundationDB v0.1.0
  [2a0f44e3] + Base64 
  [8ba89e20] + Distributed 
  [b77e0a4c] + InteractiveUtils 
  [8f399da3] + Libdl 
  [56ddb016] + Logging 
  [d6f4376e] + Markdown 
  [9a3f8284] + Random 
  [9e88b42a] + Serialization 
  [6462fe0b] + Sockets 
  [8dfed614] + Test 
   Testing FoundationDB
    Status `/tmp/jl_YQ2qkg/Manifest.toml`
  [d440507b] FoundationDB v0.1.0
  [2a0f44e3] Base64  [`@stdlib/Base64`]
  [8ba89e20] Distributed  [`@stdlib/Distributed`]
  [b77e0a4c] InteractiveUtils  [`@stdlib/InteractiveUtils`]
  [8f399da3] Libdl  [`@stdlib/Libdl`]
  [56ddb016] Logging  [`@stdlib/Logging`]
  [d6f4376e] Markdown  [`@stdlib/Markdown`]
  [9a3f8284] Random  [`@stdlib/Random`]
  [9e88b42a] Serialization  [`@stdlib/Serialization`]
  [6462fe0b] Sockets  [`@stdlib/Sockets`]
  [8dfed614] Test  [`@stdlib/Test`]
Running tests from runtests_capi.jl
============================================================
ERROR: LoadError: InitError: Can not open libfdb_c shared library. Please make sure you have Foundation DB client libraries installed.
Stacktrace:
 [1] error(::String) at ./error.jl:33
 [2] __init__() at /root/.julia/packages/FoundationDB/vHKP7/src/capi/capi.jl:11
 [3] _include_from_serialized(::String, ::Array{Any,1}) at ./loading.jl:685
 [4] _require_from_serialized(::String) at ./loading.jl:736
 [5] _require(::Base.PkgId) at ./loading.jl:1023
 [6] require(::Base.PkgId) at ./loading.jl:911
 [7] require(::Module, ::Symbol) at ./loading.jl:906
 [8] include at ./boot.jl:328 [inlined]
 [9] include_relative(::Module, ::String) at ./loading.jl:1094
 [10] include(::Module, ::String) at ./Base.jl:31
 [11] exec_options(::Base.JLOptions) at ./client.jl:295
 [12] _start() at ./client.jl:464
during initialization of module CApi
in expression starting at /root/.julia/packages/FoundationDB/vHKP7/test/runtests_capi.jl:1
ERROR: LoadError: failed process: Process(`/opt/julia/bin/julia runtests_capi.jl`, ProcessExited(1)) [1]

Stacktrace:
 [1] pipeline_error at ./process.jl:813 [inlined]
 [2] #run#536(::Bool, ::typeof(run), ::Cmd) at ./process.jl:728
 [3] run at ./process.jl:726 [inlined]
 [4] run_test(::String) at /root/.julia/packages/FoundationDB/vHKP7/test/runtests.jl:11
 [5] top-level scope at /root/.julia/packages/FoundationDB/vHKP7/test/runtests.jl:16
 [6] include at ./boot.jl:328 [inlined]
 [7] include_relative(::Module, ::String) at ./loading.jl:1094
 [8] include(::Module, ::String) at ./Base.jl:31
 [9] include(::String) at ./client.jl:431
 [10] top-level scope at none:5
in expression starting at /root/.julia/packages/FoundationDB/vHKP7/test/runtests.jl:16
ERROR: Package FoundationDB errored during testing
Stacktrace:
 [1] pkgerror(::String, ::Vararg{String,N} where N) at /buildworker/worker/package_linux64/build/usr/share/julia/stdlib/v1.2/Pkg/src/Types.jl:112
 [2] #test#119(::Bool, ::Nothing, ::typeof(Pkg.Operations.test), ::Pkg.Types.Context, ::Array{Pkg.Types.PackageSpec,1}) at /buildworker/worker/package_linux64/build/usr/share/julia/stdlib/v1.2/Pkg/src/Operations.jl:1288
 [3] #test at ./none:0 [inlined]
 [4] #test#62(::Bool, ::Nothing, ::Base.Iterators.Pairs{Union{},Union{},Tuple{},NamedTuple{(),Tuple{}}}, ::typeof(Pkg.API.test), ::Pkg.Types.Context, ::Array{Pkg.Types.PackageSpec,1}) at /buildworker/worker/package_linux64/build/usr/share/julia/stdlib/v1.2/Pkg/src/API.jl:245
 [5] test at /buildworker/worker/package_linux64/build/usr/share/julia/stdlib/v1.2/Pkg/src/API.jl:233 [inlined]
 [6] #test#61 at /buildworker/worker/package_linux64/build/usr/share/julia/stdlib/v1.2/Pkg/src/API.jl:230 [inlined]
 [7] test at /buildworker/worker/package_linux64/build/usr/share/julia/stdlib/v1.2/Pkg/src/API.jl:230 [inlined]
 [8] #test#60 at /buildworker/worker/package_linux64/build/usr/share/julia/stdlib/v1.2/Pkg/src/API.jl:229 [inlined]
 [9] test at /buildworker/worker/package_linux64/build/usr/share/julia/stdlib/v1.2/Pkg/src/API.jl:229 [inlined]
 [10] #test#59(::Base.Iterators.Pairs{Union{},Union{},Tuple{},NamedTuple{(),Tuple{}}}, ::typeof(Pkg.API.test), ::String) at /buildworker/worker/package_linux64/build/usr/share/julia/stdlib/v1.2/Pkg/src/API.jl:228
 [11] test(::String) at /buildworker/worker/package_linux64/build/usr/share/julia/stdlib/v1.2/Pkg/src/API.jl:228
 [12] top-level scope at none:10
