 Resolving package versions...
 Installed FixedPointNumbers ─ v0.6.1
 Installed SurfaceTopology ─── v0.1.0
 Installed ColorTypes ──────── v0.8.0
 Installed IterTools ───────── v1.3.0
 Installed StaticArrays ────── v0.12.1
 Installed GeometryTypes ───── v0.7.6
  Updating `~/.julia/environments/v1.0/Project.toml`
  [1db0cb78] + SurfaceTopology v0.1.0
  Updating `~/.julia/environments/v1.0/Manifest.toml`
  [3da002f7] + ColorTypes v0.8.0
  [53c48c17] + FixedPointNumbers v0.6.1
  [4d00f742] + GeometryTypes v0.7.6
  [c8e1da08] + IterTools v1.3.0
  [90137ffa] + StaticArrays v0.12.1
  [1db0cb78] + SurfaceTopology v0.1.0
  [8f399da3] + Libdl 
  [37e2e46d] + LinearAlgebra 
  [9a3f8284] + Random 
  [9e88b42a] + Serialization 
  [2f01184e] + SparseArrays 
  [10745b16] + Statistics 
   Testing SurfaceTopology
    Status `/tmp/tmp5QHW8O/Manifest.toml`
  [3da002f7] ColorTypes v0.8.0
  [53c48c17] FixedPointNumbers v0.6.1
  [4d00f742] GeometryTypes v0.7.6
  [c8e1da08] IterTools v1.3.0
  [90137ffa] StaticArrays v0.12.1
  [1db0cb78] SurfaceTopology v0.1.0
  [8f399da3] Libdl  [`@stdlib/Libdl`]
  [37e2e46d] LinearAlgebra  [`@stdlib/LinearAlgebra`]
  [9a3f8284] Random  [`@stdlib/Random`]
  [9e88b42a] Serialization  [`@stdlib/Serialization`]
  [2f01184e] SparseArrays  [`@stdlib/SparseArrays`]
  [10745b16] Statistics  [`@stdlib/Statistics`]
ERROR: LoadError: ArgumentError: Package Test not found in current path:
- Run `import Pkg; Pkg.add("Test")` to install the Test package.

Stacktrace:
 [1] require(::Module, ::Symbol) at ./loading.jl:823
 [2] include at ./boot.jl:317 [inlined]
 [3] include_relative(::Module, ::String) at ./loading.jl:1044
 [4] include(::Module, ::String) at ./sysimg.jl:29
 [5] include(::String) at ./client.jl:392
 [6] top-level scope at none:0
in expression starting at /root/.julia/packages/SurfaceTopology/eyJKg/test/runtests.jl:1
ERROR: Package SurfaceTopology errored during testing
Stacktrace:
 [1] pkgerror(::String, ::Vararg{String,N} where N) at /buildworker/worker/package_linux64/build/usr/share/julia/stdlib/v1.0/Pkg/src/Types.jl:120
 [2] #test#65(::Bool, ::Function, ::Pkg.Types.Context, ::Array{Pkg.Types.PackageSpec,1}) at /buildworker/worker/package_linux64/build/usr/share/julia/stdlib/v1.0/Pkg/src/Operations.jl:1357
 [3] #test at /buildworker/worker/package_linux64/build/usr/share/julia/stdlib/v1.0/Pkg/src/API.jl:0 [inlined]
 [4] #test#44(::Bool, ::Base.Iterators.Pairs{Union{},Union{},Tuple{},NamedTuple{(),Tuple{}}}, ::Function, ::Pkg.Types.Context, ::Array{Pkg.Types.PackageSpec,1}) at /buildworker/worker/package_linux64/build/usr/share/julia/stdlib/v1.0/Pkg/src/API.jl:278
 [5] test at /buildworker/worker/package_linux64/build/usr/share/julia/stdlib/v1.0/Pkg/src/API.jl:263 [inlined]
 [6] #test#43 at /buildworker/worker/package_linux64/build/usr/share/julia/stdlib/v1.0/Pkg/src/API.jl:260 [inlined]
 [7] test at /buildworker/worker/package_linux64/build/usr/share/julia/stdlib/v1.0/Pkg/src/API.jl:260 [inlined]
 [8] #test#42 at /buildworker/worker/package_linux64/build/usr/share/julia/stdlib/v1.0/Pkg/src/API.jl:259 [inlined]
 [9] test at /buildworker/worker/package_linux64/build/usr/share/julia/stdlib/v1.0/Pkg/src/API.jl:259 [inlined]
 [10] #test#41 at /buildworker/worker/package_linux64/build/usr/share/julia/stdlib/v1.0/Pkg/src/API.jl:258 [inlined]
 [11] test(::String) at /buildworker/worker/package_linux64/build/usr/share/julia/stdlib/v1.0/Pkg/src/API.jl:258
 [12] top-level scope at none:0
