 Resolving package versions...
 Installed PriorityChannels ─── v0.1.0
 Installed OrderedCollections ─ v1.1.0
 Installed DataStructures ───── v0.17.6
  Updating `~/.julia/environments/v1.0/Project.toml`
  [a2669504] + PriorityChannels v0.1.0
  Updating `~/.julia/environments/v1.0/Manifest.toml`
  [864edb3b] + DataStructures v0.17.6
  [bac558e1] + OrderedCollections v1.1.0
  [a2669504] + PriorityChannels v0.1.0
  [2a0f44e3] + Base64 
  [ade2ca70] + Dates 
  [8ba89e20] + Distributed 
  [b77e0a4c] + InteractiveUtils 
  [8f399da3] + Libdl 
  [37e2e46d] + LinearAlgebra 
  [56ddb016] + Logging 
  [d6f4376e] + Markdown 
  [de0858da] + Printf 
  [9a3f8284] + Random 
  [9e88b42a] + Serialization 
  [6462fe0b] + Sockets 
  [8dfed614] + Test 
  [4ec0a83e] + Unicode 
   Testing PriorityChannels
    Status `/tmp/tmpyUS97x/Manifest.toml`
  [864edb3b] DataStructures v0.17.6
  [bac558e1] OrderedCollections v1.1.0
  [a2669504] PriorityChannels v0.1.0
  [2a0f44e3] Base64  [`@stdlib/Base64`]
  [ade2ca70] Dates  [`@stdlib/Dates`]
  [8ba89e20] Distributed  [`@stdlib/Distributed`]
  [b77e0a4c] InteractiveUtils  [`@stdlib/InteractiveUtils`]
  [8f399da3] Libdl  [`@stdlib/Libdl`]
  [37e2e46d] LinearAlgebra  [`@stdlib/LinearAlgebra`]
  [56ddb016] Logging  [`@stdlib/Logging`]
  [d6f4376e] Markdown  [`@stdlib/Markdown`]
  [de0858da] Printf  [`@stdlib/Printf`]
  [9a3f8284] Random  [`@stdlib/Random`]
  [9e88b42a] Serialization  [`@stdlib/Serialization`]
  [6462fe0b] Sockets  [`@stdlib/Sockets`]
  [8dfed614] Test  [`@stdlib/Test`]
  [4ec0a83e] Unicode  [`@stdlib/Unicode`]
Test Summary:        | Pass  Total
various constructors |   13     13
Test Summary: | Pass  Total
priorities    |    1      1
Test Summary:                                                   | Pass  Total
multiple concurrent put!/take! on a channel for different sizes |    3      3
Test Summary:           | Pass  Total
type conversion in put! |    2      2
Test Summary:                                  | Pass  Total
multiple for loops waiting on the same channel |    1      1
Test Summary:           | Pass  Total
channels bound to tasks |   66     66
Test Summary:                  | Pass  Total
timedwait on multiple channels |    3      3
Test Summary:       | Pass  Total
check_channel_state |    2      2
   Testing PriorityChannels tests passed 
