 Resolving package versions...
 Installed SemidefiniteOptInterface ─ v0.5.1
 Installed Compat ─────────────────── v2.2.0
 Installed Parsers ────────────────── v0.3.10
 Installed OrderedCollections ─────── v1.1.0
 Installed BenchmarkTools ─────────── v0.4.3
 Installed JSON ───────────────────── v0.21.0
 Installed MathOptInterface ───────── v0.9.7
  Updating `~/.julia/environments/v1.2/Project.toml`
  [f0680fed] + SemidefiniteOptInterface v0.5.1
  Updating `~/.julia/environments/v1.2/Manifest.toml`
  [6e4b80f9] + BenchmarkTools v0.4.3
  [34da2185] + Compat v2.2.0
  [682c06a0] + JSON v0.21.0
  [b8f27783] + MathOptInterface v0.9.7
  [bac558e1] + OrderedCollections v1.1.0
  [69de0a69] + Parsers v0.3.10
  [f0680fed] + SemidefiniteOptInterface v0.5.1
  [2a0f44e3] + Base64 
  [ade2ca70] + Dates 
  [8bb1440f] + DelimitedFiles 
  [8ba89e20] + Distributed 
  [b77e0a4c] + InteractiveUtils 
  [76f85450] + LibGit2 
  [8f399da3] + Libdl 
  [37e2e46d] + LinearAlgebra 
  [56ddb016] + Logging 
  [d6f4376e] + Markdown 
  [a63ad114] + Mmap 
  [44cfe95a] + Pkg 
  [de0858da] + Printf 
  [3fa0cd96] + REPL 
  [9a3f8284] + Random 
  [ea8e919c] + SHA 
  [9e88b42a] + Serialization 
  [1a1011a3] + SharedArrays 
  [6462fe0b] + Sockets 
  [2f01184e] + SparseArrays 
  [10745b16] + Statistics 
  [8dfed614] + Test 
  [cf7118a7] + UUIDs 
  [4ec0a83e] + Unicode 
   Testing SemidefiniteOptInterface
    Status `/tmp/jl_a4Gofk/Manifest.toml`
  [6e4b80f9] BenchmarkTools v0.4.3
  [34da2185] Compat v2.2.0
  [682c06a0] JSON v0.21.0
  [b8f27783] MathOptInterface v0.9.7
  [bac558e1] OrderedCollections v1.1.0
  [69de0a69] Parsers v0.3.10
  [f0680fed] SemidefiniteOptInterface v0.5.1
  [2a0f44e3] Base64  [`@stdlib/Base64`]
  [ade2ca70] Dates  [`@stdlib/Dates`]
  [8bb1440f] DelimitedFiles  [`@stdlib/DelimitedFiles`]
  [8ba89e20] Distributed  [`@stdlib/Distributed`]
  [b77e0a4c] InteractiveUtils  [`@stdlib/InteractiveUtils`]
  [76f85450] LibGit2  [`@stdlib/LibGit2`]
  [8f399da3] Libdl  [`@stdlib/Libdl`]
  [37e2e46d] LinearAlgebra  [`@stdlib/LinearAlgebra`]
  [56ddb016] Logging  [`@stdlib/Logging`]
  [d6f4376e] Markdown  [`@stdlib/Markdown`]
  [a63ad114] Mmap  [`@stdlib/Mmap`]
  [44cfe95a] Pkg  [`@stdlib/Pkg`]
  [de0858da] Printf  [`@stdlib/Printf`]
  [3fa0cd96] REPL  [`@stdlib/REPL`]
  [9a3f8284] Random  [`@stdlib/Random`]
  [ea8e919c] SHA  [`@stdlib/SHA`]
  [9e88b42a] Serialization  [`@stdlib/Serialization`]
  [1a1011a3] SharedArrays  [`@stdlib/SharedArrays`]
  [6462fe0b] Sockets  [`@stdlib/Sockets`]
  [2f01184e] SparseArrays  [`@stdlib/SparseArrays`]
  [10745b16] Statistics  [`@stdlib/Statistics`]
  [8dfed614] Test  [`@stdlib/Test`]
  [cf7118a7] UUIDs  [`@stdlib/UUIDs`]
  [4ec0a83e] Unicode  [`@stdlib/Unicode`]
Test Summary:      | Pass  Total
SDPA reader-writer |    1      1
Test Summary:          | Pass  Total
supports_allocate_load |    2      2
Test Summary: | Pass  Total
SolverName    |    4      4
Unit: Error During Test at /root/.julia/packages/SemidefiniteOptInterface/L4ZHx/test/runtests.jl:42
  Got exception outside of a @test
  LoadError: MethodError: supports_constraint(::SDModelData{Float64}, ::Type{MathOptInterface.SingleVariable}, ::Type{MathOptInterface.GreaterThan{Float64}}) is ambiguous. Candidates:
    supports_constraint(model::SDModelData{#22#T}, ::Type{#s9} where #s9<:Union{MathOptInterface.SingleVariable, MathOptInterface.ScalarAffineFunction{#22#T}}, ::Type{#s8} where #s8<:Union{MathOptInterface.EqualTo{#22#T}, MathOptInterface.GreaterThan{#22#T}, MathOptInterface.LessThan{#22#T}}) where #22#T in Main at /root/.julia/packages/MathOptInterface/A2UPd/src/Utilities/model.jl:1020
    supports_constraint(::MathOptInterface.Utilities.AbstractModel{T}, ::Type{MathOptInterface.SingleVariable}, ::Type{#s118} where #s118<:Union{MathOptInterface.Integer, MathOptInterface.ZeroOne, MathOptInterface.EqualTo{T}, MathOptInterface.GreaterThan{T}, MathOptInterface.Interval{T}, MathOptInterface.LessThan{T}, MathOptInterface.Semicontinuous{T}, MathOptInterface.Semiinteger{T}}) where T in MathOptInterface.Utilities at /root/.julia/packages/MathOptInterface/A2UPd/src/Utilities/model.jl:489
  Possible fix, define
    supports_constraint(::SDModelData{T}, ::Type{MathOptInterface.SingleVariable}, ::Type{#s118} where #s118<:Union{MathOptInterface.EqualTo{T}, MathOptInterface.GreaterThan{T}, MathOptInterface.LessThan{T}})
  Stacktrace:
   [1] supports_constraint(::MathOptInterface.Utilities.CachingOptimizer{SemidefiniteOptInterface.SOItoMOIBridge{Float64,SemidefiniteOptInterface.MockSDOptimizer{Float64}},SDModelData{Float64}}, ::Type{MathOptInterface.SingleVariable}, ::Type{MathOptInterface.GreaterThan{Float64}}) at /root/.julia/packages/MathOptInterface/A2UPd/src/Utilities/cachingoptimizer.jl:243
   [2] is_bridged(::MathOptInterface.Bridges.LazyBridgeOptimizer{MathOptInterface.Utilities.CachingOptimizer{SemidefiniteOptInterface.SOItoMOIBridge{Float64,SemidefiniteOptInterface.MockSDOptimizer{Float64}},SDModelData{Float64}}}, ::Type{MathOptInterface.SingleVariable}, ::Type{MathOptInterface.GreaterThan{Float64}}) at /root/.julia/packages/MathOptInterface/A2UPd/src/Bridges/lazy_bridge_optimizer.jl:388
   [3] add_constraint(::MathOptInterface.Bridges.LazyBridgeOptimizer{MathOptInterface.Utilities.CachingOptimizer{SemidefiniteOptInterface.SOItoMOIBridge{Float64,SemidefiniteOptInterface.MockSDOptimizer{Float64}},SDModelData{Float64}}}, ::MathOptInterface.SingleVariable, ::MathOptInterface.GreaterThan{Float64}) at /root/.julia/packages/MathOptInterface/A2UPd/src/Bridges/bridge_optimizer.jl:1034
   [4] loadfromstring!(::MathOptInterface.Bridges.LazyBridgeOptimizer{MathOptInterface.Utilities.CachingOptimizer{SemidefiniteOptInterface.SOItoMOIBridge{Float64,SemidefiniteOptInterface.MockSDOptimizer{Float64}},SDModelData{Float64}}}, ::String) at /root/.julia/packages/MathOptInterface/A2UPd/src/Utilities/parser.jl:238
   [5] getconstraint(::MathOptInterface.Bridges.LazyBridgeOptimizer{MathOptInterface.Utilities.CachingOptimizer{SemidefiniteOptInterface.SOItoMOIBridge{Float64,SemidefiniteOptInterface.MockSDOptimizer{Float64}},SDModelData{Float64}}}, ::MathOptInterface.Test.TestConfig{Float64}) at /root/.julia/packages/MathOptInterface/A2UPd/src/Test/UnitTests/constraints.jl:8
   [6] top-level scope at /root/.julia/packages/SemidefiniteOptInterface/L4ZHx/test/unit.jl:6
   [7] include at ./boot.jl:328 [inlined]
   [8] include_relative(::Module, ::String) at ./loading.jl:1094
   [9] include(::Module, ::String) at ./Base.jl:31
   [10] include(::String) at ./client.jl:431
   [11] top-level scope at /root/.julia/packages/SemidefiniteOptInterface/L4ZHx/test/runtests.jl:43
   [12] top-level scope at /buildworker/worker/package_linux64/build/usr/share/julia/stdlib/v1.2/Test/src/Test.jl:1113
   [13] top-level scope at /root/.julia/packages/SemidefiniteOptInterface/L4ZHx/test/runtests.jl:43
   [14] include at ./boot.jl:328 [inlined]
   [15] include_relative(::Module, ::String) at ./loading.jl:1094
   [16] include(::Module, ::String) at ./Base.jl:31
   [17] include(::String) at ./client.jl:431
   [18] top-level scope at none:5
   [19] eval(::Module, ::Any) at ./boot.jl:330
   [20] exec_options(::Base.JLOptions) at ./client.jl:271
   [21] _start() at ./client.jl:464
  in expression starting at /root/.julia/packages/SemidefiniteOptInterface/L4ZHx/test/unit.jl:6
  
Test Summary: | Pass  Error  Total
Unit          |   17      1     18
ERROR: LoadError: Some tests did not pass: 17 passed, 0 failed, 1 errored, 0 broken.
in expression starting at /root/.julia/packages/SemidefiniteOptInterface/L4ZHx/test/runtests.jl:42
ERROR: Package SemidefiniteOptInterface errored during testing
Stacktrace:
 [1] pkgerror(::String, ::Vararg{String,N} where N) at /buildworker/worker/package_linux64/build/usr/share/julia/stdlib/v1.2/Pkg/src/Types.jl:112
 [2] #test#119(::Bool, ::Nothing, ::typeof(Pkg.Operations.test), ::Pkg.Types.Context, ::Array{Pkg.Types.PackageSpec,1}) at /buildworker/worker/package_linux64/build/usr/share/julia/stdlib/v1.2/Pkg/src/Operations.jl:1288
 [3] #test at ./none:0 [inlined]
 [4] #test#62(::Bool, ::Nothing, ::Base.Iterators.Pairs{Union{},Union{},Tuple{},NamedTuple{(),Tuple{}}}, ::typeof(Pkg.API.test), ::Pkg.Types.Context, ::Array{Pkg.Types.PackageSpec,1}) at /buildworker/worker/package_linux64/build/usr/share/julia/stdlib/v1.2/Pkg/src/API.jl:245
 [5] test at /buildworker/worker/package_linux64/build/usr/share/julia/stdlib/v1.2/Pkg/src/API.jl:233 [inlined]
 [6] #test#61 at /buildworker/worker/package_linux64/build/usr/share/julia/stdlib/v1.2/Pkg/src/API.jl:230 [inlined]
 [7] test at /buildworker/worker/package_linux64/build/usr/share/julia/stdlib/v1.2/Pkg/src/API.jl:230 [inlined]
 [8] #test#60 at /buildworker/worker/package_linux64/build/usr/share/julia/stdlib/v1.2/Pkg/src/API.jl:229 [inlined]
 [9] test at /buildworker/worker/package_linux64/build/usr/share/julia/stdlib/v1.2/Pkg/src/API.jl:229 [inlined]
 [10] #test#59(::Base.Iterators.Pairs{Union{},Union{},Tuple{},NamedTuple{(),Tuple{}}}, ::typeof(Pkg.API.test), ::String) at /buildworker/worker/package_linux64/build/usr/share/julia/stdlib/v1.2/Pkg/src/API.jl:228
 [11] test(::String) at /buildworker/worker/package_linux64/build/usr/share/julia/stdlib/v1.2/Pkg/src/API.jl:228
 [12] top-level scope at none:10
