 Resolving package versions...
 Installed OrderedCollections ─ v1.1.0
 Installed CodecZlib ────────── v0.6.0
 Installed JLD2 ─────────────── v0.1.8
 Installed Makeitso ─────────── v0.1.0
 Installed TranscodingStreams ─ v0.9.5
 Installed FileIO ───────────── v1.0.7
 Installed BinaryProvider ───── v0.5.8
 Installed DataStructures ───── v0.17.6
  Updating `~/.julia/environments/v1.2/Project.toml`
  [5616b7aa] + Makeitso v0.1.0
  Updating `~/.julia/environments/v1.2/Manifest.toml`
  [b99e7846] + BinaryProvider v0.5.8
  [944b1d66] + CodecZlib v0.6.0
  [864edb3b] + DataStructures v0.17.6
  [5789e2e9] + FileIO v1.0.7
  [033835bb] + JLD2 v0.1.8
  [5616b7aa] + Makeitso v0.1.0
  [bac558e1] + OrderedCollections v1.1.0
  [3bb67fe8] + TranscodingStreams v0.9.5
  [2a0f44e3] + Base64 
  [ade2ca70] + Dates 
  [8ba89e20] + Distributed 
  [b77e0a4c] + InteractiveUtils 
  [76f85450] + LibGit2 
  [8f399da3] + Libdl 
  [56ddb016] + Logging 
  [d6f4376e] + Markdown 
  [a63ad114] + Mmap 
  [44cfe95a] + Pkg 
  [de0858da] + Printf 
  [3fa0cd96] + REPL 
  [9a3f8284] + Random 
  [ea8e919c] + SHA 
  [9e88b42a] + Serialization 
  [6462fe0b] + Sockets 
  [8dfed614] + Test 
  [cf7118a7] + UUIDs 
  [4ec0a83e] + Unicode 
  Building CodecZlib → `~/.julia/packages/CodecZlib/5t9zO/deps/build.log`
   Testing Makeitso
    Status `/tmp/jl_JS3akg/Manifest.toml`
  [b99e7846] BinaryProvider v0.5.8
  [944b1d66] CodecZlib v0.6.0
  [864edb3b] DataStructures v0.17.6
  [5789e2e9] FileIO v1.0.7
  [033835bb] JLD2 v0.1.8
  [5616b7aa] Makeitso v0.1.0
  [bac558e1] OrderedCollections v1.1.0
  [3bb67fe8] TranscodingStreams v0.9.5
  [2a0f44e3] Base64  [`@stdlib/Base64`]
  [ade2ca70] Dates  [`@stdlib/Dates`]
  [8ba89e20] Distributed  [`@stdlib/Distributed`]
  [b77e0a4c] InteractiveUtils  [`@stdlib/InteractiveUtils`]
  [76f85450] LibGit2  [`@stdlib/LibGit2`]
  [8f399da3] Libdl  [`@stdlib/Libdl`]
  [56ddb016] Logging  [`@stdlib/Logging`]
  [d6f4376e] Markdown  [`@stdlib/Markdown`]
  [a63ad114] Mmap  [`@stdlib/Mmap`]
  [44cfe95a] Pkg  [`@stdlib/Pkg`]
  [de0858da] Printf  [`@stdlib/Printf`]
  [3fa0cd96] REPL  [`@stdlib/REPL`]
  [9a3f8284] Random  [`@stdlib/Random`]
  [ea8e919c] SHA  [`@stdlib/SHA`]
  [9e88b42a] Serialization  [`@stdlib/Serialization`]
  [6462fe0b] Sockets  [`@stdlib/Sockets`]
  [8dfed614] Test  [`@stdlib/Test`]
  [cf7118a7] UUIDs  [`@stdlib/UUIDs`]
  [4ec0a83e] Unicode  [`@stdlib/Unicode`]
[ Info: level 1 dep A: computed from dependencies [initial computation].
[ Info: level 1 dep B: computed from dependencies [initial computation].
[ Info: level 2 dep A: retrieved from memory cache.
[ Info: level 2 dep B: retrieved from memory cache.
[ Info: level 1 dep C: computed from dependencies [initial computation].
[ Info: level 0 dep D: computed from dependencies [initial computation].
--- Recipe for B modified! ---
[ Info: level 1 dep A: retrieved from memory cache.
[ Info: level 1 dep B: computed from dependencies [initial computation].
[ Info: level 2 dep A: retrieved from memory cache.
[ Info: level 2 dep B: retrieved from memory cache.
[ Info: level 1 dep C: computed from dependencies [memory cache out-of-date].
[ Info: level 0 dep D: computed from dependencies [memory cache out-of-date].
   Testing Makeitso tests passed 
