 Resolving package versions...
 Installed Levenshtein ─ v0.2.0
  Updating `~/.julia/environments/v1.0/Project.toml`
  [cb002d51] + Levenshtein v0.2.0
  Updating `~/.julia/environments/v1.0/Manifest.toml`
  [cb002d51] + Levenshtein v0.2.0
   Testing Levenshtein
    Status `/tmp/tmpCe8U9b/Manifest.toml`
  [cb002d51] Levenshtein v0.2.0
ERROR: LoadError: UndefVarError: Test not defined
Stacktrace:
 [1] include at ./boot.jl:317 [inlined]
 [2] include_relative(::Module, ::String) at ./loading.jl:1044
 [3] include(::Module, ::String) at ./sysimg.jl:29
 [4] include(::String) at ./client.jl:392
 [5] top-level scope at none:0
in expression starting at /root/.julia/packages/Levenshtein/4MdEU/test/runtests.jl:3
ERROR: Package Levenshtein errored during testing
Stacktrace:
 [1] pkgerror(::String, ::Vararg{String,N} where N) at /buildworker/worker/package_linux64/build/usr/share/julia/stdlib/v1.0/Pkg/src/Types.jl:120
 [2] #test#65(::Bool, ::Function, ::Pkg.Types.Context, ::Array{Pkg.Types.PackageSpec,1}) at /buildworker/worker/package_linux64/build/usr/share/julia/stdlib/v1.0/Pkg/src/Operations.jl:1357
 [3] #test at /buildworker/worker/package_linux64/build/usr/share/julia/stdlib/v1.0/Pkg/src/API.jl:0 [inlined]
 [4] #test#44(::Bool, ::Base.Iterators.Pairs{Union{},Union{},Tuple{},NamedTuple{(),Tuple{}}}, ::Function, ::Pkg.Types.Context, ::Array{Pkg.Types.PackageSpec,1}) at /buildworker/worker/package_linux64/build/usr/share/julia/stdlib/v1.0/Pkg/src/API.jl:278
 [5] test at /buildworker/worker/package_linux64/build/usr/share/julia/stdlib/v1.0/Pkg/src/API.jl:263 [inlined]
 [6] #test#43 at /buildworker/worker/package_linux64/build/usr/share/julia/stdlib/v1.0/Pkg/src/API.jl:260 [inlined]
 [7] test at /buildworker/worker/package_linux64/build/usr/share/julia/stdlib/v1.0/Pkg/src/API.jl:260 [inlined]
 [8] #test#42 at /buildworker/worker/package_linux64/build/usr/share/julia/stdlib/v1.0/Pkg/src/API.jl:259 [inlined]
 [9] test at /buildworker/worker/package_linux64/build/usr/share/julia/stdlib/v1.0/Pkg/src/API.jl:259 [inlined]
 [10] #test#41 at /buildworker/worker/package_linux64/build/usr/share/julia/stdlib/v1.0/Pkg/src/API.jl:258 [inlined]
 [11] test(::String) at /buildworker/worker/package_linux64/build/usr/share/julia/stdlib/v1.0/Pkg/src/API.jl:258
 [12] top-level scope at none:0
