 Resolving package versions...
 Installed PrettyPrinting ─ v0.2.0
  Updating `~/.julia/environments/v1.0/Project.toml`
  [54e16d92] + PrettyPrinting v0.2.0
  Updating `~/.julia/environments/v1.0/Manifest.toml`
  [54e16d92] + PrettyPrinting v0.2.0
   Testing PrettyPrinting
 Resolving package versions...
 Installed NarrativeTest ── v0.2.0
 Installed Coverage ─────── v0.9.3
 Installed IniFile ──────── v0.5.0
 Installed JSON ─────────── v0.21.0
 Installed Parsers ──────── v0.3.10
 Installed BinaryProvider ─ v0.5.8
 Installed HTTP ─────────── v0.8.8
 Installed MbedTLS ──────── v0.6.8
  Building MbedTLS → `~/.julia/packages/MbedTLS/X4xar/deps/build.log`
    Status `/tmp/tmpOEM4TL/Manifest.toml`
  [b99e7846] BinaryProvider v0.5.8
  [a2441757] Coverage v0.9.3
  [cd3eb016] HTTP v0.8.8
  [83e8ac13] IniFile v0.5.0
  [682c06a0] JSON v0.21.0
  [739be429] MbedTLS v0.6.8
  [9563631e] NarrativeTest v0.2.0
  [69de0a69] Parsers v0.3.10
  [54e16d92] PrettyPrinting v0.2.0
  [2a0f44e3] Base64  [`@stdlib/Base64`]
  [ade2ca70] Dates  [`@stdlib/Dates`]
  [8ba89e20] Distributed  [`@stdlib/Distributed`]
  [b77e0a4c] InteractiveUtils  [`@stdlib/InteractiveUtils`]
  [76f85450] LibGit2  [`@stdlib/LibGit2`]
  [8f399da3] Libdl  [`@stdlib/Libdl`]
  [37e2e46d] LinearAlgebra  [`@stdlib/LinearAlgebra`]
  [56ddb016] Logging  [`@stdlib/Logging`]
  [d6f4376e] Markdown  [`@stdlib/Markdown`]
  [a63ad114] Mmap  [`@stdlib/Mmap`]
  [44cfe95a] Pkg  [`@stdlib/Pkg`]
  [de0858da] Printf  [`@stdlib/Printf`]
  [3fa0cd96] REPL  [`@stdlib/REPL`]
  [9a3f8284] Random  [`@stdlib/Random`]
  [ea8e919c] SHA  [`@stdlib/SHA`]
  [9e88b42a] Serialization  [`@stdlib/Serialization`]
  [6462fe0b] Sockets  [`@stdlib/Sockets`]
  [8dfed614] Test  [`@stdlib/Test`]
  [cf7118a7] UUIDs  [`@stdlib/UUIDs`]
  [4ec0a83e] Unicode  [`@stdlib/Unicode`]
Tests passed: 60
TESTING SUCCESSFUL!
   Testing PrettyPrinting tests passed 
