 Resolving package versions...
 Installed URIParser ────────── v0.4.0
 Installed Compat ───────────── v2.2.0
 Installed ExtractMacro ─────── v0.3.0
 Installed OrderedCollections ─ v1.1.0
 Installed DataStructures ───── v0.17.6
 Installed SpecialFunctions ─── v0.8.0
 Installed RRRMC ────────────── v2.0.0
 Installed BinaryProvider ───── v0.5.8
 Installed BinDeps ──────────── v0.8.10
  Updating `~/.julia/environments/v1.2/Project.toml`
  [ff70551f] + RRRMC v2.0.0
  Updating `~/.julia/environments/v1.2/Manifest.toml`
  [9e28174c] + BinDeps v0.8.10
  [b99e7846] + BinaryProvider v0.5.8
  [34da2185] + Compat v2.2.0
  [864edb3b] + DataStructures v0.17.6
  [f86d3d12] + ExtractMacro v0.3.0
  [bac558e1] + OrderedCollections v1.1.0
  [ff70551f] + RRRMC v2.0.0
  [276daf66] + SpecialFunctions v0.8.0
  [30578b45] + URIParser v0.4.0
  [2a0f44e3] + Base64 
  [ade2ca70] + Dates 
  [8bb1440f] + DelimitedFiles 
  [8ba89e20] + Distributed 
  [9fa8497b] + Future 
  [b77e0a4c] + InteractiveUtils 
  [76f85450] + LibGit2 
  [8f399da3] + Libdl 
  [37e2e46d] + LinearAlgebra 
  [56ddb016] + Logging 
  [d6f4376e] + Markdown 
  [a63ad114] + Mmap 
  [44cfe95a] + Pkg 
  [de0858da] + Printf 
  [3fa0cd96] + REPL 
  [9a3f8284] + Random 
  [ea8e919c] + SHA 
  [9e88b42a] + Serialization 
  [1a1011a3] + SharedArrays 
  [6462fe0b] + Sockets 
  [2f01184e] + SparseArrays 
  [10745b16] + Statistics 
  [8dfed614] + Test 
  [cf7118a7] + UUIDs 
  [4ec0a83e] + Unicode 
  Building SpecialFunctions → `~/.julia/packages/SpecialFunctions/ne2iw/deps/build.log`
   Testing RRRMC
 Resolving package versions...
    Status `/tmp/jl_9vRJfs/Manifest.toml`
  [9e28174c] BinDeps v0.8.10
  [b99e7846] BinaryProvider v0.5.8
  [34da2185] Compat v2.2.0
  [864edb3b] DataStructures v0.17.6
  [f86d3d12] ExtractMacro v0.3.0
  [bac558e1] OrderedCollections v1.1.0
  [ff70551f] RRRMC v2.0.0
  [276daf66] SpecialFunctions v0.8.0
  [30578b45] URIParser v0.4.0
  [2a0f44e3] Base64  [`@stdlib/Base64`]
  [ade2ca70] Dates  [`@stdlib/Dates`]
  [8bb1440f] DelimitedFiles  [`@stdlib/DelimitedFiles`]
  [8ba89e20] Distributed  [`@stdlib/Distributed`]
  [9fa8497b] Future  [`@stdlib/Future`]
  [b77e0a4c] InteractiveUtils  [`@stdlib/InteractiveUtils`]
  [76f85450] LibGit2  [`@stdlib/LibGit2`]
  [8f399da3] Libdl  [`@stdlib/Libdl`]
  [37e2e46d] LinearAlgebra  [`@stdlib/LinearAlgebra`]
  [56ddb016] Logging  [`@stdlib/Logging`]
  [d6f4376e] Markdown  [`@stdlib/Markdown`]
  [a63ad114] Mmap  [`@stdlib/Mmap`]
  [44cfe95a] Pkg  [`@stdlib/Pkg`]
  [de0858da] Printf  [`@stdlib/Printf`]
  [3fa0cd96] REPL  [`@stdlib/REPL`]
  [9a3f8284] Random  [`@stdlib/Random`]
  [ea8e919c] SHA  [`@stdlib/SHA`]
  [9e88b42a] Serialization  [`@stdlib/Serialization`]
  [1a1011a3] SharedArrays  [`@stdlib/SharedArrays`]
  [6462fe0b] Sockets  [`@stdlib/Sockets`]
  [2f01184e] SparseArrays  [`@stdlib/SparseArrays`]
  [10745b16] Statistics  [`@stdlib/Statistics`]
  [8dfed614] Test  [`@stdlib/Test`]
  [cf7118a7] UUIDs  [`@stdlib/UUIDs`]
  [4ec0a83e] Unicode  [`@stdlib/Unicode`]
   Testing RRRMC tests passed 
