 Resolving package versions...
 Installed Requires ──────────────────── v0.5.2
 Installed RecipesBase ───────────────── v0.7.0
 Installed PenaltyFunctions ──────────── v0.1.2
 Installed IteratorInterfaceExtensions ─ v1.0.0
 Installed TranscodingStreams ────────── v0.9.5
 Installed JuliaDB ───────────────────── v0.13.0
 Installed BinaryProvider ────────────── v0.5.8
 Installed DataStructures ────────────── v0.17.6
 Installed TableTraitsUtils ──────────── v1.0.1
 Installed Reexport ──────────────────── v0.2.0
 Installed SweepOperator ─────────────── v0.3.0
 Installed DataAPI ───────────────────── v1.1.0
 Installed OnlineStatsBase ───────────── v1.0.2
 Installed DataValueInterfaces ───────── v1.0.0
 Installed Polynomials ───────────────── v0.6.0
 Installed IndexedTables ─────────────── v0.12.4
 Installed MemPool ───────────────────── v0.2.0
 Installed StructArrays ──────────────── v0.4.0
 Installed LossFunctions ─────────────── v0.5.1
 Installed Dagger ────────────────────── v0.8.0
 Installed Nullables ─────────────────── v1.0.0
 Installed TextParse ─────────────────── v0.9.1
 Installed GenericSchur ──────────────── v0.3.0
 Installed DoubleFloats ──────────────── v0.9.13
 Installed SortingAlgorithms ─────────── v0.3.1
 Installed WeakRefStrings ────────────── v0.6.1
 Installed PooledArrays ──────────────── v0.5.2
 Installed StatsBase ─────────────────── v0.32.0
 Installed GenericSVD ────────────────── v0.2.2
 Installed Missings ──────────────────── v0.4.3
 Installed TableTraits ───────────────── v1.0.0
 Installed OrderedCollections ────────── v1.1.0
 Installed CodecZlib ─────────────────── v0.6.0
 Installed Tables ────────────────────── v0.2.11
 Installed Glob ──────────────────────── v1.2.0
 Installed LearnBase ─────────────────── v0.2.2
 Installed DataValues ────────────────── v0.4.12
 Installed Compat ────────────────────── v2.2.0
 Installed Quadmath ──────────────────── v0.5.2
 Installed OnlineStats ───────────────── v1.0.2
  Updating `~/.julia/environments/v1.0/Project.toml`
  [a93385a2] + JuliaDB v0.13.0
  Updating `~/.julia/environments/v1.0/Manifest.toml`
  [b99e7846] + BinaryProvider v0.5.8
  [944b1d66] + CodecZlib v0.6.0
  [34da2185] + Compat v2.2.0
  [d58978e5] + Dagger v0.8.0
  [9a962f9c] + DataAPI v1.1.0
  [864edb3b] + DataStructures v0.17.6
  [e2d170a0] + DataValueInterfaces v1.0.0
  [e7dc6d0d] + DataValues v0.4.12
  [497a8b3b] + DoubleFloats v0.9.13
  [01680d73] + GenericSVD v0.2.2
  [c145ed77] + GenericSchur v0.3.0
  [c27321d9] + Glob v1.2.0
  [6deec6e2] + IndexedTables v0.12.4
  [82899510] + IteratorInterfaceExtensions v1.0.0
  [a93385a2] + JuliaDB v0.13.0
  [7f8f8fb0] + LearnBase v0.2.2
  [30fc2ffe] + LossFunctions v0.5.1
  [f9f48841] + MemPool v0.2.0
  [e1d29d7a] + Missings v0.4.3
  [4d1e1d77] + Nullables v1.0.0
  [a15396b6] + OnlineStats v1.0.2
  [925886fa] + OnlineStatsBase v1.0.2
  [bac558e1] + OrderedCollections v1.1.0
  [06bb1623] + PenaltyFunctions v0.1.2
  [f27b6e38] + Polynomials v0.6.0
  [2dfb63ee] + PooledArrays v0.5.2
  [be4d8f0f] + Quadmath v0.5.2
  [3cdcf5f2] + RecipesBase v0.7.0
  [189a3867] + Reexport v0.2.0
  [ae029012] + Requires v0.5.2
  [a2af1166] + SortingAlgorithms v0.3.1
  [2913bbd2] + StatsBase v0.32.0
  [09ab397b] + StructArrays v0.4.0
  [7522ee7d] + SweepOperator v0.3.0
  [3783bdb8] + TableTraits v1.0.0
  [382cd787] + TableTraitsUtils v1.0.1
  [bd369af6] + Tables v0.2.11
  [e0df1984] + TextParse v0.9.1
  [3bb67fe8] + TranscodingStreams v0.9.5
  [ea10d353] + WeakRefStrings v0.6.1
  [2a0f44e3] + Base64 
  [ade2ca70] + Dates 
  [8bb1440f] + DelimitedFiles 
  [8ba89e20] + Distributed 
  [b77e0a4c] + InteractiveUtils 
  [76f85450] + LibGit2 
  [8f399da3] + Libdl 
  [37e2e46d] + LinearAlgebra 
  [56ddb016] + Logging 
  [d6f4376e] + Markdown 
  [a63ad114] + Mmap 
  [44cfe95a] + Pkg 
  [de0858da] + Printf 
  [9abbd945] + Profile 
  [3fa0cd96] + REPL 
  [9a3f8284] + Random 
  [ea8e919c] + SHA 
  [9e88b42a] + Serialization 
  [1a1011a3] + SharedArrays 
  [6462fe0b] + Sockets 
  [2f01184e] + SparseArrays 
  [10745b16] + Statistics 
  [8dfed614] + Test 
  [cf7118a7] + UUIDs 
  [4ec0a83e] + Unicode 
  Building CodecZlib → `~/.julia/packages/CodecZlib/5t9zO/deps/build.log`
   Testing JuliaDB
 Resolving package versions...
    Status `/tmp/tmpKpfLDY/Manifest.toml`
  [b99e7846] BinaryProvider v0.5.8
  [944b1d66] CodecZlib v0.6.0
  [34da2185] Compat v2.2.0
  [d58978e5] Dagger v0.8.0
  [9a962f9c] DataAPI v1.1.0
  [864edb3b] DataStructures v0.17.6
  [e2d170a0] DataValueInterfaces v1.0.0
  [e7dc6d0d] DataValues v0.4.12
  [497a8b3b] DoubleFloats v0.9.13
  [01680d73] GenericSVD v0.2.2
  [c145ed77] GenericSchur v0.3.0
  [c27321d9] Glob v1.2.0
  [6deec6e2] IndexedTables v0.12.4
  [82899510] IteratorInterfaceExtensions v1.0.0
  [a93385a2] JuliaDB v0.13.0
  [7f8f8fb0] LearnBase v0.2.2
  [30fc2ffe] LossFunctions v0.5.1
  [f9f48841] MemPool v0.2.0
  [e1d29d7a] Missings v0.4.3
  [4d1e1d77] Nullables v1.0.0
  [a15396b6] OnlineStats v1.0.2
  [925886fa] OnlineStatsBase v1.0.2
  [bac558e1] OrderedCollections v1.1.0
  [06bb1623] PenaltyFunctions v0.1.2
  [f27b6e38] Polynomials v0.6.0
  [2dfb63ee] PooledArrays v0.5.2
  [be4d8f0f] Quadmath v0.5.2
  [3cdcf5f2] RecipesBase v0.7.0
  [189a3867] Reexport v0.2.0
  [ae029012] Requires v0.5.2
  [a2af1166] SortingAlgorithms v0.3.1
  [2913bbd2] StatsBase v0.32.0
  [09ab397b] StructArrays v0.4.0
  [7522ee7d] SweepOperator v0.3.0
  [3783bdb8] TableTraits v1.0.0
  [382cd787] TableTraitsUtils v1.0.1
  [bd369af6] Tables v0.2.11
  [e0df1984] TextParse v0.9.1
  [3bb67fe8] TranscodingStreams v0.9.5
  [ea10d353] WeakRefStrings v0.6.1
  [2a0f44e3] Base64  [`@stdlib/Base64`]
  [ade2ca70] Dates  [`@stdlib/Dates`]
  [8bb1440f] DelimitedFiles  [`@stdlib/DelimitedFiles`]
  [8ba89e20] Distributed  [`@stdlib/Distributed`]
  [b77e0a4c] InteractiveUtils  [`@stdlib/InteractiveUtils`]
  [76f85450] LibGit2  [`@stdlib/LibGit2`]
  [8f399da3] Libdl  [`@stdlib/Libdl`]
  [37e2e46d] LinearAlgebra  [`@stdlib/LinearAlgebra`]
  [56ddb016] Logging  [`@stdlib/Logging`]
  [d6f4376e] Markdown  [`@stdlib/Markdown`]
  [a63ad114] Mmap  [`@stdlib/Mmap`]
  [44cfe95a] Pkg  [`@stdlib/Pkg`]
  [de0858da] Printf  [`@stdlib/Printf`]
  [9abbd945] Profile  [`@stdlib/Profile`]
  [3fa0cd96] REPL  [`@stdlib/REPL`]
  [9a3f8284] Random  [`@stdlib/Random`]
  [ea8e919c] SHA  [`@stdlib/SHA`]
  [9e88b42a] Serialization  [`@stdlib/Serialization`]
  [1a1011a3] SharedArrays  [`@stdlib/SharedArrays`]
  [6462fe0b] Sockets  [`@stdlib/Sockets`]
  [2f01184e] SparseArrays  [`@stdlib/SparseArrays`]
  [10745b16] Statistics  [`@stdlib/Statistics`]
  [8dfed614] Test  [`@stdlib/Test`]
  [cf7118a7] UUIDs  [`@stdlib/UUIDs`]
  [4ec0a83e] Unicode  [`@stdlib/Unicode`]
Test Summary: | Pass  Total
iteration     |   20     20
Test Summary: | Pass  Total
Utilities     |    3      3
Test Summary: | Pass  Total
Interval      |   10     10
Test Summary:                             | Pass  Total
vcat PooledArray Vector{Union{T,Missing}} |    2      2
Test Summary: | Pass  Total
table         |  126    126
Test Summary: | Pass  Total
map & reduce  |    2      2
Test Summary: | Pass  Total
getindex      |   30     30
Test Summary: | Pass  Total
select        |   12     12
Test Summary: | Pass  Total
convertdim    |    9      9
Test Summary: | Pass  Total
reduce        |   20     20
Test Summary: | Pass  Total
select        |    1      1
Test Summary: | Pass  Total
permutedims   |    5      5
Test Summary: | Pass  Total
mapslices     |   11     11
Test Summary: | Pass  Total
flatten       |    3      3
Test Summary: | Pass  Total
join          |  175    175
Test Summary: | Pass  Total
broadcast     |   32     32
Test Summary:     | Pass  Total
join with missing |    4      4
Test Summary: | Pass  Total
setindex!     |    4      4
Test Summary: | Pass  Total
extractarray  |    9      9
Test Summary: | Pass  Total
printing      |    1      1
Test Summary: | Pass  Total
has_overlaps  |    6      6
Test Summary: | Pass  Total
with_overlaps |    5      5
Test Summary: | Pass  Total
subtable      |    7      7
Test Summary:       | Pass  Total
Iterators.partition |    1      1
Test Summary: | Pass  Total
rechunk       |    1      1
Test Summary: | Pass  Total
rechunk by    |    2      2
Test Summary:                        | Pass  Total
PooledArray/Vector{Union{T,Missing}} |    2      2
Test Summary: | Pass  Total
Columns       |    2      2
Test Summary: | Pass  Total
ndsparse      |    1      1
Test Summary: | Pass  Total
table         |    2      2
Test Summary: | Pass  Total
Load          |   24     24
Test Summary: | Pass  Total
save          |    4      4
Test Summary:               | Pass  Total
load and save with missings |    1      1
Test Summary: | Pass  Total
online stats  |    3      3
Test Summary:      | Pass  Total
feature extraction |   15     15
Test Summary:  | Pass  Total
WeakRefStrings |    3      3
   Testing JuliaDB tests passed 
