 Resolving package versions...
 Installed InvertedIndices ───────────── v1.0.0
 Installed Parsers ───────────────────── v0.3.10
 Installed Reexport ──────────────────── v0.2.0
 Installed IteratorInterfaceExtensions ─ v1.0.0
 Installed FilePathsBase ─────────────── v0.7.0
 Installed Schemata ──────────────────── v2.0.5
 Installed MacroTools ────────────────── v0.5.2
 Installed DataStructures ────────────── v0.17.6
 Installed DataValueInterfaces ───────── v1.0.0
 Installed JSON ──────────────────────── v0.21.0
 Installed ArrayLayouts ──────────────── v0.1.5
 Installed YAML ──────────────────────── v0.3.2
 Installed LazyArrays ────────────────── v0.14.8
 Installed DataAPI ───────────────────── v1.1.0
 Installed StaticArrays ──────────────── v0.12.1
 Installed SortingAlgorithms ─────────── v0.3.1
 Installed DataFrames ────────────────── v0.19.4
 Installed Missings ──────────────────── v0.4.3
 Installed FillArrays ────────────────── v0.8.2
 Installed OrderedCollections ────────── v1.1.0
 Installed PooledArrays ──────────────── v0.5.2
 Installed WeakRefStrings ────────────── v0.6.1
 Installed CategoricalArrays ─────────── v0.7.3
 Installed Codecs ────────────────────── v0.5.0
 Installed TableTraits ───────────────── v1.0.0
 Installed Tables ────────────────────── v0.2.11
 Installed Compat ────────────────────── v2.2.0
 Installed CSV ───────────────────────── v0.5.18
  Updating `~/.julia/environments/v1.0/Project.toml`
  [b4d66a32] + Schemata v2.0.5
  Updating `~/.julia/environments/v1.0/Manifest.toml`
  [4c555306] + ArrayLayouts v0.1.5
  [336ed68f] + CSV v0.5.18
  [324d7699] + CategoricalArrays v0.7.3
  [19ecbf4d] + Codecs v0.5.0
  [34da2185] + Compat v2.2.0
  [9a962f9c] + DataAPI v1.1.0
  [a93c6f00] + DataFrames v0.19.4
  [864edb3b] + DataStructures v0.17.6
  [e2d170a0] + DataValueInterfaces v1.0.0
  [48062228] + FilePathsBase v0.7.0
  [1a297f60] + FillArrays v0.8.2
  [41ab1584] + InvertedIndices v1.0.0
  [82899510] + IteratorInterfaceExtensions v1.0.0
  [682c06a0] + JSON v0.21.0
  [5078a376] + LazyArrays v0.14.8
  [1914dd2f] + MacroTools v0.5.2
  [e1d29d7a] + Missings v0.4.3
  [bac558e1] + OrderedCollections v1.1.0
  [69de0a69] + Parsers v0.3.10
  [2dfb63ee] + PooledArrays v0.5.2
  [189a3867] + Reexport v0.2.0
  [b4d66a32] + Schemata v2.0.5
  [a2af1166] + SortingAlgorithms v0.3.1
  [90137ffa] + StaticArrays v0.12.1
  [3783bdb8] + TableTraits v1.0.0
  [bd369af6] + Tables v0.2.11
  [ea10d353] + WeakRefStrings v0.6.1
  [ddb6d928] + YAML v0.3.2
  [2a0f44e3] + Base64 
  [ade2ca70] + Dates 
  [8bb1440f] + DelimitedFiles 
  [8ba89e20] + Distributed 
  [9fa8497b] + Future 
  [b77e0a4c] + InteractiveUtils 
  [76f85450] + LibGit2 
  [8f399da3] + Libdl 
  [37e2e46d] + LinearAlgebra 
  [56ddb016] + Logging 
  [d6f4376e] + Markdown 
  [a63ad114] + Mmap 
  [44cfe95a] + Pkg 
  [de0858da] + Printf 
  [3fa0cd96] + REPL 
  [9a3f8284] + Random 
  [ea8e919c] + SHA 
  [9e88b42a] + Serialization 
  [1a1011a3] + SharedArrays 
  [6462fe0b] + Sockets 
  [2f01184e] + SparseArrays 
  [10745b16] + Statistics 
  [8dfed614] + Test 
  [cf7118a7] + UUIDs 
  [4ec0a83e] + Unicode 
   Testing Schemata
 Resolving package versions...
 Installed BinaryProvider ─ v0.5.8
 Installed Mocking ──────── v0.7.0
 Installed TimeZones ────── v0.10.3
 Installed EzXML ────────── v0.9.4
  Building EzXML ────→ `~/.julia/packages/EzXML/G0JeY/deps/build.log`
  Building TimeZones → `~/.julia/packages/TimeZones/pjvlM/deps/build.log`
    Status `/tmp/tmpPuXGIW/Manifest.toml`
  [4c555306] ArrayLayouts v0.1.5
  [b99e7846] BinaryProvider v0.5.8
  [336ed68f] CSV v0.5.18
  [324d7699] CategoricalArrays v0.7.3
  [19ecbf4d] Codecs v0.5.0
  [34da2185] Compat v2.2.0
  [9a962f9c] DataAPI v1.1.0
  [a93c6f00] DataFrames v0.19.4
  [864edb3b] DataStructures v0.17.6
  [e2d170a0] DataValueInterfaces v1.0.0
  [8f5d6c58] EzXML v0.9.4
  [48062228] FilePathsBase v0.7.0
  [1a297f60] FillArrays v0.8.2
  [41ab1584] InvertedIndices v1.0.0
  [82899510] IteratorInterfaceExtensions v1.0.0
  [682c06a0] JSON v0.21.0
  [5078a376] LazyArrays v0.14.8
  [1914dd2f] MacroTools v0.5.2
  [e1d29d7a] Missings v0.4.3
  [78c3b35d] Mocking v0.7.0
  [bac558e1] OrderedCollections v1.1.0
  [69de0a69] Parsers v0.3.10
  [2dfb63ee] PooledArrays v0.5.2
  [189a3867] Reexport v0.2.0
  [b4d66a32] Schemata v2.0.5
  [a2af1166] SortingAlgorithms v0.3.1
  [90137ffa] StaticArrays v0.12.1
  [3783bdb8] TableTraits v1.0.0
  [bd369af6] Tables v0.2.11
  [f269a46b] TimeZones v0.10.3
  [ea10d353] WeakRefStrings v0.6.1
  [ddb6d928] YAML v0.3.2
  [2a0f44e3] Base64  [`@stdlib/Base64`]
  [ade2ca70] Dates  [`@stdlib/Dates`]
  [8bb1440f] DelimitedFiles  [`@stdlib/DelimitedFiles`]
  [8ba89e20] Distributed  [`@stdlib/Distributed`]
  [9fa8497b] Future  [`@stdlib/Future`]
  [b77e0a4c] InteractiveUtils  [`@stdlib/InteractiveUtils`]
  [76f85450] LibGit2  [`@stdlib/LibGit2`]
  [8f399da3] Libdl  [`@stdlib/Libdl`]
  [37e2e46d] LinearAlgebra  [`@stdlib/LinearAlgebra`]
  [56ddb016] Logging  [`@stdlib/Logging`]
  [d6f4376e] Markdown  [`@stdlib/Markdown`]
  [a63ad114] Mmap  [`@stdlib/Mmap`]
  [44cfe95a] Pkg  [`@stdlib/Pkg`]
  [de0858da] Printf  [`@stdlib/Printf`]
  [3fa0cd96] REPL  [`@stdlib/REPL`]
  [9a3f8284] Random  [`@stdlib/Random`]
  [ea8e919c] SHA  [`@stdlib/SHA`]
  [9e88b42a] Serialization  [`@stdlib/Serialization`]
  [1a1011a3] SharedArrays  [`@stdlib/SharedArrays`]
  [6462fe0b] Sockets  [`@stdlib/Sockets`]
  [2f01184e] SparseArrays  [`@stdlib/SparseArrays`]
  [10745b16] Statistics  [`@stdlib/Statistics`]
  [8dfed614] Test  [`@stdlib/Test`]
  [cf7118a7] UUIDs  [`@stdlib/UUIDs`]
  [4ec0a83e] Unicode  [`@stdlib/Unicode`]
ERROR: LoadError: LoadError: UndefVarError: isnothing not defined
Stacktrace:
 [1] constructparser(::Nothing, ::Nothing, ::Nothing, ::Type) at /root/.julia/packages/Schemata/C0KIK/src/types.jl:61
 [2] ColumnSchema(::Symbol, ::String, ::Type, ::Bool, ::Bool, ::Bool, ::UnitRange{Int64}) at /root/.julia/packages/Schemata/C0KIK/src/types.jl:34
 [3] top-level scope at none:0
 [4] include at ./boot.jl:317 [inlined]
 [5] include_relative(::Module, ::String) at ./loading.jl:1044
 [6] include(::Module, ::String) at ./sysimg.jl:29
 [7] include(::String) at ./client.jl:392
 [8] top-level scope at none:0
 [9] include at ./boot.jl:317 [inlined]
 [10] include_relative(::Module, ::String) at ./loading.jl:1044
 [11] include(::Module, ::String) at ./sysimg.jl:29
 [12] include(::String) at ./client.jl:392
 [13] top-level scope at none:0
in expression starting at /root/.julia/packages/Schemata/C0KIK/test/test_inmemory_tables.jl:4
in expression starting at /root/.julia/packages/Schemata/C0KIK/test/runtests.jl:13
ERROR: Package Schemata errored during testing
Stacktrace:
 [1] pkgerror(::String, ::Vararg{String,N} where N) at /buildworker/worker/package_linux64/build/usr/share/julia/stdlib/v1.0/Pkg/src/Types.jl:120
 [2] #test#65(::Bool, ::Function, ::Pkg.Types.Context, ::Array{Pkg.Types.PackageSpec,1}) at /buildworker/worker/package_linux64/build/usr/share/julia/stdlib/v1.0/Pkg/src/Operations.jl:1357
 [3] #test at /buildworker/worker/package_linux64/build/usr/share/julia/stdlib/v1.0/Pkg/src/API.jl:0 [inlined]
 [4] #test#44(::Bool, ::Base.Iterators.Pairs{Union{},Union{},Tuple{},NamedTuple{(),Tuple{}}}, ::Function, ::Pkg.Types.Context, ::Array{Pkg.Types.PackageSpec,1}) at /buildworker/worker/package_linux64/build/usr/share/julia/stdlib/v1.0/Pkg/src/API.jl:278
 [5] test at /buildworker/worker/package_linux64/build/usr/share/julia/stdlib/v1.0/Pkg/src/API.jl:263 [inlined]
 [6] #test#43 at /buildworker/worker/package_linux64/build/usr/share/julia/stdlib/v1.0/Pkg/src/API.jl:260 [inlined]
 [7] test at /buildworker/worker/package_linux64/build/usr/share/julia/stdlib/v1.0/Pkg/src/API.jl:260 [inlined]
 [8] #test#42 at /buildworker/worker/package_linux64/build/usr/share/julia/stdlib/v1.0/Pkg/src/API.jl:259 [inlined]
 [9] test at /buildworker/worker/package_linux64/build/usr/share/julia/stdlib/v1.0/Pkg/src/API.jl:259 [inlined]
 [10] #test#41 at /buildworker/worker/package_linux64/build/usr/share/julia/stdlib/v1.0/Pkg/src/API.jl:258 [inlined]
 [11] test(::String) at /buildworker/worker/package_linux64/build/usr/share/julia/stdlib/v1.0/Pkg/src/API.jl:258
 [12] top-level scope at none:0
