 Resolving package versions...
 Installed DataAPI ────────────── v1.1.0
 Installed Missings ───────────── v0.4.3
 Installed WeightedArrays ─────── v0.1.3
 Installed SliceMap ───────────── v0.1.1
 Installed ConstructionBase ───── v1.0.0
 Installed CommonSubexpressions ─ v0.2.0
 Installed BinaryProvider ─────── v0.5.8
 Installed StatsBase ──────────── v0.32.0
 Installed Requires ───────────── v0.5.2
 Installed URIParser ──────────── v0.4.0
 Installed Tracker ────────────── v0.2.5
 Installed Adapt ──────────────── v1.0.0
 Installed ArrayLayouts ───────── v0.1.5
 Installed ForwardDiff ────────── v0.10.6
 Installed Compat ─────────────── v2.2.0
 Installed TimerOutputs ───────── v0.5.3
 Installed Setfield ───────────── v0.5.2
 Installed OrderedCollections ─── v1.1.0
 Installed RecipesBase ────────── v0.7.0
 Installed CatViews ───────────── v1.0.0
 Installed Parsers ────────────── v0.3.10
 Installed NNlib ──────────────── v0.6.0
 Installed FillArrays ─────────── v0.8.2
 Installed DataStructures ─────── v0.17.6
 Installed DiffRules ──────────── v0.1.0
 Installed RecursiveArrayTools ── v1.0.2
 Installed JSON ───────────────── v0.21.0
 Installed MultivariateStats ──── v0.7.0
 Installed ArrayInterface ─────── v1.2.1
 Installed StaticArrays ───────── v0.12.1
 Installed NaNMath ────────────── v0.3.3
 Installed EllipsisNotation ───── v0.4.0
 Installed DiffResults ────────── v0.0.4
 Installed JuliennedArrays ────── v0.2.2
 Installed Parameters ─────────── v0.12.0
 Installed SortingAlgorithms ──── v0.3.1
 Installed TensorCast ─────────── v0.1.5
 Installed Lazy ───────────────── v0.14.0
 Installed Distances ──────────── v0.8.2
 Installed LazyArrays ─────────── v0.14.8
 Installed MacroTools ─────────── v0.5.2
 Installed SpecialFunctions ───── v0.8.0
 Installed BinDeps ────────────── v0.8.10
 Installed Arpack ─────────────── v0.3.1
 Installed Sobol ──────────────── v1.3.0
  Updating `~/.julia/environments/v1.2/Project.toml`
  [379a43df] + WeightedArrays v0.1.3
  Updating `~/.julia/environments/v1.2/Manifest.toml`
  [79e6a3ab] + Adapt v1.0.0
  [7d9fca2a] + Arpack v0.3.1
  [4fba245c] + ArrayInterface v1.2.1
  [4c555306] + ArrayLayouts v0.1.5
  [9e28174c] + BinDeps v0.8.10
  [b99e7846] + BinaryProvider v0.5.8
  [81a5f4ea] + CatViews v1.0.0
  [bbf7d656] + CommonSubexpressions v0.2.0
  [34da2185] + Compat v2.2.0
  [187b0558] + ConstructionBase v1.0.0
  [9a962f9c] + DataAPI v1.1.0
  [864edb3b] + DataStructures v0.17.6
  [163ba53b] + DiffResults v0.0.4
  [b552c78f] + DiffRules v0.1.0
  [b4f34e82] + Distances v0.8.2
  [da5c29d0] + EllipsisNotation v0.4.0
  [1a297f60] + FillArrays v0.8.2
  [f6369f11] + ForwardDiff v0.10.6
  [682c06a0] + JSON v0.21.0
  [5cadff95] + JuliennedArrays v0.2.2
  [50d2b5c4] + Lazy v0.14.0
  [5078a376] + LazyArrays v0.14.8
  [1914dd2f] + MacroTools v0.5.2
  [e1d29d7a] + Missings v0.4.3
  [6f286f6a] + MultivariateStats v0.7.0
  [872c559c] + NNlib v0.6.0
  [77ba4419] + NaNMath v0.3.3
  [bac558e1] + OrderedCollections v1.1.0
  [d96e819e] + Parameters v0.12.0
  [69de0a69] + Parsers v0.3.10
  [3cdcf5f2] + RecipesBase v0.7.0
  [731186ca] + RecursiveArrayTools v1.0.2
  [ae029012] + Requires v0.5.2
  [efcf1570] + Setfield v0.5.2
  [82cb661a] + SliceMap v0.1.1
  [ed01d8cd] + Sobol v1.3.0
  [a2af1166] + SortingAlgorithms v0.3.1
  [276daf66] + SpecialFunctions v0.8.0
  [90137ffa] + StaticArrays v0.12.1
  [2913bbd2] + StatsBase v0.32.0
  [02d47bb6] + TensorCast v0.1.5
  [a759f4b9] + TimerOutputs v0.5.3
  [9f7883ad] + Tracker v0.2.5
  [30578b45] + URIParser v0.4.0
  [379a43df] + WeightedArrays v0.1.3
  [2a0f44e3] + Base64 
  [ade2ca70] + Dates 
  [8bb1440f] + DelimitedFiles 
  [8ba89e20] + Distributed 
  [b77e0a4c] + InteractiveUtils 
  [76f85450] + LibGit2 
  [8f399da3] + Libdl 
  [37e2e46d] + LinearAlgebra 
  [56ddb016] + Logging 
  [d6f4376e] + Markdown 
  [a63ad114] + Mmap 
  [44cfe95a] + Pkg 
  [de0858da] + Printf 
  [3fa0cd96] + REPL 
  [9a3f8284] + Random 
  [ea8e919c] + SHA 
  [9e88b42a] + Serialization 
  [1a1011a3] + SharedArrays 
  [6462fe0b] + Sockets 
  [2f01184e] + SparseArrays 
  [10745b16] + Statistics 
  [8dfed614] + Test 
  [cf7118a7] + UUIDs 
  [4ec0a83e] + Unicode 
  Building SpecialFunctions → `~/.julia/packages/SpecialFunctions/ne2iw/deps/build.log`
  Building Arpack ──────────→ `~/.julia/packages/Arpack/cu5By/deps/build.log`
   Testing WeightedArrays
 Resolving package versions...
    Status `/tmp/jl_193Dri/Manifest.toml`
  [79e6a3ab] Adapt v1.0.0
  [7d9fca2a] Arpack v0.3.1
  [4fba245c] ArrayInterface v1.2.1
  [4c555306] ArrayLayouts v0.1.5
  [9e28174c] BinDeps v0.8.10
  [b99e7846] BinaryProvider v0.5.8
  [81a5f4ea] CatViews v1.0.0
  [bbf7d656] CommonSubexpressions v0.2.0
  [34da2185] Compat v2.2.0
  [187b0558] ConstructionBase v1.0.0
  [9a962f9c] DataAPI v1.1.0
  [864edb3b] DataStructures v0.17.6
  [163ba53b] DiffResults v0.0.4
  [b552c78f] DiffRules v0.1.0
  [b4f34e82] Distances v0.8.2
  [da5c29d0] EllipsisNotation v0.4.0
  [1a297f60] FillArrays v0.8.2
  [f6369f11] ForwardDiff v0.10.6
  [682c06a0] JSON v0.21.0
  [5cadff95] JuliennedArrays v0.2.2
  [50d2b5c4] Lazy v0.14.0
  [5078a376] LazyArrays v0.14.8
  [1914dd2f] MacroTools v0.5.2
  [e1d29d7a] Missings v0.4.3
  [6f286f6a] MultivariateStats v0.7.0
  [872c559c] NNlib v0.6.0
  [77ba4419] NaNMath v0.3.3
  [bac558e1] OrderedCollections v1.1.0
  [d96e819e] Parameters v0.12.0
  [69de0a69] Parsers v0.3.10
  [3cdcf5f2] RecipesBase v0.7.0
  [731186ca] RecursiveArrayTools v1.0.2
  [ae029012] Requires v0.5.2
  [efcf1570] Setfield v0.5.2
  [82cb661a] SliceMap v0.1.1
  [ed01d8cd] Sobol v1.3.0
  [a2af1166] SortingAlgorithms v0.3.1
  [276daf66] SpecialFunctions v0.8.0
  [90137ffa] StaticArrays v0.12.1
  [2913bbd2] StatsBase v0.32.0
  [02d47bb6] TensorCast v0.1.5
  [a759f4b9] TimerOutputs v0.5.3
  [9f7883ad] Tracker v0.2.5
  [30578b45] URIParser v0.4.0
  [379a43df] WeightedArrays v0.1.3
  [2a0f44e3] Base64  [`@stdlib/Base64`]
  [ade2ca70] Dates  [`@stdlib/Dates`]
  [8bb1440f] DelimitedFiles  [`@stdlib/DelimitedFiles`]
  [8ba89e20] Distributed  [`@stdlib/Distributed`]
  [b77e0a4c] InteractiveUtils  [`@stdlib/InteractiveUtils`]
  [76f85450] LibGit2  [`@stdlib/LibGit2`]
  [8f399da3] Libdl  [`@stdlib/Libdl`]
  [37e2e46d] LinearAlgebra  [`@stdlib/LinearAlgebra`]
  [56ddb016] Logging  [`@stdlib/Logging`]
  [d6f4376e] Markdown  [`@stdlib/Markdown`]
  [a63ad114] Mmap  [`@stdlib/Mmap`]
  [44cfe95a] Pkg  [`@stdlib/Pkg`]
  [de0858da] Printf  [`@stdlib/Printf`]
  [3fa0cd96] REPL  [`@stdlib/REPL`]
  [9a3f8284] Random  [`@stdlib/Random`]
  [ea8e919c] SHA  [`@stdlib/SHA`]
  [9e88b42a] Serialization  [`@stdlib/Serialization`]
  [1a1011a3] SharedArrays  [`@stdlib/SharedArrays`]
  [6462fe0b] Sockets  [`@stdlib/Sockets`]
  [2f01184e] SparseArrays  [`@stdlib/SparseArrays`]
  [10745b16] Statistics  [`@stdlib/Statistics`]
  [8dfed614] Test  [`@stdlib/Test`]
  [cf7118a7] UUIDs  [`@stdlib/UUIDs`]
  [4ec0a83e] Unicode  [`@stdlib/Unicode`]
   Testing WeightedArrays tests passed 
