 Resolving package versions...
 Installed CodecZlib ────────── v0.6.0
 Installed WriteVTK ─────────── v1.2.2
 Installed LightXML ─────────── v0.8.1
 Installed TranscodingStreams ─ v0.9.5
 Installed BinaryProvider ───── v0.5.8
  Updating `~/.julia/environments/v1.0/Project.toml`
  [64499a7a] + WriteVTK v1.2.2
  Updating `~/.julia/environments/v1.0/Manifest.toml`
  [b99e7846] + BinaryProvider v0.5.8
  [944b1d66] + CodecZlib v0.6.0
  [9c8b4983] + LightXML v0.8.1
  [3bb67fe8] + TranscodingStreams v0.9.5
  [64499a7a] + WriteVTK v1.2.2
  [2a0f44e3] + Base64 
  [8ba89e20] + Distributed 
  [b77e0a4c] + InteractiveUtils 
  [8f399da3] + Libdl 
  [37e2e46d] + LinearAlgebra 
  [56ddb016] + Logging 
  [d6f4376e] + Markdown 
  [9a3f8284] + Random 
  [ea8e919c] + SHA 
  [9e88b42a] + Serialization 
  [6462fe0b] + Sockets 
  [8dfed614] + Test 
  Building CodecZlib → `~/.julia/packages/CodecZlib/5t9zO/deps/build.log`
  Building LightXML ─→ `~/.julia/packages/LightXML/W8FVT/deps/build.log`
   Testing WriteVTK
 Resolving package versions...
 Installed StaticArrays ─ v0.12.1
    Status `/tmp/tmpcV6elN/Manifest.toml`
  [b99e7846] BinaryProvider v0.5.8
  [944b1d66] CodecZlib v0.6.0
  [9c8b4983] LightXML v0.8.1
  [90137ffa] StaticArrays v0.12.1
  [3bb67fe8] TranscodingStreams v0.9.5
  [64499a7a] WriteVTK v1.2.2
  [2a0f44e3] Base64  [`@stdlib/Base64`]
  [8ba89e20] Distributed  [`@stdlib/Distributed`]
  [b77e0a4c] InteractiveUtils  [`@stdlib/InteractiveUtils`]
  [8f399da3] Libdl  [`@stdlib/Libdl`]
  [37e2e46d] LinearAlgebra  [`@stdlib/LinearAlgebra`]
  [56ddb016] Logging  [`@stdlib/Logging`]
  [d6f4376e] Markdown  [`@stdlib/Markdown`]
  [de0858da] Printf  [`@stdlib/Printf`]
  [9a3f8284] Random  [`@stdlib/Random`]
  [ea8e919c] SHA  [`@stdlib/SHA`]
  [9e88b42a] Serialization  [`@stdlib/Serialization`]
  [6462fe0b] Sockets  [`@stdlib/Sockets`]
  [2f01184e] SparseArrays  [`@stdlib/SparseArrays`]
  [10745b16] Statistics  [`@stdlib/Statistics`]
  [8dfed614] Test  [`@stdlib/Test`]
  [4ec0a83e] Unicode  [`@stdlib/Unicode`]
TEST (first run): multiblock.jl
  5.141021 seconds (5.15 M allocations: 209.676 MiB, 4.14% gc time)
Saved:  multiblock.vtm  multiblock_1.vts  multiblock_2.vtr  multiblock_3.vtu

TEST (first run): rectilinear.jl
  0.330737 seconds (178.59 k allocations: 8.943 MiB, 5.58% gc time)
  0.126097 seconds (6.75 k allocations: 643.369 KiB)
Saved:  rectilinear_2D.vtr  rectilinear_3D.vtr

TEST (first run): imagedata.jl
  0.268943 seconds (48.05 k allocations: 2.471 MiB, 5.26% gc time)
  0.249977 seconds (89.38 k allocations: 4.133 MiB)
  0.212119 seconds (77.69 k allocations: 3.996 MiB)
  0.044003 seconds (8.13 k allocations: 411.822 KiB)
Saved:   imagedata.vti  imagedata_2D.vti  imagedata_LinRange.vti  imagedata_StepRangeLen.vti

TEST (first run): structured.jl
  0.377523 seconds (256.82 k allocations: 12.749 MiB, 2.35% gc time)
  0.417598 seconds (342.89 k allocations: 7.499 MiB, 3.49% gc time)
Saved:  structured_2D.vts  structured_3D.vts

TEST (first run): unstructured.jl
  0.393298 seconds (210.62 k allocations: 10.621 MiB, 2.32% gc time)
  0.011585 seconds (33.55 k allocations: 986.063 KiB)
  0.338342 seconds (1.30 M allocations: 26.815 MiB, 13.28% gc time)
Saved:  unstructured_1D.vtu  unstructured_2D.vtu  unstructured_3D.vtu

TEST (first run): pvdCollection.jl
  0.705403 seconds (112.43 k allocations: 6.997 MiB)
Saved:  collection.pvd  collection_00.vtr  collection_01.vtr  collection_02.vtr  collection_03.vtr  collection_reload.pvd  collection_reload.vtr

TEST (first run): array.jl
  0.329015 seconds (95.29 k allocations: 5.614 MiB)
Saved:  arraydata_2D.vti  arraydata_3D.vti  arrays.vti

============================================================

TEST (second run): multiblock.jl
  0.836670 seconds (1.69 M allocations: 36.282 MiB, 1.01% gc time)
Saved:  multiblock.vtm  multiblock_1.vts  multiblock_2.vtr  multiblock_3.vtu

TEST (second run): rectilinear.jl
  0.007941 seconds (646 allocations: 271.703 KiB)
  0.087720 seconds (810 allocations: 350.188 KiB)
Saved:  rectilinear_2D.vtr  rectilinear_3D.vtr

TEST (second run): imagedata.jl
  0.193991 seconds (14.96 k allocations: 906.352 KiB)
  0.107420 seconds (35.45 k allocations: 1.655 MiB)
  0.099532 seconds (11.48 k allocations: 718.164 KiB)
  0.016107 seconds (7.47 k allocations: 373.025 KiB)
Saved:   imagedata.vti  imagedata_2D.vti  imagedata_LinRange.vti  imagedata_StepRangeLen.vti

TEST (second run): structured.jl
  0.013127 seconds (4.38 k allocations: 307.156 KiB)
  0.261011 seconds (291.71 k allocations: 5.028 MiB, 2.15% gc time)
Saved:  structured_2D.vts  structured_3D.vts

TEST (second run): unstructured.jl
  0.001300 seconds (602 allocations: 231.922 KiB)
  0.011213 seconds (33.55 k allocations: 986.063 KiB)
  0.349217 seconds (1.30 M allocations: 26.815 MiB, 5.21% gc time)
Saved:  unstructured_1D.vtu  unstructured_2D.vtu  unstructured_3D.vtu

TEST (second run): pvdCollection.jl
  0.434762 seconds (10.75 k allocations: 1.889 MiB, 1.61% gc time)
Saved:  collection.pvd  collection_00.vtr  collection_01.vtr  collection_02.vtr  collection_03.vtr  collection_reload.pvd  collection_reload.vtr

TEST (second run): array.jl
  0.129433 seconds (772 allocations: 1.083 MiB)
Saved:  arraydata_2D.vti  arraydata_3D.vti  arrays.vti

   Testing WriteVTK tests passed 
