 Resolving package versions...
 Installed FixedPolynomials ──────── v0.4.0
 Installed MultivariatePolynomials ─ v0.3.2
  Updating `~/.julia/environments/v1.2/Project.toml`
  [3dd14ad9] + FixedPolynomials v0.4.0
  Updating `~/.julia/environments/v1.2/Manifest.toml`
  [3dd14ad9] + FixedPolynomials v0.4.0
  [102ac46a] + MultivariatePolynomials v0.3.2
  [2a0f44e3] + Base64 
  [8ba89e20] + Distributed 
  [b77e0a4c] + InteractiveUtils 
  [8f399da3] + Libdl 
  [37e2e46d] + LinearAlgebra 
  [56ddb016] + Logging 
  [d6f4376e] + Markdown 
  [9a3f8284] + Random 
  [9e88b42a] + Serialization 
  [6462fe0b] + Sockets 
  [8dfed614] + Test 
   Testing FixedPolynomials
 Resolving package versions...
 Installed Reexport ─────────── v0.2.0
 Installed DynamicPolynomials ─ v0.3.3
    Status `/tmp/jl_XJK1mo/Manifest.toml`
  [7c1d4256] DynamicPolynomials v0.3.3
  [3dd14ad9] FixedPolynomials v0.4.0
  [102ac46a] MultivariatePolynomials v0.3.2
  [189a3867] Reexport v0.2.0
  [2a0f44e3] Base64  [`@stdlib/Base64`]
  [ade2ca70] Dates  [`@stdlib/Dates`]
  [8ba89e20] Distributed  [`@stdlib/Distributed`]
  [b77e0a4c] InteractiveUtils  [`@stdlib/InteractiveUtils`]
  [76f85450] LibGit2  [`@stdlib/LibGit2`]
  [8f399da3] Libdl  [`@stdlib/Libdl`]
  [37e2e46d] LinearAlgebra  [`@stdlib/LinearAlgebra`]
  [56ddb016] Logging  [`@stdlib/Logging`]
  [d6f4376e] Markdown  [`@stdlib/Markdown`]
  [44cfe95a] Pkg  [`@stdlib/Pkg`]
  [de0858da] Printf  [`@stdlib/Printf`]
  [3fa0cd96] REPL  [`@stdlib/REPL`]
  [9a3f8284] Random  [`@stdlib/Random`]
  [ea8e919c] SHA  [`@stdlib/SHA`]
  [9e88b42a] Serialization  [`@stdlib/Serialization`]
  [6462fe0b] Sockets  [`@stdlib/Sockets`]
  [8dfed614] Test  [`@stdlib/Test`]
  [cf7118a7] UUIDs  [`@stdlib/UUIDs`]
  [4ec0a83e] Unicode  [`@stdlib/Unicode`]
poly: Test Failed at /root/.julia/packages/FixedPolynomials/finrc/test/poly_test.jl:22
  Expression: "$(Polynomial(f))" == "-2z₁³z₂+3z₁z₂z₃²"
   Evaluated: "-2z[1]³z[2]+3z[1]z[2]z[3]²" == "-2z₁³z₂+3z₁z₂z₃²"
Stacktrace:
 [1] top-level scope at /root/.julia/packages/FixedPolynomials/finrc/test/poly_test.jl:22
 [2] top-level scope at /buildworker/worker/package_linux64/build/usr/share/julia/stdlib/v1.2/Test/src/Test.jl:1113
 [3] top-level scope at /root/.julia/packages/FixedPolynomials/finrc/test/poly_test.jl:2
poly: Test Failed at /root/.julia/packages/FixedPolynomials/finrc/test/poly_test.jl:23
  Expression: "$(Polynomial{Float64}(f))" == "-2.0z₁³z₂+3.0z₁z₂z₃²"
   Evaluated: "-2.0z[1]³z[2]+3.0z[1]z[2]z[3]²" == "-2.0z₁³z₂+3.0z₁z₂z₃²"
Stacktrace:
 [1] top-level scope at /root/.julia/packages/FixedPolynomials/finrc/test/poly_test.jl:23
 [2] top-level scope at /buildworker/worker/package_linux64/build/usr/share/julia/stdlib/v1.2/Test/src/Test.jl:1113
 [3] top-level scope at /root/.julia/packages/FixedPolynomials/finrc/test/poly_test.jl:2
poly: Test Failed at /root/.julia/packages/FixedPolynomials/finrc/test/poly_test.jl:24
  Expression: string(substitute(Polynomial(f), 2, 2.0)) == "-4.0z₁³+6.0z₁z₃²"
   Evaluated: "-4.0z[1]³+6.0z[1]z[3]²" == "-4.0z₁³+6.0z₁z₃²"
Stacktrace:
 [1] top-level scope at /root/.julia/packages/FixedPolynomials/finrc/test/poly_test.jl:24
 [2] top-level scope at /buildworker/worker/package_linux64/build/usr/share/julia/stdlib/v1.2/Test/src/Test.jl:1113
 [3] top-level scope at /root/.julia/packages/FixedPolynomials/finrc/test/poly_test.jl:2
poly: Test Failed at /root/.julia/packages/FixedPolynomials/finrc/test/poly_test.jl:25
  Expression: string(substitute(Polynomial(f), 1, 2.0)) == "6.0z₂z₃²-16.0z₂"
   Evaluated: "6.0z[2]z[3]²-16.0z[2]" == "6.0z₂z₃²-16.0z₂"
Stacktrace:
 [1] top-level scope at /root/.julia/packages/FixedPolynomials/finrc/test/poly_test.jl:25
 [2] top-level scope at /buildworker/worker/package_linux64/build/usr/share/julia/stdlib/v1.2/Test/src/Test.jl:1113
 [3] top-level scope at /root/.julia/packages/FixedPolynomials/finrc/test/poly_test.jl:2
poly: Test Failed at /root/.julia/packages/FixedPolynomials/finrc/test/poly_test.jl:27
  Expression: "$(Polynomial(z[1]))" == "z₁"
   Evaluated: "z[1]" == "z₁"
Stacktrace:
 [1] top-level scope at /root/.julia/packages/FixedPolynomials/finrc/test/poly_test.jl:27
 [2] top-level scope at /buildworker/worker/package_linux64/build/usr/share/julia/stdlib/v1.2/Test/src/Test.jl:1113
 [3] top-level scope at /root/.julia/packages/FixedPolynomials/finrc/test/poly_test.jl:2
poly: Test Failed at /root/.julia/packages/FixedPolynomials/finrc/test/poly_test.jl:28
  Expression: "$(Polynomial(z[1] ^ 2))" == "z₁²"
   Evaluated: "z[1]²" == "z₁²"
Stacktrace:
 [1] top-level scope at /root/.julia/packages/FixedPolynomials/finrc/test/poly_test.jl:28
 [2] top-level scope at /buildworker/worker/package_linux64/build/usr/share/julia/stdlib/v1.2/Test/src/Test.jl:1113
 [3] top-level scope at /root/.julia/packages/FixedPolynomials/finrc/test/poly_test.jl:2
poly: Test Failed at /root/.julia/packages/FixedPolynomials/finrc/test/poly_test.jl:29
  Expression: "$(Polynomial(2 * z[1]))" == "2z₁"
   Evaluated: "2z[1]" == "2z₁"
Stacktrace:
 [1] top-level scope at /root/.julia/packages/FixedPolynomials/finrc/test/poly_test.jl:29
 [2] top-level scope at /buildworker/worker/package_linux64/build/usr/share/julia/stdlib/v1.2/Test/src/Test.jl:1113
 [3] top-level scope at /root/.julia/packages/FixedPolynomials/finrc/test/poly_test.jl:2
poly: Test Failed at /root/.julia/packages/FixedPolynomials/finrc/test/poly_test.jl:41
  Expression: variables(F[1]) == [:z1, :z2]
   Evaluated: Symbol[Symbol("z[1]"), Symbol("z[2]")] == Symbol[:z1, :z2]
Stacktrace:
 [1] top-level scope at /root/.julia/packages/FixedPolynomials/finrc/test/poly_test.jl:41
 [2] top-level scope at /buildworker/worker/package_linux64/build/usr/share/julia/stdlib/v1.2/Test/src/Test.jl:1113
 [3] top-level scope at /root/.julia/packages/FixedPolynomials/finrc/test/poly_test.jl:2
poly: Test Failed at /root/.julia/packages/FixedPolynomials/finrc/test/poly_test.jl:44
  Expression: string(Polynomial((2.3 + 0im) * z[1] - (2.2 - 2.2im) * z[2])) == "2.3z₁+(-2.2 + 2.2im)z₂"
   Evaluated: "2.3z[1]+(-2.2 + 2.2im)z[2]" == "2.3z₁+(-2.2 + 2.2im)z₂"
Stacktrace:
 [1] top-level scope at /root/.julia/packages/FixedPolynomials/finrc/test/poly_test.jl:44
 [2] top-level scope at /buildworker/worker/package_linux64/build/usr/share/julia/stdlib/v1.2/Test/src/Test.jl:1113
 [3] top-level scope at /root/.julia/packages/FixedPolynomials/finrc/test/poly_test.jl:2
Test Summary: | Pass  Fail  Total
poly          |   42     9     51
ERROR: LoadError: LoadError: Some tests did not pass: 42 passed, 9 failed, 0 errored, 0 broken.
in expression starting at /root/.julia/packages/FixedPolynomials/finrc/test/poly_test.jl:1
in expression starting at /root/.julia/packages/FixedPolynomials/finrc/test/runtests.jl:6
ERROR: Package FixedPolynomials errored during testing
Stacktrace:
 [1] pkgerror(::String, ::Vararg{String,N} where N) at /buildworker/worker/package_linux64/build/usr/share/julia/stdlib/v1.2/Pkg/src/Types.jl:112
 [2] #test#119(::Bool, ::Nothing, ::typeof(Pkg.Operations.test), ::Pkg.Types.Context, ::Array{Pkg.Types.PackageSpec,1}) at /buildworker/worker/package_linux64/build/usr/share/julia/stdlib/v1.2/Pkg/src/Operations.jl:1288
 [3] #test at ./none:0 [inlined]
 [4] #test#62(::Bool, ::Nothing, ::Base.Iterators.Pairs{Union{},Union{},Tuple{},NamedTuple{(),Tuple{}}}, ::typeof(Pkg.API.test), ::Pkg.Types.Context, ::Array{Pkg.Types.PackageSpec,1}) at /buildworker/worker/package_linux64/build/usr/share/julia/stdlib/v1.2/Pkg/src/API.jl:245
 [5] test at /buildworker/worker/package_linux64/build/usr/share/julia/stdlib/v1.2/Pkg/src/API.jl:233 [inlined]
 [6] #test#61 at /buildworker/worker/package_linux64/build/usr/share/julia/stdlib/v1.2/Pkg/src/API.jl:230 [inlined]
 [7] test at /buildworker/worker/package_linux64/build/usr/share/julia/stdlib/v1.2/Pkg/src/API.jl:230 [inlined]
 [8] #test#60 at /buildworker/worker/package_linux64/build/usr/share/julia/stdlib/v1.2/Pkg/src/API.jl:229 [inlined]
 [9] test at /buildworker/worker/package_linux64/build/usr/share/julia/stdlib/v1.2/Pkg/src/API.jl:229 [inlined]
 [10] #test#59(::Base.Iterators.Pairs{Union{},Union{},Tuple{},NamedTuple{(),Tuple{}}}, ::typeof(Pkg.API.test), ::String) at /buildworker/worker/package_linux64/build/usr/share/julia/stdlib/v1.2/Pkg/src/API.jl:228
 [11] test(::String) at /buildworker/worker/package_linux64/build/usr/share/julia/stdlib/v1.2/Pkg/src/API.jl:228
 [12] top-level scope at none:10
