 Resolving package versions...
 Installed Requires ──────────── v0.5.2
 Installed RecipesBase ───────── v0.7.0
 Installed GenericSVD ────────── v0.2.2
 Installed IterativeRefinement ─ v0.1.0
 Installed Quadmath ──────────── v0.5.2
 Installed GenericSchur ──────── v0.3.0
 Installed Polynomials ───────── v0.6.0
 Installed DoubleFloats ──────── v0.9.13
  Updating `~/.julia/environments/v1.0/Project.toml`
  [bcb6b82e] + IterativeRefinement v0.1.0
  Updating `~/.julia/environments/v1.0/Manifest.toml`
  [497a8b3b] + DoubleFloats v0.9.13
  [01680d73] + GenericSVD v0.2.2
  [c145ed77] + GenericSchur v0.3.0
  [bcb6b82e] + IterativeRefinement v0.1.0
  [f27b6e38] + Polynomials v0.6.0
  [be4d8f0f] + Quadmath v0.5.2
  [3cdcf5f2] + RecipesBase v0.7.0
  [ae029012] + Requires v0.5.2
  [2a0f44e3] + Base64 
  [8ba89e20] + Distributed 
  [b77e0a4c] + InteractiveUtils 
  [8f399da3] + Libdl 
  [37e2e46d] + LinearAlgebra 
  [56ddb016] + Logging 
  [d6f4376e] + Markdown 
  [de0858da] + Printf 
  [9a3f8284] + Random 
  [9e88b42a] + Serialization 
  [6462fe0b] + Sockets 
  [8dfed614] + Test 
  [4ec0a83e] + Unicode 
   Testing IterativeRefinement
    Status `/tmp/tmpoSqbXJ/Manifest.toml`
  [497a8b3b] DoubleFloats v0.9.13
  [01680d73] GenericSVD v0.2.2
  [c145ed77] GenericSchur v0.3.0
  [bcb6b82e] IterativeRefinement v0.1.0
  [f27b6e38] Polynomials v0.6.0
  [be4d8f0f] Quadmath v0.5.2
  [3cdcf5f2] RecipesBase v0.7.0
  [ae029012] Requires v0.5.2
  [2a0f44e3] Base64  [`@stdlib/Base64`]
  [8ba89e20] Distributed  [`@stdlib/Distributed`]
  [b77e0a4c] InteractiveUtils  [`@stdlib/InteractiveUtils`]
  [8f399da3] Libdl  [`@stdlib/Libdl`]
  [37e2e46d] LinearAlgebra  [`@stdlib/LinearAlgebra`]
  [56ddb016] Logging  [`@stdlib/Logging`]
  [d6f4376e] Markdown  [`@stdlib/Markdown`]
  [de0858da] Printf  [`@stdlib/Printf`]
  [9a3f8284] Random  [`@stdlib/Random`]
  [9e88b42a] Serialization  [`@stdlib/Serialization`]
  [6462fe0b] Sockets  [`@stdlib/Sockets`]
  [8dfed614] Test  [`@stdlib/Test`]
  [4ec0a83e] Unicode  [`@stdlib/Unicode`]
norm: 4.339118e-10 condition: 339426.6; compare to 1.6777216e6
iter 1 |dx|=0.00040274567 |dz|=0.0028121767
increasing precision
iter 2 |dx|=0.00023385904 |dz|=0.0016283444
iter 3 |dx|=9.503752e-8 |dz|=5.2439026e-7
iter 4 |dx|=2.1440755e-11 |dz|=1.1821005e-10
convergence (in norm)
convergence (component-wise)
Test Summary:     | Pass  Total
preprocessed args |    3      3
problem difficulty (rel. to convergence criterion):
normwise: 0.404585637152195 componentwise: 1.2977510690689087
Bounds: 5.9604645e-8 5.960464477539062e-7
Errors: 1.9985464438160627e-8 3.3387840197528675e-8
problem difficulty (rel. to convergence criterion):
normwise: 0.4472320154309273 componentwise: 4.248073995113373
Bounds: 5.9604645e-8 5.960464477539062e-7
Errors: 2.881906183848113e-8 4.7154727609589565e-8
problem difficulty (rel. to convergence criterion):
normwise: 0.7568434625864029 componentwise: 81.05567932128906
Bounds: 5.9604645e-8 5.960464477539062e-7
Errors: 2.9688554544948714e-8 5.771273022407321e-8
Test Summary:            | Pass  Total
well-conditioned Float32 |    9      9
problem difficulty (rel. to convergence criterion):
normwise: 0.07722325323475725 componentwise: 0.2451695413545304
Bounds: 1.1102230246251565e-16 1.1102230246251565e-15
Errors: NaN 9.353767920496649e-17
well-conditioned Float64: Test Failed at /root/.julia/packages/IterativeRefinement/9Ew0A/test/runtests.jl:58
  Expression: Enorm < 1.1Bnorm
   Evaluated: NaN < 1.2212453270876723e-16
Stacktrace:
 [1] runone(::Array{Float64,2}, ::Array{Float64,1}) at /root/.julia/packages/IterativeRefinement/9Ew0A/test/runtests.jl:58
 [2] macro expansion at /root/.julia/packages/IterativeRefinement/9Ew0A/test/runtests.jl:125 [inlined]
 [3] top-level scope at /buildworker/worker/package_linux64/build/usr/share/julia/stdlib/v1.0/Test/src/Test.jl:1156 [inlined]
 [4] top-level scope at ./none:0
 [5] include at ./boot.jl:317 [inlined]
 [6] include_relative(::Module, ::String) at ./loading.jl:1044
 [7] include(::Module, ::String) at ./sysimg.jl:29
 [8] include(::String) at ./client.jl:392
 [9] top-level scope at none:0
 [10] eval(::Module, ::Any) at ./boot.jl:319
 [11] exec_options(::Base.JLOptions) at ./client.jl:243
 [12] _start() at ./client.jl:425
problem difficulty (rel. to convergence criterion):
normwise: 0.09282447667005334 componentwise: 0.889063795232958
Bounds: 1.1102230246251565e-16 1.1102230246251565e-15
Errors: NaN 7.792672270146893e-17
well-conditioned Float64: Test Failed at /root/.julia/packages/IterativeRefinement/9Ew0A/test/runtests.jl:58
  Expression: Enorm < 1.1Bnorm
   Evaluated: NaN < 1.2212453270876723e-16
Stacktrace:
 [1] runone(::Array{Float64,2}, ::Array{Float64,1}) at /root/.julia/packages/IterativeRefinement/9Ew0A/test/runtests.jl:58
 [2] macro expansion at /root/.julia/packages/IterativeRefinement/9Ew0A/test/runtests.jl:125 [inlined]
 [3] top-level scope at /buildworker/worker/package_linux64/build/usr/share/julia/stdlib/v1.0/Test/src/Test.jl:1156 [inlined]
 [4] top-level scope at ./none:0
 [5] include at ./boot.jl:317 [inlined]
 [6] include_relative(::Module, ::String) at ./loading.jl:1044
 [7] include(::Module, ::String) at ./sysimg.jl:29
 [8] include(::String) at ./client.jl:392
 [9] top-level scope at none:0
 [10] eval(::Module, ::Any) at ./boot.jl:319
 [11] exec_options(::Base.JLOptions) at ./client.jl:243
 [12] _start() at ./client.jl:425
problem difficulty (rel. to convergence criterion):
normwise: 0.10834608049356269 componentwise: 8.587590358415543
Bounds: 1.1102230246251565e-16 1.1102230246251565e-15
Errors: NaN 9.911010016228749e-17
well-conditioned Float64: Test Failed at /root/.julia/packages/IterativeRefinement/9Ew0A/test/runtests.jl:58
  Expression: Enorm < 1.1Bnorm
   Evaluated: NaN < 1.2212453270876723e-16
Stacktrace:
 [1] runone(::Array{Float64,2}, ::Array{Float64,1}) at /root/.julia/packages/IterativeRefinement/9Ew0A/test/runtests.jl:58
 [2] macro expansion at /root/.julia/packages/IterativeRefinement/9Ew0A/test/runtests.jl:125 [inlined]
 [3] top-level scope at /buildworker/worker/package_linux64/build/usr/share/julia/stdlib/v1.0/Test/src/Test.jl:1156 [inlined]
 [4] top-level scope at ./none:0
 [5] include at ./boot.jl:317 [inlined]
 [6] include_relative(::Module, ::String) at ./loading.jl:1044
 [7] include(::Module, ::String) at ./sysimg.jl:29
 [8] include(::String) at ./client.jl:392
 [9] top-level scope at none:0
 [10] eval(::Module, ::Any) at ./boot.jl:319
 [11] exec_options(::Base.JLOptions) at ./client.jl:243
 [12] _start() at ./client.jl:425
Test Summary:            | Pass  Fail  Total
well-conditioned Float64 |    8     3     11
Test Summary:            | Pass  Fail  Total
well-conditioned Float64 |    8     3     11
ERROR: LoadError: Some tests did not pass: 8 passed, 3 failed, 0 errored, 0 broken.
in expression starting at /root/.julia/packages/IterativeRefinement/9Ew0A/test/runtests.jl:121
ERROR: Package IterativeRefinement errored during testing
Stacktrace:
 [1] pkgerror(::String, ::Vararg{String,N} where N) at /buildworker/worker/package_linux64/build/usr/share/julia/stdlib/v1.0/Pkg/src/Types.jl:120
 [2] #test#65(::Bool, ::Function, ::Pkg.Types.Context, ::Array{Pkg.Types.PackageSpec,1}) at /buildworker/worker/package_linux64/build/usr/share/julia/stdlib/v1.0/Pkg/src/Operations.jl:1357
 [3] #test at /buildworker/worker/package_linux64/build/usr/share/julia/stdlib/v1.0/Pkg/src/API.jl:0 [inlined]
 [4] #test#44(::Bool, ::Base.Iterators.Pairs{Union{},Union{},Tuple{},NamedTuple{(),Tuple{}}}, ::Function, ::Pkg.Types.Context, ::Array{Pkg.Types.PackageSpec,1}) at /buildworker/worker/package_linux64/build/usr/share/julia/stdlib/v1.0/Pkg/src/API.jl:278
 [5] test at /buildworker/worker/package_linux64/build/usr/share/julia/stdlib/v1.0/Pkg/src/API.jl:263 [inlined]
 [6] #test#43 at /buildworker/worker/package_linux64/build/usr/share/julia/stdlib/v1.0/Pkg/src/API.jl:260 [inlined]
 [7] test at /buildworker/worker/package_linux64/build/usr/share/julia/stdlib/v1.0/Pkg/src/API.jl:260 [inlined]
 [8] #test#42 at /buildworker/worker/package_linux64/build/usr/share/julia/stdlib/v1.0/Pkg/src/API.jl:259 [inlined]
 [9] test at /buildworker/worker/package_linux64/build/usr/share/julia/stdlib/v1.0/Pkg/src/API.jl:259 [inlined]
 [10] #test#41 at /buildworker/worker/package_linux64/build/usr/share/julia/stdlib/v1.0/Pkg/src/API.jl:258 [inlined]
 [11] test(::String) at /buildworker/worker/package_linux64/build/usr/share/julia/stdlib/v1.0/Pkg/src/API.jl:258
 [12] top-level scope at none:0
