 Resolving package versions...
 Installed IntervalSets ─ v0.3.2
 Installed RangeArrays ── v0.3.1
 Installed Compat ─────── v2.2.0
 Installed AxisArrays ─── v0.3.3
 Installed IterTools ──── v1.3.0
  Updating `~/.julia/environments/v1.2/Project.toml`
  [39de3d68] + AxisArrays v0.3.3
  Updating `~/.julia/environments/v1.2/Manifest.toml`
  [39de3d68] + AxisArrays v0.3.3
  [34da2185] + Compat v2.2.0
  [8197267c] + IntervalSets v0.3.2
  [c8e1da08] + IterTools v1.3.0
  [b3c3ace0] + RangeArrays v0.3.1
  [2a0f44e3] + Base64 
  [ade2ca70] + Dates 
  [8bb1440f] + DelimitedFiles 
  [8ba89e20] + Distributed 
  [b77e0a4c] + InteractiveUtils 
  [76f85450] + LibGit2 
  [8f399da3] + Libdl 
  [37e2e46d] + LinearAlgebra 
  [56ddb016] + Logging 
  [d6f4376e] + Markdown 
  [a63ad114] + Mmap 
  [44cfe95a] + Pkg 
  [de0858da] + Printf 
  [3fa0cd96] + REPL 
  [9a3f8284] + Random 
  [ea8e919c] + SHA 
  [9e88b42a] + Serialization 
  [1a1011a3] + SharedArrays 
  [6462fe0b] + Sockets 
  [2f01184e] + SparseArrays 
  [10745b16] + Statistics 
  [8dfed614] + Test 
  [cf7118a7] + UUIDs 
  [4ec0a83e] + Unicode 
   Testing AxisArrays
 Resolving package versions...
 Installed OffsetArrays ─ v0.11.1
 Installed Unitful ────── v0.17.0
    Status `/tmp/jl_jULALZ/Manifest.toml`
  [39de3d68] AxisArrays v0.3.3
  [34da2185] Compat v2.2.0
  [8197267c] IntervalSets v0.3.2
  [c8e1da08] IterTools v1.3.0
  [6fe1bfb0] OffsetArrays v0.11.1
  [b3c3ace0] RangeArrays v0.3.1
  [1986cc42] Unitful v0.17.0
  [2a0f44e3] Base64  [`@stdlib/Base64`]
  [ade2ca70] Dates  [`@stdlib/Dates`]
  [8bb1440f] DelimitedFiles  [`@stdlib/DelimitedFiles`]
  [8ba89e20] Distributed  [`@stdlib/Distributed`]
  [b77e0a4c] InteractiveUtils  [`@stdlib/InteractiveUtils`]
  [76f85450] LibGit2  [`@stdlib/LibGit2`]
  [8f399da3] Libdl  [`@stdlib/Libdl`]
  [37e2e46d] LinearAlgebra  [`@stdlib/LinearAlgebra`]
  [56ddb016] Logging  [`@stdlib/Logging`]
  [d6f4376e] Markdown  [`@stdlib/Markdown`]
  [a63ad114] Mmap  [`@stdlib/Mmap`]
  [44cfe95a] Pkg  [`@stdlib/Pkg`]
  [de0858da] Printf  [`@stdlib/Printf`]
  [3fa0cd96] REPL  [`@stdlib/REPL`]
  [9a3f8284] Random  [`@stdlib/Random`]
  [ea8e919c] SHA  [`@stdlib/SHA`]
  [9e88b42a] Serialization  [`@stdlib/Serialization`]
  [1a1011a3] SharedArrays  [`@stdlib/SharedArrays`]
  [6462fe0b] Sockets  [`@stdlib/Sockets`]
  [2f01184e] SparseArrays  [`@stdlib/SparseArrays`]
  [10745b16] Statistics  [`@stdlib/Statistics`]
  [8dfed614] Test  [`@stdlib/Test`]
  [cf7118a7] UUIDs  [`@stdlib/UUIDs`]
  [4ec0a83e] Unicode  [`@stdlib/Unicode`]
Skipping Base.active_repl
Skipping Base.active_repl_backend
Test Summary: | Pass  Broken  Total
AxisArrays    |  662      17    679
   Testing AxisArrays tests passed 
