 Resolving package versions...
 Installed ReplMaker ─ v0.2.3
  Updating `~/.julia/environments/v1.2/Project.toml`
  [b873ce64] + ReplMaker v0.2.3
  Updating `~/.julia/environments/v1.2/Manifest.toml`
  [b873ce64] + ReplMaker v0.2.3
  [2a0f44e3] + Base64 
  [b77e0a4c] + InteractiveUtils 
  [d6f4376e] + Markdown 
  [3fa0cd96] + REPL 
  [6462fe0b] + Sockets 
  [4ec0a83e] + Unicode 
   Testing ReplMaker
 Resolving package versions...
    Status `/tmp/jl_wYuFGO/Manifest.toml`
  [b873ce64] ReplMaker v0.2.3
  [2a0f44e3] Base64  [`@stdlib/Base64`]
  [8ba89e20] Distributed  [`@stdlib/Distributed`]
  [b77e0a4c] InteractiveUtils  [`@stdlib/InteractiveUtils`]
  [56ddb016] Logging  [`@stdlib/Logging`]
  [d6f4376e] Markdown  [`@stdlib/Markdown`]
  [3fa0cd96] REPL  [`@stdlib/REPL`]
  [9a3f8284] Random  [`@stdlib/Random`]
  [9e88b42a] Serialization  [`@stdlib/Serialization`]
  [6462fe0b] Sockets  [`@stdlib/Sockets`]
  [8dfed614] Test  [`@stdlib/Test`]
  [4ec0a83e] Unicode  [`@stdlib/Unicode`]
 ^C
exit()

julia> 
 using ReplMaker
function parse_to_expr(s)
    quote Meta.parse($s) end
end
initrepl(parse_to_expr,
         prompt_text="Expr> ",
         prompt_color = :blue,
         start_key=')',
         mode_name="Expr_mode");
) x + 1
^C
exit()

julia> 
test opening REPL modes manually: Test Failed at /root/.julia/packages/ReplMaker/pwo5w/test/runtests.jl:85
  Expression: out1[end - 5] == "\e[?2004h\r\e[0K\e[34m\e[1mExpr> \e[0m\e[0m\r\e[6C\r\e[6C\r\e[0K\e[34m\e[1mExpr> \e[0m\e[0m\r\e[6C\r\e[6C^C\r"
   Evaluated: "         mode_name=\"Expr_mode\");\r" == "\e[?2004h\r\e[0K\e[34m\e[1mExpr> \e[0m\e[0m\r\e[6C\r\e[6C\r\e[0K\e[34m\e[1mExpr> \e[0m\e[0m\r\e[6C\r\e[6C^C\r"
Stacktrace:
 [1] top-level scope at /root/.julia/packages/ReplMaker/pwo5w/test/runtests.jl:85
 [2] top-level scope at /buildworker/worker/package_linux64/build/usr/share/julia/stdlib/v1.2/Test/src/Test.jl:1113
 [3] top-level scope at /root/.julia/packages/ReplMaker/pwo5w/test/runtests.jl:84
Test Summary:                    | Fail  Total
test opening REPL modes manually |    1      1
ERROR: LoadError: Some tests did not pass: 0 passed, 1 failed, 0 errored, 0 broken.
in expression starting at /root/.julia/packages/ReplMaker/pwo5w/test/runtests.jl:83
ERROR: Package ReplMaker errored during testing
Stacktrace:
 [1] pkgerror(::String, ::Vararg{String,N} where N) at /buildworker/worker/package_linux64/build/usr/share/julia/stdlib/v1.2/Pkg/src/Types.jl:112
 [2] #test#119(::Bool, ::Nothing, ::typeof(Pkg.Operations.test), ::Pkg.Types.Context, ::Array{Pkg.Types.PackageSpec,1}) at /buildworker/worker/package_linux64/build/usr/share/julia/stdlib/v1.2/Pkg/src/Operations.jl:1288
 [3] #test at ./none:0 [inlined]
 [4] #test#62(::Bool, ::Nothing, ::Base.Iterators.Pairs{Union{},Union{},Tuple{},NamedTuple{(),Tuple{}}}, ::typeof(Pkg.API.test), ::Pkg.Types.Context, ::Array{Pkg.Types.PackageSpec,1}) at /buildworker/worker/package_linux64/build/usr/share/julia/stdlib/v1.2/Pkg/src/API.jl:245
 [5] test at /buildworker/worker/package_linux64/build/usr/share/julia/stdlib/v1.2/Pkg/src/API.jl:233 [inlined]
 [6] #test#61 at /buildworker/worker/package_linux64/build/usr/share/julia/stdlib/v1.2/Pkg/src/API.jl:230 [inlined]
 [7] test at /buildworker/worker/package_linux64/build/usr/share/julia/stdlib/v1.2/Pkg/src/API.jl:230 [inlined]
 [8] #test#60 at /buildworker/worker/package_linux64/build/usr/share/julia/stdlib/v1.2/Pkg/src/API.jl:229 [inlined]
 [9] test at /buildworker/worker/package_linux64/build/usr/share/julia/stdlib/v1.2/Pkg/src/API.jl:229 [inlined]
 [10] #test#59(::Base.Iterators.Pairs{Union{},Union{},Tuple{},NamedTuple{(),Tuple{}}}, ::typeof(Pkg.API.test), ::String) at /buildworker/worker/package_linux64/build/usr/share/julia/stdlib/v1.2/Pkg/src/API.jl:228
 [11] test(::String) at /buildworker/worker/package_linux64/build/usr/share/julia/stdlib/v1.2/Pkg/src/API.jl:228
 [12] top-level scope at none:10
