 Resolving package versions...
 Installed Reexport ─────────── v0.2.0
 Installed Widgets ──────────── v0.6.2
 Installed FixedPointNumbers ── v0.6.1
 Installed ColorTypes ───────── v0.8.0
 Installed Observables ──────── v0.2.3
 Installed OrderedCollections ─ v1.1.0
 Installed Colors ───────────── v0.9.6
  Updating `~/.julia/environments/v1.2/Project.toml`
  [cc8bc4a8] + Widgets v0.6.2
  Updating `~/.julia/environments/v1.2/Manifest.toml`
  [3da002f7] + ColorTypes v0.8.0
  [5ae59095] + Colors v0.9.6
  [53c48c17] + FixedPointNumbers v0.6.1
  [510215fc] + Observables v0.2.3
  [bac558e1] + OrderedCollections v1.1.0
  [189a3867] + Reexport v0.2.0
  [cc8bc4a8] + Widgets v0.6.2
  [2a0f44e3] + Base64 
  [ade2ca70] + Dates 
  [8ba89e20] + Distributed 
  [b77e0a4c] + InteractiveUtils 
  [76f85450] + LibGit2 
  [56ddb016] + Logging 
  [d6f4376e] + Markdown 
  [44cfe95a] + Pkg 
  [de0858da] + Printf 
  [3fa0cd96] + REPL 
  [9a3f8284] + Random 
  [ea8e919c] + SHA 
  [9e88b42a] + Serialization 
  [6462fe0b] + Sockets 
  [8dfed614] + Test 
  [cf7118a7] + UUIDs 
  [4ec0a83e] + Unicode 
   Testing Widgets
 Resolving package versions...
 Installed Requires ────────────── v0.5.2
 Installed JSExpr ──────────────── v0.5.1
 Installed FunctionalCollections ─ v0.5.0
 Installed InteractBase ────────── v0.10.3
 Installed DataStructures ──────── v0.17.6
 Installed Parsers ─────────────── v0.3.10
 Installed WebIO ───────────────── v0.8.11
 Installed MbedTLS ─────────────── v0.7.0
 Installed CSSUtil ─────────────── v0.1.0
 Installed Pidfile ─────────────── v1.1.0
 Installed JSON ────────────────── v0.21.0
 Installed Compat ──────────────── v2.2.0
 Installed BinaryProvider ──────── v0.5.8
 Installed WebSockets ──────────── v1.5.2
 Installed MacroTools ──────────── v0.5.2
 Installed Measures ────────────── v0.3.0
 Installed IniFile ─────────────── v0.5.0
 Installed Knockout ────────────── v0.2.3
 Installed AssetRegistry ───────── v0.1.0
 Installed HTTP ────────────────── v0.8.8
  Building MbedTLS ─────→ `~/.julia/packages/MbedTLS/a1JFn/deps/build.log`
  Building WebIO ───────→ `~/.julia/packages/WebIO/2mZPb/deps/build.log`
  Building Knockout ────→ `~/.julia/packages/Knockout/1sDlc/deps/build.log`
  Building InteractBase → `~/.julia/packages/InteractBase/9mFwe/deps/build.log`
    Status `/tmp/jl_8oRYAY/Manifest.toml`
  [bf4720bc] AssetRegistry v0.1.0
  [b99e7846] BinaryProvider v0.5.8
  [70588ee8] CSSUtil v0.1.0
  [3da002f7] ColorTypes v0.8.0
  [5ae59095] Colors v0.9.6
  [34da2185] Compat v2.2.0
  [864edb3b] DataStructures v0.17.6
  [53c48c17] FixedPointNumbers v0.6.1
  [de31a74c] FunctionalCollections v0.5.0
  [cd3eb016] HTTP v0.8.8
  [83e8ac13] IniFile v0.5.0
  [d3863d7c] InteractBase v0.10.3
  [97c1335a] JSExpr v0.5.1
  [682c06a0] JSON v0.21.0
  [bcebb21b] Knockout v0.2.3
  [1914dd2f] MacroTools v0.5.2
  [739be429] MbedTLS v0.7.0
  [442fdcdd] Measures v0.3.0
  [510215fc] Observables v0.2.3
  [bac558e1] OrderedCollections v1.1.0
  [69de0a69] Parsers v0.3.10
  [fa939f87] Pidfile v1.1.0
  [189a3867] Reexport v0.2.0
  [ae029012] Requires v0.5.2
  [0f1e0344] WebIO v0.8.11
  [104b5d7c] WebSockets v1.5.2
  [cc8bc4a8] Widgets v0.6.2
  [2a0f44e3] Base64  [`@stdlib/Base64`]
  [ade2ca70] Dates  [`@stdlib/Dates`]
  [8bb1440f] DelimitedFiles  [`@stdlib/DelimitedFiles`]
  [8ba89e20] Distributed  [`@stdlib/Distributed`]
  [7b1f6079] FileWatching  [`@stdlib/FileWatching`]
  [b77e0a4c] InteractiveUtils  [`@stdlib/InteractiveUtils`]
  [76f85450] LibGit2  [`@stdlib/LibGit2`]
  [8f399da3] Libdl  [`@stdlib/Libdl`]
  [37e2e46d] LinearAlgebra  [`@stdlib/LinearAlgebra`]
  [56ddb016] Logging  [`@stdlib/Logging`]
  [d6f4376e] Markdown  [`@stdlib/Markdown`]
  [a63ad114] Mmap  [`@stdlib/Mmap`]
  [44cfe95a] Pkg  [`@stdlib/Pkg`]
  [de0858da] Printf  [`@stdlib/Printf`]
  [3fa0cd96] REPL  [`@stdlib/REPL`]
  [9a3f8284] Random  [`@stdlib/Random`]
  [ea8e919c] SHA  [`@stdlib/SHA`]
  [9e88b42a] Serialization  [`@stdlib/Serialization`]
  [1a1011a3] SharedArrays  [`@stdlib/SharedArrays`]
  [6462fe0b] Sockets  [`@stdlib/Sockets`]
  [2f01184e] SparseArrays  [`@stdlib/SparseArrays`]
  [10745b16] Statistics  [`@stdlib/Statistics`]
  [8dfed614] Test  [`@stdlib/Test`]
  [cf7118a7] UUIDs  [`@stdlib/UUIDs`]
  [4ec0a83e] Unicode  [`@stdlib/Unicode`]
Test Summary: | Pass  Total
utils         |   12     12
┌ Warning: `@nodeps` is deprecated. Simply use e.g. `Widgets.dropdown(x)` instead of `Widgets.@nodeps dropdown(x)`.
└ @ Widgets ~/.julia/packages/Widgets/451tD/src/utils.jl:63
Test Summary: | Pass  Total
widget        |   16     16
Test Summary: | Pass  Total
auto          |    2      2
Test Summary: | Pass  Total
layout        |    2      2
Test Summary: | Pass  Total
observable    |    2      2
Test Summary: | Pass  Total
manipulate    |    4      4
   Testing Widgets tests passed 
