 Resolving package versions...
 Installed AutoHashEquals ─ v0.2.0
 Installed RegistryTools ── v1.0.0
  Updating `~/.julia/environments/v1.2/Project.toml`
  [d1eb7eb1] + RegistryTools v1.0.0
  Updating `~/.julia/environments/v1.2/Manifest.toml`
  [15f4f7f2] + AutoHashEquals v0.2.0
  [d1eb7eb1] + RegistryTools v1.0.0
  [2a0f44e3] + Base64 
  [ade2ca70] + Dates 
  [b77e0a4c] + InteractiveUtils 
  [76f85450] + LibGit2 
  [d6f4376e] + Markdown 
  [44cfe95a] + Pkg 
  [de0858da] + Printf 
  [3fa0cd96] + REPL 
  [9a3f8284] + Random 
  [ea8e919c] + SHA 
  [9e88b42a] + Serialization 
  [6462fe0b] + Sockets 
  [cf7118a7] + UUIDs 
  [4ec0a83e] + Unicode 
   Testing RegistryTools
 Resolving package versions...
    Status `/tmp/jl_KiPphN/Manifest.toml`
  [15f4f7f2] AutoHashEquals v0.2.0
  [d1eb7eb1] RegistryTools v1.0.0
  [2a0f44e3] Base64  [`@stdlib/Base64`]
  [ade2ca70] Dates  [`@stdlib/Dates`]
  [8ba89e20] Distributed  [`@stdlib/Distributed`]
  [b77e0a4c] InteractiveUtils  [`@stdlib/InteractiveUtils`]
  [76f85450] LibGit2  [`@stdlib/LibGit2`]
  [56ddb016] Logging  [`@stdlib/Logging`]
  [d6f4376e] Markdown  [`@stdlib/Markdown`]
  [44cfe95a] Pkg  [`@stdlib/Pkg`]
  [de0858da] Printf  [`@stdlib/Printf`]
  [3fa0cd96] REPL  [`@stdlib/REPL`]
  [9a3f8284] Random  [`@stdlib/Random`]
  [ea8e919c] SHA  [`@stdlib/SHA`]
  [9e88b42a] Serialization  [`@stdlib/Serialization`]
  [6462fe0b] Sockets  [`@stdlib/Sockets`]
  [8dfed614] Test  [`@stdlib/Test`]
  [cf7118a7] UUIDs  [`@stdlib/UUIDs`]
  [4ec0a83e] Unicode  [`@stdlib/Unicode`]
Cloning into '/root/.julia/packages/RegistryTools/MXfrp/test/jl_PVrNMA/jl_aUjxwv'...
Cloning into '/root/.julia/packages/RegistryTools/MXfrp/test/jl_PVrNMA/23338594-aafe-5451-b93e-139f81909106'...
Test Summary: | Pass  Total
RegistryTools |   53     53
   Testing RegistryTools tests passed 
