 Resolving package versions...
 Installed Reexport ────────── v0.2.0
 Installed ColorTypes ──────── v0.8.0
 Installed Parsers ─────────── v0.3.10
 Installed PhilipsHue ──────── v0.0.1
 Installed MbedTLS ─────────── v0.6.8
 Installed JSON ────────────── v0.21.0
 Installed BinaryProvider ──── v0.5.8
 Installed Colors ──────────── v0.9.6
 Installed IniFile ─────────── v0.5.0
 Installed FixedPointNumbers ─ v0.6.1
 Installed HTTP ────────────── v0.8.8
  Updating `~/.julia/environments/v1.0/Project.toml`
  [4f36922e] + PhilipsHue v0.0.1
  Updating `~/.julia/environments/v1.0/Manifest.toml`
  [b99e7846] + BinaryProvider v0.5.8
  [3da002f7] + ColorTypes v0.8.0
  [5ae59095] + Colors v0.9.6
  [53c48c17] + FixedPointNumbers v0.6.1
  [cd3eb016] + HTTP v0.8.8
  [83e8ac13] + IniFile v0.5.0
  [682c06a0] + JSON v0.21.0
  [739be429] + MbedTLS v0.6.8
  [69de0a69] + Parsers v0.3.10
  [4f36922e] + PhilipsHue v0.0.1
  [189a3867] + Reexport v0.2.0
  [2a0f44e3] + Base64 
  [ade2ca70] + Dates 
  [8ba89e20] + Distributed 
  [b77e0a4c] + InteractiveUtils 
  [76f85450] + LibGit2 
  [8f399da3] + Libdl 
  [37e2e46d] + LinearAlgebra 
  [56ddb016] + Logging 
  [d6f4376e] + Markdown 
  [a63ad114] + Mmap 
  [44cfe95a] + Pkg 
  [de0858da] + Printf 
  [3fa0cd96] + REPL 
  [9a3f8284] + Random 
  [ea8e919c] + SHA 
  [9e88b42a] + Serialization 
  [6462fe0b] + Sockets 
  [8dfed614] + Test 
  [cf7118a7] + UUIDs 
  [4ec0a83e] + Unicode 
  Building MbedTLS → `~/.julia/packages/MbedTLS/X4xar/deps/build.log`
   Testing PhilipsHue
    Status `/tmp/tmpYRaEUn/Manifest.toml`
  [b99e7846] BinaryProvider v0.5.8
  [3da002f7] ColorTypes v0.8.0
  [5ae59095] Colors v0.9.6
  [53c48c17] FixedPointNumbers v0.6.1
  [cd3eb016] HTTP v0.8.8
  [83e8ac13] IniFile v0.5.0
  [682c06a0] JSON v0.21.0
  [739be429] MbedTLS v0.6.8
  [69de0a69] Parsers v0.3.10
  [4f36922e] PhilipsHue v0.0.1
  [189a3867] Reexport v0.2.0
  [2a0f44e3] Base64  [`@stdlib/Base64`]
  [ade2ca70] Dates  [`@stdlib/Dates`]
  [8ba89e20] Distributed  [`@stdlib/Distributed`]
  [b77e0a4c] InteractiveUtils  [`@stdlib/InteractiveUtils`]
  [76f85450] LibGit2  [`@stdlib/LibGit2`]
  [8f399da3] Libdl  [`@stdlib/Libdl`]
  [37e2e46d] LinearAlgebra  [`@stdlib/LinearAlgebra`]
  [56ddb016] Logging  [`@stdlib/Logging`]
  [d6f4376e] Markdown  [`@stdlib/Markdown`]
  [a63ad114] Mmap  [`@stdlib/Mmap`]
  [44cfe95a] Pkg  [`@stdlib/Pkg`]
  [de0858da] Printf  [`@stdlib/Printf`]
  [3fa0cd96] REPL  [`@stdlib/REPL`]
  [9a3f8284] Random  [`@stdlib/Random`]
  [ea8e919c] SHA  [`@stdlib/SHA`]
  [9e88b42a] Serialization  [`@stdlib/Serialization`]
  [6462fe0b] Sockets  [`@stdlib/Sockets`]
  [8dfed614] Test  [`@stdlib/Test`]
  [cf7118a7] UUIDs  [`@stdlib/UUIDs`]
  [4ec0a83e] Unicode  [`@stdlib/Unicode`]
loaded PhilipsHue
Bridge isn't initialized: error was IOError(Base.IOError("connect: connection timed out (ETIMEDOUT)", -110) during request(http://192.168.1.2/api/50iUI23ZkGnvLN9SvC8xbU-kxJnZjcNd4RCPiELK/config))

[ Info: cursory tests passed, there being no bridge available
   Testing PhilipsHue tests passed 
