 Resolving package versions...
 Installed TerminalExtensions ── v0.4.0
 Installed Crayons ───────────── v4.0.1
 Installed Parsers ───────────── v0.3.10
 Installed Pandoc ────────────── v0.2.5
 Installed JSON ──────────────── v0.21.0
 Installed DocStringExtensions ─ v0.8.1
 Installed Highlights ────────── v0.4.5
 Installed Presentation ──────── v0.2.2
  Updating `~/.julia/environments/v1.2/Project.toml`
  [8bd9f6a2] + Presentation v0.2.2
  Updating `~/.julia/environments/v1.2/Manifest.toml`
  [a8cc5b0e] + Crayons v4.0.1
  [ffbed154] + DocStringExtensions v0.8.1
  [eafb193a] + Highlights v0.4.5
  [682c06a0] + JSON v0.21.0
  [f853b5e0] + Pandoc v0.2.5
  [69de0a69] + Parsers v0.3.10
  [8bd9f6a2] + Presentation v0.2.2
  [d3a6a179] + TerminalExtensions v0.4.0
  [2a0f44e3] + Base64 
  [ade2ca70] + Dates 
  [8ba89e20] + Distributed 
  [b77e0a4c] + InteractiveUtils 
  [76f85450] + LibGit2 
  [56ddb016] + Logging 
  [d6f4376e] + Markdown 
  [a63ad114] + Mmap 
  [44cfe95a] + Pkg 
  [de0858da] + Printf 
  [3fa0cd96] + REPL 
  [9a3f8284] + Random 
  [ea8e919c] + SHA 
  [9e88b42a] + Serialization 
  [6462fe0b] + Sockets 
  [8dfed614] + Test 
  [cf7118a7] + UUIDs 
  [4ec0a83e] + Unicode 
   Testing Presentation
    Status `/tmp/jl_bovYFj/Manifest.toml`
  [a8cc5b0e] Crayons v4.0.1
  [ffbed154] DocStringExtensions v0.8.1
  [eafb193a] Highlights v0.4.5
  [682c06a0] JSON v0.21.0
  [f853b5e0] Pandoc v0.2.5
  [69de0a69] Parsers v0.3.10
  [8bd9f6a2] Presentation v0.2.2
  [d3a6a179] TerminalExtensions v0.4.0
  [2a0f44e3] Base64  [`@stdlib/Base64`]
  [ade2ca70] Dates  [`@stdlib/Dates`]
  [8ba89e20] Distributed  [`@stdlib/Distributed`]
  [b77e0a4c] InteractiveUtils  [`@stdlib/InteractiveUtils`]
  [76f85450] LibGit2  [`@stdlib/LibGit2`]
  [56ddb016] Logging  [`@stdlib/Logging`]
  [d6f4376e] Markdown  [`@stdlib/Markdown`]
  [a63ad114] Mmap  [`@stdlib/Mmap`]
  [44cfe95a] Pkg  [`@stdlib/Pkg`]
  [de0858da] Printf  [`@stdlib/Printf`]
  [3fa0cd96] REPL  [`@stdlib/REPL`]
  [9a3f8284] Random  [`@stdlib/Random`]
  [ea8e919c] SHA  [`@stdlib/SHA`]
  [9e88b42a] Serialization  [`@stdlib/Serialization`]
  [6462fe0b] Sockets  [`@stdlib/Sockets`]
  [8dfed614] Test  [`@stdlib/Test`]
  [cf7118a7] UUIDs  [`@stdlib/UUIDs`]
  [4ec0a83e] Unicode  [`@stdlib/Unicode`]
   Testing Presentation tests passed 
