 Resolving package versions...
 Installed WinReg ───────────── v0.3.1
 Installed OrderedCollections ─ v1.1.0
 Installed JavaCall ─────────── v0.7.2
 Installed DataStructures ───── v0.17.6
  Updating `~/.julia/environments/v1.0/Project.toml`
  [494afd89] + JavaCall v0.7.2
  Updating `~/.julia/environments/v1.0/Manifest.toml`
  [864edb3b] + DataStructures v0.17.6
  [494afd89] + JavaCall v0.7.2
  [bac558e1] + OrderedCollections v1.1.0
  [1b915085] + WinReg v0.3.1
  [2a0f44e3] + Base64 
  [ade2ca70] + Dates 
  [8ba89e20] + Distributed 
  [b77e0a4c] + InteractiveUtils 
  [8f399da3] + Libdl 
  [37e2e46d] + LinearAlgebra 
  [56ddb016] + Logging 
  [d6f4376e] + Markdown 
  [de0858da] + Printf 
  [9a3f8284] + Random 
  [9e88b42a] + Serialization 
  [6462fe0b] + Sockets 
  [8dfed614] + Test 
  [4ec0a83e] + Unicode 
   Testing JavaCall
    Status `/tmp/tmpXd3fLu/Manifest.toml`
  [864edb3b] DataStructures v0.17.6
  [494afd89] JavaCall v0.7.2
  [bac558e1] OrderedCollections v1.1.0
  [1b915085] WinReg v0.3.1
  [2a0f44e3] Base64  [`@stdlib/Base64`]
  [ade2ca70] Dates  [`@stdlib/Dates`]
  [8ba89e20] Distributed  [`@stdlib/Distributed`]
  [b77e0a4c] InteractiveUtils  [`@stdlib/InteractiveUtils`]
  [8f399da3] Libdl  [`@stdlib/Libdl`]
  [37e2e46d] LinearAlgebra  [`@stdlib/LinearAlgebra`]
  [56ddb016] Logging  [`@stdlib/Logging`]
  [d6f4376e] Markdown  [`@stdlib/Markdown`]
  [de0858da] Printf  [`@stdlib/Printf`]
  [9a3f8284] Random  [`@stdlib/Random`]
  [9e88b42a] Serialization  [`@stdlib/Serialization`]
  [6462fe0b] Sockets  [`@stdlib/Sockets`]
  [8dfed614] Test  [`@stdlib/Test`]
  [4ec0a83e] Unicode  [`@stdlib/Unicode`]
ERROR: LoadError: InitError: JavaCall.JavaCallError("Cannot find java library libjvm.so\nSearch Path:\n   /root/.julia/packages/JavaCall/Iz2MQ/test")
Stacktrace:
 [1] findjvm() at /root/.julia/packages/JavaCall/Iz2MQ/src/jvm.jl:111
 [2] __init__() at /root/.julia/packages/JavaCall/Iz2MQ/src/JavaCall.jl:32
 [3] _include_from_serialized(::String, ::Array{Any,1}) at ./loading.jl:633
 [4] _require_from_serialized(::String) at ./loading.jl:684
 [5] _require(::Base.PkgId) at ./loading.jl:967
 [6] require(::Base.PkgId) at ./loading.jl:858
 [7] require(::Module, ::Symbol) at ./loading.jl:853
 [8] include at ./boot.jl:317 [inlined]
 [9] include_relative(::Module, ::String) at ./loading.jl:1044
 [10] include(::Module, ::String) at ./sysimg.jl:29
 [11] include(::String) at ./client.jl:392
 [12] top-level scope at none:0
during initialization of module JavaCall
in expression starting at /root/.julia/packages/JavaCall/Iz2MQ/test/runtests.jl:2
ERROR: Package JavaCall errored during testing
Stacktrace:
 [1] pkgerror(::String, ::Vararg{String,N} where N) at /buildworker/worker/package_linux64/build/usr/share/julia/stdlib/v1.0/Pkg/src/Types.jl:120
 [2] #test#65(::Bool, ::Function, ::Pkg.Types.Context, ::Array{Pkg.Types.PackageSpec,1}) at /buildworker/worker/package_linux64/build/usr/share/julia/stdlib/v1.0/Pkg/src/Operations.jl:1357
 [3] #test at /buildworker/worker/package_linux64/build/usr/share/julia/stdlib/v1.0/Pkg/src/API.jl:0 [inlined]
 [4] #test#44(::Bool, ::Base.Iterators.Pairs{Union{},Union{},Tuple{},NamedTuple{(),Tuple{}}}, ::Function, ::Pkg.Types.Context, ::Array{Pkg.Types.PackageSpec,1}) at /buildworker/worker/package_linux64/build/usr/share/julia/stdlib/v1.0/Pkg/src/API.jl:278
 [5] test at /buildworker/worker/package_linux64/build/usr/share/julia/stdlib/v1.0/Pkg/src/API.jl:263 [inlined]
 [6] #test#43 at /buildworker/worker/package_linux64/build/usr/share/julia/stdlib/v1.0/Pkg/src/API.jl:260 [inlined]
 [7] test at /buildworker/worker/package_linux64/build/usr/share/julia/stdlib/v1.0/Pkg/src/API.jl:260 [inlined]
 [8] #test#42 at /buildworker/worker/package_linux64/build/usr/share/julia/stdlib/v1.0/Pkg/src/API.jl:259 [inlined]
 [9] test at /buildworker/worker/package_linux64/build/usr/share/julia/stdlib/v1.0/Pkg/src/API.jl:259 [inlined]
 [10] #test#41 at /buildworker/worker/package_linux64/build/usr/share/julia/stdlib/v1.0/Pkg/src/API.jl:258 [inlined]
 [11] test(::String) at /buildworker/worker/package_linux64/build/usr/share/julia/stdlib/v1.0/Pkg/src/API.jl:258
 [12] top-level scope at none:0
