 Resolving package versions...
 Installed Reexport ───────── v0.2.0
 Installed RecipesBase ────── v0.7.0
 Installed Parsers ────────── v0.3.10
 Installed Compat ─────────── v2.2.0
 Installed AbstractFFTs ───── v0.5.0
 Installed FFTW ───────────── v0.2.4
 Installed ArrayFire ──────── v1.0.4
 Installed BinaryProvider ─── v0.5.8
 Installed URIParser ──────── v0.4.0
 Installed VersionParsing ─── v1.1.3
 Installed Conda ──────────── v1.3.0
 Installed JSON ───────────── v0.21.0
 Installed BinDeps ────────── v0.8.10
 Installed SpecialFunctions ─ v0.7.2
 Installed Polynomials ────── v0.6.0
 Installed DSP ────────────── v0.5.2
  Updating `~/.julia/environments/v1.2/Project.toml`
  [b19378d9] + ArrayFire v1.0.4
  Updating `~/.julia/environments/v1.2/Manifest.toml`
  [621f4979] + AbstractFFTs v0.5.0
  [b19378d9] + ArrayFire v1.0.4
  [9e28174c] + BinDeps v0.8.10
  [b99e7846] + BinaryProvider v0.5.8
  [34da2185] + Compat v2.2.0
  [8f4d0f93] + Conda v1.3.0
  [717857b8] + DSP v0.5.2
  [7a1cc6ca] + FFTW v0.2.4
  [682c06a0] + JSON v0.21.0
  [69de0a69] + Parsers v0.3.10
  [f27b6e38] + Polynomials v0.6.0
  [3cdcf5f2] + RecipesBase v0.7.0
  [189a3867] + Reexport v0.2.0
  [276daf66] + SpecialFunctions v0.7.2
  [30578b45] + URIParser v0.4.0
  [81def892] + VersionParsing v1.1.3
  [2a0f44e3] + Base64 
  [ade2ca70] + Dates 
  [8bb1440f] + DelimitedFiles 
  [8ba89e20] + Distributed 
  [b77e0a4c] + InteractiveUtils 
  [76f85450] + LibGit2 
  [8f399da3] + Libdl 
  [37e2e46d] + LinearAlgebra 
  [56ddb016] + Logging 
  [d6f4376e] + Markdown 
  [a63ad114] + Mmap 
  [44cfe95a] + Pkg 
  [de0858da] + Printf 
  [3fa0cd96] + REPL 
  [9a3f8284] + Random 
  [ea8e919c] + SHA 
  [9e88b42a] + Serialization 
  [1a1011a3] + SharedArrays 
  [6462fe0b] + Sockets 
  [2f01184e] + SparseArrays 
  [10745b16] + Statistics 
  [8dfed614] + Test 
  [cf7118a7] + UUIDs 
  [4ec0a83e] + Unicode 
  Building SpecialFunctions → `~/.julia/packages/SpecialFunctions/fvheQ/deps/build.log`
  Building Conda ───────────→ `~/.julia/packages/Conda/kLXeC/deps/build.log`
  Building FFTW ────────────→ `~/.julia/packages/FFTW/p7sLQ/deps/build.log`
  Building ArrayFire ───────→ `~/.julia/packages/ArrayFire/nkN6J/deps/build.log`
┌ Error: Error building `ArrayFire`: 
│ ┌ Warning: ArrayFire library not loaded:
│ │     either download a binary from the official site http://arrayfire.com/download
│ │     or you can build from source https://github.com/arrayfire/arrayfire
│ └ @ Main ~/.julia/packages/ArrayFire/nkN6J/deps/build.jl:7
│ ERROR: LoadError: could not load library "libaf"
│ libaf.so: cannot open shared object file: No such file or directory
│ Stacktrace:
│  [1] #dlopen#3(::Bool, ::typeof(dlopen), ::String, ::UInt32) at /buildworker/worker/package_linux64/build/usr/share/julia/stdlib/v1.2/Libdl/src/Libdl.jl:109
│  [2] dlopen at /buildworker/worker/package_linux64/build/usr/share/julia/stdlib/v1.2/Libdl/src/Libdl.jl:109 [inlined] (repeats 2 times)
│  [3] top-level scope at /root/.julia/packages/ArrayFire/nkN6J/deps/build.jl:5
│  [4] include at ./boot.jl:328 [inlined]
│  [5] include_relative(::Module, ::String) at ./loading.jl:1094
│  [6] include(::Module, ::String) at ./Base.jl:31
│  [7] include(::String) at ./client.jl:431
│  [8] top-level scope at none:5
│ in expression starting at /root/.julia/packages/ArrayFire/nkN6J/deps/build.jl:4
└ @ Pkg.Operations /buildworker/worker/package_linux64/build/usr/share/julia/stdlib/v1.2/Pkg/src/backwards_compatible_isolation.jl:647
   Testing ArrayFire
    Status `/tmp/jl_twHqOX/Manifest.toml`
  [621f4979] AbstractFFTs v0.5.0
  [b19378d9] ArrayFire v1.0.4
  [9e28174c] BinDeps v0.8.10
  [b99e7846] BinaryProvider v0.5.8
  [34da2185] Compat v2.2.0
  [8f4d0f93] Conda v1.3.0
  [717857b8] DSP v0.5.2
  [7a1cc6ca] FFTW v0.2.4
  [682c06a0] JSON v0.21.0
  [69de0a69] Parsers v0.3.10
  [f27b6e38] Polynomials v0.6.0
  [3cdcf5f2] RecipesBase v0.7.0
  [189a3867] Reexport v0.2.0
  [276daf66] SpecialFunctions v0.7.2
  [30578b45] URIParser v0.4.0
  [81def892] VersionParsing v1.1.3
  [2a0f44e3] Base64  [`@stdlib/Base64`]
  [ade2ca70] Dates  [`@stdlib/Dates`]
  [8bb1440f] DelimitedFiles  [`@stdlib/DelimitedFiles`]
  [8ba89e20] Distributed  [`@stdlib/Distributed`]
  [b77e0a4c] InteractiveUtils  [`@stdlib/InteractiveUtils`]
  [76f85450] LibGit2  [`@stdlib/LibGit2`]
  [8f399da3] Libdl  [`@stdlib/Libdl`]
  [37e2e46d] LinearAlgebra  [`@stdlib/LinearAlgebra`]
  [56ddb016] Logging  [`@stdlib/Logging`]
  [d6f4376e] Markdown  [`@stdlib/Markdown`]
  [a63ad114] Mmap  [`@stdlib/Mmap`]
  [44cfe95a] Pkg  [`@stdlib/Pkg`]
  [de0858da] Printf  [`@stdlib/Printf`]
  [3fa0cd96] REPL  [`@stdlib/REPL`]
  [9a3f8284] Random  [`@stdlib/Random`]
  [ea8e919c] SHA  [`@stdlib/SHA`]
  [9e88b42a] Serialization  [`@stdlib/Serialization`]
  [1a1011a3] SharedArrays  [`@stdlib/SharedArrays`]
  [6462fe0b] Sockets  [`@stdlib/Sockets`]
  [2f01184e] SparseArrays  [`@stdlib/SparseArrays`]
  [10745b16] Statistics  [`@stdlib/Statistics`]
  [8dfed614] Test  [`@stdlib/Test`]
  [cf7118a7] UUIDs  [`@stdlib/UUIDs`]
  [4ec0a83e] Unicode  [`@stdlib/Unicode`]
WARNING: both AbstractFFTs and Util export "Frequencies"; uses of it in module Periodograms must be qualified
ERROR: LoadError: LoadError: UndefVarError: Frequencies not defined
Stacktrace:
 [1] top-level scope at /root/.julia/packages/DSP/efNaR/src/periodograms.jl:194
 [2] include at ./boot.jl:328 [inlined]
 [3] include_relative(::Module, ::String) at ./loading.jl:1094
 [4] include at ./Base.jl:31 [inlined]
 [5] include(::String) at /root/.julia/packages/DSP/efNaR/src/DSP.jl:3
 [6] top-level scope at /root/.julia/packages/DSP/efNaR/src/DSP.jl:51
 [7] include at ./boot.jl:328 [inlined]
 [8] include_relative(::Module, ::String) at ./loading.jl:1094
 [9] include(::Module, ::String) at ./Base.jl:31
 [10] top-level scope at none:2
 [11] eval at ./boot.jl:330 [inlined]
 [12] eval(::Expr) at ./client.jl:432
 [13] top-level scope at ./none:3
in expression starting at /root/.julia/packages/DSP/efNaR/src/periodograms.jl:194
in expression starting at /root/.julia/packages/DSP/efNaR/src/DSP.jl:51
ERROR: LoadError: Failed to precompile DSP [717857b8-e6f2-59f4-9121-6e50c889abd2] to /root/.julia/compiled/v1.2/DSP/OtML7.ji.
Stacktrace:
 [1] error(::String) at ./error.jl:33
 [2] compilecache(::Base.PkgId, ::String) at ./loading.jl:1253
 [3] _require(::Base.PkgId) at ./loading.jl:1013
 [4] require(::Base.PkgId) at ./loading.jl:911
 [5] require(::Module, ::Symbol) at ./loading.jl:906
 [6] include at ./boot.jl:328 [inlined]
 [7] include_relative(::Module, ::String) at ./loading.jl:1094
 [8] include(::Module, ::String) at ./Base.jl:31
 [9] top-level scope at none:2
 [10] eval at ./boot.jl:330 [inlined]
 [11] eval(::Expr) at ./client.jl:432
 [12] top-level scope at ./none:3
in expression starting at /root/.julia/packages/ArrayFire/nkN6J/src/ArrayFire.jl:3
ERROR: LoadError: Failed to precompile ArrayFire [b19378d9-d87a-599a-927f-45f220a2c452] to /root/.julia/compiled/v1.2/ArrayFire/SIACH.ji.
Stacktrace:
 [1] error(::String) at ./error.jl:33
 [2] compilecache(::Base.PkgId, ::String) at ./loading.jl:1253
 [3] _require(::Base.PkgId) at ./loading.jl:1013
 [4] require(::Base.PkgId) at ./loading.jl:911
 [5] require(::Module, ::Symbol) at ./loading.jl:906
 [6] include at ./boot.jl:328 [inlined]
 [7] include_relative(::Module, ::String) at ./loading.jl:1094
 [8] include(::Module, ::String) at ./Base.jl:31
 [9] include(::String) at ./client.jl:431
 [10] top-level scope at none:5
in expression starting at /root/.julia/packages/ArrayFire/nkN6J/test/runtests.jl:1
ERROR: Package ArrayFire errored during testing
Stacktrace:
 [1] pkgerror(::String, ::Vararg{String,N} where N) at /buildworker/worker/package_linux64/build/usr/share/julia/stdlib/v1.2/Pkg/src/Types.jl:112
 [2] #test#119(::Bool, ::Nothing, ::typeof(Pkg.Operations.test), ::Pkg.Types.Context, ::Array{Pkg.Types.PackageSpec,1}) at /buildworker/worker/package_linux64/build/usr/share/julia/stdlib/v1.2/Pkg/src/Operations.jl:1288
 [3] #test at ./none:0 [inlined]
 [4] #test#62(::Bool, ::Nothing, ::Base.Iterators.Pairs{Union{},Union{},Tuple{},NamedTuple{(),Tuple{}}}, ::typeof(Pkg.API.test), ::Pkg.Types.Context, ::Array{Pkg.Types.PackageSpec,1}) at /buildworker/worker/package_linux64/build/usr/share/julia/stdlib/v1.2/Pkg/src/API.jl:245
 [5] test at /buildworker/worker/package_linux64/build/usr/share/julia/stdlib/v1.2/Pkg/src/API.jl:233 [inlined]
 [6] #test#61 at /buildworker/worker/package_linux64/build/usr/share/julia/stdlib/v1.2/Pkg/src/API.jl:230 [inlined]
 [7] test at /buildworker/worker/package_linux64/build/usr/share/julia/stdlib/v1.2/Pkg/src/API.jl:230 [inlined]
 [8] #test#60 at /buildworker/worker/package_linux64/build/usr/share/julia/stdlib/v1.2/Pkg/src/API.jl:229 [inlined]
 [9] test at /buildworker/worker/package_linux64/build/usr/share/julia/stdlib/v1.2/Pkg/src/API.jl:229 [inlined]
 [10] #test#59(::Base.Iterators.Pairs{Union{},Union{},Tuple{},NamedTuple{(),Tuple{}}}, ::typeof(Pkg.API.test), ::String) at /buildworker/worker/package_linux64/build/usr/share/julia/stdlib/v1.2/Pkg/src/API.jl:228
 [11] test(::String) at /buildworker/worker/package_linux64/build/usr/share/julia/stdlib/v1.2/Pkg/src/API.jl:228
 [12] top-level scope at none:10
