 Resolving package versions...
 Installed FIGlet ───────── v0.2.1
 Installed BinaryProvider ─ v0.5.8
  Updating `~/.julia/environments/v1.0/Project.toml`
  [3064a664] + FIGlet v0.2.1
  Updating `~/.julia/environments/v1.0/Manifest.toml`
  [b99e7846] + BinaryProvider v0.5.8
  [3064a664] + FIGlet v0.2.1
  [2a0f44e3] + Base64 
  [ade2ca70] + Dates 
  [b77e0a4c] + InteractiveUtils 
  [76f85450] + LibGit2 
  [8f399da3] + Libdl 
  [37e2e46d] + LinearAlgebra 
  [d6f4376e] + Markdown 
  [44cfe95a] + Pkg 
  [de0858da] + Printf 
  [3fa0cd96] + REPL 
  [9a3f8284] + Random 
  [ea8e919c] + SHA 
  [9e88b42a] + Serialization 
  [6462fe0b] + Sockets 
  [cf7118a7] + UUIDs 
  [4ec0a83e] + Unicode 
  Building FIGlet → `~/.julia/packages/FIGlet/My7b4/deps/build.log`
   Testing FIGlet
 Resolving package versions...
    Status `/tmp/tmp5i5M6k/Manifest.toml`
  [b99e7846] BinaryProvider v0.5.8
  [3064a664] FIGlet v0.2.1
  [2a0f44e3] Base64  [`@stdlib/Base64`]
  [ade2ca70] Dates  [`@stdlib/Dates`]
  [8ba89e20] Distributed  [`@stdlib/Distributed`]
  [b77e0a4c] InteractiveUtils  [`@stdlib/InteractiveUtils`]
  [76f85450] LibGit2  [`@stdlib/LibGit2`]
  [8f399da3] Libdl  [`@stdlib/Libdl`]
  [37e2e46d] LinearAlgebra  [`@stdlib/LinearAlgebra`]
  [56ddb016] Logging  [`@stdlib/Logging`]
  [d6f4376e] Markdown  [`@stdlib/Markdown`]
  [44cfe95a] Pkg  [`@stdlib/Pkg`]
  [de0858da] Printf  [`@stdlib/Printf`]
  [3fa0cd96] REPL  [`@stdlib/REPL`]
  [9a3f8284] Random  [`@stdlib/Random`]
  [ea8e919c] SHA  [`@stdlib/SHA`]
  [9e88b42a] Serialization  [`@stdlib/Serialization`]
  [6462fe0b] Sockets  [`@stdlib/Sockets`]
  [8dfed614] Test  [`@stdlib/Test`]
  [cf7118a7] UUIDs  [`@stdlib/UUIDs`]
  [4ec0a83e] Unicode  [`@stdlib/Unicode`]
┌ Warning: Received unknown header attributes: `("34", "63", "HIKE")`.
└ @ FIGlet ~/.julia/packages/FIGlet/My7b4/src/FIGlet.jl:93
┌ Warning: Received unknown header attributes: `("34", "63", "HIKE")`.
└ @ FIGlet ~/.julia/packages/FIGlet/My7b4/src/FIGlet.jl:93
┌ Warning: Received unknown header attributes: `("34", "63", "HIKE")`.
└ @ FIGlet ~/.julia/packages/FIGlet/My7b4/src/FIGlet.jl:93
Test Summary: | Pass  Total
FIGlet.jl     | 1371   1371
   Testing FIGlet tests passed 
