 Resolving package versions...
 Installed AbstractLattices ─ v0.1.2
 Installed AbstractTensors ── v0.3.0
 Installed Leibniz ────────── v0.0.3
 Installed DirectSum ──────── v0.4.2
 Installed SyntaxTree ─────── v1.0.1
 Installed ForceImport ────── v0.0.3
 Installed StaticArrays ───── v0.12.1
 Installed Reduce ─────────── v1.2.3
  Updating `~/.julia/environments/v1.2/Project.toml`
  [93e0c654] + Reduce v1.2.3
  Updating `~/.julia/environments/v1.2/Manifest.toml`
  [398f06c4] + AbstractLattices v0.1.2
  [a8e43f4a] + AbstractTensors v0.3.0
  [22fd7b30] + DirectSum v0.4.2
  [9dda63f9] + ForceImport v0.0.3
  [edad4870] + Leibniz v0.0.3
  [93e0c654] + Reduce v1.2.3
  [90137ffa] + StaticArrays v0.12.1
  [a4af3ec5] + SyntaxTree v1.0.1
  [2a0f44e3] + Base64 
  [8ba89e20] + Distributed 
  [b77e0a4c] + InteractiveUtils 
  [8f399da3] + Libdl 
  [37e2e46d] + LinearAlgebra 
  [56ddb016] + Logging 
  [d6f4376e] + Markdown 
  [3fa0cd96] + REPL 
  [9a3f8284] + Random 
  [9e88b42a] + Serialization 
  [6462fe0b] + Sockets 
  [2f01184e] + SparseArrays 
  [10745b16] + Statistics 
  [8dfed614] + Test 
  Building Reduce → `~/.julia/packages/Reduce/4dmwd/deps/build.log`
   Testing Reduce
 Resolving package versions...
    Status `/tmp/jl_ypuFHv/Manifest.toml`
  [398f06c4] AbstractLattices v0.1.2
  [a8e43f4a] AbstractTensors v0.3.0
  [22fd7b30] DirectSum v0.4.2
  [9dda63f9] ForceImport v0.0.3
  [edad4870] Leibniz v0.0.3
  [93e0c654] Reduce v1.2.3
  [90137ffa] StaticArrays v0.12.1
  [a4af3ec5] SyntaxTree v1.0.1
  [2a0f44e3] Base64  [`@stdlib/Base64`]
  [8ba89e20] Distributed  [`@stdlib/Distributed`]
  [b77e0a4c] InteractiveUtils  [`@stdlib/InteractiveUtils`]
  [8f399da3] Libdl  [`@stdlib/Libdl`]
  [37e2e46d] LinearAlgebra  [`@stdlib/LinearAlgebra`]
  [56ddb016] Logging  [`@stdlib/Logging`]
  [d6f4376e] Markdown  [`@stdlib/Markdown`]
  [3fa0cd96] REPL  [`@stdlib/REPL`]
  [9a3f8284] Random  [`@stdlib/Random`]
  [9e88b42a] Serialization  [`@stdlib/Serialization`]
  [6462fe0b] Sockets  [`@stdlib/Sockets`]
  [2f01184e] SparseArrays  [`@stdlib/SparseArrays`]
  [10745b16] Statistics  [`@stdlib/Statistics`]
  [8dfed614] Test  [`@stdlib/Test`]
/root/.julia/packages/Reduce/4dmwd/deps/usr/lib/reduce/cslbuild/csl/reduce: error while loading shared libraries: libXft.so.2: cannot open shared object file: No such file or directory
Reduce: A Portable General-Purpose Computer Algebra SystemError During Test at /root/.julia/packages/Reduce/4dmwd/test/runtests.jl:7
  Test threw exception
  Expression: rcall($(Expr(:quote, :((1 + pi) ^ 2)))) == convert(Expr, RExpr(rcall("(1+pi)**2")))
  IOError: write: broken pipe (EPIPE)
  Stacktrace:
   [1] try_yieldto(::typeof(Base.ensure_rescheduled), ::Base.RefValue{Task}) at ./task.jl:517
   [2] wait() at ./task.jl:592
   [3] uv_write(::Base.PipeEndpoint, ::Ptr{UInt8}, ::UInt64) at ./stream.jl:883
   [4] unsafe_write(::Base.PipeEndpoint, ::Ptr{UInt8}, ::UInt64) at ./stream.jl:931
   [5] unsafe_write at ./io.jl:238 [inlined]
   [6] macro expansion at ./gcutils.jl:87 [inlined]
   [7] write at ./strings/io.jl:177 [inlined]
   [8] clear at /root/.julia/packages/Reduce/4dmwd/src/Reduce.jl:76 [inlined]
   [9] write(::Reduce.PSL, ::String) at /root/.julia/packages/Reduce/4dmwd/src/Reduce.jl:83
   [10] #rcall#40(::Array{Symbol,1}, ::Array{Symbol,1}, ::typeof(rcall), ::RExpr) at /root/.julia/packages/Reduce/4dmwd/src/rexpr.jl:464
   [11] #rcall at ./none:0 [inlined]
   [12] #rcall#41(::Array{Symbol,1}, ::Array{Symbol,1}, ::typeof(rcall), ::Expr) at /root/.julia/packages/Reduce/4dmwd/src/rexpr.jl:498
   [13] rcall(::Expr) at /root/.julia/packages/Reduce/4dmwd/src/rexpr.jl:498
   [14] top-level scope at /root/.julia/packages/Reduce/4dmwd/test/runtests.jl:7
   [15] include at ./boot.jl:328 [inlined]
   [16] include_relative(::Module, ::String) at ./loading.jl:1094
   [17] include(::Module, ::String) at ./Base.jl:31
   [18] include(::String) at ./client.jl:431
   [19] top-level scope at none:5
   [20] eval(::Module, ::Any) at ./boot.jl:330
   [21] exec_options(::Base.JLOptions) at ./client.jl:271
   [22] _start() at ./client.jl:464
  
ERROR: LoadError: There was an error during testing
in expression starting at /root/.julia/packages/Reduce/4dmwd/test/runtests.jl:7
ERROR: Package Reduce errored during testing
Stacktrace:
 [1] pkgerror(::String, ::Vararg{String,N} where N) at /buildworker/worker/package_linux64/build/usr/share/julia/stdlib/v1.2/Pkg/src/Types.jl:112
 [2] #test#119(::Bool, ::Nothing, ::typeof(Pkg.Operations.test), ::Pkg.Types.Context, ::Array{Pkg.Types.PackageSpec,1}) at /buildworker/worker/package_linux64/build/usr/share/julia/stdlib/v1.2/Pkg/src/Operations.jl:1288
 [3] #test at ./none:0 [inlined]
 [4] #test#62(::Bool, ::Nothing, ::Base.Iterators.Pairs{Union{},Union{},Tuple{},NamedTuple{(),Tuple{}}}, ::typeof(Pkg.API.test), ::Pkg.Types.Context, ::Array{Pkg.Types.PackageSpec,1}) at /buildworker/worker/package_linux64/build/usr/share/julia/stdlib/v1.2/Pkg/src/API.jl:245
 [5] test at /buildworker/worker/package_linux64/build/usr/share/julia/stdlib/v1.2/Pkg/src/API.jl:233 [inlined]
 [6] #test#61 at /buildworker/worker/package_linux64/build/usr/share/julia/stdlib/v1.2/Pkg/src/API.jl:230 [inlined]
 [7] test at /buildworker/worker/package_linux64/build/usr/share/julia/stdlib/v1.2/Pkg/src/API.jl:230 [inlined]
 [8] #test#60 at /buildworker/worker/package_linux64/build/usr/share/julia/stdlib/v1.2/Pkg/src/API.jl:229 [inlined]
 [9] test at /buildworker/worker/package_linux64/build/usr/share/julia/stdlib/v1.2/Pkg/src/API.jl:229 [inlined]
 [10] #test#59(::Base.Iterators.Pairs{Union{},Union{},Tuple{},NamedTuple{(),Tuple{}}}, ::typeof(Pkg.API.test), ::String) at /buildworker/worker/package_linux64/build/usr/share/julia/stdlib/v1.2/Pkg/src/API.jl:228
 [11] test(::String) at /buildworker/worker/package_linux64/build/usr/share/julia/stdlib/v1.2/Pkg/src/API.jl:228
 [12] top-level scope at none:10
