 Resolving package versions...
 Installed AlgebraResultTypes ─ v0.2.0
  Updating `~/.julia/environments/v1.2/Project.toml`
  [32e1273b] + AlgebraResultTypes v0.2.0
  Updating `~/.julia/environments/v1.2/Manifest.toml`
  [32e1273b] + AlgebraResultTypes v0.2.0
  [2a0f44e3] + Base64 
  [8ba89e20] + Distributed 
  [b77e0a4c] + InteractiveUtils 
  [56ddb016] + Logging 
  [d6f4376e] + Markdown 
  [9a3f8284] + Random 
  [9e88b42a] + Serialization 
  [6462fe0b] + Sockets 
  [8dfed614] + Test 
   Testing AlgebraResultTypes
 Resolving package versions...
 Installed DiffRules ──────────── v0.1.0
 Installed ForwardDiff ────────── v0.10.6
 Installed DiffResults ────────── v0.0.4
 Installed SpecialFunctions ───── v0.8.0
 Installed Compat ─────────────── v2.2.0
 Installed CommonSubexpressions ─ v0.2.0
 Installed BinaryProvider ─────── v0.5.8
 Installed URIParser ──────────── v0.4.0
 Installed NaNMath ────────────── v0.3.3
 Installed StaticArrays ───────── v0.12.1
 Installed BinDeps ────────────── v0.8.10
  Building SpecialFunctions → `~/.julia/packages/SpecialFunctions/ne2iw/deps/build.log`
    Status `/tmp/jl_VnIQOh/Manifest.toml`
  [32e1273b] AlgebraResultTypes v0.2.0
  [9e28174c] BinDeps v0.8.10
  [b99e7846] BinaryProvider v0.5.8
  [bbf7d656] CommonSubexpressions v0.2.0
  [34da2185] Compat v2.2.0
  [163ba53b] DiffResults v0.0.4
  [b552c78f] DiffRules v0.1.0
  [f6369f11] ForwardDiff v0.10.6
  [77ba4419] NaNMath v0.3.3
  [276daf66] SpecialFunctions v0.8.0
  [90137ffa] StaticArrays v0.12.1
  [30578b45] URIParser v0.4.0
  [2a0f44e3] Base64  [`@stdlib/Base64`]
  [ade2ca70] Dates  [`@stdlib/Dates`]
  [8bb1440f] DelimitedFiles  [`@stdlib/DelimitedFiles`]
  [8ba89e20] Distributed  [`@stdlib/Distributed`]
  [b77e0a4c] InteractiveUtils  [`@stdlib/InteractiveUtils`]
  [76f85450] LibGit2  [`@stdlib/LibGit2`]
  [8f399da3] Libdl  [`@stdlib/Libdl`]
  [37e2e46d] LinearAlgebra  [`@stdlib/LinearAlgebra`]
  [56ddb016] Logging  [`@stdlib/Logging`]
  [d6f4376e] Markdown  [`@stdlib/Markdown`]
  [a63ad114] Mmap  [`@stdlib/Mmap`]
  [44cfe95a] Pkg  [`@stdlib/Pkg`]
  [de0858da] Printf  [`@stdlib/Printf`]
  [3fa0cd96] REPL  [`@stdlib/REPL`]
  [9a3f8284] Random  [`@stdlib/Random`]
  [ea8e919c] SHA  [`@stdlib/SHA`]
  [9e88b42a] Serialization  [`@stdlib/Serialization`]
  [1a1011a3] SharedArrays  [`@stdlib/SharedArrays`]
  [6462fe0b] Sockets  [`@stdlib/Sockets`]
  [2f01184e] SparseArrays  [`@stdlib/SparseArrays`]
  [10745b16] Statistics  [`@stdlib/Statistics`]
  [8dfed614] Test  [`@stdlib/Test`]
  [cf7118a7] UUIDs  [`@stdlib/UUIDs`]
  [4ec0a83e] Unicode  [`@stdlib/Unicode`]
Test Summary:                    | Pass  Total
result_field deterministic tests |  657    657
Test Summary:                   | Pass  Total
result_ring deterministic tests |  657    657
Test Summary:     |  Pass  Total
ring random tests | 10000  10000
Test Summary:      |  Pass  Total
field random tests | 10000  10000
Test Summary: | Pass  Total
number type   |    4      4
   Testing AlgebraResultTypes tests passed 
