 Resolving package versions...
 Installed Parsers ──────────── v0.3.10
 Installed OrderedCollections ─ v1.1.0
 Installed DataStructures ───── v0.17.6
 Installed JSON ─────────────── v0.21.0
 Installed LazyJSON ─────────── v0.1.1
  Updating `~/.julia/environments/v1.0/Project.toml`
  [fc18253b] + LazyJSON v0.1.1
  Updating `~/.julia/environments/v1.0/Manifest.toml`
  [864edb3b] + DataStructures v0.17.6
  [682c06a0] + JSON v0.21.0
  [fc18253b] + LazyJSON v0.1.1
  [bac558e1] + OrderedCollections v1.1.0
  [69de0a69] + Parsers v0.3.10
  [2a0f44e3] + Base64 
  [ade2ca70] + Dates 
  [8ba89e20] + Distributed 
  [b77e0a4c] + InteractiveUtils 
  [8f399da3] + Libdl 
  [37e2e46d] + LinearAlgebra 
  [56ddb016] + Logging 
  [d6f4376e] + Markdown 
  [a63ad114] + Mmap 
  [de0858da] + Printf 
  [9a3f8284] + Random 
  [9e88b42a] + Serialization 
  [6462fe0b] + Sockets 
  [8dfed614] + Test 
  [4ec0a83e] + Unicode 
   Testing LazyJSON
 Resolving package versions...
 Installed JSON2 ─ v0.3.1
    Status `/tmp/tmp3U4wjo/Manifest.toml`
  [864edb3b] DataStructures v0.17.6
  [682c06a0] JSON v0.21.0
  [2535ab7d] JSON2 v0.3.1
  [fc18253b] LazyJSON v0.1.1
  [bac558e1] OrderedCollections v1.1.0
  [69de0a69] Parsers v0.3.10
  [2a0f44e3] Base64  [`@stdlib/Base64`]
  [ade2ca70] Dates  [`@stdlib/Dates`]
  [8ba89e20] Distributed  [`@stdlib/Distributed`]
  [b77e0a4c] InteractiveUtils  [`@stdlib/InteractiveUtils`]
  [8f399da3] Libdl  [`@stdlib/Libdl`]
  [37e2e46d] LinearAlgebra  [`@stdlib/LinearAlgebra`]
  [56ddb016] Logging  [`@stdlib/Logging`]
  [d6f4376e] Markdown  [`@stdlib/Markdown`]
  [a63ad114] Mmap  [`@stdlib/Mmap`]
  [de0858da] Printf  [`@stdlib/Printf`]
  [9a3f8284] Random  [`@stdlib/Random`]
  [9e88b42a] Serialization  [`@stdlib/Serialization`]
  [6462fe0b] Sockets  [`@stdlib/Sockets`]
  [8dfed614] Test  [`@stdlib/Test`]
  [4ec0a83e] Unicode  [`@stdlib/Unicode`]
Test Summary: | Pass  Total
SplicedString |  221    221
WARNING: redefining constant parsers
WARNING: redefining constant non_lazy_parsers
Test Summary:  | Pass  Total
AbstractString |   61     61
Test Summary: | Pass  Total
IOString      |   42     42
Test Summary: | Pass  Total
pr_3          |    1      1
Test Summary: | Pass  Total
convert       |   42     42
Test Summary:   | Pass  Total
RFC7159 example |    8      8
Test Summary:                         | Pass  Total
RFC7159 example with trailing garbage |    3      3
Test Summary:                    | Pass  Total
http://www.json.org/JSON_checker |   53     53
Test Summary:          | Pass  Total
Escaped values in keys |    1      1
Test Summary:              | Pass  Total
ec2-2016-11-15.normal.json |    2      2
Test Summary:                | Pass  Total
github.com/nst/JSONTestSuite |  125    125
Test Summary:                         |
github.com/nst/JSONTestSuite negative | No tests
Test Summary: | Pass  Total
citylots      |    5      5
Test Summary: | Pass  Total
GitHub.jl     |    4      4
   Testing LazyJSON tests passed 
