 Resolving package versions...
 Installed Requires ─────────── v0.5.2
 Installed LogarithmicNumbers ─ v0.4.0
  Updating `~/.julia/environments/v1.0/Project.toml`
  [aa2f6b4e] + LogarithmicNumbers v0.4.0
  Updating `~/.julia/environments/v1.0/Manifest.toml`
  [aa2f6b4e] + LogarithmicNumbers v0.4.0
  [ae029012] + Requires v0.5.2
  [2a0f44e3] + Base64 
  [8ba89e20] + Distributed 
  [b77e0a4c] + InteractiveUtils 
  [8f399da3] + Libdl 
  [37e2e46d] + LinearAlgebra 
  [56ddb016] + Logging 
  [d6f4376e] + Markdown 
  [9a3f8284] + Random 
  [9e88b42a] + Serialization 
  [6462fe0b] + Sockets 
  [8dfed614] + Test 
   Testing LogarithmicNumbers
 Resolving package versions...
    Status `/tmp/tmpeSK8Az/Manifest.toml`
  [aa2f6b4e] LogarithmicNumbers v0.4.0
  [ae029012] Requires v0.5.2
  [2a0f44e3] Base64  [`@stdlib/Base64`]
  [8ba89e20] Distributed  [`@stdlib/Distributed`]
  [b77e0a4c] InteractiveUtils  [`@stdlib/InteractiveUtils`]
  [8f399da3] Libdl  [`@stdlib/Libdl`]
  [37e2e46d] LinearAlgebra  [`@stdlib/LinearAlgebra`]
  [56ddb016] Logging  [`@stdlib/Logging`]
  [d6f4376e] Markdown  [`@stdlib/Markdown`]
  [9a3f8284] Random  [`@stdlib/Random`]
  [9e88b42a] Serialization  [`@stdlib/Serialization`]
  [6462fe0b] Sockets  [`@stdlib/Sockets`]
  [8dfed614] Test  [`@stdlib/Test`]
Test Summary:      | Pass  Broken  Total
LogarithmicNumbers | 4658      29   4687
   Testing LogarithmicNumbers tests passed 
