 Resolving package versions...
 Installed PicoSAT ─ v0.3.2
  Updating `~/.julia/environments/v1.2/Project.toml`
  [ff2beb65] + PicoSAT v0.3.2
  Updating `~/.julia/environments/v1.2/Manifest.toml`
  [ff2beb65] + PicoSAT v0.3.2
  [2a0f44e3] + Base64 
  [8ba89e20] + Distributed 
  [b77e0a4c] + InteractiveUtils 
  [56ddb016] + Logging 
  [d6f4376e] + Markdown 
  [9a3f8284] + Random 
  [9e88b42a] + Serialization 
  [6462fe0b] + Sockets 
  [8dfed614] + Test 
  Building PicoSAT → `~/.julia/packages/PicoSAT/InEq5/deps/build.log`
   Testing PicoSAT
    Status `/tmp/jl_gAd1xh/Manifest.toml`
  [ff2beb65] PicoSAT v0.3.2
  [2a0f44e3] Base64  [`@stdlib/Base64`]
  [8ba89e20] Distributed  [`@stdlib/Distributed`]
  [b77e0a4c] InteractiveUtils  [`@stdlib/InteractiveUtils`]
  [56ddb016] Logging  [`@stdlib/Logging`]
  [d6f4376e] Markdown  [`@stdlib/Markdown`]
  [9a3f8284] Random  [`@stdlib/Random`]
  [9e88b42a] Serialization  [`@stdlib/Serialization`]
  [6462fe0b] Sockets  [`@stdlib/Sockets`]
  [8dfed614] Test  [`@stdlib/Test`]
   Testing PicoSAT tests passed 
