 Resolving package versions...
 Installed FastClosures ──── v0.3.2
 Installed LinearOperators ─ v0.6.0
 Installed Krylov ────────── v0.3.1
  Updating `~/.julia/environments/v1.0/Project.toml`
  [ba0b0d4f] + Krylov v0.3.1
  Updating `~/.julia/environments/v1.0/Manifest.toml`
  [9aa1b823] + FastClosures v0.3.2
  [ba0b0d4f] + Krylov v0.3.1
  [5c8ed15e] + LinearOperators v0.6.0
  [2a0f44e3] + Base64 
  [8ba89e20] + Distributed 
  [b77e0a4c] + InteractiveUtils 
  [8f399da3] + Libdl 
  [37e2e46d] + LinearAlgebra 
  [56ddb016] + Logging 
  [d6f4376e] + Markdown 
  [de0858da] + Printf 
  [9a3f8284] + Random 
  [9e88b42a] + Serialization 
  [6462fe0b] + Sockets 
  [2f01184e] + SparseArrays 
  [8dfed614] + Test 
  [4ec0a83e] + Unicode 
   Testing Krylov
    Status `/tmp/tmpxxljJT/Manifest.toml`
  [9aa1b823] FastClosures v0.3.2
  [ba0b0d4f] Krylov v0.3.1
  [5c8ed15e] LinearOperators v0.6.0
  [2a0f44e3] Base64  [`@stdlib/Base64`]
  [8ba89e20] Distributed  [`@stdlib/Distributed`]
  [b77e0a4c] InteractiveUtils  [`@stdlib/InteractiveUtils`]
  [8f399da3] Libdl  [`@stdlib/Libdl`]
  [37e2e46d] LinearAlgebra  [`@stdlib/LinearAlgebra`]
  [56ddb016] Logging  [`@stdlib/Logging`]
  [d6f4376e] Markdown  [`@stdlib/Markdown`]
  [de0858da] Printf  [`@stdlib/Printf`]
  [9a3f8284] Random  [`@stdlib/Random`]
  [9e88b42a] Serialization  [`@stdlib/Serialization`]
  [6462fe0b] Sockets  [`@stdlib/Sockets`]
  [2f01184e] SparseArrays  [`@stdlib/SparseArrays`]
  [8dfed614] Test  [`@stdlib/Test`]
  [4ec0a83e] Unicode  [`@stdlib/Unicode`]
USYMLQ: Relative residual:  2.7e-16
USYMLQ: Relative residual:  2.4e-14
USYMLQ: Relative residual:  3.8e-10
USYMLQ: Relative residual:  2.0e-16

Simple stats
  solved: true
  inconsistent: false
  residuals:  [  2.1e+02  2.1e+02  7.8e+01 ...  1.5e-01  1.5e-01  1.6e-02 ]
  Aresiduals: [ ]
  status: solution xᶜ good enough given atol and rtol
USYMLQ: Relative residual:  1.4e-08
USYMLQ: Relative residual:  1.1e-08
USYMLQ: Relative residual:  4.2e-16
USYMLQ: Relative residual:  3.4e-16
USYMLQ: Relative residual:  0.0e+00
USYMQR: Relative residual:  2.6e-16
USYMQR: Relative residual:  2.4e-14
USYMQR: Relative residual:  3.8e-10
USYMQR: Relative residual:  3.0e-16

Simple stats
  solved: true
  inconsistent: false
  residuals:  [  2.1e+02  2.1e+02  7.3e+01 ...  1.5e-01  1.4e-01  2.8e-14 ]
  Aresiduals: [  2.5e+02  2.6e+03  5.8e+02 ...  4.3e+01  1.3e+00  1.3e+00 ]
  status: solution good enough given atol and rtol
USYMQR: Relative residual:  1.3e-08
USYMQR: Relative residual:  1.4e-08
USYMQR: Relative residual:  2.4e-16
USYMQR: Relative residual:  3.4e-16
USYMQR: Relative residual:  2.1e-16
QMR: Relative residual:  4.0e-16
QMR: Relative residual:  8.6e-15
QMR: Relative residual:  3.8e-10
QMR: Relative residual:  2.9e-16

Simple stats
  solved: true
  inconsistent: false
  residuals:  [  2.1e+02  2.7e+02  1.7e+02 ...  6.7e-01  7.0e-01  3.7e-15 ]
  Aresiduals: [ ]
  status: solution good enough given atol and rtol
QMR: Relative residual:  1.2e-09
DIOM: Relative residual:  8.4e-17
DIOM: Relative residual:  4.4e-16
DIOM: Relative residual:  3.8e-10
DIOM: Relative residual:  1.9e-16

Simple stats
  solved: true
  inconsistent: false
  residuals:  [  2.1e+02  2.1e+02  1.0e+02 ...  2.2e-01  2.2e-01  4.1e-14 ]
  Aresiduals: [ ]
  status: solution good enough given atol and rtol
DIOM: Relative residual:  1.4e-08
DIOM: Relative residual:  9.6e-09

Simple stats
  solved: true
  inconsistent: false
  residuals:  [  2.0e+01  4.8e+00  2.6e-15 ]
  Aresiduals: [ ]
  status: solution good enough given atol and rtol
DIOM: Relative residual:  1.6e-16

Simple stats
  solved: true
  inconsistent: false
  residuals:  [  2.0e+02  4.8e+01  2.0e-14 ]
  Aresiduals: [ ]
  status: solution good enough given atol and rtol
DIOM: Relative residual:  1.2e-16

Simple stats
  solved: true
  inconsistent: false
  residuals:  [  1.0e+00  0.0e+00 ]
  Aresiduals: [ ]
  status: solution good enough given atol and rtol
DIOM: Relative residual:  2.0e-16
CGS: Relative residual:  5.6e-09
CGS: Relative residual:  1.2e-11
CGS: Relative residual:  3.4e-10
CGS: Relative residual:  1.1e-14

Simple stats
  solved: true
  inconsistent: false
  residuals:  [  2.1e+02  1.5e+04  8.8e+01 ...  1.2e-03  2.8e-02  7.2e-14 ]
  Aresiduals: [ ]
  status: solution good enough given atol and rtol
CGS: Relative residual:  1.5e-08

Simple stats
  solved: true
  inconsistent: false
  residuals:  [  2.0e+02  2.0e+01  1.8e-14 ]
  Aresiduals: [ ]
  status: solution good enough given atol and rtol
CGS: Relative residual:  9.1e-17
DQGMRES: Relative residual:  2.3e-16
DQGMRES: Relative residual:  3.9e-16
DQGMRES: Relative residual:  3.8e-10
DQGMRES: Relative residual:  2.7e-16

Simple stats
  solved: true
  inconsistent: false
  residuals:  [  2.1e+02  2.1e+02  9.1e+01 ...  2.2e-01  2.2e-01  2.3e-14 ]
  Aresiduals: [ ]
  status: solution good enough given atol and rtol
DQGMRES: Relative residual:  1.3e-08
DQGMRES: Relative residual:  1.3e-08

Simple stats
  solved: true
  inconsistent: false
  residuals:  [  2.0e+01  4.6e+00  2.6e-15 ]
  Aresiduals: [ ]
  status: solution good enough given atol and rtol
DQGMRES: Relative residual:  1.8e-16

Simple stats
  solved: true
  inconsistent: false
  residuals:  [  2.0e+02  4.6e+01  2.0e-14 ]
  Aresiduals: [ ]
  status: solution good enough given atol and rtol
DQGMRES: Relative residual:  2.8e-16

Simple stats
  solved: true
  inconsistent: false
  residuals:  [  1.0e+00  0.0e+00 ]
  Aresiduals: [ ]
  status: solution good enough given atol and rtol
DQGMRES: Relative residual:  2.0e-16
CG: Relative residual:  1.1e-16

Simple stats
  solved: true
  inconsistent: false
  residuals:  [  1.1e+02  6.6e+00  1.4e+00 ...  3.7e-04  7.1e-05  3.7e-18 ]
  Aresiduals: [ ]
  status: solution good enough given atol and rtol

Simple stats
  solved: true
  inconsistent: false
  residuals:  [  1.1e+02  2.8e+01 ]
  Aresiduals: [ ]
  status: on trust-region boundary
CG: Relative residual:  1.4e-08

Simple stats
  solved: true
  inconsistent: false
  residuals:  [  6.4e+01  9.8e+01  8.4e+01  7.7e+01  5.2e+01 ]
  Aresiduals: [ ]
  status: on trust-region boundary

Simple stats
  solved: true
  inconsistent: false
  residuals:  [  6.2e+01  1.5e+01  3.2e-15 ]
  Aresiduals: [ ]
  status: solution good enough given atol and rtol
CG: Relative residual:  1.8e-17
CG_Lanczos: Relative residual:  1.6e-16
CG_Lanczos: Relative residuals with shifts:  1.5e-16  1.3e-08  3.2e-09  1.1e-08  4.3e-09  1.8e-09
CG Lanczos: system of 10 equations in 10 variables with 6 shifts
    0   1.1e+02   1.1e+02   1.1e+02   1.1e+02   1.1e+02   1.1e+02
    1   5.6e+00   4.9e+00   4.4e+00   3.9e+00   3.5e+00   3.2e+00
    2   9.6e-01   7.0e-01   5.4e-01   4.3e-01   3.4e-01   2.8e-01
    3   1.9e-01   1.2e-01   7.6e-02   5.2e-02   3.7e-02   2.8e-02
    4   3.9e-02   1.9e-02   1.1e-02   6.4e-03   4.1e-03   2.7e-03
    5   7.9e-03   3.2e-03   1.5e-03   7.9e-04   4.5e-04   2.7e-04
    6   1.6e-03   5.3e-04   2.1e-04   9.6e-05   4.8e-05   2.6e-05
    7   3.1e-04   8.4e-05   2.9e-05   1.1e-05   4.9e-06   2.4e-06
    8   5.6e-05   1.3e-05   3.6e-06   1.2e-06   4.8e-07   2.1e-07
    9   8.3e-06   1.5e-06   3.6e-07   1.2e-06   4.8e-07   2.1e-07
   10   2.2e-19   1.5e-06   3.6e-07   1.2e-06   4.8e-07   2.1e-07

CG Lanczos stats
  solved: true
  residuals: Array{Float64,2}
  flagged: Bool[false, false, false, false, false, false]
  ‖A‖F: 0.0e+00
  κ₂(A): 0.0e+00
  status: solution good enough given atol and rtol

CG Lanczos stats
  solved: true
  residuals: Array{Float64,1}
  flagged: false
  ‖A‖F: 2.1e+00
  κ₂(A): 0.0e+00
  status: solution good enough given atol and rtol
CG_Lanczos: Relative residual:  1.9e-16
CG_Lanczos: Relative residuals with shifts:  1.2e-16  1.2e-16  1.4e-16  9.8e-17  2.2e-16  1.0e-16  1.8e-16  1.8e-16  2.5e-16  1.9e-16
MINRES: Relative residual:  2.0e-16
MINRES: Relative residual:  1.5e-14

Simple stats
  solved: true
  inconsistent: false
  residuals:  [  5.4e+01  4.4e+00  1.6e+00 ...  3.8e-01  2.7e-01  8.1e-13 ]
  Aresiduals: [  0.0e+00  1.5e+02  8.7e+00 ...  4.3e-01  1.3e-01  5.2e-02 ]
  status: found approximate zero-residual solution
MINRES: Relative residual:  4.6e-06
MINRES: Relative residual:  1.3e-05

Simple stats
  solved: true
  inconsistent: false
  residuals:  [  6.2e+01  1.5e+01  3.1e-15 ]
  Aresiduals: [  0.0e+00  1.1e+02  1.4e+01 ]
  status: found approximate zero-residual solution
MINRES: Relative residual:  3.0e-16
MINRES-QLP: Relative residual:  7.6e-16
MINRES-QLP: Relative residual:  2.4e-14

Simple stats
  solved: true
  inconsistent: false
  residuals:  [  5.4e+01  4.4e+00  1.6e+00 ...  3.8e-01  2.7e-01  1.2e-12 ]
  Aresiduals: [  1.5e+02  8.7e+00  2.0e+00 ...  4.3e-01  1.3e-01  5.2e-02 ]
  status: solution good enough given atol and rtol
MINRES-QLP: Relative residual:  1.3e-08
MINRES-QLP: Relative residual:  7.5e-09
MINRES-QLP: Relative residual:  2.6e-15
SYMMLQ: Relative residual:  4.8e-06
SYMMLQ: Relative residual:  1.6e-15

SYMMLQ stats
  solved: true
  residuals: [  5.4e+01  5.4e+01  7.4e+00 ...  4.0e-01  2.1e-01  1.6e-11 ]
  residuals (cg): [  5.4e+01  4.4e+00  1.7e+00 ...  4.0e-01  1.3e-12  1.9e-14 ]
  errors: [ ]
  errors(cg): [ ]
  ‖A‖F: 6.3e+00
  κ₂(A): 1.5e+01
  status: found approximate solution
stats = 
SYMMLQ stats
  solved: true
  residuals: [  6.4e+01  6.4e+01  2.3e+02 ...  2.0e-03  9.0e-04  3.6e-04 ]
  residuals (cg): [  6.4e+01  9.8e+01  8.4e+01 ...  8.8e-06  4.5e-06  2.2e-06 ]
  errors: [ ]
  errors(cg): [ ]
  ‖A‖F: 4.1e+01
  κ₂(A): 8.0e+00
  status: found approximate solution

SYMMLQ: Relative residual:  3.5e-06
SYMMLQ: Relative residual:  3.2e-04
SYMMLQ    : true error:  6.5e-04
SYMMLQ-CG : true error:  7.1e-06
SYMMLQ    : err up-bnd :  6.9e-04
SYMMLQ-CG : err up-bnd :  2.6e-04
SYMMLQ    : err up-bnd :  6.9e-04
SYMMLQ-CG : err up-bnd :  2.6e-04
SYMMLQ    : err up-bnd :  6.9e-04
SYMMLQ-CG : err up-bnd :  2.6e-04

SYMMLQ stats
  solved: true
  residuals: [  6.2e+01  6.2e+01  2.4e+01  1.3e-14 ]
  residuals (cg): [  6.2e+01  1.5e+01  4.8e-15  1.6e-15 ]
  errors: [ ]
  errors(cg): [ ]
  ‖A‖F: 3.0e+00
  κ₂(A): 1.8e+00
  status: found approximate solution
SYMMLQ: Relative residual:  2.3e-16
BILQ: Relative residual:  1.4e-16
BILQ: Relative residual:  8.6e-15
BILQ: Relative residual:  3.8e-10
BILQ: Relative residual:  3.4e-16

Simple stats
  solved: true
  inconsistent: false
  residuals:  [  2.1e+02  2.1e+02  1.0e+02 ...  2.4e-01  2.3e-01  5.6e-03 ]
  Aresiduals: [ ]
  status: solution xᶜ good enough given atol and rtol
BILQ: Relative residual:  1.4e-08
CGLS: Relative residual:  8.6e-14
CGLS: Relative residual:  1.6e-13
CGLS: Relative residual:  2.1e-11
CGLS: Relative residual:  6.9e-12
CGLS: Relative residual:  1.2e-11
CGLS: Relative residual:  2.3e-11
CGLS: Relative residual:  1.6e-12
CGLS: Relative residual:  1.0e-13
CGLS: Preconditioned residual:  2.2e-08

Simple stats
  solved: true
  inconsistent: false
  residuals:  [  7.8e+04  7.8e+04  7.8e+04 ...  5.3e-05  4.7e-05  7.5e-07 ]
  Aresiduals: [  1.5e+02  5.6e+02  5.2e+02 ...  6.8e-06  2.0e-05  4.9e-08 ]
  status: solution good enough given atol and rtol
CRLS: Relative residual:  1.6e-13
CRLS: Relative residual:  4.7e-14
CRLS: Relative residual:  9.2e-11
CRLS: Relative residual:  2.1e-10
CRLS: Relative residual:  1.5e-11
CRLS: Relative residual:  1.0e-12
CRLS: Relative residual:  2.8e-12
CRLS: Relative residual:  4.0e-13
CRLS: Preconditioned residual:  1.4e-08

Simple stats
  solved: true
  inconsistent: false
  residuals:  [  7.8e+04  7.8e+04  7.8e+04 ...  2.2e-02  5.0e-04  9.0e-06 ]
  Aresiduals: [  1.5e+02  1.4e+02  1.4e+02 ...  7.7e-03  1.1e-04  1.4e-06 ]
  status: solution good enough given atol and rtol
CGNE: residual: 2.7e-15
‖x - xmin‖ = 1.3e-14
CGNE: residual: 6.1e-01
CGNE: residual: 1.6e-16
‖x - xmin‖ = 8.2e-16
CGNE: residual: 3.3e-01
CGNE: residual: 1.0e-15
‖x - xmin‖ = 1.2e-14
CGNE: residual: 5.7e-01
CGNE: residual: 0.0e+00
‖x - xmin‖ = 1.4e-08
CGNE: residual: 0.0e+00

Simple stats
  solved: true
  inconsistent: false
  residuals:  [  7.4e+01  4.2e+01  3.7e-09 ]
  Aresiduals: [ ]
  status: solution good enough given atol and rtol
CGNE: residual: 2.6e-16
‖x - xmin‖ = 4.7e-15
CGNE: residual: 3.4e-16
‖x - xmin‖ = 1.1e-16
CRMR: residual: 3.3e-15
‖x - xmin‖ = 1.5e-14
CRMR: residual: 5.2e-01
CRMR: residual: 1.6e-16
‖x - xmin‖ = 8.2e-16
CRMR: residual: 3.2e-01
CRMR: residual: 1.2e-15
‖x - xmin‖ = 1.2e-14
CRMR: residual: 4.9e-01
CRMR: residual: 2.4e-17
‖x - xmin‖ = 6.6e-08
CRMR: residual: 2.4e-17

Simple stats
  solved: true
  inconsistent: false
  residuals:  [  7.4e+01  3.7e+01  1.0e-09 ]
  Aresiduals: [  1.0e+03  1.2e+00  1.6e-08 ]
  status: solution good enough given atol and rtol
CRMR: residual: 2.6e-15
‖x - xmin‖ = 8.8e-17
LSLQ: Relative residual:  1.7e-13
LSLQ: Relative residual:  1.7e-13
LSLQ: Relative residual:  3.4e-10
LSLQ: Relative residual:  3.3e-10
LSLQ: Relative residual:  1.2e-08
LSLQ: Relative residual:  2.3e-07
LSLQ: Relative residual:  5.9e-09
LSLQ: Relative residual:  5.3e-10

Simple stats
  solved: true
  inconsistent: true
  residuals:  [  7.8e+04  7.8e+04  7.8e+04 ...  7.8e+04  7.8e+04  7.8e+04 ]
  Aresiduals: [  1.5e+02  1.5e+02  1.0e+03 ...  2.6e-02  1.5e-01  2.1e-05 ]
  status: found approximate minimum least-squares solution

Simple stats
  solved: true
  inconsistent: true
  residuals:  [  1.8e+00  1.8e+00  1.8e+00 ]
  Aresiduals: [  9.0e+00  9.0e+00  3.7e-16 ]
  status: found approximate minimum least-squares solution
LSLQ: Relative residual:  7.9e-17
LSQR: Relative residual:  1.4e-13
LSQR: Relative residual:  1.4e-13
LSQR: Relative residual:  1.3e-06
LSQR: Relative residual:  1.2e-09
LSQR: Relative residual:  3.4e-06
LSQR: Relative residual:  1.9e-10
LSQR: Relative residual:  5.9e-07
LSQR: Relative residual:  4.1e-09

Simple stats
  solved: true
  inconsistent: true
  residuals:  [  7.8e+04  7.8e+04  7.8e+04 ...  7.3e+04  2.7e+02  1.4e+00 ]
  Aresiduals: [  1.5e+02  5.6e+02  5.2e+02 ...  1.8e+04  2.0e+02  7.4e-01 ]
  status: found approximate minimum least-squares solution

Simple stats
  solved: true
  inconsistent: true
  residuals:  [  1.8e+00  8.8e-17 ]
  Aresiduals: [  9.0e+00  2.4e-16 ]
  status: found approximate minimum least-squares solution
LSQR: Relative residual:  7.9e-17
LSMR: Relative residual:  1.4e-13
LSMR: Relative residual:  1.4e-13
LSMR: Relative residual:  1.3e-06
LSMR: Relative residual:  1.2e-09
LSMR: Relative residual:  3.4e-06
LSMR: Relative residual:  1.9e-10
LSMR: Relative residual:  5.9e-07
LSMR: Relative residual:  4.1e-09

Simple stats
  solved: true
  inconsistent: true
  residuals:  [  7.8e+04  7.8e+04  7.8e+04 ...  6.6e+04  7.3e+00  3.1e-02 ]
  Aresiduals: [  1.5e+02  1.4e+02  1.4e+02 ...  7.1e+01  7.4e-01  1.1e-02 ]
  status: found approximate minimum least-squares solution

Simple stats
  solved: true
  inconsistent: true
  residuals:  [  1.8e+00  8.8e-17 ]
  Aresiduals: [  9.0e+00  2.4e-16 ]
  status: found approximate minimum least-squares solution
LSMR: Relative residual:  7.9e-17
CRAIG: residual: 2.0e-15
‖x - xmin‖ = 1.1e-14
CRAIG: residual: 1.0e+31

Simple stats
  solved: false
  inconsistent: false
  residuals:  [  2.0e+01  1.2e+01  2.8e+16  2.0e+32 ]
  Aresiduals: [ ]
  status: condition number exceeds tolerance
CRAIG: residual: 2.3e-16
‖x - xmin‖ = 1.2e-15
CRAIG: residual: 2.0e+15
CRAIG: residual: 3.3e-15
‖x - xmin‖ = 1.7e-14
CRAIG: residual: 9.7e-01

Simple stats
  solved: true
  inconsistent: false
  residuals:  [  7.4e+01  4.2e+01  2.8e-06 ]
  Aresiduals: [ ]
  status: solution good enough for the tolerances given

Simple stats
  solved: true
  inconsistent: false
  residuals:  [  1.8e+00  8.8e-17 ]
  Aresiduals: [ ]
  status: solution good enough for the tolerances given
CRAIG: Relative residual:  7.9e-17
CRAIGMR: residual: 2.0e-15  least-squares: 2.0e-15
‖x - xmin‖ = 1.0e-14
CRAIGMR: residual: 5.2e-01  least-squares: 3.7e-16
CRAIGMR: residual: 4.3e-16  least-squares: 2.8e-16
‖x - xmin‖ = 1.8e-15
CRAIGMR: residual: 3.2e-01  least-squares: 0.0e+00
CRAIGMR: residual: 3.4e-15  least-squares: 3.3e-15
‖x - xmin‖ = 1.7e-14
CRAIGMR: residual: 4.9e-01  least-squares: 4.9e-16

Simple stats
  solved: false
  inconsistent: true
  residuals:  [  7.4e+01  3.7e+01 ]
  Aresiduals: [  1.4e+01  1.8e-13 ]
  status: found approximate minimum least-squares solution

Simple stats
  solved: true
  inconsistent: false
  residuals:  [  1.8e+00  8.8e-17 ]
  Aresiduals: [  5.1e+00  2.4e-16 ]
  status: found approximate minimum-norm solution
CRAIGMR: Relative residual:  0.0e+00
CR: Relative residual:  1.3e-16

Simple stats
  solved: true
  inconsistent: false
  residuals:  [  1.1e+02  6.6e+00  1.4e+00 ...  3.6e-04  7.0e-05  1.2e-06 ]
  Aresiduals: [  6.5e+02  2.9e+01  5.2e+00 ...  1.2e-03  1.9e-04  1.1e-17 ]
  status: solution good enough given atol and rtol

Simple stats
  solved: true
  inconsistent: false
  residuals:  [  1.1e+02  5.6e+01 ]
  Aresiduals: [  6.5e+02  1.6e+02 ]
  status: on trust-region boundary
CR: Relative residual:  2.9e-01
CR: Relative residual:  9.0e-09

Simple stats
  solved: true
  inconsistent: false
  residuals:  [  6.4e+01  2.3e+01  1.2e+01  7.9e+00  5.5e+00  4.0e+00  3.3e+00 ]
  Aresiduals: [  4.1e+02  1.3e+02  5.5e+01  2.9e+01  1.9e+01  1.3e+01  6.0e+00 ]
  status: on trust-region boundary

Simple stats
  solved: false
  inconsistent: false
  residuals:  [  2.0e+01  5.7e+01  5.5e+01 ...  5.5e+01  5.5e+01  5.5e+01 ]
  Aresiduals: [  3.4e+02  4.6e+01  2.0e-14 ...  1.7e-61  1.6e-62  6.6e-77 ]
  status: maximum number of iterations exceeded
CR: Relative residual:  1.3e-16
Tests of multi-precision methods:
cg ✔
cgls ✔
usymqr ✔
cgne ✔
cgs ✔
crmr ✔
cg_lanczos ✔
dqgmres ✔
diom ✔
cr ✔
lslq ✔
lsqr ✔
lsmr ✔
craig ✔
craigmr ✔
crls ✔
symmlq ✔
minres ✔
cg_lanczos_shift_seq ✔
bilq ✔
minres_qlp ✔
qmr ✔
usymlq ✔

Tests of variants:
cg_lanczos ✔
cg_lanczos_shift_seq ✔
cg ✔
cgls ✔
cgne ✔
cr ✔
craig ✔
craigmr ✔
crls ✔
crmr ✔
lslq ✔
lsmr ✔
bilq ✔
lsqr ✔
minres ✔
symmlq ✔
dqgmres ✔
diom ✔
cgs ✔
usymqr ✔
minres_qlp 
signal (15): Terminated
in expression starting at no file:0
syscall at /lib/x86_64-linux-gnu/libc.so.6 (unknown line)
uv__epoll_wait at /tmp/srccache/libuv-ed3700c849289ed01fe04273a7bf865340b2bd7e/src/unix/linux-syscalls.c:321
uv__io_poll at /tmp/srccache/libuv-ed3700c849289ed01fe04273a7bf865340b2bd7e/src/unix/linux-core.c:275
uv_run at /tmp/srccache/libuv-ed3700c849289ed01fe04273a7bf865340b2bd7e/src/unix/core.c:360
process_events at ./libuv.jl:98 [inlined]
wait at ./event.jl:246
wait at ./event.jl:46
stream_wait at ./stream.jl:47
wait at ./process.jl:840 [inlined]
success at ./process.jl:689 [inlined]
#run#505 at ./process.jl:663
run at ./process.jl:661 [inlined]
#66 at /buildworker/worker/package_linux64/build/usr/share/julia/stdlib/v1.0/Pkg/src/Operations.jl:1341
#67 at /buildworker/worker/package_linux64/build/usr/share/julia/stdlib/v1.0/Pkg/src/Operations.jl:1352 [inlined]
#40 at /buildworker/worker/package_linux64/build/usr/share/julia/stdlib/v1.0/Pkg/src/Operations.jl:917 [inlined]
withenv at ./env.jl:148
jl_fptr_trampoline at /buildworker/worker/package_linux64/build/src/gf.c:1809
jl_invoke at /buildworker/worker/package_linux64/build/src/gf.c:2312
#39 at /buildworker/worker/package_linux64/build/usr/share/julia/stdlib/v1.0/Pkg/src/Operations.jl:916
mktempdir at ./file.jl:581
mktempdir at ./file.jl:579 [inlined]
#with_dependencies_loadable_at_toplevel#37 at /buildworker/worker/package_linux64/build/usr/share/julia/stdlib/v1.0/Pkg/src/Operations.jl:867
unknown function (ip: 0x7f0f610eb837)
jl_fptr_trampoline at /buildworker/worker/package_linux64/build/src/gf.c:1809
jl_invoke at /buildworker/worker/package_linux64/build/src/gf.c:2312
#with_dependencies_loadable_at_toplevel at ./none:0 [inlined]
#test#65 at /buildworker/worker/package_linux64/build/usr/share/julia/stdlib/v1.0/Pkg/src/Operations.jl:1347
unknown function (ip: 0x7f0f610e9c93)
jl_fptr_trampoline at /buildworker/worker/package_linux64/build/src/gf.c:1809
jl_invoke at /buildworker/worker/package_linux64/build/src/gf.c:2312
#test at /buildworker/worker/package_linux64/build/usr/share/julia/stdlib/v1.0/Pkg/src/API.jl:0 [inlined]
#test#44 at /buildworker/worker/package_linux64/build/usr/share/julia/stdlib/v1.0/Pkg/src/API.jl:278
unknown function (ip: 0x7f0f610e5543)
jl_fptr_trampoline at /buildworker/worker/package_linux64/build/src/gf.c:1809
jl_invoke at /buildworker/worker/package_linux64/build/src/gf.c:2312
test at /buildworker/worker/package_linux64/build/usr/share/julia/stdlib/v1.0/Pkg/src/API.jl:263 [inlined]
#test#43 at /buildworker/worker/package_linux64/build/usr/share/julia/stdlib/v1.0/Pkg/src/API.jl:260 [inlined]
test at /buildworker/worker/package_linux64/build/usr/share/julia/stdlib/v1.0/Pkg/src/API.jl:260 [inlined]
#test#42 at /buildworker/worker/package_linux64/build/usr/share/julia/stdlib/v1.0/Pkg/src/API.jl:259 [inlined]
test at /buildworker/worker/package_linux64/build/usr/share/julia/stdlib/v1.0/Pkg/src/API.jl:259 [inlined]
#test#41 at /buildworker/worker/package_linux64/build/usr/share/julia/stdlib/v1.0/Pkg/src/API.jl:258 [inlined]
test at /buildworker/worker/package_linux64/build/usr/share/julia/stdlib/v1.0/Pkg/src/API.jl:258
jl_fptr_trampoline at /buildworker/worker/package_linux64/build/src/gf.c:1809
jl_apply_generic at /buildworker/worker/package_linux64/build/src/gf.c:2162
do_call at /buildworker/worker/package_linux64/build/src/interpreter.c:324
eval_value at /buildworker/worker/package_linux64/build/src/interpreter.c:430
eval_stmt_value at /buildworker/worker/package_linux64/build/src/interpreter.c:363 [inlined]
eval_body at /buildworker/worker/package_linux64/build/src/interpreter.c:682
jl_interpret_toplevel_thunk_callback at /buildworker/worker/package_linux64/build/src/interpreter.c:806
unknown function (ip: 0xfffffffffffffffe)
unknown function (ip: 0x7f0f64e34e1f)
unknown function (ip: (nil))
jl_interpret_toplevel_thunk at /buildworker/worker/package_linux64/build/src/interpreter.c:815
jl_toplevel_eval_flex at /buildworker/worker/package_linux64/build/src/toplevel.c:805
jl_toplevel_eval_flex at /buildworker/worker/package_linux64/build/src/toplevel.c:754
jl_toplevel_eval_in at /buildworker/worker/package_linux64/build/src/builtins.c:622
eval at ./boot.jl:319
jl_apply_generic at /buildworker/worker/package_linux64/build/src/gf.c:2162
exec_options at ./client.jl:243
_start at ./client.jl:425
jl_apply_generic at /buildworker/worker/package_linux64/build/src/gf.c:2162
jl_apply at /buildworker/worker/package_linux64/build/ui/../src/julia.h:1537 [inlined]
true_main at /buildworker/worker/package_linux64/build/ui/repl.c:112
main at /buildworker/worker/package_linux64/build/ui/repl.c:233
__libc_start_main at /lib/x86_64-linux-gnu/libc.so.6 (unknown line)
_start at /opt/julia/bin/julia (unknown line)
unknown function (ip: 0xffffffffffffffff)
Allocations: 6795146 (Pool: 6793724; Big: 1422); GC: 14
