 Resolving package versions...
 Installed DocumentFormat ─ v1.0.1
 Installed Tokenize ─────── v0.5.6
 Installed CSTParser ────── v1.0.0
  Updating `~/.julia/environments/v1.2/Project.toml`
  [ffa9a821] + DocumentFormat v1.0.1
  Updating `~/.julia/environments/v1.2/Manifest.toml`
  [00ebfdb7] + CSTParser v1.0.0
  [ffa9a821] + DocumentFormat v1.0.1
  [0796e94c] + Tokenize v0.5.6
   Testing DocumentFormat
 Resolving package versions...
[ Info: No changes
    Status `/tmp/jl_qA7XKB/Manifest.toml`
  [00ebfdb7] CSTParser v1.0.0
  [ffa9a821] DocumentFormat v1.0.1
  [0796e94c] Tokenize v0.5.6
  [2a0f44e3] Base64  [`@stdlib/Base64`]
  [8ba89e20] Distributed  [`@stdlib/Distributed`]
  [b77e0a4c] InteractiveUtils  [`@stdlib/InteractiveUtils`]
  [56ddb016] Logging  [`@stdlib/Logging`]
  [d6f4376e] Markdown  [`@stdlib/Markdown`]
  [9a3f8284] Random  [`@stdlib/Random`]
  [9e88b42a] Serialization  [`@stdlib/Serialization`]
  [6462fe0b] Sockets  [`@stdlib/Sockets`]
  [8dfed614] Test  [`@stdlib/Test`]
Test Summary: | Pass  Total
All           |  126    126
   Testing DocumentFormat tests passed 
