 Resolving package versions...
 Installed InternedStrings ─ v0.7.0
  Updating `~/.julia/environments/v1.2/Project.toml`
  [7d512f48] + InternedStrings v0.7.0
  Updating `~/.julia/environments/v1.2/Manifest.toml`
  [7d512f48] + InternedStrings v0.7.0
  [2a0f44e3] + Base64 
  [8ba89e20] + Distributed 
  [b77e0a4c] + InteractiveUtils 
  [56ddb016] + Logging 
  [d6f4376e] + Markdown 
  [9a3f8284] + Random 
  [9e88b42a] + Serialization 
  [6462fe0b] + Sockets 
  [8dfed614] + Test 
   Testing InternedStrings
 Resolving package versions...
 Installed WeakRefStrings ─ v0.6.1
    Status `/tmp/jl_sUEMOx/Manifest.toml`
  [7d512f48] InternedStrings v0.7.0
  [ea10d353] WeakRefStrings v0.6.1
  [2a0f44e3] Base64  [`@stdlib/Base64`]
  [8ba89e20] Distributed  [`@stdlib/Distributed`]
  [b77e0a4c] InteractiveUtils  [`@stdlib/InteractiveUtils`]
  [56ddb016] Logging  [`@stdlib/Logging`]
  [d6f4376e] Markdown  [`@stdlib/Markdown`]
  [9a3f8284] Random  [`@stdlib/Random`]
  [9e88b42a] Serialization  [`@stdlib/Serialization`]
  [6462fe0b] Sockets  [`@stdlib/Sockets`]
  [8dfed614] Test  [`@stdlib/Test`]
Test Summary:      | Pass  Total
All kinds of types |   20     20
Test Summary: | Pass  Total
String macro  |    8      8
Test Summary:      | Pass  Total
Core Functionality |   53     53
   Testing InternedStrings tests passed 
