 Resolving package versions...
 Installed Parsers ───── v0.3.10
 Installed EnglishText ─ v0.6.0
 Installed JSON ──────── v0.21.0
  Updating `~/.julia/environments/v1.2/Project.toml`
  [a9e4a3a0] + EnglishText v0.6.0
  Updating `~/.julia/environments/v1.2/Manifest.toml`
  [a9e4a3a0] + EnglishText v0.6.0
  [682c06a0] + JSON v0.21.0
  [69de0a69] + Parsers v0.3.10
  [2a0f44e3] + Base64 
  [ade2ca70] + Dates 
  [8ba89e20] + Distributed 
  [b77e0a4c] + InteractiveUtils 
  [56ddb016] + Logging 
  [d6f4376e] + Markdown 
  [a63ad114] + Mmap 
  [de0858da] + Printf 
  [9a3f8284] + Random 
  [9e88b42a] + Serialization 
  [6462fe0b] + Sockets 
  [8dfed614] + Test 
  [4ec0a83e] + Unicode 
   Testing EnglishText
 Resolving package versions...
 Installed Compat ─ v3.0.0
    Status `/tmp/jl_wITvIE/Manifest.toml`
  [34da2185] Compat v3.0.0
  [a9e4a3a0] EnglishText v0.6.0
  [682c06a0] JSON v0.21.0
  [69de0a69] Parsers v0.3.10
  [2a0f44e3] Base64  [`@stdlib/Base64`]
  [ade2ca70] Dates  [`@stdlib/Dates`]
  [8bb1440f] DelimitedFiles  [`@stdlib/DelimitedFiles`]
  [8ba89e20] Distributed  [`@stdlib/Distributed`]
  [b77e0a4c] InteractiveUtils  [`@stdlib/InteractiveUtils`]
  [76f85450] LibGit2  [`@stdlib/LibGit2`]
  [8f399da3] Libdl  [`@stdlib/Libdl`]
  [37e2e46d] LinearAlgebra  [`@stdlib/LinearAlgebra`]
  [56ddb016] Logging  [`@stdlib/Logging`]
  [d6f4376e] Markdown  [`@stdlib/Markdown`]
  [a63ad114] Mmap  [`@stdlib/Mmap`]
  [44cfe95a] Pkg  [`@stdlib/Pkg`]
  [de0858da] Printf  [`@stdlib/Printf`]
  [3fa0cd96] REPL  [`@stdlib/REPL`]
  [9a3f8284] Random  [`@stdlib/Random`]
  [ea8e919c] SHA  [`@stdlib/SHA`]
  [9e88b42a] Serialization  [`@stdlib/Serialization`]
  [1a1011a3] SharedArrays  [`@stdlib/SharedArrays`]
  [6462fe0b] Sockets  [`@stdlib/Sockets`]
  [2f01184e] SparseArrays  [`@stdlib/SparseArrays`]
  [10745b16] Statistics  [`@stdlib/Statistics`]
  [8dfed614] Test  [`@stdlib/Test`]
  [cf7118a7] UUIDs  [`@stdlib/UUIDs`]
  [4ec0a83e] Unicode  [`@stdlib/Unicode`]
Test Summary: | Pass  Total
Articles      |    7      7
Test Summary: | Pass  Total
Int → Eng     |   34     34
Test Summary: | Pass  Total
Int ← Eng     |  175    175
Test Summary: | Pass  Total
Pluralize     |  113    113
Test Summary: | Pass  Total
Singularize   |   73     73
Test Summary: | Pass  Total
List          |   14     14
Test Summary: | Pass  Total
Text          |    7      7
Test Summary: | Pass  Total
Quantities    |   10     10
   Testing EnglishText tests passed 
