 Resolving package versions...
 Installed WinReg ─ v0.3.1
  Updating `~/.julia/environments/v1.2/Project.toml`
  [1b915085] + WinReg v0.3.1
  Updating `~/.julia/environments/v1.2/Manifest.toml`
  [1b915085] + WinReg v0.3.1
  [2a0f44e3] + Base64 
  [8ba89e20] + Distributed 
  [b77e0a4c] + InteractiveUtils 
  [56ddb016] + Logging 
  [d6f4376e] + Markdown 
  [9a3f8284] + Random 
  [9e88b42a] + Serialization 
  [6462fe0b] + Sockets 
  [8dfed614] + Test 
   Testing WinReg
    Status `/tmp/jl_ltfjSa/Manifest.toml`
  [1b915085] WinReg v0.3.1
  [2a0f44e3] Base64  [`@stdlib/Base64`]
  [8ba89e20] Distributed  [`@stdlib/Distributed`]
  [b77e0a4c] InteractiveUtils  [`@stdlib/InteractiveUtils`]
  [56ddb016] Logging  [`@stdlib/Logging`]
  [d6f4376e] Markdown  [`@stdlib/Markdown`]
  [9a3f8284] Random  [`@stdlib/Random`]
  [9e88b42a] Serialization  [`@stdlib/Serialization`]
  [6462fe0b] Sockets  [`@stdlib/Sockets`]
  [8dfed614] Test  [`@stdlib/Test`]
Error During Test at /root/.julia/packages/WinReg/vJbAg/test/runtests.jl:8
  Test threw exception
  Expression: querykey(WinReg.HKEY_LOCAL_MACHINE, "System\\CurrentControlSet\\Control\\Session Manager\\Environment", "OS") == "Windows_NT"
  error compiling querykey: error compiling openkey: could not load library "advapi32"
  advapi32.so: cannot open shared object file: No such file or directory
  Stacktrace:
   [1] top-level scope at /root/.julia/packages/WinReg/vJbAg/test/runtests.jl:8
   [2] include at ./boot.jl:328 [inlined]
   [3] include_relative(::Module, ::String) at ./loading.jl:1094
   [4] include(::Module, ::String) at ./Base.jl:31
   [5] include(::String) at ./client.jl:431
   [6] top-level scope at none:5
   [7] eval(::Module, ::Any) at ./boot.jl:330
   [8] exec_options(::Base.JLOptions) at ./client.jl:271
   [9] _start() at ./client.jl:464
  caused by [exception 2]
  error compiling openkey: could not load library "advapi32"
  advapi32.so: cannot open shared object file: No such file or directory
  Stacktrace:
   [1] top-level scope at /root/.julia/packages/WinReg/vJbAg/test/runtests.jl:8
   [2] include at ./boot.jl:328 [inlined]
   [3] include_relative(::Module, ::String) at ./loading.jl:1094
   [4] include(::Module, ::String) at ./Base.jl:31
   [5] include(::String) at ./client.jl:431
   [6] top-level scope at none:5
   [7] eval(::Module, ::Any) at ./boot.jl:330
   [8] exec_options(::Base.JLOptions) at ./client.jl:271
   [9] _start() at ./client.jl:464
  caused by [exception 1]
  could not load library "advapi32"
  advapi32.so: cannot open shared object file: No such file or directory
  Stacktrace:
   [1] top-level scope at /root/.julia/packages/WinReg/vJbAg/test/runtests.jl:8
   [2] include at ./boot.jl:328 [inlined]
   [3] include_relative(::Module, ::String) at ./loading.jl:1094
   [4] include(::Module, ::String) at ./Base.jl:31
   [5] include(::String) at ./client.jl:431
   [6] top-level scope at none:5
   [7] eval(::Module, ::Any) at ./boot.jl:330
   [8] exec_options(::Base.JLOptions) at ./client.jl:271
   [9] _start() at ./client.jl:464
  
ERROR: LoadError: There was an error during testing
in expression starting at /root/.julia/packages/WinReg/vJbAg/test/runtests.jl:8
ERROR: Package WinReg errored during testing
Stacktrace:
 [1] pkgerror(::String, ::Vararg{String,N} where N) at /buildworker/worker/package_linux64/build/usr/share/julia/stdlib/v1.2/Pkg/src/Types.jl:112
 [2] #test#119(::Bool, ::Nothing, ::typeof(Pkg.Operations.test), ::Pkg.Types.Context, ::Array{Pkg.Types.PackageSpec,1}) at /buildworker/worker/package_linux64/build/usr/share/julia/stdlib/v1.2/Pkg/src/Operations.jl:1288
 [3] #test at ./none:0 [inlined]
 [4] #test#62(::Bool, ::Nothing, ::Base.Iterators.Pairs{Union{},Union{},Tuple{},NamedTuple{(),Tuple{}}}, ::typeof(Pkg.API.test), ::Pkg.Types.Context, ::Array{Pkg.Types.PackageSpec,1}) at /buildworker/worker/package_linux64/build/usr/share/julia/stdlib/v1.2/Pkg/src/API.jl:245
 [5] test at /buildworker/worker/package_linux64/build/usr/share/julia/stdlib/v1.2/Pkg/src/API.jl:233 [inlined]
 [6] #test#61 at /buildworker/worker/package_linux64/build/usr/share/julia/stdlib/v1.2/Pkg/src/API.jl:230 [inlined]
 [7] test at /buildworker/worker/package_linux64/build/usr/share/julia/stdlib/v1.2/Pkg/src/API.jl:230 [inlined]
 [8] #test#60 at /buildworker/worker/package_linux64/build/usr/share/julia/stdlib/v1.2/Pkg/src/API.jl:229 [inlined]
 [9] test at /buildworker/worker/package_linux64/build/usr/share/julia/stdlib/v1.2/Pkg/src/API.jl:229 [inlined]
 [10] #test#59(::Base.Iterators.Pairs{Union{},Union{},Tuple{},NamedTuple{(),Tuple{}}}, ::typeof(Pkg.API.test), ::String) at /buildworker/worker/package_linux64/build/usr/share/julia/stdlib/v1.2/Pkg/src/API.jl:228
 [11] test(::String) at /buildworker/worker/package_linux64/build/usr/share/julia/stdlib/v1.2/Pkg/src/API.jl:228
 [12] top-level scope at none:10
