 Resolving package versions...
 Installed CEnum ─── v0.2.0
 Installed CUDAapi ─ v2.0.0
 Installed CUDAdrv ─ v4.0.4
  Updating `~/.julia/environments/v1.0/Project.toml`
  [c5f51814] + CUDAdrv v4.0.4
  Updating `~/.julia/environments/v1.0/Manifest.toml`
  [fa961155] + CEnum v0.2.0
  [3895d2a7] + CUDAapi v2.0.0
  [c5f51814] + CUDAdrv v4.0.4
  [8f399da3] + Libdl 
  [56ddb016] + Logging 
  [de0858da] + Printf 
  [4ec0a83e] + Unicode 
   Testing CUDAdrv
 Resolving package versions...
    Status `/tmp/tmpI6fQvO/Manifest.toml`
  [fa961155] CEnum v0.2.0
  [3895d2a7] CUDAapi v2.0.0
  [c5f51814] CUDAdrv v4.0.4
  [2a0f44e3] Base64  [`@stdlib/Base64`]
  [8ba89e20] Distributed  [`@stdlib/Distributed`]
  [b77e0a4c] InteractiveUtils  [`@stdlib/InteractiveUtils`]
  [8f399da3] Libdl  [`@stdlib/Libdl`]
  [37e2e46d] LinearAlgebra  [`@stdlib/LinearAlgebra`]
  [56ddb016] Logging  [`@stdlib/Logging`]
  [d6f4376e] Markdown  [`@stdlib/Markdown`]
  [de0858da] Printf  [`@stdlib/Printf`]
  [9a3f8284] Random  [`@stdlib/Random`]
  [9e88b42a] Serialization  [`@stdlib/Serialization`]
  [6462fe0b] Sockets  [`@stdlib/Sockets`]
  [8dfed614] Test  [`@stdlib/Test`]
  [4ec0a83e] Unicode  [`@stdlib/Unicode`]
[ Info: CUDAdrv.jl failed to initialize, GPU functionality unavailable (set JULIA_CUDA_SILENT or JULIA_CUDA_VERBOSE to silence or expand this message)
CUDAdrv: Error During Test at /root/.julia/packages/CUDAdrv/3EzC1/test/runtests.jl:12
  Test threw exception
  Expression: length(devices()) > 0
  could not load library "libcuda"
  libcuda.so: cannot open shared object file: No such file or directory
  Stacktrace:
   [1] dlopen(::String, ::UInt32) at /buildworker/worker/package_linux64/build/usr/share/julia/stdlib/v1.0/Libdl/src/Libdl.jl:97
   [2] dlopen at /buildworker/worker/package_linux64/build/usr/share/julia/stdlib/v1.0/Libdl/src/Libdl.jl:94 [inlined] (repeats 2 times)
   [3] (::getfield(CUDAdrv, Symbol("##419#lookup_fptr#86")))() at /root/.julia/packages/CUDAapi/CCgJL/src/call.jl:29
   [4] cuDeviceGetCount(::Base.RefValue{Int32}) at /root/.julia/packages/CUDAapi/CCgJL/src/call.jl:37
   [5] length(::CUDAdrv.DeviceSet) at /root/.julia/packages/CUDAdrv/3EzC1/src/devices.jl:105
   [6] macro expansion at /root/.julia/packages/CUDAdrv/3EzC1/test/runtests.jl:12 [inlined]
   [7] macro expansion at /buildworker/worker/package_linux64/build/usr/share/julia/stdlib/v1.0/Test/src/Test.jl:1083 [inlined]
   [8] top-level scope at /root/.julia/packages/CUDAdrv/3EzC1/test/runtests.jl:7
CUDAdrv: Error During Test at /root/.julia/packages/CUDAdrv/3EzC1/test/runtests.jl:5
  Got exception outside of a @test
  could not load library "libcuda"
  libcuda.so: cannot open shared object file: No such file or directory
  Stacktrace:
   [1] dlopen(::String, ::UInt32) at /buildworker/worker/package_linux64/build/usr/share/julia/stdlib/v1.0/Libdl/src/Libdl.jl:97
   [2] dlopen at /buildworker/worker/package_linux64/build/usr/share/julia/stdlib/v1.0/Libdl/src/Libdl.jl:94 [inlined] (repeats 2 times)
   [3] (::getfield(CUDAdrv, Symbol("##419#lookup_fptr#86")))() at /root/.julia/packages/CUDAapi/CCgJL/src/call.jl:29
   [4] cuDeviceGetCount(::Base.RefValue{Int32}) at /root/.julia/packages/CUDAapi/CCgJL/src/call.jl:37
   [5] length(::CUDAdrv.DeviceSet) at /root/.julia/packages/CUDAdrv/3EzC1/src/devices.jl:105
   [6] macro expansion at /root/.julia/packages/CUDAdrv/3EzC1/test/runtests.jl:13 [inlined]
   [7] macro expansion at /buildworker/worker/package_linux64/build/usr/share/julia/stdlib/v1.0/Test/src/Test.jl:1083 [inlined]
   [8] top-level scope at /root/.julia/packages/CUDAdrv/3EzC1/test/runtests.jl:7
   [9] include at ./boot.jl:317 [inlined]
   [10] include_relative(::Module, ::String) at ./loading.jl:1044
   [11] include(::Module, ::String) at ./sysimg.jl:29
   [12] include(::String) at ./client.jl:392
   [13] top-level scope at none:0
   [14] eval(::Module, ::Any) at ./boot.jl:319
   [15] exec_options(::Base.JLOptions) at ./client.jl:243
   [16] _start() at ./client.jl:425
Test Summary: | Pass  Error  Total
CUDAdrv       |   10      2     12
  pointer     |    7             7
ERROR: LoadError: Some tests did not pass: 10 passed, 0 failed, 2 errored, 0 broken.
in expression starting at /root/.julia/packages/CUDAdrv/3EzC1/test/runtests.jl:5
ERROR: Package CUDAdrv errored during testing
Stacktrace:
 [1] pkgerror(::String, ::Vararg{String,N} where N) at /buildworker/worker/package_linux64/build/usr/share/julia/stdlib/v1.0/Pkg/src/Types.jl:120
 [2] #test#65(::Bool, ::Function, ::Pkg.Types.Context, ::Array{Pkg.Types.PackageSpec,1}) at /buildworker/worker/package_linux64/build/usr/share/julia/stdlib/v1.0/Pkg/src/Operations.jl:1357
 [3] #test at /buildworker/worker/package_linux64/build/usr/share/julia/stdlib/v1.0/Pkg/src/API.jl:0 [inlined]
 [4] #test#44(::Bool, ::Base.Iterators.Pairs{Union{},Union{},Tuple{},NamedTuple{(),Tuple{}}}, ::Function, ::Pkg.Types.Context, ::Array{Pkg.Types.PackageSpec,1}) at /buildworker/worker/package_linux64/build/usr/share/julia/stdlib/v1.0/Pkg/src/API.jl:278
 [5] test at /buildworker/worker/package_linux64/build/usr/share/julia/stdlib/v1.0/Pkg/src/API.jl:263 [inlined]
 [6] #test#43 at /buildworker/worker/package_linux64/build/usr/share/julia/stdlib/v1.0/Pkg/src/API.jl:260 [inlined]
 [7] test at /buildworker/worker/package_linux64/build/usr/share/julia/stdlib/v1.0/Pkg/src/API.jl:260 [inlined]
 [8] #test#42 at /buildworker/worker/package_linux64/build/usr/share/julia/stdlib/v1.0/Pkg/src/API.jl:259 [inlined]
 [9] test at /buildworker/worker/package_linux64/build/usr/share/julia/stdlib/v1.0/Pkg/src/API.jl:259 [inlined]
 [10] #test#41 at /buildworker/worker/package_linux64/build/usr/share/julia/stdlib/v1.0/Pkg/src/API.jl:258 [inlined]
 [11] test(::String) at /buildworker/worker/package_linux64/build/usr/share/julia/stdlib/v1.0/Pkg/src/API.jl:258
 [12] top-level scope at none:0
