 Resolving package versions...
 Installed CEnum ─── v0.2.0
 Installed CUDAapi ─ v2.0.0
 Installed CUDAdrv ─ v4.0.4
  Updating `~/.julia/environments/v1.2/Project.toml`
  [c5f51814] + CUDAdrv v4.0.4
  Updating `~/.julia/environments/v1.2/Manifest.toml`
  [fa961155] + CEnum v0.2.0
  [3895d2a7] + CUDAapi v2.0.0
  [c5f51814] + CUDAdrv v4.0.4
  [8f399da3] + Libdl 
  [56ddb016] + Logging 
  [de0858da] + Printf 
  [4ec0a83e] + Unicode 
   Testing CUDAdrv
 Resolving package versions...
    Status `/tmp/jl_kTHY2X/Manifest.toml`
  [fa961155] CEnum v0.2.0
  [3895d2a7] CUDAapi v2.0.0
  [c5f51814] CUDAdrv v4.0.4
  [2a0f44e3] Base64  [`@stdlib/Base64`]
  [8ba89e20] Distributed  [`@stdlib/Distributed`]
  [b77e0a4c] InteractiveUtils  [`@stdlib/InteractiveUtils`]
  [8f399da3] Libdl  [`@stdlib/Libdl`]
  [56ddb016] Logging  [`@stdlib/Logging`]
  [d6f4376e] Markdown  [`@stdlib/Markdown`]
  [de0858da] Printf  [`@stdlib/Printf`]
  [9a3f8284] Random  [`@stdlib/Random`]
  [9e88b42a] Serialization  [`@stdlib/Serialization`]
  [6462fe0b] Sockets  [`@stdlib/Sockets`]
  [8dfed614] Test  [`@stdlib/Test`]
  [4ec0a83e] Unicode  [`@stdlib/Unicode`]
[ Info: CUDAdrv.jl failed to initialize, GPU functionality unavailable (set JULIA_CUDA_SILENT or JULIA_CUDA_VERBOSE to silence or expand this message)
CUDAdrv: Error During Test at /root/.julia/packages/CUDAdrv/3EzC1/test/runtests.jl:12
  Test threw exception
  Expression: length(devices()) > 0
  could not load library "libcuda"
  libcuda.so: cannot open shared object file: No such file or directory
  Stacktrace:
   [1] #dlopen#3(::Bool, ::typeof(Libdl.dlopen), ::String, ::UInt32) at /buildworker/worker/package_linux64/build/usr/share/julia/stdlib/v1.2/Libdl/src/Libdl.jl:109
   [2] dlopen at /buildworker/worker/package_linux64/build/usr/share/julia/stdlib/v1.2/Libdl/src/Libdl.jl:109 [inlined]
   [3] #dlopen#2 at /buildworker/worker/package_linux64/build/usr/share/julia/stdlib/v1.2/Libdl/src/Libdl.jl:105 [inlined]
   [4] dlopen at /buildworker/worker/package_linux64/build/usr/share/julia/stdlib/v1.2/Libdl/src/Libdl.jl:105 [inlined] (repeats 2 times)
   [5] (::getfield(CUDAdrv, Symbol("##419#lookup_fptr#86")))() at /root/.julia/packages/CUDAapi/CCgJL/src/call.jl:29
   [6] cuDeviceGetCount(::Base.RefValue{Int32}) at /root/.julia/packages/CUDAapi/CCgJL/src/call.jl:37
   [7] length(::CUDAdrv.DeviceSet) at /root/.julia/packages/CUDAdrv/3EzC1/src/devices.jl:105
   [8] top-level scope at /root/.julia/packages/CUDAdrv/3EzC1/test/runtests.jl:12
   [9] top-level scope at /buildworker/worker/package_linux64/build/usr/share/julia/stdlib/v1.2/Test/src/Test.jl:1113
   [10] top-level scope at /root/.julia/packages/CUDAdrv/3EzC1/test/runtests.jl:7
  
CUDAdrv: Error During Test at /root/.julia/packages/CUDAdrv/3EzC1/test/runtests.jl:5
  Got exception outside of a @test
  could not load library "libcuda"
  libcuda.so: cannot open shared object file: No such file or directory
  Stacktrace:
   [1] #dlopen#3(::Bool, ::typeof(Libdl.dlopen), ::String, ::UInt32) at /buildworker/worker/package_linux64/build/usr/share/julia/stdlib/v1.2/Libdl/src/Libdl.jl:109
   [2] dlopen at /buildworker/worker/package_linux64/build/usr/share/julia/stdlib/v1.2/Libdl/src/Libdl.jl:109 [inlined]
   [3] #dlopen#2 at /buildworker/worker/package_linux64/build/usr/share/julia/stdlib/v1.2/Libdl/src/Libdl.jl:105 [inlined]
   [4] dlopen at /buildworker/worker/package_linux64/build/usr/share/julia/stdlib/v1.2/Libdl/src/Libdl.jl:105 [inlined] (repeats 2 times)
   [5] (::getfield(CUDAdrv, Symbol("##419#lookup_fptr#86")))() at /root/.julia/packages/CUDAapi/CCgJL/src/call.jl:29
   [6] cuDeviceGetCount(::Base.RefValue{Int32}) at /root/.julia/packages/CUDAapi/CCgJL/src/call.jl:37
   [7] length(::CUDAdrv.DeviceSet) at /root/.julia/packages/CUDAdrv/3EzC1/src/devices.jl:105
   [8] top-level scope at /root/.julia/packages/CUDAdrv/3EzC1/test/runtests.jl:13
   [9] top-level scope at /buildworker/worker/package_linux64/build/usr/share/julia/stdlib/v1.2/Test/src/Test.jl:1113
   [10] top-level scope at /root/.julia/packages/CUDAdrv/3EzC1/test/runtests.jl:7
   [11] include at ./boot.jl:328 [inlined]
   [12] include_relative(::Module, ::String) at ./loading.jl:1094
   [13] include(::Module, ::String) at ./Base.jl:31
   [14] include(::String) at ./client.jl:431
   [15] top-level scope at none:5
   [16] eval(::Module, ::Any) at ./boot.jl:330
   [17] exec_options(::Base.JLOptions) at ./client.jl:271
   [18] _start() at ./client.jl:464
  
Test Summary: | Pass  Error  Total
CUDAdrv       |   10      2     12
  pointer     |    7             7
ERROR: LoadError: Some tests did not pass: 10 passed, 0 failed, 2 errored, 0 broken.
in expression starting at /root/.julia/packages/CUDAdrv/3EzC1/test/runtests.jl:5
ERROR: Package CUDAdrv errored during testing
Stacktrace:
 [1] pkgerror(::String, ::Vararg{String,N} where N) at /buildworker/worker/package_linux64/build/usr/share/julia/stdlib/v1.2/Pkg/src/Types.jl:112
 [2] #test#119(::Bool, ::Nothing, ::typeof(Pkg.Operations.test), ::Pkg.Types.Context, ::Array{Pkg.Types.PackageSpec,1}) at /buildworker/worker/package_linux64/build/usr/share/julia/stdlib/v1.2/Pkg/src/Operations.jl:1288
 [3] #test at ./none:0 [inlined]
 [4] #test#62(::Bool, ::Nothing, ::Base.Iterators.Pairs{Union{},Union{},Tuple{},NamedTuple{(),Tuple{}}}, ::typeof(Pkg.API.test), ::Pkg.Types.Context, ::Array{Pkg.Types.PackageSpec,1}) at /buildworker/worker/package_linux64/build/usr/share/julia/stdlib/v1.2/Pkg/src/API.jl:245
 [5] test at /buildworker/worker/package_linux64/build/usr/share/julia/stdlib/v1.2/Pkg/src/API.jl:233 [inlined]
 [6] #test#61 at /buildworker/worker/package_linux64/build/usr/share/julia/stdlib/v1.2/Pkg/src/API.jl:230 [inlined]
 [7] test at /buildworker/worker/package_linux64/build/usr/share/julia/stdlib/v1.2/Pkg/src/API.jl:230 [inlined]
 [8] #test#60 at /buildworker/worker/package_linux64/build/usr/share/julia/stdlib/v1.2/Pkg/src/API.jl:229 [inlined]
 [9] test at /buildworker/worker/package_linux64/build/usr/share/julia/stdlib/v1.2/Pkg/src/API.jl:229 [inlined]
 [10] #test#59(::Base.Iterators.Pairs{Union{},Union{},Tuple{},NamedTuple{(),Tuple{}}}, ::typeof(Pkg.API.test), ::String) at /buildworker/worker/package_linux64/build/usr/share/julia/stdlib/v1.2/Pkg/src/API.jl:228
 [11] test(::String) at /buildworker/worker/package_linux64/build/usr/share/julia/stdlib/v1.2/Pkg/src/API.jl:228
 [12] top-level scope at none:10
