 Resolving package versions...
 Installed RecipesBase ─ v0.7.0
  Updating `~/.julia/environments/v1.2/Project.toml`
  [3cdcf5f2] + RecipesBase v0.7.0
  Updating `~/.julia/environments/v1.2/Manifest.toml`
  [3cdcf5f2] + RecipesBase v0.7.0
   Testing RecipesBase
 Resolving package versions...
[ Info: No changes
    Status `/tmp/jl_4EuG6z/Manifest.toml`
  [3cdcf5f2] RecipesBase v0.7.0
  [2a0f44e3] Base64  [`@stdlib/Base64`]
  [8ba89e20] Distributed  [`@stdlib/Distributed`]
  [b77e0a4c] InteractiveUtils  [`@stdlib/InteractiveUtils`]
  [56ddb016] Logging  [`@stdlib/Logging`]
  [d6f4376e] Markdown  [`@stdlib/Markdown`]
  [9a3f8284] Random  [`@stdlib/Random`]
  [9e88b42a] Serialization  [`@stdlib/Serialization`]
  [6462fe0b] Sockets  [`@stdlib/Sockets`]
  [8dfed614] Test  [`@stdlib/Test`]
Test Summary: | Pass  Total
@recipe       |   11     11
   Testing RecipesBase tests passed 
