 Resolving package versions...
 Installed WignerSymbols ─ v1.0.0
 Installed Primes ──────── v0.4.0
 Installed HalfIntegers ── v0.1.3
  Updating `~/.julia/environments/v1.0/Project.toml`
  [9f57e263] + WignerSymbols v1.0.0
  Updating `~/.julia/environments/v1.0/Manifest.toml`
  [f0d1745a] + HalfIntegers v0.1.3
  [27ebfcd6] + Primes v0.4.0
  [9f57e263] + WignerSymbols v1.0.0
  [2a0f44e3] + Base64 
  [8ba89e20] + Distributed 
  [b77e0a4c] + InteractiveUtils 
  [8f399da3] + Libdl 
  [37e2e46d] + LinearAlgebra 
  [56ddb016] + Logging 
  [d6f4376e] + Markdown 
  [9a3f8284] + Random 
  [9e88b42a] + Serialization 
  [6462fe0b] + Sockets 
  [8dfed614] + Test 
   Testing WignerSymbols
 Resolving package versions...
    Status `/tmp/tmpIBfK4k/Manifest.toml`
  [f0d1745a] HalfIntegers v0.1.3
  [27ebfcd6] Primes v0.4.0
  [9f57e263] WignerSymbols v1.0.0
  [2a0f44e3] Base64  [`@stdlib/Base64`]
  [8ba89e20] Distributed  [`@stdlib/Distributed`]
  [b77e0a4c] InteractiveUtils  [`@stdlib/InteractiveUtils`]
  [8f399da3] Libdl  [`@stdlib/Libdl`]
  [37e2e46d] LinearAlgebra  [`@stdlib/LinearAlgebra`]
  [56ddb016] Logging  [`@stdlib/Logging`]
  [d6f4376e] Markdown  [`@stdlib/Markdown`]
  [9a3f8284] Random  [`@stdlib/Random`]
  [9e88b42a] Serialization  [`@stdlib/Serialization`]
  [6462fe0b] Sockets  [`@stdlib/Sockets`]
  [8dfed614] Test  [`@stdlib/Test`]
Test Summary:        | Pass  Total
triangle coefficient | 3311   3311
Test Summary:                     | Pass  Total
clebschgordan: test orthogonality |  441    441
Test Summary:                       | Pass  Total
wigner3j: test recurrence relations | 4993   4993
Test Summary:                |   Pass   Total
wigner6j: test orthogonality | 106722  106722
Test Summary:                | Pass  Total
wigner6j: test special cases | 3311   3311
Test Summary:                      | Pass  Total
wigner6j: test recurrence relation | 3978   3978
Test Summary:                                                           |  Pass  Total
test recoupling relation between 3j/clebschgordan and 6j/racahW symbols | 49764  49764
   Testing WignerSymbols tests passed 
