 Resolving package versions...
 Installed Requires ─────────────── v0.5.2
 Installed VersionParsing ───────── v1.1.3
 Installed Graphics ─────────────── v0.4.0
 Installed NaNMath ──────────────── v0.3.3
 Installed ColorTypes ───────────── v0.8.0
 Installed FFTW ─────────────────── v1.1.0
 Installed BinaryProvider ───────── v0.5.8
 Installed ImageFiltering ───────── v0.6.5
 Installed Reexport ─────────────── v0.2.0
 Installed FixedPointNumbers ────── v0.6.1
 Installed ComputationalResources ─ v0.3.0
 Installed Parsers ──────────────── v0.3.10
 Installed BinDeps ──────────────── v0.8.10
 Installed DataStructures ───────── v0.17.6
 Installed Conda ────────────────── v1.3.0
 Installed SpecialFunctions ─────── v0.8.0
 Installed MappedArrays ─────────── v0.2.2
 Installed DataAPI ──────────────── v1.1.0
 Installed JSON ─────────────────── v0.21.0
 Installed CustomUnitRanges ─────── v0.2.0
 Installed CatIndices ───────────── v0.2.0
 Installed AbstractFFTs ─────────── v0.5.0
 Installed TiledIteration ───────── v0.2.3
 Installed OffsetArrays ─────────── v0.11.1
 Installed URIParser ────────────── v0.4.0
 Installed StaticArrays ─────────── v0.12.1
 Installed ColorVectorSpace ─────── v0.7.1
 Installed FFTViews ─────────────── v0.3.0
 Installed SortingAlgorithms ────── v0.3.1
 Installed Missings ─────────────── v0.4.3
 Installed StatsBase ────────────── v0.32.0
 Installed Colors ───────────────── v0.9.6
 Installed OrderedCollections ───── v1.1.0
 Installed PaddedViews ──────────── v0.4.2
 Installed Compat ───────────────── v2.2.0
 Installed ImageCore ────────────── v0.8.5
  Updating `~/.julia/environments/v1.0/Project.toml`
  [6a3955dd] + ImageFiltering v0.6.5
  Updating `~/.julia/environments/v1.0/Manifest.toml`
  [621f4979] + AbstractFFTs v0.5.0
  [9e28174c] + BinDeps v0.8.10
  [b99e7846] + BinaryProvider v0.5.8
  [aafaddc9] + CatIndices v0.2.0
  [3da002f7] + ColorTypes v0.8.0
  [c3611d14] + ColorVectorSpace v0.7.1
  [5ae59095] + Colors v0.9.6
  [34da2185] + Compat v2.2.0
  [ed09eef8] + ComputationalResources v0.3.0
  [8f4d0f93] + Conda v1.3.0
  [dc8bdbbb] + CustomUnitRanges v0.2.0
  [9a962f9c] + DataAPI v1.1.0
  [864edb3b] + DataStructures v0.17.6
  [4f61f5a4] + FFTViews v0.3.0
  [7a1cc6ca] + FFTW v1.1.0
  [53c48c17] + FixedPointNumbers v0.6.1
  [a2bd30eb] + Graphics v0.4.0
  [a09fc81d] + ImageCore v0.8.5
  [6a3955dd] + ImageFiltering v0.6.5
  [682c06a0] + JSON v0.21.0
  [dbb5928d] + MappedArrays v0.2.2
  [e1d29d7a] + Missings v0.4.3
  [77ba4419] + NaNMath v0.3.3
  [6fe1bfb0] + OffsetArrays v0.11.1
  [bac558e1] + OrderedCollections v1.1.0
  [5432bcbf] + PaddedViews v0.4.2
  [69de0a69] + Parsers v0.3.10
  [189a3867] + Reexport v0.2.0
  [ae029012] + Requires v0.5.2
  [a2af1166] + SortingAlgorithms v0.3.1
  [276daf66] + SpecialFunctions v0.8.0
  [90137ffa] + StaticArrays v0.12.1
  [2913bbd2] + StatsBase v0.32.0
  [06e1c1a7] + TiledIteration v0.2.3
  [30578b45] + URIParser v0.4.0
  [81def892] + VersionParsing v1.1.3
  [2a0f44e3] + Base64 
  [ade2ca70] + Dates 
  [8bb1440f] + DelimitedFiles 
  [8ba89e20] + Distributed 
  [b77e0a4c] + InteractiveUtils 
  [76f85450] + LibGit2 
  [8f399da3] + Libdl 
  [37e2e46d] + LinearAlgebra 
  [56ddb016] + Logging 
  [d6f4376e] + Markdown 
  [a63ad114] + Mmap 
  [44cfe95a] + Pkg 
  [de0858da] + Printf 
  [3fa0cd96] + REPL 
  [9a3f8284] + Random 
  [ea8e919c] + SHA 
  [9e88b42a] + Serialization 
  [1a1011a3] + SharedArrays 
  [6462fe0b] + Sockets 
  [2f01184e] + SparseArrays 
  [10745b16] + Statistics 
  [8dfed614] + Test 
  [cf7118a7] + UUIDs 
  [4ec0a83e] + Unicode 
  Building Conda ───────────→ `~/.julia/packages/Conda/kLXeC/deps/build.log`
  Building FFTW ────────────→ `~/.julia/packages/FFTW/loJ3F/deps/build.log`
  Building SpecialFunctions → `~/.julia/packages/SpecialFunctions/ne2iw/deps/build.log`
   Testing ImageFiltering
 Resolving package versions...
 Installed ImageMetadata ── v0.7.2
 Installed MacroTools ───── v0.5.2
 Installed ImageAxes ────── v0.6.1
 Installed SimpleTraits ─── v0.9.1
 Installed IndirectArrays ─ v0.5.0
 Installed RangeArrays ──── v0.3.1
 Installed IntervalSets ─── v0.3.2
 Installed AxisArrays ───── v0.3.3
 Installed IterTools ────── v1.3.0
    Status `/tmp/tmpSDBavu/Manifest.toml`
  [621f4979] AbstractFFTs v0.5.0
  [39de3d68] AxisArrays v0.3.3
  [9e28174c] BinDeps v0.8.10
  [b99e7846] BinaryProvider v0.5.8
  [aafaddc9] CatIndices v0.2.0
  [3da002f7] ColorTypes v0.8.0
  [c3611d14] ColorVectorSpace v0.7.1
  [5ae59095] Colors v0.9.6
  [34da2185] Compat v2.2.0
  [ed09eef8] ComputationalResources v0.3.0
  [8f4d0f93] Conda v1.3.0
  [dc8bdbbb] CustomUnitRanges v0.2.0
  [9a962f9c] DataAPI v1.1.0
  [864edb3b] DataStructures v0.17.6
  [4f61f5a4] FFTViews v0.3.0
  [7a1cc6ca] FFTW v1.1.0
  [53c48c17] FixedPointNumbers v0.6.1
  [a2bd30eb] Graphics v0.4.0
  [2803e5a7] ImageAxes v0.6.1
  [a09fc81d] ImageCore v0.8.5
  [6a3955dd] ImageFiltering v0.6.5
  [bc367c6b] ImageMetadata v0.7.2
  [9b13fd28] IndirectArrays v0.5.0
  [8197267c] IntervalSets v0.3.2
  [c8e1da08] IterTools v1.3.0
  [682c06a0] JSON v0.21.0
  [1914dd2f] MacroTools v0.5.2
  [dbb5928d] MappedArrays v0.2.2
  [e1d29d7a] Missings v0.4.3
  [77ba4419] NaNMath v0.3.3
  [6fe1bfb0] OffsetArrays v0.11.1
  [bac558e1] OrderedCollections v1.1.0
  [5432bcbf] PaddedViews v0.4.2
  [69de0a69] Parsers v0.3.10
  [b3c3ace0] RangeArrays v0.3.1
  [189a3867] Reexport v0.2.0
  [ae029012] Requires v0.5.2
  [699a6c99] SimpleTraits v0.9.1
  [a2af1166] SortingAlgorithms v0.3.1
  [276daf66] SpecialFunctions v0.8.0
  [90137ffa] StaticArrays v0.12.1
  [2913bbd2] StatsBase v0.32.0
  [06e1c1a7] TiledIteration v0.2.3
  [30578b45] URIParser v0.4.0
  [81def892] VersionParsing v1.1.3
  [2a0f44e3] Base64  [`@stdlib/Base64`]
  [ade2ca70] Dates  [`@stdlib/Dates`]
  [8bb1440f] DelimitedFiles  [`@stdlib/DelimitedFiles`]
  [8ba89e20] Distributed  [`@stdlib/Distributed`]
  [b77e0a4c] InteractiveUtils  [`@stdlib/InteractiveUtils`]
  [76f85450] LibGit2  [`@stdlib/LibGit2`]
  [8f399da3] Libdl  [`@stdlib/Libdl`]
  [37e2e46d] LinearAlgebra  [`@stdlib/LinearAlgebra`]
  [56ddb016] Logging  [`@stdlib/Logging`]
  [d6f4376e] Markdown  [`@stdlib/Markdown`]
  [a63ad114] Mmap  [`@stdlib/Mmap`]
  [44cfe95a] Pkg  [`@stdlib/Pkg`]
  [de0858da] Printf  [`@stdlib/Printf`]
  [3fa0cd96] REPL  [`@stdlib/REPL`]
  [9a3f8284] Random  [`@stdlib/Random`]
  [ea8e919c] SHA  [`@stdlib/SHA`]
  [9e88b42a] Serialization  [`@stdlib/Serialization`]
  [1a1011a3] SharedArrays  [`@stdlib/SharedArrays`]
  [6462fe0b] Sockets  [`@stdlib/Sockets`]
  [2f01184e] SparseArrays  [`@stdlib/SparseArrays`]
  [10745b16] Statistics  [`@stdlib/Statistics`]
  [8dfed614] Test  [`@stdlib/Test`]
  [cf7118a7] UUIDs  [`@stdlib/UUIDs`]
  [4ec0a83e] Unicode  [`@stdlib/Unicode`]
WARNING: Method definition _bcs1(Any, Any) in module Broadcast at broadcast.jl:439 overwritten in module ImageFiltering at /root/.julia/packages/ImageFiltering/y5YkM/src/ImageFiltering.jl:28.
Skipping Base.active_repl
Skipping Base.active_repl_backend
Skipping Base.active_repl
Skipping Base.active_repl_backend
Test Summary: | Pass  Total
Border        |  419    419
[ Info: Two warnings are expected
┌ Warning: Likely overflow or conversion error detected. Consider specifying the output type, e.g., `imfilter(UInt16, img, kernel, ...)`
└ @ ImageFiltering ~/.julia/packages/ImageFiltering/y5YkM/src/imfilter.jl:625
Test Summary: | Pass  Total
1d            |   61     61
┌ Warning: Likely overflow or conversion error detected. Consider specifying the output type, e.g., `imfilter(Int32, img, kernel, ...)`
└ @ ImageFiltering ~/.julia/packages/ImageFiltering/y5YkM/src/imfilter.jl:625
Test Summary: | Pass  Total
2d widening   |    3      3
Test Summary: | Pass  Total
3d            |   18     18
Test Summary: | Pass  Total
tiling        |   10     10
FIR/FFT: Test Failed at /root/.julia/packages/ImageFiltering/y5YkM/test/2d.jl:81
  Expression: #= /root/.julia/packages/ImageFiltering/y5YkM/test/2d.jl:81 =# @inferred(imfilter(img, kernel, Inner(), alg)) ≈ targetimg_inner
   Evaluated: [1.26883e-17 -2.53765e-17 … 6.71885e-18 -4.53516e-19; 0.5 0.4 … 2.72337e-17 1.49742e-17; 0.2 0.1 … 3.01314e-18 7.51626e-18; -1.26883e-17 -2.53765e-17 … -1.04398e-17 -1.25208e-17] ≈ [0.0 0.0 … 0.0 0.0; 0.0 0.5 … 0.0 0.0; 0.0 0.2 … 0.0 0.0; 0.0 0.0 … 0.0 0.0]
Stacktrace:
 [1] macro expansion at /root/.julia/packages/ImageFiltering/y5YkM/test/2d.jl:81 [inlined]
 [2] macro expansion at /buildworker/worker/package_linux64/build/usr/share/julia/stdlib/v1.0/Test/src/Test.jl:1083 [inlined]
 [3] top-level scope at /root/.julia/packages/ImageFiltering/y5YkM/test/2d.jl:39
FIR/FFT: Test Failed at /root/.julia/packages/ImageFiltering/y5YkM/test/2d.jl:83
  Expression: #= /root/.julia/packages/ImageFiltering/y5YkM/test/2d.jl:83 =# @inferred(imfilter(CPU1(alg), img, kernel, Inner())) ≈ targetimg_inner
   Evaluated: [1.26883e-17 -2.53765e-17 … 6.71885e-18 -4.53516e-19; 0.5 0.4 … 2.72337e-17 1.49742e-17; 0.2 0.1 … 3.01314e-18 7.51626e-18; -1.26883e-17 -2.53765e-17 … -1.04398e-17 -1.25208e-17] ≈ [0.0 0.0 … 0.0 0.0; 0.0 0.5 … 0.0 0.0; 0.0 0.2 … 0.0 0.0; 0.0 0.0 … 0.0 0.0]
Stacktrace:
 [1] macro expansion at /root/.julia/packages/ImageFiltering/y5YkM/test/2d.jl:83 [inlined]
 [2] macro expansion at /buildworker/worker/package_linux64/build/usr/share/julia/stdlib/v1.0/Test/src/Test.jl:1083 [inlined]
 [3] top-level scope at /root/.julia/packages/ImageFiltering/y5YkM/test/2d.jl:39
FIR/FFT: Test Failed at /root/.julia/packages/ImageFiltering/y5YkM/test/2d.jl:81
  Expression: #= /root/.julia/packages/ImageFiltering/y5YkM/test/2d.jl:81 =# @inferred(imfilter(img, kernel, Inner(), alg)) ≈ targetimg_inner
   Evaluated: [1.26883e-17 -2.53765e-17 … 6.71885e-18 -4.53516e-19; 0.5 0.4 … 2.72337e-17 1.49742e-17; 0.2 0.1 … 3.01314e-18 7.51626e-18; -1.26883e-17 -2.53765e-17 … -1.04398e-17 -1.25208e-17] ≈ [0.0 0.0 … 0.0 0.0; 0.0 0.5 … 0.0 0.0; 0.0 0.2 … 0.0 0.0; 0.0 0.0 … 0.0 0.0]
Stacktrace:
 [1] macro expansion at /root/.julia/packages/ImageFiltering/y5YkM/test/2d.jl:81 [inlined]
 [2] macro expansion at /buildworker/worker/package_linux64/build/usr/share/julia/stdlib/v1.0/Test/src/Test.jl:1083 [inlined]
 [3] top-level scope at /root/.julia/packages/ImageFiltering/y5YkM/test/2d.jl:39
FIR/FFT: Test Failed at /root/.julia/packages/ImageFiltering/y5YkM/test/2d.jl:83
  Expression: #= /root/.julia/packages/ImageFiltering/y5YkM/test/2d.jl:83 =# @inferred(imfilter(CPU1(alg), img, kernel, Inner())) ≈ targetimg_inner
   Evaluated: [1.26883e-17 -2.53765e-17 … 6.71885e-18 -4.53516e-19; 0.5 0.4 … 2.72337e-17 1.49742e-17; 0.2 0.1 … 3.01314e-18 7.51626e-18; -1.26883e-17 -2.53765e-17 … -1.04398e-17 -1.25208e-17] ≈ [0.0 0.0 … 0.0 0.0; 0.0 0.5 … 0.0 0.0; 0.0 0.2 … 0.0 0.0; 0.0 0.0 … 0.0 0.0]
Stacktrace:
 [1] macro expansion at /root/.julia/packages/ImageFiltering/y5YkM/test/2d.jl:83 [inlined]
 [2] macro expansion at /buildworker/worker/package_linux64/build/usr/share/julia/stdlib/v1.0/Test/src/Test.jl:1083 [inlined]
 [3] top-level scope at /root/.julia/packages/ImageFiltering/y5YkM/test/2d.jl:39
FIR/FFT: Test Failed at /root/.julia/packages/ImageFiltering/y5YkM/test/2d.jl:81
  Expression: #= /root/.julia/packages/ImageFiltering/y5YkM/test/2d.jl:81 =# @inferred(imfilter(img, kernel, Inner(), alg)) ≈ targetimg_inner
   Evaluated: Gray{Float64}[Gray{Float64}(1.26883e-17) Gray{Float64}(-2.53765e-17) … Gray{Float64}(6.71885e-18) Gray{Float64}(-4.53516e-19); Gray{Float64}(0.5) Gray{Float64}(0.4) … Gray{Float64}(2.72337e-17) Gray{Float64}(1.49742e-17); Gray{Float64}(0.2) Gray{Float64}(0.1) … Gray{Float64}(3.01314e-18) Gray{Float64}(7.51626e-18); Gray{Float64}(-1.26883e-17) Gray{Float64}(-2.53765e-17) … Gray{Float64}(-1.04398e-17) Gray{Float64}(-1.25208e-17)] ≈ Gray{Float64}[Gray{Float64}(0.0) Gray{Float64}(0.0) … Gray{Float64}(0.0) Gray{Float64}(0.0); Gray{Float64}(0.0) Gray{Float64}(0.5) … Gray{Float64}(0.0) Gray{Float64}(0.0); Gray{Float64}(0.0) Gray{Float64}(0.2) … Gray{Float64}(0.0) Gray{Float64}(0.0); Gray{Float64}(0.0) Gray{Float64}(0.0) … Gray{Float64}(0.0) Gray{Float64}(0.0)]
Stacktrace:
 [1] macro expansion at /root/.julia/packages/ImageFiltering/y5YkM/test/2d.jl:81 [inlined]
 [2] macro expansion at /buildworker/worker/package_linux64/build/usr/share/julia/stdlib/v1.0/Test/src/Test.jl:1083 [inlined]
 [3] top-level scope at /root/.julia/packages/ImageFiltering/y5YkM/test/2d.jl:39
FIR/FFT: Test Failed at /root/.julia/packages/ImageFiltering/y5YkM/test/2d.jl:83
  Expression: #= /root/.julia/packages/ImageFiltering/y5YkM/test/2d.jl:83 =# @inferred(imfilter(CPU1(alg), img, kernel, Inner())) ≈ targetimg_inner
   Evaluated: Gray{Float64}[Gray{Float64}(1.26883e-17) Gray{Float64}(-2.53765e-17) … Gray{Float64}(6.71885e-18) Gray{Float64}(-4.53516e-19); Gray{Float64}(0.5) Gray{Float64}(0.4) … Gray{Float64}(2.72337e-17) Gray{Float64}(1.49742e-17); Gray{Float64}(0.2) Gray{Float64}(0.1) … Gray{Float64}(3.01314e-18) Gray{Float64}(7.51626e-18); Gray{Float64}(-1.26883e-17) Gray{Float64}(-2.53765e-17) … Gray{Float64}(-1.04398e-17) Gray{Float64}(-1.25208e-17)] ≈ Gray{Float64}[Gray{Float64}(0.0) Gray{Float64}(0.0) … Gray{Float64}(0.0) Gray{Float64}(0.0); Gray{Float64}(0.0) Gray{Float64}(0.5) … Gray{Float64}(0.0) Gray{Float64}(0.0); Gray{Float64}(0.0) Gray{Float64}(0.2) … Gray{Float64}(0.0) Gray{Float64}(0.0); Gray{Float64}(0.0) Gray{Float64}(0.0) … Gray{Float64}(0.0) Gray{Float64}(0.0)]
Stacktrace:
 [1] macro expansion at /root/.julia/packages/ImageFiltering/y5YkM/test/2d.jl:83 [inlined]
 [2] macro expansion at /buildworker/worker/package_linux64/build/usr/share/julia/stdlib/v1.0/Test/src/Test.jl:1083 [inlined]
 [3] top-level scope at /root/.julia/packages/ImageFiltering/y5YkM/test/2d.jl:39
FIR/FFT: Test Failed at /root/.julia/packages/ImageFiltering/y5YkM/test/2d.jl:81
  Expression: #= /root/.julia/packages/ImageFiltering/y5YkM/test/2d.jl:81 =# @inferred(imfilter(img, kernel, Inner(), alg)) ≈ targetimg_inner
   Evaluated: RGB{Float64}[RGB{Float64}(1.26883e-17,0.0,0.0) RGB{Float64}(-2.53765e-17,0.0,0.0) … RGB{Float64}(6.71885e-18,0.0,0.0) RGB{Float64}(-4.53516e-19,0.0,0.0); RGB{Float64}(0.5,0.0,0.0) RGB{Float64}(0.4,0.0,0.0) … RGB{Float64}(2.72337e-17,0.0,0.0) RGB{Float64}(1.49742e-17,0.0,0.0); RGB{Float64}(0.2,0.0,0.0) RGB{Float64}(0.1,0.0,0.0) … RGB{Float64}(3.01314e-18,0.0,0.0) RGB{Float64}(7.51626e-18,0.0,0.0); RGB{Float64}(-1.26883e-17,0.0,0.0) RGB{Float64}(-2.53765e-17,0.0,0.0) … RGB{Float64}(-1.04398e-17,0.0,0.0) RGB{Float64}(-1.25208e-17,0.0,0.0)] ≈ RGB{Float64}[RGB{Float64}(0.0,0.0,0.0) RGB{Float64}(0.0,0.0,0.0) … RGB{Float64}(0.0,0.0,0.0) RGB{Float64}(0.0,0.0,0.0); RGB{Float64}(0.0,0.0,0.0) RGB{Float64}(0.5,0.0,0.0) … RGB{Float64}(0.0,0.0,0.0) RGB{Float64}(0.0,0.0,0.0); RGB{Float64}(0.0,0.0,0.0) RGB{Float64}(0.2,0.0,0.0) … RGB{Float64}(0.0,0.0,0.0) RGB{Float64}(0.0,0.0,0.0); RGB{Float64}(0.0,0.0,0.0) RGB{Float64}(0.0,0.0,0.0) … RGB{Float64}(0.0,0.0,0.0) RGB{Float64}(0.0,0.0,0.0)]
Stacktrace:
 [1] macro expansion at /root/.julia/packages/ImageFiltering/y5YkM/test/2d.jl:81 [inlined]
 [2] macro expansion at /buildworker/worker/package_linux64/build/usr/share/julia/stdlib/v1.0/Test/src/Test.jl:1083 [inlined]
 [3] top-level scope at /root/.julia/packages/ImageFiltering/y5YkM/test/2d.jl:39
FIR/FFT: Test Failed at /root/.julia/packages/ImageFiltering/y5YkM/test/2d.jl:83
  Expression: #= /root/.julia/packages/ImageFiltering/y5YkM/test/2d.jl:83 =# @inferred(imfilter(CPU1(alg), img, kernel, Inner())) ≈ targetimg_inner
   Evaluated: RGB{Float64}[RGB{Float64}(1.26883e-17,0.0,0.0) RGB{Float64}(-2.53765e-17,0.0,0.0) … RGB{Float64}(6.71885e-18,0.0,0.0) RGB{Float64}(-4.53516e-19,0.0,0.0); RGB{Float64}(0.5,0.0,0.0) RGB{Float64}(0.4,0.0,0.0) … RGB{Float64}(2.72337e-17,0.0,0.0) RGB{Float64}(1.49742e-17,0.0,0.0); RGB{Float64}(0.2,0.0,0.0) RGB{Float64}(0.1,0.0,0.0) … RGB{Float64}(3.01314e-18,0.0,0.0) RGB{Float64}(7.51626e-18,0.0,0.0); RGB{Float64}(-1.26883e-17,0.0,0.0) RGB{Float64}(-2.53765e-17,0.0,0.0) … RGB{Float64}(-1.04398e-17,0.0,0.0) RGB{Float64}(-1.25208e-17,0.0,0.0)] ≈ RGB{Float64}[RGB{Float64}(0.0,0.0,0.0) RGB{Float64}(0.0,0.0,0.0) … RGB{Float64}(0.0,0.0,0.0) RGB{Float64}(0.0,0.0,0.0); RGB{Float64}(0.0,0.0,0.0) RGB{Float64}(0.5,0.0,0.0) … RGB{Float64}(0.0,0.0,0.0) RGB{Float64}(0.0,0.0,0.0); RGB{Float64}(0.0,0.0,0.0) RGB{Float64}(0.2,0.0,0.0) … RGB{Float64}(0.0,0.0,0.0) RGB{Float64}(0.0,0.0,0.0); RGB{Float64}(0.0,0.0,0.0) RGB{Float64}(0.0,0.0,0.0) … RGB{Float64}(0.0,0.0,0.0) RGB{Float64}(0.0,0.0,0.0)]
Stacktrace:
 [1] macro expansion at /root/.julia/packages/ImageFiltering/y5YkM/test/2d.jl:83 [inlined]
 [2] macro expansion at /buildworker/worker/package_linux64/build/usr/share/julia/stdlib/v1.0/Test/src/Test.jl:1083 [inlined]
 [3] top-level scope at /root/.julia/packages/ImageFiltering/y5YkM/test/2d.jl:39
FIR/FFT: Test Failed at /root/.julia/packages/ImageFiltering/y5YkM/test/2d.jl:108
  Expression: #= /root/.julia/packages/ImageFiltering/y5YkM/test/2d.jl:108 =# @inferred(imfilter(img, kernel, Inner(), alg)) ≈ targetimg_inner
   Evaluated: [-1.26883e-17 1.90324e-17 … -1.51365e-17 -8.81261e-18; 0.48 0.24 … 8.23031e-18 2.13521e-17; 0.12 0.06 … 5.50865e-18 -2.78246e-18; -3.80648e-17 -1.90324e-17 … 7.03568e-18 6.10334e-18] ≈ [0.0 0.0 … 0.0 0.0; 0.0 0.48 … 0.0 0.0; 0.0 0.12 … 0.0 0.0; 0.0 0.0 … 0.0 0.0]
Stacktrace:
 [1] macro expansion at /root/.julia/packages/ImageFiltering/y5YkM/test/2d.jl:108 [inlined]
 [2] macro expansion at /buildworker/worker/package_linux64/build/usr/share/julia/stdlib/v1.0/Test/src/Test.jl:1083 [inlined]
 [3] top-level scope at /root/.julia/packages/ImageFiltering/y5YkM/test/2d.jl:39
FIR/FFT: Test Failed at /root/.julia/packages/ImageFiltering/y5YkM/test/2d.jl:108
  Expression: #= /root/.julia/packages/ImageFiltering/y5YkM/test/2d.jl:108 =# @inferred(imfilter(img, kernel, Inner(), alg)) ≈ targetimg_inner
   Evaluated: [-1.26883e-17 1.90324e-17 … -1.51365e-17 -8.81261e-18; 0.48 0.24 … 8.23031e-18 2.13521e-17; 0.12 0.06 … 5.50865e-18 -2.78246e-18; -3.80648e-17 -1.90324e-17 … 7.03568e-18 6.10334e-18] ≈ [0.0 0.0 … 0.0 0.0; 0.0 0.48 … 0.0 0.0; 0.0 0.12 … 0.0 0.0; 0.0 0.0 … 0.0 0.0]
Stacktrace:
 [1] macro expansion at /root/.julia/packages/ImageFiltering/y5YkM/test/2d.jl:108 [inlined]
 [2] macro expansion at /buildworker/worker/package_linux64/build/usr/share/julia/stdlib/v1.0/Test/src/Test.jl:1083 [inlined]
 [3] top-level scope at /root/.julia/packages/ImageFiltering/y5YkM/test/2d.jl:39
FIR/FFT: Test Failed at /root/.julia/packages/ImageFiltering/y5YkM/test/2d.jl:108
  Expression: #= /root/.julia/packages/ImageFiltering/y5YkM/test/2d.jl:108 =# @inferred(imfilter(img, kernel, Inner(), alg)) ≈ targetimg_inner
   Evaluated: Gray{Float64}[Gray{Float64}(-1.26883e-17) Gray{Float64}(1.90324e-17) … Gray{Float64}(-1.51365e-17) Gray{Float64}(-8.81261e-18); Gray{Float64}(0.48) Gray{Float64}(0.24) … Gray{Float64}(8.23031e-18) Gray{Float64}(2.13521e-17); Gray{Float64}(0.12) Gray{Float64}(0.06) … Gray{Float64}(5.50865e-18) Gray{Float64}(-2.78246e-18); Gray{Float64}(-3.80648e-17) Gray{Float64}(-1.90324e-17) … Gray{Float64}(7.03568e-18) Gray{Float64}(6.10334e-18)] ≈ Gray{Float64}[Gray{Float64}(0.0) Gray{Float64}(0.0) … Gray{Float64}(0.0) Gray{Float64}(0.0); Gray{Float64}(0.0) Gray{Float64}(0.48) … Gray{Float64}(0.0) Gray{Float64}(0.0); Gray{Float64}(0.0) Gray{Float64}(0.12) … Gray{Float64}(0.0) Gray{Float64}(0.0); Gray{Float64}(0.0) Gray{Float64}(0.0) … Gray{Float64}(0.0) Gray{Float64}(0.0)]
Stacktrace:
 [1] macro expansion at /root/.julia/packages/ImageFiltering/y5YkM/test/2d.jl:108 [inlined]
 [2] macro expansion at /buildworker/worker/package_linux64/build/usr/share/julia/stdlib/v1.0/Test/src/Test.jl:1083 [inlined]
 [3] top-level scope at /root/.julia/packages/ImageFiltering/y5YkM/test/2d.jl:39
FIR/FFT: Test Failed at /root/.julia/packages/ImageFiltering/y5YkM/test/2d.jl:108
  Expression: #= /root/.julia/packages/ImageFiltering/y5YkM/test/2d.jl:108 =# @inferred(imfilter(img, kernel, Inner(), alg)) ≈ targetimg_inner
   Evaluated: RGB{Float64}[RGB{Float64}(-1.26883e-17,0.0,0.0) RGB{Float64}(1.90324e-17,0.0,0.0) … RGB{Float64}(-1.51365e-17,0.0,0.0) RGB{Float64}(-8.81261e-18,0.0,0.0); RGB{Float64}(0.48,0.0,0.0) RGB{Float64}(0.24,0.0,0.0) … RGB{Float64}(8.23031e-18,0.0,0.0) RGB{Float64}(2.13521e-17,0.0,0.0); RGB{Float64}(0.12,0.0,0.0) RGB{Float64}(0.06,0.0,0.0) … RGB{Float64}(5.50865e-18,0.0,0.0) RGB{Float64}(-2.78246e-18,0.0,0.0); RGB{Float64}(-3.80648e-17,0.0,0.0) RGB{Float64}(-1.90324e-17,0.0,0.0) … RGB{Float64}(7.03568e-18,0.0,0.0) RGB{Float64}(6.10334e-18,0.0,0.0)] ≈ RGB{Float64}[RGB{Float64}(0.0,0.0,0.0) RGB{Float64}(0.0,0.0,0.0) … RGB{Float64}(0.0,0.0,0.0) RGB{Float64}(0.0,0.0,0.0); RGB{Float64}(0.0,0.0,0.0) RGB{Float64}(0.48,0.0,0.0) … RGB{Float64}(0.0,0.0,0.0) RGB{Float64}(0.0,0.0,0.0); RGB{Float64}(0.0,0.0,0.0) RGB{Float64}(0.12,0.0,0.0) … RGB{Float64}(0.0,0.0,0.0) RGB{Float64}(0.0,0.0,0.0); RGB{Float64}(0.0,0.0,0.0) RGB{Float64}(0.0,0.0,0.0) … RGB{Float64}(0.0,0.0,0.0) RGB{Float64}(0.0,0.0,0.0)]
Stacktrace:
 [1] macro expansion at /root/.julia/packages/ImageFiltering/y5YkM/test/2d.jl:108 [inlined]
 [2] macro expansion at /buildworker/worker/package_linux64/build/usr/share/julia/stdlib/v1.0/Test/src/Test.jl:1083 [inlined]
 [3] top-level scope at /root/.julia/packages/ImageFiltering/y5YkM/test/2d.jl:39
Test Summary: | Pass  Fail  Total
FIR/FFT       | 1179    12   1191
ERROR: LoadError: LoadError: Some tests did not pass: 1179 passed, 12 failed, 0 errored, 0 broken.
in expression starting at /root/.julia/packages/ImageFiltering/y5YkM/test/2d.jl:38
in expression starting at /root/.julia/packages/ImageFiltering/y5YkM/test/runtests.jl:12
ERROR: Package ImageFiltering errored during testing
Stacktrace:
 [1] pkgerror(::String, ::Vararg{String,N} where N) at /buildworker/worker/package_linux64/build/usr/share/julia/stdlib/v1.0/Pkg/src/Types.jl:120
 [2] #test#65(::Bool, ::Function, ::Pkg.Types.Context, ::Array{Pkg.Types.PackageSpec,1}) at /buildworker/worker/package_linux64/build/usr/share/julia/stdlib/v1.0/Pkg/src/Operations.jl:1357
 [3] #test at /buildworker/worker/package_linux64/build/usr/share/julia/stdlib/v1.0/Pkg/src/API.jl:0 [inlined]
 [4] #test#44(::Bool, ::Base.Iterators.Pairs{Union{},Union{},Tuple{},NamedTuple{(),Tuple{}}}, ::Function, ::Pkg.Types.Context, ::Array{Pkg.Types.PackageSpec,1}) at /buildworker/worker/package_linux64/build/usr/share/julia/stdlib/v1.0/Pkg/src/API.jl:278
 [5] test at /buildworker/worker/package_linux64/build/usr/share/julia/stdlib/v1.0/Pkg/src/API.jl:263 [inlined]
 [6] #test#43 at /buildworker/worker/package_linux64/build/usr/share/julia/stdlib/v1.0/Pkg/src/API.jl:260 [inlined]
 [7] test at /buildworker/worker/package_linux64/build/usr/share/julia/stdlib/v1.0/Pkg/src/API.jl:260 [inlined]
 [8] #test#42 at /buildworker/worker/package_linux64/build/usr/share/julia/stdlib/v1.0/Pkg/src/API.jl:259 [inlined]
 [9] test at /buildworker/worker/package_linux64/build/usr/share/julia/stdlib/v1.0/Pkg/src/API.jl:259 [inlined]
 [10] #test#41 at /buildworker/worker/package_linux64/build/usr/share/julia/stdlib/v1.0/Pkg/src/API.jl:258 [inlined]
 [11] test(::String) at /buildworker/worker/package_linux64/build/usr/share/julia/stdlib/v1.0/Pkg/src/API.jl:258
 [12] top-level scope at none:0
