 Resolving package versions...
 Installed Reexport ────────────── v0.2.0
 Installed LoopThrottle ────────── v0.1.0
 Installed TypeSortedCollections ─ v1.1.0
 Installed ValkyrieRobot ───────── v0.2.0
 Installed LightXML ────────────── v0.8.1
 Installed StaticArrays ────────── v0.12.1
 Installed BinaryProvider ──────── v0.5.8
 Installed RigidBodyDynamics ───── v2.1.1
 Installed UnsafeArrays ────────── v1.0.0
 Installed DocStringExtensions ─── v0.8.1
 Installed Rotations ───────────── v0.12.0
  Updating `~/.julia/environments/v1.2/Project.toml`
  [c74b26e8] + ValkyrieRobot v0.2.0
  Updating `~/.julia/environments/v1.2/Manifest.toml`
  [b99e7846] + BinaryProvider v0.5.8
  [ffbed154] + DocStringExtensions v0.8.1
  [9c8b4983] + LightXML v0.8.1
  [39f5be34] + LoopThrottle v0.1.0
  [189a3867] + Reexport v0.2.0
  [366cf18f] + RigidBodyDynamics v2.1.1
  [6038ab10] + Rotations v0.12.0
  [90137ffa] + StaticArrays v0.12.1
  [94a5cd58] + TypeSortedCollections v1.1.0
  [c4a57d5a] + UnsafeArrays v1.0.0
  [c74b26e8] + ValkyrieRobot v0.2.0
  [2a0f44e3] + Base64 
  [ade2ca70] + Dates 
  [8ba89e20] + Distributed 
  [b77e0a4c] + InteractiveUtils 
  [76f85450] + LibGit2 
  [8f399da3] + Libdl 
  [37e2e46d] + LinearAlgebra 
  [56ddb016] + Logging 
  [d6f4376e] + Markdown 
  [44cfe95a] + Pkg 
  [de0858da] + Printf 
  [3fa0cd96] + REPL 
  [9a3f8284] + Random 
  [ea8e919c] + SHA 
  [9e88b42a] + Serialization 
  [6462fe0b] + Sockets 
  [2f01184e] + SparseArrays 
  [10745b16] + Statistics 
  [8dfed614] + Test 
  [cf7118a7] + UUIDs 
  [4ec0a83e] + Unicode 
  Building LightXML ─────────→ `~/.julia/packages/LightXML/W8FVT/deps/build.log`
  Building RigidBodyDynamics → `~/.julia/packages/RigidBodyDynamics/XgNGG/deps/build.log`
  Building ValkyrieRobot ────→ `~/.julia/packages/ValkyrieRobot/jw9cV/deps/build.log`
   Testing ValkyrieRobot
 Resolving package versions...
    Status `/tmp/jl_7ghHo8/Manifest.toml`
  [b99e7846] BinaryProvider v0.5.8
  [ffbed154] DocStringExtensions v0.8.1
  [9c8b4983] LightXML v0.8.1
  [39f5be34] LoopThrottle v0.1.0
  [189a3867] Reexport v0.2.0
  [366cf18f] RigidBodyDynamics v2.1.1
  [6038ab10] Rotations v0.12.0
  [90137ffa] StaticArrays v0.12.1
  [94a5cd58] TypeSortedCollections v1.1.0
  [c4a57d5a] UnsafeArrays v1.0.0
  [c74b26e8] ValkyrieRobot v0.2.0
  [2a0f44e3] Base64  [`@stdlib/Base64`]
  [ade2ca70] Dates  [`@stdlib/Dates`]
  [8ba89e20] Distributed  [`@stdlib/Distributed`]
  [b77e0a4c] InteractiveUtils  [`@stdlib/InteractiveUtils`]
  [76f85450] LibGit2  [`@stdlib/LibGit2`]
  [8f399da3] Libdl  [`@stdlib/Libdl`]
  [37e2e46d] LinearAlgebra  [`@stdlib/LinearAlgebra`]
  [56ddb016] Logging  [`@stdlib/Logging`]
  [d6f4376e] Markdown  [`@stdlib/Markdown`]
  [44cfe95a] Pkg  [`@stdlib/Pkg`]
  [de0858da] Printf  [`@stdlib/Printf`]
  [3fa0cd96] REPL  [`@stdlib/REPL`]
  [9a3f8284] Random  [`@stdlib/Random`]
  [ea8e919c] SHA  [`@stdlib/SHA`]
  [9e88b42a] Serialization  [`@stdlib/Serialization`]
  [6462fe0b] Sockets  [`@stdlib/Sockets`]
  [2f01184e] SparseArrays  [`@stdlib/SparseArrays`]
  [10745b16] Statistics  [`@stdlib/Statistics`]
  [8dfed614] Test  [`@stdlib/Test`]
  [cf7118a7] UUIDs  [`@stdlib/UUIDs`]
  [4ec0a83e] Unicode  [`@stdlib/Unicode`]
Test Summary: | Pass  Total
side          |    5      5
Test Summary: | Pass  Total
valkyrie      |    2      2
   Testing ValkyrieRobot tests passed 
