 Resolving package versions...
 Installed Requires ──────────────────── v0.5.2
 Installed NaNMath ───────────────────── v0.3.3
 Installed InvertedIndices ───────────── v1.0.0
 Installed EvoTrees ──────────────────── v0.3.0
 Installed CommonSubexpressions ──────── v0.2.0
 Installed ColorTypes ────────────────── v0.8.0
 Installed BinaryProvider ────────────── v0.5.8
 Installed Flux ──────────────────────── v0.8.3
 Installed DiffRules ─────────────────── v0.1.0
 Installed IteratorInterfaceExtensions ─ v1.0.0
 Installed Arpack ────────────────────── v0.3.1
 Installed AbstractTrees ─────────────── v0.2.1
 Installed FixedPointNumbers ─────────── v0.6.1
 Installed Parsers ───────────────────── v0.3.10
 Installed FilePathsBase ─────────────── v0.7.0
 Installed DataStructures ────────────── v0.17.6
 Installed LoweredCodeUtils ──────────── v0.4.2
 Installed Reexport ──────────────────── v0.2.0
 Installed MacroTools ────────────────── v0.5.2
 Installed Adapt ─────────────────────── v1.0.0
 Installed BinDeps ───────────────────── v0.8.10
 Installed DataValueInterfaces ───────── v1.0.0
 Installed SpecialFunctions ──────────── v0.8.0
 Installed Cassette ──────────────────── v0.2.6
 Installed DataAPI ───────────────────── v1.1.0
 Installed JSON ──────────────────────── v0.21.0
 Installed ZipFile ───────────────────── v0.8.3
 Installed PDMats ────────────────────── v0.9.10
 Installed LazyArrays ────────────────── v0.14.8
 Installed Distributions ─────────────── v0.21.8
 Installed CodeTracking ──────────────── v0.5.8
 Installed Juno ──────────────────────── v0.7.2
 Installed URIParser ─────────────────── v0.4.0
 Installed StaticArrays ──────────────── v0.12.1
 Installed DiffResults ───────────────── v0.0.4
 Installed DataFrames ────────────────── v0.19.4
 Installed Media ─────────────────────── v0.5.0
 Installed Traceur ───────────────────── v0.3.0
 Installed Colors ────────────────────── v0.9.6
 Installed NNlib ─────────────────────── v0.6.0
 Installed Tracker ───────────────────── v0.2.5
 Installed ArrayLayouts ──────────────── v0.1.5
 Installed SortingAlgorithms ─────────── v0.3.1
 Installed WeakRefStrings ────────────── v0.6.1
 Installed StatsBase ─────────────────── v0.32.0
 Installed FillArrays ────────────────── v0.8.2
 Installed PooledArrays ──────────────── v0.5.2
 Installed TimerOutputs ──────────────── v0.5.3
 Installed Missings ──────────────────── v0.4.3
 Installed OrderedCollections ────────── v1.1.0
 Installed TableTraits ───────────────── v1.0.0
 Installed CodecZlib ─────────────────── v0.6.0
 Installed Rmath ─────────────────────── v0.5.1
 Installed BenchmarkTools ────────────── v0.4.3
 Installed QuadGK ────────────────────── v2.1.1
 Installed CategoricalArrays ─────────── v0.7.3
 Installed JuliaInterpreter ──────────── v0.7.4
 Installed Tables ────────────────────── v0.2.11
 Installed ForwardDiff ───────────────── v0.10.6
 Installed StatsFuns ─────────────────── v0.9.0
 Installed Revise ────────────────────── v2.3.1
 Installed Compat ────────────────────── v2.2.0
 Installed TranscodingStreams ────────── v0.9.5
 Installed CSV ───────────────────────── v0.5.18
  Updating `~/.julia/environments/v1.0/Project.toml`
  [f6006082] + EvoTrees v0.3.0
  Updating `~/.julia/environments/v1.0/Manifest.toml`
  [1520ce14] + AbstractTrees v0.2.1
  [79e6a3ab] + Adapt v1.0.0
  [7d9fca2a] + Arpack v0.3.1
  [4c555306] + ArrayLayouts v0.1.5
  [6e4b80f9] + BenchmarkTools v0.4.3
  [9e28174c] + BinDeps v0.8.10
  [b99e7846] + BinaryProvider v0.5.8
  [336ed68f] + CSV v0.5.18
  [7057c7e9] + Cassette v0.2.6
  [324d7699] + CategoricalArrays v0.7.3
  [da1fd8a2] + CodeTracking v0.5.8
  [944b1d66] + CodecZlib v0.6.0
  [3da002f7] + ColorTypes v0.8.0
  [5ae59095] + Colors v0.9.6
  [bbf7d656] + CommonSubexpressions v0.2.0
  [34da2185] + Compat v2.2.0
  [9a962f9c] + DataAPI v1.1.0
  [a93c6f00] + DataFrames v0.19.4
  [864edb3b] + DataStructures v0.17.6
  [e2d170a0] + DataValueInterfaces v1.0.0
  [163ba53b] + DiffResults v0.0.4
  [b552c78f] + DiffRules v0.1.0
  [31c24e10] + Distributions v0.21.8
  [f6006082] + EvoTrees v0.3.0
  [48062228] + FilePathsBase v0.7.0
  [1a297f60] + FillArrays v0.8.2
  [53c48c17] + FixedPointNumbers v0.6.1
  [587475ba] + Flux v0.8.3
  [f6369f11] + ForwardDiff v0.10.6
  [41ab1584] + InvertedIndices v1.0.0
  [82899510] + IteratorInterfaceExtensions v1.0.0
  [682c06a0] + JSON v0.21.0
  [aa1ae85d] + JuliaInterpreter v0.7.4
  [e5e0dc1b] + Juno v0.7.2
  [5078a376] + LazyArrays v0.14.8
  [6f1432cf] + LoweredCodeUtils v0.4.2
  [1914dd2f] + MacroTools v0.5.2
  [e89f7d12] + Media v0.5.0
  [e1d29d7a] + Missings v0.4.3
  [872c559c] + NNlib v0.6.0
  [77ba4419] + NaNMath v0.3.3
  [bac558e1] + OrderedCollections v1.1.0
  [90014a1f] + PDMats v0.9.10
  [69de0a69] + Parsers v0.3.10
  [2dfb63ee] + PooledArrays v0.5.2
  [1fd47b50] + QuadGK v2.1.1
  [189a3867] + Reexport v0.2.0
  [ae029012] + Requires v0.5.2
  [295af30f] + Revise v2.3.1
  [79098fc4] + Rmath v0.5.1
  [a2af1166] + SortingAlgorithms v0.3.1
  [276daf66] + SpecialFunctions v0.8.0
  [90137ffa] + StaticArrays v0.12.1
  [2913bbd2] + StatsBase v0.32.0
  [4c63d2b9] + StatsFuns v0.9.0
  [3783bdb8] + TableTraits v1.0.0
  [bd369af6] + Tables v0.2.11
  [a759f4b9] + TimerOutputs v0.5.3
  [37b6cedf] + Traceur v0.3.0
  [9f7883ad] + Tracker v0.2.5
  [3bb67fe8] + TranscodingStreams v0.9.5
  [30578b45] + URIParser v0.4.0
  [ea10d353] + WeakRefStrings v0.6.1
  [a5390f91] + ZipFile v0.8.3
  [2a0f44e3] + Base64 
  [ade2ca70] + Dates 
  [8bb1440f] + DelimitedFiles 
  [8ba89e20] + Distributed 
  [7b1f6079] + FileWatching 
  [9fa8497b] + Future 
  [b77e0a4c] + InteractiveUtils 
  [76f85450] + LibGit2 
  [8f399da3] + Libdl 
  [37e2e46d] + LinearAlgebra 
  [56ddb016] + Logging 
  [d6f4376e] + Markdown 
  [a63ad114] + Mmap 
  [44cfe95a] + Pkg 
  [de0858da] + Printf 
  [9abbd945] + Profile 
  [3fa0cd96] + REPL 
  [9a3f8284] + Random 
  [ea8e919c] + SHA 
  [9e88b42a] + Serialization 
  [1a1011a3] + SharedArrays 
  [6462fe0b] + Sockets 
  [2f01184e] + SparseArrays 
  [10745b16] + Statistics 
  [4607b0f0] + SuiteSparse 
  [8dfed614] + Test 
  [cf7118a7] + UUIDs 
  [4ec0a83e] + Unicode 
  Building Arpack ──────────→ `~/.julia/packages/Arpack/cu5By/deps/build.log`
  Building SpecialFunctions → `~/.julia/packages/SpecialFunctions/ne2iw/deps/build.log`
  Building ZipFile ─────────→ `~/.julia/packages/ZipFile/oD4uG/deps/build.log`
  Building CodecZlib ───────→ `~/.julia/packages/CodecZlib/5t9zO/deps/build.log`
  Building Rmath ───────────→ `~/.julia/packages/Rmath/4wt82/deps/build.log`
   Testing EvoTrees
    Status `/tmp/tmpyvu6Jc/Manifest.toml`
  [1520ce14] AbstractTrees v0.2.1
  [79e6a3ab] Adapt v1.0.0
  [7d9fca2a] Arpack v0.3.1
  [4c555306] ArrayLayouts v0.1.5
  [6e4b80f9] BenchmarkTools v0.4.3
  [9e28174c] BinDeps v0.8.10
  [b99e7846] BinaryProvider v0.5.8
  [336ed68f] CSV v0.5.18
  [7057c7e9] Cassette v0.2.6
  [324d7699] CategoricalArrays v0.7.3
  [da1fd8a2] CodeTracking v0.5.8
  [944b1d66] CodecZlib v0.6.0
  [3da002f7] ColorTypes v0.8.0
  [5ae59095] Colors v0.9.6
  [bbf7d656] CommonSubexpressions v0.2.0
  [34da2185] Compat v2.2.0
  [9a962f9c] DataAPI v1.1.0
  [a93c6f00] DataFrames v0.19.4
  [864edb3b] DataStructures v0.17.6
  [e2d170a0] DataValueInterfaces v1.0.0
  [163ba53b] DiffResults v0.0.4
  [b552c78f] DiffRules v0.1.0
  [31c24e10] Distributions v0.21.8
  [f6006082] EvoTrees v0.3.0
  [48062228] FilePathsBase v0.7.0
  [1a297f60] FillArrays v0.8.2
  [53c48c17] FixedPointNumbers v0.6.1
  [587475ba] Flux v0.8.3
  [f6369f11] ForwardDiff v0.10.6
  [41ab1584] InvertedIndices v1.0.0
  [82899510] IteratorInterfaceExtensions v1.0.0
  [682c06a0] JSON v0.21.0
  [aa1ae85d] JuliaInterpreter v0.7.4
  [e5e0dc1b] Juno v0.7.2
  [5078a376] LazyArrays v0.14.8
  [6f1432cf] LoweredCodeUtils v0.4.2
  [1914dd2f] MacroTools v0.5.2
  [e89f7d12] Media v0.5.0
  [e1d29d7a] Missings v0.4.3
  [872c559c] NNlib v0.6.0
  [77ba4419] NaNMath v0.3.3
  [bac558e1] OrderedCollections v1.1.0
  [90014a1f] PDMats v0.9.10
  [69de0a69] Parsers v0.3.10
  [2dfb63ee] PooledArrays v0.5.2
  [1fd47b50] QuadGK v2.1.1
  [189a3867] Reexport v0.2.0
  [ae029012] Requires v0.5.2
  [295af30f] Revise v2.3.1
  [79098fc4] Rmath v0.5.1
  [a2af1166] SortingAlgorithms v0.3.1
  [276daf66] SpecialFunctions v0.8.0
  [90137ffa] StaticArrays v0.12.1
  [2913bbd2] StatsBase v0.32.0
  [4c63d2b9] StatsFuns v0.9.0
  [3783bdb8] TableTraits v1.0.0
  [bd369af6] Tables v0.2.11
  [a759f4b9] TimerOutputs v0.5.3
  [37b6cedf] Traceur v0.3.0
  [9f7883ad] Tracker v0.2.5
  [3bb67fe8] TranscodingStreams v0.9.5
  [30578b45] URIParser v0.4.0
  [ea10d353] WeakRefStrings v0.6.1
  [a5390f91] ZipFile v0.8.3
  [2a0f44e3] Base64  [`@stdlib/Base64`]
  [ade2ca70] Dates  [`@stdlib/Dates`]
  [8bb1440f] DelimitedFiles  [`@stdlib/DelimitedFiles`]
  [8ba89e20] Distributed  [`@stdlib/Distributed`]
  [7b1f6079] FileWatching  [`@stdlib/FileWatching`]
  [9fa8497b] Future  [`@stdlib/Future`]
  [b77e0a4c] InteractiveUtils  [`@stdlib/InteractiveUtils`]
  [76f85450] LibGit2  [`@stdlib/LibGit2`]
  [8f399da3] Libdl  [`@stdlib/Libdl`]
  [37e2e46d] LinearAlgebra  [`@stdlib/LinearAlgebra`]
  [56ddb016] Logging  [`@stdlib/Logging`]
  [d6f4376e] Markdown  [`@stdlib/Markdown`]
  [a63ad114] Mmap  [`@stdlib/Mmap`]
  [44cfe95a] Pkg  [`@stdlib/Pkg`]
  [de0858da] Printf  [`@stdlib/Printf`]
  [9abbd945] Profile  [`@stdlib/Profile`]
  [3fa0cd96] REPL  [`@stdlib/REPL`]
  [9a3f8284] Random  [`@stdlib/Random`]
  [ea8e919c] SHA  [`@stdlib/SHA`]
  [9e88b42a] Serialization  [`@stdlib/Serialization`]
  [1a1011a3] SharedArrays  [`@stdlib/SharedArrays`]
  [6462fe0b] Sockets  [`@stdlib/Sockets`]
  [2f01184e] SparseArrays  [`@stdlib/SparseArrays`]
  [10745b16] Statistics  [`@stdlib/Statistics`]
  [4607b0f0] SuiteSparse  [`@stdlib/SuiteSparse`]
  [8dfed614] Test  [`@stdlib/Test`]
  [cf7118a7] UUIDs  [`@stdlib/UUIDs`]
  [4ec0a83e] Unicode  [`@stdlib/Unicode`]
┌ Warning: `a::StaticArray + b::Number` is deprecated, use `a .+ b` instead.
│   caller = _broadcast_getindex_evalf at broadcast.jl:582 [inlined]
└ @ Core ./broadcast.jl:582
"iter:25, eval: [0.171481]""iter:50, eval: [0.11856]""iter:75, eval: [0.102514]""iter:100, eval: [0.0977372]" 27.958659 seconds (28.92 M allocations: 1.348 GiB, 5.86% gc time)
  0.957700 seconds (1.62 M allocations: 80.499 MiB, 4.80% gc time)
  0.028587 seconds (202.12 k allocations: 9.268 MiB, 35.86% gc time)
┌ Warning: `a::StaticArray + b::Number` is deprecated, use `a .+ b` instead.
│   caller = _broadcast_getindex_evalf at broadcast.jl:582 [inlined]
└ @ Core ./broadcast.jl:582
"iter:25, eval: [0.0964265]""iter:50, eval: [0.0962028]""iter:75, eval: [0.0959712]""iter:100, eval: [0.0959723]"  4.109056 seconds (5.34 M allocations: 313.841 MiB, 4.64% gc time)
┌ Warning: `a::StaticArray + b::Number` is deprecated, use `a .+ b` instead.
│   caller = _broadcast_getindex_evalf at broadcast.jl:582 [inlined]
└ @ Core ./broadcast.jl:582
"iter:25, eval: [0.548542]""iter:50, eval: [0.48349]""iter:75, eval: [0.449575]""iter:100, eval: [0.430539]"  5.729716 seconds (8.31 M allocations: 353.242 MiB, 3.57% gc time)
  0.303361 seconds (1.21 M allocations: 55.672 MiB, 8.61% gc time)
┌ Warning: `a::StaticArray + b::Number` is deprecated, use `a .+ b` instead.
│   caller = _broadcast_getindex_evalf at broadcast.jl:582 [inlined]
└ @ Core ./broadcast.jl:582
"iter:25, eval: [0.143362]""iter:50, eval: [0.120103]""iter:75, eval: [0.107508]""iter:100, eval: [0.0998745]"  5.850899 seconds (7.49 M allocations: 346.702 MiB, 4.46% gc time)
  0.302782 seconds (1.10 M allocations: 50.280 MiB, 6.34% gc time)
┌ Warning: `a::StaticArray + b::Number` is deprecated, use `a .+ b` instead.
│   caller = _broadcast_getindex_evalf at broadcast.jl:582 [inlined]
└ @ Core ./broadcast.jl:582
"iter:25, eval: [0.256761]""iter:50, eval: [0.204041]""iter:75, eval: [0.168608]""iter:100, eval: [0.145494]"  5.524623 seconds (4.17 M allocations: 283.785 MiB, 3.60% gc time)
  0.059821 seconds (808.13 k allocations: 37.054 MiB, 18.38% gc time)
┌ Warning: `a::StaticArray + b::Number` is deprecated, use `a .+ b` instead.
│   caller = _broadcast_getindex_evalf at broadcast.jl:582 [inlined]
└ @ Core ./broadcast.jl:582
┌ Warning: `a::Number - b::StaticArray` is deprecated, use `a .- b` instead.
│   caller = update_grads!(::EvoTrees.Quantile, ::Float64, ::Array{StaticArrays.SArray{Tuple{1},Float64,1,1},1}, ::Array{Float64,1}, ::Array{StaticArrays.SArray{Tuple{1},Float64,1,1},1}, ::Array{StaticArrays.SArray{Tuple{1},Float64,1,1},1}, ::Array{StaticArrays.SArray{Tuple{1},Float64,1,1},1}) at loss.jl:49
└ @ EvoTrees ~/.julia/packages/EvoTrees/AuCRf/src/loss.jl:49
┌ Warning: `a::Number - b::StaticArray` is deprecated, use `a .- b` instead.
│   caller = eval_metric(::Val{:quantile}, ::Array{StaticArrays.SArray{Tuple{1},Float64,1,1},1}, ::Array{Float64,1}, ::Float64) at eval.jl:73
└ @ EvoTrees ~/.julia/packages/EvoTrees/AuCRf/src/eval.jl:73
┌ Warning: `a::StaticArray - b::Number` is deprecated, use `a .- b` instead.
│   caller = eval_metric(::Val{:quantile}, ::Array{StaticArrays.SArray{Tuple{1},Float64,1,1},1}, ::Array{Float64,1}, ::Float64) at eval.jl:73
└ @ EvoTrees ~/.julia/packages/EvoTrees/AuCRf/src/eval.jl:73
┌ Warning: `a::Number + b::StaticArray` is deprecated, use `a .+ b` instead.
│   caller = eval_metric(::Val{:quantile}, ::Array{StaticArrays.SArray{Tuple{1},Float64,1,1},1}, ::Array{Float64,1}, ::Float64) at eval.jl:73
└ @ EvoTrees ~/.julia/packages/EvoTrees/AuCRf/src/eval.jl:73
"iter:25, eval: [0.0951734]""iter:50, eval: [0.0663185]""iter:75, eval: [0.0543397]""iter:100, eval: [0.0491202]"275.245328 seconds (142.02 M allocations: 14.519 GiB, 1.55% gc time)
  0.051053 seconds (808.12 k allocations: 37.054 MiB, 19.26% gc time)
┌ Warning: `a::StaticArray + b::Number` is deprecated, use `a .+ b` instead.
│   caller = _broadcast_getindex_evalf at broadcast.jl:582 [inlined]
└ @ Core ./broadcast.jl:582
┌ Warning: `a::StaticArray + b::Number` is deprecated, use `a .+ b` instead.
│   caller = grow_tree(::Array{Array{BitSet,1},1}, ::Array{StaticArrays.SArray{Tuple{2},Float64,1,2},1}, ::Array{StaticArrays.SArray{Tuple{2},Float64,1,2},1}, ::Array{StaticArrays.SArray{Tuple{1},Float64,1,1},1}, ::Array{Array{StaticArrays.SArray{Tuple{2},Float64,1,2},1},1}, ::Array{Array{StaticArrays.SArray{Tuple{2},Float64,1,2},1},1}, ::Array{Array{StaticArrays.SArray{Tuple{1},Float64,1,1},1},1}, ::EvoTreeRegressor{Float64,EvoTrees.Gaussian,Int64}, ::Array{EvoTrees.TrainNode{2,Float64,BitSet,Array{Int64,1},Int64},1}, ::Array{EvoTrees.SplitInfo{2,Float64,Int64},1}, ::Array{Array{T,1} where T,1}, ::Array{UInt8,2}) at predict.jl:72
└ @ EvoTrees ~/.julia/packages/EvoTrees/AuCRf/src/predict.jl:72
┌ Warning: `a::StaticArray + b::Number` is deprecated, use `a .+ b` instead.
│   caller = grow_tree(::Array{Array{BitSet,1},1}, ::Array{StaticArrays.SArray{Tuple{2},Float64,1,2},1}, ::Array{StaticArrays.SArray{Tuple{2},Float64,1,2},1}, ::Array{StaticArrays.SArray{Tuple{1},Float64,1,1},1}, ::Array{Array{StaticArrays.SArray{Tuple{2},Float64,1,2},1},1}, ::Array{Array{StaticArrays.SArray{Tuple{2},Float64,1,2},1},1}, ::Array{Array{StaticArrays.SArray{Tuple{1},Float64,1,1},1},1}, ::EvoTreeRegressor{Float64,EvoTrees.Gaussian,Int64}, ::Array{EvoTrees.TrainNode{2,Float64,BitSet,Array{Int64,1},Int64},1}, ::Array{EvoTrees.SplitInfo{2,Float64,Int64},1}, ::Array{Array{T,1} where T,1}, ::Array{UInt8,2}) at predict.jl:72
└ @ EvoTrees ~/.julia/packages/EvoTrees/AuCRf/src/predict.jl:72
"iter:25, eval: [-0.22867]""iter:50, eval: [-0.738999]""iter:75, eval: [-1.20547]""iter:100, eval: [-1.5955]"  8.410244 seconds (17.43 M allocations: 611.722 MiB, 3.74% gc time)
  0.668312 seconds (1.65 M allocations: 78.223 MiB, 7.02% gc time)
   Testing EvoTrees tests passed 
