 Resolving package versions...
 Installed DocStringExtensions ─ v0.8.1
 Installed OpenDSSDirect ─────── v0.5.1
  Updating `~/.julia/environments/v1.0/Project.toml`
  [a8b11937] + OpenDSSDirect v0.5.1
  Updating `~/.julia/environments/v1.0/Manifest.toml`
  [ffbed154] + DocStringExtensions v0.8.1
  [a8b11937] + OpenDSSDirect v0.5.1
  [2a0f44e3] + Base64 
  [ade2ca70] + Dates 
  [8ba89e20] + Distributed 
  [b77e0a4c] + InteractiveUtils 
  [76f85450] + LibGit2 
  [8f399da3] + Libdl 
  [37e2e46d] + LinearAlgebra 
  [56ddb016] + Logging 
  [d6f4376e] + Markdown 
  [44cfe95a] + Pkg 
  [de0858da] + Printf 
  [3fa0cd96] + REPL 
  [9a3f8284] + Random 
  [ea8e919c] + SHA 
  [9e88b42a] + Serialization 
  [6462fe0b] + Sockets 
  [2f01184e] + SparseArrays 
  [8dfed614] + Test 
  [cf7118a7] + UUIDs 
  [4ec0a83e] + Unicode 
  Building OpenDSSDirect → `~/.julia/packages/OpenDSSDirect/wldy1/deps/build.log`
   Testing OpenDSSDirect
    Status `/tmp/tmpq8AIci/Manifest.toml`
  [ffbed154] DocStringExtensions v0.8.1
  [a8b11937] OpenDSSDirect v0.5.1
  [2a0f44e3] Base64  [`@stdlib/Base64`]
  [ade2ca70] Dates  [`@stdlib/Dates`]
  [8ba89e20] Distributed  [`@stdlib/Distributed`]
  [b77e0a4c] InteractiveUtils  [`@stdlib/InteractiveUtils`]
  [76f85450] LibGit2  [`@stdlib/LibGit2`]
  [8f399da3] Libdl  [`@stdlib/Libdl`]
  [37e2e46d] LinearAlgebra  [`@stdlib/LinearAlgebra`]
  [56ddb016] Logging  [`@stdlib/Logging`]
  [d6f4376e] Markdown  [`@stdlib/Markdown`]
  [44cfe95a] Pkg  [`@stdlib/Pkg`]
  [de0858da] Printf  [`@stdlib/Printf`]
  [3fa0cd96] REPL  [`@stdlib/REPL`]
  [9a3f8284] Random  [`@stdlib/Random`]
  [ea8e919c] SHA  [`@stdlib/SHA`]
  [9e88b42a] Serialization  [`@stdlib/Serialization`]
  [6462fe0b] Sockets  [`@stdlib/Sockets`]
  [2f01184e] SparseArrays  [`@stdlib/SparseArrays`]
  [8dfed614] Test  [`@stdlib/Test`]
  [cf7118a7] UUIDs  [`@stdlib/UUIDs`]
  [4ec0a83e] Unicode  [`@stdlib/Unicode`]
howclose(v₁, v₂) = 0.05737317405180584
Test Summary: | Pass  Broken  Total
lowlevel      |    2       1      3
Test Summary: | Pass  Total
basicsX       |    2      2
Test Summary: | Pass  Total
basicsY       |    3      3
Test Summary: | Pass  Total
ActiveClass   |   23     23
Test Summary: | Pass  Total
Bus           |   34     34
Test Summary: | Pass  Total
Capacitors    |   33     33
Test Summary: | Pass  Total
CapControls   |   45     45
Test Summary: | Pass  Total
Circuit       |   38     38
Test Summary: | Pass  Broken  Total
CktElement    |   46       1     47
Test Summary: | Pass  Total
Element       |    3      3
Test Summary: | Pass  Total
Error         |    2      2
Test Summary: | Pass  Total
Executive     |    7      7
Test Summary: | Pass  Total
Fuses         |   54     54
Test Summary: | Pass  Total
Generators    |   33     33
Test Summary: | Pass  Broken  Total
Isource       |   13       1     14
Test Summary: | Pass  Total
Lines         | 3757   3757
Test Summary: | Pass  Total
LineCodes     |  108    108
Test Summary: | Pass  Total
Loads         | 1260   1260
Test Summary: | Pass  Total
LoadShape     |   33     33
Test Summary: | Pass  Total
Meters        |   60     60
Test Summary: | Pass  Total
Monitors      |   32     32
Test Summary: | Pass  Broken  Total
PDElements    | 4918       1   4919
Test Summary: | Pass  Total
Properties    |   14     14
Test Summary: | Pass  Total
PVsystems     |   17     17
Test Summary: | Pass  Total
Reclosers     |   35     35
Test Summary: | Pass  Total
RegControls   |   62     62
Test Summary: | Pass  Total
Relays        |   19     19
Test Summary: | Pass  Total
Settings      |   35     35
Test Summary: | Pass  Total
Solution      |   84     84
Test Summary: | Pass  Broken  Total
Topology      | 4913       1   4914
Test Summary: | Pass  Total
Transformers  | 1230   1230
Test Summary: | Pass  Total
Vsources      |   19     19
Test Summary: | Pass  Total
XYCurves      |   27     27
Test Summary: | Pass  Total
YMatrix       |    8      8
Timing 8760.jl
┌ Warning: Result of running OpenDSS Command "    closeDI" is: SystemMeter.CSV
└ @ OpenDSSDirect.Text ~/.julia/packages/OpenDSSDirect/wldy1/src/text.jl:29
141.639839 seconds (722.78 k allocations: 35.152 MiB)
141.653400 seconds (724.08 k allocations: 35.226 MiB)
Timing custom_8760.jl
  0.447699 seconds (44 allocations: 2.344 KiB)
 73.575453 seconds (31.97 k allocations: 1.692 MiB)
 74.334396 seconds (43.03 k allocations: 2.096 MiB)
  1.998032 seconds (14.23 k allocations: 783.852 KiB)
  1.668591 seconds (14.22 k allocations: 783.537 KiB)
  % Total    % Received % Xferd  Average Speed   Time    Time     Time  Current
                                 Dload  Upload   Total   Spent    Left  Speed
  0     0    0     0    0     0      0      0 --:--:-- --:--:-- --:--:--     0100   138    0   138    0     0    575      0 --:--:-- --:--:-- --:--:--   575
  0     0    0     0    0     0      0      0 --:--:-- --:--:-- --:--:--     0100 1436k    0 1436k    0     0   901k      0 --:--:--  0:00:01 --:--:-- 1440k100 3234k    0 3234k    0     0  1245k      0 --:--:--  0:00:02 --:--:-- 1617k100 4337k    0 4337k    0     0  1202k      0 --:--:--  0:00:03 --:--:-- 1442k100 5585k    0 5585k    0     0  1212k      0 --:--:--  0:00:04 --:--:-- 1392k100 6672k    0 6672k    0     0  1189k      0 --:--:--  0:00:05 --:--:-- 1331k100 7744k    0 7744k    0     0  1176k      0 --:--:--  0:00:06 --:--:-- 1263k100 8926k    0 8926k    0     0  1175k      0 --:--:--  0:00:07 --:--:-- 1139k100  9.9M    0  9.9M    0     0  1185k      0 --:--:--  0:00:08 --:--:-- 1171k100 11.2M    0 11.2M    0     0  1193k      0 --:--:--  0:00:09 --:--:-- 1176k100 12.4M    0 12.4M    0     0  1206k      0 --:--:--  0:00:10 --:--:-- 1226k100 13.9M    0 13.9M    0     0  1226k      0 --:--:--  0:00:11 --:--:-- 1291k100 15.3M    0 15.3M    0     0  1247k      0 --:--:--  0:00:12 --:--:-- 1357k100 16.2M    0 16.2M    0     0  1267k      0 --:--:--  0:00:13 --:--:-- 1422k
Test Summary: | Pass  Total
Examples      |    4      4
   Testing OpenDSSDirect tests passed 
