 Resolving package versions...
 Installed InvertedIndices ───────────── v1.0.0
 Installed RecipesBase ───────────────── v0.7.0
 Installed Blosc ─────────────────────── v0.5.1
 Installed Parsers ───────────────────── v0.3.10
 Installed IteratorInterfaceExtensions ─ v1.0.0
 Installed Arpack ────────────────────── v0.3.1
 Installed ExoplanetsSysSim ──────────── v1.0.1
 Installed BinaryProvider ────────────── v0.5.8
 Installed Reexport ──────────────────── v0.2.0
 Installed LegacyStrings ─────────────── v0.4.1
 Installed MacroTools ────────────────── v0.5.2
 Installed DataStructures ────────────── v0.17.6
 Installed FilePathsBase ─────────────── v0.7.0
 Installed SpecialFunctions ──────────── v0.8.0
 Installed Polynomials ───────────────── v0.6.0
 Installed BinDeps ───────────────────── v0.8.10
 Installed DataValueInterfaces ───────── v1.0.0
 Installed DataAPI ───────────────────── v1.1.0
 Installed PDMats ────────────────────── v0.9.10
 Installed JSON ──────────────────────── v0.21.0
 Installed HDF5 ──────────────────────── v0.12.5
 Installed LazyArrays ────────────────── v0.14.8
 Installed Distributions ─────────────── v0.21.8
 Installed URIParser ─────────────────── v0.4.0
 Installed StaticArrays ──────────────── v0.12.1
 Installed Roots ─────────────────────── v0.8.3
 Installed ArrayLayouts ──────────────── v0.1.5
 Installed JLD ───────────────────────── v0.9.1
 Installed SortingAlgorithms ─────────── v0.3.1
 Installed FileIO ────────────────────── v1.0.7
 Installed DataFrames ────────────────── v0.19.4
 Installed StatsBase ─────────────────── v0.32.0
 Installed FillArrays ────────────────── v0.8.2
 Installed WeakRefStrings ────────────── v0.6.1
 Installed Missings ──────────────────── v0.4.3
 Installed OrderedCollections ────────── v1.1.0
 Installed PooledArrays ──────────────── v0.5.2
 Installed CORBITS ───────────────────── v1.0.1
 Installed TableTraits ───────────────── v1.0.0
 Installed CategoricalArrays ─────────── v0.7.3
 Installed Combinatorics ─────────────── v0.7.0
 Installed CodecZlib ─────────────────── v0.6.0
 Installed Rmath ─────────────────────── v0.5.1
 Installed JLD2 ──────────────────────── v0.1.8
 Installed CMakeWrapper ──────────────── v0.2.3
 Installed QuadGK ────────────────────── v2.1.1
 Installed Parameters ────────────────── v0.12.0
 Installed HypothesisTests ───────────── v0.8.0
 Installed Tables ────────────────────── v0.2.11
 Installed CMake ─────────────────────── v1.1.2
 Installed StatsFuns ─────────────────── v0.9.0
 Installed Compat ────────────────────── v2.2.0
 Installed TranscodingStreams ────────── v0.9.5
 Installed CSV ───────────────────────── v0.5.18
  Updating `~/.julia/environments/v1.0/Project.toml`
  [e0ba718c] + ExoplanetsSysSim v1.0.1
  Updating `~/.julia/environments/v1.0/Manifest.toml`
  [7d9fca2a] + Arpack v0.3.1
  [4c555306] + ArrayLayouts v0.1.5
  [9e28174c] + BinDeps v0.8.10
  [b99e7846] + BinaryProvider v0.5.8
  [a74b3585] + Blosc v0.5.1
  [631607c0] + CMake v1.1.2
  [d5fb7624] + CMakeWrapper v0.2.3
  [19bfd68b] + CORBITS v1.0.1
  [336ed68f] + CSV v0.5.18
  [324d7699] + CategoricalArrays v0.7.3
  [944b1d66] + CodecZlib v0.6.0
  [861a8166] + Combinatorics v0.7.0
  [34da2185] + Compat v2.2.0
  [9a962f9c] + DataAPI v1.1.0
  [a93c6f00] + DataFrames v0.19.4
  [864edb3b] + DataStructures v0.17.6
  [e2d170a0] + DataValueInterfaces v1.0.0
  [31c24e10] + Distributions v0.21.8
  [e0ba718c] + ExoplanetsSysSim v1.0.1
  [5789e2e9] + FileIO v1.0.7
  [48062228] + FilePathsBase v0.7.0
  [1a297f60] + FillArrays v0.8.2
  [f67ccb44] + HDF5 v0.12.5
  [09f84164] + HypothesisTests v0.8.0
  [41ab1584] + InvertedIndices v1.0.0
  [82899510] + IteratorInterfaceExtensions v1.0.0
  [4138dd39] + JLD v0.9.1
  [033835bb] + JLD2 v0.1.8
  [682c06a0] + JSON v0.21.0
  [5078a376] + LazyArrays v0.14.8
  [1b4a561d] + LegacyStrings v0.4.1
  [1914dd2f] + MacroTools v0.5.2
  [e1d29d7a] + Missings v0.4.3
  [bac558e1] + OrderedCollections v1.1.0
  [90014a1f] + PDMats v0.9.10
  [d96e819e] + Parameters v0.12.0
  [69de0a69] + Parsers v0.3.10
  [f27b6e38] + Polynomials v0.6.0
  [2dfb63ee] + PooledArrays v0.5.2
  [1fd47b50] + QuadGK v2.1.1
  [3cdcf5f2] + RecipesBase v0.7.0
  [189a3867] + Reexport v0.2.0
  [79098fc4] + Rmath v0.5.1
  [f2b01f46] + Roots v0.8.3
  [a2af1166] + SortingAlgorithms v0.3.1
  [276daf66] + SpecialFunctions v0.8.0
  [90137ffa] + StaticArrays v0.12.1
  [2913bbd2] + StatsBase v0.32.0
  [4c63d2b9] + StatsFuns v0.9.0
  [3783bdb8] + TableTraits v1.0.0
  [bd369af6] + Tables v0.2.11
  [3bb67fe8] + TranscodingStreams v0.9.5
  [30578b45] + URIParser v0.4.0
  [ea10d353] + WeakRefStrings v0.6.1
  [2a0f44e3] + Base64 
  [ade2ca70] + Dates 
  [8bb1440f] + DelimitedFiles 
  [8ba89e20] + Distributed 
  [9fa8497b] + Future 
  [b77e0a4c] + InteractiveUtils 
  [76f85450] + LibGit2 
  [8f399da3] + Libdl 
  [37e2e46d] + LinearAlgebra 
  [56ddb016] + Logging 
  [d6f4376e] + Markdown 
  [a63ad114] + Mmap 
  [44cfe95a] + Pkg 
  [de0858da] + Printf 
  [9abbd945] + Profile 
  [3fa0cd96] + REPL 
  [9a3f8284] + Random 
  [ea8e919c] + SHA 
  [9e88b42a] + Serialization 
  [1a1011a3] + SharedArrays 
  [6462fe0b] + Sockets 
  [2f01184e] + SparseArrays 
  [10745b16] + Statistics 
  [4607b0f0] + SuiteSparse 
  [8dfed614] + Test 
  [cf7118a7] + UUIDs 
  [4ec0a83e] + Unicode 
  Building Arpack ──────────→ `~/.julia/packages/Arpack/cu5By/deps/build.log`
  Building SpecialFunctions → `~/.julia/packages/SpecialFunctions/ne2iw/deps/build.log`
  Building Rmath ───────────→ `~/.julia/packages/Rmath/4wt82/deps/build.log`
  Building CMake ───────────→ `~/.julia/packages/CMake/nSK2r/deps/build.log`
  Building Blosc ───────────→ `~/.julia/packages/Blosc/lzFr0/deps/build.log`
  Building HDF5 ────────────→ `~/.julia/packages/HDF5/Zh9on/deps/build.log`
  Building CORBITS ─────────→ `~/.julia/packages/CORBITS/2Gbsd/deps/build.log`
  Building CodecZlib ───────→ `~/.julia/packages/CodecZlib/5t9zO/deps/build.log`
┌ Error: Error building `CORBITS`: 
│ g++ -c -fPIC -Wall -O2 -I lib -I data -I stat lib/math_misc.cpp -o lib/math_misc.o
│ g++ -c -fPIC -Wall -O2 -I lib -I data -I stat lib/point3D.cpp -o lib/point3D.o
│ g++ -c -fPIC -Wall -O2 -I lib -I data -I stat lib/transit.cpp -o lib/transit.o
│ g++ -c -fPIC -Wall -O2 -I lib -I data -I stat lib/occultations.cpp -o lib/occultations.o
│ g++ -c -fPIC -Wall -O2 -I lib -I data -I stat lib/c_interface.cpp -o lib/c_interface.o
│ g++ -c -fPIC -Wall -O2 -I lib -I data -I stat data/koi_input.cpp -o data/koi_input.o
│ g++ -c -fPIC -Wall -O2 -I lib -I data -I stat stat/stat_dist.cpp -o stat/stat_dist.o
│ g++ -shared -olibcorbits.so lib/math_misc.o lib/point3D.o lib/transit.o lib/occultations.o lib/c_interface.o data/koi_input.o stat/stat_dist.o
│ g++ -c -fPIC -Wall -O2 -I lib -I data -I stat base/corbits.cpp -o base/corbits.o
│ g++ -Wall -O2 -I lib -I data -I stat lib/math_misc.o lib/point3D.o lib/transit.o lib/occultations.o lib/c_interface.o data/koi_input.o stat/stat_dist.o base/corbits.o -o base/corbits
│ g++ -c -fPIC -Wall -O2 -I lib -I data -I stat examples/kepler-11/Kepler-11.cpp -o examples/kepler-11/Kepler-11.o
│ examples/kepler-11/Kepler-11.cpp: In function 'void read_input()':
│ examples/kepler-11/Kepler-11.cpp:27:12: warning: ignoring return value of 'int fscanf(FILE*, const char*, ...)', declared with attribute warn_unused_result [-Wunused-result]
│      fscanf (fin, "%d", &n_planets);
│      ~~~~~~~^~~~~~~~~~~~~~~~~~~~~~~
│ examples/kepler-11/Kepler-11.cpp:32:16: warning: ignoring return value of 'int fscanf(FILE*, const char*, ...)', declared with attribute warn_unused_result [-Wunused-result]
│          fscanf (fin, "%s %d", s, &use[i]);
│          ~~~~~~~^~~~~~~~~~~~~~~~~~~~~~~~~~
│ g++ -Wall -O2 -I lib -I data -I stat lib/math_misc.o lib/point3D.o lib/transit.o lib/occultations.o lib/c_interface.o data/koi_input.o stat/stat_dist.o examples/kepler-11/Kepler-11.o -o examples/kepler-11/kepler-11
│ g++ -c -fPIC -Wall -O2 -I lib -I data -I stat examples/period-dist/period_dist.cpp -o examples/period-dist/period_dist.o
│ examples/period-dist/period_dist.cpp: In function 'void print_results()':
│ examples/period-dist/period_dist.cpp:312:65: warning: format '%d' expects argument of type 'int', but argument 3 has type 'std::vector<pdf>::size_type {aka long unsigned int}' [-Wformat=]
│      fprintf (stderr, "Number of pairs of KOIs: %d\n", PDF.size());
│                                                        ~~~~~~~~~~^
│ g++ -Wall -O2 -I lib -I data -I stat lib/math_misc.o lib/point3D.o lib/transit.o lib/occultations.o lib/c_interface.o data/koi_input.o stat/stat_dist.o examples/period-dist/period_dist.o -o examples/period-dist/period-dist
│ g++ -c -fPIC -Wall -O2 -I lib -I data -I stat examples/mhs-dist/mhs_dist.cpp -o examples/mhs-dist/mhs_dist.o
│ examples/mhs-dist/mhs_dist.cpp: In function 'void print_results()':
│ examples/mhs-dist/mhs_dist.cpp:256:63: warning: format '%d' expects argument of type 'int', but argument 3 has type 'std::vector<pdf>::size_type {aka long unsigned int}' [-Wformat=]
│    fprintf (stderr, "Number of pairs of KOIs: %d\n", PDF.size());
│                                                      ~~~~~~~~~~^
│ g++ -Wall -O2 -I lib -I data -I stat lib/math_misc.o lib/point3D.o lib/transit.o lib/occultations.o lib/c_interface.o data/koi_input.o stat/stat_dist.o examples/mhs-dist/mhs_dist.o -o examples/mhs-dist/mhs-dist
│ g++ -c -fPIC -Wall -O2 -I lib -I data -I stat examples/solar-system/solsys.cpp -o examples/solar-system/solsys.o
│ g++ -Wall -O2 -I lib -I data -I stat lib/math_misc.o lib/point3D.o lib/transit.o lib/occultations.o lib/c_interface.o data/koi_input.o stat/stat_dist.o examples/solar-system/solsys.o -o examples/solar-system/solar-system
│ g++ -c -fPIC -Wall -O2 -I lib -I data -I stat examples/case-trans/case_trans.cpp -o examples/case-trans/case_trans.o
│ g++ -Wall -O2 -I lib -I data -I stat lib/math_misc.o lib/point3D.o lib/transit.o lib/occultations.o lib/c_interface.o data/koi_input.o stat/stat_dist.o examples/case-trans/case_trans.o -o examples/case-trans/case-trans
│ g++ -c -fPIC -Wall -O2 -I lib -I data -I stat examples/koi-table/koi_table.cpp -o examples/koi-table/koi_table.o
│ g++ -Wall -O2 -I lib -I data -I stat lib/math_misc.o lib/point3D.o lib/transit.o lib/occultations.o lib/c_interface.o data/koi_input.o stat/stat_dist.o examples/koi-table/koi_table.o -o examples/koi-table/koi-table
│ data/grab.sh
│ sed: can't read data/koi-data.txt: No such file or directory
│ Makefile:203: recipe for target 'data/koi-data-edit.txt' failed
│ make: *** [data/koi-data-edit.txt] Error 2
│ ERROR: LoadError: failed process: Process(`make`, ProcessExited(2)) [2]
│ Stacktrace:
│  [1] error(::String, ::Base.Process, ::String, ::Int64, ::String) at ./error.jl:42
│  [2] pipeline_error at ./process.jl:705 [inlined]
│  [3] #run#505(::Bool, ::Function, ::Cmd) at ./process.jl:663
│  [4] run(::Cmd) at ./process.jl:661
│  [5] top-level scope at none:0
│  [6] include at ./boot.jl:317 [inlined]
│  [7] include_relative(::Module, ::String) at ./loading.jl:1044
│  [8] include(::Module, ::String) at ./sysimg.jl:29
│  [9] include(::String) at ./client.jl:392
│  [10] top-level scope at none:0
│ in expression starting at /root/.julia/packages/CORBITS/2Gbsd/deps/build.jl:2
└ @ Pkg.Operations /buildworker/worker/package_linux64/build/usr/share/julia/stdlib/v1.0/Pkg/src/Operations.jl:1096
  Building ExoplanetsSysSim → `~/.julia/packages/ExoplanetsSysSim/KrNHq/deps/build.log`
   Testing ExoplanetsSysSim
    Status `/tmp/tmpdwfQau/Manifest.toml`
  [7d9fca2a] Arpack v0.3.1
  [4c555306] ArrayLayouts v0.1.5
  [9e28174c] BinDeps v0.8.10
  [b99e7846] BinaryProvider v0.5.8
  [a74b3585] Blosc v0.5.1
  [631607c0] CMake v1.1.2
  [d5fb7624] CMakeWrapper v0.2.3
  [19bfd68b] CORBITS v1.0.1
  [336ed68f] CSV v0.5.18
  [324d7699] CategoricalArrays v0.7.3
  [944b1d66] CodecZlib v0.6.0
  [861a8166] Combinatorics v0.7.0
  [34da2185] Compat v2.2.0
  [9a962f9c] DataAPI v1.1.0
  [a93c6f00] DataFrames v0.19.4
  [864edb3b] DataStructures v0.17.6
  [e2d170a0] DataValueInterfaces v1.0.0
  [31c24e10] Distributions v0.21.8
  [e0ba718c] ExoplanetsSysSim v1.0.1
  [5789e2e9] FileIO v1.0.7
  [48062228] FilePathsBase v0.7.0
  [1a297f60] FillArrays v0.8.2
  [f67ccb44] HDF5 v0.12.5
  [09f84164] HypothesisTests v0.8.0
  [41ab1584] InvertedIndices v1.0.0
  [82899510] IteratorInterfaceExtensions v1.0.0
  [4138dd39] JLD v0.9.1
  [033835bb] JLD2 v0.1.8
  [682c06a0] JSON v0.21.0
  [5078a376] LazyArrays v0.14.8
  [1b4a561d] LegacyStrings v0.4.1
  [1914dd2f] MacroTools v0.5.2
  [e1d29d7a] Missings v0.4.3
  [bac558e1] OrderedCollections v1.1.0
  [90014a1f] PDMats v0.9.10
  [d96e819e] Parameters v0.12.0
  [69de0a69] Parsers v0.3.10
  [f27b6e38] Polynomials v0.6.0
  [2dfb63ee] PooledArrays v0.5.2
  [1fd47b50] QuadGK v2.1.1
  [3cdcf5f2] RecipesBase v0.7.0
  [189a3867] Reexport v0.2.0
  [79098fc4] Rmath v0.5.1
  [f2b01f46] Roots v0.8.3
  [a2af1166] SortingAlgorithms v0.3.1
  [276daf66] SpecialFunctions v0.8.0
  [90137ffa] StaticArrays v0.12.1
  [2913bbd2] StatsBase v0.32.0
  [4c63d2b9] StatsFuns v0.9.0
  [3783bdb8] TableTraits v1.0.0
  [bd369af6] Tables v0.2.11
  [3bb67fe8] TranscodingStreams v0.9.5
  [30578b45] URIParser v0.4.0
  [ea10d353] WeakRefStrings v0.6.1
  [2a0f44e3] Base64  [`@stdlib/Base64`]
  [ade2ca70] Dates  [`@stdlib/Dates`]
  [8bb1440f] DelimitedFiles  [`@stdlib/DelimitedFiles`]
  [8ba89e20] Distributed  [`@stdlib/Distributed`]
  [9fa8497b] Future  [`@stdlib/Future`]
  [b77e0a4c] InteractiveUtils  [`@stdlib/InteractiveUtils`]
  [76f85450] LibGit2  [`@stdlib/LibGit2`]
  [8f399da3] Libdl  [`@stdlib/Libdl`]
  [37e2e46d] LinearAlgebra  [`@stdlib/LinearAlgebra`]
  [56ddb016] Logging  [`@stdlib/Logging`]
  [d6f4376e] Markdown  [`@stdlib/Markdown`]
  [a63ad114] Mmap  [`@stdlib/Mmap`]
  [44cfe95a] Pkg  [`@stdlib/Pkg`]
  [de0858da] Printf  [`@stdlib/Printf`]
  [9abbd945] Profile  [`@stdlib/Profile`]
  [3fa0cd96] REPL  [`@stdlib/REPL`]
  [9a3f8284] Random  [`@stdlib/Random`]
  [ea8e919c] SHA  [`@stdlib/SHA`]
  [9e88b42a] Serialization  [`@stdlib/Serialization`]
  [1a1011a3] SharedArrays  [`@stdlib/SharedArrays`]
  [6462fe0b] Sockets  [`@stdlib/Sockets`]
  [2f01184e] SparseArrays  [`@stdlib/SparseArrays`]
  [10745b16] Statistics  [`@stdlib/Statistics`]
  [4607b0f0] SuiteSparse  [`@stdlib/SuiteSparse`]
  [8dfed614] Test  [`@stdlib/Test`]
  [cf7118a7] UUIDs  [`@stdlib/UUIDs`]
  [4ec0a83e] Unicode  [`@stdlib/Unicode`]
Error encountered while loading "/root/.julia/packages/ExoplanetsSysSim/KrNHq/src/../data/DR25topwinfuncs.jld2".
Fatal error:
Error During Test at /root/.julia/packages/ExoplanetsSysSim/KrNHq/test/runtests.jl:24
  Test threw exception
  Expression: run_constructor_tests() == 0
  # Failed to read window function data > /root/.julia/packages/ExoplanetsSysSim/KrNHq/src/../data/DR25topwinfuncs.jld2 < in jld2 format.
  Stacktrace:
   [1] error(::String) at ./error.jl:33
   [2] setup(::String) at /root/.julia/packages/ExoplanetsSysSim/KrNHq/src/window_function.jl:76
   [3] #setup#1(::Bool, ::Function, ::SimParam) at /root/.julia/packages/ExoplanetsSysSim/KrNHq/src/window_function.jl:47
   [4] #setup at ./none:0 [inlined]
   [5] #setup_window_function#2 at /root/.julia/packages/ExoplanetsSysSim/KrNHq/src/window_function.jl:83 [inlined]
   [6] setup_window_function at /root/.julia/packages/ExoplanetsSysSim/KrNHq/src/window_function.jl:83 [inlined]
   [7] #setup#1(::Bool, ::Function, ::SimParam) at /root/.julia/packages/ExoplanetsSysSim/KrNHq/src/stellar_table.jl:23
   [8] #setup at ./none:0 [inlined]
   [9] #setup_star_table#11 at /root/.julia/packages/ExoplanetsSysSim/KrNHq/src/stellar_table.jl:73 [inlined]
   [10] setup_star_table at /root/.julia/packages/ExoplanetsSysSim/KrNHq/src/stellar_table.jl:73 [inlined]
   [11] test_target at /root/.julia/packages/ExoplanetsSysSim/KrNHq/src/target.jl:129 [inlined]
   [12] run_constructor_tests() at /root/.julia/packages/ExoplanetsSysSim/KrNHq/test/runtests.jl:17
   [13] top-level scope at none:0
   [14] include at ./boot.jl:317 [inlined]
   [15] include_relative(::Module, ::String) at ./loading.jl:1044
   [16] include(::Module, ::String) at ./sysimg.jl:29
   [17] include(::String) at ./client.jl:392
   [18] top-level scope at none:0
   [19] eval(::Module, ::Any) at ./boot.jl:319
   [20] exec_options(::Base.JLOptions) at ./client.jl:243
   [21] _start() at ./client.jl:425
ERROR: LoadError: There was an error during testing
in expression starting at /root/.julia/packages/ExoplanetsSysSim/KrNHq/test/runtests.jl:24
ERROR: Package ExoplanetsSysSim errored during testing
Stacktrace:
 [1] pkgerror(::String, ::Vararg{String,N} where N) at /buildworker/worker/package_linux64/build/usr/share/julia/stdlib/v1.0/Pkg/src/Types.jl:120
 [2] #test#65(::Bool, ::Function, ::Pkg.Types.Context, ::Array{Pkg.Types.PackageSpec,1}) at /buildworker/worker/package_linux64/build/usr/share/julia/stdlib/v1.0/Pkg/src/Operations.jl:1357
 [3] #test at /buildworker/worker/package_linux64/build/usr/share/julia/stdlib/v1.0/Pkg/src/API.jl:0 [inlined]
 [4] #test#44(::Bool, ::Base.Iterators.Pairs{Union{},Union{},Tuple{},NamedTuple{(),Tuple{}}}, ::Function, ::Pkg.Types.Context, ::Array{Pkg.Types.PackageSpec,1}) at /buildworker/worker/package_linux64/build/usr/share/julia/stdlib/v1.0/Pkg/src/API.jl:278
 [5] test at /buildworker/worker/package_linux64/build/usr/share/julia/stdlib/v1.0/Pkg/src/API.jl:263 [inlined]
 [6] #test#43 at /buildworker/worker/package_linux64/build/usr/share/julia/stdlib/v1.0/Pkg/src/API.jl:260 [inlined]
 [7] test at /buildworker/worker/package_linux64/build/usr/share/julia/stdlib/v1.0/Pkg/src/API.jl:260 [inlined]
 [8] #test#42 at /buildworker/worker/package_linux64/build/usr/share/julia/stdlib/v1.0/Pkg/src/API.jl:259 [inlined]
 [9] test at /buildworker/worker/package_linux64/build/usr/share/julia/stdlib/v1.0/Pkg/src/API.jl:259 [inlined]
 [10] #test#41 at /buildworker/worker/package_linux64/build/usr/share/julia/stdlib/v1.0/Pkg/src/API.jl:258 [inlined]
 [11] test(::String) at /buildworker/worker/package_linux64/build/usr/share/julia/stdlib/v1.0/Pkg/src/API.jl:258
 [12] top-level scope at none:0
