 Resolving package versions...
 Installed Missings ─────────── v0.4.3
 Installed DataAPI ──────────── v1.1.0
 Installed PDMats ───────────── v0.9.10
 Installed StatsFuns ────────── v0.9.0
 Installed BayesianIntegral ─── v0.1.0
 Installed Polynomials ──────── v0.6.0
 Installed BinaryProvider ───── v0.5.8
 Installed StatsBase ────────── v0.32.0
 Installed URIParser ────────── v0.4.0
 Installed Rmath ────────────── v0.5.1
 Installed RecipesBase ──────── v0.7.0
 Installed OrderedCollections ─ v1.1.0
 Installed Combinatorics ────── v0.7.0
 Installed Compat ───────────── v2.2.0
 Installed Distributions ────── v0.21.8
 Installed DataStructures ───── v0.17.6
 Installed SortingAlgorithms ── v0.3.1
 Installed QuadGK ───────────── v2.1.1
 Installed HCubature ────────── v1.4.0
 Installed SpecialFunctions ─── v0.8.0
 Installed BinDeps ──────────── v0.8.10
 Installed StaticArrays ─────── v0.12.1
 Installed Arpack ───────────── v0.3.1
 Installed Sobol ────────────── v1.3.0
  Updating `~/.julia/environments/v1.2/Project.toml`
  [170c7662] + BayesianIntegral v0.1.0
  Updating `~/.julia/environments/v1.2/Manifest.toml`
  [7d9fca2a] + Arpack v0.3.1
  [170c7662] + BayesianIntegral v0.1.0
  [9e28174c] + BinDeps v0.8.10
  [b99e7846] + BinaryProvider v0.5.8
  [861a8166] + Combinatorics v0.7.0
  [34da2185] + Compat v2.2.0
  [9a962f9c] + DataAPI v1.1.0
  [864edb3b] + DataStructures v0.17.6
  [31c24e10] + Distributions v0.21.8
  [19dc6840] + HCubature v1.4.0
  [e1d29d7a] + Missings v0.4.3
  [bac558e1] + OrderedCollections v1.1.0
  [90014a1f] + PDMats v0.9.10
  [f27b6e38] + Polynomials v0.6.0
  [1fd47b50] + QuadGK v2.1.1
  [3cdcf5f2] + RecipesBase v0.7.0
  [79098fc4] + Rmath v0.5.1
  [ed01d8cd] + Sobol v1.3.0
  [a2af1166] + SortingAlgorithms v0.3.1
  [276daf66] + SpecialFunctions v0.8.0
  [90137ffa] + StaticArrays v0.12.1
  [2913bbd2] + StatsBase v0.32.0
  [4c63d2b9] + StatsFuns v0.9.0
  [30578b45] + URIParser v0.4.0
  [2a0f44e3] + Base64 
  [ade2ca70] + Dates 
  [8bb1440f] + DelimitedFiles 
  [8ba89e20] + Distributed 
  [b77e0a4c] + InteractiveUtils 
  [76f85450] + LibGit2 
  [8f399da3] + Libdl 
  [37e2e46d] + LinearAlgebra 
  [56ddb016] + Logging 
  [d6f4376e] + Markdown 
  [a63ad114] + Mmap 
  [44cfe95a] + Pkg 
  [de0858da] + Printf 
  [3fa0cd96] + REPL 
  [9a3f8284] + Random 
  [ea8e919c] + SHA 
  [9e88b42a] + Serialization 
  [1a1011a3] + SharedArrays 
  [6462fe0b] + Sockets 
  [2f01184e] + SparseArrays 
  [10745b16] + Statistics 
  [4607b0f0] + SuiteSparse 
  [8dfed614] + Test 
  [cf7118a7] + UUIDs 
  [4ec0a83e] + Unicode 
  Building Rmath ───────────→ `~/.julia/packages/Rmath/4wt82/deps/build.log`
  Building SpecialFunctions → `~/.julia/packages/SpecialFunctions/ne2iw/deps/build.log`
  Building Arpack ──────────→ `~/.julia/packages/Arpack/cu5By/deps/build.log`
   Testing BayesianIntegral
    Status `/tmp/jl_zTRzRf/Manifest.toml`
  [7d9fca2a] Arpack v0.3.1
  [170c7662] BayesianIntegral v0.1.0
  [9e28174c] BinDeps v0.8.10
  [b99e7846] BinaryProvider v0.5.8
  [861a8166] Combinatorics v0.7.0
  [34da2185] Compat v2.2.0
  [9a962f9c] DataAPI v1.1.0
  [864edb3b] DataStructures v0.17.6
  [31c24e10] Distributions v0.21.8
  [19dc6840] HCubature v1.4.0
  [e1d29d7a] Missings v0.4.3
  [bac558e1] OrderedCollections v1.1.0
  [90014a1f] PDMats v0.9.10
  [f27b6e38] Polynomials v0.6.0
  [1fd47b50] QuadGK v2.1.1
  [3cdcf5f2] RecipesBase v0.7.0
  [79098fc4] Rmath v0.5.1
  [ed01d8cd] Sobol v1.3.0
  [a2af1166] SortingAlgorithms v0.3.1
  [276daf66] SpecialFunctions v0.8.0
  [90137ffa] StaticArrays v0.12.1
  [2913bbd2] StatsBase v0.32.0
  [4c63d2b9] StatsFuns v0.9.0
  [30578b45] URIParser v0.4.0
  [2a0f44e3] Base64  [`@stdlib/Base64`]
  [ade2ca70] Dates  [`@stdlib/Dates`]
  [8bb1440f] DelimitedFiles  [`@stdlib/DelimitedFiles`]
  [8ba89e20] Distributed  [`@stdlib/Distributed`]
  [b77e0a4c] InteractiveUtils  [`@stdlib/InteractiveUtils`]
  [76f85450] LibGit2  [`@stdlib/LibGit2`]
  [8f399da3] Libdl  [`@stdlib/Libdl`]
  [37e2e46d] LinearAlgebra  [`@stdlib/LinearAlgebra`]
  [56ddb016] Logging  [`@stdlib/Logging`]
  [d6f4376e] Markdown  [`@stdlib/Markdown`]
  [a63ad114] Mmap  [`@stdlib/Mmap`]
  [44cfe95a] Pkg  [`@stdlib/Pkg`]
  [de0858da] Printf  [`@stdlib/Printf`]
  [3fa0cd96] REPL  [`@stdlib/REPL`]
  [9a3f8284] Random  [`@stdlib/Random`]
  [ea8e919c] SHA  [`@stdlib/SHA`]
  [9e88b42a] Serialization  [`@stdlib/Serialization`]
  [1a1011a3] SharedArrays  [`@stdlib/SharedArrays`]
  [6462fe0b] Sockets  [`@stdlib/Sockets`]
  [2f01184e] SparseArrays  [`@stdlib/SparseArrays`]
  [10745b16] Statistics  [`@stdlib/Statistics`]
  [4607b0f0] SuiteSparse  [`@stdlib/SuiteSparse`]
  [8dfed614] Test  [`@stdlib/Test`]
  [cf7118a7] UUIDs  [`@stdlib/UUIDs`]
  [4ec0a83e] Unicode  [`@stdlib/Unicode`]
Test Bayes
For 1 dimensions 
    Bayesian    Integral is               10.988054384278016 with error 0.0008239906797939955 and 100 evaluations 
    Calibrated Bayesian Integral is       10.999672260188852 with error 0.00015164933332589836 and 100 evaluations 
    Rprop Calibrated Bayesian Integral is 10.988054384278016 with error 0.0008239906797939955 and 100 evaluations 
    Traditional Integral is               10.996893333775768 with error 7.358647025057508e-11 and 105 evaluations 
    MC          Integral is               10.991489175078817 with error 0.23859887175321892 and 105 evaluations 
        Likelihood was -24.366059565645003 and calibrated is 72.29261864888906 and Rprop calibrated is 72.29261864888906
        weights became 1.0408104272000067 and  [1.3402843046279944] with SGD 
        weights became 1.0 and  [1.0] with RProp 
For 2 dimensions 
    Bayesian    Integral is               9.993685687609101 with error 0.00047715142894555473 and 300 evaluations 
    Calibrated Bayesian Integral is       9.9955652311567 with error 0.0006828091143037396 and 300 evaluations 
    Rprop Calibrated Bayesian Integral is 9.993685687609101 with error 0.00047715142894555473 and 300 evaluations 
    Traditional Integral is               9.999115578260307 with error 1.2435186386484316e-5 and 5015 evaluations 
    MC          Integral is               10.101356113952226 with error 0.04833792547032048 and 5015 evaluations 
        Likelihood was -190.13772499435737 and calibrated is -126.166992464977 and Rprop calibrated is -126.166992464977
        weights became 0.9771377364561963 and  [1.6522674516403864, 1.6254782803564607] with SGD 
        weights became 1.0 and  [1.0, 1.0] with RProp 
1267.685304 seconds (560.45 M allocations: 78.624 GiB, 2.77% gc time)
   Testing BayesianIntegral tests passed 
