 Resolving package versions...
 Installed Tokenize ─────────── v0.5.6
 Installed Compat ───────────── v3.0.0
 Installed OrderedCollections ─ v1.1.0
 Installed CSTParser ────────── v1.0.0
 Installed ResumableFunctions ─ v0.4.2
 Installed DataStructures ───── v0.17.6
 Installed MacroTools ───────── v0.5.1
 Installed SimJulia ─────────── v0.7.0
  Updating `~/.julia/environments/v1.0/Project.toml`
  [428bdadb] + SimJulia v0.7.0
  Updating `~/.julia/environments/v1.0/Manifest.toml`
  [00ebfdb7] + CSTParser v1.0.0
  [34da2185] + Compat v3.0.0
  [864edb3b] + DataStructures v0.17.6
  [1914dd2f] + MacroTools v0.5.1
  [bac558e1] + OrderedCollections v1.1.0
  [c5292f4c] + ResumableFunctions v0.4.2
  [428bdadb] + SimJulia v0.7.0
  [0796e94c] + Tokenize v0.5.6
  [2a0f44e3] + Base64 
  [ade2ca70] + Dates 
  [8bb1440f] + DelimitedFiles 
  [8ba89e20] + Distributed 
  [b77e0a4c] + InteractiveUtils 
  [76f85450] + LibGit2 
  [8f399da3] + Libdl 
  [37e2e46d] + LinearAlgebra 
  [56ddb016] + Logging 
  [d6f4376e] + Markdown 
  [a63ad114] + Mmap 
  [44cfe95a] + Pkg 
  [de0858da] + Printf 
  [3fa0cd96] + REPL 
  [9a3f8284] + Random 
  [ea8e919c] + SHA 
  [9e88b42a] + Serialization 
  [1a1011a3] + SharedArrays 
  [6462fe0b] + Sockets 
  [2f01184e] + SparseArrays 
  [10745b16] + Statistics 
  [8dfed614] + Test 
  [cf7118a7] + UUIDs 
  [4ec0a83e] + Unicode 
   Testing SimJulia
    Status `/tmp/tmpoHGSjS/Manifest.toml`
  [00ebfdb7] CSTParser v1.0.0
  [34da2185] Compat v3.0.0
  [864edb3b] DataStructures v0.17.6
  [1914dd2f] MacroTools v0.5.1
  [bac558e1] OrderedCollections v1.1.0
  [c5292f4c] ResumableFunctions v0.4.2
  [428bdadb] SimJulia v0.7.0
  [0796e94c] Tokenize v0.5.6
  [2a0f44e3] Base64  [`@stdlib/Base64`]
  [ade2ca70] Dates  [`@stdlib/Dates`]
  [8bb1440f] DelimitedFiles  [`@stdlib/DelimitedFiles`]
  [8ba89e20] Distributed  [`@stdlib/Distributed`]
  [b77e0a4c] InteractiveUtils  [`@stdlib/InteractiveUtils`]
  [76f85450] LibGit2  [`@stdlib/LibGit2`]
  [8f399da3] Libdl  [`@stdlib/Libdl`]
  [37e2e46d] LinearAlgebra  [`@stdlib/LinearAlgebra`]
  [56ddb016] Logging  [`@stdlib/Logging`]
  [d6f4376e] Markdown  [`@stdlib/Markdown`]
  [a63ad114] Mmap  [`@stdlib/Mmap`]
  [44cfe95a] Pkg  [`@stdlib/Pkg`]
  [de0858da] Printf  [`@stdlib/Printf`]
  [3fa0cd96] REPL  [`@stdlib/REPL`]
  [9a3f8284] Random  [`@stdlib/Random`]
  [ea8e919c] SHA  [`@stdlib/SHA`]
  [9e88b42a] Serialization  [`@stdlib/Serialization`]
  [1a1011a3] SharedArrays  [`@stdlib/SharedArrays`]
  [6462fe0b] Sockets  [`@stdlib/Sockets`]
  [2f01184e] SparseArrays  [`@stdlib/SparseArrays`]
  [10745b16] Statistics  [`@stdlib/Statistics`]
  [8dfed614] Test  [`@stdlib/Test`]
  [cf7118a7] UUIDs  [`@stdlib/UUIDs`]
  [4ec0a83e] Unicode  [`@stdlib/Unicode`]
WARNING: Compat.Markdown is deprecated, use Markdown instead.
  likely near /root/.julia/packages/MacroTools/ys44U/src/MacroTools.jl:4
WARNING: Compat.Random is deprecated, use Random instead.
  likely near /root/.julia/packages/MacroTools/ys44U/src/MacroTools.jl:35
Event
idle
nothing
scheduled
Hi
I am a callback function running in Simulation
SimJulia.EventProcessed(Event 1) has been thrown!
processed
Hi
SimJulia.EventNotIdle(Event 2) has been thrown!
Hi Event 1 has value Succes
Hi Event 2 has value TestException()
Hi SimJulia.Timeout 3 timed out at 1.0
One of both events is triggered: Dict{AbstractEvent,SimJulia.StateValue}(Event 2=>StateValue(idle, nothing),SimJulia.Timeout 1=>StateValue(processed, nothing))
Both events are triggered: Dict{AbstractEvent,SimJulia.StateValue}(Event 2=>StateValue(processed, nothing),SimJulia.Timeout 1=>StateValue(processed, nothing))
One of both events is triggered: TestException()
Both events are triggered: TestException()
One of both events is triggered: TestException()
One of both events is triggered: Dict{AbstractEvent,SimJulia.StateValue}(SimJulia.Timeout 2=>StateValue(processed, nothing),SimJulia.Timeout 1=>StateValue(processed, nothing))
Hi I timed out at 1.0
SimJulia.EmptySchedule() has been thrown!
Hi I timed out at 4.0
2.0
TestException() has been thrown after 0.0!
Simulation time: 0.0 active_process: nothing
0
1
1
2
3
5
8
13
21
34
TestException() has been thrown
TestException() has been thrown
Process 1 interrupted
TestException() has been thrown
Container{Int64}
0.0, client 1 is waiting
0.0, client 1 is being served
0.0822779579904106, client 2 is waiting
0.5426461285734143, client 1 has been served
0.5426461285734143, client 2 is being served
0.5428340221781414, client 3 is waiting
0.6229163073517968, client 4 is waiting
0.7792660584635395, client 5 is waiting
1.2349602522104703, client 6 is waiting
1.3646920083166216, client 2 has been served
1.3646920083166216, client 6 is being served
1.4550897645369698, client 7 is waiting
1.91448644244659, client 8 is waiting
2.027017526730691, client 6 has been served
2.027017526730691, client 8 is being served
2.404579322990035, client 9 is waiting
2.541291987631343, client 8 has been served
2.541291987631343, client 9 is being served
2.7231544582944465, client 10 is waiting
3.3447643964433986, client 9 has been served
3.3447643964433986, client 10 is being served
4.15697765260687, client 10 has been served
4.15697765260687, client 7 is being served
4.784193467661977, client 7 has been served
4.784193467661977, client 5 is being served
5.294290471188951, client 5 has been served
5.294290471188951, client 4 is being served
5.491404116590534, client 4 has been served
5.491404116590534, client 3 is being served
6.156726478610036, client 3 has been served
0.0, consumer is demanding 2.654223909488587
0.0, producer is offering 1.1368030706657257
0.6360028342380595, consumer is being served, level is 2.345776090511413
0.8235271594681914, producer is being served, level is 3.4825791611771386
1.4137863668366621, consumer is demanding 2.1100872442759258
1.520877106229323, consumer is being served, level is 1.3724919169012129
3.161732672319302, consumer is demanding 2.5908623483061124
3.7283916365778187, consumer has timed out
3.7283916365778187, consumer is demanding 0.28946409520638716
3.899730785587381, consumer is being served, level is 1.0830278216948257
4.167162209054734, producer is offering 0.7530022752893339
4.500847039174527, producer is being served, level is 1.8360300969841596
5.041327096695465, consumer is demanding 2.6337562315412058
6.282899140291551, producer is offering 0.6322065706369351
6.559423701616595, consumer has timed out
6.559423701616595, consumer is demanding 2.893173922571695
6.937803972656993, producer is being served, level is 2.4682366676210945
7.284044813363118, consumer has timed out
7.284044813363118, consumer is demanding 0.9173518984678741
7.682245282957946, consumer is being served, level is 1.5508847691532204
11.506974382688796, producer is offering 0.2910913409336744
11.874470763498604, producer is being served, level is 1.8419761100868948
12.05272699845496, consumer is demanding 0.2000984630223661
12.329418342679189, consumer is being served, level is 1.6418776470645287
12.986667024882356, producer is offering 0.16168636080105925
13.41480711419013, producer is being served, level is 1.803564007865588
14.749511636318825, producer is offering 0.22983691331920264
14.777720370070826, producer is being served, level is 2.0334009211847905
15.26859314153133, producer is offering 0.2771645159313274
16.19290310954071, producer is being served, level is 2.310565437116118
16.963711387933664, consumer is demanding 1.7122857296200389
17.29434122071899, consumer is being served, level is 0.5982797074960791
18.97075089850768, producer is offering 1.0554083435260773
19.075591268279947, consumer is demanding 0.24192073602688624
19.116171885966423, producer is being served, level is 1.6536880510221563
19.720381129987324, consumer is being served, level is 1.41176731499527
20.70872560729549, producer is offering 0.8744371309800458
20.985075453575128, producer is being served, level is 2.286204445975316
24.6455470207882, producer is offering 0.9617476560222147
24.79848492633695, producer is being served, level is 3.2479521019975306
0.0, producer is offering object 1
0.0, producer is being served
0.16424500366968875, consumer is demanding object
0.16424500366968875, consumer is being served with object 1
0.8397403597464899, consumer is demanding object
1.000073626607172, producer is offering object 2
1.000073626607172, producer is being served
1.000073626607172, consumer is being served with object 2
1.626550844361338, consumer is demanding object
2.2103235408699136, producer is offering object 3
2.2103235408699136, producer is being served
2.2103235408699136, consumer is being served with object 3
2.2158803686971513, consumer is demanding object
3.4344611641878755, producer is offering object 4
3.4344611641878755, producer is being served
3.4344611641878755, consumer is being served with object 4
3.507341530765838, consumer is demanding object
4.470286690467205, producer is offering object 5
4.470286690467205, producer is being served
4.470286690467205, consumer is being served with object 5
5.069521911417546, producer is offering object 6
5.069521911417546, producer is being served
5.43375182457976, consumer is demanding object
5.43375182457976, consumer is being served with object 6
6.367214008332452, consumer is demanding object
6.653391842645494, producer is offering object 7
6.653391842645494, producer is being served
6.653391842645494, consumer is being served with object 7
6.965159224668498, consumer is demanding object
8.334723436355628, producer is offering object 8
8.334723436355628, producer is being served
8.334723436355628, consumer is being served with object 8
8.762537060078435, consumer is demanding object
9.073929127648077, producer is offering object 9
9.073929127648077, producer is being served
9.073929127648077, consumer is being served with object 9
9.125786144238226, consumer is demanding object
10.130607133146624, producer is offering object 10
10.130607133146624, producer is being served
10.130607133146624, consumer is being served with object 10
2019-11-23T18:32:17.846
2019-11-25T18:32:17.846
2020-02-23T18:32:17.846
   Testing SimJulia tests passed 
