 Resolving package versions...
 Installed Compat ───────────── v3.0.0
 Installed Tokenize ─────────── v0.5.6
 Installed CSTParser ────────── v1.0.0
 Installed DataStructures ───── v0.17.6
 Installed OrderedCollections ─ v1.1.0
 Installed MacroTools ───────── v0.5.1
 Installed ResumableFunctions ─ v0.5.1
 Installed SimJulia ─────────── v0.8.0
  Updating `~/.julia/environments/v1.2/Project.toml`
  [428bdadb] + SimJulia v0.8.0
  Updating `~/.julia/environments/v1.2/Manifest.toml`
  [00ebfdb7] + CSTParser v1.0.0
  [34da2185] + Compat v3.0.0
  [864edb3b] + DataStructures v0.17.6
  [1914dd2f] + MacroTools v0.5.1
  [bac558e1] + OrderedCollections v1.1.0
  [c5292f4c] + ResumableFunctions v0.5.1
  [428bdadb] + SimJulia v0.8.0
  [0796e94c] + Tokenize v0.5.6
  [2a0f44e3] + Base64 
  [ade2ca70] + Dates 
  [8bb1440f] + DelimitedFiles 
  [8ba89e20] + Distributed 
  [b77e0a4c] + InteractiveUtils 
  [76f85450] + LibGit2 
  [8f399da3] + Libdl 
  [37e2e46d] + LinearAlgebra 
  [56ddb016] + Logging 
  [d6f4376e] + Markdown 
  [a63ad114] + Mmap 
  [44cfe95a] + Pkg 
  [de0858da] + Printf 
  [3fa0cd96] + REPL 
  [9a3f8284] + Random 
  [ea8e919c] + SHA 
  [9e88b42a] + Serialization 
  [1a1011a3] + SharedArrays 
  [6462fe0b] + Sockets 
  [2f01184e] + SparseArrays 
  [10745b16] + Statistics 
  [8dfed614] + Test 
  [cf7118a7] + UUIDs 
  [4ec0a83e] + Unicode 
   Testing SimJulia
 Resolving package versions...
    Status `/tmp/jl_dqykp5/Manifest.toml`
  [00ebfdb7] CSTParser v1.0.0
  [34da2185] Compat v3.0.0
  [864edb3b] DataStructures v0.17.6
  [1914dd2f] MacroTools v0.5.1
  [bac558e1] OrderedCollections v1.1.0
  [c5292f4c] ResumableFunctions v0.5.1
  [428bdadb] SimJulia v0.8.0
  [0796e94c] Tokenize v0.5.6
  [2a0f44e3] Base64  [`@stdlib/Base64`]
  [ade2ca70] Dates  [`@stdlib/Dates`]
  [8bb1440f] DelimitedFiles  [`@stdlib/DelimitedFiles`]
  [8ba89e20] Distributed  [`@stdlib/Distributed`]
  [b77e0a4c] InteractiveUtils  [`@stdlib/InteractiveUtils`]
  [76f85450] LibGit2  [`@stdlib/LibGit2`]
  [8f399da3] Libdl  [`@stdlib/Libdl`]
  [37e2e46d] LinearAlgebra  [`@stdlib/LinearAlgebra`]
  [56ddb016] Logging  [`@stdlib/Logging`]
  [d6f4376e] Markdown  [`@stdlib/Markdown`]
  [a63ad114] Mmap  [`@stdlib/Mmap`]
  [44cfe95a] Pkg  [`@stdlib/Pkg`]
  [de0858da] Printf  [`@stdlib/Printf`]
  [3fa0cd96] REPL  [`@stdlib/REPL`]
  [9a3f8284] Random  [`@stdlib/Random`]
  [ea8e919c] SHA  [`@stdlib/SHA`]
  [9e88b42a] Serialization  [`@stdlib/Serialization`]
  [1a1011a3] SharedArrays  [`@stdlib/SharedArrays`]
  [6462fe0b] Sockets  [`@stdlib/Sockets`]
  [2f01184e] SparseArrays  [`@stdlib/SparseArrays`]
  [10745b16] Statistics  [`@stdlib/Statistics`]
  [8dfed614] Test  [`@stdlib/Test`]
  [cf7118a7] UUIDs  [`@stdlib/UUIDs`]
  [4ec0a83e] Unicode  [`@stdlib/Unicode`]
WARNING: Compat.Markdown is deprecated, use Markdown instead.
  likely near /root/.julia/packages/MacroTools/ys44U/src/MacroTools.jl:4
WARNING: Compat.Random is deprecated, use Random instead.
  likely near /root/.julia/packages/MacroTools/ys44U/src/MacroTools.jl:35
Event
idle
nothing
scheduled
Hi
I am a callback function running in Simulation
SimJulia.EventProcessed(Event 1) has been thrown!
processed
Hi
SimJulia.EventNotIdle(Event 2) has been thrown!
Hi Event 1 has value Succes
Hi Event 2 has value TestException()
Hi SimJulia.Timeout 3 timed out at 1.0
One of both events is triggered: Dict{AbstractEvent,SimJulia.StateValue}(SimJulia.Timeout 1 => SimJulia.StateValue(SimJulia.processed, nothing),Event 2 => SimJulia.StateValue(SimJulia.idle, nothing))
Both events are triggered: Dict{AbstractEvent,SimJulia.StateValue}(SimJulia.Timeout 1 => SimJulia.StateValue(SimJulia.processed, nothing),Event 2 => SimJulia.StateValue(SimJulia.processed, nothing))
One of both events is triggered: TestException()
Both events are triggered: TestException()
One of both events is triggered: TestException()
One of both events is triggered: Dict{AbstractEvent,SimJulia.StateValue}(SimJulia.Timeout 1 => SimJulia.StateValue(SimJulia.processed, nothing),SimJulia.Timeout 2 => SimJulia.StateValue(SimJulia.processed, nothing))
Hi I timed out at 1.0
SimJulia.EmptySchedule() has been thrown!
Hi I timed out at 4.0
2.0
TestException() has been thrown after 0.0!
Simulation time: 0.0 active_process: nothing
0
1
1
2
3
5
8
13
21
34
TestException() has been thrown
TestException() has been thrown
Process 1 interrupted
TestException() has been thrown
Container{Int64}
0.0, client 1 is waiting
0.0, client 1 is being served
0.3409254568361919, client 1 has been served
0.4499092392663405, client 2 is waiting
0.4499092392663405, client 2 is being served
0.6247111195821071, client 3 is waiting
0.7916665797883611, client 4 is waiting
0.9572992115519876, client 5 is waiting
1.105785486308927, client 2 has been served
1.105785486308927, client 5 is being served
1.2343448212706152, client 6 is waiting
1.2602081774037015, client 7 is waiting
1.7567371975110435, client 8 is waiting
1.839105154812196, client 9 is waiting
1.8839458631539676, client 10 is waiting
1.9476361896308805, client 5 has been served
1.9476361896308805, client 10 is being served
1.9786477361088817, client 10 has been served
1.9786477361088817, client 9 is being served
2.2088572654323353, client 9 has been served
2.2088572654323353, client 8 is being served
2.9578040235530456, client 8 has been served
2.9578040235530456, client 7 is being served
3.693126003821911, client 7 has been served
3.693126003821911, client 6 is being served
4.669539478958739, client 6 has been served
4.669539478958739, client 4 is being served
5.554429720094689, client 4 has been served
5.554429720094689, client 3 is being served
6.515055366810994, client 3 has been served
0.0, consumer is demanding 2.1179160668492667
0.0, producer is offering 1.4758669053570426
0.40096021078243416, consumer is being served, level is 2.8820839331507333
0.6547457048992082, producer is being served, level is 4.357950838507776
3.2990297050280373, consumer is demanding 0.2713388536206889
3.6231518912452865, consumer is being served, level is 4.086611984887087
4.967465438129089, producer is offering 0.35447025882341165
5.418100921548232, producer is being served, level is 4.441082243710499
7.992559201753467, producer is offering 0.33756646181097816
8.384700683755486, consumer is demanding 2.9481527402263032
8.485542340817531, producer is being served, level is 4.778648705521476
8.594509733549778, consumer is being served, level is 1.830495965295173
11.582852485492054, consumer is demanding 0.6355210188847473
12.178249796969789, consumer is being served, level is 1.1949749464104258
13.152525778065787, producer is offering 1.2042855477901813
13.309529696573701, producer is being served, level is 2.399260494200607
16.368052558101013, consumer is demanding 1.9170426503769162
17.022654987270695, consumer is being served, level is 0.4822178438236908
17.213322347614053, producer is offering 1.8267114564640496
17.26447599528229, producer is being served, level is 2.3089293002877405
18.7151532981402, producer is offering 0.9028442533970793
19.452561852827657, producer is being served, level is 3.2117735536848198
19.589247145117668, consumer is demanding 0.014338169276481905
20.427644043858315, consumer is being served, level is 3.1974353844083376
24.169008954403882, producer is offering 1.0651623035291449
24.27741321660863, consumer is demanding 2.128052244268482
25.06725861455428, producer is being served, level is 4.2625976879374825
25.132231233268122, consumer is being served, level is 2.1345454436690003
26.24401512007007, consumer is demanding 2.2572811434338975
26.508520575312676, producer is offering 0.2669678693110935
26.761842486505554, producer is being served, level is 2.401513312980094
27.168963028973824, consumer is being served, level is 0.14423216954619633
28.480246284603222, producer is offering 1.7922414512163427
29.401490462247846, producer is being served, level is 1.936473620762539
29.476328668632068, producer is offering 0.3012688670157724
29.498176799562874, producer is being served, level is 2.2377424877783114
30.88534373211835, consumer is demanding 2.5743374696983876
31.68240365222769, consumer has timed out
31.68240365222769, consumer is demanding 1.741018474159419
31.777749773111886, consumer is being served, level is 0.4967240136188924
0.0, producer is offering object 1
0.0, producer is being served
0.28690959466679233, producer is offering object 2
0.28690959466679233, producer is being served
0.8952430865209409, consumer is demanding object
0.8952430865209409, consumer is being served with object 1
0.9605610792768484, producer is offering object 3
0.9605610792768484, producer is being served
1.7160440014359772, consumer is demanding object
1.7160440014359772, consumer is being served with object 3
2.0916436013354147, producer is offering object 4
2.0916436013354147, producer is being served
2.0983597229763222, consumer is demanding object
2.0983597229763222, consumer is being served with object 4
2.782192836167704, consumer is demanding object
2.782192836167704, consumer is being served with object 2
3.037067801187599, consumer is demanding object
3.642366151315302, producer is offering object 5
3.642366151315302, producer is being served
3.642366151315302, consumer is being served with object 5
4.258274527250425, consumer is demanding object
4.912674445154481, producer is offering object 6
4.912674445154481, producer is being served
4.912674445154481, consumer is being served with object 6
5.654897179157704, consumer is demanding object
6.084723869004398, producer is offering object 7
6.084723869004398, producer is being served
6.084723869004398, consumer is being served with object 7
6.645053729276836, consumer is demanding object
6.8350399045060275, producer is offering object 8
6.8350399045060275, producer is being served
6.8350399045060275, consumer is being served with object 8
7.474327114999587, consumer is demanding object
7.991598895760005, producer is offering object 9
7.991598895760005, producer is being served
7.991598895760005, consumer is being served with object 9
8.67082172026414, producer is offering object 10
8.67082172026414, producer is being served
8.899465749775079, consumer is demanding object
8.899465749775079, consumer is being served with object 10
2019-11-23T20:03:27.323
2019-11-25T20:03:27.323
2020-02-23T20:03:27.323
   Testing SimJulia tests passed 
