 Resolving package versions...
 Installed QPDAS ─ v0.2.0
  Updating `~/.julia/environments/v1.0/Project.toml`
  [297e508c] + QPDAS v0.2.0
  Updating `~/.julia/environments/v1.0/Manifest.toml`
  [297e508c] + QPDAS v0.2.0
  [8f399da3] + Libdl 
  [37e2e46d] + LinearAlgebra 
  [de0858da] + Printf 
  [9a3f8284] + Random 
  [9e88b42a] + Serialization 
  [2f01184e] + SparseArrays 
  [4ec0a83e] + Unicode 
   Testing QPDAS
 Resolving package versions...
 Installed Parsers ──────────── v0.3.10
 Installed JSON ─────────────── v0.21.0
 Installed OrderedCollections ─ v1.1.0
 Installed OSQP ─────────────── v0.6.0
 Installed Compat ───────────── v2.2.0
 Installed BenchmarkTools ───── v0.4.3
 Installed BinaryProvider ───── v0.5.8
 Installed MathOptInterface ─── v0.9.7
 Installed MathProgBase ─────── v0.7.7
  Building OSQP → `~/.julia/packages/OSQP/BU4WO/deps/build.log`
    Status `/tmp/tmpEAWOhz/Manifest.toml`
  [6e4b80f9] BenchmarkTools v0.4.3
  [b99e7846] BinaryProvider v0.5.8
  [34da2185] Compat v2.2.0
  [682c06a0] JSON v0.21.0
  [b8f27783] MathOptInterface v0.9.7
  [fdba3010] MathProgBase v0.7.7
  [ab2f91bb] OSQP v0.6.0
  [bac558e1] OrderedCollections v1.1.0
  [69de0a69] Parsers v0.3.10
  [297e508c] QPDAS v0.2.0
  [2a0f44e3] Base64  [`@stdlib/Base64`]
  [ade2ca70] Dates  [`@stdlib/Dates`]
  [8bb1440f] DelimitedFiles  [`@stdlib/DelimitedFiles`]
  [8ba89e20] Distributed  [`@stdlib/Distributed`]
  [b77e0a4c] InteractiveUtils  [`@stdlib/InteractiveUtils`]
  [76f85450] LibGit2  [`@stdlib/LibGit2`]
  [8f399da3] Libdl  [`@stdlib/Libdl`]
  [37e2e46d] LinearAlgebra  [`@stdlib/LinearAlgebra`]
  [56ddb016] Logging  [`@stdlib/Logging`]
  [d6f4376e] Markdown  [`@stdlib/Markdown`]
  [a63ad114] Mmap  [`@stdlib/Mmap`]
  [44cfe95a] Pkg  [`@stdlib/Pkg`]
  [de0858da] Printf  [`@stdlib/Printf`]
  [3fa0cd96] REPL  [`@stdlib/REPL`]
  [9a3f8284] Random  [`@stdlib/Random`]
  [ea8e919c] SHA  [`@stdlib/SHA`]
  [9e88b42a] Serialization  [`@stdlib/Serialization`]
  [1a1011a3] SharedArrays  [`@stdlib/SharedArrays`]
  [6462fe0b] Sockets  [`@stdlib/Sockets`]
  [2f01184e] SparseArrays  [`@stdlib/SparseArrays`]
  [10745b16] Statistics  [`@stdlib/Statistics`]
  [8dfed614] Test  [`@stdlib/Test`]
  [cf7118a7] UUIDs  [`@stdlib/UUIDs`]
  [4ec0a83e] Unicode  [`@stdlib/Unicode`]
Test Summary:   | Pass  Total
CholeskySpecial |    9      9
Test Summary:              | Pass  Total
testCholeskySpecialShifted |    9      9
Test Summary:              | Pass  Total
testCholeskySpecialShifted |  208    208
Test Summary: | Pass  Total
testBoxQP     |    4      4
  1.213994 seconds (131.55 k allocations: 6.770 MiB)
  0.819080 seconds (784.09 k allocations: 38.282 MiB, 4.19% gc time)
  1.167111 seconds (14 allocations: 17.172 KiB)
  0.367926 seconds (261.81 k allocations: 12.781 MiB, 7.45% gc time)
  1.144655 seconds (14 allocations: 17.172 KiB)
  1.393975 seconds (1.04 M allocations: 58.782 MiB, 3.53% gc time)
  1.121444 seconds (14 allocations: 17.172 KiB)
  0.000531 seconds (903 allocations: 65.813 KiB)
  1.256815 seconds (14 allocations: 17.172 KiB)
  0.015713 seconds (1.14 k allocations: 75.453 KiB)
  1.269951 seconds (14 allocations: 17.172 KiB)
  0.336263 seconds (169.07 k allocations: 8.380 MiB, 4.70% gc time)
  1.140595 seconds (14 allocations: 17.172 KiB)
  0.000925 seconds (661 allocations: 101.086 KiB)
 18.535163 seconds (14 allocations: 17.172 KiB)
  0.240039 seconds (97.11 k allocations: 4.673 MiB)
Test Summary:   | Pass  Total
testQPNoScaling |   40     40
  1.121085 seconds (14 allocations: 17.172 KiB)
  0.009805 seconds (185 allocations: 25.438 KiB)
  1.172188 seconds (14 allocations: 17.172 KiB)
  0.041524 seconds (185 allocations: 25.438 KiB)
  1.203537 seconds (14 allocations: 17.172 KiB)
  0.013957 seconds (183 allocations: 25.375 KiB)
  1.236194 seconds (14 allocations: 17.172 KiB)
  0.009451 seconds (903 allocations: 65.813 KiB)
  1.080055 seconds (14 allocations: 17.172 KiB)
  0.013783 seconds (1.14 k allocations: 75.453 KiB)
  1.332876 seconds (14 allocations: 17.172 KiB)
  0.004114 seconds (448 allocations: 87.266 KiB)
  1.432289 seconds (14 allocations: 17.172 KiB)
  0.016137 seconds (661 allocations: 101.086 KiB)
 19.278411 seconds (14 allocations: 17.172 KiB)
  0.010046 seconds (628 allocations: 50.758 KiB)
Test Summary: | Pass  Total
testQP        |   40     40
  1.747366 seconds (14 allocations: 17.453 KiB)
  0.012728 seconds (185 allocations: 25.438 KiB)
  2.251885 seconds (14 allocations: 17.453 KiB)
  0.013868 seconds (637 allocations: 54.219 KiB)
  2.138922 seconds (14 allocations: 17.453 KiB)
  0.021666 seconds (1.04 k allocations: 68.914 KiB)
  2.268663 seconds (14 allocations: 17.703 KiB)
  0.049691 seconds (270 allocations: 77.359 KiB)
  2.258087 seconds (14 allocations: 17.703 KiB)
  0.011261 seconds (593 allocations: 93.055 KiB)
 21.760745 seconds (14 allocations: 17.703 KiB)
  0.034029 seconds (613 allocations: 50.117 KiB)
Test Summary:      | Pass  Total
testQPsemidefinite |   30     30
   Testing QPDAS tests passed 
