 Resolving package versions...
 Installed QPDAS ─ v0.2.0
  Updating `~/.julia/environments/v1.2/Project.toml`
  [297e508c] + QPDAS v0.2.0
  Updating `~/.julia/environments/v1.2/Manifest.toml`
  [297e508c] + QPDAS v0.2.0
  [8f399da3] + Libdl 
  [37e2e46d] + LinearAlgebra 
  [de0858da] + Printf 
  [9a3f8284] + Random 
  [9e88b42a] + Serialization 
  [2f01184e] + SparseArrays 
  [4ec0a83e] + Unicode 
   Testing QPDAS
 Resolving package versions...
 Installed Parsers ──────────── v0.3.10
 Installed BinaryProvider ───── v0.5.8
 Installed Compat ───────────── v2.2.0
 Installed BenchmarkTools ───── v0.4.3
 Installed MathProgBase ─────── v0.7.7
 Installed MathOptInterface ─── v0.9.7
 Installed JSON ─────────────── v0.21.0
 Installed OSQP ─────────────── v0.6.0
 Installed OrderedCollections ─ v1.1.0
  Building OSQP → `~/.julia/packages/OSQP/BU4WO/deps/build.log`
    Status `/tmp/jl_lb0ted/Manifest.toml`
  [6e4b80f9] BenchmarkTools v0.4.3
  [b99e7846] BinaryProvider v0.5.8
  [34da2185] Compat v2.2.0
  [682c06a0] JSON v0.21.0
  [b8f27783] MathOptInterface v0.9.7
  [fdba3010] MathProgBase v0.7.7
  [ab2f91bb] OSQP v0.6.0
  [bac558e1] OrderedCollections v1.1.0
  [69de0a69] Parsers v0.3.10
  [297e508c] QPDAS v0.2.0
  [2a0f44e3] Base64  [`@stdlib/Base64`]
  [ade2ca70] Dates  [`@stdlib/Dates`]
  [8bb1440f] DelimitedFiles  [`@stdlib/DelimitedFiles`]
  [8ba89e20] Distributed  [`@stdlib/Distributed`]
  [b77e0a4c] InteractiveUtils  [`@stdlib/InteractiveUtils`]
  [76f85450] LibGit2  [`@stdlib/LibGit2`]
  [8f399da3] Libdl  [`@stdlib/Libdl`]
  [37e2e46d] LinearAlgebra  [`@stdlib/LinearAlgebra`]
  [56ddb016] Logging  [`@stdlib/Logging`]
  [d6f4376e] Markdown  [`@stdlib/Markdown`]
  [a63ad114] Mmap  [`@stdlib/Mmap`]
  [44cfe95a] Pkg  [`@stdlib/Pkg`]
  [de0858da] Printf  [`@stdlib/Printf`]
  [3fa0cd96] REPL  [`@stdlib/REPL`]
  [9a3f8284] Random  [`@stdlib/Random`]
  [ea8e919c] SHA  [`@stdlib/SHA`]
  [9e88b42a] Serialization  [`@stdlib/Serialization`]
  [1a1011a3] SharedArrays  [`@stdlib/SharedArrays`]
  [6462fe0b] Sockets  [`@stdlib/Sockets`]
  [2f01184e] SparseArrays  [`@stdlib/SparseArrays`]
  [10745b16] Statistics  [`@stdlib/Statistics`]
  [8dfed614] Test  [`@stdlib/Test`]
  [cf7118a7] UUIDs  [`@stdlib/UUIDs`]
  [4ec0a83e] Unicode  [`@stdlib/Unicode`]
Test Summary:   | Pass  Total
CholeskySpecial |    9      9
Test Summary:              | Pass  Total
testCholeskySpecialShifted |    9      9
Test Summary:              | Pass  Total
testCholeskySpecialShifted |  208    208
Test Summary: | Pass  Total
testBoxQP     |    4      4
  1.251409 seconds (123.52 k allocations: 6.377 MiB)
  0.735106 seconds (765.50 k allocations: 37.791 MiB, 5.15% gc time)
  1.087514 seconds (14 allocations: 17.047 KiB)
  0.394279 seconds (288.40 k allocations: 14.267 MiB, 4.23% gc time)
  1.107201 seconds (14 allocations: 17.047 KiB)
  0.791215 seconds (686.56 k allocations: 34.583 MiB, 2.57% gc time)
  1.072869 seconds (14 allocations: 17.047 KiB)
  0.010119 seconds (1.07 k allocations: 69.156 KiB)
  1.199019 seconds (14 allocations: 17.047 KiB)
  0.005705 seconds (1.23 k allocations: 75.797 KiB)
  1.197936 seconds (14 allocations: 17.047 KiB)
  0.295153 seconds (211.80 k allocations: 10.642 MiB, 6.92% gc time)
  1.161592 seconds (14 allocations: 17.047 KiB)
  0.002843 seconds (777 allocations: 103.336 KiB)
 20.406123 seconds (14 allocations: 17.047 KiB)
  0.175124 seconds (140.48 k allocations: 6.828 MiB, 6.98% gc time)
Test Summary:   | Pass  Total
testQPNoScaling |   40     40
  1.054793 seconds (14 allocations: 17.047 KiB)
  0.069619 seconds (192 allocations: 25.188 KiB)
  1.200726 seconds (14 allocations: 17.047 KiB)
  0.003318 seconds (192 allocations: 25.188 KiB)
  1.048579 seconds (14 allocations: 17.047 KiB)
  0.000822 seconds (190 allocations: 25.125 KiB)
  1.144790 seconds (14 allocations: 17.047 KiB)
  0.006798 seconds (1.07 k allocations: 69.156 KiB)
  1.086566 seconds (14 allocations: 17.047 KiB)
  0.003303 seconds (1.23 k allocations: 75.797 KiB)
  1.298495 seconds (14 allocations: 17.047 KiB)
  0.021606 seconds (498 allocations: 87.828 KiB)
  1.183394 seconds (14 allocations: 17.047 KiB)
  0.022350 seconds (777 allocations: 103.336 KiB)
 19.570752 seconds (14 allocations: 17.047 KiB)
  0.004916 seconds (749 allocations: 53.227 KiB)
Test Summary: | Pass  Total
testQP        |   40     40
  1.629344 seconds (14 allocations: 17.359 KiB)
  0.004708 seconds (192 allocations: 25.188 KiB)
  1.797784 seconds (14 allocations: 17.359 KiB)
  0.022170 seconds (804 allocations: 58.203 KiB)
  1.792625 seconds (14 allocations: 17.359 KiB)
  0.024347 seconds (1.06 k allocations: 66.961 KiB)
  2.487003 seconds (14 allocations: 17.703 KiB)
  0.026040 seconds (308 allocations: 77.953 KiB)
  2.707583 seconds (14 allocations: 17.703 KiB)
  0.018206 seconds (638 allocations: 93.102 KiB)
 18.278651 seconds (14 allocations: 17.703 KiB)
  0.008518 seconds (673 allocations: 50.602 KiB)
Test Summary:      | Pass  Total
testQPsemidefinite |   30     30
   Testing QPDAS tests passed 
