 Resolving package versions...
 Installed VersionParsing ──────────── v1.1.3
 Installed Requires ────────────────── v0.5.2
 Installed NaNMath ─────────────────── v0.3.3
 Installed Graphics ────────────────── v0.4.0
 Installed ColorTypes ──────────────── v0.8.0
 Installed BasicTextRender ─────────── v0.1.0
 Installed BinaryProvider ──────────── v0.5.8
 Installed FFTW ────────────────────── v1.1.0
 Installed ComputationalResources ──── v0.3.0
 Installed FixedPointNumbers ───────── v0.6.1
 Installed Conda ───────────────────── v1.3.0
 Installed Parsers ─────────────────── v0.3.10
 Installed DataStructures ──────────── v0.17.6
 Installed Reexport ────────────────── v0.2.0
 Installed WoodburyMatrices ────────── v0.4.1
 Installed BinDeps ─────────────────── v0.8.10
 Installed MappedArrays ────────────── v0.2.2
 Installed Rotations ───────────────── v0.12.0
 Installed SpecialFunctions ────────── v0.8.0
 Installed DataAPI ─────────────────── v1.1.0
 Installed JSON ────────────────────── v0.21.0
 Installed AxisAlgorithms ──────────── v1.0.0
 Installed ImageTransformations ────── v0.8.0
 Installed CustomUnitRanges ────────── v0.2.0
 Installed OffsetArrays ────────────── v0.11.1
 Installed CatIndices ──────────────── v0.2.0
 Installed AbstractFFTs ────────────── v0.5.0
 Installed TiledIteration ──────────── v0.2.3
 Installed Interpolations ──────────── v0.12.5
 Installed URIParser ───────────────── v0.4.0
 Installed CoordinateTransformations ─ v0.5.0
 Installed ImageFiltering ──────────── v0.6.5
 Installed FFTViews ────────────────── v0.3.0
 Installed StaticArrays ────────────── v0.12.1
 Installed Ratios ──────────────────── v0.3.1
 Installed IdentityRanges ──────────── v0.3.0
 Installed ColorVectorSpace ────────── v0.7.1
 Installed Colors ──────────────────── v0.9.6
 Installed Missings ────────────────── v0.4.3
 Installed StatsBase ───────────────── v0.32.0
 Installed SortingAlgorithms ───────── v0.3.1
 Installed PaddedViews ─────────────── v0.4.2
 Installed OrderedCollections ──────── v1.1.0
 Installed Compat ──────────────────── v2.2.0
 Installed ImageCore ───────────────── v0.8.5
  Updating `~/.julia/environments/v1.0/Project.toml`
  [c69498db] + BasicTextRender v0.1.0
  Updating `~/.julia/environments/v1.0/Manifest.toml`
  [621f4979] + AbstractFFTs v0.5.0
  [13072b0f] + AxisAlgorithms v1.0.0
  [c69498db] + BasicTextRender v0.1.0
  [9e28174c] + BinDeps v0.8.10
  [b99e7846] + BinaryProvider v0.5.8
  [aafaddc9] + CatIndices v0.2.0
  [3da002f7] + ColorTypes v0.8.0
  [c3611d14] + ColorVectorSpace v0.7.1
  [5ae59095] + Colors v0.9.6
  [34da2185] + Compat v2.2.0
  [ed09eef8] + ComputationalResources v0.3.0
  [8f4d0f93] + Conda v1.3.0
  [150eb455] + CoordinateTransformations v0.5.0
  [dc8bdbbb] + CustomUnitRanges v0.2.0
  [9a962f9c] + DataAPI v1.1.0
  [864edb3b] + DataStructures v0.17.6
  [4f61f5a4] + FFTViews v0.3.0
  [7a1cc6ca] + FFTW v1.1.0
  [53c48c17] + FixedPointNumbers v0.6.1
  [a2bd30eb] + Graphics v0.4.0
  [bbac6d45] + IdentityRanges v0.3.0
  [a09fc81d] + ImageCore v0.8.5
  [6a3955dd] + ImageFiltering v0.6.5
  [02fcd773] + ImageTransformations v0.8.0
  [a98d9a8b] + Interpolations v0.12.5
  [682c06a0] + JSON v0.21.0
  [dbb5928d] + MappedArrays v0.2.2
  [e1d29d7a] + Missings v0.4.3
  [77ba4419] + NaNMath v0.3.3
  [6fe1bfb0] + OffsetArrays v0.11.1
  [bac558e1] + OrderedCollections v1.1.0
  [5432bcbf] + PaddedViews v0.4.2
  [69de0a69] + Parsers v0.3.10
  [c84ed2f1] + Ratios v0.3.1
  [189a3867] + Reexport v0.2.0
  [ae029012] + Requires v0.5.2
  [6038ab10] + Rotations v0.12.0
  [a2af1166] + SortingAlgorithms v0.3.1
  [276daf66] + SpecialFunctions v0.8.0
  [90137ffa] + StaticArrays v0.12.1
  [2913bbd2] + StatsBase v0.32.0
  [06e1c1a7] + TiledIteration v0.2.3
  [30578b45] + URIParser v0.4.0
  [81def892] + VersionParsing v1.1.3
  [efce3f68] + WoodburyMatrices v0.4.1
  [2a0f44e3] + Base64 
  [ade2ca70] + Dates 
  [8bb1440f] + DelimitedFiles 
  [8ba89e20] + Distributed 
  [b77e0a4c] + InteractiveUtils 
  [76f85450] + LibGit2 
  [8f399da3] + Libdl 
  [37e2e46d] + LinearAlgebra 
  [56ddb016] + Logging 
  [d6f4376e] + Markdown 
  [a63ad114] + Mmap 
  [44cfe95a] + Pkg 
  [de0858da] + Printf 
  [3fa0cd96] + REPL 
  [9a3f8284] + Random 
  [ea8e919c] + SHA 
  [9e88b42a] + Serialization 
  [1a1011a3] + SharedArrays 
  [6462fe0b] + Sockets 
  [2f01184e] + SparseArrays 
  [10745b16] + Statistics 
  [8dfed614] + Test 
  [cf7118a7] + UUIDs 
  [4ec0a83e] + Unicode 
  Building Conda ───────────→ `~/.julia/packages/Conda/kLXeC/deps/build.log`
  Building FFTW ────────────→ `~/.julia/packages/FFTW/loJ3F/deps/build.log`
  Building SpecialFunctions → `~/.julia/packages/SpecialFunctions/ne2iw/deps/build.log`
   Testing BasicTextRender
 Resolving package versions...
    Status `/tmp/tmpdnH0FT/Manifest.toml`
  [621f4979] AbstractFFTs v0.5.0
  [13072b0f] AxisAlgorithms v1.0.0
  [c69498db] BasicTextRender v0.1.0
  [9e28174c] BinDeps v0.8.10
  [b99e7846] BinaryProvider v0.5.8
  [aafaddc9] CatIndices v0.2.0
  [3da002f7] ColorTypes v0.8.0
  [c3611d14] ColorVectorSpace v0.7.1
  [5ae59095] Colors v0.9.6
  [34da2185] Compat v2.2.0
  [ed09eef8] ComputationalResources v0.3.0
  [8f4d0f93] Conda v1.3.0
  [150eb455] CoordinateTransformations v0.5.0
  [dc8bdbbb] CustomUnitRanges v0.2.0
  [9a962f9c] DataAPI v1.1.0
  [864edb3b] DataStructures v0.17.6
  [4f61f5a4] FFTViews v0.3.0
  [7a1cc6ca] FFTW v1.1.0
  [53c48c17] FixedPointNumbers v0.6.1
  [a2bd30eb] Graphics v0.4.0
  [bbac6d45] IdentityRanges v0.3.0
  [a09fc81d] ImageCore v0.8.5
  [6a3955dd] ImageFiltering v0.6.5
  [02fcd773] ImageTransformations v0.8.0
  [a98d9a8b] Interpolations v0.12.5
  [682c06a0] JSON v0.21.0
  [dbb5928d] MappedArrays v0.2.2
  [e1d29d7a] Missings v0.4.3
  [77ba4419] NaNMath v0.3.3
  [6fe1bfb0] OffsetArrays v0.11.1
  [bac558e1] OrderedCollections v1.1.0
  [5432bcbf] PaddedViews v0.4.2
  [69de0a69] Parsers v0.3.10
  [c84ed2f1] Ratios v0.3.1
  [189a3867] Reexport v0.2.0
  [ae029012] Requires v0.5.2
  [6038ab10] Rotations v0.12.0
  [a2af1166] SortingAlgorithms v0.3.1
  [276daf66] SpecialFunctions v0.8.0
  [90137ffa] StaticArrays v0.12.1
  [2913bbd2] StatsBase v0.32.0
  [06e1c1a7] TiledIteration v0.2.3
  [30578b45] URIParser v0.4.0
  [81def892] VersionParsing v1.1.3
  [efce3f68] WoodburyMatrices v0.4.1
  [2a0f44e3] Base64  [`@stdlib/Base64`]
  [ade2ca70] Dates  [`@stdlib/Dates`]
  [8bb1440f] DelimitedFiles  [`@stdlib/DelimitedFiles`]
  [8ba89e20] Distributed  [`@stdlib/Distributed`]
  [b77e0a4c] InteractiveUtils  [`@stdlib/InteractiveUtils`]
  [76f85450] LibGit2  [`@stdlib/LibGit2`]
  [8f399da3] Libdl  [`@stdlib/Libdl`]
  [37e2e46d] LinearAlgebra  [`@stdlib/LinearAlgebra`]
  [56ddb016] Logging  [`@stdlib/Logging`]
  [d6f4376e] Markdown  [`@stdlib/Markdown`]
  [a63ad114] Mmap  [`@stdlib/Mmap`]
  [44cfe95a] Pkg  [`@stdlib/Pkg`]
  [de0858da] Printf  [`@stdlib/Printf`]
  [3fa0cd96] REPL  [`@stdlib/REPL`]
  [9a3f8284] Random  [`@stdlib/Random`]
  [ea8e919c] SHA  [`@stdlib/SHA`]
  [9e88b42a] Serialization  [`@stdlib/Serialization`]
  [1a1011a3] SharedArrays  [`@stdlib/SharedArrays`]
  [6462fe0b] Sockets  [`@stdlib/Sockets`]
  [2f01184e] SparseArrays  [`@stdlib/SparseArrays`]
  [10745b16] Statistics  [`@stdlib/Statistics`]
  [8dfed614] Test  [`@stdlib/Test`]
  [cf7118a7] UUIDs  [`@stdlib/UUIDs`]
  [4ec0a83e] Unicode  [`@stdlib/Unicode`]
WARNING: Method definition _bcs1(Any, Any) in module Broadcast at broadcast.jl:439 overwritten in module ImageFiltering at /root/.julia/packages/ImageFiltering/y5YkM/src/ImageFiltering.jl:28.
WARNING: Method definition _bcs1(Any, Any) in module Broadcast at broadcast.jl:439 overwritten in module ImageFiltering at /root/.julia/packages/ImageFiltering/y5YkM/src/ImageFiltering.jl:28.
BasicTextRender.jl tests: Error During Test at /root/.julia/packages/BasicTextRender/FMCWD/test/runtests.jl:3
  Got exception outside of a @test
  MethodError: no method matching deserialize(::String)
  Closest candidates are:
    deserialize(!Matched::IO) at /buildworker/worker/package_linux64/build/usr/share/julia/stdlib/v1.0/Serialization/src/Serialization.jl:708
    deserialize(!Matched::Distributed.ClusterSerializer, !Matched::Type{Core.TypeName}) at /buildworker/worker/package_linux64/build/usr/share/julia/stdlib/v1.0/Distributed/src/clusterserialize.jl:61
    deserialize(!Matched::Distributed.ClusterSerializer, !Matched::Type{#s546} where #s546<:CapturedException) at /buildworker/worker/package_linux64/build/usr/share/julia/stdlib/v1.0/Distributed/src/clusterserialize.jl:226
    ...
  Stacktrace:
   [1] #rendertext#1(::Int64, ::String, ::RGBA{Float64}, ::RGBA{Float64}, ::Function, ::String) at /root/.julia/packages/BasicTextRender/FMCWD/src/BasicTextRender.jl:36
   [2] rendertext(::String) at /root/.julia/packages/BasicTextRender/FMCWD/src/BasicTextRender.jl:30
   [3] macro expansion at /root/.julia/packages/BasicTextRender/FMCWD/test/runtests.jl:4 [inlined]
   [4] macro expansion at /buildworker/worker/package_linux64/build/usr/share/julia/stdlib/v1.0/Test/src/Test.jl:1083 [inlined]
   [5] top-level scope at /root/.julia/packages/BasicTextRender/FMCWD/test/runtests.jl:4
   [6] include at ./boot.jl:317 [inlined]
   [7] include_relative(::Module, ::String) at ./loading.jl:1044
   [8] include(::Module, ::String) at ./sysimg.jl:29
   [9] include(::String) at ./client.jl:392
   [10] top-level scope at none:0
   [11] eval(::Module, ::Any) at ./boot.jl:319
   [12] exec_options(::Base.JLOptions) at ./client.jl:243
   [13] _start() at ./client.jl:425
Test Summary:            | Error  Total
BasicTextRender.jl tests |     1      1
ERROR: LoadError: Some tests did not pass: 0 passed, 0 failed, 1 errored, 0 broken.
in expression starting at /root/.julia/packages/BasicTextRender/FMCWD/test/runtests.jl:3
ERROR: Package BasicTextRender errored during testing
Stacktrace:
 [1] pkgerror(::String, ::Vararg{String,N} where N) at /buildworker/worker/package_linux64/build/usr/share/julia/stdlib/v1.0/Pkg/src/Types.jl:120
 [2] #test#65(::Bool, ::Function, ::Pkg.Types.Context, ::Array{Pkg.Types.PackageSpec,1}) at /buildworker/worker/package_linux64/build/usr/share/julia/stdlib/v1.0/Pkg/src/Operations.jl:1357
 [3] #test at /buildworker/worker/package_linux64/build/usr/share/julia/stdlib/v1.0/Pkg/src/API.jl:0 [inlined]
 [4] #test#44(::Bool, ::Base.Iterators.Pairs{Union{},Union{},Tuple{},NamedTuple{(),Tuple{}}}, ::Function, ::Pkg.Types.Context, ::Array{Pkg.Types.PackageSpec,1}) at /buildworker/worker/package_linux64/build/usr/share/julia/stdlib/v1.0/Pkg/src/API.jl:278
 [5] test at /buildworker/worker/package_linux64/build/usr/share/julia/stdlib/v1.0/Pkg/src/API.jl:263 [inlined]
 [6] #test#43 at /buildworker/worker/package_linux64/build/usr/share/julia/stdlib/v1.0/Pkg/src/API.jl:260 [inlined]
 [7] test at /buildworker/worker/package_linux64/build/usr/share/julia/stdlib/v1.0/Pkg/src/API.jl:260 [inlined]
 [8] #test#42 at /buildworker/worker/package_linux64/build/usr/share/julia/stdlib/v1.0/Pkg/src/API.jl:259 [inlined]
 [9] test at /buildworker/worker/package_linux64/build/usr/share/julia/stdlib/v1.0/Pkg/src/API.jl:259 [inlined]
 [10] #test#41 at /buildworker/worker/package_linux64/build/usr/share/julia/stdlib/v1.0/Pkg/src/API.jl:258 [inlined]
 [11] test(::String) at /buildworker/worker/package_linux64/build/usr/share/julia/stdlib/v1.0/Pkg/src/API.jl:258
 [12] top-level scope at none:0
