 Resolving package versions...
 Installed NumericIO ──────────── v0.3.1
 Installed URIParser ──────────── v0.4.0
 Installed SetRounding ────────── v0.2.0
 Installed CommonSubexpressions ─ v0.2.0
 Installed ErrorfreeArithmetic ── v0.4.0
 Installed BinaryProvider ─────── v0.5.8
 Installed IntervalContractors ── v0.4.1
 Installed EAGO ───────────────── v0.3.0
 Installed Calculus ───────────── v0.5.1
 Installed OrderedCollections ─── v1.1.0
 Installed Compat ─────────────── v2.2.0
 Installed MathProgBase ───────── v0.7.7
 Installed ForwardDiff ────────── v0.10.6
 Installed IntervalArithmetic ─── v0.16.1
 Installed Cassette ───────────── v0.2.6
 Installed RecipesBase ────────── v0.7.0
 Installed Parsers ────────────── v0.3.10
 Installed JSON ───────────────── v0.21.0
 Installed DataStructures ─────── v0.17.6
 Installed JuMP ───────────────── v0.20.1
 Installed DiffRules ──────────── v0.0.10
 Installed FastRounding ───────── v0.2.0
 Installed StaticArrays ───────── v0.12.1
 Installed NaNMath ────────────── v0.3.3
 Installed DiffResults ────────── v0.0.4
 Installed BenchmarkTools ─────── v0.4.3
 Installed BinDeps ────────────── v0.8.10
 Installed Ipopt ──────────────── v0.6.1
 Installed SpecialFunctions ───── v0.8.0
 Installed MathOptInterface ───── v0.9.7
 Installed CRlibm ─────────────── v0.7.1
   Cloning [60bf3e95-4087-53dc-ae20-288a0d20c6a6] GLPK from https://github.com/JuliaOpt/GLPK.jl.git
[?25l    Fetching: [>                                        ]  0.0 %[2K[?25h Installed GLPK ───────────────── v0.12.0
  Updating `~/.julia/environments/v1.2/Project.toml`
  [bb8be931] + EAGO v0.3.0
  Updating `~/.julia/environments/v1.2/Manifest.toml`
  [6e4b80f9] + BenchmarkTools v0.4.3
  [9e28174c] + BinDeps v0.8.10
  [b99e7846] + BinaryProvider v0.5.8
  [96374032] + CRlibm v0.7.1
  [49dc2e85] + Calculus v0.5.1
  [7057c7e9] + Cassette v0.2.6
  [bbf7d656] + CommonSubexpressions v0.2.0
  [34da2185] + Compat v2.2.0
  [864edb3b] + DataStructures v0.17.6
  [163ba53b] + DiffResults v0.0.4
  [b552c78f] + DiffRules v0.0.10
  [bb8be931] + EAGO v0.3.0
  [90fa49ef] + ErrorfreeArithmetic v0.4.0
  [fa42c844] + FastRounding v0.2.0
  [f6369f11] + ForwardDiff v0.10.6
  [60bf3e95] + GLPK v0.12.0
  [d1acc4aa] + IntervalArithmetic v0.16.1
  [15111844] + IntervalContractors v0.4.1
  [b6b21f68] + Ipopt v0.6.1
  [682c06a0] + JSON v0.21.0
  [4076af6c] + JuMP v0.20.1
  [b8f27783] + MathOptInterface v0.9.7
  [fdba3010] + MathProgBase v0.7.7
  [77ba4419] + NaNMath v0.3.3
  [6c575b1c] + NumericIO v0.3.1
  [bac558e1] + OrderedCollections v1.1.0
  [69de0a69] + Parsers v0.3.10
  [3cdcf5f2] + RecipesBase v0.7.0
  [3cc68bcd] + SetRounding v0.2.0
  [276daf66] + SpecialFunctions v0.8.0
  [90137ffa] + StaticArrays v0.12.1
  [30578b45] + URIParser v0.4.0
  [2a0f44e3] + Base64 
  [ade2ca70] + Dates 
  [8bb1440f] + DelimitedFiles 
  [8ba89e20] + Distributed 
  [b77e0a4c] + InteractiveUtils 
  [76f85450] + LibGit2 
  [8f399da3] + Libdl 
  [37e2e46d] + LinearAlgebra 
  [56ddb016] + Logging 
  [d6f4376e] + Markdown 
  [a63ad114] + Mmap 
  [44cfe95a] + Pkg 
  [de0858da] + Printf 
  [3fa0cd96] + REPL 
  [9a3f8284] + Random 
  [ea8e919c] + SHA 
  [9e88b42a] + Serialization 
  [1a1011a3] + SharedArrays 
  [6462fe0b] + Sockets 
  [2f01184e] + SparseArrays 
  [10745b16] + Statistics 
  [8dfed614] + Test 
  [cf7118a7] + UUIDs 
  [4ec0a83e] + Unicode 
  Building GLPK ────────────→ `~/.julia/packages/GLPK/J1b5G/deps/build.log`
  Building SpecialFunctions → `~/.julia/packages/SpecialFunctions/ne2iw/deps/build.log`
  Building CRlibm ──────────→ `~/.julia/packages/CRlibm/2S9DB/deps/build.log`
  Building Ipopt ───────────→ `~/.julia/packages/Ipopt/ruIXY/deps/build.log`
   Testing EAGO
 Resolving package versions...
    Status `/tmp/jl_Wq3rGB/Manifest.toml`
  [6e4b80f9] BenchmarkTools v0.4.3
  [9e28174c] BinDeps v0.8.10
  [b99e7846] BinaryProvider v0.5.8
  [96374032] CRlibm v0.7.1
  [49dc2e85] Calculus v0.5.1
  [7057c7e9] Cassette v0.2.6
  [bbf7d656] CommonSubexpressions v0.2.0
  [34da2185] Compat v2.2.0
  [864edb3b] DataStructures v0.17.6
  [163ba53b] DiffResults v0.0.4
  [b552c78f] DiffRules v0.0.10
  [bb8be931] EAGO v0.3.0
  [90fa49ef] ErrorfreeArithmetic v0.4.0
  [fa42c844] FastRounding v0.2.0
  [f6369f11] ForwardDiff v0.10.6
  [60bf3e95] GLPK v0.12.0
  [d1acc4aa] IntervalArithmetic v0.16.1
  [15111844] IntervalContractors v0.4.1
  [b6b21f68] Ipopt v0.6.1
  [682c06a0] JSON v0.21.0
  [4076af6c] JuMP v0.20.1
  [b8f27783] MathOptInterface v0.9.7
  [fdba3010] MathProgBase v0.7.7
  [77ba4419] NaNMath v0.3.3
  [6c575b1c] NumericIO v0.3.1
  [bac558e1] OrderedCollections v1.1.0
  [69de0a69] Parsers v0.3.10
  [3cdcf5f2] RecipesBase v0.7.0
  [3cc68bcd] SetRounding v0.2.0
  [276daf66] SpecialFunctions v0.8.0
  [90137ffa] StaticArrays v0.12.1
  [30578b45] URIParser v0.4.0
  [2a0f44e3] Base64  [`@stdlib/Base64`]
  [ade2ca70] Dates  [`@stdlib/Dates`]
  [8bb1440f] DelimitedFiles  [`@stdlib/DelimitedFiles`]
  [8ba89e20] Distributed  [`@stdlib/Distributed`]
  [b77e0a4c] InteractiveUtils  [`@stdlib/InteractiveUtils`]
  [76f85450] LibGit2  [`@stdlib/LibGit2`]
  [8f399da3] Libdl  [`@stdlib/Libdl`]
  [37e2e46d] LinearAlgebra  [`@stdlib/LinearAlgebra`]
  [56ddb016] Logging  [`@stdlib/Logging`]
  [d6f4376e] Markdown  [`@stdlib/Markdown`]
  [a63ad114] Mmap  [`@stdlib/Mmap`]
  [44cfe95a] Pkg  [`@stdlib/Pkg`]
  [de0858da] Printf  [`@stdlib/Printf`]
  [3fa0cd96] REPL  [`@stdlib/REPL`]
  [9a3f8284] Random  [`@stdlib/Random`]
  [ea8e919c] SHA  [`@stdlib/SHA`]
  [9e88b42a] Serialization  [`@stdlib/Serialization`]
  [1a1011a3] SharedArrays  [`@stdlib/SharedArrays`]
  [6462fe0b] Sockets  [`@stdlib/Sockets`]
  [2f01184e] SparseArrays  [`@stdlib/SparseArrays`]
  [10745b16] Statistics  [`@stdlib/Statistics`]
  [8dfed614] Test  [`@stdlib/Test`]
  [cf7118a7] UUIDs  [`@stdlib/UUIDs`]
  [4ec0a83e] Unicode  [`@stdlib/Unicode`]
wasn't precompiled
Test Summary:                   | Pass  Total
Test Stack Management Functions |    7      7
Test Summary:   | Pass  Total
Test B&B Checks |   21     21
Test Summary:         | Pass  Total
Node Access Functions |    5      5
Failing Components: ( Intv.hi = 548.3161232732466  cc_grad[1] = 134.57456208645914 )
Test Summary:   | Pass  Broken  Total
Test Univariate |   68       1     69
Test Summary:                | Pass  Total
Test Multivariant w/Constant |   76     76
Test Summary:           | Pass  Total
Multiplication Operator |   17     17
Test Summary: | Pass  Total
Division      |    8      8
Test Summary:                  | Pass  Total
Duality-Based Bound Tightening |    8      8
Test Summary: | Pass  Total
Set Objective |    3      3
Test Summary:         | Pass  Total
Get Termination Code  |    2      2
Test Summary:                  | Pass  Total
Add Variable, Get Number/Index |    5      5
Test Summary:       | Pass  Total
Add Variable Bounds |   18     18
Test Summary:          | Pass  Total
Add Linear Constraint  |   21     21
Test Summary:             | Pass  Total
Add Quadratic Constraint  |   24     24
Test Summary:              | Pass  Total
Empty/Isempty, EAGO Model  |    1      1
Test Summary:                  |
Quadratic Constraint Utilities | No tests
Test Summary:            | Pass  Total
Fallback Interval Bounds |    4      4
Test Summary: | Pass  Total
LP Problems   |   24     24
Test Summary:     | Pass  Total
Test Trace Script |   54     54
   Testing EAGO tests passed 
