 Resolving package versions...
 Installed Requires ───────────────────────────────── v0.5.2
 Installed ColorTypes ─────────────────────────────── v0.8.0
 Installed CommonSubexpressions ───────────────────── v0.2.0
 Installed POMDPSimulators ────────────────────────── v0.3.2
 Installed ReinforcementLearning ──────────────────── v0.3.0
 Installed BinaryProvider ─────────────────────────── v0.5.8
 Installed DocStringExtensions ────────────────────── v0.8.1
 Installed Flux ───────────────────────────────────── v0.8.3
 Installed NaNMath ────────────────────────────────── v0.3.3
 Installed InvertedIndices ────────────────────────── v1.0.0
 Installed NamedTupleTools ────────────────────────── v0.12.0
 Installed Inflate ────────────────────────────────── v0.1.1
 Installed IteratorInterfaceExtensions ────────────── v1.0.0
 Installed Arpack ─────────────────────────────────── v0.3.1
 Installed AbstractTrees ──────────────────────────── v0.2.1
 Installed PGFPlotsX ──────────────────────────────── v0.3.8
 Installed Parsers ────────────────────────────────── v0.3.10
 Installed DiffRules ──────────────────────────────── v0.1.0
 Installed BeliefUpdaters ─────────────────────────── v0.1.2
 Installed ReinforcementLearningBase ──────────────── v0.2.2
 Installed FixedPointNumbers ──────────────────────── v0.6.1
 Installed POMDPs ─────────────────────────────────── v0.8.1
 Installed MacroTools ─────────────────────────────── v0.5.2
 Installed Reexport ───────────────────────────────── v0.2.0
 Installed Adapt ──────────────────────────────────── v1.0.0
 Installed DataStructures ─────────────────────────── v0.17.6
 Installed BinDeps ────────────────────────────────── v0.8.10
 Installed ArgCheck ───────────────────────────────── v1.0.1
 Installed DataValueInterfaces ────────────────────── v1.0.0
 Installed SpecialFunctions ───────────────────────── v0.8.0
 Installed Compose ────────────────────────────────── v0.7.3
 Installed DataAPI ────────────────────────────────── v1.1.0
 Installed JSON ───────────────────────────────────── v0.21.0
 Installed Crayons ────────────────────────────────── v4.0.1
 Installed PDMats ─────────────────────────────────── v0.9.10
 Installed Distributions ──────────────────────────── v0.21.8
 Installed POMDPPolicies ──────────────────────────── v0.2.1
 Installed ZipFile ────────────────────────────────── v0.8.3
 Installed ReinforcementLearningEnvironmentDiscrete ─ v0.2.2
 Installed ProgressMeter ──────────────────────────── v1.2.0
 Installed URIParser ──────────────────────────────── v0.4.0
 Installed DefaultApplication ─────────────────────── v0.1.3
 Installed StaticArrays ───────────────────────────── v0.12.1
 Installed ArnoldiMethod ──────────────────────────── v0.0.4
 Installed DiffResults ────────────────────────────── v0.0.4
 Installed Colors ─────────────────────────────────── v0.9.6
 Installed Media ──────────────────────────────────── v0.5.0
 Installed DataFrames ─────────────────────────────── v0.19.4
 Installed NNlib ──────────────────────────────────── v0.6.0
 Installed POMDPModels ────────────────────────────── v0.4.0
 Installed SortingAlgorithms ──────────────────────── v0.3.1
 Installed StatsBase ──────────────────────────────── v0.32.0
 Installed SimpleTraits ───────────────────────────── v0.9.1
 Installed Tracker ────────────────────────────────── v0.2.5
 Installed FileIO ─────────────────────────────────── v1.0.7
 Installed TimerOutputs ───────────────────────────── v0.5.3
 Installed PooledArrays ───────────────────────────── v0.5.2
 Installed Missings ───────────────────────────────── v0.4.3
 Installed OrderedCollections ─────────────────────── v1.1.0
 Installed CategoricalArrays ──────────────────────── v0.7.3
 Installed TableTraits ────────────────────────────── v1.0.0
 Installed POMDPModelTools ────────────────────────── v0.2.0
 Installed UnicodePlots ───────────────────────────── v1.1.0
 Installed JLD2 ───────────────────────────────────── v0.1.8
 Installed Rmath ──────────────────────────────────── v0.5.1
 Installed CodecZlib ──────────────────────────────── v0.6.0
 Installed QuadGK ─────────────────────────────────── v2.1.1
 Installed Parameters ─────────────────────────────── v0.12.0
 Installed LightGraphs ────────────────────────────── v1.3.0
 Installed Tables ─────────────────────────────────── v0.2.11
 Installed ForwardDiff ────────────────────────────── v0.10.6
 Installed IterTools ──────────────────────────────── v1.3.0
 Installed Measures ───────────────────────────────── v0.3.0
 Installed StatsFuns ──────────────────────────────── v0.9.0
 Installed Compat ─────────────────────────────────── v2.2.0
 Installed TranscodingStreams ─────────────────────── v0.9.5
 Installed Juno ───────────────────────────────────── v0.7.2
 Installed GR ─────────────────────────────────────── v0.42.0
 Installed ColorSchemes ───────────────────────────── v3.5.0
  Updating `~/.julia/environments/v1.0/Project.toml`
  [158674fc] + ReinforcementLearning v0.3.0
  Updating `~/.julia/environments/v1.0/Manifest.toml`
  [1520ce14] + AbstractTrees v0.2.1
  [79e6a3ab] + Adapt v1.0.0
  [dce04be8] + ArgCheck v1.0.1
  [ec485272] + ArnoldiMethod v0.0.4
  [7d9fca2a] + Arpack v0.3.1
  [8bb6e9a1] + BeliefUpdaters v0.1.2
  [9e28174c] + BinDeps v0.8.10
  [b99e7846] + BinaryProvider v0.5.8
  [324d7699] + CategoricalArrays v0.7.3
  [944b1d66] + CodecZlib v0.6.0
  [35d6a980] + ColorSchemes v3.5.0
  [3da002f7] + ColorTypes v0.8.0
  [5ae59095] + Colors v0.9.6
  [bbf7d656] + CommonSubexpressions v0.2.0
  [34da2185] + Compat v2.2.0
  [a81c6b42] + Compose v0.7.3
  [a8cc5b0e] + Crayons v4.0.1
  [9a962f9c] + DataAPI v1.1.0
  [a93c6f00] + DataFrames v0.19.4
  [864edb3b] + DataStructures v0.17.6
  [e2d170a0] + DataValueInterfaces v1.0.0
  [3f0dd361] + DefaultApplication v0.1.3
  [163ba53b] + DiffResults v0.0.4
  [b552c78f] + DiffRules v0.1.0
  [31c24e10] + Distributions v0.21.8
  [ffbed154] + DocStringExtensions v0.8.1
  [5789e2e9] + FileIO v1.0.7
  [53c48c17] + FixedPointNumbers v0.6.1
  [587475ba] + Flux v0.8.3
  [f6369f11] + ForwardDiff v0.10.6
  [28b8d3ca] + GR v0.42.0
  [d25df0c9] + Inflate v0.1.1
  [41ab1584] + InvertedIndices v1.0.0
  [c8e1da08] + IterTools v1.3.0
  [82899510] + IteratorInterfaceExtensions v1.0.0
  [033835bb] + JLD2 v0.1.8
  [682c06a0] + JSON v0.21.0
  [e5e0dc1b] + Juno v0.7.2
  [093fc24a] + LightGraphs v1.3.0
  [1914dd2f] + MacroTools v0.5.2
  [442fdcdd] + Measures v0.3.0
  [e89f7d12] + Media v0.5.0
  [e1d29d7a] + Missings v0.4.3
  [872c559c] + NNlib v0.6.0
  [77ba4419] + NaNMath v0.3.3
  [d9ec5142] + NamedTupleTools v0.12.0
  [bac558e1] + OrderedCollections v1.1.0
  [90014a1f] + PDMats v0.9.10
  [8314cec4] + PGFPlotsX v0.3.8
  [08074719] + POMDPModelTools v0.2.0
  [355abbd5] + POMDPModels v0.4.0
  [182e52fb] + POMDPPolicies v0.2.1
  [e0d0a172] + POMDPSimulators v0.3.2
  [a93abf59] + POMDPs v0.8.1
  [d96e819e] + Parameters v0.12.0
  [69de0a69] + Parsers v0.3.10
  [2dfb63ee] + PooledArrays v0.5.2
  [92933f4c] + ProgressMeter v1.2.0
  [1fd47b50] + QuadGK v2.1.1
  [189a3867] + Reexport v0.2.0
  [158674fc] + ReinforcementLearning v0.3.0
  [e575027e] + ReinforcementLearningBase v0.2.2
  [1785f50a] + ReinforcementLearningEnvironmentDiscrete v0.2.2
  [ae029012] + Requires v0.5.2
  [79098fc4] + Rmath v0.5.1
  [699a6c99] + SimpleTraits v0.9.1
  [a2af1166] + SortingAlgorithms v0.3.1
  [276daf66] + SpecialFunctions v0.8.0
  [90137ffa] + StaticArrays v0.12.1
  [2913bbd2] + StatsBase v0.32.0
  [4c63d2b9] + StatsFuns v0.9.0
  [3783bdb8] + TableTraits v1.0.0
  [bd369af6] + Tables v0.2.11
  [a759f4b9] + TimerOutputs v0.5.3
  [9f7883ad] + Tracker v0.2.5
  [3bb67fe8] + TranscodingStreams v0.9.5
  [30578b45] + URIParser v0.4.0
  [b8865327] + UnicodePlots v1.1.0
  [a5390f91] + ZipFile v0.8.3
  [2a0f44e3] + Base64 
  [ade2ca70] + Dates 
  [8bb1440f] + DelimitedFiles 
  [8ba89e20] + Distributed 
  [9fa8497b] + Future 
  [b77e0a4c] + InteractiveUtils 
  [76f85450] + LibGit2 
  [8f399da3] + Libdl 
  [37e2e46d] + LinearAlgebra 
  [56ddb016] + Logging 
  [d6f4376e] + Markdown 
  [a63ad114] + Mmap 
  [44cfe95a] + Pkg 
  [de0858da] + Printf 
  [9abbd945] + Profile 
  [3fa0cd96] + REPL 
  [9a3f8284] + Random 
  [ea8e919c] + SHA 
  [9e88b42a] + Serialization 
  [1a1011a3] + SharedArrays 
  [6462fe0b] + Sockets 
  [2f01184e] + SparseArrays 
  [10745b16] + Statistics 
  [4607b0f0] + SuiteSparse 
  [8dfed614] + Test 
  [cf7118a7] + UUIDs 
  [4ec0a83e] + Unicode 
  Building Arpack ──────────→ `~/.julia/packages/Arpack/cu5By/deps/build.log`
  Building PGFPlotsX ───────→ `~/.julia/packages/PGFPlotsX/PZlVQ/deps/build.log`
  Building GR ──────────────→ `~/.julia/packages/GR/f1Iqi/deps/build.log`
  Building SpecialFunctions → `~/.julia/packages/SpecialFunctions/ne2iw/deps/build.log`
  Building ZipFile ─────────→ `~/.julia/packages/ZipFile/oD4uG/deps/build.log`
  Building Rmath ───────────→ `~/.julia/packages/Rmath/4wt82/deps/build.log`
  Building CodecZlib ───────→ `~/.julia/packages/CodecZlib/5t9zO/deps/build.log`
   Testing ReinforcementLearning
    Status `/tmp/tmp9rPuGc/Manifest.toml`
  [1520ce14] AbstractTrees v0.2.1
  [79e6a3ab] Adapt v1.0.0
  [dce04be8] ArgCheck v1.0.1
  [ec485272] ArnoldiMethod v0.0.4
  [7d9fca2a] Arpack v0.3.1
  [8bb6e9a1] BeliefUpdaters v0.1.2
  [9e28174c] BinDeps v0.8.10
  [b99e7846] BinaryProvider v0.5.8
  [324d7699] CategoricalArrays v0.7.3
  [944b1d66] CodecZlib v0.6.0
  [35d6a980] ColorSchemes v3.5.0
  [3da002f7] ColorTypes v0.8.0
  [5ae59095] Colors v0.9.6
  [bbf7d656] CommonSubexpressions v0.2.0
  [34da2185] Compat v2.2.0
  [a81c6b42] Compose v0.7.3
  [a8cc5b0e] Crayons v4.0.1
  [9a962f9c] DataAPI v1.1.0
  [a93c6f00] DataFrames v0.19.4
  [864edb3b] DataStructures v0.17.6
  [e2d170a0] DataValueInterfaces v1.0.0
  [3f0dd361] DefaultApplication v0.1.3
  [163ba53b] DiffResults v0.0.4
  [b552c78f] DiffRules v0.1.0
  [31c24e10] Distributions v0.21.8
  [ffbed154] DocStringExtensions v0.8.1
  [5789e2e9] FileIO v1.0.7
  [53c48c17] FixedPointNumbers v0.6.1
  [587475ba] Flux v0.8.3
  [f6369f11] ForwardDiff v0.10.6
  [28b8d3ca] GR v0.42.0
  [d25df0c9] Inflate v0.1.1
  [41ab1584] InvertedIndices v1.0.0
  [c8e1da08] IterTools v1.3.0
  [82899510] IteratorInterfaceExtensions v1.0.0
  [033835bb] JLD2 v0.1.8
  [682c06a0] JSON v0.21.0
  [e5e0dc1b] Juno v0.7.2
  [093fc24a] LightGraphs v1.3.0
  [1914dd2f] MacroTools v0.5.2
  [442fdcdd] Measures v0.3.0
  [e89f7d12] Media v0.5.0
  [e1d29d7a] Missings v0.4.3
  [872c559c] NNlib v0.6.0
  [77ba4419] NaNMath v0.3.3
  [d9ec5142] NamedTupleTools v0.12.0
  [bac558e1] OrderedCollections v1.1.0
  [90014a1f] PDMats v0.9.10
  [8314cec4] PGFPlotsX v0.3.8
  [08074719] POMDPModelTools v0.2.0
  [355abbd5] POMDPModels v0.4.0
  [182e52fb] POMDPPolicies v0.2.1
  [e0d0a172] POMDPSimulators v0.3.2
  [a93abf59] POMDPs v0.8.1
  [d96e819e] Parameters v0.12.0
  [69de0a69] Parsers v0.3.10
  [2dfb63ee] PooledArrays v0.5.2
  [92933f4c] ProgressMeter v1.2.0
  [1fd47b50] QuadGK v2.1.1
  [189a3867] Reexport v0.2.0
  [158674fc] ReinforcementLearning v0.3.0
  [e575027e] ReinforcementLearningBase v0.2.2
  [1785f50a] ReinforcementLearningEnvironmentDiscrete v0.2.2
  [ae029012] Requires v0.5.2
  [79098fc4] Rmath v0.5.1
  [699a6c99] SimpleTraits v0.9.1
  [a2af1166] SortingAlgorithms v0.3.1
  [276daf66] SpecialFunctions v0.8.0
  [90137ffa] StaticArrays v0.12.1
  [2913bbd2] StatsBase v0.32.0
  [4c63d2b9] StatsFuns v0.9.0
  [3783bdb8] TableTraits v1.0.0
  [bd369af6] Tables v0.2.11
  [a759f4b9] TimerOutputs v0.5.3
  [9f7883ad] Tracker v0.2.5
  [3bb67fe8] TranscodingStreams v0.9.5
  [30578b45] URIParser v0.4.0
  [b8865327] UnicodePlots v1.1.0
  [a5390f91] ZipFile v0.8.3
  [2a0f44e3] Base64  [`@stdlib/Base64`]
  [ade2ca70] Dates  [`@stdlib/Dates`]
  [8bb1440f] DelimitedFiles  [`@stdlib/DelimitedFiles`]
  [8ba89e20] Distributed  [`@stdlib/Distributed`]
  [9fa8497b] Future  [`@stdlib/Future`]
  [b77e0a4c] InteractiveUtils  [`@stdlib/InteractiveUtils`]
  [76f85450] LibGit2  [`@stdlib/LibGit2`]
  [8f399da3] Libdl  [`@stdlib/Libdl`]
  [37e2e46d] LinearAlgebra  [`@stdlib/LinearAlgebra`]
  [56ddb016] Logging  [`@stdlib/Logging`]
  [d6f4376e] Markdown  [`@stdlib/Markdown`]
  [a63ad114] Mmap  [`@stdlib/Mmap`]
  [44cfe95a] Pkg  [`@stdlib/Pkg`]
  [de0858da] Printf  [`@stdlib/Printf`]
  [9abbd945] Profile  [`@stdlib/Profile`]
  [3fa0cd96] REPL  [`@stdlib/REPL`]
  [9a3f8284] Random  [`@stdlib/Random`]
  [ea8e919c] SHA  [`@stdlib/SHA`]
  [9e88b42a] Serialization  [`@stdlib/Serialization`]
  [1a1011a3] SharedArrays  [`@stdlib/SharedArrays`]
  [6462fe0b] Sockets  [`@stdlib/Sockets`]
  [2f01184e] SparseArrays  [`@stdlib/SparseArrays`]
  [10745b16] Statistics  [`@stdlib/Statistics`]
  [4607b0f0] SuiteSparse  [`@stdlib/SuiteSparse`]
  [8dfed614] Test  [`@stdlib/Test`]
  [cf7118a7] UUIDs  [`@stdlib/UUIDs`]
  [4ec0a83e] Unicode  [`@stdlib/Unicode`]
┌ Warning: Package ReinforcementLearning does not have Dates in its dependencies:
│ - If you have ReinforcementLearning checked out for development and have
│   added Dates as a dependency but haven't updated your primary
│   environment's manifest file, try `Pkg.resolve()`.
│ - Otherwise you may need to report an issue with ReinforcementLearning
└ Loading Dates into ReinforcementLearning from project dependency, future warnings for ReinforcementLearning are suppressed.
Test Summary:     | Pass  Total
ϵ-greedy policies |   14     14
Test Summary:    | Pass  Total
softmax policies |    6      6
Test Summary: | Pass  Total
traces        |    2      2
Test Summary: | Pass  Total
tdlearning    |   12     12
Test Summary: | Pass  Total
mdp solver    |    2      2
Test Summary: | Pass  Total
learn         |    1      1
┌ Warning: SGD(params) is deprecated; use Descent(η::Float64) instead
│   caller = #42 at linfuncapprox.jl:55 [inlined]
└ @ Core ~/.julia/packages/ReinforcementLearning/qSdCS/test/linfuncapprox.jl:55
┌ Warning: `_update_params!` is deprecated, use `update!` instead.
│   caller = ip:0x0
└ @ Core :-1
┌ Warning: SGD(params) is deprecated; use Descent(η::Float64) instead
│   caller = (::getfield(Main, Symbol("##43#45")))(::Array{Tracker.Params,1}) at linfuncapprox.jl:81
└ @ Main ~/.julia/packages/ReinforcementLearning/qSdCS/test/linfuncapprox.jl:81
linear function approximation: Error During Test at /root/.julia/packages/ReinforcementLearning/qSdCS/test/runtests.jl:12
  Got exception outside of a @test
  LoadError: type Params has no field tracker
  Stacktrace:
   [1] getproperty(::Any, ::Symbol) at ./sysimg.jl:18
   [2] _update_params! at /root/.julia/packages/Flux/qXNjB/src/optimise/train.jl:20 [inlined]
   [3] #24 at /root/.julia/packages/Flux/qXNjB/src/optimise/deprecations.jl:7 [inlined]
   [4] update!(::DeepActorCritic{Id,Linear{TrackedArray{…,Array{Float64,2}}},Chain{Tuple{Id,Linear{Array{Float64,2}}}},Linear{TrackedArray{…,Array{Float64,2}}},getfield(Main, Symbol("##43#45")),getfield(Flux.Optimise, Symbol("##24#25")){Descent,Array{Tracker.Params,1}}}, ::ReinforcementLearning.ArrayStateBuffer{Array{Float64,2},Int64}) at /root/.julia/packages/ReinforcementLearning/qSdCS/src/learner/deepactorcritic.jl:64
   [5] learn!(::RLSetup{DeepActorCritic{Id,Linear{TrackedArray{…,Array{Float64,2}}},Chain{Tuple{Id,Linear{Array{Float64,2}}}},Linear{TrackedArray{…,Array{Float64,2}}},getfield(Main, Symbol("##43#45")),getfield(Flux.Optimise, Symbol("##24#25")){Descent,Array{Tracker.Params,1}}},ReinforcementLearning.ArrayStateBuffer{Array{Float64,2},Int64},ForcedPolicy,OneHotPreprocessor,MDP{SparseArrays.SparseVector{Float64,Int64}},ConstantNumberSteps}) at /root/.julia/packages/ReinforcementLearning/qSdCS/src/learn.jl:40
   [6] testlinfuncapproxflux() at /root/.julia/packages/ReinforcementLearning/qSdCS/test/linfuncapprox.jl:95
   [7] top-level scope at none:0
   [8] include at ./boot.jl:317 [inlined]
   [9] include_relative(::Module, ::String) at ./loading.jl:1044
   [10] include(::Module, ::String) at ./sysimg.jl:29
   [11] include(::String) at ./client.jl:392
   [12] macro expansion at /root/.julia/packages/ReinforcementLearning/qSdCS/test/runtests.jl:12 [inlined]
   [13] macro expansion at /buildworker/worker/package_linux64/build/usr/share/julia/stdlib/v1.0/Test/src/Test.jl:1083 [inlined]
   [14] top-level scope at /root/.julia/packages/ReinforcementLearning/qSdCS/test/runtests.jl:12
   [15] include at ./boot.jl:317 [inlined]
   [16] include_relative(::Module, ::String) at ./loading.jl:1044
   [17] include(::Module, ::String) at ./sysimg.jl:29
   [18] include(::String) at ./client.jl:392
   [19] top-level scope at none:0
   [20] eval(::Module, ::Any) at ./boot.jl:319
   [21] exec_options(::Base.JLOptions) at ./client.jl:243
   [22] _start() at ./client.jl:425
  in expression starting at /root/.julia/packages/ReinforcementLearning/qSdCS/test/linfuncapprox.jl:102
Test Summary:                 | Pass  Error  Total
linear function approximation |    6      1      7
ERROR: LoadError: Some tests did not pass: 6 passed, 0 failed, 1 errored, 0 broken.
in expression starting at /root/.julia/packages/ReinforcementLearning/qSdCS/test/runtests.jl:12
ERROR: Package ReinforcementLearning errored during testing
Stacktrace:
 [1] pkgerror(::String, ::Vararg{String,N} where N) at /buildworker/worker/package_linux64/build/usr/share/julia/stdlib/v1.0/Pkg/src/Types.jl:120
 [2] #test#65(::Bool, ::Function, ::Pkg.Types.Context, ::Array{Pkg.Types.PackageSpec,1}) at /buildworker/worker/package_linux64/build/usr/share/julia/stdlib/v1.0/Pkg/src/Operations.jl:1357
 [3] #test at /buildworker/worker/package_linux64/build/usr/share/julia/stdlib/v1.0/Pkg/src/API.jl:0 [inlined]
 [4] #test#44(::Bool, ::Base.Iterators.Pairs{Union{},Union{},Tuple{},NamedTuple{(),Tuple{}}}, ::Function, ::Pkg.Types.Context, ::Array{Pkg.Types.PackageSpec,1}) at /buildworker/worker/package_linux64/build/usr/share/julia/stdlib/v1.0/Pkg/src/API.jl:278
 [5] test at /buildworker/worker/package_linux64/build/usr/share/julia/stdlib/v1.0/Pkg/src/API.jl:263 [inlined]
 [6] #test#43 at /buildworker/worker/package_linux64/build/usr/share/julia/stdlib/v1.0/Pkg/src/API.jl:260 [inlined]
 [7] test at /buildworker/worker/package_linux64/build/usr/share/julia/stdlib/v1.0/Pkg/src/API.jl:260 [inlined]
 [8] #test#42 at /buildworker/worker/package_linux64/build/usr/share/julia/stdlib/v1.0/Pkg/src/API.jl:259 [inlined]
 [9] test at /buildworker/worker/package_linux64/build/usr/share/julia/stdlib/v1.0/Pkg/src/API.jl:259 [inlined]
 [10] #test#41 at /buildworker/worker/package_linux64/build/usr/share/julia/stdlib/v1.0/Pkg/src/API.jl:258 [inlined]
 [11] test(::String) at /buildworker/worker/package_linux64/build/usr/share/julia/stdlib/v1.0/Pkg/src/API.jl:258
 [12] top-level scope at none:0
