 Resolving package versions...
 Installed CodecZlib ────────── v0.6.0
 Installed Compat ───────────── v2.2.0
 Installed CodecBzip2 ───────── v0.6.0
 Installed Caching ──────────── v0.1.1
 Installed OrderedCollections ─ v1.1.0
 Installed TranscodingStreams ─ v0.9.5
 Installed DataStructures ───── v0.17.6
 Installed BinaryProvider ───── v0.5.8
 Installed MacroTools ───────── v0.5.2
  Updating `~/.julia/environments/v1.2/Project.toml`
  [68ad905a] + Caching v0.1.1
  Updating `~/.julia/environments/v1.2/Manifest.toml`
  [b99e7846] + BinaryProvider v0.5.8
  [68ad905a] + Caching v0.1.1
  [523fee87] + CodecBzip2 v0.6.0
  [944b1d66] + CodecZlib v0.6.0
  [34da2185] + Compat v2.2.0
  [864edb3b] + DataStructures v0.17.6
  [1914dd2f] + MacroTools v0.5.2
  [bac558e1] + OrderedCollections v1.1.0
  [3bb67fe8] + TranscodingStreams v0.9.5
  [2a0f44e3] + Base64 
  [ade2ca70] + Dates 
  [8bb1440f] + DelimitedFiles 
  [8ba89e20] + Distributed 
  [b77e0a4c] + InteractiveUtils 
  [76f85450] + LibGit2 
  [8f399da3] + Libdl 
  [37e2e46d] + LinearAlgebra 
  [56ddb016] + Logging 
  [d6f4376e] + Markdown 
  [a63ad114] + Mmap 
  [44cfe95a] + Pkg 
  [de0858da] + Printf 
  [3fa0cd96] + REPL 
  [9a3f8284] + Random 
  [ea8e919c] + SHA 
  [9e88b42a] + Serialization 
  [1a1011a3] + SharedArrays 
  [6462fe0b] + Sockets 
  [2f01184e] + SparseArrays 
  [10745b16] + Statistics 
  [8dfed614] + Test 
  [cf7118a7] + UUIDs 
  [4ec0a83e] + Unicode 
  Building CodecBzip2 → `~/.julia/packages/CodecBzip2/T5yr7/deps/build.log`
  Building CodecZlib ─→ `~/.julia/packages/CodecZlib/5t9zO/deps/build.log`
   Testing Caching
    Status `/tmp/jl_BFxEgd/Manifest.toml`
  [b99e7846] BinaryProvider v0.5.8
  [68ad905a] Caching v0.1.1
  [523fee87] CodecBzip2 v0.6.0
  [944b1d66] CodecZlib v0.6.0
  [34da2185] Compat v2.2.0
  [864edb3b] DataStructures v0.17.6
  [1914dd2f] MacroTools v0.5.2
  [bac558e1] OrderedCollections v1.1.0
  [3bb67fe8] TranscodingStreams v0.9.5
  [2a0f44e3] Base64  [`@stdlib/Base64`]
  [ade2ca70] Dates  [`@stdlib/Dates`]
  [8bb1440f] DelimitedFiles  [`@stdlib/DelimitedFiles`]
  [8ba89e20] Distributed  [`@stdlib/Distributed`]
  [b77e0a4c] InteractiveUtils  [`@stdlib/InteractiveUtils`]
  [76f85450] LibGit2  [`@stdlib/LibGit2`]
  [8f399da3] Libdl  [`@stdlib/Libdl`]
  [37e2e46d] LinearAlgebra  [`@stdlib/LinearAlgebra`]
  [56ddb016] Logging  [`@stdlib/Logging`]
  [d6f4376e] Markdown  [`@stdlib/Markdown`]
  [a63ad114] Mmap  [`@stdlib/Mmap`]
  [44cfe95a] Pkg  [`@stdlib/Pkg`]
  [de0858da] Printf  [`@stdlib/Printf`]
  [3fa0cd96] REPL  [`@stdlib/REPL`]
  [9a3f8284] Random  [`@stdlib/Random`]
  [ea8e919c] SHA  [`@stdlib/SHA`]
  [9e88b42a] Serialization  [`@stdlib/Serialization`]
  [1a1011a3] SharedArrays  [`@stdlib/SharedArrays`]
  [6462fe0b] Sockets  [`@stdlib/Sockets`]
  [2f01184e] SparseArrays  [`@stdlib/SparseArrays`]
  [10745b16] Statistics  [`@stdlib/Statistics`]
  [8dfed614] Test  [`@stdlib/Test`]
  [cf7118a7] UUIDs  [`@stdlib/UUIDs`]
  [4ec0a83e] Unicode  [`@stdlib/Unicode`]
Test Summary: | Pass  Total
Cache         |   51     51
Test Summary:         | Pass  Total
syncache!, @syncache! |    9      9
Test Summary:   | Pass  Total
empty!, @empty! |    6      6
Test Summary:       | Pass  Total
persist!, @persist! |    9      9
Test Summary: | Pass  Total
Compression   |   10     10
┌ Warning: Memory cache full, loaded 1 out of 3 entries.
└ @ Caching ~/.julia/packages/Caching/RGux2/src/utils.jl:133
┌ Warning: Memory cache full, loaded 3 out of 5 entries.
└ @ Caching ~/.julia/packages/Caching/RGux2/src/utils.jl:133
Test Summary:                       | Pass  Total
Size constraints: number of objects |    4      4
┌ Warning: Memory cache full, loaded 1 out of 128 entries.
└ @ Caching ~/.julia/packages/Caching/RGux2/src/utils.jl:133
┌ Warning: Memory cache full, loaded 128 out of 255 entries.
└ @ Caching ~/.julia/packages/Caching/RGux2/src/utils.jl:133
Test Summary:                     | Pass  Total
Size constraints: bytes of memory |    4      4
Test Summary:       | Pass  Total
@cache <func. def.> |   12     12
Test Summary:    | Pass  Total
Hashing function |   13     13
Test Summary: | Pass  Total
Show methods  |    1      1
   Testing Caching tests passed 
