 Resolving package versions...
 Installed Missings ──────────────── v0.4.3
 Installed DataAPI ───────────────── v1.1.0
 Installed PDMats ────────────────── v0.9.10
 Installed EcologicalNetworksPlots ─ v0.0.3
 Installed StatsFuns ─────────────── v0.9.0
 Installed BinaryProvider ────────── v0.5.8
 Installed StatsBase ─────────────── v0.32.0
 Installed EcologicalNetworks ────── v0.2.2
 Installed URIParser ─────────────── v0.4.0
 Installed Requires ──────────────── v0.5.2
 Installed RecipesBase ───────────── v0.7.0
 Installed Combinatorics ─────────── v0.7.0
 Installed Polynomials ───────────── v0.6.0
 Installed Compat ────────────────── v2.2.0
 Installed Rmath ─────────────────── v0.5.1
 Installed OrderedCollections ────── v1.1.0
 Installed QuadGK ────────────────── v2.1.1
 Installed DataStructures ────────── v0.17.6
 Installed SpecialFunctions ──────── v0.8.0
 Installed SortingAlgorithms ─────── v0.3.1
 Installed Arpack ────────────────── v0.3.1
 Installed Distributions ─────────── v0.21.8
 Installed BinDeps ───────────────── v0.8.10
  Updating `~/.julia/environments/v1.2/Project.toml`
  [9f7a259d] + EcologicalNetworksPlots v0.0.3
  Updating `~/.julia/environments/v1.2/Manifest.toml`
  [7d9fca2a] + Arpack v0.3.1
  [9e28174c] + BinDeps v0.8.10
  [b99e7846] + BinaryProvider v0.5.8
  [861a8166] + Combinatorics v0.7.0
  [34da2185] + Compat v2.2.0
  [9a962f9c] + DataAPI v1.1.0
  [864edb3b] + DataStructures v0.17.6
  [31c24e10] + Distributions v0.21.8
  [f03a62fe] + EcologicalNetworks v0.2.2
  [9f7a259d] + EcologicalNetworksPlots v0.0.3
  [e1d29d7a] + Missings v0.4.3
  [bac558e1] + OrderedCollections v1.1.0
  [90014a1f] + PDMats v0.9.10
  [f27b6e38] + Polynomials v0.6.0
  [1fd47b50] + QuadGK v2.1.1
  [3cdcf5f2] + RecipesBase v0.7.0
  [ae029012] + Requires v0.5.2
  [79098fc4] + Rmath v0.5.1
  [a2af1166] + SortingAlgorithms v0.3.1
  [276daf66] + SpecialFunctions v0.8.0
  [2913bbd2] + StatsBase v0.32.0
  [4c63d2b9] + StatsFuns v0.9.0
  [30578b45] + URIParser v0.4.0
  [2a0f44e3] + Base64 
  [ade2ca70] + Dates 
  [8bb1440f] + DelimitedFiles 
  [8ba89e20] + Distributed 
  [b77e0a4c] + InteractiveUtils 
  [76f85450] + LibGit2 
  [8f399da3] + Libdl 
  [37e2e46d] + LinearAlgebra 
  [56ddb016] + Logging 
  [d6f4376e] + Markdown 
  [a63ad114] + Mmap 
  [44cfe95a] + Pkg 
  [de0858da] + Printf 
  [3fa0cd96] + REPL 
  [9a3f8284] + Random 
  [ea8e919c] + SHA 
  [9e88b42a] + Serialization 
  [1a1011a3] + SharedArrays 
  [6462fe0b] + Sockets 
  [2f01184e] + SparseArrays 
  [10745b16] + Statistics 
  [4607b0f0] + SuiteSparse 
  [8dfed614] + Test 
  [cf7118a7] + UUIDs 
  [4ec0a83e] + Unicode 
  Building Rmath ───────────→ `~/.julia/packages/Rmath/4wt82/deps/build.log`
  Building SpecialFunctions → `~/.julia/packages/SpecialFunctions/ne2iw/deps/build.log`
  Building Arpack ──────────→ `~/.julia/packages/Arpack/cu5By/deps/build.log`
   Testing EcologicalNetworksPlots
 Resolving package versions...
 Installed Reexport ────────── v0.2.0
 Installed FixedPointNumbers ─ v0.6.1
 Installed Showoff ─────────── v0.3.1
 Installed GeometryTypes ───── v0.7.6
 Installed PlotUtils ───────── v0.6.1
 Installed Contour ─────────── v0.5.1
 Installed Plots ───────────── v0.27.0
 Installed Colors ──────────── v0.9.6
 Installed FFMPEG ──────────── v0.2.3
 Installed Parsers ─────────── v0.3.10
 Installed JSON ────────────── v0.21.0
 Installed StaticArrays ────── v0.12.1
 Installed IterTools ───────── v1.3.0
 Installed NaNMath ─────────── v0.3.3
 Installed Measures ────────── v0.3.0
 Installed ColorTypes ──────── v0.8.0
 Installed GR ──────────────── v0.42.0
 Installed PlotThemes ──────── v0.4.0
  Building GR ────→ `~/.julia/packages/GR/f1Iqi/deps/build.log`
  Building FFMPEG → `~/.julia/packages/FFMPEG/bkWgb/deps/build.log`
  Building Plots ─→ `~/.julia/packages/Plots/Iuc9S/deps/build.log`
    Status `/tmp/jl_AJLTPz/Manifest.toml`
  [7d9fca2a] Arpack v0.3.1
  [9e28174c] BinDeps v0.8.10
  [b99e7846] BinaryProvider v0.5.8
  [3da002f7] ColorTypes v0.8.0
  [5ae59095] Colors v0.9.6
  [861a8166] Combinatorics v0.7.0
  [34da2185] Compat v2.2.0
  [d38c429a] Contour v0.5.1
  [9a962f9c] DataAPI v1.1.0
  [864edb3b] DataStructures v0.17.6
  [31c24e10] Distributions v0.21.8
  [f03a62fe] EcologicalNetworks v0.2.2
  [9f7a259d] EcologicalNetworksPlots v0.0.3
  [c87230d0] FFMPEG v0.2.3
  [53c48c17] FixedPointNumbers v0.6.1
  [28b8d3ca] GR v0.42.0
  [4d00f742] GeometryTypes v0.7.6
  [c8e1da08] IterTools v1.3.0
  [682c06a0] JSON v0.21.0
  [442fdcdd] Measures v0.3.0
  [e1d29d7a] Missings v0.4.3
  [77ba4419] NaNMath v0.3.3
  [bac558e1] OrderedCollections v1.1.0
  [90014a1f] PDMats v0.9.10
  [69de0a69] Parsers v0.3.10
  [ccf2f8ad] PlotThemes v0.4.0
  [995b91a9] PlotUtils v0.6.1
  [91a5bcdd] Plots v0.27.0
  [f27b6e38] Polynomials v0.6.0
  [1fd47b50] QuadGK v2.1.1
  [3cdcf5f2] RecipesBase v0.7.0
  [189a3867] Reexport v0.2.0
  [ae029012] Requires v0.5.2
  [79098fc4] Rmath v0.5.1
  [992d4aef] Showoff v0.3.1
  [a2af1166] SortingAlgorithms v0.3.1
  [276daf66] SpecialFunctions v0.8.0
  [90137ffa] StaticArrays v0.12.1
  [2913bbd2] StatsBase v0.32.0
  [4c63d2b9] StatsFuns v0.9.0
  [30578b45] URIParser v0.4.0
  [2a0f44e3] Base64  [`@stdlib/Base64`]
  [ade2ca70] Dates  [`@stdlib/Dates`]
  [8bb1440f] DelimitedFiles  [`@stdlib/DelimitedFiles`]
  [8ba89e20] Distributed  [`@stdlib/Distributed`]
  [b77e0a4c] InteractiveUtils  [`@stdlib/InteractiveUtils`]
  [76f85450] LibGit2  [`@stdlib/LibGit2`]
  [8f399da3] Libdl  [`@stdlib/Libdl`]
  [37e2e46d] LinearAlgebra  [`@stdlib/LinearAlgebra`]
  [56ddb016] Logging  [`@stdlib/Logging`]
  [d6f4376e] Markdown  [`@stdlib/Markdown`]
  [a63ad114] Mmap  [`@stdlib/Mmap`]
  [44cfe95a] Pkg  [`@stdlib/Pkg`]
  [de0858da] Printf  [`@stdlib/Printf`]
  [3fa0cd96] REPL  [`@stdlib/REPL`]
  [9a3f8284] Random  [`@stdlib/Random`]
  [ea8e919c] SHA  [`@stdlib/SHA`]
  [9e88b42a] Serialization  [`@stdlib/Serialization`]
  [1a1011a3] SharedArrays  [`@stdlib/SharedArrays`]
  [6462fe0b] Sockets  [`@stdlib/Sockets`]
  [2f01184e] SparseArrays  [`@stdlib/SparseArrays`]
  [10745b16] Statistics  [`@stdlib/Statistics`]
  [4607b0f0] SuiteSparse  [`@stdlib/SuiteSparse`]
  [8dfed614] Test  [`@stdlib/Test`]
  [cf7118a7] UUIDs  [`@stdlib/UUIDs`]
  [4ec0a83e] Unicode  [`@stdlib/Unicode`]
[ Info: Bipartite -- nested
   Testing EcologicalNetworksPlots tests passed 
