 Resolving package versions...
 Installed VersionParsing ───── v1.1.3
 Installed URIParser ────────── v0.4.0
 Installed Conda ────────────── v1.3.0
 Installed ASDF ─────────────── v1.1.3
 Installed OrderedCollections ─ v1.1.0
 Installed Parsers ──────────── v0.3.10
 Installed MacroTools ───────── v0.5.2
 Installed JSON ─────────────── v0.21.0
 Installed Compat ───────────── v2.2.0
 Installed DataStructures ───── v0.17.6
 Installed PyCall ───────────── v1.91.2
  Updating `~/.julia/environments/v1.0/Project.toml`
  [686f71d1] + ASDF v1.1.3
  Updating `~/.julia/environments/v1.0/Manifest.toml`
  [686f71d1] + ASDF v1.1.3
  [34da2185] + Compat v2.2.0
  [8f4d0f93] + Conda v1.3.0
  [864edb3b] + DataStructures v0.17.6
  [682c06a0] + JSON v0.21.0
  [1914dd2f] + MacroTools v0.5.2
  [bac558e1] + OrderedCollections v1.1.0
  [69de0a69] + Parsers v0.3.10
  [438e738f] + PyCall v1.91.2
  [30578b45] + URIParser v0.4.0
  [81def892] + VersionParsing v1.1.3
  [2a0f44e3] + Base64 
  [ade2ca70] + Dates 
  [8bb1440f] + DelimitedFiles 
  [8ba89e20] + Distributed 
  [b77e0a4c] + InteractiveUtils 
  [76f85450] + LibGit2 
  [8f399da3] + Libdl 
  [37e2e46d] + LinearAlgebra 
  [56ddb016] + Logging 
  [d6f4376e] + Markdown 
  [a63ad114] + Mmap 
  [44cfe95a] + Pkg 
  [de0858da] + Printf 
  [3fa0cd96] + REPL 
  [9a3f8284] + Random 
  [ea8e919c] + SHA 
  [9e88b42a] + Serialization 
  [1a1011a3] + SharedArrays 
  [6462fe0b] + Sockets 
  [2f01184e] + SparseArrays 
  [10745b16] + Statistics 
  [8dfed614] + Test 
  [cf7118a7] + UUIDs 
  [4ec0a83e] + Unicode 
  Building Conda ─→ `~/.julia/packages/Conda/kLXeC/deps/build.log`
  Building PyCall → `~/.julia/packages/PyCall/ttONZ/deps/build.log`
  Building ASDF ──→ `~/.julia/packages/ASDF/0SzlD/deps/build.log`
┌ Error: Error building `ASDF`: 
│ ERROR: LoadError: PyError (PyImport_ImportModule
│ 
│ The Python package asdf could not be found by pyimport. Usually this means
│ that you did not install asdf in the Python version being used by PyCall.
│ 
│ PyCall is currently configured to use the Python version at:
│ 
│ /usr/bin/python3
│ 
│ and you should use whatever mechanism you usually use (apt-get, pip, conda,
│ etcetera) to install the Python package containing the asdf module.
│ 
│ One alternative is to re-configure PyCall to use a different Python
│ version on your system: set ENV["PYTHON"] to the path/name of the python
│ executable you want to use, run Pkg.build("PyCall"), and re-launch Julia.
│ 
│ Another alternative is to configure PyCall to use a Julia-specific Python
│ distribution via the Conda.jl package (which installs a private Anaconda
│ Python distribution), which has the advantage that packages can be installed
│ and kept up-to-date via Julia.  As explained in the PyCall documentation,
│ set ENV["PYTHON"]="", run Pkg.build("PyCall"), and re-launch Julia. Then,
│ To install the asdf module, you can use `pyimport_conda("asdf", PKG)`,
│ where PKG is the Anaconda package the contains the module asdf,
│ or alternatively you can use the Conda package directly (via
│ `using Conda` followed by `Conda.add` etcetera).
│ 
│ ) <class 'ModuleNotFoundError'>
│ ModuleNotFoundError("No module named 'asdf'",)
│ 
│ Stacktrace:
│  [1] pyimport(::String) at /root/.julia/packages/PyCall/ttONZ/src/PyCall.jl:544
│  [2] pyimport_conda(::String, ::String, ::String) at /root/.julia/packages/PyCall/ttONZ/src/PyCall.jl:702
│  [3] top-level scope at none:0
│  [4] include at ./boot.jl:317 [inlined]
│  [5] include_relative(::Module, ::String) at ./loading.jl:1044
│  [6] include(::Module, ::String) at ./sysimg.jl:29
│  [7] include(::String) at ./client.jl:392
│  [8] top-level scope at none:0
│ in expression starting at /root/.julia/packages/ASDF/0SzlD/deps/build.jl:6
└ @ Pkg.Operations /buildworker/worker/package_linux64/build/usr/share/julia/stdlib/v1.0/Pkg/src/Operations.jl:1096
   Testing ASDF
 Resolving package versions...
    Status `/tmp/tmpGhzq73/Manifest.toml`
  [686f71d1] ASDF v1.1.3
  [34da2185] Compat v2.2.0
  [8f4d0f93] Conda v1.3.0
  [864edb3b] DataStructures v0.17.6
  [682c06a0] JSON v0.21.0
  [1914dd2f] MacroTools v0.5.2
  [bac558e1] OrderedCollections v1.1.0
  [69de0a69] Parsers v0.3.10
  [438e738f] PyCall v1.91.2
  [30578b45] URIParser v0.4.0
  [81def892] VersionParsing v1.1.3
  [2a0f44e3] Base64  [`@stdlib/Base64`]
  [ade2ca70] Dates  [`@stdlib/Dates`]
  [8bb1440f] DelimitedFiles  [`@stdlib/DelimitedFiles`]
  [8ba89e20] Distributed  [`@stdlib/Distributed`]
  [b77e0a4c] InteractiveUtils  [`@stdlib/InteractiveUtils`]
  [76f85450] LibGit2  [`@stdlib/LibGit2`]
  [8f399da3] Libdl  [`@stdlib/Libdl`]
  [37e2e46d] LinearAlgebra  [`@stdlib/LinearAlgebra`]
  [56ddb016] Logging  [`@stdlib/Logging`]
  [d6f4376e] Markdown  [`@stdlib/Markdown`]
  [a63ad114] Mmap  [`@stdlib/Mmap`]
  [44cfe95a] Pkg  [`@stdlib/Pkg`]
  [de0858da] Printf  [`@stdlib/Printf`]
  [3fa0cd96] REPL  [`@stdlib/REPL`]
  [9a3f8284] Random  [`@stdlib/Random`]
  [ea8e919c] SHA  [`@stdlib/SHA`]
  [9e88b42a] Serialization  [`@stdlib/Serialization`]
  [1a1011a3] SharedArrays  [`@stdlib/SharedArrays`]
  [6462fe0b] Sockets  [`@stdlib/Sockets`]
  [2f01184e] SparseArrays  [`@stdlib/SparseArrays`]
  [10745b16] Statistics  [`@stdlib/Statistics`]
  [8dfed614] Test  [`@stdlib/Test`]
  [cf7118a7] UUIDs  [`@stdlib/UUIDs`]
  [4ec0a83e] Unicode  [`@stdlib/Unicode`]
ERROR: LoadError: InitError: PyError (PyImport_ImportModule

The Python package asdf could not be found by pyimport. Usually this means
that you did not install asdf in the Python version being used by PyCall.

PyCall is currently configured to use the Python version at:

/usr/bin/python3

and you should use whatever mechanism you usually use (apt-get, pip, conda,
etcetera) to install the Python package containing the asdf module.

One alternative is to re-configure PyCall to use a different Python
version on your system: set ENV["PYTHON"] to the path/name of the python
executable you want to use, run Pkg.build("PyCall"), and re-launch Julia.

Another alternative is to configure PyCall to use a Julia-specific Python
distribution via the Conda.jl package (which installs a private Anaconda
Python distribution), which has the advantage that packages can be installed
and kept up-to-date via Julia.  As explained in the PyCall documentation,
set ENV["PYTHON"]="", run Pkg.build("PyCall"), and re-launch Julia. Then,
To install the asdf module, you can use `pyimport_conda("asdf", PKG)`,
where PKG is the Anaconda package the contains the module asdf,
or alternatively you can use the Conda package directly (via
`using Conda` followed by `Conda.add` etcetera).

) <class 'ModuleNotFoundError'>
ModuleNotFoundError("No module named 'asdf'",)

Stacktrace:
 [1] pyimport(::String) at /root/.julia/packages/PyCall/ttONZ/src/PyCall.jl:544
 [2] __init__() at /root/.julia/packages/ASDF/0SzlD/src/ASDF.jl:10
 [3] _include_from_serialized(::String, ::Array{Any,1}) at ./loading.jl:633
 [4] _require_from_serialized(::String) at ./loading.jl:684
 [5] _require(::Base.PkgId) at ./loading.jl:967
 [6] require(::Base.PkgId) at ./loading.jl:858
 [7] require(::Module, ::Symbol) at ./loading.jl:853
 [8] include at ./boot.jl:317 [inlined]
 [9] include_relative(::Module, ::String) at ./loading.jl:1044
 [10] include(::Module, ::String) at ./sysimg.jl:29
 [11] include(::String) at ./client.jl:392
 [12] top-level scope at none:0
during initialization of module ASDF
in expression starting at /root/.julia/packages/ASDF/0SzlD/test/runtests.jl:4
ERROR: Package ASDF errored during testing
Stacktrace:
 [1] pkgerror(::String, ::Vararg{String,N} where N) at /buildworker/worker/package_linux64/build/usr/share/julia/stdlib/v1.0/Pkg/src/Types.jl:120
 [2] #test#65(::Bool, ::Function, ::Pkg.Types.Context, ::Array{Pkg.Types.PackageSpec,1}) at /buildworker/worker/package_linux64/build/usr/share/julia/stdlib/v1.0/Pkg/src/Operations.jl:1357
 [3] #test at /buildworker/worker/package_linux64/build/usr/share/julia/stdlib/v1.0/Pkg/src/API.jl:0 [inlined]
 [4] #test#44(::Bool, ::Base.Iterators.Pairs{Union{},Union{},Tuple{},NamedTuple{(),Tuple{}}}, ::Function, ::Pkg.Types.Context, ::Array{Pkg.Types.PackageSpec,1}) at /buildworker/worker/package_linux64/build/usr/share/julia/stdlib/v1.0/Pkg/src/API.jl:278
 [5] test at /buildworker/worker/package_linux64/build/usr/share/julia/stdlib/v1.0/Pkg/src/API.jl:263 [inlined]
 [6] #test#43 at /buildworker/worker/package_linux64/build/usr/share/julia/stdlib/v1.0/Pkg/src/API.jl:260 [inlined]
 [7] test at /buildworker/worker/package_linux64/build/usr/share/julia/stdlib/v1.0/Pkg/src/API.jl:260 [inlined]
 [8] #test#42 at /buildworker/worker/package_linux64/build/usr/share/julia/stdlib/v1.0/Pkg/src/API.jl:259 [inlined]
 [9] test at /buildworker/worker/package_linux64/build/usr/share/julia/stdlib/v1.0/Pkg/src/API.jl:259 [inlined]
 [10] #test#41 at /buildworker/worker/package_linux64/build/usr/share/julia/stdlib/v1.0/Pkg/src/API.jl:258 [inlined]
 [11] test(::String) at /buildworker/worker/package_linux64/build/usr/share/julia/stdlib/v1.0/Pkg/src/API.jl:258
 [12] top-level scope at none:0
