 Resolving package versions...
 Installed Reexport ──────────────── v0.2.0
 Installed LargeMovieReviewDataset ─ v0.1.0
 Installed IniFile ───────────────── v0.5.0
 Installed BinaryProvider ────────── v0.5.8
 Installed DataDeps ──────────────── v0.7.1
 Installed HTTP ──────────────────── v0.8.8
 Installed MbedTLS ───────────────── v0.7.0
  Updating `~/.julia/environments/v1.2/Project.toml`
  [86ea995a] + LargeMovieReviewDataset v0.1.0
  Updating `~/.julia/environments/v1.2/Manifest.toml`
  [b99e7846] + BinaryProvider v0.5.8
  [124859b0] + DataDeps v0.7.1
  [cd3eb016] + HTTP v0.8.8
  [83e8ac13] + IniFile v0.5.0
  [86ea995a] + LargeMovieReviewDataset v0.1.0
  [739be429] + MbedTLS v0.7.0
  [189a3867] + Reexport v0.2.0
  [2a0f44e3] + Base64 
  [ade2ca70] + Dates 
  [8ba89e20] + Distributed 
  [b77e0a4c] + InteractiveUtils 
  [76f85450] + LibGit2 
  [8f399da3] + Libdl 
  [56ddb016] + Logging 
  [d6f4376e] + Markdown 
  [44cfe95a] + Pkg 
  [de0858da] + Printf 
  [3fa0cd96] + REPL 
  [9a3f8284] + Random 
  [ea8e919c] + SHA 
  [9e88b42a] + Serialization 
  [6462fe0b] + Sockets 
  [8dfed614] + Test 
  [cf7118a7] + UUIDs 
  [4ec0a83e] + Unicode 
  Building MbedTLS → `~/.julia/packages/MbedTLS/a1JFn/deps/build.log`
   Testing LargeMovieReviewDataset
 Resolving package versions...
    Status `/tmp/jl_PiPV4j/Manifest.toml`
  [b99e7846] BinaryProvider v0.5.8
  [124859b0] DataDeps v0.7.1
  [cd3eb016] HTTP v0.8.8
  [83e8ac13] IniFile v0.5.0
  [86ea995a] LargeMovieReviewDataset v0.1.0
  [739be429] MbedTLS v0.7.0
  [189a3867] Reexport v0.2.0
  [2a0f44e3] Base64  [`@stdlib/Base64`]
  [ade2ca70] Dates  [`@stdlib/Dates`]
  [8ba89e20] Distributed  [`@stdlib/Distributed`]
  [b77e0a4c] InteractiveUtils  [`@stdlib/InteractiveUtils`]
  [76f85450] LibGit2  [`@stdlib/LibGit2`]
  [8f399da3] Libdl  [`@stdlib/Libdl`]
  [56ddb016] Logging  [`@stdlib/Logging`]
  [d6f4376e] Markdown  [`@stdlib/Markdown`]
  [44cfe95a] Pkg  [`@stdlib/Pkg`]
  [de0858da] Printf  [`@stdlib/Printf`]
  [3fa0cd96] REPL  [`@stdlib/REPL`]
  [9a3f8284] Random  [`@stdlib/Random`]
  [ea8e919c] SHA  [`@stdlib/SHA`]
  [9e88b42a] Serialization  [`@stdlib/Serialization`]
  [6462fe0b] Sockets  [`@stdlib/Sockets`]
  [8dfed614] Test  [`@stdlib/Test`]
  [cf7118a7] UUIDs  [`@stdlib/UUIDs`]
  [4ec0a83e] Unicode  [`@stdlib/Unicode`]
LargeMovieReviewDataset.jl: Error During Test at /root/.julia/packages/LargeMovieReviewDataset/GPWqF/test/runtests.jl:3
  Got exception outside of a @test
  DataDeps.DisabledError("DataDeps download disabled, as we appear to be in a CI environment, and the environment variable `DATADEPS_ALWAYS_ACCEPT` is not set.\nIf this is indeed running in a headless CI environment, then set the `DATADEPS_ALWAYS_ACCEPT` environment variable to `true` to bypass the accept download prompt (if you do wish to always accept.)\nIf not, then either unset the `CI` environment variable from true, or set `DATADEPS_ALWAYS_ACCEPT` to `false` for the normal prompt behaviour.")
  Stacktrace:
   [1] #download#13(::String, ::Nothing, ::Bool, ::typeof(download), ::DataDeps.DataDep{String,String,typeof(DataDeps.fetch_default),typeof(DataDeps.unpack)}, ::String) at /root/.julia/packages/DataDeps/ai3FE/src/resolution_automatic.jl:26
   [2] download at /root/.julia/packages/DataDeps/ai3FE/src/resolution_automatic.jl:70 [inlined]
   [3] handle_missing at /root/.julia/packages/DataDeps/ai3FE/src/resolution_automatic.jl:10 [inlined]
   [4] _resolve(::DataDeps.DataDep{String,String,typeof(DataDeps.fetch_default),typeof(DataDeps.unpack)}, ::String) at /root/.julia/packages/DataDeps/ai3FE/src/resolution.jl:83
   [5] resolve(::DataDeps.DataDep{String,String,typeof(DataDeps.fetch_default),typeof(DataDeps.unpack)}, ::String, ::String) at /root/.julia/packages/DataDeps/ai3FE/src/resolution.jl:29
   [6] resolve(::String, ::String, ::String) at /root/.julia/packages/DataDeps/ai3FE/src/resolution.jl:54
   [7] #review_files#1(::Array{String,1}, ::Array{String,1}, ::typeof(review_files)) at /root/.julia/packages/DataDeps/ai3FE/src/resolution.jl:73
   [8] review_files() at /root/.julia/packages/LargeMovieReviewDataset/GPWqF/src/LargeMovieReviewDataset.jl:41
   [9] top-level scope at /root/.julia/packages/LargeMovieReviewDataset/GPWqF/test/runtests.jl:4
   [10] top-level scope at /buildworker/worker/package_linux64/build/usr/share/julia/stdlib/v1.2/Test/src/Test.jl:1113
   [11] top-level scope at /root/.julia/packages/LargeMovieReviewDataset/GPWqF/test/runtests.jl:4
   [12] include at ./boot.jl:328 [inlined]
   [13] include_relative(::Module, ::String) at ./loading.jl:1094
   [14] include(::Module, ::String) at ./Base.jl:31
   [15] include(::String) at ./client.jl:431
   [16] top-level scope at none:5
   [17] eval(::Module, ::Any) at ./boot.jl:330
   [18] exec_options(::Base.JLOptions) at ./client.jl:271
   [19] _start() at ./client.jl:464
  
Test Summary:              | Error  Total
LargeMovieReviewDataset.jl |     1      1
ERROR: LoadError: Some tests did not pass: 0 passed, 0 failed, 1 errored, 0 broken.
in expression starting at /root/.julia/packages/LargeMovieReviewDataset/GPWqF/test/runtests.jl:3
ERROR: Package LargeMovieReviewDataset errored during testing
Stacktrace:
 [1] pkgerror(::String, ::Vararg{String,N} where N) at /buildworker/worker/package_linux64/build/usr/share/julia/stdlib/v1.2/Pkg/src/Types.jl:112
 [2] #test#119(::Bool, ::Nothing, ::typeof(Pkg.Operations.test), ::Pkg.Types.Context, ::Array{Pkg.Types.PackageSpec,1}) at /buildworker/worker/package_linux64/build/usr/share/julia/stdlib/v1.2/Pkg/src/Operations.jl:1288
 [3] #test at ./none:0 [inlined]
 [4] #test#62(::Bool, ::Nothing, ::Base.Iterators.Pairs{Union{},Union{},Tuple{},NamedTuple{(),Tuple{}}}, ::typeof(Pkg.API.test), ::Pkg.Types.Context, ::Array{Pkg.Types.PackageSpec,1}) at /buildworker/worker/package_linux64/build/usr/share/julia/stdlib/v1.2/Pkg/src/API.jl:245
 [5] test at /buildworker/worker/package_linux64/build/usr/share/julia/stdlib/v1.2/Pkg/src/API.jl:233 [inlined]
 [6] #test#61 at /buildworker/worker/package_linux64/build/usr/share/julia/stdlib/v1.2/Pkg/src/API.jl:230 [inlined]
 [7] test at /buildworker/worker/package_linux64/build/usr/share/julia/stdlib/v1.2/Pkg/src/API.jl:230 [inlined]
 [8] #test#60 at /buildworker/worker/package_linux64/build/usr/share/julia/stdlib/v1.2/Pkg/src/API.jl:229 [inlined]
 [9] test at /buildworker/worker/package_linux64/build/usr/share/julia/stdlib/v1.2/Pkg/src/API.jl:229 [inlined]
 [10] #test#59(::Base.Iterators.Pairs{Union{},Union{},Tuple{},NamedTuple{(),Tuple{}}}, ::typeof(Pkg.API.test), ::String) at /buildworker/worker/package_linux64/build/usr/share/julia/stdlib/v1.2/Pkg/src/API.jl:228
 [11] test(::String) at /buildworker/worker/package_linux64/build/usr/share/julia/stdlib/v1.2/Pkg/src/API.jl:228
 [12] top-level scope at none:10
