 Resolving package versions...
 Installed WiltonInts84 ─ v0.2.1
  Updating `~/.julia/environments/v1.0/Project.toml`
  [a3e2863e] + WiltonInts84 v0.2.1
  Updating `~/.julia/environments/v1.0/Manifest.toml`
  [a3e2863e] + WiltonInts84 v0.2.1
  [2a0f44e3] + Base64 
  [8ba89e20] + Distributed 
  [b77e0a4c] + InteractiveUtils 
  [8f399da3] + Libdl 
  [37e2e46d] + LinearAlgebra 
  [56ddb016] + Logging 
  [d6f4376e] + Markdown 
  [9a3f8284] + Random 
  [9e88b42a] + Serialization 
  [6462fe0b] + Sockets 
  [8dfed614] + Test 
   Testing WiltonInts84
 Resolving package versions...
 Installed URIParser ─────────── v0.4.0
 Installed BinDeps ───────────── v0.8.10
 Installed OrderedCollections ── v1.1.0
 Installed BinaryProvider ────── v0.5.8
 Installed StaticArrays ──────── v0.12.1
 Installed SpecialFunctions ──── v0.8.0
 Installed FastGaussQuadrature ─ v0.4.0
 Installed JLD2 ──────────────── v0.1.8
 Installed CodecZlib ─────────── v0.6.0
 Installed Compat ────────────── v2.2.0
 Installed FileIO ────────────── v1.0.7
 Installed DataStructures ────── v0.17.6
 Installed TranscodingStreams ── v0.9.5
  Building SpecialFunctions → `~/.julia/packages/SpecialFunctions/ne2iw/deps/build.log`
  Building CodecZlib ───────→ `~/.julia/packages/CodecZlib/5t9zO/deps/build.log`
    Status `/tmp/tmplpoift/Manifest.toml`
  [9e28174c] BinDeps v0.8.10
  [b99e7846] BinaryProvider v0.5.8
  [944b1d66] CodecZlib v0.6.0
  [34da2185] Compat v2.2.0
  [864edb3b] DataStructures v0.17.6
  [442a2c76] FastGaussQuadrature v0.4.0
  [5789e2e9] FileIO v1.0.7
  [033835bb] JLD2 v0.1.8
  [bac558e1] OrderedCollections v1.1.0
  [276daf66] SpecialFunctions v0.8.0
  [90137ffa] StaticArrays v0.12.1
  [3bb67fe8] TranscodingStreams v0.9.5
  [30578b45] URIParser v0.4.0
  [a3e2863e] WiltonInts84 v0.2.1
  [2a0f44e3] Base64  [`@stdlib/Base64`]
  [ade2ca70] Dates  [`@stdlib/Dates`]
  [8bb1440f] DelimitedFiles  [`@stdlib/DelimitedFiles`]
  [8ba89e20] Distributed  [`@stdlib/Distributed`]
  [b77e0a4c] InteractiveUtils  [`@stdlib/InteractiveUtils`]
  [76f85450] LibGit2  [`@stdlib/LibGit2`]
  [8f399da3] Libdl  [`@stdlib/Libdl`]
  [37e2e46d] LinearAlgebra  [`@stdlib/LinearAlgebra`]
  [56ddb016] Logging  [`@stdlib/Logging`]
  [d6f4376e] Markdown  [`@stdlib/Markdown`]
  [a63ad114] Mmap  [`@stdlib/Mmap`]
  [44cfe95a] Pkg  [`@stdlib/Pkg`]
  [de0858da] Printf  [`@stdlib/Printf`]
  [3fa0cd96] REPL  [`@stdlib/REPL`]
  [9a3f8284] Random  [`@stdlib/Random`]
  [ea8e919c] SHA  [`@stdlib/SHA`]
  [9e88b42a] Serialization  [`@stdlib/Serialization`]
  [1a1011a3] SharedArrays  [`@stdlib/SharedArrays`]
  [6462fe0b] Sockets  [`@stdlib/Sockets`]
  [2f01184e] SparseArrays  [`@stdlib/SparseArrays`]
  [10745b16] Statistics  [`@stdlib/Statistics`]
  [8dfed614] Test  [`@stdlib/Test`]
  [cf7118a7] UUIDs  [`@stdlib/UUIDs`]
  [4ec0a83e] Unicode  [`@stdlib/Unicode`]
   Testing WiltonInts84 tests passed 
