 Resolving package versions...
 Installed DataAPI ───────────────────── v1.1.0
 Installed Missings ──────────────────── v0.4.3
 Installed Showoff ───────────────────── v0.3.1
 Installed TableTraits ───────────────── v1.0.0
 Installed DataFrames ────────────────── v0.19.4
 Installed Contour ───────────────────── v0.5.1
 Installed PtFEM ─────────────────────── v1.0.0
 Installed Measures ──────────────────── v0.3.0
 Installed AxisAlgorithms ────────────── v1.0.0
 Installed DocStringExtensions ───────── v0.8.1
 Installed Colors ────────────────────── v0.9.6
 Installed BinaryProvider ────────────── v0.5.8
 Installed StatsBase ─────────────────── v0.32.0
 Installed DataValueInterfaces ───────── v1.0.0
 Installed Plots ─────────────────────── v0.27.0
 Installed Requires ──────────────────── v0.5.2
 Installed Reexport ──────────────────── v0.2.0
 Installed OffsetArrays ──────────────── v0.11.1
 Installed Compat ────────────────────── v2.2.0
 Installed PooledArrays ──────────────── v0.5.2
 Installed InvertedIndices ───────────── v1.0.0
 Installed OrderedCollections ────────── v1.1.0
 Installed Tables ────────────────────── v0.2.11
 Installed RecipesBase ───────────────── v0.7.0
 Installed IterTools ─────────────────── v1.3.0
 Installed FixedPointNumbers ─────────── v0.6.1
 Installed Parsers ───────────────────── v0.3.10
 Installed DataStructures ────────────── v0.17.6
 Installed JSON ──────────────────────── v0.21.0
 Installed Ratios ────────────────────── v0.3.1
 Installed FFMPEG ────────────────────── v0.2.3
 Installed NaNMath ───────────────────── v0.3.3
 Installed CustomUnitRanges ──────────── v0.2.0
 Installed StaticArrays ──────────────── v0.12.1
 Installed IteratorInterfaceExtensions ─ v1.0.0
 Installed QuadGK ────────────────────── v2.1.1
 Installed GeometryTypes ─────────────── v0.7.6
 Installed CategoricalArrays ─────────── v0.7.3
 Installed SortingAlgorithms ─────────── v0.3.1
 Installed WoodburyMatrices ──────────── v0.4.1
 Installed Documenter ────────────────── v0.24.0
 Installed PlotThemes ────────────────── v0.4.0
 Installed PlotUtils ─────────────────── v0.6.1
 Installed ColorTypes ────────────────── v0.8.0
 Installed Interpolations ────────────── v0.12.5
 Installed GR ────────────────────────── v0.42.0
  Updating `~/.julia/environments/v1.2/Project.toml`
  [9b64898b] + PtFEM v1.0.0
  Updating `~/.julia/environments/v1.2/Manifest.toml`
  [13072b0f] + AxisAlgorithms v1.0.0
  [b99e7846] + BinaryProvider v0.5.8
  [324d7699] + CategoricalArrays v0.7.3
  [3da002f7] + ColorTypes v0.8.0
  [5ae59095] + Colors v0.9.6
  [34da2185] + Compat v2.2.0
  [d38c429a] + Contour v0.5.1
  [dc8bdbbb] + CustomUnitRanges v0.2.0
  [9a962f9c] + DataAPI v1.1.0
  [a93c6f00] + DataFrames v0.19.4
  [864edb3b] + DataStructures v0.17.6
  [e2d170a0] + DataValueInterfaces v1.0.0
  [ffbed154] + DocStringExtensions v0.8.1
  [e30172f5] + Documenter v0.24.0
  [c87230d0] + FFMPEG v0.2.3
  [53c48c17] + FixedPointNumbers v0.6.1
  [28b8d3ca] + GR v0.42.0
  [4d00f742] + GeometryTypes v0.7.6
  [a98d9a8b] + Interpolations v0.12.5
  [41ab1584] + InvertedIndices v1.0.0
  [c8e1da08] + IterTools v1.3.0
  [82899510] + IteratorInterfaceExtensions v1.0.0
  [682c06a0] + JSON v0.21.0
  [442fdcdd] + Measures v0.3.0
  [e1d29d7a] + Missings v0.4.3
  [77ba4419] + NaNMath v0.3.3
  [6fe1bfb0] + OffsetArrays v0.11.1
  [bac558e1] + OrderedCollections v1.1.0
  [69de0a69] + Parsers v0.3.10
  [ccf2f8ad] + PlotThemes v0.4.0
  [995b91a9] + PlotUtils v0.6.1
  [91a5bcdd] + Plots v0.27.0
  [2dfb63ee] + PooledArrays v0.5.2
  [9b64898b] + PtFEM v1.0.0
  [1fd47b50] + QuadGK v2.1.1
  [c84ed2f1] + Ratios v0.3.1
  [3cdcf5f2] + RecipesBase v0.7.0
  [189a3867] + Reexport v0.2.0
  [ae029012] + Requires v0.5.2
  [992d4aef] + Showoff v0.3.1
  [a2af1166] + SortingAlgorithms v0.3.1
  [90137ffa] + StaticArrays v0.12.1
  [2913bbd2] + StatsBase v0.32.0
  [3783bdb8] + TableTraits v1.0.0
  [bd369af6] + Tables v0.2.11
  [efce3f68] + WoodburyMatrices v0.4.1
  [2a0f44e3] + Base64 
  [ade2ca70] + Dates 
  [8bb1440f] + DelimitedFiles 
  [8ba89e20] + Distributed 
  [9fa8497b] + Future 
  [b77e0a4c] + InteractiveUtils 
  [76f85450] + LibGit2 
  [8f399da3] + Libdl 
  [37e2e46d] + LinearAlgebra 
  [56ddb016] + Logging 
  [d6f4376e] + Markdown 
  [a63ad114] + Mmap 
  [44cfe95a] + Pkg 
  [de0858da] + Printf 
  [3fa0cd96] + REPL 
  [9a3f8284] + Random 
  [ea8e919c] + SHA 
  [9e88b42a] + Serialization 
  [1a1011a3] + SharedArrays 
  [6462fe0b] + Sockets 
  [2f01184e] + SparseArrays 
  [10745b16] + Statistics 
  [4607b0f0] + SuiteSparse 
  [8dfed614] + Test 
  [cf7118a7] + UUIDs 
  [4ec0a83e] + Unicode 
  Building GR ────→ `~/.julia/packages/GR/f1Iqi/deps/build.log`
  Building FFMPEG → `~/.julia/packages/FFMPEG/bkWgb/deps/build.log`
  Building Plots ─→ `~/.julia/packages/Plots/Iuc9S/deps/build.log`
   Testing PtFEM
 Resolving package versions...
    Status `/tmp/jl_nKMEV0/Manifest.toml`
  [13072b0f] AxisAlgorithms v1.0.0
  [b99e7846] BinaryProvider v0.5.8
  [324d7699] CategoricalArrays v0.7.3
  [3da002f7] ColorTypes v0.8.0
  [5ae59095] Colors v0.9.6
  [34da2185] Compat v2.2.0
  [d38c429a] Contour v0.5.1
  [dc8bdbbb] CustomUnitRanges v0.2.0
  [9a962f9c] DataAPI v1.1.0
  [a93c6f00] DataFrames v0.19.4
  [864edb3b] DataStructures v0.17.6
  [e2d170a0] DataValueInterfaces v1.0.0
  [ffbed154] DocStringExtensions v0.8.1
  [e30172f5] Documenter v0.24.0
  [c87230d0] FFMPEG v0.2.3
  [53c48c17] FixedPointNumbers v0.6.1
  [28b8d3ca] GR v0.42.0
  [4d00f742] GeometryTypes v0.7.6
  [a98d9a8b] Interpolations v0.12.5
  [41ab1584] InvertedIndices v1.0.0
  [c8e1da08] IterTools v1.3.0
  [82899510] IteratorInterfaceExtensions v1.0.0
  [682c06a0] JSON v0.21.0
  [442fdcdd] Measures v0.3.0
  [e1d29d7a] Missings v0.4.3
  [77ba4419] NaNMath v0.3.3
  [6fe1bfb0] OffsetArrays v0.11.1
  [bac558e1] OrderedCollections v1.1.0
  [69de0a69] Parsers v0.3.10
  [ccf2f8ad] PlotThemes v0.4.0
  [995b91a9] PlotUtils v0.6.1
  [91a5bcdd] Plots v0.27.0
  [2dfb63ee] PooledArrays v0.5.2
  [9b64898b] PtFEM v1.0.0
  [1fd47b50] QuadGK v2.1.1
  [c84ed2f1] Ratios v0.3.1
  [3cdcf5f2] RecipesBase v0.7.0
  [189a3867] Reexport v0.2.0
  [ae029012] Requires v0.5.2
  [992d4aef] Showoff v0.3.1
  [a2af1166] SortingAlgorithms v0.3.1
  [90137ffa] StaticArrays v0.12.1
  [2913bbd2] StatsBase v0.32.0
  [3783bdb8] TableTraits v1.0.0
  [bd369af6] Tables v0.2.11
  [efce3f68] WoodburyMatrices v0.4.1
  [2a0f44e3] Base64  [`@stdlib/Base64`]
  [ade2ca70] Dates  [`@stdlib/Dates`]
  [8bb1440f] DelimitedFiles  [`@stdlib/DelimitedFiles`]
  [8ba89e20] Distributed  [`@stdlib/Distributed`]
  [9fa8497b] Future  [`@stdlib/Future`]
  [b77e0a4c] InteractiveUtils  [`@stdlib/InteractiveUtils`]
  [76f85450] LibGit2  [`@stdlib/LibGit2`]
  [8f399da3] Libdl  [`@stdlib/Libdl`]
  [37e2e46d] LinearAlgebra  [`@stdlib/LinearAlgebra`]
  [56ddb016] Logging  [`@stdlib/Logging`]
  [d6f4376e] Markdown  [`@stdlib/Markdown`]
  [a63ad114] Mmap  [`@stdlib/Mmap`]
  [44cfe95a] Pkg  [`@stdlib/Pkg`]
  [de0858da] Printf  [`@stdlib/Printf`]
  [3fa0cd96] REPL  [`@stdlib/REPL`]
  [9a3f8284] Random  [`@stdlib/Random`]
  [ea8e919c] SHA  [`@stdlib/SHA`]
  [9e88b42a] Serialization  [`@stdlib/Serialization`]
  [1a1011a3] SharedArrays  [`@stdlib/SharedArrays`]
  [6462fe0b] Sockets  [`@stdlib/Sockets`]
  [2f01184e] SparseArrays  [`@stdlib/SparseArrays`]
  [10745b16] Statistics  [`@stdlib/Statistics`]
  [4607b0f0] SuiteSparse  [`@stdlib/SuiteSparse`]
  [8dfed614] Test  [`@stdlib/Test`]
  [cf7118a7] UUIDs  [`@stdlib/UUIDs`]
  [4ec0a83e] Unicode  [`@stdlib/Unicode`]


Running PtFEM/PtFEM.jl tests:




  * p41.1.jl *

There are 4 equations.

  8.110410 seconds (7.79 M allocations: 389.087 MiB, 5.79% gc time)

Testing: round.(m.displacements, digits=8) == [-2.5e-5 -2.344e-5 -1.875e-5 -1.094e-5 0.0]'



  * p41.2.jl *

There are 4 equations.

  0.114082 seconds (32.20 k allocations: 1.897 MiB)

Testing: round.(fem.displacements, digits=7) == [0.0 0.0166667 0.0333333 0.0416667 0.05]' 



  * p42.2.jl *

There are 10 equations.

  2.265722 seconds (1.72 M allocations: 85.697 MiB, 3.02% gc time)


  * p43.1b.jl *

There are 3 equations.

  2.063943 seconds (1.58 M allocations: 80.757 MiB, 7.21% gc time)


  * p44.2.jl *

There are 12 equations.

  2.243401 seconds (1.70 M allocations: 87.712 MiB, 2.40% gc time)


  * p45.2.jl *

There are 36 equations.


Load step: 1, load factor: 0.5
...
   Node     Displacement(s) and Rotation(s)  (Iterations: 3)
    7  [0.0, 0.0, 0.00010588023169625156, -6.345210166129237e-5, -6.345210166129234e-5, 0.0]

Load step: 2, load factor: 1.0
...
   Node     Displacement(s) and Rotation(s)  (Iterations: 3)
    7  [0.0, 0.0, 0.00021173455349906254, -0.00012688543734804274, -0.00012688543734804274, 0.0]

Load step: 3, load factor: 1.5
..................
   Node     Displacement(s) and Rotation(s)  (Iterations: 18)
    7  [0.0, 0.0, 0.0003247279291115426, -0.0001935766868045201, -0.0001935766868045201, 0.0]

Load step: 4, load factor: 1.55
........................................................................................................................................................................................................
   Node     Displacement(s) and Rotation(s)  (Iterations: 200)
    7  [0.0, 0.0, 0.001510039048267111, -0.0007906241621841454, -0.0007906241621841461, 0.0]
  2.657263 seconds (2.56 M allocations: 151.974 MiB, 3.69% gc time)


  * p46.2.jl *

There are 7 equations.

  1.150859 seconds (998.16 k allocations: 49.129 MiB, 2.13% gc time)


  * p47.1.jl *


There are 16 equations.

  4.574375 seconds (5.14 M allocations: 255.450 MiB, 6.96% gc time)
┌ Warning: `convert(::Type{Array}, dfr::DataFrameRow)` is deprecated, use `permutedims(Vector(dfr))` instead.
│   caller = top-level scope at test_p47.1.jl:28
└ @ Core ~/.julia/packages/PtFEM/qq8cm/test/test_p47.1.jl:28


  * p51.1.jl *

There are 12 equations.
  6.234381 seconds (5.80 M allocations: 289.624 MiB, 6.64% gc time)


  * p51.2.jl *

There are 64 equations.
  0.004326 seconds (2.33 k allocations: 2.147 MiB)


  * p51.3.jl *

There are 12 equations.
  0.084136 seconds (19.50 k allocations: 1.172 MiB)


  * p51.4.jl *

There are 36 equations.
  0.002137 seconds (1.38 k allocations: 457.109 KiB)


  * p51.5.jl *

There are 12 equations.
  0.081877 seconds (67.13 k allocations: 3.491 MiB)


  * p52.1.jl *

There are 65 equations.

  1.802636 seconds (1.04 M allocations: 51.225 MiB, 1.54% gc time)


  * p53.1.jl *

There are 124 equations.

  3.768877 seconds (4.62 M allocations: 232.477 MiB, 4.52% gc time)


  * p54.1.jl *

There are 48 equations.


Element  x-coord   y-coord      sig_x        sig_y        tau_xy
  1.989320 seconds (2.03 M allocations: 98.474 MiB, 4.70% gc time)


  * p54.2.jl *

There are 12 equations.

  0.202425 seconds (257.69 k allocations: 14.000 MiB)


  * p55.1.jl *

There are 320 equations.

  1.696855 seconds (1.41 M allocations: 70.228 MiB, 4.01% gc time)


  * p56.1.jl *

There are 124 equations.

.[cg_iters beta] = [1.0 0.6308344574242869]
.[cg_iters beta] = [2.0 0.5534777847787479]
.[cg_iters beta] = [3.0 0.8472960789246741]
.[cg_iters beta] = [4.0 1.7978999039274435]
.[cg_iters beta] = [5.0 1.0801321709499883]
.[cg_iters beta] = [6.0 1.1982888738627668]
.[cg_iters beta] = [7.0 0.5463022185673461]
.[cg_iters beta] = [8.0 0.6681088955858153]
.[cg_iters beta] = [9.0 0.6981204144945495]
.[cg_iters beta] = [10.0 0.8684742112131253]
.[cg_iters beta] = [11.0 0.8588241477599358]
.[cg_iters beta] = [12.0 0.8240986268443061]
.[cg_iters beta] = [13.0 0.5101760171594514]
.[cg_iters beta] = [14.0 0.48735550141772255]
.[cg_iters beta] = [15.0 0.4974603816376957]
.[cg_iters beta] = [16.0 0.6677159567893369]
.[cg_iters beta] = [17.0 0.9890435968614353]
.[cg_iters beta] = [18.0 1.0370478570565262]
.[cg_iters beta] = [19.0 0.8585996850596115]
.[cg_iters beta] = [20.0 0.6499377682929569]
.[cg_iters beta] = [21.0 0.6437143206344133]
.[cg_iters beta] = [22.0 0.5416384719288397]
.[cg_iters beta] = [23.0 0.6742078117395407]
.[cg_iters beta] = [24.0 0.81806698116008]
.[cg_iters beta] = [25.0 0.6444936052973578]
.[cg_iters beta] = [26.0 0.5705648769137379]
.[cg_iters beta] = [27.0 0.8840928737781287]
.[cg_iters beta] = [28.0 0.5125015041453289]
.[cg_iters beta] = [29.0 0.9952979924071997]
.[cg_iters beta] = [30.0 0.5457029199924582]
.[cg_iters beta] = [31.0 0.6082834474558595]
.[cg_iters beta] = [32.0 0.9946031341691818]
.[cg_iters beta] = [33.0 1.0801784000668193]
.[cg_iters beta] = [34.0 0.5545098954395216]
.[cg_iters beta] = [35.0 0.5949742151467284]
.[cg_iters beta] = [36.0 1.341258369449811]
.[cg_iters beta] = [37.0 0.800375951411465]
.[cg_iters beta] = [38.0 1.8971224818597627]
.[cg_iters beta] = [39.0 0.3270788680716018]
.[cg_iters beta] = [40.0 0.7850722347362575]
.[cg_iters beta] = [41.0 0.6564635498023603]
.[cg_iters beta] = [42.0 0.8178675512976785]
.[cg_iters beta] = [43.0 1.6443771024443314]
.[cg_iters beta] = [44.0 0.33673422789619256]
.[cg_iters beta] = [45.0 0.6381982027965335]
.[cg_iters beta] = [46.0 0.7544894577930091]
.[cg_iters beta] = [47.0 1.4734686668009713]
.[cg_iters beta] = [48.0 0.3411818674046151]
.[cg_iters beta] = [49.0 1.4049980282984444]
.[cg_iters beta] = [50.0 0.5579905802831682]
.[cg_iters beta] = [51.0 0.38430859440112924]
.[cg_iters beta] = [52.0 0.5486937295626413]
.[cg_iters beta] = [53.0 0.46723887196808306]
.[cg_iters beta] = [54.0 0.8278315507503343]
.[cg_iters beta] = [55.0 1.2884138168546713]
.[cg_iters beta] = [56.0 0.5710413744971096]
.[cg_iters beta] = [57.0 0.5310589650483231]
.[cg_iters beta] = [58.0 0.7121395227406003]
.[cg_iters beta] = [59.0 1.285497030259045]
.[cg_iters beta] = [60.0 0.44941978120328163]
.[cg_iters beta] = [61.0 1.6453994944979318]
.[cg_iters beta] = [62.0 0.32593160873642946]
.[cg_iters beta] = [63.0 0.4487898001964038]
.[cg_iters beta] = [64.0 0.6579399900200099]
.[cg_iters beta] = [65.0 1.9028922181988945]
.[cg_iters beta] = [66.0 0.38082846184015134]
.[cg_iters beta] = [67.0 1.0534388524298348]
.[cg_iters beta] = [68.0 0.3611316601543845]
.[cg_iters beta] = [69.0 0.7529912318572738]
.[cg_iters beta] = [70.0 0.414046277008653]
.[cg_iters beta] = [71.0 0.5152179381335333]
.[cg_iters beta] = [72.0 0.5884935004623641]
.[cg_iters beta] = [73.0 1.1706399601044193]

Number of cg iterations to convergence was 73.
  4.289812 seconds (4.36 M allocations: 225.766 MiB, 5.63% gc time)
┌ Warning: `convert(::Type{Array}, dfr::DataFrameRow)` is deprecated, use `permutedims(Vector(dfr))` instead.
│   caller = top-level scope at test_p56.1.jl:35
└ @ Core ~/.julia/packages/PtFEM/qq8cm/test/test_p56.1.jl:35


  * p61.1.jl *

There are 192 equations and the skyline storage is 4322.
   step     load        disp          iters
    1       200.0    -6.5927e-03       2
    2       300.0    -1.1550e-02       11
    3       350.0    -1.6303e-02       20
    4       400.0    -2.3172e-02       33
    5       450.0    -3.3212e-02       45
    6       480.0    -4.2355e-02       66
    7       500.0    -5.0957e-02       82
    8       510.0    -5.6793e-02       100
    9       515.0    -6.1090e-02       160
   10       519.0    -7.1349e-02       250

  6.981099 seconds (10.23 M allocations: 697.912 MiB, 6.70% gc time)


  * p62.1.jl *

There are 192 equations.
 1       200.0    -6.5925e-03    2       50.0
 2       300.0    -1.1549e-02    11       51.82
 3       350.0    -1.6301e-02    20       53.7
 4       400.0    -2.3169e-02    33       54.55
 5       450.0    -3.3211e-02    45       54.73
 6       480.0    -4.2357e-02    66       54.8
 7       500.0    -5.0967e-02    82       54.8
 8       510.0    -5.6800e-02    100       54.82
 9       515.0    -6.1014e-02    152       54.62
10       519.0    -7.1163e-02    250       55.66

┌ Warning: `setindex!(df::DataFrame, v::AbstractVector, col_ind::ColumnIndex)` is deprecated, use `begin
│     df[!, col_ind] = v
│     df
│ end` instead.
│   caller = p62(::Dict{Symbol,Any}) at p62.jl:465
└ @ PtFEM ~/.julia/packages/PtFEM/qq8cm/src/6 Material Nonlinearity/p62.jl:465
┌ Warning: `setindex!(df::DataFrame, v::AbstractVector, col_ind::ColumnIndex)` is deprecated, use `begin
│     df[!, col_ind] = v
│     df
│ end` instead.
│   caller = p62(::Dict{Symbol,Any}) at p62.jl:466
└ @ PtFEM ~/.julia/packages/PtFEM/qq8cm/src/6 Material Nonlinearity/p62.jl:466
┌ Warning: `setindex!(df::DataFrame, v::AbstractVector, col_ind::ColumnIndex)` is deprecated, use `begin
│     df[!, col_ind] = v
│     df
│ end` instead.
│   caller = p62(::Dict{Symbol,Any}) at p62.jl:467
└ @ PtFEM ~/.julia/packages/PtFEM/qq8cm/src/6 Material Nonlinearity/p62.jl:467
┌ Warning: `setindex!(df::DataFrame, v::AbstractVector, col_ind::ColumnIndex)` is deprecated, use `begin
│     df[!, col_ind] = v
│     df
│ end` instead.
│   caller = p62(::Dict{Symbol,Any}) at p62.jl:468
└ @ PtFEM ~/.julia/packages/PtFEM/qq8cm/src/6 Material Nonlinearity/p62.jl:468
 16.327975 seconds (31.00 M allocations: 6.050 GiB, 6.62% gc time)
┌ Warning: `getindex(df::DataFrame, col_ind::ColumnIndex)` is deprecated, use `df[!, col_ind]` instead.
│   caller = top-level scope at test_p62.1.jl:30
└ @ Core ~/.julia/packages/PtFEM/qq8cm/test/test_p62.1.jl:30
┌ Warning: `getindex(df::DataFrame, col_ind::ColumnIndex)` is deprecated, use `df[!, col_ind]` instead.
│   caller = top-level scope at test_p62.1.jl:31
└ @ Core ~/.julia/packages/PtFEM/qq8cm/test/test_p62.1.jl:31


  * p63.1.jl *

There are 4800 equations.


step   disp    load1    load2     iters

1     0.001   57.33294 54.9679    11
2     0.002   85.0191 82.48724    22
3     0.003   111.23223 108.43396    25
4     0.004   136.62429 133.63711    27
5     0.005   161.27425 158.0585    30
6     0.006   185.25765 181.76863    33
7     0.007   208.59404 204.79971    36
8     0.008   231.31382 227.17024    40
9     0.009   253.25585 248.98587    57
10     0.01   274.35146 270.01839    81

 21.634981 seconds (48.78 M allocations: 4.239 GiB, 6.44% gc time)

Test Summary: | Pass  Total
PtFEM.jl      |   24     24
   Testing PtFEM tests passed 
