 Resolving package versions...
 Installed Compat ───────────── v3.0.0
 Installed Tokenize ─────────── v0.5.6
 Installed Traceur ──────────── v0.3.0
 Installed CSTParser ────────── v1.0.0
 Installed OrderedCollections ─ v1.1.0
 Installed Cassette ─────────── v0.2.6
 Installed DataStructures ───── v0.17.6
 Installed MacroTools ───────── v0.5.1
  Updating `~/.julia/environments/v1.2/Project.toml`
  [37b6cedf] + Traceur v0.3.0
  Updating `~/.julia/environments/v1.2/Manifest.toml`
  [00ebfdb7] + CSTParser v1.0.0
  [7057c7e9] + Cassette v0.2.6
  [34da2185] + Compat v3.0.0
  [864edb3b] + DataStructures v0.17.6
  [1914dd2f] + MacroTools v0.5.1
  [bac558e1] + OrderedCollections v1.1.0
  [0796e94c] + Tokenize v0.5.6
  [37b6cedf] + Traceur v0.3.0
  [2a0f44e3] + Base64 
  [ade2ca70] + Dates 
  [8bb1440f] + DelimitedFiles 
  [8ba89e20] + Distributed 
  [b77e0a4c] + InteractiveUtils 
  [76f85450] + LibGit2 
  [8f399da3] + Libdl 
  [37e2e46d] + LinearAlgebra 
  [56ddb016] + Logging 
  [d6f4376e] + Markdown 
  [a63ad114] + Mmap 
  [44cfe95a] + Pkg 
  [de0858da] + Printf 
  [3fa0cd96] + REPL 
  [9a3f8284] + Random 
  [ea8e919c] + SHA 
  [9e88b42a] + Serialization 
  [1a1011a3] + SharedArrays 
  [6462fe0b] + Sockets 
  [2f01184e] + SparseArrays 
  [10745b16] + Statistics 
  [8dfed614] + Test 
  [cf7118a7] + UUIDs 
  [4ec0a83e] + Unicode 
   Testing Traceur
    Status `/tmp/jl_89AHDd/Manifest.toml`
  [00ebfdb7] CSTParser v1.0.0
  [7057c7e9] Cassette v0.2.6
  [34da2185] Compat v3.0.0
  [864edb3b] DataStructures v0.17.6
  [1914dd2f] MacroTools v0.5.1
  [bac558e1] OrderedCollections v1.1.0
  [0796e94c] Tokenize v0.5.6
  [37b6cedf] Traceur v0.3.0
  [2a0f44e3] Base64  [`@stdlib/Base64`]
  [ade2ca70] Dates  [`@stdlib/Dates`]
  [8bb1440f] DelimitedFiles  [`@stdlib/DelimitedFiles`]
  [8ba89e20] Distributed  [`@stdlib/Distributed`]
  [b77e0a4c] InteractiveUtils  [`@stdlib/InteractiveUtils`]
  [76f85450] LibGit2  [`@stdlib/LibGit2`]
  [8f399da3] Libdl  [`@stdlib/Libdl`]
  [37e2e46d] LinearAlgebra  [`@stdlib/LinearAlgebra`]
  [56ddb016] Logging  [`@stdlib/Logging`]
  [d6f4376e] Markdown  [`@stdlib/Markdown`]
  [a63ad114] Mmap  [`@stdlib/Mmap`]
  [44cfe95a] Pkg  [`@stdlib/Pkg`]
  [de0858da] Printf  [`@stdlib/Printf`]
  [3fa0cd96] REPL  [`@stdlib/REPL`]
  [9a3f8284] Random  [`@stdlib/Random`]
  [ea8e919c] SHA  [`@stdlib/SHA`]
  [9e88b42a] Serialization  [`@stdlib/Serialization`]
  [1a1011a3] SharedArrays  [`@stdlib/SharedArrays`]
  [6462fe0b] Sockets  [`@stdlib/Sockets`]
  [2f01184e] SparseArrays  [`@stdlib/SparseArrays`]
  [10745b16] Statistics  [`@stdlib/Statistics`]
  [8dfed614] Test  [`@stdlib/Test`]
  [cf7118a7] UUIDs  [`@stdlib/UUIDs`]
  [4ec0a83e] Unicode  [`@stdlib/Unicode`]
WARNING: Compat.Markdown is deprecated, use Markdown instead.
  likely near /root/.julia/packages/MacroTools/ys44U/src/MacroTools.jl:4
WARNING: Compat.Random is deprecated, use Random instead.
  likely near /root/.julia/packages/MacroTools/ys44U/src/MacroTools.jl:35
Traceur: Test Failed at /root/.julia/packages/Traceur/OKJwj/test/runtests.jl:61
  Expression: isempty(ws)
   Evaluated: isempty(Traceur.Warning[Traceur.Warning(Traceur.DynamicCall{typeof(Base.vect),Tuple{Int64}}(Base.vect, (1,)), -1, " is assigned as Tuple{Int64,Int64}", Traceur.Call[Traceur.DynamicCall{typeof(Base.vect),Tuple{Int64}}(Base.vect, (1,))]), Traceur.Warning(Traceur.DynamicCall{typeof(Base.vect),Tuple{Int64}}(Base.vect, (1,)), -1, " is assigned as Nothing", Traceur.Call[Traceur.DynamicCall{typeof(Base.vect),Tuple{Int64}}(Base.vect, (1,))]), Traceur.Warning(Traceur.DynamicCall{typeof(naive_sum),Tuple{Array{Int64,1}}}(naive_sum, ([1],)), -1, " is assigned as Union{Nothing, Tuple{Int64,Int64}}", Traceur.Call[Traceur.DynamicCall{typeof(naive_sum),Tuple{Array{Int64,1}}}(naive_sum, ([1],))]), Traceur.Warning(Traceur.DynamicCall{typeof(naive_sum),Tuple{Array{Int64,1}}}(naive_sum, ([1],)), -1, " is assigned as Union{Nothing, Tuple{Int64,Int64}}", Traceur.Call[Traceur.DynamicCall{typeof(naive_sum),Tuple{Array{Int64,1}}}(naive_sum, ([1],))])])
Stacktrace:
 [1] top-level scope at /root/.julia/packages/Traceur/OKJwj/test/runtests.jl:61
 [2] top-level scope at /buildworker/worker/package_linux64/build/usr/share/julia/stdlib/v1.2/Test/src/Test.jl:1113
 [3] top-level scope at /root/.julia/packages/Traceur/OKJwj/test/runtests.jl:51
depth limiting: Test Failed at /root/.julia/packages/Traceur/OKJwj/test/runtests.jl:81
  Expression: length(ws) == 4
   Evaluated: 6 == 4
Stacktrace:
 [1] top-level scope at /root/.julia/packages/Traceur/OKJwj/test/runtests.jl:81
 [2] top-level scope at /buildworker/worker/package_linux64/build/usr/share/julia/stdlib/v1.2/Test/src/Test.jl:1113
 [3] top-level scope at /root/.julia/packages/Traceur/OKJwj/test/runtests.jl:76
 [4] top-level scope at /buildworker/worker/package_linux64/build/usr/share/julia/stdlib/v1.2/Test/src/Test.jl:1113
 [5] top-level scope at /root/.julia/packages/Traceur/OKJwj/test/runtests.jl:51
module specific: Test Failed at /root/.julia/packages/Traceur/OKJwj/test/runtests.jl:91
  Expression: length(ws) == 3
   Evaluated: 5 == 3
Stacktrace:
 [1] top-level scope at /root/.julia/packages/Traceur/OKJwj/test/runtests.jl:91
 [2] top-level scope at /buildworker/worker/package_linux64/build/usr/share/julia/stdlib/v1.2/Test/src/Test.jl:1113
 [3] top-level scope at /root/.julia/packages/Traceur/OKJwj/test/runtests.jl:86
 [4] top-level scope at /buildworker/worker/package_linux64/build/usr/share/julia/stdlib/v1.2/Test/src/Test.jl:1113
 [5] top-level scope at /root/.julia/packages/Traceur/OKJwj/test/runtests.jl:51
module specific: Test Failed at /root/.julia/packages/Traceur/OKJwj/test/runtests.jl:95
  Expression: length(ws) == 4
   Evaluated: 6 == 4
Stacktrace:
 [1] top-level scope at /root/.julia/packages/Traceur/OKJwj/test/runtests.jl:95
 [2] top-level scope at /buildworker/worker/package_linux64/build/usr/share/julia/stdlib/v1.2/Test/src/Test.jl:1113
 [3] top-level scope at /root/.julia/packages/Traceur/OKJwj/test/runtests.jl:86
 [4] top-level scope at /buildworker/worker/package_linux64/build/usr/share/julia/stdlib/v1.2/Test/src/Test.jl:1113
 [5] top-level scope at /root/.julia/packages/Traceur/OKJwj/test/runtests.jl:51
┌ Warning: uses global variable Main.x (called from my_stable_add)
└ @ ~/.julia/packages/Traceur/OKJwj/test/runtests.jl:-1
┌ Warning: dynamic dispatch to Main.x + y (called from my_stable_add)
└ @ ~/.julia/packages/Traceur/OKJwj/test/runtests.jl:-1
┌ Warning: my_add returns Any (called from my_stable_add)
└ @ ~/.julia/packages/Traceur/OKJwj/test/runtests.jl:32
┌ Warning: my_stable_add returns Any (called from my_stable_add)
└ @ ~/.julia/packages/Traceur/OKJwj/test/runtests.jl:47
┌ Warning: uses global variable Main.x (called from my_stable_add_undecorated)
└ @ ~/.julia/packages/Traceur/OKJwj/test/runtests.jl:-1
┌ Warning: dynamic dispatch to Main.x + y (called from my_stable_add_undecorated)
└ @ ~/.julia/packages/Traceur/OKJwj/test/runtests.jl:-1
┌ Warning: my_add returns Any (called from my_stable_add_undecorated)
└ @ ~/.julia/packages/Traceur/OKJwj/test/runtests.jl:32
┌ Warning: my_stable_add_undecorated returns Any (called from my_stable_add_undecorated)
└ @ ~/.julia/packages/Traceur/OKJwj/test/runtests.jl:48
Test Summary:     | Pass  Fail  Total
Traceur           |   17     4     21
  depth limiting  |    3     1      4
  module specific |    4     2      6
  test utilities  |    3            3
ERROR: LoadError: Some tests did not pass: 17 passed, 4 failed, 0 errored, 0 broken.
in expression starting at /root/.julia/packages/Traceur/OKJwj/test/runtests.jl:50
ERROR: Package Traceur errored during testing
Stacktrace:
 [1] pkgerror(::String, ::Vararg{String,N} where N) at /buildworker/worker/package_linux64/build/usr/share/julia/stdlib/v1.2/Pkg/src/Types.jl:112
 [2] #test#119(::Bool, ::Nothing, ::typeof(Pkg.Operations.test), ::Pkg.Types.Context, ::Array{Pkg.Types.PackageSpec,1}) at /buildworker/worker/package_linux64/build/usr/share/julia/stdlib/v1.2/Pkg/src/Operations.jl:1288
 [3] #test at ./none:0 [inlined]
 [4] #test#62(::Bool, ::Nothing, ::Base.Iterators.Pairs{Union{},Union{},Tuple{},NamedTuple{(),Tuple{}}}, ::typeof(Pkg.API.test), ::Pkg.Types.Context, ::Array{Pkg.Types.PackageSpec,1}) at /buildworker/worker/package_linux64/build/usr/share/julia/stdlib/v1.2/Pkg/src/API.jl:245
 [5] test at /buildworker/worker/package_linux64/build/usr/share/julia/stdlib/v1.2/Pkg/src/API.jl:233 [inlined]
 [6] #test#61 at /buildworker/worker/package_linux64/build/usr/share/julia/stdlib/v1.2/Pkg/src/API.jl:230 [inlined]
 [7] test at /buildworker/worker/package_linux64/build/usr/share/julia/stdlib/v1.2/Pkg/src/API.jl:230 [inlined]
 [8] #test#60 at /buildworker/worker/package_linux64/build/usr/share/julia/stdlib/v1.2/Pkg/src/API.jl:229 [inlined]
 [9] test at /buildworker/worker/package_linux64/build/usr/share/julia/stdlib/v1.2/Pkg/src/API.jl:229 [inlined]
 [10] #test#59(::Base.Iterators.Pairs{Union{},Union{},Tuple{},NamedTuple{(),Tuple{}}}, ::typeof(Pkg.API.test), ::String) at /buildworker/worker/package_linux64/build/usr/share/julia/stdlib/v1.2/Pkg/src/API.jl:228
 [11] test(::String) at /buildworker/worker/package_linux64/build/usr/share/julia/stdlib/v1.2/Pkg/src/API.jl:228
 [12] top-level scope at none:10
