 Resolving package versions...
 Installed Missings ──────────────────── v0.4.3
 Installed URIParser ─────────────────── v0.4.0
 Installed DataValueInterfaces ───────── v1.0.0
 Installed DataAPI ───────────────────── v1.1.0
 Installed TableTraits ───────────────── v1.0.0
 Installed MultiModalMuSig ───────────── v0.1.0
 Installed BinaryProvider ────────────── v0.5.8
 Installed DataFrames ────────────────── v0.19.4
 Installed PooledArrays ──────────────── v0.5.2
 Installed Reexport ──────────────────── v0.2.0
 Installed InvertedIndices ───────────── v1.0.0
 Installed OrderedCollections ────────── v1.1.0
 Installed MathProgBase ──────────────── v0.7.7
 Installed Compat ────────────────────── v2.2.0
 Installed Tables ────────────────────── v0.2.11
 Installed DataStructures ────────────── v0.17.6
 Installed Parsers ───────────────────── v0.3.10
 Installed JSON ──────────────────────── v0.21.0
 Installed IteratorInterfaceExtensions ─ v1.0.0
 Installed Parameters ────────────────── v0.12.0
 Installed NLopt ─────────────────────── v0.5.1
 Installed CMake ─────────────────────── v1.1.2
 Installed SortingAlgorithms ─────────── v0.3.1
 Installed CategoricalArrays ─────────── v0.7.3
 Installed CMakeWrapper ──────────────── v0.2.3
 Installed SpecialFunctions ──────────── v0.8.0
 Installed BinDeps ───────────────────── v0.8.10
  Updating `~/.julia/environments/v1.2/Project.toml`
  [a66acb62] + MultiModalMuSig v0.1.0
  Updating `~/.julia/environments/v1.2/Manifest.toml`
  [9e28174c] + BinDeps v0.8.10
  [b99e7846] + BinaryProvider v0.5.8
  [631607c0] + CMake v1.1.2
  [d5fb7624] + CMakeWrapper v0.2.3
  [324d7699] + CategoricalArrays v0.7.3
  [34da2185] + Compat v2.2.0
  [9a962f9c] + DataAPI v1.1.0
  [a93c6f00] + DataFrames v0.19.4
  [864edb3b] + DataStructures v0.17.6
  [e2d170a0] + DataValueInterfaces v1.0.0
  [41ab1584] + InvertedIndices v1.0.0
  [82899510] + IteratorInterfaceExtensions v1.0.0
  [682c06a0] + JSON v0.21.0
  [fdba3010] + MathProgBase v0.7.7
  [e1d29d7a] + Missings v0.4.3
  [a66acb62] + MultiModalMuSig v0.1.0
  [76087f3c] + NLopt v0.5.1
  [bac558e1] + OrderedCollections v1.1.0
  [d96e819e] + Parameters v0.12.0
  [69de0a69] + Parsers v0.3.10
  [2dfb63ee] + PooledArrays v0.5.2
  [189a3867] + Reexport v0.2.0
  [a2af1166] + SortingAlgorithms v0.3.1
  [276daf66] + SpecialFunctions v0.8.0
  [3783bdb8] + TableTraits v1.0.0
  [bd369af6] + Tables v0.2.11
  [30578b45] + URIParser v0.4.0
  [2a0f44e3] + Base64 
  [ade2ca70] + Dates 
  [8bb1440f] + DelimitedFiles 
  [8ba89e20] + Distributed 
  [9fa8497b] + Future 
  [b77e0a4c] + InteractiveUtils 
  [76f85450] + LibGit2 
  [8f399da3] + Libdl 
  [37e2e46d] + LinearAlgebra 
  [56ddb016] + Logging 
  [d6f4376e] + Markdown 
  [a63ad114] + Mmap 
  [44cfe95a] + Pkg 
  [de0858da] + Printf 
  [3fa0cd96] + REPL 
  [9a3f8284] + Random 
  [ea8e919c] + SHA 
  [9e88b42a] + Serialization 
  [1a1011a3] + SharedArrays 
  [6462fe0b] + Sockets 
  [2f01184e] + SparseArrays 
  [10745b16] + Statistics 
  [8dfed614] + Test 
  [cf7118a7] + UUIDs 
  [4ec0a83e] + Unicode 
  Building CMake ───────────→ `~/.julia/packages/CMake/nSK2r/deps/build.log`
  Building NLopt ───────────→ `~/.julia/packages/NLopt/eqN9a/deps/build.log`
  Building SpecialFunctions → `~/.julia/packages/SpecialFunctions/ne2iw/deps/build.log`
   Testing MultiModalMuSig
    Status `/tmp/jl_oATcqw/Manifest.toml`
  [9e28174c] BinDeps v0.8.10
  [b99e7846] BinaryProvider v0.5.8
  [631607c0] CMake v1.1.2
  [d5fb7624] CMakeWrapper v0.2.3
  [324d7699] CategoricalArrays v0.7.3
  [34da2185] Compat v2.2.0
  [9a962f9c] DataAPI v1.1.0
  [a93c6f00] DataFrames v0.19.4
  [864edb3b] DataStructures v0.17.6
  [e2d170a0] DataValueInterfaces v1.0.0
  [41ab1584] InvertedIndices v1.0.0
  [82899510] IteratorInterfaceExtensions v1.0.0
  [682c06a0] JSON v0.21.0
  [fdba3010] MathProgBase v0.7.7
  [e1d29d7a] Missings v0.4.3
  [a66acb62] MultiModalMuSig v0.1.0
  [76087f3c] NLopt v0.5.1
  [bac558e1] OrderedCollections v1.1.0
  [d96e819e] Parameters v0.12.0
  [69de0a69] Parsers v0.3.10
  [2dfb63ee] PooledArrays v0.5.2
  [189a3867] Reexport v0.2.0
  [a2af1166] SortingAlgorithms v0.3.1
  [276daf66] SpecialFunctions v0.8.0
  [3783bdb8] TableTraits v1.0.0
  [bd369af6] Tables v0.2.11
  [30578b45] URIParser v0.4.0
  [2a0f44e3] Base64  [`@stdlib/Base64`]
  [ade2ca70] Dates  [`@stdlib/Dates`]
  [8bb1440f] DelimitedFiles  [`@stdlib/DelimitedFiles`]
  [8ba89e20] Distributed  [`@stdlib/Distributed`]
  [9fa8497b] Future  [`@stdlib/Future`]
  [b77e0a4c] InteractiveUtils  [`@stdlib/InteractiveUtils`]
  [76f85450] LibGit2  [`@stdlib/LibGit2`]
  [8f399da3] Libdl  [`@stdlib/Libdl`]
  [37e2e46d] LinearAlgebra  [`@stdlib/LinearAlgebra`]
  [56ddb016] Logging  [`@stdlib/Logging`]
  [d6f4376e] Markdown  [`@stdlib/Markdown`]
  [a63ad114] Mmap  [`@stdlib/Mmap`]
  [44cfe95a] Pkg  [`@stdlib/Pkg`]
  [de0858da] Printf  [`@stdlib/Printf`]
  [3fa0cd96] REPL  [`@stdlib/REPL`]
  [9a3f8284] Random  [`@stdlib/Random`]
  [ea8e919c] SHA  [`@stdlib/SHA`]
  [9e88b42a] Serialization  [`@stdlib/Serialization`]
  [1a1011a3] SharedArrays  [`@stdlib/SharedArrays`]
  [6462fe0b] Sockets  [`@stdlib/Sockets`]
  [2f01184e] SparseArrays  [`@stdlib/SparseArrays`]
  [10745b16] Statistics  [`@stdlib/Statistics`]
  [8dfed614] Test  [`@stdlib/Test`]
  [cf7118a7] UUIDs  [`@stdlib/UUIDs`]
  [4ec0a83e] Unicode  [`@stdlib/Unicode`]
Test Summary: | Pass  Total
constructor   |   19     19
Test Summary:   | Pass  Total
calculate_Ndivζ |    1      1
Test Summary:  | Pass  Total
calculate_sumθ |    1      1
Test Summary: | Pass  Total
update_λ!     |    1      1
Test Summary: | Pass  Total
ν_objective   |    4      4
Test Summary: | Pass  Total
update_ζ!     |    1      1
Test Summary: | Pass  Total
update_θ!     |    4      4
Test Summary: | Pass  Total
update_μ!     |    1      1
Test Summary: | Pass  Total
update_Σ!     |    2      2
Test Summary: | Pass  Total
update_γ!     |    2      2
Test Summary: | Pass  Total
update_Elnϕ!  |    1      1
┌ Warning: `lgamma(x::Real)` is deprecated, use `(logabsgamma(x))[1]` instead.
│   caller = top-level scope at immctm.jl:277
└ @ Core ~/.julia/packages/MultiModalMuSig/fu1uS/test/immctm.jl:277
┌ Warning: `lgamma(x::Real)` is deprecated, use `(logabsgamma(x))[1]` instead.
│   caller = top-level scope at immctm.jl:277
└ @ Core ~/.julia/packages/MultiModalMuSig/fu1uS/test/immctm.jl:277
┌ Warning: `lgamma(x::Real)` is deprecated, use `(logabsgamma(x))[1]` instead.
│   caller = α_objective(::Array{Float64,1}, ::Array{Float64,1}, ::Float64, ::Int64, ::Int64) at common.jl:45
└ @ MultiModalMuSig ~/.julia/packages/MultiModalMuSig/fu1uS/src/common.jl:45
┌ Warning: `lgamma(x::Real)` is deprecated, use `(logabsgamma(x))[1]` instead.
│   caller = α_objective(::Array{Float64,1}, ::Array{Float64,1}, ::Float64, ::Int64, ::Int64) at common.jl:45
└ @ MultiModalMuSig ~/.julia/packages/MultiModalMuSig/fu1uS/src/common.jl:45
┌ Warning: `lgamma(x::Real)` is deprecated, use `(logabsgamma(x))[1]` instead.
│   caller = top-level scope at immctm.jl:285
└ @ Core ~/.julia/packages/MultiModalMuSig/fu1uS/test/immctm.jl:285
┌ Warning: `lgamma(x::Real)` is deprecated, use `(logabsgamma(x))[1]` instead.
│   caller = top-level scope at immctm.jl:285
└ @ Core ~/.julia/packages/MultiModalMuSig/fu1uS/test/immctm.jl:285
┌ Warning: `lgamma(x::Real)` is deprecated, use `(logabsgamma(x))[1]` instead.
│   caller = top-level scope at immctm.jl:287
└ @ Core ~/.julia/packages/MultiModalMuSig/fu1uS/test/immctm.jl:287
┌ Warning: `lgamma(x::Real)` is deprecated, use `(logabsgamma(x))[1]` instead.
│   caller = top-level scope at immctm.jl:287
└ @ Core ~/.julia/packages/MultiModalMuSig/fu1uS/test/immctm.jl:287
Test Summary: | Pass  Total
update_α!     |    5      5
Test Summary:   |
calculate_ElnPϕ | No tests
Test Summary:   |
calculate_ElnPη | No tests
Test Summary:   |
calculate_ElnPZ | No tests
Test Summary:   |
calculate_ElnPX | No tests
Test Summary:   |
calculate_ElnQϕ | No tests
Test Summary:   |
calculate_ElnQη | No tests
Test Summary:   |
calculate_ElnQZ | No tests
┌ Warning: `lgamma(x::Real)` is deprecated, use `(logabsgamma(x))[1]` instead.
│   caller = logmvbeta(::Array{Float64,1}) at common.jl:4
└ @ MultiModalMuSig ~/.julia/packages/MultiModalMuSig/fu1uS/src/common.jl:4
┌ Warning: `lgamma(x::Real)` is deprecated, use `(logabsgamma(x))[1]` instead.
│   caller = logmvbeta(::Array{Float64,1}) at common.jl:4
└ @ MultiModalMuSig ~/.julia/packages/MultiModalMuSig/fu1uS/src/common.jl:4
┌ Warning: `lgamma(x::Real)` is deprecated, use `(logabsgamma(x))[1]` instead.
│   caller = logmvbeta(::Array{Float64,1}) at common.jl:6
└ @ MultiModalMuSig ~/.julia/packages/MultiModalMuSig/fu1uS/src/common.jl:6
Test Summary:  | Pass  Total
calculate_elbo |    1      1
Test Summary: | Pass  Total
fit           |    2      2
Test Summary:  | Pass  Total
loglikelihoods |    1      1
Test Summary: | Pass  Total
constructor   |   17     17
Test Summary:   | Pass  Total
calculate_Ndivζ |    1      1
Test Summary:  | Pass  Total
calculate_sumθ |    1      1
Test Summary: | Pass  Total
λ_objective   |    2      2
Test Summary: | Pass  Total
ν_objective   |    3      3
Test Summary: | Pass  Total
update_ζ!     |    1      1
Test Summary: | Pass  Total
update_θ!     |    4      4
Test Summary: | Pass  Total
update_μ!     |    1      1
Test Summary: | Pass  Total
update_Σ!     |    2      2
Test Summary: | Pass  Total
update_γ!     |    5      5
Test Summary: | Pass  Total
update_Elnϕ!  |    1      1
┌ Warning: `lgamma(x::Real)` is deprecated, use `(logabsgamma(x))[1]` instead.
│   caller = top-level scope at mmctm.jl:272
└ @ Core ~/.julia/packages/MultiModalMuSig/fu1uS/test/mmctm.jl:272
┌ Warning: `lgamma(x::Real)` is deprecated, use `(logabsgamma(x))[1]` instead.
│   caller = top-level scope at mmctm.jl:272
└ @ Core ~/.julia/packages/MultiModalMuSig/fu1uS/test/mmctm.jl:272
┌ Warning: `lgamma(x::Real)` is deprecated, use `(logabsgamma(x))[1]` instead.
│   caller = top-level scope at mmctm.jl:282
└ @ Core ~/.julia/packages/MultiModalMuSig/fu1uS/test/mmctm.jl:282
┌ Warning: `lgamma(x::Real)` is deprecated, use `(logabsgamma(x))[1]` instead.
│   caller = top-level scope at mmctm.jl:282
└ @ Core ~/.julia/packages/MultiModalMuSig/fu1uS/test/mmctm.jl:282
┌ Warning: `lgamma(x::Real)` is deprecated, use `(logabsgamma(x))[1]` instead.
│   caller = top-level scope at mmctm.jl:287
└ @ Core ~/.julia/packages/MultiModalMuSig/fu1uS/test/mmctm.jl:287
┌ Warning: `lgamma(x::Real)` is deprecated, use `(logabsgamma(x))[1]` instead.
│   caller = top-level scope at mmctm.jl:287
└ @ Core ~/.julia/packages/MultiModalMuSig/fu1uS/test/mmctm.jl:287
Test Summary: | Pass  Total
update_α!     |    4      4
Test Summary:  | Pass  Total
calculate_elbo |    1      1
Test Summary: | Pass  Total
fit           |    2      2
Test Summary:  | Pass  Total
loglikelihoods |    3      3
Test Summary: | Pass  Total
constructor   |   19     19
Test Summary: | Pass  Total
update_ϕ!     |    2      2
Test Summary: | Pass  Total
update_γ!     |    2      2
Test Summary: | Pass  Total
update_λ!     |    4      4
┌ Warning: `lgamma(x::Real)` is deprecated, use `(logabsgamma(x))[1]` instead.
│   caller = calculate_ElnPβ(::ILDA) at ILDA.jl:135
└ @ MultiModalMuSig ~/.julia/packages/MultiModalMuSig/fu1uS/src/ILDA.jl:135
┌ Warning: `lgamma(x::Real)` is deprecated, use `(logabsgamma(x))[1]` instead.
│   caller = calculate_ElnPβ(::ILDA) at ILDA.jl:135
└ @ MultiModalMuSig ~/.julia/packages/MultiModalMuSig/fu1uS/src/ILDA.jl:135
┌ Warning: `lgamma(x::Real)` is deprecated, use `(logabsgamma(x))[1]` instead.
│   caller = calculate_ElnPθ(::ILDA) at ILDA.jl:144
└ @ MultiModalMuSig ~/.julia/packages/MultiModalMuSig/fu1uS/src/ILDA.jl:144
┌ Warning: `lgamma(x::Real)` is deprecated, use `(logabsgamma(x))[1]` instead.
│   caller = calculate_ElnPθ(::ILDA) at ILDA.jl:144
└ @ MultiModalMuSig ~/.julia/packages/MultiModalMuSig/fu1uS/src/ILDA.jl:144
┌ Warning: `lgamma(x::Real)` is deprecated, use `(logabsgamma(x))[1]` instead.
│   caller = _broadcast_getindex_evalf at broadcast.jl:625 [inlined]
└ @ Core ./broadcast.jl:625
┌ Warning: `lgamma(x::Real)` is deprecated, use `(logabsgamma(x))[1]` instead.
│   caller = _broadcast_getindex_evalf at broadcast.jl:625 [inlined]
└ @ Core ./broadcast.jl:625
┌ Warning: `lgamma(x::Real)` is deprecated, use `(logabsgamma(x))[1]` instead.
│   caller = _broadcast_getindex at broadcast.jl:625 [inlined]
└ @ Core ./broadcast.jl:625
┌ Warning: `lgamma(x::Real)` is deprecated, use `(logabsgamma(x))[1]` instead.
│   caller = _broadcast_getindex at broadcast.jl:625 [inlined]
└ @ Core ./broadcast.jl:625
┌ Warning: `lgamma(x::Real)` is deprecated, use `(logabsgamma(x))[1]` instead.
│   caller = calculate_elbo(::ILDA) at ILDA.jl:144
└ @ MultiModalMuSig ~/.julia/packages/MultiModalMuSig/fu1uS/src/ILDA.jl:144
┌ Warning: `lgamma(x::Real)` is deprecated, use `(logabsgamma(x))[1]` instead.
│   caller = calculate_elbo(::ILDA) at ILDA.jl:144
└ @ MultiModalMuSig ~/.julia/packages/MultiModalMuSig/fu1uS/src/ILDA.jl:144
Test Summary:  | Pass  Total
calculate_elbo |    8      8
Test Summary: | Pass  Total
constructor   |   11     11
Test Summary: | Pass  Total
update_ϕ!     |    1      1
Test Summary: | Pass  Total
update_γ!     |    2      2
Test Summary: | Pass  Total
update_λ!     |    2      2
┌ Warning: `lgamma(x::Real)` is deprecated, use `(logabsgamma(x))[1]` instead.
│   caller = calculate_ElnPβ(::LDA) at LDA.jl:115
└ @ MultiModalMuSig ~/.julia/packages/MultiModalMuSig/fu1uS/src/LDA.jl:115
┌ Warning: `lgamma(x::Real)` is deprecated, use `(logabsgamma(x))[1]` instead.
│   caller = calculate_ElnPβ(::LDA) at LDA.jl:115
└ @ MultiModalMuSig ~/.julia/packages/MultiModalMuSig/fu1uS/src/LDA.jl:115
┌ Warning: `lgamma(x::Real)` is deprecated, use `(logabsgamma(x))[1]` instead.
│   caller = calculate_ElnPθ(::LDA) at LDA.jl:121
└ @ MultiModalMuSig ~/.julia/packages/MultiModalMuSig/fu1uS/src/LDA.jl:121
┌ Warning: `lgamma(x::Real)` is deprecated, use `(logabsgamma(x))[1]` instead.
│   caller = calculate_ElnPθ(::LDA) at LDA.jl:121
└ @ MultiModalMuSig ~/.julia/packages/MultiModalMuSig/fu1uS/src/LDA.jl:121
┌ Warning: `lgamma(x::Real)` is deprecated, use `(logabsgamma(x))[1]` instead.
│   caller = _broadcast_getindex at broadcast.jl:625 [inlined]
└ @ Core ./broadcast.jl:625
┌ Warning: `lgamma(x::Real)` is deprecated, use `(logabsgamma(x))[1]` instead.
│   caller = _broadcast_getindex at broadcast.jl:625 [inlined]
└ @ Core ./broadcast.jl:625
┌ Warning: `lgamma(x::Real)` is deprecated, use `(logabsgamma(x))[1]` instead.
│   caller = _broadcast_getindex at broadcast.jl:625 [inlined]
└ @ Core ./broadcast.jl:625
┌ Warning: `lgamma(x::Real)` is deprecated, use `(logabsgamma(x))[1]` instead.
│   caller = _broadcast_getindex at broadcast.jl:625 [inlined]
└ @ Core ./broadcast.jl:625
┌ Warning: `lgamma(x::Real)` is deprecated, use `(logabsgamma(x))[1]` instead.
│   caller = calculate_elbo(::LDA) at LDA.jl:115
└ @ MultiModalMuSig ~/.julia/packages/MultiModalMuSig/fu1uS/src/LDA.jl:115
┌ Warning: `lgamma(x::Real)` is deprecated, use `(logabsgamma(x))[1]` instead.
│   caller = calculate_elbo(::LDA) at LDA.jl:115
└ @ MultiModalMuSig ~/.julia/packages/MultiModalMuSig/fu1uS/src/LDA.jl:115
┌ Warning: `lgamma(x::Real)` is deprecated, use `(logabsgamma(x))[1]` instead.
│   caller = calculate_elbo(::LDA) at LDA.jl:121
└ @ MultiModalMuSig ~/.julia/packages/MultiModalMuSig/fu1uS/src/LDA.jl:121
┌ Warning: `lgamma(x::Real)` is deprecated, use `(logabsgamma(x))[1]` instead.
│   caller = calculate_elbo(::LDA) at LDA.jl:121
└ @ MultiModalMuSig ~/.julia/packages/MultiModalMuSig/fu1uS/src/LDA.jl:121
Test Summary:  | Pass  Total
calculate_elbo |    8      8
Test Summary: | Pass  Total
λ_objective   |    2      2
   Testing MultiModalMuSig tests passed 
