 Resolving package versions...
 Installed Mortar2D ─ v0.1.3
  Updating `~/.julia/environments/v1.0/Project.toml`
  [0b7cd5e2] + Mortar2D v0.1.3
  Updating `~/.julia/environments/v1.0/Manifest.toml`
  [0b7cd5e2] + Mortar2D v0.1.3
  [2a0f44e3] + Base64 
  [8ba89e20] + Distributed 
  [b77e0a4c] + InteractiveUtils 
  [8f399da3] + Libdl 
  [37e2e46d] + LinearAlgebra 
  [56ddb016] + Logging 
  [d6f4376e] + Markdown 
  [9a3f8284] + Random 
  [9e88b42a] + Serialization 
  [6462fe0b] + Sockets 
  [2f01184e] + SparseArrays 
  [8dfed614] + Test 
   Testing Mortar2D
    Status `/tmp/tmpPs3YNA/Manifest.toml`
  [0b7cd5e2] Mortar2D v0.1.3
  [2a0f44e3] Base64  [`@stdlib/Base64`]
  [8ba89e20] Distributed  [`@stdlib/Distributed`]
  [b77e0a4c] InteractiveUtils  [`@stdlib/InteractiveUtils`]
  [8f399da3] Libdl  [`@stdlib/Libdl`]
  [37e2e46d] LinearAlgebra  [`@stdlib/LinearAlgebra`]
  [56ddb016] Logging  [`@stdlib/Logging`]
  [d6f4376e] Markdown  [`@stdlib/Markdown`]
  [9a3f8284] Random  [`@stdlib/Random`]
  [9e88b42a] Serialization  [`@stdlib/Serialization`]
  [6462fe0b] Sockets  [`@stdlib/Sockets`]
  [2f01184e] SparseArrays  [`@stdlib/SparseArrays`]
  [8dfed614] Test  [`@stdlib/Test`]
┌ Warning: Mortar2D.calculate_projections(): negative discriminant -1315.3157103692167
└ @ Mortar2D ~/.julia/packages/Mortar2D/RUhNG/src/calculate_projections.jl:82
┌ Warning: xm = [111.013, 283.152], xs1 = [244.82, 366.732], xs2 = [291.474, 359.169], ns1 = [-0.0765221, 0.997068], ns2 = [0.251347, 0.967897]
└ @ Mortar2D ~/.julia/packages/Mortar2D/RUhNG/src/calculate_projections.jl:83
Test Summary: | Pass  Total
Mortar2D.jl   |   14     14
   Testing Mortar2D tests passed 
