 Resolving package versions...
 Installed BernoulliFactory ────────────────── v0.0.1
 Installed NonUniformRandomVariateGeneration ─ v1.0.0
  Updating `~/.julia/environments/v1.2/Project.toml`
  [6db8a038] + BernoulliFactory v0.0.1
  Updating `~/.julia/environments/v1.2/Manifest.toml`
  [6db8a038] + BernoulliFactory v0.0.1
  [cd27a545] + NonUniformRandomVariateGeneration v1.0.0
  [2a0f44e3] + Base64 
  [8ba89e20] + Distributed 
  [b77e0a4c] + InteractiveUtils 
  [8f399da3] + Libdl 
  [37e2e46d] + LinearAlgebra 
  [56ddb016] + Logging 
  [d6f4376e] + Markdown 
  [9a3f8284] + Random 
  [9e88b42a] + Serialization 
  [6462fe0b] + Sockets 
  [2f01184e] + SparseArrays 
  [10745b16] + Statistics 
  [8dfed614] + Test 
   Testing BernoulliFactory
    Status `/tmp/jl_QzblWw/Manifest.toml`
  [6db8a038] BernoulliFactory v0.0.1
  [cd27a545] NonUniformRandomVariateGeneration v1.0.0
  [2a0f44e3] Base64  [`@stdlib/Base64`]
  [8ba89e20] Distributed  [`@stdlib/Distributed`]
  [b77e0a4c] InteractiveUtils  [`@stdlib/InteractiveUtils`]
  [8f399da3] Libdl  [`@stdlib/Libdl`]
  [37e2e46d] LinearAlgebra  [`@stdlib/LinearAlgebra`]
  [56ddb016] Logging  [`@stdlib/Logging`]
  [d6f4376e] Markdown  [`@stdlib/Markdown`]
  [9a3f8284] Random  [`@stdlib/Random`]
  [9e88b42a] Serialization  [`@stdlib/Serialization`]
  [6462fe0b] Sockets  [`@stdlib/Sockets`]
  [2f01184e] SparseArrays  [`@stdlib/SparseArrays`]
  [10745b16] Statistics  [`@stdlib/Statistics`]
  [8dfed614] Test  [`@stdlib/Test`]
  5.060226 seconds (2.34 M allocations: 118.947 MiB, 3.14% gc time)
Test Summary: | Pass  Total
linear tests  |   17     17
  0.991676 seconds (530.53 k allocations: 12.956 MiB, 1.26% gc time)
Test Summary: | Pass  Total
inverse tests |    4      4
  0.480337 seconds (299.69 k allocations: 15.957 MiB, 1.32% gc time)
Test Summary: | Pass  Total
power tests   |   24     24
  0.369161 seconds (510.75 k allocations: 25.255 MiB, 2.01% gc time)
Test Summary:  | Pass  Total
expminus tests |    3      3
  0.099558 seconds (53.93 k allocations: 2.901 MiB)
Test Summary:  | Pass  Total
logistic tests |    5      5
  0.177599 seconds (726.89 k allocations: 18.853 MiB, 2.42% gc time)
Test Summary:  | Pass  Total
two coin tests |    2      2
  3.327314 seconds (3.19 M allocations: 142.702 MiB, 3.98% gc time)
Test Summary:         | Pass  Total
signed estimate tests |   15     15
   Testing BernoulliFactory tests passed 
