 Resolving package versions...
 Installed MATLAB ─ v0.7.3
  Updating `~/.julia/environments/v1.0/Project.toml`
  [10e44e05] + MATLAB v0.7.3
  Updating `~/.julia/environments/v1.0/Manifest.toml`
  [10e44e05] + MATLAB v0.7.3
  [2a0f44e3] + Base64 
  [8ba89e20] + Distributed 
  [b77e0a4c] + InteractiveUtils 
  [8f399da3] + Libdl 
  [37e2e46d] + LinearAlgebra 
  [56ddb016] + Logging 
  [d6f4376e] + Markdown 
  [9a3f8284] + Random 
  [9e88b42a] + Serialization 
  [6462fe0b] + Sockets 
  [2f01184e] + SparseArrays 
  [8dfed614] + Test 
   Testing MATLAB
 Resolving package versions...
    Status `/tmp/tmpxV8yJN/Manifest.toml`
  [10e44e05] MATLAB v0.7.3
  [2a0f44e3] Base64  [`@stdlib/Base64`]
  [8ba89e20] Distributed  [`@stdlib/Distributed`]
  [b77e0a4c] InteractiveUtils  [`@stdlib/InteractiveUtils`]
  [8f399da3] Libdl  [`@stdlib/Libdl`]
  [37e2e46d] LinearAlgebra  [`@stdlib/LinearAlgebra`]
  [56ddb016] Logging  [`@stdlib/Logging`]
  [d6f4376e] Markdown  [`@stdlib/Markdown`]
  [9a3f8284] Random  [`@stdlib/Random`]
  [9e88b42a] Serialization  [`@stdlib/Serialization`]
  [6462fe0b] Sockets  [`@stdlib/Sockets`]
  [2f01184e] SparseArrays  [`@stdlib/SparseArrays`]
  [8dfed614] Test  [`@stdlib/Test`]
ERROR: LoadError: InitError: failed process: Process(`which matlab`, ProcessExited(1)) [1]
Stacktrace:
 [1] error(::String, ::Base.Process, ::String, ::Int64, ::String) at ./error.jl:42
 [2] pipeline_error at ./process.jl:705 [inlined]
 [3] read(::Cmd) at ./process.jl:636
 [4] read(::Cmd, ::Type{String}) at ./process.jl:645
 [5] matlab_homepath() at /root/.julia/packages/MATLAB/cVrxc/src/mxbase.jl:8
 [6] matlab_libpath at /root/.julia/packages/MATLAB/cVrxc/src/mxbase.jl:37 [inlined]
 [7] __init__() at /root/.julia/packages/MATLAB/cVrxc/src/MATLAB.jl:72
 [8] _include_from_serialized(::String, ::Array{Any,1}) at ./loading.jl:633
 [9] _require_from_serialized(::String) at ./loading.jl:684
 [10] _require(::Base.PkgId) at ./loading.jl:967
 [11] require(::Base.PkgId) at ./loading.jl:858
 [12] require(::Module, ::Symbol) at ./loading.jl:853
 [13] include at ./boot.jl:317 [inlined]
 [14] include_relative(::Module, ::String) at ./loading.jl:1044
 [15] include(::Module, ::String) at ./sysimg.jl:29
 [16] include(::String) at ./client.jl:392
 [17] top-level scope at none:0
during initialization of module MATLAB
in expression starting at /root/.julia/packages/MATLAB/cVrxc/test/runtests.jl:1
ERROR: Package MATLAB errored during testing
Stacktrace:
 [1] pkgerror(::String, ::Vararg{String,N} where N) at /buildworker/worker/package_linux64/build/usr/share/julia/stdlib/v1.0/Pkg/src/Types.jl:120
 [2] #test#65(::Bool, ::Function, ::Pkg.Types.Context, ::Array{Pkg.Types.PackageSpec,1}) at /buildworker/worker/package_linux64/build/usr/share/julia/stdlib/v1.0/Pkg/src/Operations.jl:1357
 [3] #test at /buildworker/worker/package_linux64/build/usr/share/julia/stdlib/v1.0/Pkg/src/API.jl:0 [inlined]
 [4] #test#44(::Bool, ::Base.Iterators.Pairs{Union{},Union{},Tuple{},NamedTuple{(),Tuple{}}}, ::Function, ::Pkg.Types.Context, ::Array{Pkg.Types.PackageSpec,1}) at /buildworker/worker/package_linux64/build/usr/share/julia/stdlib/v1.0/Pkg/src/API.jl:278
 [5] test at /buildworker/worker/package_linux64/build/usr/share/julia/stdlib/v1.0/Pkg/src/API.jl:263 [inlined]
 [6] #test#43 at /buildworker/worker/package_linux64/build/usr/share/julia/stdlib/v1.0/Pkg/src/API.jl:260 [inlined]
 [7] test at /buildworker/worker/package_linux64/build/usr/share/julia/stdlib/v1.0/Pkg/src/API.jl:260 [inlined]
 [8] #test#42 at /buildworker/worker/package_linux64/build/usr/share/julia/stdlib/v1.0/Pkg/src/API.jl:259 [inlined]
 [9] test at /buildworker/worker/package_linux64/build/usr/share/julia/stdlib/v1.0/Pkg/src/API.jl:259 [inlined]
 [10] #test#41 at /buildworker/worker/package_linux64/build/usr/share/julia/stdlib/v1.0/Pkg/src/API.jl:258 [inlined]
 [11] test(::String) at /buildworker/worker/package_linux64/build/usr/share/julia/stdlib/v1.0/Pkg/src/API.jl:258
 [12] top-level scope at none:0
