 Resolving package versions...
 Installed URIParser ───────────── v0.4.0
 Installed NLSolversBase ───────── v7.5.0
 Installed UnstructuredGrids ───── v0.2.2
 Installed CommonSubexpressions ── v0.2.0
 Installed Polynomials ─────────── v0.6.0
 Installed LineSearches ────────── v7.0.1
 Installed BinaryProvider ──────── v0.5.8
 Installed GridapGmsh ──────────── v0.2.0
 Installed Reexport ────────────── v0.2.0
 Installed OrderedCollections ──── v1.1.0
 Installed TensorPolynomialBases ─ v0.1.4
 Installed Compat ──────────────── v2.2.0
 Installed Requires ────────────── v0.5.2
 Installed Combinatorics ───────── v0.7.0
 Installed ForwardDiff ─────────── v0.10.6
 Installed Calculus ────────────── v0.5.1
 Installed RecipesBase ─────────── v0.7.0
 Installed TensorValues ────────── v0.3.5
 Installed Parsers ─────────────── v0.3.10
 Installed DiffRules ───────────── v0.1.0
 Installed DiffEqDiffTools ─────── v1.4.0
 Installed DataStructures ──────── v0.17.6
 Installed WriteVTK ────────────── v1.2.2
 Installed FastGaussQuadrature ─── v0.3.3
 Installed TranscodingStreams ──── v0.9.5
 Installed JSON ────────────────── v0.21.0
 Installed CodecZlib ───────────── v0.6.0
 Installed ArrayInterface ──────── v1.2.1
 Installed NaNMath ─────────────── v0.3.3
 Installed DiffResults ─────────── v0.0.4
 Installed Parameters ──────────── v0.12.0
 Installed Gridap ──────────────── v0.5.2
 Installed QuadGK ──────────────── v2.1.1
 Installed LightXML ────────────── v0.8.1
 Installed StaticArrays ────────── v0.10.3
 Installed NLsolve ─────────────── v4.2.0
 Installed SpecialFunctions ────── v0.8.0
 Installed Distances ───────────── v0.8.2
 Installed BinDeps ─────────────── v0.8.10
  Updating `~/.julia/environments/v1.2/Project.toml`
  [3025c34a] + GridapGmsh v0.2.0
  Updating `~/.julia/environments/v1.2/Manifest.toml`
  [4fba245c] + ArrayInterface v1.2.1
  [9e28174c] + BinDeps v0.8.10
  [b99e7846] + BinaryProvider v0.5.8
  [49dc2e85] + Calculus v0.5.1
  [944b1d66] + CodecZlib v0.6.0
  [861a8166] + Combinatorics v0.7.0
  [bbf7d656] + CommonSubexpressions v0.2.0
  [34da2185] + Compat v2.2.0
  [864edb3b] + DataStructures v0.17.6
  [01453d9d] + DiffEqDiffTools v1.4.0
  [163ba53b] + DiffResults v0.0.4
  [b552c78f] + DiffRules v0.1.0
  [b4f34e82] + Distances v0.8.2
  [442a2c76] + FastGaussQuadrature v0.3.3
  [f6369f11] + ForwardDiff v0.10.6
  [56d4f2e9] + Gridap v0.5.2
  [3025c34a] + GridapGmsh v0.2.0
  [682c06a0] + JSON v0.21.0
  [9c8b4983] + LightXML v0.8.1
  [d3d80556] + LineSearches v7.0.1
  [d41bc354] + NLSolversBase v7.5.0
  [2774e3e8] + NLsolve v4.2.0
  [77ba4419] + NaNMath v0.3.3
  [bac558e1] + OrderedCollections v1.1.0
  [d96e819e] + Parameters v0.12.0
  [69de0a69] + Parsers v0.3.10
  [f27b6e38] + Polynomials v0.6.0
  [1fd47b50] + QuadGK v2.1.1
  [3cdcf5f2] + RecipesBase v0.7.0
  [189a3867] + Reexport v0.2.0
  [ae029012] + Requires v0.5.2
  [276daf66] + SpecialFunctions v0.8.0
  [90137ffa] + StaticArrays v0.10.3
  [f77b161d] + TensorPolynomialBases v0.1.4
  [31c64edf] + TensorValues v0.3.5
  [3bb67fe8] + TranscodingStreams v0.9.5
  [30578b45] + URIParser v0.4.0
  [9cd2e232] + UnstructuredGrids v0.2.2
  [64499a7a] + WriteVTK v1.2.2
  [2a0f44e3] + Base64 
  [ade2ca70] + Dates 
  [8bb1440f] + DelimitedFiles 
  [8ba89e20] + Distributed 
  [b77e0a4c] + InteractiveUtils 
  [76f85450] + LibGit2 
  [8f399da3] + Libdl 
  [37e2e46d] + LinearAlgebra 
  [56ddb016] + Logging 
  [d6f4376e] + Markdown 
  [a63ad114] + Mmap 
  [44cfe95a] + Pkg 
  [de0858da] + Printf 
  [3fa0cd96] + REPL 
  [9a3f8284] + Random 
  [ea8e919c] + SHA 
  [9e88b42a] + Serialization 
  [1a1011a3] + SharedArrays 
  [6462fe0b] + Sockets 
  [2f01184e] + SparseArrays 
  [10745b16] + Statistics 
  [8dfed614] + Test 
  [cf7118a7] + UUIDs 
  [4ec0a83e] + Unicode 
  Building CodecZlib ───────→ `~/.julia/packages/CodecZlib/5t9zO/deps/build.log`
  Building LightXML ────────→ `~/.julia/packages/LightXML/W8FVT/deps/build.log`
  Building SpecialFunctions → `~/.julia/packages/SpecialFunctions/ne2iw/deps/build.log`
  Building GridapGmsh ──────→ `~/.julia/packages/GridapGmsh/3KQSg/deps/build.log`
┌ Error: Error building `GridapGmsh`: 
│ ERROR: LoadError: No gmsh installation found in the system.
│ Install gmsh and make sure that the gmsh executable
│ can be found via the PATH environment variable.
│ 
│ Stacktrace:
│  [1] error(::String) at ./error.jl:33
│  [2] top-level scope at /root/.julia/packages/GridapGmsh/3KQSg/deps/build.jl:10
│  [3] include at ./boot.jl:328 [inlined]
│  [4] include_relative(::Module, ::String) at ./loading.jl:1094
│  [5] include(::Module, ::String) at ./Base.jl:31
│  [6] include(::String) at ./client.jl:431
│  [7] top-level scope at none:5
│ in expression starting at /root/.julia/packages/GridapGmsh/3KQSg/deps/build.jl:4
└ @ Pkg.Operations /buildworker/worker/package_linux64/build/usr/share/julia/stdlib/v1.2/Pkg/src/backwards_compatible_isolation.jl:647
   Testing GridapGmsh
 Resolving package versions...
    Status `/tmp/jl_vNobp1/Manifest.toml`
  [4fba245c] ArrayInterface v1.2.1
  [9e28174c] BinDeps v0.8.10
  [b99e7846] BinaryProvider v0.5.8
  [49dc2e85] Calculus v0.5.1
  [944b1d66] CodecZlib v0.6.0
  [861a8166] Combinatorics v0.7.0
  [bbf7d656] CommonSubexpressions v0.2.0
  [34da2185] Compat v2.2.0
  [864edb3b] DataStructures v0.17.6
  [01453d9d] DiffEqDiffTools v1.4.0
  [163ba53b] DiffResults v0.0.4
  [b552c78f] DiffRules v0.1.0
  [b4f34e82] Distances v0.8.2
  [442a2c76] FastGaussQuadrature v0.3.3
  [f6369f11] ForwardDiff v0.10.6
  [56d4f2e9] Gridap v0.5.2
  [3025c34a] GridapGmsh v0.2.0
  [682c06a0] JSON v0.21.0
  [9c8b4983] LightXML v0.8.1
  [d3d80556] LineSearches v7.0.1
  [d41bc354] NLSolversBase v7.5.0
  [2774e3e8] NLsolve v4.2.0
  [77ba4419] NaNMath v0.3.3
  [bac558e1] OrderedCollections v1.1.0
  [d96e819e] Parameters v0.12.0
  [69de0a69] Parsers v0.3.10
  [f27b6e38] Polynomials v0.6.0
  [1fd47b50] QuadGK v2.1.1
  [3cdcf5f2] RecipesBase v0.7.0
  [189a3867] Reexport v0.2.0
  [ae029012] Requires v0.5.2
  [276daf66] SpecialFunctions v0.8.0
  [90137ffa] StaticArrays v0.10.3
  [f77b161d] TensorPolynomialBases v0.1.4
  [31c64edf] TensorValues v0.3.5
  [3bb67fe8] TranscodingStreams v0.9.5
  [30578b45] URIParser v0.4.0
  [9cd2e232] UnstructuredGrids v0.2.2
  [64499a7a] WriteVTK v1.2.2
  [2a0f44e3] Base64  [`@stdlib/Base64`]
  [ade2ca70] Dates  [`@stdlib/Dates`]
  [8bb1440f] DelimitedFiles  [`@stdlib/DelimitedFiles`]
  [8ba89e20] Distributed  [`@stdlib/Distributed`]
  [b77e0a4c] InteractiveUtils  [`@stdlib/InteractiveUtils`]
  [76f85450] LibGit2  [`@stdlib/LibGit2`]
  [8f399da3] Libdl  [`@stdlib/Libdl`]
  [37e2e46d] LinearAlgebra  [`@stdlib/LinearAlgebra`]
  [56ddb016] Logging  [`@stdlib/Logging`]
  [d6f4376e] Markdown  [`@stdlib/Markdown`]
  [a63ad114] Mmap  [`@stdlib/Mmap`]
  [44cfe95a] Pkg  [`@stdlib/Pkg`]
  [de0858da] Printf  [`@stdlib/Printf`]
  [3fa0cd96] REPL  [`@stdlib/REPL`]
  [9a3f8284] Random  [`@stdlib/Random`]
  [ea8e919c] SHA  [`@stdlib/SHA`]
  [9e88b42a] Serialization  [`@stdlib/Serialization`]
  [1a1011a3] SharedArrays  [`@stdlib/SharedArrays`]
  [6462fe0b] Sockets  [`@stdlib/Sockets`]
  [2f01184e] SparseArrays  [`@stdlib/SparseArrays`]
  [10745b16] Statistics  [`@stdlib/Statistics`]
  [8dfed614] Test  [`@stdlib/Test`]
  [cf7118a7] UUIDs  [`@stdlib/UUIDs`]
  [4ec0a83e] Unicode  [`@stdlib/Unicode`]
ERROR: LoadError: Package GridapGmsh not installed properly.
Run Pkg.build("GridapGmsh"), restart Julia and try again

Stacktrace:
 [1] error(::String) at ./error.jl:33
 [2] top-level scope at /root/.julia/packages/GridapGmsh/3KQSg/src/GridapGmsh.jl:22
 [3] include at ./boot.jl:328 [inlined]
 [4] include_relative(::Module, ::String) at ./loading.jl:1094
 [5] include(::Module, ::String) at ./Base.jl:31
 [6] top-level scope at none:2
 [7] eval at ./boot.jl:330 [inlined]
 [8] eval(::Expr) at ./client.jl:432
 [9] top-level scope at ./none:3
in expression starting at /root/.julia/packages/GridapGmsh/3KQSg/src/GridapGmsh.jl:17
ERROR: LoadError: Failed to precompile GridapGmsh [3025c34a-b394-11e9-2a55-3fee550c04c8] to /root/.julia/compiled/v1.2/GridapGmsh/rmrJg.ji.
Stacktrace:
 [1] error(::String) at ./error.jl:33
 [2] compilecache(::Base.PkgId, ::String) at ./loading.jl:1253
 [3] _require(::Base.PkgId) at ./loading.jl:1013
 [4] require(::Base.PkgId) at ./loading.jl:911
 [5] require(::Module, ::Symbol) at ./loading.jl:906
 [6] include at ./boot.jl:328 [inlined]
 [7] include_relative(::Module, ::String) at ./loading.jl:1094
 [8] include(::Module, ::String) at ./Base.jl:31
 [9] include(::String) at ./client.jl:431
 [10] top-level scope at none:5
in expression starting at /root/.julia/packages/GridapGmsh/3KQSg/test/runtests.jl:3
ERROR: Package GridapGmsh errored during testing
Stacktrace:
 [1] pkgerror(::String, ::Vararg{String,N} where N) at /buildworker/worker/package_linux64/build/usr/share/julia/stdlib/v1.2/Pkg/src/Types.jl:112
 [2] #test#119(::Bool, ::Nothing, ::typeof(Pkg.Operations.test), ::Pkg.Types.Context, ::Array{Pkg.Types.PackageSpec,1}) at /buildworker/worker/package_linux64/build/usr/share/julia/stdlib/v1.2/Pkg/src/Operations.jl:1288
 [3] #test at ./none:0 [inlined]
 [4] #test#62(::Bool, ::Nothing, ::Base.Iterators.Pairs{Union{},Union{},Tuple{},NamedTuple{(),Tuple{}}}, ::typeof(Pkg.API.test), ::Pkg.Types.Context, ::Array{Pkg.Types.PackageSpec,1}) at /buildworker/worker/package_linux64/build/usr/share/julia/stdlib/v1.2/Pkg/src/API.jl:245
 [5] test at /buildworker/worker/package_linux64/build/usr/share/julia/stdlib/v1.2/Pkg/src/API.jl:233 [inlined]
 [6] #test#61 at /buildworker/worker/package_linux64/build/usr/share/julia/stdlib/v1.2/Pkg/src/API.jl:230 [inlined]
 [7] test at /buildworker/worker/package_linux64/build/usr/share/julia/stdlib/v1.2/Pkg/src/API.jl:230 [inlined]
 [8] #test#60 at /buildworker/worker/package_linux64/build/usr/share/julia/stdlib/v1.2/Pkg/src/API.jl:229 [inlined]
 [9] test at /buildworker/worker/package_linux64/build/usr/share/julia/stdlib/v1.2/Pkg/src/API.jl:229 [inlined]
 [10] #test#59(::Base.Iterators.Pairs{Union{},Union{},Tuple{},NamedTuple{(),Tuple{}}}, ::typeof(Pkg.API.test), ::String) at /buildworker/worker/package_linux64/build/usr/share/julia/stdlib/v1.2/Pkg/src/API.jl:228
 [11] test(::String) at /buildworker/worker/package_linux64/build/usr/share/julia/stdlib/v1.2/Pkg/src/API.jl:228
 [12] top-level scope at none:10
