 Resolving package versions...
 Installed Inflate ──────────── v0.1.1
 Installed OrderedCollections ─ v1.1.0
 Installed JLD2 ─────────────── v0.1.8
 Installed Spot ─────────────── v0.1.0
 Installed MetaGraphs ───────── v0.6.4
 Installed Compat ───────────── v2.2.0
 Installed DataStructures ───── v0.17.6
 Installed BinaryProvider ───── v0.5.8
 Installed LaTeXStrings ─────── v1.0.3
 Installed SimpleTraits ─────── v0.9.1
 Installed CodecZlib ────────── v0.6.0
 Installed Parameters ───────── v0.12.0
 Installed LightGraphs ──────── v1.3.0
 Installed StaticArrays ─────── v0.12.1
 Installed TranscodingStreams ─ v0.9.5
 Installed Cxx ──────────────── v0.3.3
 Installed TikzPictures ─────── v3.0.5
 Installed MacroTools ───────── v0.5.2
 Installed FileIO ───────────── v1.0.7
 Installed ArnoldiMethod ────── v0.0.4
  Updating `~/.julia/environments/v1.2/Project.toml`
  [f11abc24] + Spot v0.1.0
  Updating `~/.julia/environments/v1.2/Manifest.toml`
  [ec485272] + ArnoldiMethod v0.0.4
  [b99e7846] + BinaryProvider v0.5.8
  [944b1d66] + CodecZlib v0.6.0
  [34da2185] + Compat v2.2.0
  [a0b5b9ef] + Cxx v0.3.3
  [864edb3b] + DataStructures v0.17.6
  [5789e2e9] + FileIO v1.0.7
  [d25df0c9] + Inflate v0.1.1
  [033835bb] + JLD2 v0.1.8
  [b964fa9f] + LaTeXStrings v1.0.3
  [093fc24a] + LightGraphs v1.3.0
  [1914dd2f] + MacroTools v0.5.2
  [626554b9] + MetaGraphs v0.6.4
  [bac558e1] + OrderedCollections v1.1.0
  [d96e819e] + Parameters v0.12.0
  [699a6c99] + SimpleTraits v0.9.1
  [f11abc24] + Spot v0.1.0
  [90137ffa] + StaticArrays v0.12.1
  [37f6aa50] + TikzPictures v3.0.5
  [3bb67fe8] + TranscodingStreams v0.9.5
  [2a0f44e3] + Base64 
  [ade2ca70] + Dates 
  [8bb1440f] + DelimitedFiles 
  [8ba89e20] + Distributed 
  [b77e0a4c] + InteractiveUtils 
  [76f85450] + LibGit2 
  [8f399da3] + Libdl 
  [37e2e46d] + LinearAlgebra 
  [56ddb016] + Logging 
  [d6f4376e] + Markdown 
  [a63ad114] + Mmap 
  [44cfe95a] + Pkg 
  [de0858da] + Printf 
  [3fa0cd96] + REPL 
  [9a3f8284] + Random 
  [ea8e919c] + SHA 
  [9e88b42a] + Serialization 
  [1a1011a3] + SharedArrays 
  [6462fe0b] + Sockets 
  [2f01184e] + SparseArrays 
  [10745b16] + Statistics 
  [8dfed614] + Test 
  [cf7118a7] + UUIDs 
  [4ec0a83e] + Unicode 
  Building Cxx ──────→ `~/.julia/packages/Cxx/UZsgx/deps/build.log`
  Building CodecZlib → `~/.julia/packages/CodecZlib/5t9zO/deps/build.log`
  Building Spot ─────→ `~/.julia/packages/Spot/sS7PH/deps/build.log`
   Testing Spot
 Resolving package versions...
 Installed SoftGlobalScope ─ v1.0.10
 Installed JSON ──────────── v0.21.0
 Installed NBInclude ─────── v2.1.0
 Installed Parsers ───────── v0.3.10
    Status `/tmp/jl_xAYbAU/Manifest.toml`
  [ec485272] ArnoldiMethod v0.0.4
  [b99e7846] BinaryProvider v0.5.8
  [944b1d66] CodecZlib v0.6.0
  [34da2185] Compat v2.2.0
  [a0b5b9ef] Cxx v0.3.3
  [864edb3b] DataStructures v0.17.6
  [5789e2e9] FileIO v1.0.7
  [d25df0c9] Inflate v0.1.1
  [033835bb] JLD2 v0.1.8
  [682c06a0] JSON v0.21.0
  [b964fa9f] LaTeXStrings v1.0.3
  [093fc24a] LightGraphs v1.3.0
  [1914dd2f] MacroTools v0.5.2
  [626554b9] MetaGraphs v0.6.4
  [0db19996] NBInclude v2.1.0
  [bac558e1] OrderedCollections v1.1.0
  [d96e819e] Parameters v0.12.0
  [69de0a69] Parsers v0.3.10
  [699a6c99] SimpleTraits v0.9.1
  [b85f4697] SoftGlobalScope v1.0.10
  [f11abc24] Spot v0.1.0
  [90137ffa] StaticArrays v0.12.1
  [37f6aa50] TikzPictures v3.0.5
  [3bb67fe8] TranscodingStreams v0.9.5
  [2a0f44e3] Base64  [`@stdlib/Base64`]
  [ade2ca70] Dates  [`@stdlib/Dates`]
  [8bb1440f] DelimitedFiles  [`@stdlib/DelimitedFiles`]
  [8ba89e20] Distributed  [`@stdlib/Distributed`]
  [b77e0a4c] InteractiveUtils  [`@stdlib/InteractiveUtils`]
  [76f85450] LibGit2  [`@stdlib/LibGit2`]
  [8f399da3] Libdl  [`@stdlib/Libdl`]
  [37e2e46d] LinearAlgebra  [`@stdlib/LinearAlgebra`]
  [56ddb016] Logging  [`@stdlib/Logging`]
  [d6f4376e] Markdown  [`@stdlib/Markdown`]
  [a63ad114] Mmap  [`@stdlib/Mmap`]
  [44cfe95a] Pkg  [`@stdlib/Pkg`]
  [de0858da] Printf  [`@stdlib/Printf`]
  [3fa0cd96] REPL  [`@stdlib/REPL`]
  [9a3f8284] Random  [`@stdlib/Random`]
  [ea8e919c] SHA  [`@stdlib/SHA`]
  [9e88b42a] Serialization  [`@stdlib/Serialization`]
  [1a1011a3] SharedArrays  [`@stdlib/SharedArrays`]
  [6462fe0b] Sockets  [`@stdlib/Sockets`]
  [2f01184e] SparseArrays  [`@stdlib/SparseArrays`]
  [10745b16] Statistics  [`@stdlib/Statistics`]
  [8dfed614] Test  [`@stdlib/Test`]
  [cf7118a7] UUIDs  [`@stdlib/UUIDs`]
  [4ec0a83e] Unicode  [`@stdlib/Unicode`]
Test Summary: | Pass  Total
LTL Parsing   |   12     12
Test Summary:   |
LTL To Automata | No tests
Test Summary: | Pass  Total
SpotAutomata  |    7      7
save plot: Error During Test at /root/.julia/packages/Spot/sS7PH/test/runtests.jl:52
  Got exception outside of a @test
  IOError: could not spawn `dot -Txdot /tmp/jl_SKGMhJ/graph.dot`: no such file or directory (ENOENT)
  Stacktrace:
   [1] _spawn_primitive(::String, ::Cmd, ::Array{Any,1}) at ./process.jl:401
   [2] setup_stdios(::getfield(Base, Symbol("##526#527")){Cmd}, ::Array{Any,1}) at ./process.jl:414
   [3] _spawn(::Base.CmdRedirect, ::Array{Any,1}) at ./process.jl:413
   [4] #run#536(::Bool, ::typeof(run), ::Base.CmdRedirect) at ./process.jl:727
   [5] run at ./process.jl:726 [inlined]
   [6] (::getfield(Spot, Symbol("##5#9")){SpotAutomata})(::String) at /root/.julia/packages/Spot/sS7PH/src/automata.jl:194
   [7] #mktempdir#15(::String, ::typeof(mktempdir), ::getfield(Spot, Symbol("##5#9")){SpotAutomata}, ::String) at ./file.jl:584
   [8] mktempdir at ./file.jl:582 [inlined]
   [9] plot_automata(::SpotAutomata) at /root/.julia/packages/Spot/sS7PH/src/automata.jl:186
   [10] top-level scope at /root/.julia/packages/Spot/sS7PH/test/runtests.jl:55
   [11] top-level scope at /buildworker/worker/package_linux64/build/usr/share/julia/stdlib/v1.2/Test/src/Test.jl:1113
   [12] top-level scope at /root/.julia/packages/Spot/sS7PH/test/runtests.jl:53
   [13] include at ./boot.jl:328 [inlined]
   [14] include_relative(::Module, ::String) at ./loading.jl:1094
   [15] include(::Module, ::String) at ./Base.jl:31
   [16] include(::String) at ./client.jl:431
   [17] top-level scope at none:5
   [18] eval(::Module, ::Any) at ./boot.jl:330
   [19] exec_options(::Base.JLOptions) at ./client.jl:271
   [20] _start() at ./client.jl:464
  
Test Summary: | Error  Total
save plot     |     1      1
ERROR: LoadError: Some tests did not pass: 0 passed, 0 failed, 1 errored, 0 broken.
in expression starting at /root/.julia/packages/Spot/sS7PH/test/runtests.jl:52
ERROR: Package Spot errored during testing
Stacktrace:
 [1] pkgerror(::String, ::Vararg{String,N} where N) at /buildworker/worker/package_linux64/build/usr/share/julia/stdlib/v1.2/Pkg/src/Types.jl:112
 [2] #test#119(::Bool, ::Nothing, ::typeof(Pkg.Operations.test), ::Pkg.Types.Context, ::Array{Pkg.Types.PackageSpec,1}) at /buildworker/worker/package_linux64/build/usr/share/julia/stdlib/v1.2/Pkg/src/Operations.jl:1288
 [3] #test at ./none:0 [inlined]
 [4] #test#62(::Bool, ::Nothing, ::Base.Iterators.Pairs{Union{},Union{},Tuple{},NamedTuple{(),Tuple{}}}, ::typeof(Pkg.API.test), ::Pkg.Types.Context, ::Array{Pkg.Types.PackageSpec,1}) at /buildworker/worker/package_linux64/build/usr/share/julia/stdlib/v1.2/Pkg/src/API.jl:245
 [5] test at /buildworker/worker/package_linux64/build/usr/share/julia/stdlib/v1.2/Pkg/src/API.jl:233 [inlined]
 [6] #test#61 at /buildworker/worker/package_linux64/build/usr/share/julia/stdlib/v1.2/Pkg/src/API.jl:230 [inlined]
 [7] test at /buildworker/worker/package_linux64/build/usr/share/julia/stdlib/v1.2/Pkg/src/API.jl:230 [inlined]
 [8] #test#60 at /buildworker/worker/package_linux64/build/usr/share/julia/stdlib/v1.2/Pkg/src/API.jl:229 [inlined]
 [9] test at /buildworker/worker/package_linux64/build/usr/share/julia/stdlib/v1.2/Pkg/src/API.jl:229 [inlined]
 [10] #test#59(::Base.Iterators.Pairs{Union{},Union{},Tuple{},NamedTuple{(),Tuple{}}}, ::typeof(Pkg.API.test), ::String) at /buildworker/worker/package_linux64/build/usr/share/julia/stdlib/v1.2/Pkg/src/API.jl:228
 [11] test(::String) at /buildworker/worker/package_linux64/build/usr/share/julia/stdlib/v1.2/Pkg/src/API.jl:228
 [12] top-level scope at none:10
