 Resolving package versions...
 Installed PkgMirrors ─ v1.3.0
  Updating `~/.julia/environments/v1.2/Project.toml`
  [e0fc9d43] + PkgMirrors v1.3.0
  Updating `~/.julia/environments/v1.2/Manifest.toml`
  [e0fc9d43] + PkgMirrors v1.3.0
  [2a0f44e3] + Base64 
  [ade2ca70] + Dates 
  [b77e0a4c] + InteractiveUtils 
  [76f85450] + LibGit2 
  [d6f4376e] + Markdown 
  [44cfe95a] + Pkg 
  [de0858da] + Printf 
  [3fa0cd96] + REPL 
  [9a3f8284] + Random 
  [ea8e919c] + SHA 
  [9e88b42a] + Serialization 
  [6462fe0b] + Sockets 
  [cf7118a7] + UUIDs 
  [4ec0a83e] + Unicode 
   Testing PkgMirrors
 Resolving package versions...
    Status `/tmp/jl_qTtn26/Manifest.toml`
  [e0fc9d43] PkgMirrors v1.3.0
  [2a0f44e3] Base64  [`@stdlib/Base64`]
  [ade2ca70] Dates  [`@stdlib/Dates`]
  [8ba89e20] Distributed  [`@stdlib/Distributed`]
  [b77e0a4c] InteractiveUtils  [`@stdlib/InteractiveUtils`]
  [76f85450] LibGit2  [`@stdlib/LibGit2`]
  [56ddb016] Logging  [`@stdlib/Logging`]
  [d6f4376e] Markdown  [`@stdlib/Markdown`]
  [44cfe95a] Pkg  [`@stdlib/Pkg`]
  [de0858da] Printf  [`@stdlib/Printf`]
  [3fa0cd96] REPL  [`@stdlib/REPL`]
  [9a3f8284] Random  [`@stdlib/Random`]
  [ea8e919c] SHA  [`@stdlib/SHA`]
  [9e88b42a] Serialization  [`@stdlib/Serialization`]
  [6462fe0b] Sockets  [`@stdlib/Sockets`]
  [8dfed614] Test  [`@stdlib/Test`]
  [cf7118a7] UUIDs  [`@stdlib/UUIDs`]
  [4ec0a83e] Unicode  [`@stdlib/Unicode`]
[ Info: Cache clear.
[ Info: Updating mirror information...
ERROR: LoadError: SystemError: opening file "/root/.julia/registries/General/.git/config": Read-only file system
Stacktrace:
 [1] #systemerror#44(::Nothing, ::typeof(systemerror), ::String, ::Bool) at ./error.jl:134
 [2] systemerror at ./error.jl:134 [inlined]
 [3] #open#311(::Nothing, ::Nothing, ::Nothing, ::Bool, ::Nothing, ::typeof(open), ::String) at ./iostream.jl:289
 [4] #open at ./none:0 [inlined]
 [5] open(::String, ::String) at ./iostream.jl:345
 [6] #open#312(::Base.Iterators.Pairs{Union{},Union{},Tuple{},NamedTuple{(),Tuple{}}}, ::typeof(open), ::getfield(Base, Symbol("##272#273")){String,Tuple{}}, ::String, ::Vararg{String,N} where N) at ./iostream.jl:373
 [7] open at ./iostream.jl:373 [inlined]
 [8] write at ./io.jl:296 [inlined]
 [9] replace_in_file(::String, ::Pair{String,String}) at /root/.julia/packages/PkgMirrors/UL7au/src/utils.jl:51
 [10] activate() at /root/.julia/packages/PkgMirrors/UL7au/src/pkg.jl:41
 [11] setmirror(::String, ::String) at /root/.julia/packages/PkgMirrors/UL7au/src/api.jl:13
 [12] setmirror(::String) at /root/.julia/packages/PkgMirrors/UL7au/src/api.jl:25
 [13] top-level scope at /root/.julia/packages/PkgMirrors/UL7au/test/runtests.jl:11
 [14] include at ./boot.jl:328 [inlined]
 [15] include_relative(::Module, ::String) at ./loading.jl:1094
 [16] include(::Module, ::String) at ./Base.jl:31
 [17] include(::String) at ./client.jl:431
 [18] top-level scope at none:5
in expression starting at /root/.julia/packages/PkgMirrors/UL7au/test/runtests.jl:11
ERROR: Package PkgMirrors errored during testing
Stacktrace:
 [1] pkgerror(::String, ::Vararg{String,N} where N) at /buildworker/worker/package_linux64/build/usr/share/julia/stdlib/v1.2/Pkg/src/Types.jl:112
 [2] #test#119(::Bool, ::Nothing, ::typeof(Pkg.Operations.test), ::Pkg.Types.Context, ::Array{Pkg.Types.PackageSpec,1}) at /buildworker/worker/package_linux64/build/usr/share/julia/stdlib/v1.2/Pkg/src/Operations.jl:1288
 [3] #test at ./none:0 [inlined]
 [4] #test#62(::Bool, ::Nothing, ::Base.Iterators.Pairs{Union{},Union{},Tuple{},NamedTuple{(),Tuple{}}}, ::typeof(Pkg.API.test), ::Pkg.Types.Context, ::Array{Pkg.Types.PackageSpec,1}) at /buildworker/worker/package_linux64/build/usr/share/julia/stdlib/v1.2/Pkg/src/API.jl:245
 [5] test at /buildworker/worker/package_linux64/build/usr/share/julia/stdlib/v1.2/Pkg/src/API.jl:233 [inlined]
 [6] #test#61 at /buildworker/worker/package_linux64/build/usr/share/julia/stdlib/v1.2/Pkg/src/API.jl:230 [inlined]
 [7] test at /buildworker/worker/package_linux64/build/usr/share/julia/stdlib/v1.2/Pkg/src/API.jl:230 [inlined]
 [8] #test#60 at /buildworker/worker/package_linux64/build/usr/share/julia/stdlib/v1.2/Pkg/src/API.jl:229 [inlined]
 [9] test at /buildworker/worker/package_linux64/build/usr/share/julia/stdlib/v1.2/Pkg/src/API.jl:229 [inlined]
 [10] #test#59(::Base.Iterators.Pairs{Union{},Union{},Tuple{},NamedTuple{(),Tuple{}}}, ::typeof(Pkg.API.test), ::String) at /buildworker/worker/package_linux64/build/usr/share/julia/stdlib/v1.2/Pkg/src/API.jl:228
 [11] test(::String) at /buildworker/worker/package_linux64/build/usr/share/julia/stdlib/v1.2/Pkg/src/API.jl:228
 [12] top-level scope at none:10
