 Resolving package versions...
 Installed StrTables ──────── v1.0.1
 Installed InternedStrings ── v0.7.0
 Installed HTML_Entities ──── v1.0.0
 Installed WordTokenizers ─── v0.5.3
 Installed BytePairEncoding ─ v0.1.1
  Updating `~/.julia/environments/v1.0/Project.toml`
  [a4280ba5] + BytePairEncoding v0.1.1
  Updating `~/.julia/environments/v1.0/Manifest.toml`
  [a4280ba5] + BytePairEncoding v0.1.1
  [7693890a] + HTML_Entities v1.0.0
  [7d512f48] + InternedStrings v0.7.0
  [9700d1a9] + StrTables v1.0.1
  [796a5d58] + WordTokenizers v0.5.3
  [2a0f44e3] + Base64 
  [ade2ca70] + Dates 
  [8bb1440f] + DelimitedFiles 
  [8ba89e20] + Distributed 
  [b77e0a4c] + InteractiveUtils 
  [8f399da3] + Libdl 
  [37e2e46d] + LinearAlgebra 
  [56ddb016] + Logging 
  [d6f4376e] + Markdown 
  [a63ad114] + Mmap 
  [de0858da] + Printf 
  [9a3f8284] + Random 
  [9e88b42a] + Serialization 
  [6462fe0b] + Sockets 
  [8dfed614] + Test 
  [4ec0a83e] + Unicode 
  Building HTML_Entities → `~/.julia/packages/HTML_Entities/g4t7p/deps/build.log`
   Testing BytePairEncoding
    Status `/tmp/tmptGkC10/Manifest.toml`
  [a4280ba5] BytePairEncoding v0.1.1
  [7693890a] HTML_Entities v1.0.0
  [7d512f48] InternedStrings v0.7.0
  [9700d1a9] StrTables v1.0.1
  [796a5d58] WordTokenizers v0.5.3
  [2a0f44e3] Base64  [`@stdlib/Base64`]
  [ade2ca70] Dates  [`@stdlib/Dates`]
  [8bb1440f] DelimitedFiles  [`@stdlib/DelimitedFiles`]
  [8ba89e20] Distributed  [`@stdlib/Distributed`]
  [b77e0a4c] InteractiveUtils  [`@stdlib/InteractiveUtils`]
  [8f399da3] Libdl  [`@stdlib/Libdl`]
  [37e2e46d] LinearAlgebra  [`@stdlib/LinearAlgebra`]
  [56ddb016] Logging  [`@stdlib/Logging`]
  [d6f4376e] Markdown  [`@stdlib/Markdown`]
  [a63ad114] Mmap  [`@stdlib/Mmap`]
  [de0858da] Printf  [`@stdlib/Printf`]
  [9a3f8284] Random  [`@stdlib/Random`]
  [9e88b42a] Serialization  [`@stdlib/Serialization`]
  [6462fe0b] Sockets  [`@stdlib/Sockets`]
  [8dfed614] Test  [`@stdlib/Test`]
  [4ec0a83e] Unicode  [`@stdlib/Unicode`]
Skipping Base.active_repl
Skipping Base.active_repl_backend
/root/.julia/packages/BytePairEncoding/O0W3I/test/test_learn.jl ...
/root/.julia/packages/BytePairEncoding/O0W3I/test/test_bpe.jl ...
/root/.julia/packages/BytePairEncoding/O0W3I/test/test_glossary.jl ...
/root/.julia/packages/BytePairEncoding/O0W3I/test/test_utfnorm.jl ...
Test Summary:    |   Pass   Total
BytePairEncoding | 677015  677015
   Testing BytePairEncoding tests passed 
