 Resolving package versions...
 Installed JSON2 ─── v0.3.1
 Installed Parsers ─ v0.3.10
  Updating `~/.julia/environments/v1.0/Project.toml`
  [2535ab7d] + JSON2 v0.3.1
  Updating `~/.julia/environments/v1.0/Manifest.toml`
  [2535ab7d] + JSON2 v0.3.1
  [69de0a69] + Parsers v0.3.10
  [2a0f44e3] + Base64 
  [ade2ca70] + Dates 
  [8ba89e20] + Distributed 
  [b77e0a4c] + InteractiveUtils 
  [8f399da3] + Libdl 
  [37e2e46d] + LinearAlgebra 
  [56ddb016] + Logging 
  [d6f4376e] + Markdown 
  [de0858da] + Printf 
  [9a3f8284] + Random 
  [9e88b42a] + Serialization 
  [6462fe0b] + Sockets 
  [8dfed614] + Test 
  [4ec0a83e] + Unicode 
   Testing JSON2
 Resolving package versions...
    Status `/tmp/tmpwhllVw/Manifest.toml`
  [2535ab7d] JSON2 v0.3.1
  [69de0a69] Parsers v0.3.10
  [2a0f44e3] Base64  [`@stdlib/Base64`]
  [ade2ca70] Dates  [`@stdlib/Dates`]
  [8ba89e20] Distributed  [`@stdlib/Distributed`]
  [b77e0a4c] InteractiveUtils  [`@stdlib/InteractiveUtils`]
  [8f399da3] Libdl  [`@stdlib/Libdl`]
  [37e2e46d] LinearAlgebra  [`@stdlib/LinearAlgebra`]
  [56ddb016] Logging  [`@stdlib/Logging`]
  [d6f4376e] Markdown  [`@stdlib/Markdown`]
  [de0858da] Printf  [`@stdlib/Printf`]
  [9a3f8284] Random  [`@stdlib/Random`]
  [9e88b42a] Serialization  [`@stdlib/Serialization`]
  [6462fe0b] Sockets  [`@stdlib/Sockets`]
  [8dfed614] Test  [`@stdlib/Test`]
  [4ec0a83e] Unicode  [`@stdlib/Unicode`]
Test Summary:          | Pass  Total
fail = [1,2,3/4,5,6,7] |    1      1
Test Summary:                 | Pass  Total
fail = {"1":2, "2":3 _ "4":5} |    1      1
Test Summary: | Pass  Total
fail = [tXXe] |    1      1
Test Summary: | Pass  Total
fail = [fail] |    1      1
Test Summary: | Pass  Total
fail = ∞      |    1      1
Test Summary:  | Pass  Total
fail = [5,2,-] |    1      1
Test Summary:   | Pass  Total
fail = [5,2,+β] |    1      1
Test Summary: | Pass  Total
fail = "\     |    1      1
Test Summary:   | Pass  Total
fail = ["🍕"_"🍕" |    1      1
Test Summary: | Pass  Total
Symbol        |    1      1
Test Summary: | Pass  Total
Floats        |    2      2
Test Summary: | Pass  Total
Char          |    4      4
Test Summary: | Pass  Total
Null bytes    |    3      3
Test Summary: | Pass  Broken  Total
Arrays        |    2       1      3
Test Summary: | Pass  Total
Pairs         |    4      4
Test Summary: | Pass  Total
Sets          |    2      2
Test Summary:      | Pass  Total
Read/write options |   10     10
   Testing JSON2 tests passed 
