 Resolving package versions...
 Installed DataAPI ───────────────────── v1.1.0
 Installed DataValueInterfaces ───────── v1.0.0
 Installed DecFP ─────────────────────── v0.4.9
 Installed TableTraits ───────────────── v1.0.0
 Installed Compat ────────────────────── v2.2.0
 Installed MySQL ─────────────────────── v0.7.1
 Installed IteratorInterfaceExtensions ─ v1.0.0
 Installed BinaryProvider ────────────── v0.5.8
 Installed URIParser ─────────────────── v0.4.0
 Installed Tables ────────────────────── v0.2.11
 Installed BinDeps ───────────────────── v0.8.10
 Installed SpecialFunctions ──────────── v0.8.0
  Updating `~/.julia/environments/v1.2/Project.toml`
  [39abe10b] + MySQL v0.7.1
  Updating `~/.julia/environments/v1.2/Manifest.toml`
  [9e28174c] + BinDeps v0.8.10
  [b99e7846] + BinaryProvider v0.5.8
  [34da2185] + Compat v2.2.0
  [9a962f9c] + DataAPI v1.1.0
  [e2d170a0] + DataValueInterfaces v1.0.0
  [55939f99] + DecFP v0.4.9
  [82899510] + IteratorInterfaceExtensions v1.0.0
  [39abe10b] + MySQL v0.7.1
  [276daf66] + SpecialFunctions v0.8.0
  [3783bdb8] + TableTraits v1.0.0
  [bd369af6] + Tables v0.2.11
  [30578b45] + URIParser v0.4.0
  [2a0f44e3] + Base64 
  [ade2ca70] + Dates 
  [8bb1440f] + DelimitedFiles 
  [8ba89e20] + Distributed 
  [b77e0a4c] + InteractiveUtils 
  [76f85450] + LibGit2 
  [8f399da3] + Libdl 
  [37e2e46d] + LinearAlgebra 
  [56ddb016] + Logging 
  [d6f4376e] + Markdown 
  [a63ad114] + Mmap 
  [44cfe95a] + Pkg 
  [de0858da] + Printf 
  [3fa0cd96] + REPL 
  [9a3f8284] + Random 
  [ea8e919c] + SHA 
  [9e88b42a] + Serialization 
  [1a1011a3] + SharedArrays 
  [6462fe0b] + Sockets 
  [2f01184e] + SparseArrays 
  [10745b16] + Statistics 
  [8dfed614] + Test 
  [cf7118a7] + UUIDs 
  [4ec0a83e] + Unicode 
  Building SpecialFunctions → `~/.julia/packages/SpecialFunctions/ne2iw/deps/build.log`
  Building DecFP ───────────→ `~/.julia/packages/DecFP/U0m7y/deps/build.log`
  Building MySQL ───────────→ `~/.julia/packages/MySQL/R2gKS/deps/build.log`
   Testing MySQL
 Resolving package versions...
    Status `/tmp/jl_8ZHOgW/Manifest.toml`
  [9e28174c] BinDeps v0.8.10
  [b99e7846] BinaryProvider v0.5.8
  [34da2185] Compat v2.2.0
  [9a962f9c] DataAPI v1.1.0
  [e2d170a0] DataValueInterfaces v1.0.0
  [55939f99] DecFP v0.4.9
  [82899510] IteratorInterfaceExtensions v1.0.0
  [39abe10b] MySQL v0.7.1
  [276daf66] SpecialFunctions v0.8.0
  [3783bdb8] TableTraits v1.0.0
  [bd369af6] Tables v0.2.11
  [30578b45] URIParser v0.4.0
  [2a0f44e3] Base64  [`@stdlib/Base64`]
  [ade2ca70] Dates  [`@stdlib/Dates`]
  [8bb1440f] DelimitedFiles  [`@stdlib/DelimitedFiles`]
  [8ba89e20] Distributed  [`@stdlib/Distributed`]
  [b77e0a4c] InteractiveUtils  [`@stdlib/InteractiveUtils`]
  [76f85450] LibGit2  [`@stdlib/LibGit2`]
  [8f399da3] Libdl  [`@stdlib/Libdl`]
  [37e2e46d] LinearAlgebra  [`@stdlib/LinearAlgebra`]
  [56ddb016] Logging  [`@stdlib/Logging`]
  [d6f4376e] Markdown  [`@stdlib/Markdown`]
  [a63ad114] Mmap  [`@stdlib/Mmap`]
  [44cfe95a] Pkg  [`@stdlib/Pkg`]
  [de0858da] Printf  [`@stdlib/Printf`]
  [3fa0cd96] REPL  [`@stdlib/REPL`]
  [9a3f8284] Random  [`@stdlib/Random`]
  [ea8e919c] SHA  [`@stdlib/SHA`]
  [9e88b42a] Serialization  [`@stdlib/Serialization`]
  [1a1011a3] SharedArrays  [`@stdlib/SharedArrays`]
  [6462fe0b] Sockets  [`@stdlib/Sockets`]
  [2f01184e] SparseArrays  [`@stdlib/SparseArrays`]
  [10745b16] Statistics  [`@stdlib/Statistics`]
  [8dfed614] Test  [`@stdlib/Test`]
  [cf7118a7] UUIDs  [`@stdlib/UUIDs`]
  [4ec0a83e] Unicode  [`@stdlib/Unicode`]
ERROR: LoadError: (2002): Can't connect to MySQL server on '127.0.0.1' (115)
Stacktrace:
 [1] #connect#8(::String, ::Int64, ::String, ::UInt32, ::Dict{Any,Any}, ::typeof(MySQL.connect), ::String, ::String, ::String) at /root/.julia/packages/MySQL/R2gKS/src/MySQL.jl:38
 [2] (::getfield(MySQL, Symbol("#kw##connect")))(::NamedTuple{(:port,),Tuple{Int64}}, ::typeof(MySQL.connect), ::String, ::String, ::String) at ./none:0
 [3] top-level scope at /root/.julia/packages/MySQL/R2gKS/test/runtests.jl:9
 [4] include at ./boot.jl:328 [inlined]
 [5] include_relative(::Module, ::String) at ./loading.jl:1094
 [6] include(::Module, ::String) at ./Base.jl:31
 [7] include(::String) at ./client.jl:431
 [8] top-level scope at none:5
in expression starting at /root/.julia/packages/MySQL/R2gKS/test/runtests.jl:9
ERROR: Package MySQL errored during testing
Stacktrace:
 [1] pkgerror(::String, ::Vararg{String,N} where N) at /buildworker/worker/package_linux64/build/usr/share/julia/stdlib/v1.2/Pkg/src/Types.jl:112
 [2] #test#119(::Bool, ::Nothing, ::typeof(Pkg.Operations.test), ::Pkg.Types.Context, ::Array{Pkg.Types.PackageSpec,1}) at /buildworker/worker/package_linux64/build/usr/share/julia/stdlib/v1.2/Pkg/src/Operations.jl:1288
 [3] #test at ./none:0 [inlined]
 [4] #test#62(::Bool, ::Nothing, ::Base.Iterators.Pairs{Union{},Union{},Tuple{},NamedTuple{(),Tuple{}}}, ::typeof(Pkg.API.test), ::Pkg.Types.Context, ::Array{Pkg.Types.PackageSpec,1}) at /buildworker/worker/package_linux64/build/usr/share/julia/stdlib/v1.2/Pkg/src/API.jl:245
 [5] test at /buildworker/worker/package_linux64/build/usr/share/julia/stdlib/v1.2/Pkg/src/API.jl:233 [inlined]
 [6] #test#61 at /buildworker/worker/package_linux64/build/usr/share/julia/stdlib/v1.2/Pkg/src/API.jl:230 [inlined]
 [7] test at /buildworker/worker/package_linux64/build/usr/share/julia/stdlib/v1.2/Pkg/src/API.jl:230 [inlined]
 [8] #test#60 at /buildworker/worker/package_linux64/build/usr/share/julia/stdlib/v1.2/Pkg/src/API.jl:229 [inlined]
 [9] test at /buildworker/worker/package_linux64/build/usr/share/julia/stdlib/v1.2/Pkg/src/API.jl:229 [inlined]
 [10] #test#59(::Base.Iterators.Pairs{Union{},Union{},Tuple{},NamedTuple{(),Tuple{}}}, ::typeof(Pkg.API.test), ::String) at /buildworker/worker/package_linux64/build/usr/share/julia/stdlib/v1.2/Pkg/src/API.jl:228
 [11] test(::String) at /buildworker/worker/package_linux64/build/usr/share/julia/stdlib/v1.2/Pkg/src/API.jl:228
 [12] top-level scope at none:10
