 Resolving package versions...
 Installed NaNMath ────────────── v0.3.3
 Installed DiffRules ──────────── v0.1.0
 Installed Arpack ─────────────── v0.3.1
 Installed CommonSubexpressions ─ v0.2.0
 Installed BinaryProvider ─────── v0.5.8
 Installed ErdosExtras ────────── v0.2.0
 Installed JuMP ───────────────── v0.19.2
 Installed DataAPI ────────────── v1.1.0
 Installed BlossomV ───────────── v0.4.2
 Installed BinDeps ────────────── v0.8.10
 Installed LinQuadOptInterface ── v0.6.0
 Installed SpecialFunctions ───── v0.8.0
 Installed DataStructures ─────── v0.17.6
 Installed MathOptInterface ───── v0.8.4
 Installed URIParser ──────────── v0.4.0
 Installed Distances ──────────── v0.8.2
 Installed DiffResults ────────── v0.0.4
 Installed SortingAlgorithms ──── v0.3.1
 Installed StaticArrays ───────── v0.12.1
 Installed Missings ───────────── v0.4.3
 Installed StatsBase ──────────── v0.32.0
 Installed GZip ───────────────── v0.5.0
 Installed OrderedCollections ─── v1.1.0
 Installed GLPK ───────────────── v0.10.0
 Installed Rmath ──────────────── v0.5.1
 Installed ForwardDiff ────────── v0.9.0
 Installed NearestNeighbors ───── v0.4.3
 Installed Calculus ───────────── v0.5.1
 Installed IterTools ──────────── v1.3.0
 Installed EzXML ──────────────── v0.9.4
 Installed Clustering ─────────── v0.13.3
 Installed StatsFuns ──────────── v0.9.0
 Installed Compat ─────────────── v2.2.0
 Installed Erdos ──────────────── v0.7.0
  Updating `~/.julia/environments/v1.0/Project.toml`
  [36e9a02b] + ErdosExtras v0.2.0
  Updating `~/.julia/environments/v1.0/Manifest.toml`
  [7d9fca2a] + Arpack v0.3.1
  [9e28174c] + BinDeps v0.8.10
  [b99e7846] + BinaryProvider v0.5.8
  [6c721016] + BlossomV v0.4.2
  [49dc2e85] + Calculus v0.5.1
  [aaaa29a8] + Clustering v0.13.3
  [bbf7d656] + CommonSubexpressions v0.2.0
  [34da2185] + Compat v2.2.0
  [9a962f9c] + DataAPI v1.1.0
  [864edb3b] + DataStructures v0.17.6
  [163ba53b] + DiffResults v0.0.4
  [b552c78f] + DiffRules v0.1.0
  [b4f34e82] + Distances v0.8.2
  [90d7349d] + Erdos v0.7.0
  [36e9a02b] + ErdosExtras v0.2.0
  [8f5d6c58] + EzXML v0.9.4
  [f6369f11] + ForwardDiff v0.9.0
  [60bf3e95] + GLPK v0.10.0
  [92fee26a] + GZip v0.5.0
  [c8e1da08] + IterTools v1.3.0
  [4076af6c] + JuMP v0.19.2
  [f8899e07] + LinQuadOptInterface v0.6.0
  [b8f27783] + MathOptInterface v0.8.4
  [e1d29d7a] + Missings v0.4.3
  [77ba4419] + NaNMath v0.3.3
  [b8a86587] + NearestNeighbors v0.4.3
  [bac558e1] + OrderedCollections v1.1.0
  [79098fc4] + Rmath v0.5.1
  [a2af1166] + SortingAlgorithms v0.3.1
  [276daf66] + SpecialFunctions v0.8.0
  [90137ffa] + StaticArrays v0.12.1
  [2913bbd2] + StatsBase v0.32.0
  [4c63d2b9] + StatsFuns v0.9.0
  [30578b45] + URIParser v0.4.0
  [2a0f44e3] + Base64 
  [ade2ca70] + Dates 
  [8bb1440f] + DelimitedFiles 
  [8ba89e20] + Distributed 
  [b77e0a4c] + InteractiveUtils 
  [76f85450] + LibGit2 
  [8f399da3] + Libdl 
  [37e2e46d] + LinearAlgebra 
  [56ddb016] + Logging 
  [d6f4376e] + Markdown 
  [a63ad114] + Mmap 
  [44cfe95a] + Pkg 
  [de0858da] + Printf 
  [3fa0cd96] + REPL 
  [9a3f8284] + Random 
  [ea8e919c] + SHA 
  [9e88b42a] + Serialization 
  [1a1011a3] + SharedArrays 
  [6462fe0b] + Sockets 
  [2f01184e] + SparseArrays 
  [10745b16] + Statistics 
  [8dfed614] + Test 
  [cf7118a7] + UUIDs 
  [4ec0a83e] + Unicode 
  Building Arpack ──────────→ `~/.julia/packages/Arpack/cu5By/deps/build.log`
  Building BlossomV ────────→ `~/.julia/packages/BlossomV/vKHKD/deps/build.log`
  Building SpecialFunctions → `~/.julia/packages/SpecialFunctions/ne2iw/deps/build.log`
  Building GLPK ────────────→ `~/.julia/packages/GLPK/Fb12F/deps/build.log`
  Building Rmath ───────────→ `~/.julia/packages/Rmath/4wt82/deps/build.log`
  Building EzXML ───────────→ `~/.julia/packages/EzXML/G0JeY/deps/build.log`
   Testing ErdosExtras
    Status `/tmp/tmpjzqLUB/Manifest.toml`
  [7d9fca2a] Arpack v0.3.1
  [9e28174c] BinDeps v0.8.10
  [b99e7846] BinaryProvider v0.5.8
  [6c721016] BlossomV v0.4.2
  [49dc2e85] Calculus v0.5.1
  [aaaa29a8] Clustering v0.13.3
  [bbf7d656] CommonSubexpressions v0.2.0
  [34da2185] Compat v2.2.0
  [9a962f9c] DataAPI v1.1.0
  [864edb3b] DataStructures v0.17.6
  [163ba53b] DiffResults v0.0.4
  [b552c78f] DiffRules v0.1.0
  [b4f34e82] Distances v0.8.2
  [90d7349d] Erdos v0.7.0
  [36e9a02b] ErdosExtras v0.2.0
  [8f5d6c58] EzXML v0.9.4
  [f6369f11] ForwardDiff v0.9.0
  [60bf3e95] GLPK v0.10.0
  [92fee26a] GZip v0.5.0
  [c8e1da08] IterTools v1.3.0
  [4076af6c] JuMP v0.19.2
  [f8899e07] LinQuadOptInterface v0.6.0
  [b8f27783] MathOptInterface v0.8.4
  [e1d29d7a] Missings v0.4.3
  [77ba4419] NaNMath v0.3.3
  [b8a86587] NearestNeighbors v0.4.3
  [bac558e1] OrderedCollections v1.1.0
  [79098fc4] Rmath v0.5.1
  [a2af1166] SortingAlgorithms v0.3.1
  [276daf66] SpecialFunctions v0.8.0
  [90137ffa] StaticArrays v0.12.1
  [2913bbd2] StatsBase v0.32.0
  [4c63d2b9] StatsFuns v0.9.0
  [30578b45] URIParser v0.4.0
  [2a0f44e3] Base64  [`@stdlib/Base64`]
  [ade2ca70] Dates  [`@stdlib/Dates`]
  [8bb1440f] DelimitedFiles  [`@stdlib/DelimitedFiles`]
  [8ba89e20] Distributed  [`@stdlib/Distributed`]
  [b77e0a4c] InteractiveUtils  [`@stdlib/InteractiveUtils`]
  [76f85450] LibGit2  [`@stdlib/LibGit2`]
  [8f399da3] Libdl  [`@stdlib/Libdl`]
  [37e2e46d] LinearAlgebra  [`@stdlib/LinearAlgebra`]
  [56ddb016] Logging  [`@stdlib/Logging`]
  [d6f4376e] Markdown  [`@stdlib/Markdown`]
  [a63ad114] Mmap  [`@stdlib/Mmap`]
  [44cfe95a] Pkg  [`@stdlib/Pkg`]
  [de0858da] Printf  [`@stdlib/Printf`]
  [3fa0cd96] REPL  [`@stdlib/REPL`]
  [9a3f8284] Random  [`@stdlib/Random`]
  [ea8e919c] SHA  [`@stdlib/SHA`]
  [9e88b42a] Serialization  [`@stdlib/Serialization`]
  [1a1011a3] SharedArrays  [`@stdlib/SharedArrays`]
  [6462fe0b] Sockets  [`@stdlib/Sockets`]
  [2f01184e] SparseArrays  [`@stdlib/SparseArrays`]
  [10745b16] Statistics  [`@stdlib/Statistics`]
  [8dfed614] Test  [`@stdlib/Test`]
  [cf7118a7] UUIDs  [`@stdlib/UUIDs`]
  [4ec0a83e] Unicode  [`@stdlib/Unicode`]
ERROR: LoadError: LoadError: error compiling top-level scope: could not load library "libz"
libz.so: cannot open shared object file: No such file or directory
Stacktrace:
 [1] include at ./boot.jl:317 [inlined]
 [2] include_relative(::Module, ::String) at ./loading.jl:1044
 [3] include at ./sysimg.jl:29 [inlined]
 [4] include(::String) at /root/.julia/packages/GZip/LD2ly/src/GZip.jl:2
 [5] top-level scope at none:0
 [6] include at ./boot.jl:317 [inlined]
 [7] include_relative(::Module, ::String) at ./loading.jl:1044
 [8] include(::Module, ::String) at ./sysimg.jl:29
 [9] top-level scope at none:2
 [10] eval at ./boot.jl:319 [inlined]
 [11] eval(::Expr) at ./client.jl:393
 [12] top-level scope at ./none:3
in expression starting at /root/.julia/packages/GZip/LD2ly/src/zlib_h.jl:11
in expression starting at /root/.julia/packages/GZip/LD2ly/src/GZip.jl:73
ERROR: LoadError: Failed to precompile GZip [92fee26a-97fe-5a0c-ad85-20a5f3185b63] to /root/.julia/compiled/v1.0/GZip/s2LKY.ji.
Stacktrace:
 [1] error(::String) at ./error.jl:33
 [2] compilecache(::Base.PkgId, ::String) at ./loading.jl:1203
 [3] _require(::Base.PkgId) at ./loading.jl:960
 [4] require(::Base.PkgId) at ./loading.jl:858
 [5] require(::Module, ::Symbol) at ./loading.jl:853
 [6] include at ./boot.jl:317 [inlined]
 [7] include_relative(::Module, ::String) at ./loading.jl:1044
 [8] include(::Module, ::String) at ./sysimg.jl:29
 [9] top-level scope at none:2
 [10] eval at ./boot.jl:319 [inlined]
 [11] eval(::Expr) at ./client.jl:393
 [12] top-level scope at ./none:3
in expression starting at /root/.julia/packages/Erdos/astKo/src/Erdos.jl:12
ERROR: LoadError: Failed to precompile Erdos [90d7349d-81aa-5495-813a-883243abfe31] to /root/.julia/compiled/v1.0/Erdos/RjZXH.ji.
Stacktrace:
 [1] error(::String) at ./error.jl:33
 [2] compilecache(::Base.PkgId, ::String) at ./loading.jl:1203
 [3] _require(::Base.PkgId) at ./loading.jl:960
 [4] require(::Base.PkgId) at ./loading.jl:858
 [5] require(::Module, ::Symbol) at ./loading.jl:853
 [6] include at ./boot.jl:317 [inlined]
 [7] include_relative(::Module, ::String) at ./loading.jl:1044
 [8] include(::Module, ::String) at ./sysimg.jl:29
 [9] include(::String) at ./client.jl:392
 [10] top-level scope at none:0
in expression starting at /root/.julia/packages/ErdosExtras/znqsA/test/runtests.jl:1
ERROR: Package ErdosExtras errored during testing
Stacktrace:
 [1] pkgerror(::String, ::Vararg{String,N} where N) at /buildworker/worker/package_linux64/build/usr/share/julia/stdlib/v1.0/Pkg/src/Types.jl:120
 [2] #test#65(::Bool, ::Function, ::Pkg.Types.Context, ::Array{Pkg.Types.PackageSpec,1}) at /buildworker/worker/package_linux64/build/usr/share/julia/stdlib/v1.0/Pkg/src/Operations.jl:1357
 [3] #test at /buildworker/worker/package_linux64/build/usr/share/julia/stdlib/v1.0/Pkg/src/API.jl:0 [inlined]
 [4] #test#44(::Bool, ::Base.Iterators.Pairs{Union{},Union{},Tuple{},NamedTuple{(),Tuple{}}}, ::Function, ::Pkg.Types.Context, ::Array{Pkg.Types.PackageSpec,1}) at /buildworker/worker/package_linux64/build/usr/share/julia/stdlib/v1.0/Pkg/src/API.jl:278
 [5] test at /buildworker/worker/package_linux64/build/usr/share/julia/stdlib/v1.0/Pkg/src/API.jl:263 [inlined]
 [6] #test#43 at /buildworker/worker/package_linux64/build/usr/share/julia/stdlib/v1.0/Pkg/src/API.jl:260 [inlined]
 [7] test at /buildworker/worker/package_linux64/build/usr/share/julia/stdlib/v1.0/Pkg/src/API.jl:260 [inlined]
 [8] #test#42 at /buildworker/worker/package_linux64/build/usr/share/julia/stdlib/v1.0/Pkg/src/API.jl:259 [inlined]
 [9] test at /buildworker/worker/package_linux64/build/usr/share/julia/stdlib/v1.0/Pkg/src/API.jl:259 [inlined]
 [10] #test#41 at /buildworker/worker/package_linux64/build/usr/share/julia/stdlib/v1.0/Pkg/src/API.jl:258 [inlined]
 [11] test(::String) at /buildworker/worker/package_linux64/build/usr/share/julia/stdlib/v1.0/Pkg/src/API.jl:258
 [12] top-level scope at none:0
