 Resolving package versions...
 Installed NamedTuples ─ v5.0.0
  Updating `~/.julia/environments/v1.2/Project.toml`
  [73a701b4] + NamedTuples v5.0.0
  Updating `~/.julia/environments/v1.2/Manifest.toml`
  [73a701b4] + NamedTuples v5.0.0
   Testing NamedTuples
 Resolving package versions...
 Installed Nullables ─ v1.0.0
[ Info: No changes
    Status `/tmp/jl_0D7tqt/Manifest.toml`
  [73a701b4] NamedTuples v5.0.0
  [4d1e1d77] Nullables v1.0.0
ERROR: LoadError: UndefVarError: T not defined
Stacktrace:
 [1] top-level scope at /root/.julia/packages/NamedTuples/PjIPJ/src/NamedTuples.jl:119
 [2] include at ./boot.jl:328 [inlined]
 [3] include_relative(::Module, ::String) at ./loading.jl:1094
 [4] include(::Module, ::String) at ./Base.jl:31
 [5] top-level scope at none:2
 [6] eval at ./boot.jl:330 [inlined]
 [7] eval(::Expr) at ./client.jl:432
 [8] top-level scope at ./none:3
in expression starting at /root/.julia/packages/NamedTuples/PjIPJ/src/NamedTuples.jl:119
ERROR: LoadError: Failed to precompile NamedTuples [73a701b4-84e1-5df0-88ff-1968ee2ee8dc] to /root/.julia/compiled/v1.2/NamedTuples/SN1pr.ji.
Stacktrace:
 [1] error(::String) at ./error.jl:33
 [2] compilecache(::Base.PkgId, ::String) at ./loading.jl:1253
 [3] _require(::Base.PkgId) at ./loading.jl:1013
 [4] require(::Base.PkgId) at ./loading.jl:911
 [5] require(::Module, ::Symbol) at ./loading.jl:906
 [6] include at ./boot.jl:328 [inlined]
 [7] include_relative(::Module, ::String) at ./loading.jl:1094
 [8] include(::Module, ::String) at ./Base.jl:31
 [9] include(::String) at ./client.jl:431
 [10] top-level scope at none:5
in expression starting at /root/.julia/packages/NamedTuples/PjIPJ/test/runtests.jl:1
ERROR: Package NamedTuples errored during testing
Stacktrace:
 [1] pkgerror(::String, ::Vararg{String,N} where N) at /buildworker/worker/package_linux64/build/usr/share/julia/stdlib/v1.2/Pkg/src/Types.jl:112
 [2] #test#119(::Bool, ::Nothing, ::typeof(Pkg.Operations.test), ::Pkg.Types.Context, ::Array{Pkg.Types.PackageSpec,1}) at /buildworker/worker/package_linux64/build/usr/share/julia/stdlib/v1.2/Pkg/src/Operations.jl:1288
 [3] #test at ./none:0 [inlined]
 [4] #test#62(::Bool, ::Nothing, ::Base.Iterators.Pairs{Union{},Union{},Tuple{},NamedTuple{(),Tuple{}}}, ::typeof(Pkg.API.test), ::Pkg.Types.Context, ::Array{Pkg.Types.PackageSpec,1}) at /buildworker/worker/package_linux64/build/usr/share/julia/stdlib/v1.2/Pkg/src/API.jl:245
 [5] test at /buildworker/worker/package_linux64/build/usr/share/julia/stdlib/v1.2/Pkg/src/API.jl:233 [inlined]
 [6] #test#61 at /buildworker/worker/package_linux64/build/usr/share/julia/stdlib/v1.2/Pkg/src/API.jl:230 [inlined]
 [7] test at /buildworker/worker/package_linux64/build/usr/share/julia/stdlib/v1.2/Pkg/src/API.jl:230 [inlined]
 [8] #test#60 at /buildworker/worker/package_linux64/build/usr/share/julia/stdlib/v1.2/Pkg/src/API.jl:229 [inlined]
 [9] test at /buildworker/worker/package_linux64/build/usr/share/julia/stdlib/v1.2/Pkg/src/API.jl:229 [inlined]
 [10] #test#59(::Base.Iterators.Pairs{Union{},Union{},Tuple{},NamedTuple{(),Tuple{}}}, ::typeof(Pkg.API.test), ::String) at /buildworker/worker/package_linux64/build/usr/share/julia/stdlib/v1.2/Pkg/src/API.jl:228
 [11] test(::String) at /buildworker/worker/package_linux64/build/usr/share/julia/stdlib/v1.2/Pkg/src/API.jl:228
 [12] top-level scope at none:10
