 Resolving package versions...
 Installed RemoteSemaphores ─ v0.2.0
  Updating `~/.julia/environments/v1.2/Project.toml`
  [bcdc7952] + RemoteSemaphores v0.2.0
  Updating `~/.julia/environments/v1.2/Manifest.toml`
  [bcdc7952] + RemoteSemaphores v0.2.0
  [2a0f44e3] + Base64 
  [ade2ca70] + Dates 
  [8ba89e20] + Distributed 
  [b77e0a4c] + InteractiveUtils 
  [56ddb016] + Logging 
  [d6f4376e] + Markdown 
  [de0858da] + Printf 
  [9a3f8284] + Random 
  [9e88b42a] + Serialization 
  [6462fe0b] + Sockets 
  [8dfed614] + Test 
  [4ec0a83e] + Unicode 
   Testing RemoteSemaphores
 Resolving package versions...
    Status `/tmp/jl_WX4F7v/Manifest.toml`
  [bcdc7952] RemoteSemaphores v0.2.0
  [2a0f44e3] Base64  [`@stdlib/Base64`]
  [ade2ca70] Dates  [`@stdlib/Dates`]
  [8ba89e20] Distributed  [`@stdlib/Distributed`]
  [b77e0a4c] InteractiveUtils  [`@stdlib/InteractiveUtils`]
  [56ddb016] Logging  [`@stdlib/Logging`]
  [d6f4376e] Markdown  [`@stdlib/Markdown`]
  [de0858da] Printf  [`@stdlib/Printf`]
  [9a3f8284] Random  [`@stdlib/Random`]
  [9e88b42a] Serialization  [`@stdlib/Serialization`]
  [6462fe0b] Sockets  [`@stdlib/Sockets`]
  [8dfed614] Test  [`@stdlib/Test`]
  [4ec0a83e] Unicode  [`@stdlib/Unicode`]
Multiple processes: Test Failed at /root/.julia/packages/RemoteSemaphores/vlqpI/test/runtests.jl:168
  Expression: _current_count(rsem) == 3
   Evaluated: 1 == 3
Stacktrace:
 [1] top-level scope at /root/.julia/packages/RemoteSemaphores/vlqpI/test/runtests.jl:168
 [2] top-level scope at /buildworker/worker/package_linux64/build/usr/share/julia/stdlib/v1.2/Test/src/Test.jl:1113
 [3] top-level scope at /root/.julia/packages/RemoteSemaphores/vlqpI/test/runtests.jl:140
 [4] top-level scope at /buildworker/worker/package_linux64/build/usr/share/julia/stdlib/v1.2/Test/src/Test.jl:1113
 [5] top-level scope at /root/.julia/packages/RemoteSemaphores/vlqpI/test/runtests.jl:75
 [6] top-level scope at /buildworker/worker/package_linux64/build/usr/share/julia/stdlib/v1.2/Test/src/Test.jl:1113
 [7] top-level scope at /root/.julia/packages/RemoteSemaphores/vlqpI/test/runtests.jl:12
Multiple processes: Test Failed at /root/.julia/packages/RemoteSemaphores/vlqpI/test/runtests.jl:169
  Expression: #= /root/.julia/packages/RemoteSemaphores/vlqpI/test/runtests.jl:169 =# @fetchfrom(worker1_pid, _current_count(rsem)) == 3
   Evaluated: 1 == 3
Stacktrace:
 [1] top-level scope at /root/.julia/packages/RemoteSemaphores/vlqpI/test/runtests.jl:169
 [2] top-level scope at /buildworker/worker/package_linux64/build/usr/share/julia/stdlib/v1.2/Test/src/Test.jl:1113
 [3] top-level scope at /root/.julia/packages/RemoteSemaphores/vlqpI/test/runtests.jl:140
 [4] top-level scope at /buildworker/worker/package_linux64/build/usr/share/julia/stdlib/v1.2/Test/src/Test.jl:1113
 [5] top-level scope at /root/.julia/packages/RemoteSemaphores/vlqpI/test/runtests.jl:75
 [6] top-level scope at /buildworker/worker/package_linux64/build/usr/share/julia/stdlib/v1.2/Test/src/Test.jl:1113
 [7] top-level scope at /root/.julia/packages/RemoteSemaphores/vlqpI/test/runtests.jl:12
Multiple processes: Test Failed at /root/.julia/packages/RemoteSemaphores/vlqpI/test/runtests.jl:170
  Expression: #= /root/.julia/packages/RemoteSemaphores/vlqpI/test/runtests.jl:170 =# @fetchfrom(worker2_pid, _current_count(rsem)) == 3
   Evaluated: 1 == 3
Stacktrace:
 [1] top-level scope at /root/.julia/packages/RemoteSemaphores/vlqpI/test/runtests.jl:170
 [2] top-level scope at /buildworker/worker/package_linux64/build/usr/share/julia/stdlib/v1.2/Test/src/Test.jl:1113
 [3] top-level scope at /root/.julia/packages/RemoteSemaphores/vlqpI/test/runtests.jl:140
 [4] top-level scope at /buildworker/worker/package_linux64/build/usr/share/julia/stdlib/v1.2/Test/src/Test.jl:1113
 [5] top-level scope at /root/.julia/packages/RemoteSemaphores/vlqpI/test/runtests.jl:75
 [6] top-level scope at /buildworker/worker/package_linux64/build/usr/share/julia/stdlib/v1.2/Test/src/Test.jl:1113
 [7] top-level scope at /root/.julia/packages/RemoteSemaphores/vlqpI/test/runtests.jl:12
Multiple processes: Test Failed at /root/.julia/packages/RemoteSemaphores/vlqpI/test/runtests.jl:173
  Expression: asynctimedwait(10.0) do 
        acquire(rsem)
        acquired1 = true
    end == false
   Evaluated: true == false
Stacktrace:
 [1] top-level scope at /root/.julia/packages/RemoteSemaphores/vlqpI/test/runtests.jl:173
 [2] top-level scope at /buildworker/worker/package_linux64/build/usr/share/julia/stdlib/v1.2/Test/src/Test.jl:1113
 [3] top-level scope at /root/.julia/packages/RemoteSemaphores/vlqpI/test/runtests.jl:140
 [4] top-level scope at /buildworker/worker/package_linux64/build/usr/share/julia/stdlib/v1.2/Test/src/Test.jl:1113
 [5] top-level scope at /root/.julia/packages/RemoteSemaphores/vlqpI/test/runtests.jl:75
 [6] top-level scope at /buildworker/worker/package_linux64/build/usr/share/julia/stdlib/v1.2/Test/src/Test.jl:1113
 [7] top-level scope at /root/.julia/packages/RemoteSemaphores/vlqpI/test/runtests.jl:12
Multiple processes: Test Failed at /root/.julia/packages/RemoteSemaphores/vlqpI/test/runtests.jl:179
  Expression: #= /root/.julia/packages/RemoteSemaphores/vlqpI/test/runtests.jl:179 =# @fetchfrom worker1_pid begin
            asynctimedwait(10.0) do 
                acquire(rsem)
                put!(acquired2, true)
            end
        end == false
Stacktrace:
 [1] top-level scope at /root/.julia/packages/RemoteSemaphores/vlqpI/test/runtests.jl:179
 [2] top-level scope at /buildworker/worker/package_linux64/build/usr/share/julia/stdlib/v1.2/Test/src/Test.jl:1113
 [3] top-level scope at /root/.julia/packages/RemoteSemaphores/vlqpI/test/runtests.jl:140
 [4] top-level scope at /buildworker/worker/package_linux64/build/usr/share/julia/stdlib/v1.2/Test/src/Test.jl:1113
 [5] top-level scope at /root/.julia/packages/RemoteSemaphores/vlqpI/test/runtests.jl:75
 [6] top-level scope at /buildworker/worker/package_linux64/build/usr/share/julia/stdlib/v1.2/Test/src/Test.jl:1113
 [7] top-level scope at /root/.julia/packages/RemoteSemaphores/vlqpI/test/runtests.jl:12
Multiple processes: Test Failed at /root/.julia/packages/RemoteSemaphores/vlqpI/test/runtests.jl:198
  Expression: conditions_hit() == 0
   Evaluated: 2 == 0
Stacktrace:
 [1] top-level scope at /root/.julia/packages/RemoteSemaphores/vlqpI/test/runtests.jl:198
 [2] top-level scope at /buildworker/worker/package_linux64/build/usr/share/julia/stdlib/v1.2/Test/src/Test.jl:1113
 [3] top-level scope at /root/.julia/packages/RemoteSemaphores/vlqpI/test/runtests.jl:140
 [4] top-level scope at /buildworker/worker/package_linux64/build/usr/share/julia/stdlib/v1.2/Test/src/Test.jl:1113
 [5] top-level scope at /root/.julia/packages/RemoteSemaphores/vlqpI/test/runtests.jl:75
 [6] top-level scope at /buildworker/worker/package_linux64/build/usr/share/julia/stdlib/v1.2/Test/src/Test.jl:1113
 [7] top-level scope at /root/.julia/packages/RemoteSemaphores/vlqpI/test/runtests.jl:12
Multiple processes: Test Failed at /root/.julia/packages/RemoteSemaphores/vlqpI/test/runtests.jl:205
  Expression: conditions_hit() == 1
   Evaluated: 3 == 1
Stacktrace:
 [1] top-level scope at /root/.julia/packages/RemoteSemaphores/vlqpI/test/runtests.jl:205
 [2] top-level scope at /buildworker/worker/package_linux64/build/usr/share/julia/stdlib/v1.2/Test/src/Test.jl:1113
 [3] top-level scope at /root/.julia/packages/RemoteSemaphores/vlqpI/test/runtests.jl:140
 [4] top-level scope at /buildworker/worker/package_linux64/build/usr/share/julia/stdlib/v1.2/Test/src/Test.jl:1113
 [5] top-level scope at /root/.julia/packages/RemoteSemaphores/vlqpI/test/runtests.jl:75
 [6] top-level scope at /buildworker/worker/package_linux64/build/usr/share/julia/stdlib/v1.2/Test/src/Test.jl:1113
 [7] top-level scope at /root/.julia/packages/RemoteSemaphores/vlqpI/test/runtests.jl:12
Multiple processes: Test Failed at /root/.julia/packages/RemoteSemaphores/vlqpI/test/runtests.jl:212
  Expression: conditions_hit() == 2
   Evaluated: 3 == 2
Stacktrace:
 [1] top-level scope at /root/.julia/packages/RemoteSemaphores/vlqpI/test/runtests.jl:212
 [2] top-level scope at /buildworker/worker/package_linux64/build/usr/share/julia/stdlib/v1.2/Test/src/Test.jl:1113
 [3] top-level scope at /root/.julia/packages/RemoteSemaphores/vlqpI/test/runtests.jl:140
 [4] top-level scope at /buildworker/worker/package_linux64/build/usr/share/julia/stdlib/v1.2/Test/src/Test.jl:1113
 [5] top-level scope at /root/.julia/packages/RemoteSemaphores/vlqpI/test/runtests.jl:75
 [6] top-level scope at /buildworker/worker/package_linux64/build/usr/share/julia/stdlib/v1.2/Test/src/Test.jl:1113
 [7] top-level scope at /root/.julia/packages/RemoteSemaphores/vlqpI/test/runtests.jl:12
Test Summary:          | Pass  Fail  Total
RemoteSemaphores.jl    |   55     8     63
  Single Process       |   18           18
  Multiple Processes   |   37     8     45
    Simple remote      |   17           17
    Multiple processes |   20     8     28
ERROR: LoadError: Some tests did not pass: 55 passed, 8 failed, 0 errored, 0 broken.
in expression starting at /root/.julia/packages/RemoteSemaphores/vlqpI/test/runtests.jl:10
ERROR: Package RemoteSemaphores errored during testing
Stacktrace:
 [1] pkgerror(::String, ::Vararg{String,N} where N) at /buildworker/worker/package_linux64/build/usr/share/julia/stdlib/v1.2/Pkg/src/Types.jl:112
 [2] #test#119(::Bool, ::Nothing, ::typeof(Pkg.Operations.test), ::Pkg.Types.Context, ::Array{Pkg.Types.PackageSpec,1}) at /buildworker/worker/package_linux64/build/usr/share/julia/stdlib/v1.2/Pkg/src/Operations.jl:1288
 [3] #test at ./none:0 [inlined]
 [4] #test#62(::Bool, ::Nothing, ::Base.Iterators.Pairs{Union{},Union{},Tuple{},NamedTuple{(),Tuple{}}}, ::typeof(Pkg.API.test), ::Pkg.Types.Context, ::Array{Pkg.Types.PackageSpec,1}) at /buildworker/worker/package_linux64/build/usr/share/julia/stdlib/v1.2/Pkg/src/API.jl:245
 [5] test at /buildworker/worker/package_linux64/build/usr/share/julia/stdlib/v1.2/Pkg/src/API.jl:233 [inlined]
 [6] #test#61 at /buildworker/worker/package_linux64/build/usr/share/julia/stdlib/v1.2/Pkg/src/API.jl:230 [inlined]
 [7] test at /buildworker/worker/package_linux64/build/usr/share/julia/stdlib/v1.2/Pkg/src/API.jl:230 [inlined]
 [8] #test#60 at /buildworker/worker/package_linux64/build/usr/share/julia/stdlib/v1.2/Pkg/src/API.jl:229 [inlined]
 [9] test at /buildworker/worker/package_linux64/build/usr/share/julia/stdlib/v1.2/Pkg/src/API.jl:229 [inlined]
 [10] #test#59(::Base.Iterators.Pairs{Union{},Union{},Tuple{},NamedTuple{(),Tuple{}}}, ::typeof(Pkg.API.test), ::String) at /buildworker/worker/package_linux64/build/usr/share/julia/stdlib/v1.2/Pkg/src/API.jl:228
 [11] test(::String) at /buildworker/worker/package_linux64/build/usr/share/julia/stdlib/v1.2/Pkg/src/API.jl:228
 [12] top-level scope at none:10
