 Resolving package versions...
 Installed SimradRaw ─ v0.1.0
  Updating `~/.julia/environments/v1.0/Project.toml`
  [83a1bcd9] + SimradRaw v0.1.0
  Updating `~/.julia/environments/v1.0/Manifest.toml`
  [83a1bcd9] + SimradRaw v0.1.0
  [2a0f44e3] + Base64 
  [8ba89e20] + Distributed 
  [b77e0a4c] + InteractiveUtils 
  [8f399da3] + Libdl 
  [37e2e46d] + LinearAlgebra 
  [56ddb016] + Logging 
  [d6f4376e] + Markdown 
  [9a3f8284] + Random 
  [9e88b42a] + Serialization 
  [6462fe0b] + Sockets 
  [8dfed614] + Test 
   Testing SimradRaw
 Resolving package versions...
 Installed SimradEK60TestData ─ v0.1.0
    Status `/tmp/tmpTRaRpq/Manifest.toml`
  [6560e86b] SimradEK60TestData v0.1.0
  [83a1bcd9] SimradRaw v0.1.0
  [2a0f44e3] Base64  [`@stdlib/Base64`]
  [8ba89e20] Distributed  [`@stdlib/Distributed`]
  [b77e0a4c] InteractiveUtils  [`@stdlib/InteractiveUtils`]
  [8f399da3] Libdl  [`@stdlib/Libdl`]
  [37e2e46d] LinearAlgebra  [`@stdlib/LinearAlgebra`]
  [56ddb016] Logging  [`@stdlib/Logging`]
  [d6f4376e] Markdown  [`@stdlib/Markdown`]
  [9a3f8284] Random  [`@stdlib/Random`]
  [9e88b42a] Serialization  [`@stdlib/Serialization`]
  [6462fe0b] Sockets  [`@stdlib/Sockets`]
  [8dfed614] Test  [`@stdlib/Test`]
   Testing SimradRaw tests passed 
