 Resolving package versions...
 Installed GenericSVD ─ v0.2.2
  Updating `~/.julia/environments/v1.0/Project.toml`
  [01680d73] + GenericSVD v0.2.2
  Updating `~/.julia/environments/v1.0/Manifest.toml`
  [01680d73] + GenericSVD v0.2.2
  [8f399da3] + Libdl 
  [37e2e46d] + LinearAlgebra 
   Testing GenericSVD
 Resolving package versions...
 Installed URIParser ──────── v0.4.0
 Installed NaNMath ────────── v0.3.3
 Installed DualNumbers ────── v0.6.2
 Installed Calculus ───────── v0.5.1
 Installed BinDeps ────────── v0.8.10
 Installed Quaternions ────── v0.4.1
 Installed BinaryProvider ─── v0.5.8
 Installed SpecialFunctions ─ v0.8.0
 Installed Compat ─────────── v2.2.0
  Building SpecialFunctions → `~/.julia/packages/SpecialFunctions/ne2iw/deps/build.log`
    Status `/tmp/tmpkUGkLJ/Manifest.toml`
  [9e28174c] BinDeps v0.8.10
  [b99e7846] BinaryProvider v0.5.8
  [49dc2e85] Calculus v0.5.1
  [34da2185] Compat v2.2.0
  [fa6b7ba4] DualNumbers v0.6.2
  [01680d73] GenericSVD v0.2.2
  [77ba4419] NaNMath v0.3.3
  [94ee1d12] Quaternions v0.4.1
  [276daf66] SpecialFunctions v0.8.0
  [30578b45] URIParser v0.4.0
  [2a0f44e3] Base64  [`@stdlib/Base64`]
  [ade2ca70] Dates  [`@stdlib/Dates`]
  [8bb1440f] DelimitedFiles  [`@stdlib/DelimitedFiles`]
  [8ba89e20] Distributed  [`@stdlib/Distributed`]
  [b77e0a4c] InteractiveUtils  [`@stdlib/InteractiveUtils`]
  [76f85450] LibGit2  [`@stdlib/LibGit2`]
  [8f399da3] Libdl  [`@stdlib/Libdl`]
  [37e2e46d] LinearAlgebra  [`@stdlib/LinearAlgebra`]
  [56ddb016] Logging  [`@stdlib/Logging`]
  [d6f4376e] Markdown  [`@stdlib/Markdown`]
  [a63ad114] Mmap  [`@stdlib/Mmap`]
  [44cfe95a] Pkg  [`@stdlib/Pkg`]
  [de0858da] Printf  [`@stdlib/Printf`]
  [3fa0cd96] REPL  [`@stdlib/REPL`]
  [9a3f8284] Random  [`@stdlib/Random`]
  [ea8e919c] SHA  [`@stdlib/SHA`]
  [9e88b42a] Serialization  [`@stdlib/Serialization`]
  [1a1011a3] SharedArrays  [`@stdlib/SharedArrays`]
  [6462fe0b] Sockets  [`@stdlib/Sockets`]
  [2f01184e] SparseArrays  [`@stdlib/SparseArrays`]
  [10745b16] Statistics  [`@stdlib/Statistics`]
  [8dfed614] Test  [`@stdlib/Test`]
  [cf7118a7] UUIDs  [`@stdlib/UUIDs`]
  [4ec0a83e] Unicode  [`@stdlib/Unicode`]
Test Summary: | Pass  Total
Miscellany    |    8      8
Test Summary: | Pass  Total
BigFloat      |   34     34
Test Summary: | Pass  Total
Quaternions   |    3      3
   Testing GenericSVD tests passed 
