 Resolving package versions...
 Installed DrakeLCMTypes ─ v0.2.0
 Installed UnsafeArrays ── v1.0.0
 Installed FastIOBuffers ─ v0.3.1
 Installed LCMCore ─────── v0.6.1
 Installed StaticArrays ── v0.12.1
  Updating `~/.julia/environments/v1.0/Project.toml`
  [6484683b] + DrakeLCMTypes v0.2.0
  Updating `~/.julia/environments/v1.0/Manifest.toml`
  [6484683b] + DrakeLCMTypes v0.2.0
  [6ccb8d0d] + FastIOBuffers v0.3.1
  [0ea44823] + LCMCore v0.6.1
  [90137ffa] + StaticArrays v0.12.1
  [c4a57d5a] + UnsafeArrays v1.0.0
  [ade2ca70] + Dates 
  [7b1f6079] + FileWatching 
  [8f399da3] + Libdl 
  [37e2e46d] + LinearAlgebra 
  [de0858da] + Printf 
  [9a3f8284] + Random 
  [9e88b42a] + Serialization 
  [2f01184e] + SparseArrays 
  [10745b16] + Statistics 
  [4ec0a83e] + Unicode 
  Building LCMCore → `~/.julia/packages/LCMCore/cPbOB/deps/build.log`
┌ Error: Error building `LCMCore`: 
│ ┌ Warning: Some registries failed to update:
│ │     — /root/.julia/registries/General — failed to fetch from repo
│ └ @ Pkg.API /buildworker/worker/package_linux64/build/usr/share/julia/stdlib/v1.0/Pkg/src/API.jl:162
│ ERROR: LoadError: None of the selected providers can install dependency glib.
│ Use BinDeps.debug(package_name) to see available providers
│ 
│ Stacktrace:
│  [1] error(::String) at ./error.jl:33
│  [2] satisfy!(::BinDeps.LibraryDependency, ::Array{DataType,1}) at /root/.julia/packages/BinDeps/ZEval/src/dependencies.jl:949
│  [3] satisfy!(::BinDeps.LibraryDependency) at /root/.julia/packages/BinDeps/ZEval/src/dependencies.jl:922
│  [4] top-level scope at /root/.julia/packages/BinDeps/ZEval/src/dependencies.jl:977
│  [5] include at ./boot.jl:317 [inlined]
│  [6] include_relative(::Module, ::String) at ./loading.jl:1044
│  [7] include(::Module, ::String) at ./sysimg.jl:29
│  [8] include(::String) at ./client.jl:392
│  [9] top-level scope at none:0
│ in expression starting at /root/.julia/packages/LCMCore/cPbOB/deps/build.jl:75
│   Updating registry at `~/.julia/registries/General`
│   Updating git-repo `https://github.com/JuliaRegistries/General.git`
│ [?25l[2K[?25h Installed CMakeWrapper ─────── v0.2.3
│  Installed CMake ────────────── v1.1.1
│  Installed Compat ───────────── v2.1.0
│  Installed OrderedCollections ─ v1.1.0
│  Installed BinDeps ──────────── v0.8.10
│  Installed Homebrew ─────────── v0.7.1
│  Installed Parameters ───────── v0.10.3
│  Installed JSON ─────────────── v0.20.0
│  Installed URIParser ────────── v0.4.0
│   Building CMake ───→ `~/.julia/packages/CMake/ZGawK/deps/build.log`
│   Building Homebrew → `~/.julia/packages/Homebrew/s09IX/deps/build.log`
└ @ Pkg.Operations /buildworker/worker/package_linux64/build/usr/share/julia/stdlib/v1.0/Pkg/src/Operations.jl:1096
   Testing DrakeLCMTypes
 Resolving package versions...
    Status `/tmp/tmppQ5pbG/Manifest.toml`
  [6484683b] DrakeLCMTypes v0.2.0
  [6ccb8d0d] FastIOBuffers v0.3.1
  [0ea44823] LCMCore v0.6.1
  [90137ffa] StaticArrays v0.12.1
  [c4a57d5a] UnsafeArrays v1.0.0
  [2a0f44e3] Base64  [`@stdlib/Base64`]
  [ade2ca70] Dates  [`@stdlib/Dates`]
  [8ba89e20] Distributed  [`@stdlib/Distributed`]
  [7b1f6079] FileWatching  [`@stdlib/FileWatching`]
  [b77e0a4c] InteractiveUtils  [`@stdlib/InteractiveUtils`]
  [8f399da3] Libdl  [`@stdlib/Libdl`]
  [37e2e46d] LinearAlgebra  [`@stdlib/LinearAlgebra`]
  [56ddb016] Logging  [`@stdlib/Logging`]
  [d6f4376e] Markdown  [`@stdlib/Markdown`]
  [de0858da] Printf  [`@stdlib/Printf`]
  [9a3f8284] Random  [`@stdlib/Random`]
  [9e88b42a] Serialization  [`@stdlib/Serialization`]
  [6462fe0b] Sockets  [`@stdlib/Sockets`]
  [2f01184e] SparseArrays  [`@stdlib/SparseArrays`]
  [10745b16] Statistics  [`@stdlib/Statistics`]
  [8dfed614] Test  [`@stdlib/Test`]
  [4ec0a83e] Unicode  [`@stdlib/Unicode`]
ERROR: LoadError: LCMCore not properly installed. Please run
Pkg.build("LCMCore")
Stacktrace:
 [1] error(::String) at ./error.jl:33
 [2] top-level scope at /root/.julia/packages/LCMCore/cPbOB/src/LCMCore.jl:13
 [3] include at ./boot.jl:317 [inlined]
 [4] include_relative(::Module, ::String) at ./loading.jl:1044
 [5] include(::Module, ::String) at ./sysimg.jl:29
 [6] top-level scope at none:2
 [7] eval at ./boot.jl:319 [inlined]
 [8] eval(::Expr) at ./client.jl:393
 [9] top-level scope at ./none:3
in expression starting at /root/.julia/packages/LCMCore/cPbOB/src/LCMCore.jl:12
ERROR: LoadError: Failed to precompile LCMCore [0ea44823-1ff1-5b9a-8293-5fd55a38e746] to /root/.julia/compiled/v1.0/LCMCore/S61eA.ji.
Stacktrace:
 [1] error(::String) at ./error.jl:33
 [2] compilecache(::Base.PkgId, ::String) at ./loading.jl:1203
 [3] _require(::Base.PkgId) at ./loading.jl:960
 [4] require(::Base.PkgId) at ./loading.jl:858
 [5] require(::Module, ::Symbol) at ./loading.jl:853
 [6] include at ./boot.jl:317 [inlined]
 [7] include_relative(::Module, ::String) at ./loading.jl:1044
 [8] include(::Module, ::String) at ./sysimg.jl:29
 [9] top-level scope at none:2
 [10] eval at ./boot.jl:319 [inlined]
 [11] eval(::Expr) at ./client.jl:393
 [12] top-level scope at ./none:3
in expression starting at /root/.julia/packages/DrakeLCMTypes/n68yY/src/DrakeLCMTypes.jl:5
ERROR: LoadError: Failed to precompile DrakeLCMTypes [6484683b-de53-5689-b9d2-2f18b83297fe] to /root/.julia/compiled/v1.0/DrakeLCMTypes/y9x0U.ji.
Stacktrace:
 [1] error(::String) at ./error.jl:33
 [2] compilecache(::Base.PkgId, ::String) at ./loading.jl:1203
 [3] _require(::Base.PkgId) at ./loading.jl:960
 [4] require(::Base.PkgId) at ./loading.jl:858
 [5] require(::Module, ::Symbol) at ./loading.jl:853
 [6] include at ./boot.jl:317 [inlined]
 [7] include_relative(::Module, ::String) at ./loading.jl:1044
 [8] include(::Module, ::String) at ./sysimg.jl:29
 [9] include(::String) at ./client.jl:392
 [10] top-level scope at none:0
in expression starting at /root/.julia/packages/DrakeLCMTypes/n68yY/test/runtests.jl:1
ERROR: Package DrakeLCMTypes errored during testing
Stacktrace:
 [1] pkgerror(::String, ::Vararg{String,N} where N) at /buildworker/worker/package_linux64/build/usr/share/julia/stdlib/v1.0/Pkg/src/Types.jl:120
 [2] #test#65(::Bool, ::Function, ::Pkg.Types.Context, ::Array{Pkg.Types.PackageSpec,1}) at /buildworker/worker/package_linux64/build/usr/share/julia/stdlib/v1.0/Pkg/src/Operations.jl:1357
 [3] #test at /buildworker/worker/package_linux64/build/usr/share/julia/stdlib/v1.0/Pkg/src/API.jl:0 [inlined]
 [4] #test#44(::Bool, ::Base.Iterators.Pairs{Union{},Union{},Tuple{},NamedTuple{(),Tuple{}}}, ::Function, ::Pkg.Types.Context, ::Array{Pkg.Types.PackageSpec,1}) at /buildworker/worker/package_linux64/build/usr/share/julia/stdlib/v1.0/Pkg/src/API.jl:278
 [5] test at /buildworker/worker/package_linux64/build/usr/share/julia/stdlib/v1.0/Pkg/src/API.jl:263 [inlined]
 [6] #test#43 at /buildworker/worker/package_linux64/build/usr/share/julia/stdlib/v1.0/Pkg/src/API.jl:260 [inlined]
 [7] test at /buildworker/worker/package_linux64/build/usr/share/julia/stdlib/v1.0/Pkg/src/API.jl:260 [inlined]
 [8] #test#42 at /buildworker/worker/package_linux64/build/usr/share/julia/stdlib/v1.0/Pkg/src/API.jl:259 [inlined]
 [9] test at /buildworker/worker/package_linux64/build/usr/share/julia/stdlib/v1.0/Pkg/src/API.jl:259 [inlined]
 [10] #test#41 at /buildworker/worker/package_linux64/build/usr/share/julia/stdlib/v1.0/Pkg/src/API.jl:258 [inlined]
 [11] test(::String) at /buildworker/worker/package_linux64/build/usr/share/julia/stdlib/v1.0/Pkg/src/API.jl:258
 [12] top-level scope at none:0
