 Resolving package versions...
 Installed URIParser ───────────── v0.4.0
 Installed Conda ───────────────── v1.3.0
 Installed Compat ──────────────── v2.2.0
 Installed Polynomials ─────────── v0.6.0
 Installed PyCall ──────────────── v1.91.2
 Installed DocStringExtensions ─── v0.8.1
 Installed BinaryProvider ──────── v0.5.8
 Installed ElectromagneticFields ─ v0.1.4
 Installed RecipesBase ─────────── v0.7.0
 Installed JSON ────────────────── v0.21.0
 Installed Combinatorics ───────── v0.7.0
 Installed OrderedCollections ──── v1.1.0
 Installed DataStructures ──────── v0.17.6
 Installed Parsers ─────────────── v0.3.10
 Installed VersionParsing ──────── v1.1.3
 Installed Documenter ──────────── v0.24.0
 Installed MacroTools ──────────── v0.5.2
 Installed SymPy ───────────────── v1.0.7
 Installed BinDeps ─────────────── v0.8.10
 Installed SpecialFunctions ────── v0.8.0
  Updating `~/.julia/environments/v1.2/Project.toml`
  [d6c1ba6f] + ElectromagneticFields v0.1.4
  Updating `~/.julia/environments/v1.2/Manifest.toml`
  [9e28174c] + BinDeps v0.8.10
  [b99e7846] + BinaryProvider v0.5.8
  [861a8166] + Combinatorics v0.7.0
  [34da2185] + Compat v2.2.0
  [8f4d0f93] + Conda v1.3.0
  [864edb3b] + DataStructures v0.17.6
  [ffbed154] + DocStringExtensions v0.8.1
  [e30172f5] + Documenter v0.24.0
  [d6c1ba6f] + ElectromagneticFields v0.1.4
  [682c06a0] + JSON v0.21.0
  [1914dd2f] + MacroTools v0.5.2
  [bac558e1] + OrderedCollections v1.1.0
  [69de0a69] + Parsers v0.3.10
  [f27b6e38] + Polynomials v0.6.0
  [438e738f] + PyCall v1.91.2
  [3cdcf5f2] + RecipesBase v0.7.0
  [276daf66] + SpecialFunctions v0.8.0
  [24249f21] + SymPy v1.0.7
  [30578b45] + URIParser v0.4.0
  [81def892] + VersionParsing v1.1.3
  [2a0f44e3] + Base64 
  [ade2ca70] + Dates 
  [8bb1440f] + DelimitedFiles 
  [8ba89e20] + Distributed 
  [b77e0a4c] + InteractiveUtils 
  [76f85450] + LibGit2 
  [8f399da3] + Libdl 
  [37e2e46d] + LinearAlgebra 
  [56ddb016] + Logging 
  [d6f4376e] + Markdown 
  [a63ad114] + Mmap 
  [44cfe95a] + Pkg 
  [de0858da] + Printf 
  [3fa0cd96] + REPL 
  [9a3f8284] + Random 
  [ea8e919c] + SHA 
  [9e88b42a] + Serialization 
  [1a1011a3] + SharedArrays 
  [6462fe0b] + Sockets 
  [2f01184e] + SparseArrays 
  [10745b16] + Statistics 
  [8dfed614] + Test 
  [cf7118a7] + UUIDs 
  [4ec0a83e] + Unicode 
  Building Conda ───────────→ `~/.julia/packages/Conda/kLXeC/deps/build.log`
  Building PyCall ──────────→ `~/.julia/packages/PyCall/ttONZ/deps/build.log`
  Building SpecialFunctions → `~/.julia/packages/SpecialFunctions/ne2iw/deps/build.log`
   Testing ElectromagneticFields
 Resolving package versions...
    Status `/tmp/jl_uiOFrB/Manifest.toml`
  [9e28174c] BinDeps v0.8.10
  [b99e7846] BinaryProvider v0.5.8
  [861a8166] Combinatorics v0.7.0
  [34da2185] Compat v2.2.0
  [8f4d0f93] Conda v1.3.0
  [864edb3b] DataStructures v0.17.6
  [ffbed154] DocStringExtensions v0.8.1
  [e30172f5] Documenter v0.24.0
  [d6c1ba6f] ElectromagneticFields v0.1.4
  [682c06a0] JSON v0.21.0
  [1914dd2f] MacroTools v0.5.2
  [bac558e1] OrderedCollections v1.1.0
  [69de0a69] Parsers v0.3.10
  [f27b6e38] Polynomials v0.6.0
  [438e738f] PyCall v1.91.2
  [3cdcf5f2] RecipesBase v0.7.0
  [276daf66] SpecialFunctions v0.8.0
  [24249f21] SymPy v1.0.7
  [30578b45] URIParser v0.4.0
  [81def892] VersionParsing v1.1.3
  [2a0f44e3] Base64  [`@stdlib/Base64`]
  [ade2ca70] Dates  [`@stdlib/Dates`]
  [8bb1440f] DelimitedFiles  [`@stdlib/DelimitedFiles`]
  [8ba89e20] Distributed  [`@stdlib/Distributed`]
  [b77e0a4c] InteractiveUtils  [`@stdlib/InteractiveUtils`]
  [76f85450] LibGit2  [`@stdlib/LibGit2`]
  [8f399da3] Libdl  [`@stdlib/Libdl`]
  [37e2e46d] LinearAlgebra  [`@stdlib/LinearAlgebra`]
  [56ddb016] Logging  [`@stdlib/Logging`]
  [d6f4376e] Markdown  [`@stdlib/Markdown`]
  [a63ad114] Mmap  [`@stdlib/Mmap`]
  [44cfe95a] Pkg  [`@stdlib/Pkg`]
  [de0858da] Printf  [`@stdlib/Printf`]
  [3fa0cd96] REPL  [`@stdlib/REPL`]
  [9a3f8284] Random  [`@stdlib/Random`]
  [ea8e919c] SHA  [`@stdlib/SHA`]
  [9e88b42a] Serialization  [`@stdlib/Serialization`]
  [1a1011a3] SharedArrays  [`@stdlib/SharedArrays`]
  [6462fe0b] Sockets  [`@stdlib/Sockets`]
  [2f01184e] SparseArrays  [`@stdlib/SparseArrays`]
  [10745b16] Statistics  [`@stdlib/Statistics`]
  [8dfed614] Test  [`@stdlib/Test`]
  [cf7118a7] UUIDs  [`@stdlib/UUIDs`]
  [4ec0a83e] Unicode  [`@stdlib/Unicode`]
ERROR: LoadError: LoadError: InitError: PyError (PyImport_ImportModule

The Python package sympy could not be found by pyimport. Usually this means
that you did not install sympy in the Python version being used by PyCall.

PyCall is currently configured to use the Python version at:

/usr/bin/python3

and you should use whatever mechanism you usually use (apt-get, pip, conda,
etcetera) to install the Python package containing the sympy module.

One alternative is to re-configure PyCall to use a different Python
version on your system: set ENV["PYTHON"] to the path/name of the python
executable you want to use, run Pkg.build("PyCall"), and re-launch Julia.

Another alternative is to configure PyCall to use a Julia-specific Python
distribution via the Conda.jl package (which installs a private Anaconda
Python distribution), which has the advantage that packages can be installed
and kept up-to-date via Julia.  As explained in the PyCall documentation,
set ENV["PYTHON"]="", run Pkg.build("PyCall"), and re-launch Julia. Then,
To install the sympy module, you can use `pyimport_conda("sympy", PKG)`,
where PKG is the Anaconda package the contains the module sympy,
or alternatively you can use the Conda package directly (via
`using Conda` followed by `Conda.add` etcetera).

) <class 'ModuleNotFoundError'>
ModuleNotFoundError("No module named 'sympy'",)

Stacktrace:
 [1] pyimport(::String) at /root/.julia/packages/PyCall/ttONZ/src/PyCall.jl:544
 [2] pyimport_conda(::String, ::String, ::String) at /root/.julia/packages/PyCall/ttONZ/src/PyCall.jl:702
 [3] pyimport_conda at /root/.julia/packages/PyCall/ttONZ/src/PyCall.jl:701 [inlined]
 [4] __init__() at /root/.julia/packages/SymPy/1Cwgd/src/SymPy.jl:99
 [5] _include_from_serialized(::String, ::Array{Any,1}) at ./loading.jl:685
 [6] _require_from_serialized(::String) at ./loading.jl:736
 [7] _require(::Base.PkgId) at ./loading.jl:1023
 [8] require(::Base.PkgId) at ./loading.jl:911
 [9] require(::Module, ::Symbol) at ./loading.jl:906
 [10] include at ./boot.jl:328 [inlined]
 [11] include_relative(::Module, ::String) at ./loading.jl:1094
 [12] include at ./Base.jl:31 [inlined]
 [13] include(::String) at /root/.julia/packages/ElectromagneticFields/QBPXL/src/ElectromagneticFields.jl:1
 [14] top-level scope at /root/.julia/packages/ElectromagneticFields/QBPXL/src/ElectromagneticFields.jl:16
 [15] include at ./boot.jl:328 [inlined]
 [16] include_relative(::Module, ::String) at ./loading.jl:1094
 [17] include(::Module, ::String) at ./Base.jl:31
 [18] top-level scope at none:2
 [19] eval at ./boot.jl:330 [inlined]
 [20] eval(::Expr) at ./client.jl:432
 [21] top-level scope at ./none:3
during initialization of module SymPy
in expression starting at /root/.julia/packages/ElectromagneticFields/QBPXL/src/analytic/analytic_equilibrium.jl:3
in expression starting at /root/.julia/packages/ElectromagneticFields/QBPXL/src/ElectromagneticFields.jl:16
ERROR: LoadError: Failed to precompile ElectromagneticFields [d6c1ba6f-ee03-53af-b876-68cefeb88ec8] to /root/.julia/compiled/v1.2/ElectromagneticFields/yIIiH.ji.
Stacktrace:
 [1] error(::String) at ./error.jl:33
 [2] compilecache(::Base.PkgId, ::String) at ./loading.jl:1253
 [3] _require(::Base.PkgId) at ./loading.jl:1013
 [4] require(::Base.PkgId) at ./loading.jl:911
 [5] require(::Module, ::Symbol) at ./loading.jl:906
 [6] include at ./boot.jl:328 [inlined]
 [7] include_relative(::Module, ::String) at ./loading.jl:1094
 [8] include(::Module, ::String) at ./Base.jl:31
 [9] include(::String) at ./client.jl:431
 [10] top-level scope at none:5
in expression starting at /root/.julia/packages/ElectromagneticFields/QBPXL/test/runtests.jl:2
ERROR: Package ElectromagneticFields errored during testing
Stacktrace:
 [1] pkgerror(::String, ::Vararg{String,N} where N) at /buildworker/worker/package_linux64/build/usr/share/julia/stdlib/v1.2/Pkg/src/Types.jl:112
 [2] #test#119(::Bool, ::Nothing, ::typeof(Pkg.Operations.test), ::Pkg.Types.Context, ::Array{Pkg.Types.PackageSpec,1}) at /buildworker/worker/package_linux64/build/usr/share/julia/stdlib/v1.2/Pkg/src/Operations.jl:1288
 [3] #test at ./none:0 [inlined]
 [4] #test#62(::Bool, ::Nothing, ::Base.Iterators.Pairs{Union{},Union{},Tuple{},NamedTuple{(),Tuple{}}}, ::typeof(Pkg.API.test), ::Pkg.Types.Context, ::Array{Pkg.Types.PackageSpec,1}) at /buildworker/worker/package_linux64/build/usr/share/julia/stdlib/v1.2/Pkg/src/API.jl:245
 [5] test at /buildworker/worker/package_linux64/build/usr/share/julia/stdlib/v1.2/Pkg/src/API.jl:233 [inlined]
 [6] #test#61 at /buildworker/worker/package_linux64/build/usr/share/julia/stdlib/v1.2/Pkg/src/API.jl:230 [inlined]
 [7] test at /buildworker/worker/package_linux64/build/usr/share/julia/stdlib/v1.2/Pkg/src/API.jl:230 [inlined]
 [8] #test#60 at /buildworker/worker/package_linux64/build/usr/share/julia/stdlib/v1.2/Pkg/src/API.jl:229 [inlined]
 [9] test at /buildworker/worker/package_linux64/build/usr/share/julia/stdlib/v1.2/Pkg/src/API.jl:229 [inlined]
 [10] #test#59(::Base.Iterators.Pairs{Union{},Union{},Tuple{},NamedTuple{(),Tuple{}}}, ::typeof(Pkg.API.test), ::String) at /buildworker/worker/package_linux64/build/usr/share/julia/stdlib/v1.2/Pkg/src/API.jl:228
 [11] test(::String) at /buildworker/worker/package_linux64/build/usr/share/julia/stdlib/v1.2/Pkg/src/API.jl:228
 [12] top-level scope at none:10
