 Resolving package versions...
 Installed RecipesBase ──────── v0.7.0
 Installed Parsers ──────────── v0.3.10
 Installed Compat ───────────── v2.2.0
 Installed PyCall ───────────── v1.91.2
 Installed DataStructures ───── v0.17.6
 Installed JSON ─────────────── v0.21.0
 Installed BinaryProvider ───── v0.5.8
 Installed SymPy ────────────── v1.0.7
 Installed VersionParsing ───── v1.1.3
 Installed Conda ────────────── v1.3.0
 Installed URIParser ────────── v0.4.0
 Installed OrderedCollections ─ v1.1.0
 Installed MacroTools ───────── v0.5.2
 Installed BinDeps ──────────── v0.8.10
 Installed SpecialFunctions ─── v0.8.0
  Updating `~/.julia/environments/v1.2/Project.toml`
  [24249f21] + SymPy v1.0.7
  Updating `~/.julia/environments/v1.2/Manifest.toml`
  [9e28174c] + BinDeps v0.8.10
  [b99e7846] + BinaryProvider v0.5.8
  [34da2185] + Compat v2.2.0
  [8f4d0f93] + Conda v1.3.0
  [864edb3b] + DataStructures v0.17.6
  [682c06a0] + JSON v0.21.0
  [1914dd2f] + MacroTools v0.5.2
  [bac558e1] + OrderedCollections v1.1.0
  [69de0a69] + Parsers v0.3.10
  [438e738f] + PyCall v1.91.2
  [3cdcf5f2] + RecipesBase v0.7.0
  [276daf66] + SpecialFunctions v0.8.0
  [24249f21] + SymPy v1.0.7
  [30578b45] + URIParser v0.4.0
  [81def892] + VersionParsing v1.1.3
  [2a0f44e3] + Base64 
  [ade2ca70] + Dates 
  [8bb1440f] + DelimitedFiles 
  [8ba89e20] + Distributed 
  [b77e0a4c] + InteractiveUtils 
  [76f85450] + LibGit2 
  [8f399da3] + Libdl 
  [37e2e46d] + LinearAlgebra 
  [56ddb016] + Logging 
  [d6f4376e] + Markdown 
  [a63ad114] + Mmap 
  [44cfe95a] + Pkg 
  [de0858da] + Printf 
  [3fa0cd96] + REPL 
  [9a3f8284] + Random 
  [ea8e919c] + SHA 
  [9e88b42a] + Serialization 
  [1a1011a3] + SharedArrays 
  [6462fe0b] + Sockets 
  [2f01184e] + SparseArrays 
  [10745b16] + Statistics 
  [8dfed614] + Test 
  [cf7118a7] + UUIDs 
  [4ec0a83e] + Unicode 
  Building Conda ───────────→ `~/.julia/packages/Conda/kLXeC/deps/build.log`
  Building PyCall ──────────→ `~/.julia/packages/PyCall/ttONZ/deps/build.log`
  Building SpecialFunctions → `~/.julia/packages/SpecialFunctions/ne2iw/deps/build.log`
   Testing SymPy
 Resolving package versions...
    Status `/tmp/jl_ch9yLe/Manifest.toml`
  [9e28174c] BinDeps v0.8.10
  [b99e7846] BinaryProvider v0.5.8
  [34da2185] Compat v2.2.0
  [8f4d0f93] Conda v1.3.0
  [864edb3b] DataStructures v0.17.6
  [682c06a0] JSON v0.21.0
  [1914dd2f] MacroTools v0.5.2
  [bac558e1] OrderedCollections v1.1.0
  [69de0a69] Parsers v0.3.10
  [438e738f] PyCall v1.91.2
  [3cdcf5f2] RecipesBase v0.7.0
  [276daf66] SpecialFunctions v0.8.0
  [24249f21] SymPy v1.0.7
  [30578b45] URIParser v0.4.0
  [81def892] VersionParsing v1.1.3
  [2a0f44e3] Base64  [`@stdlib/Base64`]
  [ade2ca70] Dates  [`@stdlib/Dates`]
  [8bb1440f] DelimitedFiles  [`@stdlib/DelimitedFiles`]
  [8ba89e20] Distributed  [`@stdlib/Distributed`]
  [b77e0a4c] InteractiveUtils  [`@stdlib/InteractiveUtils`]
  [76f85450] LibGit2  [`@stdlib/LibGit2`]
  [8f399da3] Libdl  [`@stdlib/Libdl`]
  [37e2e46d] LinearAlgebra  [`@stdlib/LinearAlgebra`]
  [56ddb016] Logging  [`@stdlib/Logging`]
  [d6f4376e] Markdown  [`@stdlib/Markdown`]
  [a63ad114] Mmap  [`@stdlib/Mmap`]
  [44cfe95a] Pkg  [`@stdlib/Pkg`]
  [de0858da] Printf  [`@stdlib/Printf`]
  [3fa0cd96] REPL  [`@stdlib/REPL`]
  [9a3f8284] Random  [`@stdlib/Random`]
  [ea8e919c] SHA  [`@stdlib/SHA`]
  [9e88b42a] Serialization  [`@stdlib/Serialization`]
  [1a1011a3] SharedArrays  [`@stdlib/SharedArrays`]
  [6462fe0b] Sockets  [`@stdlib/Sockets`]
  [2f01184e] SparseArrays  [`@stdlib/SparseArrays`]
  [10745b16] Statistics  [`@stdlib/Statistics`]
  [8dfed614] Test  [`@stdlib/Test`]
  [cf7118a7] UUIDs  [`@stdlib/UUIDs`]
  [4ec0a83e] Unicode  [`@stdlib/Unicode`]
  Building Conda ─→ `~/.julia/packages/Conda/kLXeC/deps/build.log`
 Resolving package versions...
  Building PyCall → `~/.julia/packages/PyCall/ttONZ/deps/build.log`
 Resolving package versions...
[ Info: Installing sympy via the Conda sympy package...
[ Info: Running `conda install -q -y sympy` in root environment
Collecting package metadata (current_repodata.json): ...working... done
Solving environment: ...working... done

## Package Plan ##

  environment location: /root/.julia/conda/3

  added / updated specs:
    - sympy


The following packages will be downloaded:

    package                    |            build
    ---------------------------|-----------------
    fastcache-1.1.0            |   py37h7b6447c_0          30 KB
    gmp-6.1.2                  |       h6c8ec71_1         514 KB
    gmpy2-2.0.8                |   py37h10f8cd9_2         150 KB
    mpc-1.1.0                  |       h10f8cd9_1          90 KB
    mpfr-4.0.1                 |       hdf1c602_3         429 KB
    mpmath-1.1.0               |           py37_0         766 KB
    sympy-1.4                  |           py37_0         7.9 MB
    ------------------------------------------------------------
                                           Total:         9.9 MB

The following NEW packages will be INSTALLED:

  fastcache          pkgs/main/linux-64::fastcache-1.1.0-py37h7b6447c_0
  gmp                pkgs/main/linux-64::gmp-6.1.2-h6c8ec71_1
  gmpy2              pkgs/main/linux-64::gmpy2-2.0.8-py37h10f8cd9_2
  mpc                pkgs/main/linux-64::mpc-1.1.0-h10f8cd9_1
  mpfr               pkgs/main/linux-64::mpfr-4.0.1-hdf1c602_3
  mpmath             pkgs/main/linux-64::mpmath-1.1.0-py37_0
  sympy              pkgs/main/linux-64::sympy-1.4-py37_0


Preparing transaction: ...working... done
Verifying transaction: ...working... done
Executing transaction: ...working... done
Test Summary: | Pass  Total
Core          |  166    166
Test Summary:   | Pass  Total
Fix past issues |   30     30
Test Summary:                  | Pass  Total
generic programming, issue 223 |   15     15
Test Summary: | Pass  Total
Math          |   19     19
Test Summary: | Pass  Total
Matrix        |   44     44
Test Summary: | Pass  Total
ODes          |    4      4
Test Summary: |
Logical       | No tests
Test Summary: | Pass  Total
Physics       |   17     17
Test Summary:     | Pass  Total
Test stats module |    6      6
   Testing SymPy tests passed 
