 Resolving package versions...
 Installed Calculus ─ v0.5.1
  Updating `~/.julia/environments/v1.0/Project.toml`
  [49dc2e85] + Calculus v0.5.1
  Updating `~/.julia/environments/v1.0/Manifest.toml`
  [49dc2e85] + Calculus v0.5.1
  [8f399da3] + Libdl 
  [37e2e46d] + LinearAlgebra 
   Testing Calculus
 Resolving package versions...
    Status `/tmp/tmptTcfGg/Manifest.toml`
  [49dc2e85] Calculus v0.5.1
  [2a0f44e3] Base64  [`@stdlib/Base64`]
  [8ba89e20] Distributed  [`@stdlib/Distributed`]
  [b77e0a4c] InteractiveUtils  [`@stdlib/InteractiveUtils`]
  [8f399da3] Libdl  [`@stdlib/Libdl`]
  [37e2e46d] LinearAlgebra  [`@stdlib/LinearAlgebra`]
  [56ddb016] Logging  [`@stdlib/Logging`]
  [d6f4376e] Markdown  [`@stdlib/Markdown`]
  [9a3f8284] Random  [`@stdlib/Random`]
  [9e88b42a] Serialization  [`@stdlib/Serialization`]
  [6462fe0b] Sockets  [`@stdlib/Sockets`]
  [8dfed614] Test  [`@stdlib/Test`]
Test Summary:     | Pass  Total
finite_difference |   29     29
Test Summary: | Pass  Total
derivative    |   29     29
Test Summary:    | Pass  Total
check_derivative |   20     20
Test Summary: | Pass  Total
symbolic      |   55     55
Test Summary: | Pass  Total
deparse       |    8      8
   Testing Calculus tests passed 
