 Resolving package versions...
 Installed Requires ───────────── v0.5.2
 Installed FluxJS ─────────────── v0.2.0
 Installed ColorTypes ─────────── v0.8.0
 Installed Debugger ───────────── v0.6.2
 Installed CommonSubexpressions ─ v0.2.0
 Installed BinaryProvider ─────── v0.5.8
 Installed DocStringExtensions ── v0.8.1
 Installed Flux ───────────────── v0.8.3
 Installed NaNMath ────────────── v0.3.3
 Installed Lazy ───────────────── v0.14.0
 Installed DiffRules ──────────── v0.1.0
 Installed AbstractTrees ──────── v0.2.1
 Installed Vinyl ──────────────── v0.2.0
 Installed FixedPointNumbers ──── v0.6.1
 Installed DataStructures ─────── v0.17.6
 Installed MacroTools ─────────── v0.5.2
 Installed Reexport ───────────── v0.2.0
 Installed Adapt ──────────────── v1.0.0
 Installed BinDeps ────────────── v0.8.10
 Installed Crayons ────────────── v4.0.1
 Installed SpecialFunctions ───── v0.8.0
 Installed DataAPI ────────────── v1.1.0
 Installed ZipFile ────────────── v0.8.3
 Installed DataFlow ───────────── v0.5.0
 Installed StaticArrays ───────── v0.12.1
 Installed URIParser ──────────── v0.4.0
 Installed CodeTracking ───────── v0.5.8
 Installed BSON ───────────────── v0.2.4
 Installed Juno ───────────────── v0.7.2
 Installed Media ──────────────── v0.5.0
 Installed DiffResults ────────── v0.0.4
 Installed Colors ─────────────── v0.9.6
 Installed SortingAlgorithms ──── v0.3.1
 Installed NNlib ──────────────── v0.6.0
 Installed TimerOutputs ───────── v0.5.3
 Installed Tracker ────────────── v0.2.5
 Installed Missings ───────────── v0.4.3
 Installed StatsBase ──────────── v0.32.0
 Installed OrderedCollections ─── v1.1.0
 Installed CodecZlib ──────────── v0.6.0
 Installed ForwardDiff ────────── v0.10.6
 Installed Compat ─────────────── v2.2.0
 Installed Highlights ─────────── v0.4.5
 Installed JuliaInterpreter ───── v0.7.4
 Installed TranscodingStreams ─── v0.9.5
  Updating `~/.julia/environments/v1.0/Project.toml`
  [0e18b5df] + FluxJS v0.2.0
  Updating `~/.julia/environments/v1.0/Manifest.toml`
  [1520ce14] + AbstractTrees v0.2.1
  [79e6a3ab] + Adapt v1.0.0
  [fbb218c0] + BSON v0.2.4
  [9e28174c] + BinDeps v0.8.10
  [b99e7846] + BinaryProvider v0.5.8
  [da1fd8a2] + CodeTracking v0.5.8
  [944b1d66] + CodecZlib v0.6.0
  [3da002f7] + ColorTypes v0.8.0
  [5ae59095] + Colors v0.9.6
  [bbf7d656] + CommonSubexpressions v0.2.0
  [34da2185] + Compat v2.2.0
  [a8cc5b0e] + Crayons v4.0.1
  [9a962f9c] + DataAPI v1.1.0
  [a237f610] + DataFlow v0.5.0
  [864edb3b] + DataStructures v0.17.6
  [31a5f54b] + Debugger v0.6.2
  [163ba53b] + DiffResults v0.0.4
  [b552c78f] + DiffRules v0.1.0
  [ffbed154] + DocStringExtensions v0.8.1
  [53c48c17] + FixedPointNumbers v0.6.1
  [587475ba] + Flux v0.8.3
  [0e18b5df] + FluxJS v0.2.0
  [f6369f11] + ForwardDiff v0.10.6
  [eafb193a] + Highlights v0.4.5
  [aa1ae85d] + JuliaInterpreter v0.7.4
  [e5e0dc1b] + Juno v0.7.2
  [50d2b5c4] + Lazy v0.14.0
  [1914dd2f] + MacroTools v0.5.2
  [e89f7d12] + Media v0.5.0
  [e1d29d7a] + Missings v0.4.3
  [872c559c] + NNlib v0.6.0
  [77ba4419] + NaNMath v0.3.3
  [bac558e1] + OrderedCollections v1.1.0
  [189a3867] + Reexport v0.2.0
  [ae029012] + Requires v0.5.2
  [a2af1166] + SortingAlgorithms v0.3.1
  [276daf66] + SpecialFunctions v0.8.0
  [90137ffa] + StaticArrays v0.12.1
  [2913bbd2] + StatsBase v0.32.0
  [a759f4b9] + TimerOutputs v0.5.3
  [9f7883ad] + Tracker v0.2.5
  [3bb67fe8] + TranscodingStreams v0.9.5
  [30578b45] + URIParser v0.4.0
  [83e47e11] + Vinyl v0.2.0
  [a5390f91] + ZipFile v0.8.3
  [2a0f44e3] + Base64 
  [ade2ca70] + Dates 
  [8bb1440f] + DelimitedFiles 
  [8ba89e20] + Distributed 
  [b77e0a4c] + InteractiveUtils 
  [76f85450] + LibGit2 
  [8f399da3] + Libdl 
  [37e2e46d] + LinearAlgebra 
  [56ddb016] + Logging 
  [d6f4376e] + Markdown 
  [a63ad114] + Mmap 
  [44cfe95a] + Pkg 
  [de0858da] + Printf 
  [9abbd945] + Profile 
  [3fa0cd96] + REPL 
  [9a3f8284] + Random 
  [ea8e919c] + SHA 
  [9e88b42a] + Serialization 
  [1a1011a3] + SharedArrays 
  [6462fe0b] + Sockets 
  [2f01184e] + SparseArrays 
  [10745b16] + Statistics 
  [8dfed614] + Test 
  [cf7118a7] + UUIDs 
  [4ec0a83e] + Unicode 
  Building SpecialFunctions → `~/.julia/packages/SpecialFunctions/ne2iw/deps/build.log`
  Building ZipFile ─────────→ `~/.julia/packages/ZipFile/oD4uG/deps/build.log`
  Building CodecZlib ───────→ `~/.julia/packages/CodecZlib/5t9zO/deps/build.log`
   Testing FluxJS
 Resolving package versions...
 Installed IteratorInterfaceExtensions ─ v1.0.0
 Installed JSON ──────────────────────── v0.21.0
 Installed Parsers ───────────────────── v0.3.10
 Installed WebIO ─────────────────────── v0.8.11
 Installed Mux ───────────────────────── v0.7.0
 Installed FunctionalCollections ─────── v0.5.0
 Installed JSExpr ────────────────────── v0.5.1
 Installed DataValueInterfaces ───────── v1.0.0
 Installed IniFile ───────────────────── v0.5.0
 Installed Pidfile ───────────────────── v1.1.0
 Installed Blink ─────────────────────── v0.10.1
 Installed AssetRegistry ─────────────── v0.1.0
 Installed Mustache ──────────────────── v0.5.13
 Installed Widgets ───────────────────── v0.6.2
 Installed Hiccup ────────────────────── v0.2.2
 Installed MbedTLS ───────────────────── v0.6.8
 Installed Observables ───────────────── v0.2.3
 Installed TableTraits ───────────────── v1.0.0
 Installed WebSockets ────────────────── v1.5.2
 Installed HTTP ──────────────────────── v0.8.8
 Installed Tables ────────────────────── v0.2.11
  Building MbedTLS → `~/.julia/packages/MbedTLS/X4xar/deps/build.log`
  Building WebIO ──→ `~/.julia/packages/WebIO/2mZPb/deps/build.log`
  Building Blink ──→ `~/.julia/packages/Blink/1QOOi/deps/build.log`
    Status `/tmp/tmposZAsi/Manifest.toml`
  [1520ce14] AbstractTrees v0.2.1
  [79e6a3ab] Adapt v1.0.0
  [bf4720bc] AssetRegistry v0.1.0
  [fbb218c0] BSON v0.2.4
  [9e28174c] BinDeps v0.8.10
  [b99e7846] BinaryProvider v0.5.8
  [ad839575] Blink v0.10.1
  [da1fd8a2] CodeTracking v0.5.8
  [944b1d66] CodecZlib v0.6.0
  [3da002f7] ColorTypes v0.8.0
  [5ae59095] Colors v0.9.6
  [bbf7d656] CommonSubexpressions v0.2.0
  [34da2185] Compat v2.2.0
  [a8cc5b0e] Crayons v4.0.1
  [9a962f9c] DataAPI v1.1.0
  [a237f610] DataFlow v0.5.0
  [864edb3b] DataStructures v0.17.6
  [e2d170a0] DataValueInterfaces v1.0.0
  [31a5f54b] Debugger v0.6.2
  [163ba53b] DiffResults v0.0.4
  [b552c78f] DiffRules v0.1.0
  [ffbed154] DocStringExtensions v0.8.1
  [53c48c17] FixedPointNumbers v0.6.1
  [587475ba] Flux v0.8.3
  [0e18b5df] FluxJS v0.2.0
  [f6369f11] ForwardDiff v0.10.6
  [de31a74c] FunctionalCollections v0.5.0
  [cd3eb016] HTTP v0.8.8
  [9fb69e20] Hiccup v0.2.2
  [eafb193a] Highlights v0.4.5
  [83e8ac13] IniFile v0.5.0
  [82899510] IteratorInterfaceExtensions v1.0.0
  [97c1335a] JSExpr v0.5.1
  [682c06a0] JSON v0.21.0
  [aa1ae85d] JuliaInterpreter v0.7.4
  [e5e0dc1b] Juno v0.7.2
  [50d2b5c4] Lazy v0.14.0
  [1914dd2f] MacroTools v0.5.2
  [739be429] MbedTLS v0.6.8
  [e89f7d12] Media v0.5.0
  [e1d29d7a] Missings v0.4.3
  [ffc61752] Mustache v0.5.13
  [a975b10e] Mux v0.7.0
  [872c559c] NNlib v0.6.0
  [77ba4419] NaNMath v0.3.3
  [510215fc] Observables v0.2.3
  [bac558e1] OrderedCollections v1.1.0
  [69de0a69] Parsers v0.3.10
  [fa939f87] Pidfile v1.1.0
  [189a3867] Reexport v0.2.0
  [ae029012] Requires v0.5.2
  [a2af1166] SortingAlgorithms v0.3.1
  [276daf66] SpecialFunctions v0.8.0
  [90137ffa] StaticArrays v0.12.1
  [2913bbd2] StatsBase v0.32.0
  [3783bdb8] TableTraits v1.0.0
  [bd369af6] Tables v0.2.11
  [a759f4b9] TimerOutputs v0.5.3
  [9f7883ad] Tracker v0.2.5
  [3bb67fe8] TranscodingStreams v0.9.5
  [30578b45] URIParser v0.4.0
  [83e47e11] Vinyl v0.2.0
  [0f1e0344] WebIO v0.8.11
  [104b5d7c] WebSockets v1.5.2
  [cc8bc4a8] Widgets v0.6.2
  [a5390f91] ZipFile v0.8.3
  [2a0f44e3] Base64  [`@stdlib/Base64`]
  [ade2ca70] Dates  [`@stdlib/Dates`]
  [8bb1440f] DelimitedFiles  [`@stdlib/DelimitedFiles`]
  [8ba89e20] Distributed  [`@stdlib/Distributed`]
  [7b1f6079] FileWatching  [`@stdlib/FileWatching`]
  [b77e0a4c] InteractiveUtils  [`@stdlib/InteractiveUtils`]
  [76f85450] LibGit2  [`@stdlib/LibGit2`]
  [8f399da3] Libdl  [`@stdlib/Libdl`]
  [37e2e46d] LinearAlgebra  [`@stdlib/LinearAlgebra`]
  [56ddb016] Logging  [`@stdlib/Logging`]
  [d6f4376e] Markdown  [`@stdlib/Markdown`]
  [a63ad114] Mmap  [`@stdlib/Mmap`]
  [44cfe95a] Pkg  [`@stdlib/Pkg`]
  [de0858da] Printf  [`@stdlib/Printf`]
  [9abbd945] Profile  [`@stdlib/Profile`]
  [3fa0cd96] REPL  [`@stdlib/REPL`]
  [9a3f8284] Random  [`@stdlib/Random`]
  [ea8e919c] SHA  [`@stdlib/SHA`]
  [9e88b42a] Serialization  [`@stdlib/Serialization`]
  [1a1011a3] SharedArrays  [`@stdlib/SharedArrays`]
  [6462fe0b] Sockets  [`@stdlib/Sockets`]
  [2f01184e] SparseArrays  [`@stdlib/SparseArrays`]
  [10745b16] Statistics  [`@stdlib/Statistics`]
  [8dfed614] Test  [`@stdlib/Test`]
  [cf7118a7] UUIDs  [`@stdlib/UUIDs`]
  [4ec0a83e] Unicode  [`@stdlib/Unicode`]
ERROR: LoadError: LoadError: UndefVarError: getlhs not defined
Stacktrace:
 [1] include at ./boot.jl:317 [inlined]
 [2] include_relative(::Module, ::String) at ./loading.jl:1044
 [3] include at ./sysimg.jl:29 [inlined]
 [4] include(::String) at /root/.julia/packages/Vinyl/wkOqN/src/Vinyl.jl:1
 [5] top-level scope at none:0
 [6] include at ./boot.jl:317 [inlined]
 [7] include_relative(::Module, ::String) at ./loading.jl:1044
 [8] include(::Module, ::String) at ./sysimg.jl:29
 [9] top-level scope at none:2
 [10] eval at ./boot.jl:319 [inlined]
 [11] eval(::Expr) at ./client.jl:393
 [12] top-level scope at ./none:3
in expression starting at /root/.julia/packages/Vinyl/wkOqN/src/interpret.jl:2
in expression starting at /root/.julia/packages/Vinyl/wkOqN/src/Vinyl.jl:6
ERROR: LoadError: LoadError: Failed to precompile Vinyl [83e47e11-4a7a-5bf8-892c-11f81bf9b223] to /root/.julia/compiled/v1.0/Vinyl/5xrHi.ji.
Stacktrace:
 [1] error(::String) at ./error.jl:33
 [2] compilecache(::Base.PkgId, ::String) at ./loading.jl:1203
 [3] _require(::Base.PkgId) at ./loading.jl:960
 [4] require(::Base.PkgId) at ./loading.jl:858
 [5] require(::Module, ::Symbol) at ./loading.jl:853
 [6] include at ./boot.jl:317 [inlined]
 [7] include_relative(::Module, ::String) at ./loading.jl:1044
 [8] include at ./sysimg.jl:29 [inlined]
 [9] include(::String) at /root/.julia/packages/FluxJS/oTIwA/src/FluxJS.jl:1
 [10] top-level scope at none:0
 [11] include at ./boot.jl:317 [inlined]
 [12] include_relative(::Module, ::String) at ./loading.jl:1044
 [13] include(::Module, ::String) at ./sysimg.jl:29
 [14] top-level scope at none:2
 [15] eval at ./boot.jl:319 [inlined]
 [16] eval(::Expr) at ./client.jl:393
 [17] top-level scope at ./none:3
in expression starting at /root/.julia/packages/FluxJS/oTIwA/src/trace.jl:1
in expression starting at /root/.julia/packages/FluxJS/oTIwA/src/FluxJS.jl:9
ERROR: LoadError: Failed to precompile FluxJS [0e18b5df-1f6d-5218-abdd-6febb37acc78] to /root/.julia/compiled/v1.0/FluxJS/8TiYM.ji.
Stacktrace:
 [1] error(::String) at ./error.jl:33
 [2] compilecache(::Base.PkgId, ::String) at ./loading.jl:1203
 [3] _require(::Base.PkgId) at ./loading.jl:960
 [4] require(::Base.PkgId) at ./loading.jl:858
 [5] require(::Module, ::Symbol) at ./loading.jl:853
 [6] include at ./boot.jl:317 [inlined]
 [7] include_relative(::Module, ::String) at ./loading.jl:1044
 [8] include(::Module, ::String) at ./sysimg.jl:29
 [9] include(::String) at ./client.jl:392
 [10] top-level scope at none:0
in expression starting at /root/.julia/packages/FluxJS/oTIwA/test/runtests.jl:1
ERROR: Package FluxJS errored during testing
Stacktrace:
 [1] pkgerror(::String, ::Vararg{String,N} where N) at /buildworker/worker/package_linux64/build/usr/share/julia/stdlib/v1.0/Pkg/src/Types.jl:120
 [2] #test#65(::Bool, ::Function, ::Pkg.Types.Context, ::Array{Pkg.Types.PackageSpec,1}) at /buildworker/worker/package_linux64/build/usr/share/julia/stdlib/v1.0/Pkg/src/Operations.jl:1357
 [3] #test at /buildworker/worker/package_linux64/build/usr/share/julia/stdlib/v1.0/Pkg/src/API.jl:0 [inlined]
 [4] #test#44(::Bool, ::Base.Iterators.Pairs{Union{},Union{},Tuple{},NamedTuple{(),Tuple{}}}, ::Function, ::Pkg.Types.Context, ::Array{Pkg.Types.PackageSpec,1}) at /buildworker/worker/package_linux64/build/usr/share/julia/stdlib/v1.0/Pkg/src/API.jl:278
 [5] test at /buildworker/worker/package_linux64/build/usr/share/julia/stdlib/v1.0/Pkg/src/API.jl:263 [inlined]
 [6] #test#43 at /buildworker/worker/package_linux64/build/usr/share/julia/stdlib/v1.0/Pkg/src/API.jl:260 [inlined]
 [7] test at /buildworker/worker/package_linux64/build/usr/share/julia/stdlib/v1.0/Pkg/src/API.jl:260 [inlined]
 [8] #test#42 at /buildworker/worker/package_linux64/build/usr/share/julia/stdlib/v1.0/Pkg/src/API.jl:259 [inlined]
 [9] test at /buildworker/worker/package_linux64/build/usr/share/julia/stdlib/v1.0/Pkg/src/API.jl:259 [inlined]
 [10] #test#41 at /buildworker/worker/package_linux64/build/usr/share/julia/stdlib/v1.0/Pkg/src/API.jl:258 [inlined]
 [11] test(::String) at /buildworker/worker/package_linux64/build/usr/share/julia/stdlib/v1.0/Pkg/src/API.jl:258
 [12] top-level scope at none:0
