 Resolving package versions...
 Installed Missings ──────────────────── v0.4.3
 Installed DataAPI ───────────────────── v1.1.0
 Installed Showoff ───────────────────── v0.3.1
 Installed TableTraits ───────────────── v1.0.0
 Installed FileIO ────────────────────── v1.0.7
 Installed Contour ───────────────────── v0.5.1
 Installed LineSearches ──────────────── v7.0.1
 Installed StatsMakie ────────────────── v0.0.6
 Installed NamedArrays ───────────────── v0.9.3
 Installed PDMats ────────────────────── v0.9.10
 Installed AbstractFFTs ──────────────── v0.5.0
 Installed BinaryProvider ────────────── v0.5.8
 Installed CommonSubexpressions ──────── v0.2.0
 Installed StatsBase ─────────────────── v0.32.0
 Installed FreeTypeAbstraction ───────── v0.4.2
 Installed Conda ─────────────────────── v1.3.0
 Installed StatsFuns ─────────────────── v0.9.0
 Installed URIParser ─────────────────── v0.4.0
 Installed FreeType ──────────────────── v2.1.1
 Installed AxisAlgorithms ────────────── v1.0.0
 Installed Colors ────────────────────── v0.9.6
 Installed Polynomials ───────────────── v0.6.0
 Installed DocStringExtensions ───────── v0.8.1
 Installed Requires ──────────────────── v0.5.2
 Installed NLSolversBase ─────────────── v7.5.0
 Installed PooledArrays ──────────────── v0.5.2
 Installed ColorBrewer ───────────────── v0.4.0
 Installed InvertedIndices ───────────── v1.0.0
 Installed Reexport ──────────────────── v0.2.0
 Installed UnicodeFun ────────────────── v0.4.0
 Installed OffsetArrays ──────────────── v0.11.1
 Installed Widgets ───────────────────── v0.6.2
 Installed Compat ────────────────────── v2.2.0
 Installed ForwardDiff ───────────────── v0.10.6
 Installed Rmath ─────────────────────── v0.5.1
 Installed Observables ───────────────── v0.2.3
 Installed OrderedCollections ────────── v1.1.0
 Installed FreqTables ────────────────── v0.3.1
 Installed Tables ────────────────────── v0.2.11
 Installed IterTools ─────────────────── v1.3.0
 Installed SignedDistanceFields ──────── v0.4.0
 Installed Loess ─────────────────────── v0.5.0
 Installed StructArrays ──────────────── v0.4.0
 Installed MappedArrays ──────────────── v0.2.2
 Installed Calculus ──────────────────── v0.5.1
 Installed Combinatorics ─────────────── v0.7.0
 Installed ColorVectorSpace ──────────── v0.7.1
 Installed KernelDensity ─────────────── v0.5.1
 Installed RecipesBase ───────────────── v0.7.0
 Installed FixedPointNumbers ─────────── v0.6.1
 Installed Parsers ───────────────────── v0.3.10
 Installed FillArrays ────────────────── v0.7.4
 Installed DataStructures ────────────── v0.17.6
 Installed DiffEqDiffTools ───────────── v1.4.0
 Installed DiffRules ─────────────────── v0.1.0
 Installed Distributions ─────────────── v0.21.8
 Installed Graphics ──────────────────── v0.4.0
 Installed FFMPEG ────────────────────── v0.2.3
 Installed Ratios ────────────────────── v0.3.1
 Installed ArrayInterface ────────────── v1.2.1
 Installed JSON ──────────────────────── v0.21.0
 Installed NaNMath ───────────────────── v0.3.3
 Installed DiffResults ───────────────── v0.0.4
 Installed StaticArrays ──────────────── v0.12.1
 Installed PaddedViews ───────────────── v0.4.2
 Installed FFTW ──────────────────────── v1.1.0
 Installed Parameters ────────────────── v0.12.0
 Installed IntervalSets ──────────────── v0.3.2
 Installed ImageCore ─────────────────── v0.8.5
 Installed IteratorInterfaceExtensions ─ v1.0.0
 Installed QuadGK ────────────────────── v2.1.1
 Installed WoodburyMatrices ──────────── v0.4.1
 Installed PlotUtils ─────────────────── v0.6.1
 Installed CategoricalArrays ─────────── v0.7.3
 Installed SortingAlgorithms ─────────── v0.3.1
 Installed GeometryTypes ─────────────── v0.7.6
 Installed Packing ───────────────────── v0.3.0
 Installed VersionParsing ────────────── v1.1.3
 Installed Interpolations ────────────── v0.12.5
 Installed Distances ─────────────────── v0.8.2
 Installed ImageMagick ───────────────── v0.7.5
 Installed ColorTypes ────────────────── v0.8.0
 Installed PositiveFactorizations ────── v0.2.3
 Installed SpecialFunctions ──────────── v0.8.0
 Installed BinDeps ───────────────────── v0.8.10
 Installed Optim ─────────────────────── v0.19.4
 Installed Arpack ────────────────────── v0.3.1
 Installed AbstractPlotting ──────────── v0.9.10
   Cloning [e2d170a0-9d28-54be-80f0-106bbe20a464] DataValueInterfaces from https://github.com/queryverse/DataValueInterfaces.jl.git
[?25l    Fetching: [>                                        ]  0.0 %[2K[?25h Installed DataValueInterfaces ───────── v1.0.0
  Updating `~/.julia/environments/v1.2/Project.toml`
  [65254759] + StatsMakie v0.0.6
  Updating `~/.julia/environments/v1.2/Manifest.toml`
  [621f4979] + AbstractFFTs v0.5.0
  [537997a7] + AbstractPlotting v0.9.10
  [7d9fca2a] + Arpack v0.3.1
  [4fba245c] + ArrayInterface v1.2.1
  [13072b0f] + AxisAlgorithms v1.0.0
  [9e28174c] + BinDeps v0.8.10
  [b99e7846] + BinaryProvider v0.5.8
  [49dc2e85] + Calculus v0.5.1
  [324d7699] + CategoricalArrays v0.7.3
  [a2cac450] + ColorBrewer v0.4.0
  [3da002f7] + ColorTypes v0.8.0
  [c3611d14] + ColorVectorSpace v0.7.1
  [5ae59095] + Colors v0.9.6
  [861a8166] + Combinatorics v0.7.0
  [bbf7d656] + CommonSubexpressions v0.2.0
  [34da2185] + Compat v2.2.0
  [8f4d0f93] + Conda v1.3.0
  [d38c429a] + Contour v0.5.1
  [9a962f9c] + DataAPI v1.1.0
  [864edb3b] + DataStructures v0.17.6
  [e2d170a0] + DataValueInterfaces v1.0.0
  [01453d9d] + DiffEqDiffTools v1.4.0
  [163ba53b] + DiffResults v0.0.4
  [b552c78f] + DiffRules v0.1.0
  [b4f34e82] + Distances v0.8.2
  [31c24e10] + Distributions v0.21.8
  [ffbed154] + DocStringExtensions v0.8.1
  [c87230d0] + FFMPEG v0.2.3
  [7a1cc6ca] + FFTW v1.1.0
  [5789e2e9] + FileIO v1.0.7
  [1a297f60] + FillArrays v0.7.4
  [53c48c17] + FixedPointNumbers v0.6.1
  [f6369f11] + ForwardDiff v0.10.6
  [b38be410] + FreeType v2.1.1
  [663a7486] + FreeTypeAbstraction v0.4.2
  [da1fdf0e] + FreqTables v0.3.1
  [4d00f742] + GeometryTypes v0.7.6
  [a2bd30eb] + Graphics v0.4.0
  [a09fc81d] + ImageCore v0.8.5
  [6218d12a] + ImageMagick v0.7.5
  [a98d9a8b] + Interpolations v0.12.5
  [8197267c] + IntervalSets v0.3.2
  [41ab1584] + InvertedIndices v1.0.0
  [c8e1da08] + IterTools v1.3.0
  [82899510] + IteratorInterfaceExtensions v1.0.0
  [682c06a0] + JSON v0.21.0
  [5ab0869b] + KernelDensity v0.5.1
  [d3d80556] + LineSearches v7.0.1
  [4345ca2d] + Loess v0.5.0
  [dbb5928d] + MappedArrays v0.2.2
  [e1d29d7a] + Missings v0.4.3
  [d41bc354] + NLSolversBase v7.5.0
  [77ba4419] + NaNMath v0.3.3
  [86f7a689] + NamedArrays v0.9.3
  [510215fc] + Observables v0.2.3
  [6fe1bfb0] + OffsetArrays v0.11.1
  [429524aa] + Optim v0.19.4
  [bac558e1] + OrderedCollections v1.1.0
  [90014a1f] + PDMats v0.9.10
  [19eb6ba3] + Packing v0.3.0
  [5432bcbf] + PaddedViews v0.4.2
  [d96e819e] + Parameters v0.12.0
  [69de0a69] + Parsers v0.3.10
  [995b91a9] + PlotUtils v0.6.1
  [f27b6e38] + Polynomials v0.6.0
  [2dfb63ee] + PooledArrays v0.5.2
  [85a6dd25] + PositiveFactorizations v0.2.3
  [1fd47b50] + QuadGK v2.1.1
  [c84ed2f1] + Ratios v0.3.1
  [3cdcf5f2] + RecipesBase v0.7.0
  [189a3867] + Reexport v0.2.0
  [ae029012] + Requires v0.5.2
  [79098fc4] + Rmath v0.5.1
  [992d4aef] + Showoff v0.3.1
  [73760f76] + SignedDistanceFields v0.4.0
  [a2af1166] + SortingAlgorithms v0.3.1
  [276daf66] + SpecialFunctions v0.8.0
  [90137ffa] + StaticArrays v0.12.1
  [2913bbd2] + StatsBase v0.32.0
  [4c63d2b9] + StatsFuns v0.9.0
  [65254759] + StatsMakie v0.0.6
  [09ab397b] + StructArrays v0.4.0
  [3783bdb8] + TableTraits v1.0.0
  [bd369af6] + Tables v0.2.11
  [30578b45] + URIParser v0.4.0
  [1cfade01] + UnicodeFun v0.4.0
  [81def892] + VersionParsing v1.1.3
  [cc8bc4a8] + Widgets v0.6.2
  [efce3f68] + WoodburyMatrices v0.4.1
  [2a0f44e3] + Base64 
  [ade2ca70] + Dates 
  [8bb1440f] + DelimitedFiles 
  [8ba89e20] + Distributed 
  [9fa8497b] + Future 
  [b77e0a4c] + InteractiveUtils 
  [76f85450] + LibGit2 
  [8f399da3] + Libdl 
  [37e2e46d] + LinearAlgebra 
  [56ddb016] + Logging 
  [d6f4376e] + Markdown 
  [a63ad114] + Mmap 
  [44cfe95a] + Pkg 
  [de0858da] + Printf 
  [3fa0cd96] + REPL 
  [9a3f8284] + Random 
  [ea8e919c] + SHA 
  [9e88b42a] + Serialization 
  [1a1011a3] + SharedArrays 
  [6462fe0b] + Sockets 
  [2f01184e] + SparseArrays 
  [10745b16] + Statistics 
  [4607b0f0] + SuiteSparse 
  [8dfed614] + Test 
  [cf7118a7] + UUIDs 
  [4ec0a83e] + Unicode 
  Building Conda ───────────→ `~/.julia/packages/Conda/kLXeC/deps/build.log`
  Building FreeType ────────→ `~/.julia/packages/FreeType/2dE5w/deps/build.log`
  Building Rmath ───────────→ `~/.julia/packages/Rmath/4wt82/deps/build.log`
  Building FFMPEG ──────────→ `~/.julia/packages/FFMPEG/bkWgb/deps/build.log`
  Building FFTW ────────────→ `~/.julia/packages/FFTW/loJ3F/deps/build.log`
  Building ImageMagick ─────→ `~/.julia/packages/ImageMagick/vMfoS/deps/build.log`
  Building SpecialFunctions → `~/.julia/packages/SpecialFunctions/ne2iw/deps/build.log`
  Building Arpack ──────────→ `~/.julia/packages/Arpack/cu5By/deps/build.log`
   Testing StatsMakie
 Resolving package versions...
    Status `/tmp/jl_mZHEMe/Manifest.toml`
  [621f4979] AbstractFFTs v0.5.0
  [537997a7] AbstractPlotting v0.9.10
  [7d9fca2a] Arpack v0.3.1
  [4fba245c] ArrayInterface v1.2.1
  [13072b0f] AxisAlgorithms v1.0.0
  [9e28174c] BinDeps v0.8.10
  [b99e7846] BinaryProvider v0.5.8
  [49dc2e85] Calculus v0.5.1
  [324d7699] CategoricalArrays v0.7.3
  [a2cac450] ColorBrewer v0.4.0
  [3da002f7] ColorTypes v0.8.0
  [c3611d14] ColorVectorSpace v0.7.1
  [5ae59095] Colors v0.9.6
  [861a8166] Combinatorics v0.7.0
  [bbf7d656] CommonSubexpressions v0.2.0
  [34da2185] Compat v2.2.0
  [8f4d0f93] Conda v1.3.0
  [d38c429a] Contour v0.5.1
  [9a962f9c] DataAPI v1.1.0
  [864edb3b] DataStructures v0.17.6
  [e2d170a0] DataValueInterfaces v1.0.0
  [01453d9d] DiffEqDiffTools v1.4.0
  [163ba53b] DiffResults v0.0.4
  [b552c78f] DiffRules v0.1.0
  [b4f34e82] Distances v0.8.2
  [31c24e10] Distributions v0.21.8
  [ffbed154] DocStringExtensions v0.8.1
  [c87230d0] FFMPEG v0.2.3
  [7a1cc6ca] FFTW v1.1.0
  [5789e2e9] FileIO v1.0.7
  [1a297f60] FillArrays v0.7.4
  [53c48c17] FixedPointNumbers v0.6.1
  [f6369f11] ForwardDiff v0.10.6
  [b38be410] FreeType v2.1.1
  [663a7486] FreeTypeAbstraction v0.4.2
  [da1fdf0e] FreqTables v0.3.1
  [4d00f742] GeometryTypes v0.7.6
  [a2bd30eb] Graphics v0.4.0
  [a09fc81d] ImageCore v0.8.5
  [6218d12a] ImageMagick v0.7.5
  [a98d9a8b] Interpolations v0.12.5
  [8197267c] IntervalSets v0.3.2
  [41ab1584] InvertedIndices v1.0.0
  [c8e1da08] IterTools v1.3.0
  [82899510] IteratorInterfaceExtensions v1.0.0
  [682c06a0] JSON v0.21.0
  [5ab0869b] KernelDensity v0.5.1
  [d3d80556] LineSearches v7.0.1
  [4345ca2d] Loess v0.5.0
  [dbb5928d] MappedArrays v0.2.2
  [e1d29d7a] Missings v0.4.3
  [d41bc354] NLSolversBase v7.5.0
  [77ba4419] NaNMath v0.3.3
  [86f7a689] NamedArrays v0.9.3
  [510215fc] Observables v0.2.3
  [6fe1bfb0] OffsetArrays v0.11.1
  [429524aa] Optim v0.19.4
  [bac558e1] OrderedCollections v1.1.0
  [90014a1f] PDMats v0.9.10
  [19eb6ba3] Packing v0.3.0
  [5432bcbf] PaddedViews v0.4.2
  [d96e819e] Parameters v0.12.0
  [69de0a69] Parsers v0.3.10
  [995b91a9] PlotUtils v0.6.1
  [f27b6e38] Polynomials v0.6.0
  [2dfb63ee] PooledArrays v0.5.2
  [85a6dd25] PositiveFactorizations v0.2.3
  [1fd47b50] QuadGK v2.1.1
  [c84ed2f1] Ratios v0.3.1
  [3cdcf5f2] RecipesBase v0.7.0
  [189a3867] Reexport v0.2.0
  [ae029012] Requires v0.5.2
  [79098fc4] Rmath v0.5.1
  [992d4aef] Showoff v0.3.1
  [73760f76] SignedDistanceFields v0.4.0
  [a2af1166] SortingAlgorithms v0.3.1
  [276daf66] SpecialFunctions v0.8.0
  [90137ffa] StaticArrays v0.12.1
  [2913bbd2] StatsBase v0.32.0
  [4c63d2b9] StatsFuns v0.9.0
  [65254759] StatsMakie v0.0.6
  [09ab397b] StructArrays v0.4.0
  [3783bdb8] TableTraits v1.0.0
  [bd369af6] Tables v0.2.11
  [30578b45] URIParser v0.4.0
  [1cfade01] UnicodeFun v0.4.0
  [81def892] VersionParsing v1.1.3
  [cc8bc4a8] Widgets v0.6.2
  [efce3f68] WoodburyMatrices v0.4.1
  [2a0f44e3] Base64  [`@stdlib/Base64`]
  [ade2ca70] Dates  [`@stdlib/Dates`]
  [8bb1440f] DelimitedFiles  [`@stdlib/DelimitedFiles`]
  [8ba89e20] Distributed  [`@stdlib/Distributed`]
  [9fa8497b] Future  [`@stdlib/Future`]
  [b77e0a4c] InteractiveUtils  [`@stdlib/InteractiveUtils`]
  [76f85450] LibGit2  [`@stdlib/LibGit2`]
  [8f399da3] Libdl  [`@stdlib/Libdl`]
  [37e2e46d] LinearAlgebra  [`@stdlib/LinearAlgebra`]
  [56ddb016] Logging  [`@stdlib/Logging`]
  [d6f4376e] Markdown  [`@stdlib/Markdown`]
  [a63ad114] Mmap  [`@stdlib/Mmap`]
  [44cfe95a] Pkg  [`@stdlib/Pkg`]
  [de0858da] Printf  [`@stdlib/Printf`]
  [3fa0cd96] REPL  [`@stdlib/REPL`]
  [9a3f8284] Random  [`@stdlib/Random`]
  [ea8e919c] SHA  [`@stdlib/SHA`]
  [9e88b42a] Serialization  [`@stdlib/Serialization`]
  [1a1011a3] SharedArrays  [`@stdlib/SharedArrays`]
  [6462fe0b] Sockets  [`@stdlib/Sockets`]
  [2f01184e] SparseArrays  [`@stdlib/SparseArrays`]
  [10745b16] Statistics  [`@stdlib/Statistics`]
  [4607b0f0] SuiteSparse  [`@stdlib/SuiteSparse`]
  [8dfed614] Test  [`@stdlib/Test`]
  [cf7118a7] UUIDs  [`@stdlib/UUIDs`]
  [4ec0a83e] Unicode  [`@stdlib/Unicode`]
[ Info: Caching fonts, this may take a while. Needed only on first run!
┌ Warning: `a::StaticArray + b::Number` is deprecated, use `a .+ b` instead.
│   caller = (::getfield(AbstractPlotting, Symbol("##49#50")){AbstractPlotting.TextureAtlas,Char,Array{Ptr{FreeType.FT_FaceRec},1}})() at texture_atlas.jl:186
└ @ AbstractPlotting ~/.julia/packages/AbstractPlotting/B5nOF/src/utilities/texture_atlas.jl:186
┌ Warning: `a::StaticArray - b::Number` is deprecated, use `a .- b` instead.
│   caller = (::getfield(AbstractPlotting, Symbol("##49#50")){AbstractPlotting.TextureAtlas,Char,Array{Ptr{FreeType.FT_FaceRec},1}})() at texture_atlas.jl:186
└ @ AbstractPlotting ~/.julia/packages/AbstractPlotting/B5nOF/src/utilities/texture_atlas.jl:186
┌ Warning: `a::StaticArray + b::Number` is deprecated, use `a .+ b` instead.
│   caller = + at operators.jl:529 [inlined]
└ @ Core ./operators.jl:529
┌ Warning: `a::StaticArray + b::Number` is deprecated, use `a .+ b` instead.
│   caller = (::getfield(AbstractPlotting, Symbol("##49#50")){AbstractPlotting.TextureAtlas,Char,Array{Ptr{FreeType.FT_FaceRec},1}})() at texture_atlas.jl:194
└ @ AbstractPlotting ~/.julia/packages/AbstractPlotting/B5nOF/src/utilities/texture_atlas.jl:194
┌ Warning: `a::StaticArray + b::Number` is deprecated, use `a .+ b` instead.
│   caller = _broadcast_getindex_evalf at broadcast.jl:625 [inlined]
└ @ Core ./broadcast.jl:625
Test Summary: | Pass  Total
boxplot       |   12     12
Test Summary: | Pass  Total
density       |   15     15
distribution: Error During Test at /root/.julia/packages/StatsMakie/kdbOc/test/runtests.jl:116
  Got exception outside of a @test
  No overload for Lines{...} and also no overload for trait AbstractPlotting.PointBased() found! Arguments: (Tuple{Array{Float64,1},Array{Float64,1}}, getfield(StatsMakie, Symbol("##89#90")){Normal{Float64}})
  Stacktrace:
   [1] error(::String) at ./error.jl:33
   [2] #convert_arguments#221(::Base.Iterators.Pairs{Union{},Union{},Tuple{},NamedTuple{(),Tuple{}}}, ::typeof(convert_arguments), ::Type{Lines{...}}, ::Tuple{Array{Float64,1},Array{Float64,1}}, ::Vararg{Any,N} where N) at /root/.julia/packages/AbstractPlotting/B5nOF/src/conversions.jl:56
   [3] convert_arguments(::Type{Lines{...}}, ::Tuple{Array{Float64,1},Array{Float64,1}}, ::Function) at /root/.julia/packages/AbstractPlotting/B5nOF/src/conversions.jl:51
   [4] convert_arguments(::Type{Lines{...}}, ::IntervalSets.Interval{:closed,:closed,Float64}, ::Function) at /root/.julia/packages/AbstractPlotting/B5nOF/src/basic_recipes/basic_recipes.jl:555
   [5] convert_arguments(::Type{Combined{Any,Tuple{Normal{Float64}}}}, ::IntervalSets.Interval{:closed,:closed,Float64}, ::Normal{Float64}) at /root/.julia/packages/StatsMakie/kdbOc/src/typerecipes/distribution.jl:19
   [6] convert_arguments(::Type{Combined{Any,Tuple{Normal{Float64}}}}, ::Normal{Float64}) at /root/.julia/packages/StatsMakie/kdbOc/src/typerecipes/distribution.jl:14
   [7] #plot!#208(::Base.Iterators.Pairs{Union{},Union{},Tuple{},NamedTuple{(),Tuple{}}}, ::typeof(plot!), ::Scene, ::Type{Any}, ::Attributes, ::Normal{Float64}) at /root/.julia/packages/AbstractPlotting/B5nOF/src/interfaces.jl:542
   [8] plot!(::Scene, ::Type{Any}, ::Attributes, ::Normal{Float64}) at /root/.julia/packages/AbstractPlotting/B5nOF/src/interfaces.jl:529
   [9] #plot#202(::Base.Iterators.Pairs{Union{},Union{},Tuple{},NamedTuple{(),Tuple{}}}, ::typeof(plot), ::Normal{Float64}) at /root/.julia/packages/AbstractPlotting/B5nOF/src/recipes.jl:15
   [10] plot(::Normal{Float64}) at /root/.julia/packages/AbstractPlotting/B5nOF/src/recipes.jl:13
   [11] top-level scope at /root/.julia/packages/StatsMakie/kdbOc/test/runtests.jl:118
   [12] top-level scope at /buildworker/worker/package_linux64/build/usr/share/julia/stdlib/v1.2/Test/src/Test.jl:1113
   [13] top-level scope at /root/.julia/packages/StatsMakie/kdbOc/test/runtests.jl:117
   [14] include at ./boot.jl:328 [inlined]
   [15] include_relative(::Module, ::String) at ./loading.jl:1094
   [16] include(::Module, ::String) at ./Base.jl:31
   [17] include(::String) at ./client.jl:431
   [18] top-level scope at none:5
   [19] eval(::Module, ::Any) at ./boot.jl:330
   [20] exec_options(::Base.JLOptions) at ./client.jl:271
   [21] _start() at ./client.jl:464
  caused by [exception 1]
  MethodError: no method matching convert_arguments(::AbstractPlotting.PointBased, ::Tuple{Array{Float64,1},Array{Float64,1}}, ::getfield(StatsMakie, Symbol("##89#90")){Normal{Float64}})
  Closest candidates are:
    convert_arguments(!Matched::AbstractPlotting.NoConversion, ::Any...) at /root/.julia/packages/AbstractPlotting/B5nOF/src/conversions.jl:42
    convert_arguments(::AbstractPlotting.PointBased, ::Tuple{Vararg{AbstractArray{T,1} where T,N}}) where N at /root/.julia/packages/AbstractPlotting/B5nOF/src/conversions.jl:125
    convert_arguments(!Matched::Type{#s156} where #s156<:(Poly{...}), ::Any...) at /root/.julia/packages/AbstractPlotting/B5nOF/src/basic_recipes/basic_recipes.jl:37
    ...
  Stacktrace:
   [1] #convert_arguments#221(::Base.Iterators.Pairs{Union{},Union{},Tuple{},NamedTuple{(),Tuple{}}}, ::typeof(convert_arguments), ::Type{Lines{...}}, ::Tuple{Array{Float64,1},Array{Float64,1}}, ::Vararg{Any,N} where N) at /root/.julia/packages/AbstractPlotting/B5nOF/src/conversions.jl:53
   [2] convert_arguments(::Type{Lines{...}}, ::Tuple{Array{Float64,1},Array{Float64,1}}, ::Function) at /root/.julia/packages/AbstractPlotting/B5nOF/src/conversions.jl:51
   [3] convert_arguments(::Type{Lines{...}}, ::IntervalSets.Interval{:closed,:closed,Float64}, ::Function) at /root/.julia/packages/AbstractPlotting/B5nOF/src/basic_recipes/basic_recipes.jl:555
   [4] convert_arguments(::Type{Combined{Any,Tuple{Normal{Float64}}}}, ::IntervalSets.Interval{:closed,:closed,Float64}, ::Normal{Float64}) at /root/.julia/packages/StatsMakie/kdbOc/src/typerecipes/distribution.jl:19
   [5] convert_arguments(::Type{Combined{Any,Tuple{Normal{Float64}}}}, ::Normal{Float64}) at /root/.julia/packages/StatsMakie/kdbOc/src/typerecipes/distribution.jl:14
   [6] #plot!#208(::Base.Iterators.Pairs{Union{},Union{},Tuple{},NamedTuple{(),Tuple{}}}, ::typeof(plot!), ::Scene, ::Type{Any}, ::Attributes, ::Normal{Float64}) at /root/.julia/packages/AbstractPlotting/B5nOF/src/interfaces.jl:542
   [7] plot!(::Scene, ::Type{Any}, ::Attributes, ::Normal{Float64}) at /root/.julia/packages/AbstractPlotting/B5nOF/src/interfaces.jl:529
   [8] #plot#202(::Base.Iterators.Pairs{Union{},Union{},Tuple{},NamedTuple{(),Tuple{}}}, ::typeof(plot), ::Normal{Float64}) at /root/.julia/packages/AbstractPlotting/B5nOF/src/recipes.jl:15
   [9] plot(::Normal{Float64}) at /root/.julia/packages/AbstractPlotting/B5nOF/src/recipes.jl:13
   [10] top-level scope at /root/.julia/packages/StatsMakie/kdbOc/test/runtests.jl:118
   [11] top-level scope at /buildworker/worker/package_linux64/build/usr/share/julia/stdlib/v1.2/Test/src/Test.jl:1113
   [12] top-level scope at /root/.julia/packages/StatsMakie/kdbOc/test/runtests.jl:117
   [13] include at ./boot.jl:328 [inlined]
   [14] include_relative(::Module, ::String) at ./loading.jl:1094
   [15] include(::Module, ::String) at ./Base.jl:31
   [16] include(::String) at ./client.jl:431
   [17] top-level scope at none:5
   [18] eval(::Module, ::Any) at ./boot.jl:330
   [19] exec_options(::Base.JLOptions) at ./client.jl:271
   [20] _start() at ./client.jl:464
  
Test Summary: | Error  Total
distribution  |     1      1
ERROR: LoadError: Some tests did not pass: 0 passed, 0 failed, 1 errored, 0 broken.
in expression starting at /root/.julia/packages/StatsMakie/kdbOc/test/runtests.jl:116
ERROR: Package StatsMakie errored during testing
Stacktrace:
 [1] pkgerror(::String, ::Vararg{String,N} where N) at /buildworker/worker/package_linux64/build/usr/share/julia/stdlib/v1.2/Pkg/src/Types.jl:112
 [2] #test#119(::Bool, ::Nothing, ::typeof(Pkg.Operations.test), ::Pkg.Types.Context, ::Array{Pkg.Types.PackageSpec,1}) at /buildworker/worker/package_linux64/build/usr/share/julia/stdlib/v1.2/Pkg/src/Operations.jl:1288
 [3] #test at ./none:0 [inlined]
 [4] #test#62(::Bool, ::Nothing, ::Base.Iterators.Pairs{Union{},Union{},Tuple{},NamedTuple{(),Tuple{}}}, ::typeof(Pkg.API.test), ::Pkg.Types.Context, ::Array{Pkg.Types.PackageSpec,1}) at /buildworker/worker/package_linux64/build/usr/share/julia/stdlib/v1.2/Pkg/src/API.jl:245
 [5] test at /buildworker/worker/package_linux64/build/usr/share/julia/stdlib/v1.2/Pkg/src/API.jl:233 [inlined]
 [6] #test#61 at /buildworker/worker/package_linux64/build/usr/share/julia/stdlib/v1.2/Pkg/src/API.jl:230 [inlined]
 [7] test at /buildworker/worker/package_linux64/build/usr/share/julia/stdlib/v1.2/Pkg/src/API.jl:230 [inlined]
 [8] #test#60 at /buildworker/worker/package_linux64/build/usr/share/julia/stdlib/v1.2/Pkg/src/API.jl:229 [inlined]
 [9] test at /buildworker/worker/package_linux64/build/usr/share/julia/stdlib/v1.2/Pkg/src/API.jl:229 [inlined]
 [10] #test#59(::Base.Iterators.Pairs{Union{},Union{},Tuple{},NamedTuple{(),Tuple{}}}, ::typeof(Pkg.API.test), ::String) at /buildworker/worker/package_linux64/build/usr/share/julia/stdlib/v1.2/Pkg/src/API.jl:228
 [11] test(::String) at /buildworker/worker/package_linux64/build/usr/share/julia/stdlib/v1.2/Pkg/src/API.jl:228
 [12] top-level scope at none:10
