 Resolving package versions...
 Installed GithubMarkdown ─ v0.1.0
 Installed BinaryProvider ─ v0.5.8
  Updating `~/.julia/environments/v1.0/Project.toml`
  [ecb7cac2] + GithubMarkdown v0.1.0
  Updating `~/.julia/environments/v1.0/Manifest.toml`
  [b99e7846] + BinaryProvider v0.5.8
  [ecb7cac2] + GithubMarkdown v0.1.0
  [8f399da3] + Libdl 
  [ea8e919c] + SHA 
  Building GithubMarkdown → `~/.julia/packages/GithubMarkdown/epH8Y/deps/build.log`
   Testing GithubMarkdown
 Resolving package versions...
    Status `/tmp/tmpxf05um/Manifest.toml`
  [b99e7846] BinaryProvider v0.5.8
  [ecb7cac2] GithubMarkdown v0.1.0
  [2a0f44e3] Base64  [`@stdlib/Base64`]
  [8ba89e20] Distributed  [`@stdlib/Distributed`]
  [b77e0a4c] InteractiveUtils  [`@stdlib/InteractiveUtils`]
  [8f399da3] Libdl  [`@stdlib/Libdl`]
  [37e2e46d] LinearAlgebra  [`@stdlib/LinearAlgebra`]
  [56ddb016] Logging  [`@stdlib/Logging`]
  [d6f4376e] Markdown  [`@stdlib/Markdown`]
  [9a3f8284] Random  [`@stdlib/Random`]
  [ea8e919c] SHA  [`@stdlib/SHA`]
  [9e88b42a] Serialization  [`@stdlib/Serialization`]
  [6462fe0b] Sockets  [`@stdlib/Sockets`]
  [8dfed614] Test  [`@stdlib/Test`]
Test Summary:     | Pass  Total
GithubMarkdown.jl |    7      7
   Testing GithubMarkdown tests passed 
