 Resolving package versions...
 Installed WinReg ───────────── v0.3.1
 Installed OrderedCollections ─ v1.1.0
 Installed JavaCall ─────────── v0.7.2
 Installed DataStructures ───── v0.17.6
 Installed Spark ────────────── v0.4.0
  Updating `~/.julia/environments/v1.2/Project.toml`
  [e3819d11] + Spark v0.4.0
  Updating `~/.julia/environments/v1.2/Manifest.toml`
  [864edb3b] + DataStructures v0.17.6
  [494afd89] + JavaCall v0.7.2
  [bac558e1] + OrderedCollections v1.1.0
  [e3819d11] + Spark v0.4.0
  [1b915085] + WinReg v0.3.1
  [2a0f44e3] + Base64 
  [ade2ca70] + Dates 
  [8ba89e20] + Distributed 
  [b77e0a4c] + InteractiveUtils 
  [8f399da3] + Libdl 
  [56ddb016] + Logging 
  [d6f4376e] + Markdown 
  [de0858da] + Printf 
  [9a3f8284] + Random 
  [9e88b42a] + Serialization 
  [6462fe0b] + Sockets 
  [8dfed614] + Test 
  [4ec0a83e] + Unicode 
  Building Spark → `~/.julia/packages/Spark/kFCaM/deps/build.log`
┌ Error: Error building `Spark`: 
│ ERROR: LoadError: Cannot find maven. Is it installed?
│ Stacktrace:
│  [1] error(::String) at ./error.jl:33
│  [2] top-level scope at /root/.julia/packages/Spark/kFCaM/deps/build.jl:7
│  [3] include at ./boot.jl:328 [inlined]
│  [4] include_relative(::Module, ::String) at ./loading.jl:1094
│  [5] include(::Module, ::String) at ./Base.jl:31
│  [6] include(::String) at ./client.jl:431
│  [7] top-level scope at none:5
│ in expression starting at /root/.julia/packages/Spark/kFCaM/deps/build.jl:4
│ caused by [exception 1]
│ failed process: Process(`which mvn`, ProcessExited(1)) [1]
│ 
│ Stacktrace:
│  [1] pipeline_error at ./process.jl:813 [inlined]
│  [2] #run#536(::Bool, ::typeof(run), ::Cmd) at ./process.jl:728
│  [3] run(::Cmd) at ./process.jl:726
│  [4] top-level scope at /root/.julia/packages/Spark/kFCaM/deps/build.jl:5
│  [5] include at ./boot.jl:328 [inlined]
│  [6] include_relative(::Module, ::String) at ./loading.jl:1094
│  [7] include(::Module, ::String) at ./Base.jl:31
│  [8] include(::String) at ./client.jl:431
│  [9] top-level scope at none:5
└ @ Pkg.Operations /buildworker/worker/package_linux64/build/usr/share/julia/stdlib/v1.2/Pkg/src/backwards_compatible_isolation.jl:647
   Testing Spark
    Status `/tmp/jl_nSfQE9/Manifest.toml`
  [864edb3b] DataStructures v0.17.6
  [494afd89] JavaCall v0.7.2
  [bac558e1] OrderedCollections v1.1.0
  [e3819d11] Spark v0.4.0
  [1b915085] WinReg v0.3.1
  [2a0f44e3] Base64  [`@stdlib/Base64`]
  [ade2ca70] Dates  [`@stdlib/Dates`]
  [8ba89e20] Distributed  [`@stdlib/Distributed`]
  [b77e0a4c] InteractiveUtils  [`@stdlib/InteractiveUtils`]
  [8f399da3] Libdl  [`@stdlib/Libdl`]
  [56ddb016] Logging  [`@stdlib/Logging`]
  [d6f4376e] Markdown  [`@stdlib/Markdown`]
  [de0858da] Printf  [`@stdlib/Printf`]
  [9a3f8284] Random  [`@stdlib/Random`]
  [9e88b42a] Serialization  [`@stdlib/Serialization`]
  [6462fe0b] Sockets  [`@stdlib/Sockets`]
  [8dfed614] Test  [`@stdlib/Test`]
  [4ec0a83e] Unicode  [`@stdlib/Unicode`]
ERROR: LoadError: LoadError: InitError: JavaCall.JavaCallError("Cannot find java library libjvm.so\nSearch Path:\n   /root/.julia/packages/Spark/kFCaM/test")
Stacktrace:
 [1] findjvm() at /root/.julia/packages/JavaCall/Iz2MQ/src/jvm.jl:111
 [2] __init__() at /root/.julia/packages/JavaCall/Iz2MQ/src/JavaCall.jl:32
 [3] _include_from_serialized(::String, ::Array{Any,1}) at ./loading.jl:685
 [4] _require_from_serialized(::String) at ./loading.jl:736
 [5] _require(::Base.PkgId) at ./loading.jl:1023
 [6] require(::Base.PkgId) at ./loading.jl:911
 [7] require(::Module, ::Symbol) at ./loading.jl:906
 [8] include at ./boot.jl:328 [inlined]
 [9] include_relative(::Module, ::String) at ./loading.jl:1094
 [10] include at ./Base.jl:31 [inlined]
 [11] include(::String) at /root/.julia/packages/Spark/kFCaM/src/Spark.jl:1
 [12] top-level scope at /root/.julia/packages/Spark/kFCaM/src/Spark.jl:48
 [13] include at ./boot.jl:328 [inlined]
 [14] include_relative(::Module, ::String) at ./loading.jl:1094
 [15] include(::Module, ::String) at ./Base.jl:31
 [16] top-level scope at none:2
 [17] eval at ./boot.jl:330 [inlined]
 [18] eval(::Expr) at ./client.jl:432
 [19] top-level scope at ./none:3
during initialization of module JavaCall
in expression starting at /root/.julia/packages/Spark/kFCaM/src/core.jl:2
in expression starting at /root/.julia/packages/Spark/kFCaM/src/Spark.jl:48
ERROR: LoadError: Failed to precompile Spark [e3819d11-95af-5eea-9727-70c091663a01] to /root/.julia/compiled/v1.2/Spark/zpJEw.ji.
Stacktrace:
 [1] error(::String) at ./error.jl:33
 [2] compilecache(::Base.PkgId, ::String) at ./loading.jl:1253
 [3] _require(::Base.PkgId) at ./loading.jl:1013
 [4] require(::Base.PkgId) at ./loading.jl:911
 [5] require(::Module, ::Symbol) at ./loading.jl:906
 [6] include at ./boot.jl:328 [inlined]
 [7] include_relative(::Module, ::String) at ./loading.jl:1094
 [8] include(::Module, ::String) at ./Base.jl:31
 [9] include(::String) at ./client.jl:431
 [10] top-level scope at none:5
in expression starting at /root/.julia/packages/Spark/kFCaM/test/runtests.jl:1
ERROR: Package Spark errored during testing
Stacktrace:
 [1] pkgerror(::String, ::Vararg{String,N} where N) at /buildworker/worker/package_linux64/build/usr/share/julia/stdlib/v1.2/Pkg/src/Types.jl:112
 [2] #test#119(::Bool, ::Nothing, ::typeof(Pkg.Operations.test), ::Pkg.Types.Context, ::Array{Pkg.Types.PackageSpec,1}) at /buildworker/worker/package_linux64/build/usr/share/julia/stdlib/v1.2/Pkg/src/Operations.jl:1288
 [3] #test at ./none:0 [inlined]
 [4] #test#62(::Bool, ::Nothing, ::Base.Iterators.Pairs{Union{},Union{},Tuple{},NamedTuple{(),Tuple{}}}, ::typeof(Pkg.API.test), ::Pkg.Types.Context, ::Array{Pkg.Types.PackageSpec,1}) at /buildworker/worker/package_linux64/build/usr/share/julia/stdlib/v1.2/Pkg/src/API.jl:245
 [5] test at /buildworker/worker/package_linux64/build/usr/share/julia/stdlib/v1.2/Pkg/src/API.jl:233 [inlined]
 [6] #test#61 at /buildworker/worker/package_linux64/build/usr/share/julia/stdlib/v1.2/Pkg/src/API.jl:230 [inlined]
 [7] test at /buildworker/worker/package_linux64/build/usr/share/julia/stdlib/v1.2/Pkg/src/API.jl:230 [inlined]
 [8] #test#60 at /buildworker/worker/package_linux64/build/usr/share/julia/stdlib/v1.2/Pkg/src/API.jl:229 [inlined]
 [9] test at /buildworker/worker/package_linux64/build/usr/share/julia/stdlib/v1.2/Pkg/src/API.jl:229 [inlined]
 [10] #test#59(::Base.Iterators.Pairs{Union{},Union{},Tuple{},NamedTuple{(),Tuple{}}}, ::typeof(Pkg.API.test), ::String) at /buildworker/worker/package_linux64/build/usr/share/julia/stdlib/v1.2/Pkg/src/API.jl:228
 [11] test(::String) at /buildworker/worker/package_linux64/build/usr/share/julia/stdlib/v1.2/Pkg/src/API.jl:228
 [12] top-level scope at none:10
