 Resolving package versions...
 Installed URIParser ────────── v0.4.0
 Installed Blosc ────────────── v0.5.1
 Installed CMakeWrapper ─────── v0.2.3
 Installed JLD ──────────────── v0.9.1
 Installed BinDeps ──────────── v0.8.10
 Installed Parameters ───────── v0.12.0
 Installed OrderedCollections ─ v1.1.0
 Installed BinaryProvider ───── v0.5.8
 Installed CMake ────────────── v1.1.2
 Installed HDF5 ─────────────── v0.12.5
 Installed LegacyStrings ────── v0.4.1
 Installed Compat ───────────── v2.2.0
 Installed FileIO ───────────── v1.0.7
  Updating `~/.julia/environments/v1.0/Project.toml`
  [4138dd39] + JLD v0.9.1
  Updating `~/.julia/environments/v1.0/Manifest.toml`
  [9e28174c] + BinDeps v0.8.10
  [b99e7846] + BinaryProvider v0.5.8
  [a74b3585] + Blosc v0.5.1
  [631607c0] + CMake v1.1.2
  [d5fb7624] + CMakeWrapper v0.2.3
  [34da2185] + Compat v2.2.0
  [5789e2e9] + FileIO v1.0.7
  [f67ccb44] + HDF5 v0.12.5
  [4138dd39] + JLD v0.9.1
  [1b4a561d] + LegacyStrings v0.4.1
  [bac558e1] + OrderedCollections v1.1.0
  [d96e819e] + Parameters v0.12.0
  [30578b45] + URIParser v0.4.0
  [2a0f44e3] + Base64 
  [ade2ca70] + Dates 
  [8bb1440f] + DelimitedFiles 
  [8ba89e20] + Distributed 
  [b77e0a4c] + InteractiveUtils 
  [76f85450] + LibGit2 
  [8f399da3] + Libdl 
  [37e2e46d] + LinearAlgebra 
  [56ddb016] + Logging 
  [d6f4376e] + Markdown 
  [a63ad114] + Mmap 
  [44cfe95a] + Pkg 
  [de0858da] + Printf 
  [9abbd945] + Profile 
  [3fa0cd96] + REPL 
  [9a3f8284] + Random 
  [ea8e919c] + SHA 
  [9e88b42a] + Serialization 
  [1a1011a3] + SharedArrays 
  [6462fe0b] + Sockets 
  [2f01184e] + SparseArrays 
  [10745b16] + Statistics 
  [8dfed614] + Test 
  [cf7118a7] + UUIDs 
  [4ec0a83e] + Unicode 
  Building CMake → `~/.julia/packages/CMake/nSK2r/deps/build.log`
  Building Blosc → `~/.julia/packages/Blosc/lzFr0/deps/build.log`
  Building HDF5 ─→ `~/.julia/packages/HDF5/Zh9on/deps/build.log`
   Testing JLD
 Resolving package versions...
 Installed PooledArrays ──────────────── v0.5.2
 Installed Missings ──────────────────── v0.4.3
 Installed TableTraits ───────────────── v1.0.0
 Installed InvertedIndices ───────────── v1.0.0
 Installed DataValueInterfaces ───────── v1.0.0
 Installed DataFrames ────────────────── v0.19.4
 Installed CategoricalArrays ─────────── v0.7.3
 Installed Reexport ──────────────────── v0.2.0
 Installed IteratorInterfaceExtensions ─ v1.0.0
 Installed JSON ──────────────────────── v0.21.0
 Installed DataAPI ───────────────────── v1.1.0
 Installed Parsers ───────────────────── v0.3.10
 Installed SortingAlgorithms ─────────── v0.3.1
 Installed Tables ────────────────────── v0.2.11
 Installed DataStructures ────────────── v0.17.6
    Status `/tmp/tmpL2Jh1W/Manifest.toml`
  [9e28174c] BinDeps v0.8.10
  [b99e7846] BinaryProvider v0.5.8
  [a74b3585] Blosc v0.5.1
  [631607c0] CMake v1.1.2
  [d5fb7624] CMakeWrapper v0.2.3
  [324d7699] CategoricalArrays v0.7.3
  [34da2185] Compat v2.2.0
  [9a962f9c] DataAPI v1.1.0
  [a93c6f00] DataFrames v0.19.4
  [864edb3b] DataStructures v0.17.6
  [e2d170a0] DataValueInterfaces v1.0.0
  [5789e2e9] FileIO v1.0.7
  [f67ccb44] HDF5 v0.12.5
  [41ab1584] InvertedIndices v1.0.0
  [82899510] IteratorInterfaceExtensions v1.0.0
  [4138dd39] JLD v0.9.1
  [682c06a0] JSON v0.21.0
  [1b4a561d] LegacyStrings v0.4.1
  [e1d29d7a] Missings v0.4.3
  [bac558e1] OrderedCollections v1.1.0
  [d96e819e] Parameters v0.12.0
  [69de0a69] Parsers v0.3.10
  [2dfb63ee] PooledArrays v0.5.2
  [189a3867] Reexport v0.2.0
  [a2af1166] SortingAlgorithms v0.3.1
  [3783bdb8] TableTraits v1.0.0
  [bd369af6] Tables v0.2.11
  [30578b45] URIParser v0.4.0
  [2a0f44e3] Base64  [`@stdlib/Base64`]
  [ade2ca70] Dates  [`@stdlib/Dates`]
  [8bb1440f] DelimitedFiles  [`@stdlib/DelimitedFiles`]
  [8ba89e20] Distributed  [`@stdlib/Distributed`]
  [9fa8497b] Future  [`@stdlib/Future`]
  [b77e0a4c] InteractiveUtils  [`@stdlib/InteractiveUtils`]
  [76f85450] LibGit2  [`@stdlib/LibGit2`]
  [8f399da3] Libdl  [`@stdlib/Libdl`]
  [37e2e46d] LinearAlgebra  [`@stdlib/LinearAlgebra`]
  [56ddb016] Logging  [`@stdlib/Logging`]
  [d6f4376e] Markdown  [`@stdlib/Markdown`]
  [a63ad114] Mmap  [`@stdlib/Mmap`]
  [44cfe95a] Pkg  [`@stdlib/Pkg`]
  [de0858da] Printf  [`@stdlib/Printf`]
  [9abbd945] Profile  [`@stdlib/Profile`]
  [3fa0cd96] REPL  [`@stdlib/REPL`]
  [9a3f8284] Random  [`@stdlib/Random`]
  [ea8e919c] SHA  [`@stdlib/SHA`]
  [9e88b42a] Serialization  [`@stdlib/Serialization`]
  [1a1011a3] SharedArrays  [`@stdlib/SharedArrays`]
  [6462fe0b] Sockets  [`@stdlib/Sockets`]
  [2f01184e] SparseArrays  [`@stdlib/SparseArrays`]
  [10745b16] Statistics  [`@stdlib/Statistics`]
  [8dfed614] Test  [`@stdlib/Test`]
  [cf7118a7] UUIDs  [`@stdlib/UUIDs`]
  [4ec0a83e] Unicode  [`@stdlib/Unicode`]
jldtests.jl
┌ Warning: Error reading tf
└ @ Main ~/.julia/packages/JLD/1BoSz/test/jldtests.jl:271
ERROR: LoadError: LoadError: unrecognized HDF5 datatype class 4
Stacktrace:
 [1] error(::String, ::Int32) at ./error.jl:42
 [2] jldatatype(::JLD.JldFile, ::HDF5Datatype) at /root/.julia/packages/JLD/1BoSz/src/jld_types.jl:738
 [3] read(::JLD.JldDataset) at /root/.julia/packages/JLD/1BoSz/src/JLD.jl:370
 [4] read(::JLD.JldFile, ::String) at /root/.julia/packages/JLD/1BoSz/src/JLD.jl:346
 [5] top-level scope at /root/.julia/packages/JLD/1BoSz/test/jldtests.jl:269
 [6] include at ./boot.jl:317 [inlined]
 [7] include_relative(::Module, ::String) at ./loading.jl:1044
 [8] include(::Module, ::String) at ./sysimg.jl:29
 [9] include(::String) at ./client.jl:392
 [10] runtest(::String) at /root/.julia/packages/JLD/1BoSz/test/runtests.jl:3
 [11] top-level scope at none:0
 [12] include at ./boot.jl:317 [inlined]
 [13] include_relative(::Module, ::String) at ./loading.jl:1044
 [14] include(::Module, ::String) at ./sysimg.jl:29
 [15] include(::String) at ./client.jl:392
 [16] top-level scope at none:0
in expression starting at /root/.julia/packages/JLD/1BoSz/test/jldtests.jl:416
in expression starting at /root/.julia/packages/JLD/1BoSz/test/runtests.jl:5
ERROR: Package JLD errored during testing
Stacktrace:
 [1] pkgerror(::String, ::Vararg{String,N} where N) at /buildworker/worker/package_linux64/build/usr/share/julia/stdlib/v1.0/Pkg/src/Types.jl:120
 [2] #test#65(::Bool, ::Function, ::Pkg.Types.Context, ::Array{Pkg.Types.PackageSpec,1}) at /buildworker/worker/package_linux64/build/usr/share/julia/stdlib/v1.0/Pkg/src/Operations.jl:1357
 [3] #test at /buildworker/worker/package_linux64/build/usr/share/julia/stdlib/v1.0/Pkg/src/API.jl:0 [inlined]
 [4] #test#44(::Bool, ::Base.Iterators.Pairs{Union{},Union{},Tuple{},NamedTuple{(),Tuple{}}}, ::Function, ::Pkg.Types.Context, ::Array{Pkg.Types.PackageSpec,1}) at /buildworker/worker/package_linux64/build/usr/share/julia/stdlib/v1.0/Pkg/src/API.jl:278
 [5] test at /buildworker/worker/package_linux64/build/usr/share/julia/stdlib/v1.0/Pkg/src/API.jl:263 [inlined]
 [6] #test#43 at /buildworker/worker/package_linux64/build/usr/share/julia/stdlib/v1.0/Pkg/src/API.jl:260 [inlined]
 [7] test at /buildworker/worker/package_linux64/build/usr/share/julia/stdlib/v1.0/Pkg/src/API.jl:260 [inlined]
 [8] #test#42 at /buildworker/worker/package_linux64/build/usr/share/julia/stdlib/v1.0/Pkg/src/API.jl:259 [inlined]
 [9] test at /buildworker/worker/package_linux64/build/usr/share/julia/stdlib/v1.0/Pkg/src/API.jl:259 [inlined]
 [10] #test#41 at /buildworker/worker/package_linux64/build/usr/share/julia/stdlib/v1.0/Pkg/src/API.jl:258 [inlined]
 [11] test(::String) at /buildworker/worker/package_linux64/build/usr/share/julia/stdlib/v1.0/Pkg/src/API.jl:258
 [12] top-level scope at none:0
