 Resolving package versions...
 Installed JSExpr ────────────────────── v0.5.1
 Installed DataAPI ───────────────────── v1.1.0
 Installed TableTraits ───────────────── v1.0.0
 Installed MbedTLS ───────────────────── v0.7.0
 Installed TableWidgets ──────────────── v0.0.3
 Installed WebIO ─────────────────────── v0.8.11
 Installed Colors ────────────────────── v0.9.6
 Installed Pidfile ───────────────────── v1.1.0
 Installed DataValueInterfaces ───────── v1.0.0
 Installed BinaryProvider ────────────── v0.5.8
 Installed FunctionalCollections ─────── v0.5.0
 Installed Requires ──────────────────── v0.5.2
 Installed Measures ──────────────────── v0.3.0
 Installed Reexport ──────────────────── v0.2.0
 Installed Widgets ───────────────────── v0.6.2
 Installed Observables ───────────────── v0.2.3
 Installed Tables ────────────────────── v0.2.11
 Installed Compat ────────────────────── v2.2.0
 Installed OrderedCollections ────────── v1.1.0
 Installed IterTools ─────────────────── v1.3.0
 Installed IniFile ───────────────────── v0.5.0
 Installed Knockout ──────────────────── v0.2.3
 Installed InteractBase ──────────────── v0.10.3
 Installed FixedPointNumbers ─────────── v0.6.1
 Installed DataStructures ────────────── v0.17.6
 Installed JSON ──────────────────────── v0.21.0
 Installed AssetRegistry ─────────────── v0.1.0
 Installed HTTP ──────────────────────── v0.8.8
 Installed Parsers ───────────────────── v0.3.10
 Installed InteractBulma ─────────────── v0.6.2
 Installed CSSUtil ───────────────────── v0.1.0
 Installed IteratorInterfaceExtensions ─ v1.0.0
 Installed WebSockets ────────────────── v1.5.2
 Installed ColorTypes ────────────────── v0.8.0
 Installed MacroTools ────────────────── v0.5.2
 Installed Sass ──────────────────────── v0.1.0
  Updating `~/.julia/environments/v1.2/Project.toml`
  [b97313a1] + TableWidgets v0.0.3
  Updating `~/.julia/environments/v1.2/Manifest.toml`
  [bf4720bc] + AssetRegistry v0.1.0
  [b99e7846] + BinaryProvider v0.5.8
  [70588ee8] + CSSUtil v0.1.0
  [3da002f7] + ColorTypes v0.8.0
  [5ae59095] + Colors v0.9.6
  [34da2185] + Compat v2.2.0
  [9a962f9c] + DataAPI v1.1.0
  [864edb3b] + DataStructures v0.17.6
  [e2d170a0] + DataValueInterfaces v1.0.0
  [53c48c17] + FixedPointNumbers v0.6.1
  [de31a74c] + FunctionalCollections v0.5.0
  [cd3eb016] + HTTP v0.8.8
  [83e8ac13] + IniFile v0.5.0
  [d3863d7c] + InteractBase v0.10.3
  [7981ab7d] + InteractBulma v0.6.2
  [c8e1da08] + IterTools v1.3.0
  [82899510] + IteratorInterfaceExtensions v1.0.0
  [97c1335a] + JSExpr v0.5.1
  [682c06a0] + JSON v0.21.0
  [bcebb21b] + Knockout v0.2.3
  [1914dd2f] + MacroTools v0.5.2
  [739be429] + MbedTLS v0.7.0
  [442fdcdd] + Measures v0.3.0
  [510215fc] + Observables v0.2.3
  [bac558e1] + OrderedCollections v1.1.0
  [69de0a69] + Parsers v0.3.10
  [fa939f87] + Pidfile v1.1.0
  [189a3867] + Reexport v0.2.0
  [ae029012] + Requires v0.5.2
  [322a6be2] + Sass v0.1.0
  [3783bdb8] + TableTraits v1.0.0
  [b97313a1] + TableWidgets v0.0.3
  [bd369af6] + Tables v0.2.11
  [0f1e0344] + WebIO v0.8.11
  [104b5d7c] + WebSockets v1.5.2
  [cc8bc4a8] + Widgets v0.6.2
  [2a0f44e3] + Base64 
  [ade2ca70] + Dates 
  [8bb1440f] + DelimitedFiles 
  [8ba89e20] + Distributed 
  [7b1f6079] + FileWatching 
  [b77e0a4c] + InteractiveUtils 
  [76f85450] + LibGit2 
  [8f399da3] + Libdl 
  [37e2e46d] + LinearAlgebra 
  [56ddb016] + Logging 
  [d6f4376e] + Markdown 
  [a63ad114] + Mmap 
  [44cfe95a] + Pkg 
  [de0858da] + Printf 
  [3fa0cd96] + REPL 
  [9a3f8284] + Random 
  [ea8e919c] + SHA 
  [9e88b42a] + Serialization 
  [1a1011a3] + SharedArrays 
  [6462fe0b] + Sockets 
  [2f01184e] + SparseArrays 
  [10745b16] + Statistics 
  [8dfed614] + Test 
  [cf7118a7] + UUIDs 
  [4ec0a83e] + Unicode 
  Building MbedTLS ──────→ `~/.julia/packages/MbedTLS/a1JFn/deps/build.log`
  Building Sass ─────────→ `~/.julia/packages/Sass/EZMlY/deps/build.log`
  Building WebIO ────────→ `~/.julia/packages/WebIO/2mZPb/deps/build.log`
  Building Knockout ─────→ `~/.julia/packages/Knockout/1sDlc/deps/build.log`
  Building InteractBase ─→ `~/.julia/packages/InteractBase/9mFwe/deps/build.log`
  Building InteractBulma → `~/.julia/packages/InteractBulma/8KoKP/deps/build.log`
   Testing TableWidgets
 Resolving package versions...
 Installed InvertedIndices ─── v1.0.0
 Installed Missings ────────── v0.4.3
 Installed PooledArrays ────── v0.5.2
 Installed SortingAlgorithms ─ v0.3.1
 Installed DataFrames ──────── v0.19.4
 Installed CategoricalArrays ─ v0.7.3
    Status `/tmp/jl_Jbv4bz/Manifest.toml`
  [bf4720bc] AssetRegistry v0.1.0
  [b99e7846] BinaryProvider v0.5.8
  [70588ee8] CSSUtil v0.1.0
  [324d7699] CategoricalArrays v0.7.3
  [3da002f7] ColorTypes v0.8.0
  [5ae59095] Colors v0.9.6
  [34da2185] Compat v2.2.0
  [9a962f9c] DataAPI v1.1.0
  [a93c6f00] DataFrames v0.19.4
  [864edb3b] DataStructures v0.17.6
  [e2d170a0] DataValueInterfaces v1.0.0
  [53c48c17] FixedPointNumbers v0.6.1
  [de31a74c] FunctionalCollections v0.5.0
  [cd3eb016] HTTP v0.8.8
  [83e8ac13] IniFile v0.5.0
  [d3863d7c] InteractBase v0.10.3
  [7981ab7d] InteractBulma v0.6.2
  [41ab1584] InvertedIndices v1.0.0
  [c8e1da08] IterTools v1.3.0
  [82899510] IteratorInterfaceExtensions v1.0.0
  [97c1335a] JSExpr v0.5.1
  [682c06a0] JSON v0.21.0
  [bcebb21b] Knockout v0.2.3
  [1914dd2f] MacroTools v0.5.2
  [739be429] MbedTLS v0.7.0
  [442fdcdd] Measures v0.3.0
  [e1d29d7a] Missings v0.4.3
  [510215fc] Observables v0.2.3
  [bac558e1] OrderedCollections v1.1.0
  [69de0a69] Parsers v0.3.10
  [fa939f87] Pidfile v1.1.0
  [2dfb63ee] PooledArrays v0.5.2
  [189a3867] Reexport v0.2.0
  [ae029012] Requires v0.5.2
  [322a6be2] Sass v0.1.0
  [a2af1166] SortingAlgorithms v0.3.1
  [3783bdb8] TableTraits v1.0.0
  [b97313a1] TableWidgets v0.0.3
  [bd369af6] Tables v0.2.11
  [0f1e0344] WebIO v0.8.11
  [104b5d7c] WebSockets v1.5.2
  [cc8bc4a8] Widgets v0.6.2
  [2a0f44e3] Base64  [`@stdlib/Base64`]
  [ade2ca70] Dates  [`@stdlib/Dates`]
  [8bb1440f] DelimitedFiles  [`@stdlib/DelimitedFiles`]
  [8ba89e20] Distributed  [`@stdlib/Distributed`]
  [7b1f6079] FileWatching  [`@stdlib/FileWatching`]
  [9fa8497b] Future  [`@stdlib/Future`]
  [b77e0a4c] InteractiveUtils  [`@stdlib/InteractiveUtils`]
  [76f85450] LibGit2  [`@stdlib/LibGit2`]
  [8f399da3] Libdl  [`@stdlib/Libdl`]
  [37e2e46d] LinearAlgebra  [`@stdlib/LinearAlgebra`]
  [56ddb016] Logging  [`@stdlib/Logging`]
  [d6f4376e] Markdown  [`@stdlib/Markdown`]
  [a63ad114] Mmap  [`@stdlib/Mmap`]
  [44cfe95a] Pkg  [`@stdlib/Pkg`]
  [de0858da] Printf  [`@stdlib/Printf`]
  [3fa0cd96] REPL  [`@stdlib/REPL`]
  [9a3f8284] Random  [`@stdlib/Random`]
  [ea8e919c] SHA  [`@stdlib/SHA`]
  [9e88b42a] Serialization  [`@stdlib/Serialization`]
  [1a1011a3] SharedArrays  [`@stdlib/SharedArrays`]
  [6462fe0b] Sockets  [`@stdlib/Sockets`]
  [2f01184e] SparseArrays  [`@stdlib/SparseArrays`]
  [10745b16] Statistics  [`@stdlib/Statistics`]
  [8dfed614] Test  [`@stdlib/Test`]
  [cf7118a7] UUIDs  [`@stdlib/UUIDs`]
  [4ec0a83e] Unicode  [`@stdlib/Unicode`]
Test Summary: | Pass  Total
selector      |    6      6
Test Summary: | Pass  Total
undo          |    3      3
Test Summary: | Pass  Total
table         |    2      2
   Testing TableWidgets tests passed 
