 Resolving package versions...
 Installed LegibleLambdas ─────── v0.2.0
 Installed Missings ───────────── v0.4.3
 Installed DataAPI ────────────── v1.1.0
 Installed URIParser ──────────── v0.4.0
 Installed TupleTools ─────────── v1.2.0
 Installed YaoSym ─────────────── v0.2.1
 Installed BinaryProvider ─────── v0.5.8
 Installed StatsBase ──────────── v0.32.0
 Installed CacheServers ───────── v0.2.0
 Installed ExponentialUtilities ─ v1.5.1
 Installed SymEngine ──────────── v0.7.0
 Installed Compat ─────────────── v2.2.0
 Installed MLStyle ────────────── v0.3.1
 Installed YaoBlocks ──────────── v0.7.5
 Installed YaoArrayRegister ───── v0.5.2
 Installed OrderedCollections ─── v1.1.0
 Installed RecipesBase ────────── v0.7.0
 Installed LuxurySparse ───────── v0.5.0
 Installed YaoBase ────────────── v0.12.1
 Installed FillArrays ─────────── v0.8.2
 Installed SimpleTraits ───────── v0.9.1
 Installed BitBasis ───────────── v0.6.0
 Installed StaticArrays ───────── v0.12.1
 Installed DataStructures ─────── v0.17.6
 Installed SortingAlgorithms ──── v0.3.1
 Installed MacroTools ─────────── v0.5.2
 Installed SpecialFunctions ───── v0.8.0
 Installed BinDeps ────────────── v0.8.10
  Updating `~/.julia/environments/v1.2/Project.toml`
  [3b27209a] + YaoSym v0.2.1
  Updating `~/.julia/environments/v1.2/Manifest.toml`
  [9e28174c] + BinDeps v0.8.10
  [b99e7846] + BinaryProvider v0.5.8
  [50ba71b6] + BitBasis v0.6.0
  [a921213e] + CacheServers v0.2.0
  [34da2185] + Compat v2.2.0
  [9a962f9c] + DataAPI v1.1.0
  [864edb3b] + DataStructures v0.17.6
  [d4d017d3] + ExponentialUtilities v1.5.1
  [1a297f60] + FillArrays v0.8.2
  [f1f30506] + LegibleLambdas v0.2.0
  [d05aeea4] + LuxurySparse v0.5.0
  [d8e11817] + MLStyle v0.3.1
  [1914dd2f] + MacroTools v0.5.2
  [e1d29d7a] + Missings v0.4.3
  [bac558e1] + OrderedCollections v1.1.0
  [3cdcf5f2] + RecipesBase v0.7.0
  [699a6c99] + SimpleTraits v0.9.1
  [a2af1166] + SortingAlgorithms v0.3.1
  [276daf66] + SpecialFunctions v0.8.0
  [90137ffa] + StaticArrays v0.12.1
  [2913bbd2] + StatsBase v0.32.0
  [123dc426] + SymEngine v0.7.0
  [9d95972d] + TupleTools v1.2.0
  [30578b45] + URIParser v0.4.0
  [e600142f] + YaoArrayRegister v0.5.2
  [a8f54c17] + YaoBase v0.12.1
  [418bc28f] + YaoBlocks v0.7.5
  [3b27209a] + YaoSym v0.2.1
  [2a0f44e3] + Base64 
  [ade2ca70] + Dates 
  [8bb1440f] + DelimitedFiles 
  [8ba89e20] + Distributed 
  [b77e0a4c] + InteractiveUtils 
  [76f85450] + LibGit2 
  [8f399da3] + Libdl 
  [37e2e46d] + LinearAlgebra 
  [56ddb016] + Logging 
  [d6f4376e] + Markdown 
  [a63ad114] + Mmap 
  [44cfe95a] + Pkg 
  [de0858da] + Printf 
  [3fa0cd96] + REPL 
  [9a3f8284] + Random 
  [ea8e919c] + SHA 
  [9e88b42a] + Serialization 
  [1a1011a3] + SharedArrays 
  [6462fe0b] + Sockets 
  [2f01184e] + SparseArrays 
  [10745b16] + Statistics 
  [8dfed614] + Test 
  [cf7118a7] + UUIDs 
  [4ec0a83e] + Unicode 
  Building SpecialFunctions → `~/.julia/packages/SpecialFunctions/ne2iw/deps/build.log`
  Building SymEngine ───────→ `~/.julia/packages/SymEngine/zSUGO/deps/build.log`
   Testing YaoSym
 Resolving package versions...
    Status `/tmp/jl_svSZPH/Manifest.toml`
  [9e28174c] BinDeps v0.8.10
  [b99e7846] BinaryProvider v0.5.8
  [50ba71b6] BitBasis v0.6.0
  [a921213e] CacheServers v0.2.0
  [34da2185] Compat v2.2.0
  [9a962f9c] DataAPI v1.1.0
  [864edb3b] DataStructures v0.17.6
  [d4d017d3] ExponentialUtilities v1.5.1
  [1a297f60] FillArrays v0.8.2
  [f1f30506] LegibleLambdas v0.2.0
  [d05aeea4] LuxurySparse v0.5.0
  [d8e11817] MLStyle v0.3.1
  [1914dd2f] MacroTools v0.5.2
  [e1d29d7a] Missings v0.4.3
  [bac558e1] OrderedCollections v1.1.0
  [3cdcf5f2] RecipesBase v0.7.0
  [699a6c99] SimpleTraits v0.9.1
  [a2af1166] SortingAlgorithms v0.3.1
  [276daf66] SpecialFunctions v0.8.0
  [90137ffa] StaticArrays v0.12.1
  [2913bbd2] StatsBase v0.32.0
  [123dc426] SymEngine v0.7.0
  [9d95972d] TupleTools v1.2.0
  [30578b45] URIParser v0.4.0
  [e600142f] YaoArrayRegister v0.5.2
  [a8f54c17] YaoBase v0.12.1
  [418bc28f] YaoBlocks v0.7.5
  [3b27209a] YaoSym v0.2.1
  [2a0f44e3] Base64  [`@stdlib/Base64`]
  [ade2ca70] Dates  [`@stdlib/Dates`]
  [8bb1440f] DelimitedFiles  [`@stdlib/DelimitedFiles`]
  [8ba89e20] Distributed  [`@stdlib/Distributed`]
  [b77e0a4c] InteractiveUtils  [`@stdlib/InteractiveUtils`]
  [76f85450] LibGit2  [`@stdlib/LibGit2`]
  [8f399da3] Libdl  [`@stdlib/Libdl`]
  [37e2e46d] LinearAlgebra  [`@stdlib/LinearAlgebra`]
  [56ddb016] Logging  [`@stdlib/Logging`]
  [d6f4376e] Markdown  [`@stdlib/Markdown`]
  [a63ad114] Mmap  [`@stdlib/Mmap`]
  [44cfe95a] Pkg  [`@stdlib/Pkg`]
  [de0858da] Printf  [`@stdlib/Printf`]
  [3fa0cd96] REPL  [`@stdlib/REPL`]
  [9a3f8284] Random  [`@stdlib/Random`]
  [ea8e919c] SHA  [`@stdlib/SHA`]
  [9e88b42a] Serialization  [`@stdlib/Serialization`]
  [1a1011a3] SharedArrays  [`@stdlib/SharedArrays`]
  [6462fe0b] Sockets  [`@stdlib/Sockets`]
  [2f01184e] SparseArrays  [`@stdlib/SparseArrays`]
  [10745b16] Statistics  [`@stdlib/Statistics`]
  [8dfed614] Test  [`@stdlib/Test`]
  [cf7118a7] UUIDs  [`@stdlib/UUIDs`]
  [4ec0a83e] Unicode  [`@stdlib/Unicode`]
|001⟩⟨001|⟨101| + ⟨111|Test Summary: | Pass  Total
register      |   10     10
Test Summary: | Pass  Broken  Total
symengine     |   48       1     49
   Testing YaoSym tests passed 
