 Resolving package versions...
 Installed Twiddle ─ v1.1.0
  Updating `~/.julia/environments/v1.0/Project.toml`
  [7200193e] + Twiddle v1.1.0
  Updating `~/.julia/environments/v1.0/Manifest.toml`
  [7200193e] + Twiddle v1.1.0
  [2a0f44e3] + Base64 
  [8ba89e20] + Distributed 
  [b77e0a4c] + InteractiveUtils 
  [8f399da3] + Libdl 
  [37e2e46d] + LinearAlgebra 
  [56ddb016] + Logging 
  [d6f4376e] + Markdown 
  [9a3f8284] + Random 
  [9e88b42a] + Serialization 
  [6462fe0b] + Sockets 
  [8dfed614] + Test 
   Testing Twiddle
    Status `/tmp/tmpRnAHUk/Manifest.toml`
  [7200193e] Twiddle v1.1.0
  [2a0f44e3] Base64  [`@stdlib/Base64`]
  [8ba89e20] Distributed  [`@stdlib/Distributed`]
  [b77e0a4c] InteractiveUtils  [`@stdlib/InteractiveUtils`]
  [8f399da3] Libdl  [`@stdlib/Libdl`]
  [37e2e46d] LinearAlgebra  [`@stdlib/LinearAlgebra`]
  [56ddb016] Logging  [`@stdlib/Logging`]
  [d6f4376e] Markdown  [`@stdlib/Markdown`]
  [9a3f8284] Random  [`@stdlib/Random`]
  [9e88b42a] Serialization  [`@stdlib/Serialization`]
  [6462fe0b] Sockets  [`@stdlib/Sockets`]
  [8dfed614] Test  [`@stdlib/Test`]
┌ Warning: repeatbyte is deprecated, use repeatpattern instead
│   caller = count_01_bitpairs(::UInt64) at counting.jl:79
└ @ Twiddle ~/.julia/packages/Twiddle/MbfXo/src/counting.jl:79
┌ Warning: repeatbyte is deprecated, use repeatpattern instead
│   caller = count_10_bitpairs(::UInt64) at counting.jl:94
└ @ Twiddle ~/.julia/packages/Twiddle/MbfXo/src/counting.jl:94
Test Summary: | Pass  Total
Counting      |   22     22
Test Summary:       | Pass  Total
Enumerating nibbles |    5      5
┌ Warning: repeatbyte is deprecated, use repeatpattern instead
│   caller = macro expansion at runtests.jl:65 [inlined]
└ @ Core ~/.julia/packages/Twiddle/MbfXo/test/runtests.jl:65
Test Summary:   | Pass  Total
Masking nibbles |    5      5
Test Summary: | Pass  Total
masking bits  |    3      3
Test Summary: | Pass  Total
Swapping bits |    4      4
   Testing Twiddle tests passed 
