 Resolving package versions...
 Installed Missings ──────────────────── v0.4.3
 Installed DataValueInterfaces ───────── v1.0.0
 Installed DataAPI ───────────────────── v1.1.0
 Installed TableTraitsUtils ──────────── v1.0.1
 Installed TableTraits ───────────────── v1.0.0
 Installed IteratorInterfaceExtensions ─ v1.0.0
 Installed DataValues ────────────────── v0.4.12
  Updating `~/.julia/environments/v1.0/Project.toml`
  [382cd787] + TableTraitsUtils v1.0.1
  Updating `~/.julia/environments/v1.0/Manifest.toml`
  [9a962f9c] + DataAPI v1.1.0
  [e2d170a0] + DataValueInterfaces v1.0.0
  [e7dc6d0d] + DataValues v0.4.12
  [82899510] + IteratorInterfaceExtensions v1.0.0
  [e1d29d7a] + Missings v0.4.3
  [3783bdb8] + TableTraits v1.0.0
  [382cd787] + TableTraitsUtils v1.0.1
  [ade2ca70] + Dates 
  [de0858da] + Printf 
  [4ec0a83e] + Unicode 
   Testing TableTraitsUtils
 Resolving package versions...
    Status `/tmp/tmplVVXvD/Manifest.toml`
  [9a962f9c] DataAPI v1.1.0
  [e2d170a0] DataValueInterfaces v1.0.0
  [e7dc6d0d] DataValues v0.4.12
  [82899510] IteratorInterfaceExtensions v1.0.0
  [e1d29d7a] Missings v0.4.3
  [3783bdb8] TableTraits v1.0.0
  [382cd787] TableTraitsUtils v1.0.1
  [2a0f44e3] Base64  [`@stdlib/Base64`]
  [ade2ca70] Dates  [`@stdlib/Dates`]
  [8ba89e20] Distributed  [`@stdlib/Distributed`]
  [b77e0a4c] InteractiveUtils  [`@stdlib/InteractiveUtils`]
  [8f399da3] Libdl  [`@stdlib/Libdl`]
  [37e2e46d] LinearAlgebra  [`@stdlib/LinearAlgebra`]
  [56ddb016] Logging  [`@stdlib/Logging`]
  [d6f4376e] Markdown  [`@stdlib/Markdown`]
  [de0858da] Printf  [`@stdlib/Printf`]
  [9a3f8284] Random  [`@stdlib/Random`]
  [9e88b42a] Serialization  [`@stdlib/Serialization`]
  [6462fe0b] Sockets  [`@stdlib/Sockets`]
  [8dfed614] Test  [`@stdlib/Test`]
  [4ec0a83e] Unicode  [`@stdlib/Unicode`]
Test Summary:    | Pass  Total
TableTraitsUtils |   48     48
   Testing TableTraitsUtils tests passed 
