 Resolving package versions...
 Installed Arpack ───────── v0.3.1
 Installed BinaryProvider ─ v0.5.8
  Updating `~/.julia/environments/v1.0/Project.toml`
  [7d9fca2a] + Arpack v0.3.1
  Updating `~/.julia/environments/v1.0/Manifest.toml`
  [7d9fca2a] + Arpack v0.3.1
  [b99e7846] + BinaryProvider v0.5.8
  [8f399da3] + Libdl 
  [37e2e46d] + LinearAlgebra 
  [ea8e919c] + SHA 
  Building Arpack → `~/.julia/packages/Arpack/cu5By/deps/build.log`
   Testing Arpack
 Resolving package versions...
    Status `/tmp/tmpPhNJsu/Manifest.toml`
  [7d9fca2a] Arpack v0.3.1
  [b99e7846] BinaryProvider v0.5.8
  [2a0f44e3] Base64  [`@stdlib/Base64`]
  [8ba89e20] Distributed  [`@stdlib/Distributed`]
  [b77e0a4c] InteractiveUtils  [`@stdlib/InteractiveUtils`]
  [8f399da3] Libdl  [`@stdlib/Libdl`]
  [37e2e46d] LinearAlgebra  [`@stdlib/LinearAlgebra`]
  [56ddb016] Logging  [`@stdlib/Logging`]
  [d6f4376e] Markdown  [`@stdlib/Markdown`]
  [9a3f8284] Random  [`@stdlib/Random`]
  [ea8e919c] SHA  [`@stdlib/SHA`]
  [9e88b42a] Serialization  [`@stdlib/Serialization`]
  [6462fe0b] Sockets  [`@stdlib/Sockets`]
  [2f01184e] SparseArrays  [`@stdlib/SparseArrays`]
  [8dfed614] Test  [`@stdlib/Test`]
Test Summary: | Pass  Total
eigs          |   56     56
Test Summary: | Pass  Total
real svds     |  189    189
Test Summary: | Pass  Total
complex svds  |    7      7
Test Summary: | Pass  Total
promotion     |    3      3
Test Summary:               | Pass  Total
svds for non-AbstractMatrix |    1      1
Test Summary: | Pass  Broken  Total
low rank      |   15       3     18
   Testing Arpack tests passed 
