 Resolving package versions...
 Installed LazyWAVFiles ─ v0.1.0
 Installed WAV ────────── v1.0.3
 Installed FileIO ─────── v1.0.7
  Updating `~/.julia/environments/v1.0/Project.toml`
  [82ba68a1] + LazyWAVFiles v0.1.0
  Updating `~/.julia/environments/v1.0/Manifest.toml`
  [5789e2e9] + FileIO v1.0.7
  [82ba68a1] + LazyWAVFiles v0.1.0
  [8149f6b0] + WAV v1.0.3
  [2a0f44e3] + Base64 
  [ade2ca70] + Dates 
  [b77e0a4c] + InteractiveUtils 
  [76f85450] + LibGit2 
  [8f399da3] + Libdl 
  [37e2e46d] + LinearAlgebra 
  [56ddb016] + Logging 
  [d6f4376e] + Markdown 
  [44cfe95a] + Pkg 
  [de0858da] + Printf 
  [3fa0cd96] + REPL 
  [9a3f8284] + Random 
  [ea8e919c] + SHA 
  [9e88b42a] + Serialization 
  [6462fe0b] + Sockets 
  [cf7118a7] + UUIDs 
  [4ec0a83e] + Unicode 
   Testing LazyWAVFiles
 Resolving package versions...
    Status `/tmp/tmpEeT45F/Manifest.toml`
  [5789e2e9] FileIO v1.0.7
  [82ba68a1] LazyWAVFiles v0.1.0
  [8149f6b0] WAV v1.0.3
  [2a0f44e3] Base64  [`@stdlib/Base64`]
  [ade2ca70] Dates  [`@stdlib/Dates`]
  [8ba89e20] Distributed  [`@stdlib/Distributed`]
  [b77e0a4c] InteractiveUtils  [`@stdlib/InteractiveUtils`]
  [76f85450] LibGit2  [`@stdlib/LibGit2`]
  [8f399da3] Libdl  [`@stdlib/Libdl`]
  [37e2e46d] LinearAlgebra  [`@stdlib/LinearAlgebra`]
  [56ddb016] Logging  [`@stdlib/Logging`]
  [d6f4376e] Markdown  [`@stdlib/Markdown`]
  [44cfe95a] Pkg  [`@stdlib/Pkg`]
  [de0858da] Printf  [`@stdlib/Printf`]
  [3fa0cd96] REPL  [`@stdlib/REPL`]
  [9a3f8284] Random  [`@stdlib/Random`]
  [ea8e919c] SHA  [`@stdlib/SHA`]
  [9e88b42a] Serialization  [`@stdlib/Serialization`]
  [6462fe0b] Sockets  [`@stdlib/Sockets`]
  [8dfed614] Test  [`@stdlib/Test`]
  [cf7118a7] UUIDs  [`@stdlib/UUIDs`]
  [4ec0a83e] Unicode  [`@stdlib/Unicode`]
20-element DistributedWAVFile{Float32,1}:
  0.31562245
  1.4093564 
 -0.4986436 
  0.9425366 
 -1.1168082 
 -0.9258106 
  0.41754767
  1.0818026 
 -0.97443235
  1.4162093 
  0.29628503
 -0.9569356 
 -0.7673295 
 -1.6768848 
  0.10990072
  0.22981285
  1.5745072 
  1.8144268 
 -1.4316986 
 -0.3747237610-element LazyWAVFile{Float32,1,Tuple{Int64}}:
  0.31562245
  1.4093564 
 -0.4986436 
  0.9425366 
 -1.1168082 
 -0.9258106 
  0.41754767
  1.0818026 
 -0.97443235
  1.4162093    Testing LazyWAVFiles tests passed 
