 Resolving package versions...
 Installed Missings ─────────── v0.4.3
 Installed DataAPI ──────────── v1.1.0
 Installed Showoff ──────────── v0.3.1
 Installed PDMats ───────────── v0.9.10
 Installed MCMCChain ────────── v0.2.3
 Installed StatsFuns ────────── v0.9.0
 Installed BinaryProvider ───── v0.5.8
 Installed StatsBase ────────── v0.32.0
 Installed URIParser ────────── v0.4.0
 Installed Rmath ────────────── v0.5.1
 Installed RecipesBase ──────── v0.7.0
 Installed QuadGK ───────────── v2.1.1
 Installed Compat ───────────── v2.2.0
 Installed DataStructures ───── v0.17.6
 Installed OrderedCollections ─ v1.1.0
 Installed Distributions ────── v0.21.8
 Installed SortingAlgorithms ── v0.3.1
 Installed BinDeps ──────────── v0.8.10
 Installed SpecialFunctions ─── v0.8.0
 Installed Arpack ───────────── v0.3.1
  Updating `~/.julia/environments/v1.2/Project.toml`
  [1671dc4f] + MCMCChain v0.2.3
  Updating `~/.julia/environments/v1.2/Manifest.toml`
  [7d9fca2a] + Arpack v0.3.1
  [9e28174c] + BinDeps v0.8.10
  [b99e7846] + BinaryProvider v0.5.8
  [34da2185] + Compat v2.2.0
  [9a962f9c] + DataAPI v1.1.0
  [864edb3b] + DataStructures v0.17.6
  [31c24e10] + Distributions v0.21.8
  [1671dc4f] + MCMCChain v0.2.3
  [e1d29d7a] + Missings v0.4.3
  [bac558e1] + OrderedCollections v1.1.0
  [90014a1f] + PDMats v0.9.10
  [1fd47b50] + QuadGK v2.1.1
  [3cdcf5f2] + RecipesBase v0.7.0
  [79098fc4] + Rmath v0.5.1
  [992d4aef] + Showoff v0.3.1
  [a2af1166] + SortingAlgorithms v0.3.1
  [276daf66] + SpecialFunctions v0.8.0
  [2913bbd2] + StatsBase v0.32.0
  [4c63d2b9] + StatsFuns v0.9.0
  [30578b45] + URIParser v0.4.0
  [2a0f44e3] + Base64 
  [ade2ca70] + Dates 
  [8bb1440f] + DelimitedFiles 
  [8ba89e20] + Distributed 
  [b77e0a4c] + InteractiveUtils 
  [76f85450] + LibGit2 
  [8f399da3] + Libdl 
  [37e2e46d] + LinearAlgebra 
  [56ddb016] + Logging 
  [d6f4376e] + Markdown 
  [a63ad114] + Mmap 
  [44cfe95a] + Pkg 
  [de0858da] + Printf 
  [3fa0cd96] + REPL 
  [9a3f8284] + Random 
  [ea8e919c] + SHA 
  [9e88b42a] + Serialization 
  [1a1011a3] + SharedArrays 
  [6462fe0b] + Sockets 
  [2f01184e] + SparseArrays 
  [10745b16] + Statistics 
  [4607b0f0] + SuiteSparse 
  [8dfed614] + Test 
  [cf7118a7] + UUIDs 
  [4ec0a83e] + Unicode 
  Building Rmath ───────────→ `~/.julia/packages/Rmath/4wt82/deps/build.log`
  Building SpecialFunctions → `~/.julia/packages/SpecialFunctions/ne2iw/deps/build.log`
  Building Arpack ──────────→ `~/.julia/packages/Arpack/cu5By/deps/build.log`
   Testing MCMCChain
    Status `/tmp/jl_ppLTlP/Manifest.toml`
  [7d9fca2a] Arpack v0.3.1
  [9e28174c] BinDeps v0.8.10
  [b99e7846] BinaryProvider v0.5.8
  [34da2185] Compat v2.2.0
  [9a962f9c] DataAPI v1.1.0
  [864edb3b] DataStructures v0.17.6
  [31c24e10] Distributions v0.21.8
  [1671dc4f] MCMCChain v0.2.3
  [e1d29d7a] Missings v0.4.3
  [bac558e1] OrderedCollections v1.1.0
  [90014a1f] PDMats v0.9.10
  [1fd47b50] QuadGK v2.1.1
  [3cdcf5f2] RecipesBase v0.7.0
  [79098fc4] Rmath v0.5.1
  [992d4aef] Showoff v0.3.1
  [a2af1166] SortingAlgorithms v0.3.1
  [276daf66] SpecialFunctions v0.8.0
  [2913bbd2] StatsBase v0.32.0
  [4c63d2b9] StatsFuns v0.9.0
  [30578b45] URIParser v0.4.0
  [2a0f44e3] Base64  [`@stdlib/Base64`]
  [ade2ca70] Dates  [`@stdlib/Dates`]
  [8bb1440f] DelimitedFiles  [`@stdlib/DelimitedFiles`]
  [8ba89e20] Distributed  [`@stdlib/Distributed`]
  [b77e0a4c] InteractiveUtils  [`@stdlib/InteractiveUtils`]
  [76f85450] LibGit2  [`@stdlib/LibGit2`]
  [8f399da3] Libdl  [`@stdlib/Libdl`]
  [37e2e46d] LinearAlgebra  [`@stdlib/LinearAlgebra`]
  [56ddb016] Logging  [`@stdlib/Logging`]
  [d6f4376e] Markdown  [`@stdlib/Markdown`]
  [a63ad114] Mmap  [`@stdlib/Mmap`]
  [44cfe95a] Pkg  [`@stdlib/Pkg`]
  [de0858da] Printf  [`@stdlib/Printf`]
  [3fa0cd96] REPL  [`@stdlib/REPL`]
  [9a3f8284] Random  [`@stdlib/Random`]
  [ea8e919c] SHA  [`@stdlib/SHA`]
  [9e88b42a] Serialization  [`@stdlib/Serialization`]
  [1a1011a3] SharedArrays  [`@stdlib/SharedArrays`]
  [6462fe0b] Sockets  [`@stdlib/Sockets`]
  [2f01184e] SparseArrays  [`@stdlib/SparseArrays`]
  [10745b16] Statistics  [`@stdlib/Statistics`]
  [4607b0f0] SuiteSparse  [`@stdlib/SuiteSparse`]
  [8dfed614] Test  [`@stdlib/Test`]
  [cf7118a7] UUIDs  [`@stdlib/UUIDs`]
  [4ec0a83e] Unicode  [`@stdlib/Unicode`]
  Updating registry at `~/.julia/registries/General`
  Updating git-repo `https://github.com/JuliaRegistries/General.git`
[?25l[2K[?25h┌ Warning: Some registries failed to update:
│     — /root/.julia/registries/General — failed to fetch from repo
└ @ Pkg.Types /buildworker/worker/package_linux64/build/usr/share/julia/stdlib/v1.2/Pkg/src/Types.jl:1171
 Resolving package versions...
 Installed StatsPlots ────────────────── v0.12.0
 Installed TableTraits ───────────────── v1.0.0
 Installed AbstractFFTs ──────────────── v0.5.0
 Installed Plots ─────────────────────── v0.27.0
 Installed LineSearches ──────────────── v7.0.1
 Installed NearestNeighbors ──────────── v0.4.3
 Installed Contour ───────────────────── v0.5.1
 Installed Colors ────────────────────── v0.9.6
 Installed Requires ──────────────────── v0.5.2
 Installed Conda ─────────────────────── v1.3.0
 Installed Measures ──────────────────── v0.3.0
 Installed Reexport ──────────────────── v0.2.0
 Installed CommonSubexpressions ──────── v0.2.0
 Installed NLSolversBase ─────────────── v7.5.0
 Installed AxisAlgorithms ────────────── v1.0.0
 Installed DataValueInterfaces ───────── v1.0.0
 Installed OffsetArrays ──────────────── v0.11.1
 Installed Widgets ───────────────────── v0.6.2
 Installed Observables ───────────────── v0.2.3
 Installed ForwardDiff ───────────────── v0.10.6
 Installed Tables ────────────────────── v0.2.11
 Installed Calculus ──────────────────── v0.5.1
 Installed IterTools ─────────────────── v1.3.0
 Installed KernelDensity ─────────────── v0.5.1
 Installed FixedPointNumbers ─────────── v0.6.1
 Installed DiffRules ─────────────────── v0.1.0
 Installed FillArrays ────────────────── v0.7.4
 Installed DiffEqDiffTools ───────────── v1.4.0
 Installed FFMPEG ────────────────────── v0.2.3
 Installed Parsers ───────────────────── v0.3.10
 Installed JSON ──────────────────────── v0.21.0
 Installed NaNMath ───────────────────── v0.3.3
 Installed ArrayInterface ────────────── v1.2.1
 Installed DiffResults ───────────────── v0.0.4
 Installed Ratios ────────────────────── v0.3.1
 Installed StaticArrays ──────────────── v0.12.1
 Installed FFTW ──────────────────────── v1.1.0
 Installed IteratorInterfaceExtensions ─ v1.0.0
 Installed Parameters ────────────────── v0.12.0
 Installed DataValues ────────────────── v0.4.12
 Installed WoodburyMatrices ──────────── v0.4.1
 Installed GeometryTypes ─────────────── v0.7.6
 Installed PlotUtils ─────────────────── v0.6.1
 Installed VersionParsing ────────────── v1.1.3
 Installed Distances ─────────────────── v0.8.2
 Installed PlotThemes ────────────────── v0.4.0
 Installed ColorTypes ────────────────── v0.8.0
 Installed PositiveFactorizations ────── v0.2.3
 Installed Clustering ────────────────── v0.13.3
 Installed Optim ─────────────────────── v0.19.4
 Installed Interpolations ────────────── v0.12.5
 Installed GR ────────────────────────── v0.42.0
  Updating `/tmp/jl_ppLTlP/Project.toml`
  [91a5bcdd] + Plots v0.27.0
  [f3b207a7] + StatsPlots v0.12.0
  Updating `/tmp/jl_ppLTlP/Manifest.toml`
  [621f4979] + AbstractFFTs v0.5.0
  [4fba245c] + ArrayInterface v1.2.1
  [13072b0f] + AxisAlgorithms v1.0.0
  [49dc2e85] + Calculus v0.5.1
  [aaaa29a8] + Clustering v0.13.3
  [3da002f7] + ColorTypes v0.8.0
  [5ae59095] + Colors v0.9.6
  [bbf7d656] + CommonSubexpressions v0.2.0
  [8f4d0f93] + Conda v1.3.0
  [d38c429a] + Contour v0.5.1
  [e2d170a0] + DataValueInterfaces v1.0.0
  [e7dc6d0d] + DataValues v0.4.12
  [01453d9d] + DiffEqDiffTools v1.4.0
  [163ba53b] + DiffResults v0.0.4
  [b552c78f] + DiffRules v0.1.0
  [b4f34e82] + Distances v0.8.2
  [c87230d0] + FFMPEG v0.2.3
  [7a1cc6ca] + FFTW v1.1.0
  [1a297f60] + FillArrays v0.7.4
  [53c48c17] + FixedPointNumbers v0.6.1
  [f6369f11] + ForwardDiff v0.10.6
  [28b8d3ca] + GR v0.42.0
  [4d00f742] + GeometryTypes v0.7.6
  [a98d9a8b] + Interpolations v0.12.5
  [c8e1da08] + IterTools v1.3.0
  [82899510] + IteratorInterfaceExtensions v1.0.0
  [682c06a0] + JSON v0.21.0
  [5ab0869b] + KernelDensity v0.5.1
  [d3d80556] + LineSearches v7.0.1
  [442fdcdd] + Measures v0.3.0
  [d41bc354] + NLSolversBase v7.5.0
  [77ba4419] + NaNMath v0.3.3
  [b8a86587] + NearestNeighbors v0.4.3
  [510215fc] + Observables v0.2.3
  [6fe1bfb0] + OffsetArrays v0.11.1
  [429524aa] + Optim v0.19.4
  [d96e819e] + Parameters v0.12.0
  [69de0a69] + Parsers v0.3.10
  [ccf2f8ad] + PlotThemes v0.4.0
  [995b91a9] + PlotUtils v0.6.1
  [91a5bcdd] + Plots v0.27.0
  [85a6dd25] + PositiveFactorizations v0.2.3
  [c84ed2f1] + Ratios v0.3.1
  [189a3867] + Reexport v0.2.0
  [ae029012] + Requires v0.5.2
  [90137ffa] + StaticArrays v0.12.1
  [f3b207a7] + StatsPlots v0.12.0
  [3783bdb8] + TableTraits v1.0.0
  [bd369af6] + Tables v0.2.11
  [81def892] + VersionParsing v1.1.3
  [cc8bc4a8] + Widgets v0.6.2
  [efce3f68] + WoodburyMatrices v0.4.1
  [2a0f44e3] ~ Base64  [`@stdlib/Base64`] ⇒ 
  [ade2ca70] ~ Dates  [`@stdlib/Dates`] ⇒ 
  [8bb1440f] ~ DelimitedFiles  [`@stdlib/DelimitedFiles`] ⇒ 
  [8ba89e20] ~ Distributed  [`@stdlib/Distributed`] ⇒ 
  [b77e0a4c] ~ InteractiveUtils  [`@stdlib/InteractiveUtils`] ⇒ 
  [76f85450] ~ LibGit2  [`@stdlib/LibGit2`] ⇒ 
  [8f399da3] ~ Libdl  [`@stdlib/Libdl`] ⇒ 
  [56ddb016] ~ Logging  [`@stdlib/Logging`] ⇒ 
  [d6f4376e] ~ Markdown  [`@stdlib/Markdown`] ⇒ 
  [a63ad114] ~ Mmap  [`@stdlib/Mmap`] ⇒ 
  [de0858da] ~ Printf  [`@stdlib/Printf`] ⇒ 
  [3fa0cd96] ~ REPL  [`@stdlib/REPL`] ⇒ 
  [9a3f8284] ~ Random  [`@stdlib/Random`] ⇒ 
  [ea8e919c] ~ SHA  [`@stdlib/SHA`] ⇒ 
  [1a1011a3] ~ SharedArrays  [`@stdlib/SharedArrays`] ⇒ 
  [6462fe0b] ~ Sockets  [`@stdlib/Sockets`] ⇒ 
  [2f01184e] ~ SparseArrays  [`@stdlib/SparseArrays`] ⇒ 
  [10745b16] ~ Statistics  [`@stdlib/Statistics`] ⇒ 
  [4607b0f0] ~ SuiteSparse  [`@stdlib/SuiteSparse`] ⇒ 
  [cf7118a7] ~ UUIDs  [`@stdlib/UUIDs`] ⇒ 
  [4ec0a83e] ~ Unicode  [`@stdlib/Unicode`] ⇒ 
  Building GR ────→ `~/.julia/packages/GR/f1Iqi/deps/build.log`
  Building FFMPEG → `~/.julia/packages/FFMPEG/bkWgb/deps/build.log`
  Building Plots ─→ `~/.julia/packages/Plots/Iuc9S/deps/build.log`
  Building Conda ─→ `~/.julia/packages/Conda/kLXeC/deps/build.log`
  Building FFTW ──→ `~/.julia/packages/FFTW/loJ3F/deps/build.log`
/root/.julia/packages/GR/f1Iqi/src/../deps/gr/bin/gksqt: error while loading shared libraries: libQt5Widgets.so.5: cannot open shared object file: No such file or directory
connect: Connection refused
GKS: can't connect to GKS socket application
Did you start 'gksqt'?

GKS: Open failed in routine OPEN_WS
GKS: GKS not in proper state. GKS must be either in the state WSOP or WSAC in routine ACTIVATE_WS
Test Summary:  | Pass  Total
Plotting tests |   11     11
Test Summary:          | Pass  Total
basic chains functions |   10     10
┌ Warning: At least 3746 samples are needed for specified q, r, and s
└ @ MCMCChain ~/.julia/packages/MCMCChain/PSRXh/src/rafterydiag.jl:16
┌ Warning: At least 3746 samples are needed for specified q, r, and s
└ @ MCMCChain ~/.julia/packages/MCMCChain/PSRXh/src/rafterydiag.jl:16
Test Summary:  | Pass  Total
function tests |    8      8
Test Summary: | Pass  Total
File IO       |    1      1
Test Summary: | Pass  Total
utils         |    1      1
Test Summary: | Pass  Total
stats         |    2      2
Test Summary:        | Pass  Total
diagnostic functions |    5      5
   Testing MCMCChain tests passed 
