 Resolving package versions...
 Installed InvertedIndices ────────────────────── v1.0.0
 Installed Reexport ───────────────────────────── v0.2.0
 Installed Parsers ────────────────────────────── v0.3.10
 Installed IteratorInterfaceExtensions ────────── v1.0.0
 Installed Arpack ─────────────────────────────── v0.3.1
 Installed DataStructures ─────────────────────── v0.17.6
 Installed BinaryProvider ─────────────────────── v0.5.8
 Installed ValueOrientedRiskManagementInsurance ─ v1.0.0
 Installed DataAPI ────────────────────────────── v1.1.0
 Installed BinDeps ────────────────────────────── v0.8.10
 Installed DataValueInterfaces ────────────────── v1.0.0
 Installed PDMats ─────────────────────────────── v0.9.10
 Installed URIParser ──────────────────────────── v0.4.0
 Installed JSON ───────────────────────────────── v0.21.0
 Installed SpecialFunctions ───────────────────── v0.8.0
 Installed Distributions ──────────────────────── v0.21.8
 Installed SortingAlgorithms ──────────────────── v0.3.1
 Installed PooledArrays ───────────────────────── v0.5.2
 Installed Missings ───────────────────────────── v0.4.3
 Installed DataArrays ─────────────────────────── v0.7.0
 Installed OrderedCollections ─────────────────── v1.1.0
 Installed StatsBase ──────────────────────────── v0.32.0
 Installed DataFrames ─────────────────────────── v0.19.4
 Installed TableTraits ────────────────────────── v1.0.0
 Installed Rmath ──────────────────────────────── v0.5.1
 Installed QuadGK ─────────────────────────────── v2.1.1
 Installed CategoricalArrays ──────────────────── v0.7.3
 Installed Tables ─────────────────────────────── v0.2.11
 Installed StatsFuns ──────────────────────────── v0.9.0
 Installed Compat ─────────────────────────────── v2.2.0
  Updating `~/.julia/environments/v1.0/Project.toml`
  [4aceb6fc] + ValueOrientedRiskManagementInsurance v1.0.0
  Updating `~/.julia/environments/v1.0/Manifest.toml`
  [7d9fca2a] + Arpack v0.3.1
  [9e28174c] + BinDeps v0.8.10
  [b99e7846] + BinaryProvider v0.5.8
  [324d7699] + CategoricalArrays v0.7.3
  [34da2185] + Compat v2.2.0
  [9a962f9c] + DataAPI v1.1.0
  [0fe7c1db] + DataArrays v0.7.0
  [a93c6f00] + DataFrames v0.19.4
  [864edb3b] + DataStructures v0.17.6
  [e2d170a0] + DataValueInterfaces v1.0.0
  [31c24e10] + Distributions v0.21.8
  [41ab1584] + InvertedIndices v1.0.0
  [82899510] + IteratorInterfaceExtensions v1.0.0
  [682c06a0] + JSON v0.21.0
  [e1d29d7a] + Missings v0.4.3
  [bac558e1] + OrderedCollections v1.1.0
  [90014a1f] + PDMats v0.9.10
  [69de0a69] + Parsers v0.3.10
  [2dfb63ee] + PooledArrays v0.5.2
  [1fd47b50] + QuadGK v2.1.1
  [189a3867] + Reexport v0.2.0
  [79098fc4] + Rmath v0.5.1
  [a2af1166] + SortingAlgorithms v0.3.1
  [276daf66] + SpecialFunctions v0.8.0
  [2913bbd2] + StatsBase v0.32.0
  [4c63d2b9] + StatsFuns v0.9.0
  [3783bdb8] + TableTraits v1.0.0
  [bd369af6] + Tables v0.2.11
  [30578b45] + URIParser v0.4.0
  [4aceb6fc] + ValueOrientedRiskManagementInsurance v1.0.0
  [2a0f44e3] + Base64 
  [ade2ca70] + Dates 
  [8bb1440f] + DelimitedFiles 
  [8ba89e20] + Distributed 
  [9fa8497b] + Future 
  [b77e0a4c] + InteractiveUtils 
  [76f85450] + LibGit2 
  [8f399da3] + Libdl 
  [37e2e46d] + LinearAlgebra 
  [56ddb016] + Logging 
  [d6f4376e] + Markdown 
  [a63ad114] + Mmap 
  [44cfe95a] + Pkg 
  [de0858da] + Printf 
  [3fa0cd96] + REPL 
  [9a3f8284] + Random 
  [ea8e919c] + SHA 
  [9e88b42a] + Serialization 
  [1a1011a3] + SharedArrays 
  [6462fe0b] + Sockets 
  [2f01184e] + SparseArrays 
  [10745b16] + Statistics 
  [4607b0f0] + SuiteSparse 
  [8dfed614] + Test 
  [cf7118a7] + UUIDs 
  [4ec0a83e] + Unicode 
  Building Arpack ──────────→ `~/.julia/packages/Arpack/cu5By/deps/build.log`
  Building SpecialFunctions → `~/.julia/packages/SpecialFunctions/ne2iw/deps/build.log`
  Building Rmath ───────────→ `~/.julia/packages/Rmath/4wt82/deps/build.log`
   Testing ValueOrientedRiskManagementInsurance
    Status `/tmp/tmpE6deEb/Manifest.toml`
  [7d9fca2a] Arpack v0.3.1
  [9e28174c] BinDeps v0.8.10
  [b99e7846] BinaryProvider v0.5.8
  [324d7699] CategoricalArrays v0.7.3
  [34da2185] Compat v2.2.0
  [9a962f9c] DataAPI v1.1.0
  [0fe7c1db] DataArrays v0.7.0
  [a93c6f00] DataFrames v0.19.4
  [864edb3b] DataStructures v0.17.6
  [e2d170a0] DataValueInterfaces v1.0.0
  [31c24e10] Distributions v0.21.8
  [41ab1584] InvertedIndices v1.0.0
  [82899510] IteratorInterfaceExtensions v1.0.0
  [682c06a0] JSON v0.21.0
  [e1d29d7a] Missings v0.4.3
  [bac558e1] OrderedCollections v1.1.0
  [90014a1f] PDMats v0.9.10
  [69de0a69] Parsers v0.3.10
  [2dfb63ee] PooledArrays v0.5.2
  [1fd47b50] QuadGK v2.1.1
  [189a3867] Reexport v0.2.0
  [79098fc4] Rmath v0.5.1
  [a2af1166] SortingAlgorithms v0.3.1
  [276daf66] SpecialFunctions v0.8.0
  [2913bbd2] StatsBase v0.32.0
  [4c63d2b9] StatsFuns v0.9.0
  [3783bdb8] TableTraits v1.0.0
  [bd369af6] Tables v0.2.11
  [30578b45] URIParser v0.4.0
  [4aceb6fc] ValueOrientedRiskManagementInsurance v1.0.0
  [2a0f44e3] Base64  [`@stdlib/Base64`]
  [ade2ca70] Dates  [`@stdlib/Dates`]
  [8bb1440f] DelimitedFiles  [`@stdlib/DelimitedFiles`]
  [8ba89e20] Distributed  [`@stdlib/Distributed`]
  [9fa8497b] Future  [`@stdlib/Future`]
  [b77e0a4c] InteractiveUtils  [`@stdlib/InteractiveUtils`]
  [76f85450] LibGit2  [`@stdlib/LibGit2`]
  [8f399da3] Libdl  [`@stdlib/Libdl`]
  [37e2e46d] LinearAlgebra  [`@stdlib/LinearAlgebra`]
  [56ddb016] Logging  [`@stdlib/Logging`]
  [d6f4376e] Markdown  [`@stdlib/Markdown`]
  [a63ad114] Mmap  [`@stdlib/Mmap`]
  [44cfe95a] Pkg  [`@stdlib/Pkg`]
  [de0858da] Printf  [`@stdlib/Printf`]
  [3fa0cd96] REPL  [`@stdlib/REPL`]
  [9a3f8284] Random  [`@stdlib/Random`]
  [ea8e919c] SHA  [`@stdlib/SHA`]
  [9e88b42a] Serialization  [`@stdlib/Serialization`]
  [1a1011a3] SharedArrays  [`@stdlib/SharedArrays`]
  [6462fe0b] Sockets  [`@stdlib/Sockets`]
  [2f01184e] SparseArrays  [`@stdlib/SparseArrays`]
  [10745b16] Statistics  [`@stdlib/Statistics`]
  [4607b0f0] SuiteSparse  [`@stdlib/SuiteSparse`]
  [8dfed614] Test  [`@stdlib/Test`]
  [cf7118a7] UUIDs  [`@stdlib/UUIDs`]
  [4ec0a83e] Unicode  [`@stdlib/Unicode`]
Testing S2 Life
┌ Warning: `getindex(df::DataFrame, col_ind::ColumnIndex)` is deprecated, use `df[!, col_ind]` instead.
│   caller = top-level scope at none:0
└ @ Core none:0
┌ Warning: `getindex(df::DataFrame, col_ind::ColumnIndex)` is deprecated, use `df[!, col_ind]` instead.
│   caller = top-level scope at none:0
└ @ Core none:0
┌ Warning: `getindex(df::DataFrame, col_ind::ColumnIndex)` is deprecated, use `df[!, col_ind]` instead.
│   caller = dfalloc(::Int64, ::DataFrame, ::Float64, ::Dict{AbstractString,Symbol}) at Life_Input.jl:78
└ @ Main ~/.julia/packages/ValueOrientedRiskManagementInsurance/T9SuI/test/Life_Input.jl:78
┌ Warning: `getindex(df::DataFrame, col_ind::ColumnIndex)` is deprecated, use `df[!, col_ind]` instead.
│   caller = dfalloc(::Int64, ::DataFrame, ::Float64, ::Dict{AbstractString,Symbol}) at Life_Input.jl:78
└ @ Main ~/.julia/packages/ValueOrientedRiskManagementInsurance/T9SuI/test/Life_Input.jl:78
┌ Warning: `getindex(df::DataFrame, col_ind::ColumnIndex)` is deprecated, use `df[!, col_ind]` instead.
│   caller = dfalloc(::Int64, ::DataFrame, ::Float64, ::Dict{AbstractString,Symbol}) at Life_Input.jl:78
└ @ Main ~/.julia/packages/ValueOrientedRiskManagementInsurance/T9SuI/test/Life_Input.jl:78
┌ Warning: `getindex(df::DataFrame, col_ind::ColumnIndex)` is deprecated, use `df[!, col_ind]` instead.
│   caller = dfalloc(::Int64, ::DataFrame, ::Float64, ::Dict{AbstractString,Symbol}) at Life_Input.jl:78
└ @ Main ~/.julia/packages/ValueOrientedRiskManagementInsurance/T9SuI/test/Life_Input.jl:78
┌ Warning: `getindex(df::DataFrame, col_ind::ColumnIndex)` is deprecated, use `df[!, col_ind]` instead.
│   caller = dfalloc(::Int64, ::DataFrame, ::Float64, ::Dict{AbstractString,Symbol}) at Life_Input.jl:78
└ @ Main ~/.julia/packages/ValueOrientedRiskManagementInsurance/T9SuI/test/Life_Input.jl:78
┌ Warning: `getindex(df::DataFrame, col_ind::ColumnIndex)` is deprecated, use `df[!, col_ind]` instead.
│   caller = top-level scope at none:0
└ @ Core none:0
Start S2Life.jl
WARNING: both Distributions and ValueOrientedRiskManagementInsurance export "Product"; uses of it in module Main must be qualified
ERROR: LoadError: LoadError: LoadError: UndefVarError: Product not defined
Stacktrace:
 [1] top-level scope at none:0
 [2] include at ./boot.jl:317 [inlined]
 [3] include_relative(::Module, ::String) at ./loading.jl:1044
 [4] include(::Module, ::String) at ./sysimg.jl:29
 [5] include(::String) at ./client.jl:392
 [6] top-level scope at none:0
 [7] include at ./boot.jl:317 [inlined]
 [8] include_relative(::Module, ::String) at ./loading.jl:1044
 [9] include(::Module, ::String) at ./sysimg.jl:29
 [10] include(::String) at ./client.jl:392
 [11] top-level scope at none:0
 [12] include at ./boot.jl:317 [inlined]
 [13] include_relative(::Module, ::String) at ./loading.jl:1044
 [14] include(::Module, ::String) at ./sysimg.jl:29
 [15] include(::String) at ./client.jl:392
 [16] top-level scope at none:0
in expression starting at /root/.julia/packages/ValueOrientedRiskManagementInsurance/T9SuI/test/S2Life.jl:17
in expression starting at /root/.julia/packages/ValueOrientedRiskManagementInsurance/T9SuI/test/S2Life_Test.jl:7
in expression starting at /root/.julia/packages/ValueOrientedRiskManagementInsurance/T9SuI/test/runtests.jl:9
ERROR: Package ValueOrientedRiskManagementInsurance errored during testing
Stacktrace:
 [1] pkgerror(::String, ::Vararg{String,N} where N) at /buildworker/worker/package_linux64/build/usr/share/julia/stdlib/v1.0/Pkg/src/Types.jl:120
 [2] #test#65(::Bool, ::Function, ::Pkg.Types.Context, ::Array{Pkg.Types.PackageSpec,1}) at /buildworker/worker/package_linux64/build/usr/share/julia/stdlib/v1.0/Pkg/src/Operations.jl:1357
 [3] #test at /buildworker/worker/package_linux64/build/usr/share/julia/stdlib/v1.0/Pkg/src/API.jl:0 [inlined]
 [4] #test#44(::Bool, ::Base.Iterators.Pairs{Union{},Union{},Tuple{},NamedTuple{(),Tuple{}}}, ::Function, ::Pkg.Types.Context, ::Array{Pkg.Types.PackageSpec,1}) at /buildworker/worker/package_linux64/build/usr/share/julia/stdlib/v1.0/Pkg/src/API.jl:278
 [5] test at /buildworker/worker/package_linux64/build/usr/share/julia/stdlib/v1.0/Pkg/src/API.jl:263 [inlined]
 [6] #test#43 at /buildworker/worker/package_linux64/build/usr/share/julia/stdlib/v1.0/Pkg/src/API.jl:260 [inlined]
 [7] test at /buildworker/worker/package_linux64/build/usr/share/julia/stdlib/v1.0/Pkg/src/API.jl:260 [inlined]
 [8] #test#42 at /buildworker/worker/package_linux64/build/usr/share/julia/stdlib/v1.0/Pkg/src/API.jl:259 [inlined]
 [9] test at /buildworker/worker/package_linux64/build/usr/share/julia/stdlib/v1.0/Pkg/src/API.jl:259 [inlined]
 [10] #test#41 at /buildworker/worker/package_linux64/build/usr/share/julia/stdlib/v1.0/Pkg/src/API.jl:258 [inlined]
 [11] test(::String) at /buildworker/worker/package_linux64/build/usr/share/julia/stdlib/v1.0/Pkg/src/API.jl:258
 [12] top-level scope at none:0
