 Resolving package versions...
 Installed AppleAccelerate ─ v0.3.0
  Updating `~/.julia/environments/v1.0/Project.toml`
  [13e28ba4] + AppleAccelerate v0.3.0
  Updating `~/.julia/environments/v1.0/Manifest.toml`
  [13e28ba4] + AppleAccelerate v0.3.0
   Testing AppleAccelerate
 Resolving package versions...
 Installed VersionParsing ─── v1.1.3
 Installed Reexport ───────── v0.2.0
 Installed BinDeps ────────── v0.8.10
 Installed BinaryProvider ─── v0.5.8
 Installed SpecialFunctions ─ v0.8.0
 Installed Conda ──────────── v1.3.0
 Installed Polynomials ────── v0.6.0
 Installed URIParser ──────── v0.4.0
 Installed DSP ────────────── v0.6.1
 Installed JSON ───────────── v0.21.0
 Installed Parsers ────────── v0.3.10
 Installed FFTW ───────────── v1.1.0
 Installed RecipesBase ────── v0.7.0
 Installed AbstractFFTs ───── v0.5.0
 Installed Compat ─────────── v2.2.0
  Building Conda ───────────→ `~/.julia/packages/Conda/kLXeC/deps/build.log`
  Building SpecialFunctions → `~/.julia/packages/SpecialFunctions/ne2iw/deps/build.log`
  Building FFTW ────────────→ `~/.julia/packages/FFTW/loJ3F/deps/build.log`
    Status `/tmp/tmpCys4rc/Manifest.toml`
  [621f4979] AbstractFFTs v0.5.0
  [13e28ba4] AppleAccelerate v0.3.0
  [9e28174c] BinDeps v0.8.10
  [b99e7846] BinaryProvider v0.5.8
  [34da2185] Compat v2.2.0
  [8f4d0f93] Conda v1.3.0
  [717857b8] DSP v0.6.1
  [7a1cc6ca] FFTW v1.1.0
  [682c06a0] JSON v0.21.0
  [69de0a69] Parsers v0.3.10
  [f27b6e38] Polynomials v0.6.0
  [3cdcf5f2] RecipesBase v0.7.0
  [189a3867] Reexport v0.2.0
  [276daf66] SpecialFunctions v0.8.0
  [30578b45] URIParser v0.4.0
  [81def892] VersionParsing v1.1.3
  [2a0f44e3] Base64  [`@stdlib/Base64`]
  [ade2ca70] Dates  [`@stdlib/Dates`]
  [8bb1440f] DelimitedFiles  [`@stdlib/DelimitedFiles`]
  [8ba89e20] Distributed  [`@stdlib/Distributed`]
  [b77e0a4c] InteractiveUtils  [`@stdlib/InteractiveUtils`]
  [76f85450] LibGit2  [`@stdlib/LibGit2`]
  [8f399da3] Libdl  [`@stdlib/Libdl`]
  [37e2e46d] LinearAlgebra  [`@stdlib/LinearAlgebra`]
  [56ddb016] Logging  [`@stdlib/Logging`]
  [d6f4376e] Markdown  [`@stdlib/Markdown`]
  [a63ad114] Mmap  [`@stdlib/Mmap`]
  [44cfe95a] Pkg  [`@stdlib/Pkg`]
  [de0858da] Printf  [`@stdlib/Printf`]
  [3fa0cd96] REPL  [`@stdlib/REPL`]
  [9a3f8284] Random  [`@stdlib/Random`]
  [ea8e919c] SHA  [`@stdlib/SHA`]
  [9e88b42a] Serialization  [`@stdlib/Serialization`]
  [1a1011a3] SharedArrays  [`@stdlib/SharedArrays`]
  [6462fe0b] Sockets  [`@stdlib/Sockets`]
  [2f01184e] SparseArrays  [`@stdlib/SparseArrays`]
  [10745b16] Statistics  [`@stdlib/Statistics`]
  [8dfed614] Test  [`@stdlib/Test`]
  [cf7118a7] UUIDs  [`@stdlib/UUIDs`]
  [4ec0a83e] Unicode  [`@stdlib/Unicode`]
ERROR: LoadError: Accelerate framework not found at /System/Library/Frameworks/Accelerate.framework/Accelerate
Stacktrace:
 [1] error(::String) at ./error.jl:33
 [2] top-level scope at /root/.julia/packages/AppleAccelerate/lc8gu/src/AppleAccelerate.jl:7
 [3] include at ./boot.jl:317 [inlined]
 [4] include_relative(::Module, ::String) at ./loading.jl:1044
 [5] include(::Module, ::String) at ./sysimg.jl:29
 [6] top-level scope at none:2
 [7] eval at ./boot.jl:319 [inlined]
 [8] eval(::Expr) at ./client.jl:393
 [9] top-level scope at ./none:3
in expression starting at /root/.julia/packages/AppleAccelerate/lc8gu/src/AppleAccelerate.jl:6
ERROR: LoadError: Failed to precompile AppleAccelerate [13e28ba4-7ad8-5781-acae-3021b1ed3924] to /root/.julia/compiled/v1.0/AppleAccelerate/9G3ko.ji.
Stacktrace:
 [1] error(::String) at ./error.jl:33
 [2] compilecache(::Base.PkgId, ::String) at ./loading.jl:1203
 [3] _require(::Base.PkgId) at ./loading.jl:960
 [4] require(::Base.PkgId) at ./loading.jl:858
 [5] require(::Module, ::Symbol) at ./loading.jl:853
 [6] include at ./boot.jl:317 [inlined]
 [7] include_relative(::Module, ::String) at ./loading.jl:1044
 [8] include(::Module, ::String) at ./sysimg.jl:29
 [9] include(::String) at ./client.jl:392
 [10] top-level scope at none:0
in expression starting at /root/.julia/packages/AppleAccelerate/lc8gu/test/runtests.jl:1
ERROR: Package AppleAccelerate errored during testing
Stacktrace:
 [1] pkgerror(::String, ::Vararg{String,N} where N) at /buildworker/worker/package_linux64/build/usr/share/julia/stdlib/v1.0/Pkg/src/Types.jl:120
 [2] #test#65(::Bool, ::Function, ::Pkg.Types.Context, ::Array{Pkg.Types.PackageSpec,1}) at /buildworker/worker/package_linux64/build/usr/share/julia/stdlib/v1.0/Pkg/src/Operations.jl:1357
 [3] #test at /buildworker/worker/package_linux64/build/usr/share/julia/stdlib/v1.0/Pkg/src/API.jl:0 [inlined]
 [4] #test#44(::Bool, ::Base.Iterators.Pairs{Union{},Union{},Tuple{},NamedTuple{(),Tuple{}}}, ::Function, ::Pkg.Types.Context, ::Array{Pkg.Types.PackageSpec,1}) at /buildworker/worker/package_linux64/build/usr/share/julia/stdlib/v1.0/Pkg/src/API.jl:278
 [5] test at /buildworker/worker/package_linux64/build/usr/share/julia/stdlib/v1.0/Pkg/src/API.jl:263 [inlined]
 [6] #test#43 at /buildworker/worker/package_linux64/build/usr/share/julia/stdlib/v1.0/Pkg/src/API.jl:260 [inlined]
 [7] test at /buildworker/worker/package_linux64/build/usr/share/julia/stdlib/v1.0/Pkg/src/API.jl:260 [inlined]
 [8] #test#42 at /buildworker/worker/package_linux64/build/usr/share/julia/stdlib/v1.0/Pkg/src/API.jl:259 [inlined]
 [9] test at /buildworker/worker/package_linux64/build/usr/share/julia/stdlib/v1.0/Pkg/src/API.jl:259 [inlined]
 [10] #test#41 at /buildworker/worker/package_linux64/build/usr/share/julia/stdlib/v1.0/Pkg/src/API.jl:258 [inlined]
 [11] test(::String) at /buildworker/worker/package_linux64/build/usr/share/julia/stdlib/v1.0/Pkg/src/API.jl:258
 [12] top-level scope at none:0
