 Resolving package versions...
 Installed Rotations ──── v0.12.0
 Installed StaticArrays ─ v0.12.1
  Updating `~/.julia/environments/v1.2/Project.toml`
  [6038ab10] + Rotations v0.12.0
  Updating `~/.julia/environments/v1.2/Manifest.toml`
  [6038ab10] + Rotations v0.12.0
  [90137ffa] + StaticArrays v0.12.1
  [8f399da3] + Libdl 
  [37e2e46d] + LinearAlgebra 
  [9a3f8284] + Random 
  [9e88b42a] + Serialization 
  [2f01184e] + SparseArrays 
  [10745b16] + Statistics 
   Testing Rotations
 Resolving package versions...
 Installed DiffRules ──────────── v0.1.0
 Installed Parsers ────────────── v0.3.10
 Installed JSON ───────────────── v0.21.0
 Installed BenchmarkTools ─────── v0.4.3
 Installed BinaryProvider ─────── v0.5.8
 Installed Compat ─────────────── v2.2.0
 Installed ForwardDiff ────────── v0.10.6
 Installed CommonSubexpressions ─ v0.2.0
 Installed NaNMath ────────────── v0.3.3
 Installed URIParser ──────────── v0.4.0
 Installed DiffResults ────────── v0.0.4
 Installed BinDeps ────────────── v0.8.10
 Installed SpecialFunctions ───── v0.8.0
  Building SpecialFunctions → `~/.julia/packages/SpecialFunctions/ne2iw/deps/build.log`
    Status `/tmp/jl_zGOgKP/Manifest.toml`
  [6e4b80f9] BenchmarkTools v0.4.3
  [9e28174c] BinDeps v0.8.10
  [b99e7846] BinaryProvider v0.5.8
  [bbf7d656] CommonSubexpressions v0.2.0
  [34da2185] Compat v2.2.0
  [163ba53b] DiffResults v0.0.4
  [b552c78f] DiffRules v0.1.0
  [f6369f11] ForwardDiff v0.10.6
  [682c06a0] JSON v0.21.0
  [77ba4419] NaNMath v0.3.3
  [69de0a69] Parsers v0.3.10
  [6038ab10] Rotations v0.12.0
  [276daf66] SpecialFunctions v0.8.0
  [90137ffa] StaticArrays v0.12.1
  [30578b45] URIParser v0.4.0
  [2a0f44e3] Base64  [`@stdlib/Base64`]
  [ade2ca70] Dates  [`@stdlib/Dates`]
  [8bb1440f] DelimitedFiles  [`@stdlib/DelimitedFiles`]
  [8ba89e20] Distributed  [`@stdlib/Distributed`]
  [b77e0a4c] InteractiveUtils  [`@stdlib/InteractiveUtils`]
  [76f85450] LibGit2  [`@stdlib/LibGit2`]
  [8f399da3] Libdl  [`@stdlib/Libdl`]
  [37e2e46d] LinearAlgebra  [`@stdlib/LinearAlgebra`]
  [56ddb016] Logging  [`@stdlib/Logging`]
  [d6f4376e] Markdown  [`@stdlib/Markdown`]
  [a63ad114] Mmap  [`@stdlib/Mmap`]
  [44cfe95a] Pkg  [`@stdlib/Pkg`]
  [de0858da] Printf  [`@stdlib/Printf`]
  [3fa0cd96] REPL  [`@stdlib/REPL`]
  [9a3f8284] Random  [`@stdlib/Random`]
  [ea8e919c] SHA  [`@stdlib/SHA`]
  [9e88b42a] Serialization  [`@stdlib/Serialization`]
  [1a1011a3] SharedArrays  [`@stdlib/SharedArrays`]
  [6462fe0b] Sockets  [`@stdlib/Sockets`]
  [2f01184e] SparseArrays  [`@stdlib/SparseArrays`]
  [10745b16] Statistics  [`@stdlib/Statistics`]
  [8dfed614] Test  [`@stdlib/Test`]
  [cf7118a7] UUIDs  [`@stdlib/UUIDs`]
  [4ec0a83e] Unicode  [`@stdlib/Unicode`]
Skipping Base.active_repl
Skipping Base.active_repl_backend
Skipping Base.active_repl
Skipping Base.active_repl_backend
Test Summary: | Pass  Total
Util          |  201    201
Test Summary: | Pass  Total
2d Rotations  | 3524   3524
Test Summary:   |   Pass   Total
Rotations Tests | 190108  190108
┌ Warning: `a::Number - b::StaticArray` is deprecated, use `a .- b` instead.
│   caller = jacobian(::Type{Quat}, ::SPQuat{Float64}) at derivatives.jl:115
└ @ Rotations ~/.julia/packages/Rotations/4nmAE/src/derivatives.jl:115
Test Summary:     | Pass  Total
Derivative checks |   73     73
Test Summary:            | Pass  Total
Principal Value (SPQuat) | 2000   2000
Test Summary:          | Pass  Total
Principal Value (Quat) | 2000   2000
Test Summary:                | Pass  Total
Principal Value (Angle Axis) | 2000   2000
Test Summary:                      | Pass  Total
Principal Value (Rodrigues Vector) | 2002   2002
Test Summary:          | Pass  Total
Principal Value (RotX) | 2000   2000
Test Summary:          | Pass  Total
Principal Value (RotY) | 2000   2000
Test Summary:          | Pass  Total
Principal Value (RotZ) | 2000   2000
Test Summary:           | Pass  Total
Principal Value (RotXY) | 3000   3000
Test Summary:           | Pass  Total
Principal Value (RotYX) | 3000   3000
Test Summary:           | Pass  Total
Principal Value (RotZX) | 3000   3000
Test Summary:           | Pass  Total
Principal Value (RotXZ) | 3000   3000
Test Summary:           | Pass  Total
Principal Value (RotYZ) | 3000   3000
Test Summary:           | Pass  Total
Principal Value (RotZY) | 3000   3000
Test Summary:            | Pass  Total
Principal Value (RotXYX) | 4000   4000
Test Summary:            | Pass  Total
Principal Value (RotYXY) | 4000   4000
Test Summary:            | Pass  Total
Principal Value (RotZXZ) | 4000   4000
Test Summary:            | Pass  Total
Principal Value (RotXZX) | 4000   4000
Test Summary:            | Pass  Total
Principal Value (RotYZY) | 4000   4000
Test Summary:            | Pass  Total
Principal Value (RotZYZ) | 4000   4000
Test Summary:            | Pass  Total
Principal Value (RotXYZ) | 4000   4000
Test Summary:            | Pass  Total
Principal Value (RotYXZ) | 4000   4000
Test Summary:            | Pass  Total
Principal Value (RotZXY) | 4000   4000
Test Summary:            | Pass  Total
Principal Value (RotXZY) | 4000   4000
Test Summary:            | Pass  Total
Principal Value (RotYZX) | 4000   4000
Test Summary:            | Pass  Total
Principal Value (RotZYX) | 4000   4000
(1/3) tuning "Composition"...
  (1/1) tuning "RotMatrix{3} * RotMatrix{3}"...
  done (took 1.754522757 seconds)
done (took 2.400795321 seconds)
(2/3) tuning "Euler conversions"...
  (1/21) tuning "RotZXZ{Float64} -> RotMatrix{3,Float64,9}"...
  done (took 1.014558125 seconds)
  (2/21) tuning "RotZYX{Float64} -> RotMatrix{3,Float64,9}"...
  done (took 1.010094448 seconds)
  (3/21) tuning "RotXZ{Float64} -> RotMatrix{3,Float64,9}"...
  done (took 1.024924808 seconds)
  (4/21) tuning "RotYZX{Float64} -> RotMatrix{3,Float64,9}"...
  done (took 0.960685186 seconds)
  (5/21) tuning "RotZY{Float64} -> RotMatrix{3,Float64,9}"...
  done (took 0.886068502 seconds)
  (6/21) tuning "RotZYZ{Float64} -> RotMatrix{3,Float64,9}"...
  done (took 1.00711057 seconds)
  (7/21) tuning "RotYZY{Float64} -> RotMatrix{3,Float64,9}"...
  done (took 0.982636211 seconds)
  (8/21) tuning "RotZ{Float64} -> RotMatrix{3,Float64,9}"...
  done (took 0.913457217 seconds)
  (9/21) tuning "RotYXY{Float64} -> RotMatrix{3,Float64,9}"...
  done (took 0.941993871 seconds)
  (10/21) tuning "RotXZY{Float64} -> RotMatrix{3,Float64,9}"...
  done (took 0.896133751 seconds)
  (11/21) tuning "RotYX{Float64} -> RotMatrix{3,Float64,9}"...
  done (took 0.880712048 seconds)
  (12/21) tuning "RotXYX{Float64} -> RotMatrix{3,Float64,9}"...
  done (took 1.194624229 seconds)
  (13/21) tuning "RotXY{Float64} -> RotMatrix{3,Float64,9}"...
  done (took 0.929965243 seconds)
  (14/21) tuning "RotZX{Float64} -> RotMatrix{3,Float64,9}"...
  done (took 0.873547809 seconds)
  (15/21) tuning "RotXYZ{Float64} -> RotMatrix{3,Float64,9}"...
  done (took 0.888492317 seconds)
  (16/21) tuning "RotX{Float64} -> RotMatrix{3,Float64,9}"...
  done (took 0.789449135 seconds)
  (17/21) tuning "RotYZ{Float64} -> RotMatrix{3,Float64,9}"...
  done (took 0.824888251 seconds)
  (18/21) tuning "RotZXY{Float64} -> RotMatrix{3,Float64,9}"...
  done (took 0.973680069 seconds)
  (19/21) tuning "RotXZX{Float64} -> RotMatrix{3,Float64,9}"...
  done (took 0.9415241 seconds)
  (20/21) tuning "RotY{Float64} -> RotMatrix{3,Float64,9}"...
  done (took 0.81322668 seconds)
  (21/21) tuning "RotYXZ{Float64} -> RotMatrix{3,Float64,9}"...
  done (took 0.985117034 seconds)
done (took 20.319737141 seconds)
(3/3) tuning "Non-Euler conversions"...
  (1/20) tuning "RotMatrix{3,Float64,9} -> SPQuat{Float64}"...
  done (took 0.847248835 seconds)
  (2/20) tuning "AngleAxis{Float64} -> Quat{Float64}"...
  done (took 0.898759078 seconds)
  (3/20) tuning "Quat{Float64} -> RodriguesVec{Float64}"...
  done (took 1.253598249 seconds)
  (4/20) tuning "RodriguesVec{Float64} -> AngleAxis{Float64}"...
  done (took 0.894308374 seconds)
  (5/20) tuning "SPQuat{Float64} -> RodriguesVec{Float64}"...
  done (took 1.027838402 seconds)
  (6/20) tuning "AngleAxis{Float64} -> SPQuat{Float64}"...
  done (took 0.97023715 seconds)
  (7/20) tuning "AngleAxis{Float64} -> RodriguesVec{Float64}"...
  done (took 0.772027924 seconds)
  (8/20) tuning "RodriguesVec{Float64} -> Quat{Float64}"...
  done (took 0.80128641 seconds)
  (9/20) tuning "AngleAxis{Float64} -> RotMatrix{3,Float64,9}"...
  done (took 0.872226009 seconds)
  (10/20) tuning "Quat{Float64} -> RotMatrix{3,Float64,9}"...
  done (took 0.875554821 seconds)
  (11/20) tuning "RodriguesVec{Float64} -> RotMatrix{3,Float64,9}"...
  done (took 0.890259763 seconds)
  (12/20) tuning "SPQuat{Float64} -> AngleAxis{Float64}"...
  done (took 0.986477327 seconds)
  (13/20) tuning "Quat{Float64} -> SPQuat{Float64}"...
  done (took 0.857754901 seconds)
  (14/20) tuning "RodriguesVec{Float64} -> SPQuat{Float64}"...
  done (took 1.042442232 seconds)
  (15/20) tuning "RotMatrix{3,Float64,9} -> Quat{Float64}"...
  done (took 1.018323308 seconds)
  (16/20) tuning "RotMatrix{3,Float64,9} -> RodriguesVec{Float64}"...
  done (took 0.913112802 seconds)
  (17/20) tuning "SPQuat{Float64} -> RotMatrix{3,Float64,9}"...
  done (took 0.994017009 seconds)
  (18/20) tuning "Quat{Float64} -> AngleAxis{Float64}"...
  done (took 0.887477088 seconds)
  (19/20) tuning "RotMatrix{3,Float64,9} -> AngleAxis{Float64}"...
  done (took 0.858730504 seconds)
  (20/20) tuning "SPQuat{Float64} -> Quat{Float64}"...
  done (took 0.832780443 seconds)
done (took 19.063099539 seconds)
(1/3) benchmarking "Composition"...
  (1/1) benchmarking "RotMatrix{3} * RotMatrix{3}"...
  done (took 0.994890939 seconds)
done (took 1.550649413 seconds)
(2/3) benchmarking "Euler conversions"...
  (1/21) benchmarking "RotZXZ{Float64} -> RotMatrix{3,Float64,9}"...
  done (took 1.562188291 seconds)
  (2/21) benchmarking "RotZYX{Float64} -> RotMatrix{3,Float64,9}"...
  done (took 1.771288243 seconds)
  (3/21) benchmarking "RotXZ{Float64} -> RotMatrix{3,Float64,9}"...
  done (took 1.322736827 seconds)
  (4/21) benchmarking "RotYZX{Float64} -> RotMatrix{3,Float64,9}"...
  done (took 1.553683195 seconds)
  (5/21) benchmarking "RotZY{Float64} -> RotMatrix{3,Float64,9}"...
  done (took 1.13823052 seconds)
  (6/21) benchmarking "RotZYZ{Float64} -> RotMatrix{3,Float64,9}"...
  done (took 1.651824453 seconds)
  (7/21) benchmarking "RotYZY{Float64} -> RotMatrix{3,Float64,9}"...
  done (took 1.559598352 seconds)
  (8/21) benchmarking "RotZ{Float64} -> RotMatrix{3,Float64,9}"...
  done (took 0.970977416 seconds)
  (9/21) benchmarking "RotYXY{Float64} -> RotMatrix{3,Float64,9}"...
  done (took 1.518261823 seconds)
  (10/21) benchmarking "RotXZY{Float64} -> RotMatrix{3,Float64,9}"...
  done (took 1.450265165 seconds)
  (11/21) benchmarking "RotYX{Float64} -> RotMatrix{3,Float64,9}"...
  done (took 1.17196616 seconds)
  (12/21) benchmarking "RotXYX{Float64} -> RotMatrix{3,Float64,9}"...
  done (took 1.480175208 seconds)
  (13/21) benchmarking "RotXY{Float64} -> RotMatrix{3,Float64,9}"...
  done (took 1.161550687 seconds)
  (14/21) benchmarking "RotZX{Float64} -> RotMatrix{3,Float64,9}"...
  done (took 1.170517258 seconds)
  (15/21) benchmarking "RotXYZ{Float64} -> RotMatrix{3,Float64,9}"...
  done (took 1.535249431 seconds)
  (16/21) benchmarking "RotX{Float64} -> RotMatrix{3,Float64,9}"...
  done (took 0.952630635 seconds)
  (17/21) benchmarking "RotYZ{Float64} -> RotMatrix{3,Float64,9}"...
  done (took 1.281262056 seconds)
  (18/21) benchmarking "RotZXY{Float64} -> RotMatrix{3,Float64,9}"...
  done (took 1.509363231 seconds)
  (19/21) benchmarking "RotXZX{Float64} -> RotMatrix{3,Float64,9}"...
  done (took 1.539900014 seconds)
  (20/21) benchmarking "RotY{Float64} -> RotMatrix{3,Float64,9}"...
  done (took 0.963405513 seconds)
  (21/21) benchmarking "RotYXZ{Float64} -> RotMatrix{3,Float64,9}"...
  done (took 1.483712738 seconds)
done (took 29.431102219 seconds)
(3/3) benchmarking "Non-Euler conversions"...
  (1/20) benchmarking "RotMatrix{3,Float64,9} -> SPQuat{Float64}"...
  done (took 0.993075991 seconds)
  (2/20) benchmarking "AngleAxis{Float64} -> Quat{Float64}"...
  done (took 0.903808228 seconds)
  (3/20) benchmarking "Quat{Float64} -> RodriguesVec{Float64}"...
  done (took 1.179026881 seconds)
  (4/20) benchmarking "RodriguesVec{Float64} -> AngleAxis{Float64}"...
  done (took 0.763377633 seconds)
  (5/20) benchmarking "SPQuat{Float64} -> RodriguesVec{Float64}"...
  done (took 1.612115046 seconds)
  (6/20) benchmarking "AngleAxis{Float64} -> SPQuat{Float64}"...
  done (took 1.372447141 seconds)
  (7/20) benchmarking "AngleAxis{Float64} -> RodriguesVec{Float64}"...
  done (took 0.627361943 seconds)
  (8/20) benchmarking "RodriguesVec{Float64} -> Quat{Float64}"...
  done (took 1.230479545 seconds)
  (9/20) benchmarking "AngleAxis{Float64} -> RotMatrix{3,Float64,9}"...
  done (took 0.961903259 seconds)
  (10/20) benchmarking "Quat{Float64} -> RotMatrix{3,Float64,9}"...
  done (took 0.685419954 seconds)
  (11/20) benchmarking "RodriguesVec{Float64} -> RotMatrix{3,Float64,9}"...
  done (took 1.360600889 seconds)
  (12/20) benchmarking "SPQuat{Float64} -> AngleAxis{Float64}"...
  done (took 1.595763767 seconds)
  (13/20) benchmarking "Quat{Float64} -> SPQuat{Float64}"...
  done (took 0.637156889 seconds)
  (14/20) benchmarking "RodriguesVec{Float64} -> SPQuat{Float64}"...
  done (took 1.681978821 seconds)
  (15/20) benchmarking "RotMatrix{3,Float64,9} -> Quat{Float64}"...
  done (took 0.949929164 seconds)
  (16/20) benchmarking "RotMatrix{3,Float64,9} -> RodriguesVec{Float64}"...
  done (took 1.525157923 seconds)
  (17/20) benchmarking "SPQuat{Float64} -> RotMatrix{3,Float64,9}"...
  done (took 0.893838672 seconds)
  (18/20) benchmarking "Quat{Float64} -> AngleAxis{Float64}"...
  done (took 1.220916931 seconds)
  (19/20) benchmarking "RotMatrix{3,Float64,9} -> AngleAxis{Float64}"...
  done (took 1.540527666 seconds)
  (20/20) benchmarking "SPQuat{Float64} -> Quat{Float64}"...
  done (took 0.689340962 seconds)
done (took 22.955612974 seconds)

Group: Composition
RotMatrix{3} * RotMatrix{3} 11.322 ns

Group: Euler conversions
RotZXZ{Float64} -> RotMatrix{3,Float64,9} 55.257 ns
RotZYX{Float64} -> RotMatrix{3,Float64,9} 35.483 ns
RotXZ{Float64} -> RotMatrix{3,Float64,9}  24.409 ns
RotYZX{Float64} -> RotMatrix{3,Float64,9} 56.995 ns
RotZY{Float64} -> RotMatrix{3,Float64,9}  18.245 ns
RotZYZ{Float64} -> RotMatrix{3,Float64,9} 48.609 ns
RotYZY{Float64} -> RotMatrix{3,Float64,9} 39.230 ns
RotZ{Float64} -> RotMatrix{3,Float64,9}   17.658 ns
RotYXY{Float64} -> RotMatrix{3,Float64,9} 58.006 ns
RotXZY{Float64} -> RotMatrix{3,Float64,9} 54.631 ns
RotYX{Float64} -> RotMatrix{3,Float64,9}  30.259 ns
RotXYX{Float64} -> RotMatrix{3,Float64,9} 57.567 ns
RotXY{Float64} -> RotMatrix{3,Float64,9}  31.881 ns
RotZX{Float64} -> RotMatrix{3,Float64,9}  30.974 ns
RotXYZ{Float64} -> RotMatrix{3,Float64,9} 57.345 ns
RotX{Float64} -> RotMatrix{3,Float64,9}   16.715 ns
RotYZ{Float64} -> RotMatrix{3,Float64,9}  30.359 ns
RotZXY{Float64} -> RotMatrix{3,Float64,9} 57.260 ns
RotXZX{Float64} -> RotMatrix{3,Float64,9} 59.127 ns
RotY{Float64} -> RotMatrix{3,Float64,9}   15.721 ns
RotYXZ{Float64} -> RotMatrix{3,Float64,9} 60.368 ns

Group: Non-Euler conversions
RotMatrix{3,Float64,9} -> SPQuat{Float64}       32.164 ns
AngleAxis{Float64} -> Quat{Float64}             16.076 ns
Quat{Float64} -> RodriguesVec{Float64}          38.287 ns
RodriguesVec{Float64} -> AngleAxis{Float64}     16.212 ns
SPQuat{Float64} -> RodriguesVec{Float64}        79.988 ns
AngleAxis{Float64} -> SPQuat{Float64}           55.166 ns
AngleAxis{Float64} -> RodriguesVec{Float64}     2.084 ns
RodriguesVec{Float64} -> Quat{Float64}          54.312 ns
AngleAxis{Float64} -> RotMatrix{3,Float64,9}    24.012 ns
Quat{Float64} -> RotMatrix{3,Float64,9}         7.494 ns
RodriguesVec{Float64} -> RotMatrix{3,Float64,9} 60.697 ns
SPQuat{Float64} -> AngleAxis{Float64}           81.300 ns
Quat{Float64} -> SPQuat{Float64}                2.545 ns
RodriguesVec{Float64} -> SPQuat{Float64}        95.354 ns
RotMatrix{3,Float64,9} -> Quat{Float64}         30.399 ns
RotMatrix{3,Float64,9} -> RodriguesVec{Float64} 69.248 ns
SPQuat{Float64} -> RotMatrix{3,Float64,9}       20.973 ns
Quat{Float64} -> AngleAxis{Float64}             35.223 ns
RotMatrix{3,Float64,9} -> AngleAxis{Float64}    70.154 ns
SPQuat{Float64} -> Quat{Float64}                4.999 ns

   Testing Rotations tests passed 
