 Resolving package versions...
 Installed Missings ───────────── v0.4.3
 Installed DataAPI ────────────── v1.1.0
 Installed AbstractFFTs ───────── v0.4.1
 Installed CuYao ──────────────── v0.1.3
 Installed TupleTools ─────────── v1.2.0
 Installed StatsBase ──────────── v0.32.0
 Installed CUDAnative ─────────── v2.5.5
 Installed CuArrays ───────────── v1.4.7
 Installed LegibleLambdas ─────── v0.2.0
 Installed Requires ───────────── v0.5.2
 Installed CacheServers ───────── v0.2.0
 Installed Adapt ──────────────── v1.0.0
 Installed CUDAdrv ────────────── v4.0.4
 Installed ExponentialUtilities ─ v1.5.1
 Installed Reexport ───────────── v0.2.0
 Installed YaoBlocks ──────────── v0.7.5
 Installed YaoArrayRegister ───── v0.5.2
 Installed TimerOutputs ───────── v0.5.3
 Installed OrderedCollections ─── v1.1.0
 Installed Compat ─────────────── v2.2.0
 Installed NNlib ──────────────── v0.6.0
 Installed GPUArrays ──────────── v2.0.0
 Installed CUDAapi ────────────── v2.0.0
 Installed MLStyle ────────────── v0.3.1
 Installed LuxurySparse ───────── v0.5.0
 Installed DataStructures ─────── v0.17.6
 Installed BitBasis ───────────── v0.6.0
 Installed FillArrays ─────────── v0.8.2
 Installed SimpleTraits ───────── v0.9.1
 Installed CEnum ──────────────── v0.2.0
 Installed YaoBase ────────────── v0.12.1
 Installed StaticArrays ───────── v0.12.1
 Installed LLVM ───────────────── v1.3.2
 Installed MacroTools ─────────── v0.5.2
 Installed SortingAlgorithms ──── v0.3.1
 Installed Yao ────────────────── v0.4.1
  Updating `~/.julia/environments/v1.2/Project.toml`
  [b48ca7a8] + CuYao v0.1.3
  Updating `~/.julia/environments/v1.2/Manifest.toml`
  [621f4979] + AbstractFFTs v0.4.1
  [79e6a3ab] + Adapt v1.0.0
  [50ba71b6] + BitBasis v0.6.0
  [fa961155] + CEnum v0.2.0
  [3895d2a7] + CUDAapi v2.0.0
  [c5f51814] + CUDAdrv v4.0.4
  [be33ccc6] + CUDAnative v2.5.5
  [a921213e] + CacheServers v0.2.0
  [34da2185] + Compat v2.2.0
  [3a865a2d] + CuArrays v1.4.7
  [b48ca7a8] + CuYao v0.1.3
  [9a962f9c] + DataAPI v1.1.0
  [864edb3b] + DataStructures v0.17.6
  [d4d017d3] + ExponentialUtilities v1.5.1
  [1a297f60] + FillArrays v0.8.2
  [0c68f7d7] + GPUArrays v2.0.0
  [929cbde3] + LLVM v1.3.2
  [f1f30506] + LegibleLambdas v0.2.0
  [d05aeea4] + LuxurySparse v0.5.0
  [d8e11817] + MLStyle v0.3.1
  [1914dd2f] + MacroTools v0.5.2
  [e1d29d7a] + Missings v0.4.3
  [872c559c] + NNlib v0.6.0
  [bac558e1] + OrderedCollections v1.1.0
  [189a3867] + Reexport v0.2.0
  [ae029012] + Requires v0.5.2
  [699a6c99] + SimpleTraits v0.9.1
  [a2af1166] + SortingAlgorithms v0.3.1
  [90137ffa] + StaticArrays v0.12.1
  [2913bbd2] + StatsBase v0.32.0
  [a759f4b9] + TimerOutputs v0.5.3
  [9d95972d] + TupleTools v1.2.0
  [5872b779] + Yao v0.4.1
  [e600142f] + YaoArrayRegister v0.5.2
  [a8f54c17] + YaoBase v0.12.1
  [418bc28f] + YaoBlocks v0.7.5
  [2a0f44e3] + Base64 
  [ade2ca70] + Dates 
  [8bb1440f] + DelimitedFiles 
  [8ba89e20] + Distributed 
  [b77e0a4c] + InteractiveUtils 
  [76f85450] + LibGit2 
  [8f399da3] + Libdl 
  [37e2e46d] + LinearAlgebra 
  [56ddb016] + Logging 
  [d6f4376e] + Markdown 
  [a63ad114] + Mmap 
  [44cfe95a] + Pkg 
  [de0858da] + Printf 
  [3fa0cd96] + REPL 
  [9a3f8284] + Random 
  [ea8e919c] + SHA 
  [9e88b42a] + Serialization 
  [1a1011a3] + SharedArrays 
  [6462fe0b] + Sockets 
  [2f01184e] + SparseArrays 
  [10745b16] + Statistics 
  [8dfed614] + Test 
  [cf7118a7] + UUIDs 
  [4ec0a83e] + Unicode 
   Testing CuYao
 Resolving package versions...
    Status `/tmp/jl_iyBpiP/Manifest.toml`
  [621f4979] AbstractFFTs v0.4.1
  [79e6a3ab] Adapt v1.0.0
  [50ba71b6] BitBasis v0.6.0
  [fa961155] CEnum v0.2.0
  [3895d2a7] CUDAapi v2.0.0
  [c5f51814] CUDAdrv v4.0.4
  [be33ccc6] CUDAnative v2.5.5
  [a921213e] CacheServers v0.2.0
  [34da2185] Compat v2.2.0
  [3a865a2d] CuArrays v1.4.7
  [b48ca7a8] CuYao v0.1.3
  [9a962f9c] DataAPI v1.1.0
  [864edb3b] DataStructures v0.17.6
  [d4d017d3] ExponentialUtilities v1.5.1
  [1a297f60] FillArrays v0.8.2
  [0c68f7d7] GPUArrays v2.0.0
  [929cbde3] LLVM v1.3.2
  [f1f30506] LegibleLambdas v0.2.0
  [d05aeea4] LuxurySparse v0.5.0
  [d8e11817] MLStyle v0.3.1
  [1914dd2f] MacroTools v0.5.2
  [e1d29d7a] Missings v0.4.3
  [872c559c] NNlib v0.6.0
  [bac558e1] OrderedCollections v1.1.0
  [189a3867] Reexport v0.2.0
  [ae029012] Requires v0.5.2
  [699a6c99] SimpleTraits v0.9.1
  [a2af1166] SortingAlgorithms v0.3.1
  [90137ffa] StaticArrays v0.12.1
  [2913bbd2] StatsBase v0.32.0
  [a759f4b9] TimerOutputs v0.5.3
  [9d95972d] TupleTools v1.2.0
  [5872b779] Yao v0.4.1
  [e600142f] YaoArrayRegister v0.5.2
  [a8f54c17] YaoBase v0.12.1
  [418bc28f] YaoBlocks v0.7.5
  [2a0f44e3] Base64  [`@stdlib/Base64`]
  [ade2ca70] Dates  [`@stdlib/Dates`]
  [8bb1440f] DelimitedFiles  [`@stdlib/DelimitedFiles`]
  [8ba89e20] Distributed  [`@stdlib/Distributed`]
  [b77e0a4c] InteractiveUtils  [`@stdlib/InteractiveUtils`]
  [76f85450] LibGit2  [`@stdlib/LibGit2`]
  [8f399da3] Libdl  [`@stdlib/Libdl`]
  [37e2e46d] LinearAlgebra  [`@stdlib/LinearAlgebra`]
  [56ddb016] Logging  [`@stdlib/Logging`]
  [d6f4376e] Markdown  [`@stdlib/Markdown`]
  [a63ad114] Mmap  [`@stdlib/Mmap`]
  [44cfe95a] Pkg  [`@stdlib/Pkg`]
  [de0858da] Printf  [`@stdlib/Printf`]
  [3fa0cd96] REPL  [`@stdlib/REPL`]
  [9a3f8284] Random  [`@stdlib/Random`]
  [ea8e919c] SHA  [`@stdlib/SHA`]
  [9e88b42a] Serialization  [`@stdlib/Serialization`]
  [1a1011a3] SharedArrays  [`@stdlib/SharedArrays`]
  [6462fe0b] Sockets  [`@stdlib/Sockets`]
  [2f01184e] SparseArrays  [`@stdlib/SparseArrays`]
  [10745b16] Statistics  [`@stdlib/Statistics`]
  [8dfed614] Test  [`@stdlib/Test`]
  [cf7118a7] UUIDs  [`@stdlib/UUIDs`]
  [4ec0a83e] Unicode  [`@stdlib/Unicode`]
[ Info: CUDAdrv.jl failed to initialize, GPU functionality unavailable (set JULIA_CUDA_SILENT or JULIA_CUDA_VERBOSE to silence or expand this message)
isapprox-complex: Error During Test at /root/.julia/packages/CuYao/Ra5jR/test/CUDApatch.jl:6
  Got exception outside of a @test
  could not load library "libcuda"
  libcuda.so: cannot open shared object file: No such file or directory
  Stacktrace:
   [1] #dlopen#3(::Bool, ::typeof(Libdl.dlopen), ::String, ::UInt32) at /buildworker/worker/package_linux64/build/usr/share/julia/stdlib/v1.2/Libdl/src/Libdl.jl:109
   [2] dlopen at /buildworker/worker/package_linux64/build/usr/share/julia/stdlib/v1.2/Libdl/src/Libdl.jl:109 [inlined]
   [3] #dlopen#2 at /buildworker/worker/package_linux64/build/usr/share/julia/stdlib/v1.2/Libdl/src/Libdl.jl:105 [inlined]
   [4] dlopen at /buildworker/worker/package_linux64/build/usr/share/julia/stdlib/v1.2/Libdl/src/Libdl.jl:105 [inlined] (repeats 2 times)
   [5] (::getfield(CUDAdrv, Symbol("##603#lookup_fptr#132")))() at /root/.julia/packages/CUDAapi/CCgJL/src/call.jl:29
   [6] cuMemAlloc_v2(::Base.RefValue{CUDAdrv.CuPtr{Nothing}}, ::Int64) at /root/.julia/packages/CUDAapi/CCgJL/src/call.jl:37
   [7] actual_alloc(::Int64) at /root/.julia/packages/CUDAdrv/3EzC1/src/memory.jl:64
   [8] actual_alloc at /root/.julia/packages/CuArrays/7z7MV/src/memory/binned.jl:53 [inlined]
   [9] macro expansion at /root/.julia/packages/CuArrays/7z7MV/src/memory/binned.jl:194 [inlined]
   [10] macro expansion at /root/.julia/packages/TimerOutputs/7Id5J/src/TimerOutput.jl:214 [inlined]
   [11] pool_alloc(::Int64, ::Int64) at /root/.julia/packages/CuArrays/7z7MV/src/memory/binned.jl:193
   [12] (::getfield(CuArrays.BinnedPool, Symbol("##9#10")){Int64,Int64,Set{CuArrays.BinnedPool.Block},Array{CuArrays.BinnedPool.Block,1}})() at /root/.julia/packages/CuArrays/7z7MV/src/memory/binned.jl:296
   [13] lock(::getfield(CuArrays.BinnedPool, Symbol("##9#10")){Int64,Int64,Set{CuArrays.BinnedPool.Block},Array{CuArrays.BinnedPool.Block,1}}, ::ReentrantLock) at ./lock.jl:140
   [14] alloc(::Int64) at /root/.julia/packages/CuArrays/7z7MV/src/memory/binned.jl:295
   [15] CuArray{Complex{Float64},2,P} where P(::UndefInitializer, ::Tuple{Int64,Int64}) at /root/.julia/packages/TimerOutputs/7Id5J/src/TimerOutput.jl:214
   [16] Type at /root/.julia/packages/CuArrays/7z7MV/src/array.jl:174 [inlined]
   [17] CuArray(::Array{Complex{Float64},2}) at /root/.julia/packages/CuArrays/7z7MV/src/array.jl:188
   [18] top-level scope at /root/.julia/packages/CuYao/Ra5jR/test/CUDApatch.jl:7
   [19] top-level scope at /buildworker/worker/package_linux64/build/usr/share/julia/stdlib/v1.2/Test/src/Test.jl:1113
   [20] top-level scope at /root/.julia/packages/CuYao/Ra5jR/test/CUDApatch.jl:7
   [21] include at ./boot.jl:328 [inlined]
   [22] include_relative(::Module, ::String) at ./loading.jl:1094
   [23] include(::Module, ::String) at ./Base.jl:31
   [24] include(::String) at ./client.jl:431
   [25] top-level scope at /root/.julia/packages/CuYao/Ra5jR/test/runtests.jl:3
   [26] include at ./boot.jl:328 [inlined]
   [27] include_relative(::Module, ::String) at ./loading.jl:1094
   [28] include(::Module, ::String) at ./Base.jl:31
   [29] include(::String) at ./client.jl:431
   [30] top-level scope at none:5
   [31] eval(::Module, ::Any) at ./boot.jl:330
   [32] exec_options(::Base.JLOptions) at ./client.jl:271
   [33] _start() at ./client.jl:464
  
Test Summary:    | Error  Total
isapprox-complex |     1      1
ERROR: LoadError: LoadError: Some tests did not pass: 0 passed, 0 failed, 1 errored, 0 broken.
in expression starting at /root/.julia/packages/CuYao/Ra5jR/test/CUDApatch.jl:6
in expression starting at /root/.julia/packages/CuYao/Ra5jR/test/runtests.jl:3
ERROR: Package CuYao errored during testing
Stacktrace:
 [1] pkgerror(::String, ::Vararg{String,N} where N) at /buildworker/worker/package_linux64/build/usr/share/julia/stdlib/v1.2/Pkg/src/Types.jl:112
 [2] #test#119(::Bool, ::Nothing, ::typeof(Pkg.Operations.test), ::Pkg.Types.Context, ::Array{Pkg.Types.PackageSpec,1}) at /buildworker/worker/package_linux64/build/usr/share/julia/stdlib/v1.2/Pkg/src/Operations.jl:1288
 [3] #test at ./none:0 [inlined]
 [4] #test#62(::Bool, ::Nothing, ::Base.Iterators.Pairs{Union{},Union{},Tuple{},NamedTuple{(),Tuple{}}}, ::typeof(Pkg.API.test), ::Pkg.Types.Context, ::Array{Pkg.Types.PackageSpec,1}) at /buildworker/worker/package_linux64/build/usr/share/julia/stdlib/v1.2/Pkg/src/API.jl:245
 [5] test at /buildworker/worker/package_linux64/build/usr/share/julia/stdlib/v1.2/Pkg/src/API.jl:233 [inlined]
 [6] #test#61 at /buildworker/worker/package_linux64/build/usr/share/julia/stdlib/v1.2/Pkg/src/API.jl:230 [inlined]
 [7] test at /buildworker/worker/package_linux64/build/usr/share/julia/stdlib/v1.2/Pkg/src/API.jl:230 [inlined]
 [8] #test#60 at /buildworker/worker/package_linux64/build/usr/share/julia/stdlib/v1.2/Pkg/src/API.jl:229 [inlined]
 [9] test at /buildworker/worker/package_linux64/build/usr/share/julia/stdlib/v1.2/Pkg/src/API.jl:229 [inlined]
 [10] #test#59(::Base.Iterators.Pairs{Union{},Union{},Tuple{},NamedTuple{(),Tuple{}}}, ::typeof(Pkg.API.test), ::String) at /buildworker/worker/package_linux64/build/usr/share/julia/stdlib/v1.2/Pkg/src/API.jl:228
 [11] test(::String) at /buildworker/worker/package_linux64/build/usr/share/julia/stdlib/v1.2/Pkg/src/API.jl:228
