 Resolving package versions...
 Installed Requires ───────── v0.5.2
 Installed LRUCache ───────── v1.0.3
 Installed Strided ────────── v0.3.3
 Installed TupleTools ─────── v1.2.0
 Installed TensorOperations ─ v2.0.0
  Updating `~/.julia/environments/v1.0/Project.toml`
  [6aa20fa7] + TensorOperations v2.0.0
  Updating `~/.julia/environments/v1.0/Manifest.toml`
  [8ac3fa9e] + LRUCache v1.0.3
  [ae029012] + Requires v0.5.2
  [5e0ebb24] + Strided v0.3.3
  [6aa20fa7] + TensorOperations v2.0.0
  [9d95972d] + TupleTools v1.2.0
  [2a0f44e3] + Base64 
  [8ba89e20] + Distributed 
  [b77e0a4c] + InteractiveUtils 
  [8f399da3] + Libdl 
  [37e2e46d] + LinearAlgebra 
  [56ddb016] + Logging 
  [d6f4376e] + Markdown 
  [9a3f8284] + Random 
  [9e88b42a] + Serialization 
  [6462fe0b] + Sockets 
  [8dfed614] + Test 
   Testing TensorOperations
 Resolving package versions...
    Status `/tmp/tmpTnIZuJ/Manifest.toml`
  [8ac3fa9e] LRUCache v1.0.3
  [ae029012] Requires v0.5.2
  [5e0ebb24] Strided v0.3.3
  [6aa20fa7] TensorOperations v2.0.0
  [9d95972d] TupleTools v1.2.0
  [2a0f44e3] Base64  [`@stdlib/Base64`]
  [8ba89e20] Distributed  [`@stdlib/Distributed`]
  [b77e0a4c] InteractiveUtils  [`@stdlib/InteractiveUtils`]
  [8f399da3] Libdl  [`@stdlib/Libdl`]
  [37e2e46d] LinearAlgebra  [`@stdlib/LinearAlgebra`]
  [56ddb016] Logging  [`@stdlib/Logging`]
  [d6f4376e] Markdown  [`@stdlib/Markdown`]
  [9a3f8284] Random  [`@stdlib/Random`]
  [9e88b42a] Serialization  [`@stdlib/Serialization`]
  [6462fe0b] Sockets  [`@stdlib/Sockets`]
  [8dfed614] Test  [`@stdlib/Test`]
Test Summary:                          | Pass  Total
Method syntax with BLAS and with cache |   32     32
tensorcopy: 1.1056551933288574 seconds
tensoradd: 0.6412701606750488 seconds
tensortrace: 2.279315948486328 seconds
tensorcontract 1: 5.811486005783081 seconds
tensorcontract 2: 10.291007041931152 seconds
tensorcontract 3: 27.04495406150818 seconds
views: 1.5739490985870361 seconds
more views: 2.525425910949707 seconds
even more views: 0.6539599895477295 seconds
and some more views: 7.551541090011597 seconds
Float32 views: 0.11992621421813965 seconds
readme example: 10.04591679573059 seconds
tensor network examples: 123.93631315231323 seconds
diagonal examples: 98.8705849647522 seconds
Test Summary:                           | Pass  Total
Index Notation with BLAS and with cache |  273    273
Test Summary:                             | Pass  Total
Method syntax with BLAS and without cache |   32     32
tensorcopy: 0.0009520053863525391 seconds
tensoradd: 0.0005009174346923828 seconds
tensortrace: 0.05541396141052246 seconds
tensorcontract 1: 0.22276687622070312 seconds
tensorcontract 2: 0.19524908065795898 seconds
tensorcontract 3: 5.17550802230835 seconds
views: 0.0764319896697998 seconds
more views: 0.17288804054260254 seconds
even more views: 0.004485130310058594 seconds
and some more views: 0.2880680561065674 seconds
Float32 views: 0.17620182037353516 seconds
readme example: 0.0009789466857910156 seconds
tensor network examples: 1.7752230167388916 seconds
diagonal examples: 2.02223801612854 seconds
Test Summary:                              | Pass  Total
Index Notation with BLAS and without cache |  273    273
Test Summary:                                | Pass  Total
Method syntax without BLAS and without cache |   32     32
tensorcopy: 0.002994060516357422 seconds
tensoradd: 0.0008399486541748047 seconds
tensortrace: 0.029859066009521484 seconds
tensorcontract 1: 0.4031100273132324 seconds
tensorcontract 2: 0.05808281898498535 seconds
tensorcontract 3: 9.0122389793396 seconds
views: 0.11266303062438965 seconds
more views: 0.13274192810058594 seconds
even more views: 0.004613161087036133 seconds
and some more views: 0.5540311336517334 seconds
Float32 views: 0.0956580638885498 seconds
readme example: 0.9836809635162354 seconds
tensor network examples: 11.350512027740479 seconds
diagonal examples: 2.741185188293457 seconds
Test Summary:                                 | Pass  Total
Index Notation without BLAS and without cache |  273    273
Test Summary:             | Pass  Total
Optimal contraction order |    3      3
Test Summary: | Pass  Total
macro methods |   85     85
Test Summary:         | Pass  Total
methods for tensoropt |   47     47
   Testing TensorOperations tests passed 
