 Resolving package versions...
 Installed Requires ───────── v0.5.2
 Installed LRUCache ───────── v1.0.3
 Installed Strided ────────── v0.3.3
 Installed TupleTools ─────── v1.2.0
 Installed TensorOperations ─ v2.0.0
  Updating `~/.julia/environments/v1.2/Project.toml`
  [6aa20fa7] + TensorOperations v2.0.0
  Updating `~/.julia/environments/v1.2/Manifest.toml`
  [8ac3fa9e] + LRUCache v1.0.3
  [ae029012] + Requires v0.5.2
  [5e0ebb24] + Strided v0.3.3
  [6aa20fa7] + TensorOperations v2.0.0
  [9d95972d] + TupleTools v1.2.0
  [2a0f44e3] + Base64 
  [8ba89e20] + Distributed 
  [b77e0a4c] + InteractiveUtils 
  [8f399da3] + Libdl 
  [37e2e46d] + LinearAlgebra 
  [56ddb016] + Logging 
  [d6f4376e] + Markdown 
  [9a3f8284] + Random 
  [9e88b42a] + Serialization 
  [6462fe0b] + Sockets 
  [8dfed614] + Test 
   Testing TensorOperations
 Resolving package versions...
    Status `/tmp/jl_sdVkWR/Manifest.toml`
  [8ac3fa9e] LRUCache v1.0.3
  [ae029012] Requires v0.5.2
  [5e0ebb24] Strided v0.3.3
  [6aa20fa7] TensorOperations v2.0.0
  [9d95972d] TupleTools v1.2.0
  [2a0f44e3] Base64  [`@stdlib/Base64`]
  [8ba89e20] Distributed  [`@stdlib/Distributed`]
  [b77e0a4c] InteractiveUtils  [`@stdlib/InteractiveUtils`]
  [8f399da3] Libdl  [`@stdlib/Libdl`]
  [37e2e46d] LinearAlgebra  [`@stdlib/LinearAlgebra`]
  [56ddb016] Logging  [`@stdlib/Logging`]
  [d6f4376e] Markdown  [`@stdlib/Markdown`]
  [9a3f8284] Random  [`@stdlib/Random`]
  [9e88b42a] Serialization  [`@stdlib/Serialization`]
  [6462fe0b] Sockets  [`@stdlib/Sockets`]
  [8dfed614] Test  [`@stdlib/Test`]
Test Summary:                          | Pass  Total
Method syntax with BLAS and with cache |   32     32
tensorcopy: 1.0777738094329834 seconds
tensoradd: 0.9526970386505127 seconds
tensortrace: 2.1120259761810303 seconds
tensorcontract 1: 7.150365114212036 seconds
tensorcontract 2: 12.40554690361023 seconds
tensorcontract 3: 34.03098392486572 seconds
views: 1.5472331047058105 seconds
more views: 2.219003915786743 seconds
even more views: 0.75295090675354 seconds
and some more views: 7.832843065261841 seconds
Float32 views: 0.36159682273864746 seconds
readme example: 11.886330127716064 seconds
tensor network examples: 127.87740802764893 seconds
diagonal examples: 97.67323803901672 seconds
Test Summary:                           | Pass  Total
Index Notation with BLAS and with cache |  273    273
Test Summary:                             | Pass  Total
Method syntax with BLAS and without cache |   32     32
tensorcopy: 0.0011119842529296875 seconds
tensoradd: 0.0007729530334472656 seconds
tensortrace: 0.08083105087280273 seconds
tensorcontract 1: 0.5719161033630371 seconds
tensorcontract 2: 0.16272687911987305 seconds
tensorcontract 3: 10.427584886550903 seconds
views: 0.0823209285736084 seconds
more views: 0.14026308059692383 seconds
even more views: 0.0054340362548828125 seconds
and some more views: 0.6462430953979492 seconds
Float32 views: 0.5507259368896484 seconds
readme example: 0.0009450912475585938 seconds
tensor network examples: 0.3833940029144287 seconds
diagonal examples: 1.3305470943450928 seconds
Test Summary:                              | Pass  Total
Index Notation with BLAS and without cache |  273    273
Test Summary:                                | Pass  Total
Method syntax without BLAS and without cache |   32     32
tensorcopy: 0.0009951591491699219 seconds
tensoradd: 0.0005879402160644531 seconds
tensortrace: 0.0754249095916748 seconds
tensorcontract 1: 0.6080238819122314 seconds
tensorcontract 2: 0.048174142837524414 seconds
tensorcontract 3: 13.032181978225708 seconds
views: 0.09987616539001465 seconds
more views: 0.1165921688079834 seconds
even more views: 0.005057096481323242 seconds
and some more views: 0.8066051006317139 seconds
Float32 views: 0.3288581371307373 seconds
readme example: 1.3180909156799316 seconds
tensor network examples: 13.561161994934082 seconds
diagonal examples: 2.3065340518951416 seconds
Test Summary:                                 | Pass  Total
Index Notation without BLAS and without cache |  273    273
Test Summary:             | Pass  Total
Optimal contraction order |    3      3
Test Summary: | Pass  Total
macro methods |   85     85
Test Summary:         | Pass  Total
methods for tensoropt |   47     47
   Testing TensorOperations tests passed 
