 Resolving package versions...
 Installed BEncode ─ v0.3.0
  Updating `~/.julia/environments/v1.2/Project.toml`
  [65043f5e] + BEncode v0.3.0
  Updating `~/.julia/environments/v1.2/Manifest.toml`
  [65043f5e] + BEncode v0.3.0
   Testing BEncode
 Resolving package versions...
  Updating `/tmp/jl_kIXd3n/Project.toml`
  [65043f5e] + BEncode v0.3.0
  [8dfed614] + Test 
  Updating `/tmp/jl_kIXd3n/Manifest.toml`
  [2a0f44e3] + Base64 
  [8ba89e20] + Distributed 
  [b77e0a4c] + InteractiveUtils 
  [56ddb016] + Logging 
  [d6f4376e] + Markdown 
  [9a3f8284] + Random 
  [9e88b42a] + Serialization 
  [6462fe0b] + Sockets 
  [8dfed614] + Test 
[ Info: Running Sandbox
    Status `/tmp/jl_kIXd3n/Project.toml`
  [65043f5e] BEncode v0.3.0
  [8dfed614] Test 
   Testing BEncode tests passed 
