 Resolving package versions...
 Installed VSL ─ v0.2.0
  Updating `~/.julia/environments/v1.0/Project.toml`
  [04294c92] + VSL v0.2.0
  Updating `~/.julia/environments/v1.0/Manifest.toml`
  [04294c92] + VSL v0.2.0
  [9a3f8284] + Random 
  [9e88b42a] + Serialization 
   Testing VSL
 Resolving package versions...
    Status `/tmp/tmpX2mFWX/Manifest.toml`
  [04294c92] VSL v0.2.0
  [2a0f44e3] Base64  [`@stdlib/Base64`]
  [8ba89e20] Distributed  [`@stdlib/Distributed`]
  [b77e0a4c] InteractiveUtils  [`@stdlib/InteractiveUtils`]
  [8f399da3] Libdl  [`@stdlib/Libdl`]
  [37e2e46d] LinearAlgebra  [`@stdlib/LinearAlgebra`]
  [56ddb016] Logging  [`@stdlib/Logging`]
  [d6f4376e] Markdown  [`@stdlib/Markdown`]
  [de0858da] Printf  [`@stdlib/Printf`]
  [9a3f8284] Random  [`@stdlib/Random`]
  [9e88b42a] Serialization  [`@stdlib/Serialization`]
  [6462fe0b] Sockets  [`@stdlib/Sockets`]
  [8dfed614] Test  [`@stdlib/Test`]
  [4ec0a83e] Unicode  [`@stdlib/Unicode`]
[ Info: Testing basic random number generators...
ERROR: LoadError: LoadError: error compiling Type: could not load library "libmkl_rt"
libmkl_rt.so: cannot open shared object file: No such file or directory
Stacktrace:
 [1] top-level scope at /root/.julia/packages/VSL/Dbk0Q/test/test_brngs.jl:3
 [2] include at ./boot.jl:317 [inlined]
 [3] include_relative(::Module, ::String) at ./loading.jl:1044
 [4] include(::Module, ::String) at ./sysimg.jl:29
 [5] include(::String) at ./client.jl:392
 [6] top-level scope at none:0
 [7] include at ./boot.jl:317 [inlined]
 [8] include_relative(::Module, ::String) at ./loading.jl:1044
 [9] include(::Module, ::String) at ./sysimg.jl:29
 [10] include(::String) at ./client.jl:392
 [11] top-level scope at none:0
in expression starting at /root/.julia/packages/VSL/Dbk0Q/test/test_brngs.jl:2
in expression starting at /root/.julia/packages/VSL/Dbk0Q/test/runtests.jl:2
ERROR: Package VSL errored during testing
Stacktrace:
 [1] pkgerror(::String, ::Vararg{String,N} where N) at /buildworker/worker/package_linux64/build/usr/share/julia/stdlib/v1.0/Pkg/src/Types.jl:120
 [2] #test#65(::Bool, ::Function, ::Pkg.Types.Context, ::Array{Pkg.Types.PackageSpec,1}) at /buildworker/worker/package_linux64/build/usr/share/julia/stdlib/v1.0/Pkg/src/Operations.jl:1357
 [3] #test at /buildworker/worker/package_linux64/build/usr/share/julia/stdlib/v1.0/Pkg/src/API.jl:0 [inlined]
 [4] #test#44(::Bool, ::Base.Iterators.Pairs{Union{},Union{},Tuple{},NamedTuple{(),Tuple{}}}, ::Function, ::Pkg.Types.Context, ::Array{Pkg.Types.PackageSpec,1}) at /buildworker/worker/package_linux64/build/usr/share/julia/stdlib/v1.0/Pkg/src/API.jl:278
 [5] test at /buildworker/worker/package_linux64/build/usr/share/julia/stdlib/v1.0/Pkg/src/API.jl:263 [inlined]
 [6] #test#43 at /buildworker/worker/package_linux64/build/usr/share/julia/stdlib/v1.0/Pkg/src/API.jl:260 [inlined]
 [7] test at /buildworker/worker/package_linux64/build/usr/share/julia/stdlib/v1.0/Pkg/src/API.jl:260 [inlined]
 [8] #test#42 at /buildworker/worker/package_linux64/build/usr/share/julia/stdlib/v1.0/Pkg/src/API.jl:259 [inlined]
 [9] test at /buildworker/worker/package_linux64/build/usr/share/julia/stdlib/v1.0/Pkg/src/API.jl:259 [inlined]
 [10] #test#41 at /buildworker/worker/package_linux64/build/usr/share/julia/stdlib/v1.0/Pkg/src/API.jl:258 [inlined]
 [11] test(::String) at /buildworker/worker/package_linux64/build/usr/share/julia/stdlib/v1.0/Pkg/src/API.jl:258
 [12] top-level scope at none:0
