 Resolving package versions...
 Installed InvertedIndices ───────────── v1.0.0
 Installed Inflate ───────────────────── v0.1.1
 Installed TikzGraphs ────────────────── v1.1.0
 Installed Parsers ───────────────────── v0.3.10
 Installed IteratorInterfaceExtensions ─ v1.0.0
 Installed CommonSubexpressions ──────── v0.2.0
 Installed AbstractTrees ─────────────── v0.2.1
 Installed ExprOptimization ──────────── v0.2.1
 Installed Reexport ──────────────────── v0.2.0
 Installed CPUTime ───────────────────── v0.1.0
 Installed FilePathsBase ─────────────── v0.7.0
 Installed MacroTools ────────────────── v0.5.2
 Installed DataValueInterfaces ───────── v1.0.0
 Installed DataStructures ────────────── v0.17.6
 Installed DataAPI ───────────────────── v1.1.0
 Installed JSON ──────────────────────── v0.21.0
 Installed LazyArrays ────────────────── v0.14.8
 Installed ArnoldiMethod ─────────────── v0.0.4
 Installed Nullables ─────────────────── v0.0.8
 Installed ExprRules ─────────────────── v0.3.3
 Installed DataFrames ────────────────── v0.19.4
 Installed StaticArrays ──────────────── v0.12.1
 Installed ArrayLayouts ──────────────── v0.1.5
 Installed StatsBase ─────────────────── v0.32.0
 Installed SimpleTraits ──────────────── v0.9.1
 Installed FillArrays ────────────────── v0.8.2
 Installed SortingAlgorithms ─────────── v0.3.1
 Installed WeakRefStrings ────────────── v0.6.1
 Installed OrderedCollections ────────── v1.1.0
 Installed PooledArrays ──────────────── v0.5.2
 Installed LaTeXStrings ──────────────── v1.0.3
 Installed Missings ──────────────────── v0.4.3
 Installed CategoricalArrays ─────────── v0.7.3
 Installed TableTraits ───────────────── v1.0.0
 Installed TreeView ──────────────────── v0.3.1
 Installed LightGraphs ───────────────── v1.3.0
 Installed TikzPictures ──────────────── v3.0.5
 Installed Tables ────────────────────── v0.2.11
 Installed Compat ────────────────────── v2.2.0
 Installed CSV ───────────────────────── v0.5.18
  Updating `~/.julia/environments/v1.0/Project.toml`
  [0d84ce59] + ExprOptimization v0.2.1
  Updating `~/.julia/environments/v1.0/Manifest.toml`
  [1520ce14] + AbstractTrees v0.2.1
  [ec485272] + ArnoldiMethod v0.0.4
  [4c555306] + ArrayLayouts v0.1.5
  [a9c8d775] + CPUTime v0.1.0
  [336ed68f] + CSV v0.5.18
  [324d7699] + CategoricalArrays v0.7.3
  [bbf7d656] + CommonSubexpressions v0.2.0
  [34da2185] + Compat v2.2.0
  [9a962f9c] + DataAPI v1.1.0
  [a93c6f00] + DataFrames v0.19.4
  [864edb3b] + DataStructures v0.17.6
  [e2d170a0] + DataValueInterfaces v1.0.0
  [0d84ce59] + ExprOptimization v0.2.1
  [e7058ba0] + ExprRules v0.3.3
  [48062228] + FilePathsBase v0.7.0
  [1a297f60] + FillArrays v0.8.2
  [d25df0c9] + Inflate v0.1.1
  [41ab1584] + InvertedIndices v1.0.0
  [82899510] + IteratorInterfaceExtensions v1.0.0
  [682c06a0] + JSON v0.21.0
  [b964fa9f] + LaTeXStrings v1.0.3
  [5078a376] + LazyArrays v0.14.8
  [093fc24a] + LightGraphs v1.3.0
  [1914dd2f] + MacroTools v0.5.2
  [e1d29d7a] + Missings v0.4.3
  [4d1e1d77] + Nullables v0.0.8
  [bac558e1] + OrderedCollections v1.1.0
  [69de0a69] + Parsers v0.3.10
  [2dfb63ee] + PooledArrays v0.5.2
  [189a3867] + Reexport v0.2.0
  [699a6c99] + SimpleTraits v0.9.1
  [a2af1166] + SortingAlgorithms v0.3.1
  [90137ffa] + StaticArrays v0.12.1
  [2913bbd2] + StatsBase v0.32.0
  [3783bdb8] + TableTraits v1.0.0
  [bd369af6] + Tables v0.2.11
  [b4f28e30] + TikzGraphs v1.1.0
  [37f6aa50] + TikzPictures v3.0.5
  [39424ebd] + TreeView v0.3.1
  [ea10d353] + WeakRefStrings v0.6.1
  [2a0f44e3] + Base64 
  [ade2ca70] + Dates 
  [8bb1440f] + DelimitedFiles 
  [8ba89e20] + Distributed 
  [9fa8497b] + Future 
  [b77e0a4c] + InteractiveUtils 
  [76f85450] + LibGit2 
  [8f399da3] + Libdl 
  [37e2e46d] + LinearAlgebra 
  [56ddb016] + Logging 
  [d6f4376e] + Markdown 
  [a63ad114] + Mmap 
  [44cfe95a] + Pkg 
  [de0858da] + Printf 
  [3fa0cd96] + REPL 
  [9a3f8284] + Random 
  [ea8e919c] + SHA 
  [9e88b42a] + Serialization 
  [1a1011a3] + SharedArrays 
  [6462fe0b] + Sockets 
  [2f01184e] + SparseArrays 
  [10745b16] + Statistics 
  [8dfed614] + Test 
  [cf7118a7] + UUIDs 
  [4ec0a83e] + Unicode 
   Testing ExprOptimization
    Status `/tmp/tmpJTcMCo/Manifest.toml`
  [1520ce14] AbstractTrees v0.2.1
  [ec485272] ArnoldiMethod v0.0.4
  [4c555306] ArrayLayouts v0.1.5
  [a9c8d775] CPUTime v0.1.0
  [336ed68f] CSV v0.5.18
  [324d7699] CategoricalArrays v0.7.3
  [bbf7d656] CommonSubexpressions v0.2.0
  [34da2185] Compat v2.2.0
  [9a962f9c] DataAPI v1.1.0
  [a93c6f00] DataFrames v0.19.4
  [864edb3b] DataStructures v0.17.6
  [e2d170a0] DataValueInterfaces v1.0.0
  [0d84ce59] ExprOptimization v0.2.1
  [e7058ba0] ExprRules v0.3.3
  [48062228] FilePathsBase v0.7.0
  [1a297f60] FillArrays v0.8.2
  [d25df0c9] Inflate v0.1.1
  [41ab1584] InvertedIndices v1.0.0
  [82899510] IteratorInterfaceExtensions v1.0.0
  [682c06a0] JSON v0.21.0
  [b964fa9f] LaTeXStrings v1.0.3
  [5078a376] LazyArrays v0.14.8
  [093fc24a] LightGraphs v1.3.0
  [1914dd2f] MacroTools v0.5.2
  [e1d29d7a] Missings v0.4.3
  [4d1e1d77] Nullables v0.0.8
  [bac558e1] OrderedCollections v1.1.0
  [69de0a69] Parsers v0.3.10
  [2dfb63ee] PooledArrays v0.5.2
  [189a3867] Reexport v0.2.0
  [699a6c99] SimpleTraits v0.9.1
  [a2af1166] SortingAlgorithms v0.3.1
  [90137ffa] StaticArrays v0.12.1
  [2913bbd2] StatsBase v0.32.0
  [3783bdb8] TableTraits v1.0.0
  [bd369af6] Tables v0.2.11
  [b4f28e30] TikzGraphs v1.1.0
  [37f6aa50] TikzPictures v3.0.5
  [39424ebd] TreeView v0.3.1
  [ea10d353] WeakRefStrings v0.6.1
  [2a0f44e3] Base64  [`@stdlib/Base64`]
  [ade2ca70] Dates  [`@stdlib/Dates`]
  [8bb1440f] DelimitedFiles  [`@stdlib/DelimitedFiles`]
  [8ba89e20] Distributed  [`@stdlib/Distributed`]
  [9fa8497b] Future  [`@stdlib/Future`]
  [b77e0a4c] InteractiveUtils  [`@stdlib/InteractiveUtils`]
  [76f85450] LibGit2  [`@stdlib/LibGit2`]
  [8f399da3] Libdl  [`@stdlib/Libdl`]
  [37e2e46d] LinearAlgebra  [`@stdlib/LinearAlgebra`]
  [56ddb016] Logging  [`@stdlib/Logging`]
  [d6f4376e] Markdown  [`@stdlib/Markdown`]
  [a63ad114] Mmap  [`@stdlib/Mmap`]
  [44cfe95a] Pkg  [`@stdlib/Pkg`]
  [de0858da] Printf  [`@stdlib/Printf`]
  [3fa0cd96] REPL  [`@stdlib/REPL`]
  [9a3f8284] Random  [`@stdlib/Random`]
  [ea8e919c] SHA  [`@stdlib/SHA`]
  [9e88b42a] Serialization  [`@stdlib/Serialization`]
  [1a1011a3] SharedArrays  [`@stdlib/SharedArrays`]
  [6462fe0b] Sockets  [`@stdlib/Sockets`]
  [2f01184e] SparseArrays  [`@stdlib/SparseArrays`]
  [10745b16] Statistics  [`@stdlib/Statistics`]
  [8dfed614] Test  [`@stdlib/Test`]
  [cf7118a7] UUIDs  [`@stdlib/UUIDs`]
  [4ec0a83e] Unicode  [`@stdlib/Unicode`]
   Testing ExprOptimization tests passed 
