 Resolving package versions...
 Installed URIParser ────────── v0.4.0
 Installed YAML ─────────────── v0.3.2
 Installed OrderedCollections ─ v1.1.0
 Installed BinaryProvider ───── v0.5.8
 Installed StaticArrays ─────── v0.12.1
 Installed SpecialFunctions ─── v0.8.0
 Installed BinDeps ──────────── v0.8.10
 Installed Dolang ───────────── v3.0.2
 Installed RecipesBase ──────── v0.7.0
 Installed Codecs ───────────── v0.5.0
 Installed SymEngine ────────── v0.7.0
 Installed Compat ───────────── v2.2.0
 Installed DataStructures ───── v0.17.6
  Updating `~/.julia/environments/v1.0/Project.toml`
  [e5c7262c] + Dolang v3.0.2
  Updating `~/.julia/environments/v1.0/Manifest.toml`
  [9e28174c] + BinDeps v0.8.10
  [b99e7846] + BinaryProvider v0.5.8
  [19ecbf4d] + Codecs v0.5.0
  [34da2185] + Compat v2.2.0
  [864edb3b] + DataStructures v0.17.6
  [e5c7262c] + Dolang v3.0.2
  [bac558e1] + OrderedCollections v1.1.0
  [3cdcf5f2] + RecipesBase v0.7.0
  [276daf66] + SpecialFunctions v0.8.0
  [90137ffa] + StaticArrays v0.12.1
  [123dc426] + SymEngine v0.7.0
  [30578b45] + URIParser v0.4.0
  [ddb6d928] + YAML v0.3.2
  [2a0f44e3] + Base64 
  [ade2ca70] + Dates 
  [8bb1440f] + DelimitedFiles 
  [8ba89e20] + Distributed 
  [b77e0a4c] + InteractiveUtils 
  [76f85450] + LibGit2 
  [8f399da3] + Libdl 
  [37e2e46d] + LinearAlgebra 
  [56ddb016] + Logging 
  [d6f4376e] + Markdown 
  [a63ad114] + Mmap 
  [44cfe95a] + Pkg 
  [de0858da] + Printf 
  [3fa0cd96] + REPL 
  [9a3f8284] + Random 
  [ea8e919c] + SHA 
  [9e88b42a] + Serialization 
  [1a1011a3] + SharedArrays 
  [6462fe0b] + Sockets 
  [2f01184e] + SparseArrays 
  [10745b16] + Statistics 
  [8dfed614] + Test 
  [cf7118a7] + UUIDs 
  [4ec0a83e] + Unicode 
  Building SpecialFunctions → `~/.julia/packages/SpecialFunctions/ne2iw/deps/build.log`
  Building SymEngine ───────→ `~/.julia/packages/SymEngine/zSUGO/deps/build.log`
   Testing Dolang
    Status `/tmp/tmpsR80tL/Manifest.toml`
  [9e28174c] BinDeps v0.8.10
  [b99e7846] BinaryProvider v0.5.8
  [19ecbf4d] Codecs v0.5.0
  [34da2185] Compat v2.2.0
  [864edb3b] DataStructures v0.17.6
  [e5c7262c] Dolang v3.0.2
  [bac558e1] OrderedCollections v1.1.0
  [3cdcf5f2] RecipesBase v0.7.0
  [276daf66] SpecialFunctions v0.8.0
  [90137ffa] StaticArrays v0.12.1
  [123dc426] SymEngine v0.7.0
  [30578b45] URIParser v0.4.0
  [ddb6d928] YAML v0.3.2
  [2a0f44e3] Base64  [`@stdlib/Base64`]
  [ade2ca70] Dates  [`@stdlib/Dates`]
  [8bb1440f] DelimitedFiles  [`@stdlib/DelimitedFiles`]
  [8ba89e20] Distributed  [`@stdlib/Distributed`]
  [b77e0a4c] InteractiveUtils  [`@stdlib/InteractiveUtils`]
  [76f85450] LibGit2  [`@stdlib/LibGit2`]
  [8f399da3] Libdl  [`@stdlib/Libdl`]
  [37e2e46d] LinearAlgebra  [`@stdlib/LinearAlgebra`]
  [56ddb016] Logging  [`@stdlib/Logging`]
  [d6f4376e] Markdown  [`@stdlib/Markdown`]
  [a63ad114] Mmap  [`@stdlib/Mmap`]
  [44cfe95a] Pkg  [`@stdlib/Pkg`]
  [de0858da] Printf  [`@stdlib/Printf`]
  [3fa0cd96] REPL  [`@stdlib/REPL`]
  [9a3f8284] Random  [`@stdlib/Random`]
  [ea8e919c] SHA  [`@stdlib/SHA`]
  [9e88b42a] Serialization  [`@stdlib/Serialization`]
  [1a1011a3] SharedArrays  [`@stdlib/SharedArrays`]
  [6462fe0b] Sockets  [`@stdlib/Sockets`]
  [2f01184e] SparseArrays  [`@stdlib/SparseArrays`]
  [10745b16] Statistics  [`@stdlib/Statistics`]
  [8dfed614] Test  [`@stdlib/Test`]
  [cf7118a7] UUIDs  [`@stdlib/UUIDs`]
  [4ec0a83e] Unicode  [`@stdlib/Unicode`]
┌ Warning: Package Dolang does not have REPL in its dependencies:
│ - If you have Dolang checked out for development and have
│   added REPL as a dependency but haven't updated your primary
│   environment's manifest file, try `Pkg.resolve()`.
│ - Otherwise you may need to report an issue with Dolang
└ Loading REPL into Dolang from project dependency, future warnings for Dolang are suppressed.
Test Summary: | Pass  Total
symbolic      |  522    522
Test Summary:   | Pass  Total
 IncidenceTable |   22     22
Test Summary:                              | Pass  Total
by_eq always created -- even for empty eqs |    5      5
Test Summary: | Pass  Total
factory       |   20     20
Test Summary: | Pass  Total
compiler      |   96     96
Test Summary: | Pass  Total
compiler_new  |   33     33
Test Summary: | Pass  Total
util          |   43     43
Test Summary:      | Pass  Total
triangular systems |    6      6
Test Summary: | Pass  Total
latex printer |   13     13
Test Summary: | Pass  Total
minilanguage  |   11     11
   Testing Dolang tests passed 
