 Resolving package versions...
 Installed InvertedIndices ───────────── v1.0.0
 Installed Parsers ───────────────────── v0.3.10
 Installed DiffRules ─────────────────── v0.1.0
 Installed NaNMath ───────────────────── v0.3.3
 Installed IteratorInterfaceExtensions ─ v1.0.0
 Installed CommonSubexpressions ──────── v0.2.0
 Installed JSOSolvers ────────────────── v0.1.0
 Installed BinaryProvider ────────────── v0.5.8
 Installed Reexport ──────────────────── v0.2.0
 Installed DataAPI ───────────────────── v1.1.0
 Installed DataValueInterfaces ───────── v1.0.0
 Installed JSON ──────────────────────── v0.21.0
 Installed BinDeps ───────────────────── v0.8.10
 Installed SpecialFunctions ──────────── v0.8.0
 Installed DataStructures ────────────── v0.17.6
 Installed StaticArrays ──────────────── v0.12.1
 Installed DiffResults ───────────────── v0.0.4
 Installed URIParser ─────────────────── v0.4.0
 Installed TimerOutputs ──────────────── v0.5.3
 Installed FastClosures ──────────────── v0.3.2
 Installed SolverTools ───────────────── v0.1.7
 Installed DataFrames ────────────────── v0.19.4
 Installed SortingAlgorithms ─────────── v0.3.1
 Installed Krylov ────────────────────── v0.3.0
 Installed PooledArrays ──────────────── v0.5.2
 Installed Missings ──────────────────── v0.4.3
 Installed OrderedCollections ────────── v1.1.0
 Installed TableTraits ───────────────── v1.0.0
 Installed NLPModels ─────────────────── v0.10.0
 Installed CategoricalArrays ─────────── v0.7.3
 Installed Tables ────────────────────── v0.2.11
 Installed ForwardDiff ───────────────── v0.10.6
 Installed Compat ────────────────────── v2.2.0
 Installed LinearOperators ───────────── v0.7.1
  Updating `~/.julia/environments/v1.0/Project.toml`
  [10dff2fc] + JSOSolvers v0.1.0
  Updating `~/.julia/environments/v1.0/Manifest.toml`
  [9e28174c] + BinDeps v0.8.10
  [b99e7846] + BinaryProvider v0.5.8
  [324d7699] + CategoricalArrays v0.7.3
  [bbf7d656] + CommonSubexpressions v0.2.0
  [34da2185] + Compat v2.2.0
  [9a962f9c] + DataAPI v1.1.0
  [a93c6f00] + DataFrames v0.19.4
  [864edb3b] + DataStructures v0.17.6
  [e2d170a0] + DataValueInterfaces v1.0.0
  [163ba53b] + DiffResults v0.0.4
  [b552c78f] + DiffRules v0.1.0
  [9aa1b823] + FastClosures v0.3.2
  [f6369f11] + ForwardDiff v0.10.6
  [41ab1584] + InvertedIndices v1.0.0
  [82899510] + IteratorInterfaceExtensions v1.0.0
  [682c06a0] + JSON v0.21.0
  [10dff2fc] + JSOSolvers v0.1.0
  [ba0b0d4f] + Krylov v0.3.0
  [5c8ed15e] + LinearOperators v0.7.1
  [e1d29d7a] + Missings v0.4.3
  [a4795742] + NLPModels v0.10.0
  [77ba4419] + NaNMath v0.3.3
  [bac558e1] + OrderedCollections v1.1.0
  [69de0a69] + Parsers v0.3.10
  [2dfb63ee] + PooledArrays v0.5.2
  [189a3867] + Reexport v0.2.0
  [b5612192] + SolverTools v0.1.7
  [a2af1166] + SortingAlgorithms v0.3.1
  [276daf66] + SpecialFunctions v0.8.0
  [90137ffa] + StaticArrays v0.12.1
  [3783bdb8] + TableTraits v1.0.0
  [bd369af6] + Tables v0.2.11
  [a759f4b9] + TimerOutputs v0.5.3
  [30578b45] + URIParser v0.4.0
  [2a0f44e3] + Base64 
  [ade2ca70] + Dates 
  [8bb1440f] + DelimitedFiles 
  [8ba89e20] + Distributed 
  [9fa8497b] + Future 
  [b77e0a4c] + InteractiveUtils 
  [76f85450] + LibGit2 
  [8f399da3] + Libdl 
  [37e2e46d] + LinearAlgebra 
  [56ddb016] + Logging 
  [d6f4376e] + Markdown 
  [a63ad114] + Mmap 
  [44cfe95a] + Pkg 
  [de0858da] + Printf 
  [3fa0cd96] + REPL 
  [9a3f8284] + Random 
  [ea8e919c] + SHA 
  [9e88b42a] + Serialization 
  [1a1011a3] + SharedArrays 
  [6462fe0b] + Sockets 
  [2f01184e] + SparseArrays 
  [10745b16] + Statistics 
  [8dfed614] + Test 
  [cf7118a7] + UUIDs 
  [4ec0a83e] + Unicode 
  Building SpecialFunctions → `~/.julia/packages/SpecialFunctions/ne2iw/deps/build.log`
   Testing JSOSolvers
 Resolving package versions...
    Status `/tmp/tmppeyqF2/Manifest.toml`
  [9e28174c] BinDeps v0.8.10
  [b99e7846] BinaryProvider v0.5.8
  [324d7699] CategoricalArrays v0.7.3
  [bbf7d656] CommonSubexpressions v0.2.0
  [34da2185] Compat v2.2.0
  [9a962f9c] DataAPI v1.1.0
  [a93c6f00] DataFrames v0.19.4
  [864edb3b] DataStructures v0.17.6
  [e2d170a0] DataValueInterfaces v1.0.0
  [163ba53b] DiffResults v0.0.4
  [b552c78f] DiffRules v0.1.0
  [9aa1b823] FastClosures v0.3.2
  [f6369f11] ForwardDiff v0.10.6
  [41ab1584] InvertedIndices v1.0.0
  [82899510] IteratorInterfaceExtensions v1.0.0
  [682c06a0] JSON v0.21.0
  [10dff2fc] JSOSolvers v0.1.0
  [ba0b0d4f] Krylov v0.3.0
  [5c8ed15e] LinearOperators v0.7.1
  [e1d29d7a] Missings v0.4.3
  [a4795742] NLPModels v0.10.0
  [77ba4419] NaNMath v0.3.3
  [bac558e1] OrderedCollections v1.1.0
  [69de0a69] Parsers v0.3.10
  [2dfb63ee] PooledArrays v0.5.2
  [189a3867] Reexport v0.2.0
  [b5612192] SolverTools v0.1.7
  [a2af1166] SortingAlgorithms v0.3.1
  [276daf66] SpecialFunctions v0.8.0
  [90137ffa] StaticArrays v0.12.1
  [3783bdb8] TableTraits v1.0.0
  [bd369af6] Tables v0.2.11
  [a759f4b9] TimerOutputs v0.5.3
  [30578b45] URIParser v0.4.0
  [2a0f44e3] Base64  [`@stdlib/Base64`]
  [ade2ca70] Dates  [`@stdlib/Dates`]
  [8bb1440f] DelimitedFiles  [`@stdlib/DelimitedFiles`]
  [8ba89e20] Distributed  [`@stdlib/Distributed`]
  [9fa8497b] Future  [`@stdlib/Future`]
  [b77e0a4c] InteractiveUtils  [`@stdlib/InteractiveUtils`]
  [76f85450] LibGit2  [`@stdlib/LibGit2`]
  [8f399da3] Libdl  [`@stdlib/Libdl`]
  [37e2e46d] LinearAlgebra  [`@stdlib/LinearAlgebra`]
  [56ddb016] Logging  [`@stdlib/Logging`]
  [d6f4376e] Markdown  [`@stdlib/Markdown`]
  [a63ad114] Mmap  [`@stdlib/Mmap`]
  [44cfe95a] Pkg  [`@stdlib/Pkg`]
  [de0858da] Printf  [`@stdlib/Printf`]
  [3fa0cd96] REPL  [`@stdlib/REPL`]
  [9a3f8284] Random  [`@stdlib/Random`]
  [ea8e919c] SHA  [`@stdlib/SHA`]
  [9e88b42a] Serialization  [`@stdlib/Serialization`]
  [1a1011a3] SharedArrays  [`@stdlib/SharedArrays`]
  [6462fe0b] Sockets  [`@stdlib/Sockets`]
  [2f01184e] SparseArrays  [`@stdlib/SparseArrays`]
  [10745b16] Statistics  [`@stdlib/Statistics`]
  [8dfed614] Test  [`@stdlib/Test`]
  [cf7118a7] UUIDs  [`@stdlib/UUIDs`]
  [4ec0a83e] Unicode  [`@stdlib/Unicode`]
Test Summary: | Pass  Total
Consistency   |   16     16
[ Info: Testing NLP solvers
[ Info:   unconstrained solvers
[ Info:     JSOSolvers.trunk
Test Summary: | Pass  Total
Simple tests  |   16     16
Test Summary:       | Pass  Total
Extended Rosenbrock |    4      4
Multiprecision: Error During Test at /root/.julia/packages/JSOSolvers/8S6o4/test/solvers/unconstrained.jl:70
  Got exception outside of a @test
  TypeError: in *, in typeassert, expected Array{Float64,1}, got Array{Float16,1}
  Stacktrace:
   [1] *(::LinearOperator{Float64}, ::Array{Float16,1}) at /root/.julia/packages/LinearOperators/SzaD8/src/LinearOperators.jl:245
   [2] #cg#5(::opEye, ::Float16, ::Float16, ::Int64, ::Float16, ::Bool, ::Function, ::LinearOperator{Float64}, ::Array{Float16,1}) at /root/.julia/packages/Krylov/pJwdM/src/cg.jl:52
   [3] (::getfield(Krylov, Symbol("#kw##cg")))(::NamedTuple{(:atol, :rtol, :radius, :itmax),Tuple{Float16,Float16,Float16,Int64}}, ::typeof(cg), ::LinearOperator{Float64}, ::Array{Float16,1}) at ./none:0
   [4] (::getfield(JSOSolvers, Symbol("##3#4")){Float16,DataType,Int64,Array{Float16,1},TrustRegion,LinearOperator{Float64}})() at /root/.julia/packages/JSOSolvers/8S6o4/src/trunk.jl:74
   [5] with_logstate(::getfield(JSOSolvers, Symbol("##3#4")){Float16,DataType,Int64,Array{Float16,1},TrustRegion,LinearOperator{Float64}}, ::Base.CoreLogging.LogState) at ./logging.jl:395
   [6] #trunk#2(::NullLogger, ::Array{Float16,1}, ::Float16, ::Float16, ::Int64, ::Float64, ::Int64, ::Bool, ::Int64, ::typeof(trunk), ::ADNLPModel) at ./logging.jl:491
   [7] (::getfield(JSOSolvers, Symbol("#kw##trunk")))(::NamedTuple{(:max_eval, :atol, :rtol),Tuple{Int64,Float16,Float16}}, ::typeof(trunk), ::ADNLPModel) at ./none:0
   [8] #24 at /root/.julia/packages/JSOSolvers/8S6o4/test/solvers/unconstrained.jl:78 [inlined]
   [9] with_logstate(::getfield(Main, Symbol("##24#38")){typeof(trunk),Float16,ADNLPModel}, ::Base.CoreLogging.LogState) at ./logging.jl:395
   [10] with_logger(::Function, ::NullLogger) at ./logging.jl:491
   [11] test_unconstrained_solver(::typeof(trunk)) at /root/.julia/packages/JSOSolvers/8S6o4/test/solvers/unconstrained.jl:77
   [12] test_solvers() at /root/.julia/packages/JSOSolvers/8S6o4/test/test_solvers.jl:10
   [13] top-level scope at none:0
   [14] include at ./boot.jl:317 [inlined]
   [15] include_relative(::Module, ::String) at ./loading.jl:1044
   [16] include(::Module, ::String) at ./sysimg.jl:29
   [17] include(::String) at ./client.jl:392
   [18] top-level scope at none:0
   [19] include at ./boot.jl:317 [inlined]
   [20] include_relative(::Module, ::String) at ./loading.jl:1044
   [21] include(::Module, ::String) at ./sysimg.jl:29
   [22] include(::String) at ./client.jl:392
   [23] top-level scope at none:0
   [24] eval(::Module, ::Any) at ./boot.jl:319
   [25] exec_options(::Base.JLOptions) at ./client.jl:243
   [26] _start() at ./client.jl:425
Test Summary:  | Error  Total
Multiprecision |     1      1
ERROR: LoadError: LoadError: Some tests did not pass: 0 passed, 0 failed, 1 errored, 0 broken.
in expression starting at /root/.julia/packages/JSOSolvers/8S6o4/test/test_solvers.jl:26
in expression starting at /root/.julia/packages/JSOSolvers/8S6o4/test/runtests.jl:11
ERROR: Package JSOSolvers errored during testing
Stacktrace:
 [1] pkgerror(::String, ::Vararg{String,N} where N) at /buildworker/worker/package_linux64/build/usr/share/julia/stdlib/v1.0/Pkg/src/Types.jl:120
 [2] #test#65(::Bool, ::Function, ::Pkg.Types.Context, ::Array{Pkg.Types.PackageSpec,1}) at /buildworker/worker/package_linux64/build/usr/share/julia/stdlib/v1.0/Pkg/src/Operations.jl:1357
 [3] #test at /buildworker/worker/package_linux64/build/usr/share/julia/stdlib/v1.0/Pkg/src/API.jl:0 [inlined]
 [4] #test#44(::Bool, ::Base.Iterators.Pairs{Union{},Union{},Tuple{},NamedTuple{(),Tuple{}}}, ::Function, ::Pkg.Types.Context, ::Array{Pkg.Types.PackageSpec,1}) at /buildworker/worker/package_linux64/build/usr/share/julia/stdlib/v1.0/Pkg/src/API.jl:278
 [5] test at /buildworker/worker/package_linux64/build/usr/share/julia/stdlib/v1.0/Pkg/src/API.jl:263 [inlined]
 [6] #test#43 at /buildworker/worker/package_linux64/build/usr/share/julia/stdlib/v1.0/Pkg/src/API.jl:260 [inlined]
 [7] test at /buildworker/worker/package_linux64/build/usr/share/julia/stdlib/v1.0/Pkg/src/API.jl:260 [inlined]
 [8] #test#42 at /buildworker/worker/package_linux64/build/usr/share/julia/stdlib/v1.0/Pkg/src/API.jl:259 [inlined]
 [9] test at /buildworker/worker/package_linux64/build/usr/share/julia/stdlib/v1.0/Pkg/src/API.jl:259 [inlined]
 [10] #test#41 at /buildworker/worker/package_linux64/build/usr/share/julia/stdlib/v1.0/Pkg/src/API.jl:258 [inlined]
 [11] test(::String) at /buildworker/worker/package_linux64/build/usr/share/julia/stdlib/v1.0/Pkg/src/API.jl:258
 [12] top-level scope at none:0
