 Resolving package versions...
 Installed DataAPI ───────────────────── v1.1.0
 Installed Missings ──────────────────── v0.4.3
 Installed TableTraits ───────────────── v1.0.0
 Installed NearestNeighbors ──────────── v0.4.3
 Installed BinaryProvider ────────────── v0.5.8
 Installed DataFrames ────────────────── v0.19.4
 Installed DataValueInterfaces ───────── v1.0.0
 Installed PooledArrays ──────────────── v0.5.2
 Installed CommonSubexpressions ──────── v0.2.0
 Installed ArrayLayouts ──────────────── v0.1.5
 Installed URIParser ─────────────────── v0.4.0
 Installed StatsBase ─────────────────── v0.32.0
 Installed InvertedIndices ───────────── v1.0.0
 Installed Reexport ──────────────────── v0.2.0
 Installed OrderedCollections ────────── v1.1.0
 Installed Compat ────────────────────── v2.2.0
 Installed FilePathsBase ─────────────── v0.7.0
 Installed Tables ────────────────────── v0.2.11
 Installed ForwardDiff ───────────────── v0.10.6
 Installed Calculus ──────────────────── v0.5.1
 Installed JuMP ──────────────────────── v0.20.1
 Installed WeakRefStrings ────────────── v0.6.1
 Installed Parsers ───────────────────── v0.3.10
 Installed FillArrays ────────────────── v0.8.2
 Installed DataStructures ────────────── v0.17.6
 Installed DiffRules ─────────────────── v0.1.0
 Installed JSON ──────────────────────── v0.21.0
 Installed DiffResults ───────────────── v0.0.4
 Installed StaticArrays ──────────────── v0.12.1
 Installed NaNMath ───────────────────── v0.3.3
 Installed IteratorInterfaceExtensions ─ v1.0.0
 Installed BenchmarkTools ────────────── v0.4.3
 Installed MathOptInterface ──────────── v0.9.7
 Installed CSV ───────────────────────── v0.5.18
 Installed SortingAlgorithms ─────────── v0.3.1
 Installed CategoricalArrays ─────────── v0.7.3
 Installed LazyArrays ────────────────── v0.14.8
 Installed Distances ─────────────────── v0.8.2
 Installed MacroTools ────────────────── v0.5.2
 Installed SpecialFunctions ──────────── v0.8.0
 Installed BinDeps ───────────────────── v0.8.10
 Installed FileIO ────────────────────── v1.0.7
 Installed Clustering ────────────────── v0.13.3
 Installed ClustForOpt ───────────────── v0.4.2
  Updating `~/.julia/environments/v1.2/Project.toml`
  [f34a0dec] + ClustForOpt v0.4.2
  Updating `~/.julia/environments/v1.2/Manifest.toml`
  [4c555306] + ArrayLayouts v0.1.5
  [6e4b80f9] + BenchmarkTools v0.4.3
  [9e28174c] + BinDeps v0.8.10
  [b99e7846] + BinaryProvider v0.5.8
  [336ed68f] + CSV v0.5.18
  [49dc2e85] + Calculus v0.5.1
  [324d7699] + CategoricalArrays v0.7.3
  [f34a0dec] + ClustForOpt v0.4.2
  [aaaa29a8] + Clustering v0.13.3
  [bbf7d656] + CommonSubexpressions v0.2.0
  [34da2185] + Compat v2.2.0
  [9a962f9c] + DataAPI v1.1.0
  [a93c6f00] + DataFrames v0.19.4
  [864edb3b] + DataStructures v0.17.6
  [e2d170a0] + DataValueInterfaces v1.0.0
  [163ba53b] + DiffResults v0.0.4
  [b552c78f] + DiffRules v0.1.0
  [b4f34e82] + Distances v0.8.2
  [5789e2e9] + FileIO v1.0.7
  [48062228] + FilePathsBase v0.7.0
  [1a297f60] + FillArrays v0.8.2
  [f6369f11] + ForwardDiff v0.10.6
  [41ab1584] + InvertedIndices v1.0.0
  [82899510] + IteratorInterfaceExtensions v1.0.0
  [682c06a0] + JSON v0.21.0
  [4076af6c] + JuMP v0.20.1
  [5078a376] + LazyArrays v0.14.8
  [1914dd2f] + MacroTools v0.5.2
  [b8f27783] + MathOptInterface v0.9.7
  [e1d29d7a] + Missings v0.4.3
  [77ba4419] + NaNMath v0.3.3
  [b8a86587] + NearestNeighbors v0.4.3
  [bac558e1] + OrderedCollections v1.1.0
  [69de0a69] + Parsers v0.3.10
  [2dfb63ee] + PooledArrays v0.5.2
  [189a3867] + Reexport v0.2.0
  [a2af1166] + SortingAlgorithms v0.3.1
  [276daf66] + SpecialFunctions v0.8.0
  [90137ffa] + StaticArrays v0.12.1
  [2913bbd2] + StatsBase v0.32.0
  [3783bdb8] + TableTraits v1.0.0
  [bd369af6] + Tables v0.2.11
  [30578b45] + URIParser v0.4.0
  [ea10d353] + WeakRefStrings v0.6.1
  [2a0f44e3] + Base64 
  [ade2ca70] + Dates 
  [8bb1440f] + DelimitedFiles 
  [8ba89e20] + Distributed 
  [9fa8497b] + Future 
  [b77e0a4c] + InteractiveUtils 
  [76f85450] + LibGit2 
  [8f399da3] + Libdl 
  [37e2e46d] + LinearAlgebra 
  [56ddb016] + Logging 
  [d6f4376e] + Markdown 
  [a63ad114] + Mmap 
  [44cfe95a] + Pkg 
  [de0858da] + Printf 
  [3fa0cd96] + REPL 
  [9a3f8284] + Random 
  [ea8e919c] + SHA 
  [9e88b42a] + Serialization 
  [1a1011a3] + SharedArrays 
  [6462fe0b] + Sockets 
  [2f01184e] + SparseArrays 
  [10745b16] + Statistics 
  [8dfed614] + Test 
  [cf7118a7] + UUIDs 
  [4ec0a83e] + Unicode 
  Building SpecialFunctions → `~/.julia/packages/SpecialFunctions/ne2iw/deps/build.log`
   Testing ClustForOpt
 Resolving package versions...
 Installed MathProgBase ─────── v0.7.7
 Installed Cbc ──────────────── v0.6.5
 Installed CodecZlib ────────── v0.6.0
 Installed JLD2 ─────────────── v0.1.8
 Installed TranscodingStreams ─ v0.9.5
  Updating `/tmp/jl_5IKQHp/Project.toml`
  [9961bab8] + Cbc v0.6.5
  [f34a0dec] + ClustForOpt v0.4.2
  [033835bb] + JLD2 v0.1.8
  Updating `/tmp/jl_5IKQHp/Manifest.toml`
  [9961bab8] + Cbc v0.6.5
  [944b1d66] + CodecZlib v0.6.0
  [033835bb] + JLD2 v0.1.8
  [fdba3010] + MathProgBase v0.7.7
  [3bb67fe8] + TranscodingStreams v0.9.5
  Building Cbc ──────→ `~/.julia/packages/Cbc/5nCGI/deps/build.log`
  Building CodecZlib → `~/.julia/packages/CodecZlib/5t9zO/deps/build.log`
[ Info: Running Sandbox
    Status `/tmp/jl_5IKQHp/Project.toml`
  [9961bab8] Cbc v0.6.5
  [f34a0dec] ClustForOpt v0.4.2
  [033835bb] JLD2 v0.1.8
  [2913bbd2] StatsBase v0.32.0
  [44cfe95a] Pkg 
  [9a3f8284] Random 
  [8dfed614] Test 
┌ Warning: `getindex(df::DataFrame, col_ind::ColumnIndex)` is deprecated, use `df[!, col_ind]` instead.
│   caller = #add_timeseries_data!#12(::Int64, ::Int64, ::Array{Int64,1}, ::typeof(ClustForOpt.add_timeseries_data!), ::Dict{String,Array}, ::SubString{String}, ::DataFrames.DataFrame) at load_data.jl:132
└ @ ClustForOpt ~/.julia/packages/ClustForOpt/jkfiz/src/utils/load_data.jl:132
Test Summary:      | Pass  Total
run_clust CEP_GER1 |  162    162
Test Summary:       | Pass  Total
run_clust CEP_GER18 | 1692   1692
status: OPTIMAL
Welcome to the CBC MILP Solver 
Version: 2.10.3 
Build Date: Oct  7 2019 

command line - Cbc_C_Interface -solve -quit (default strategy 1)
Continuous objective value is 6548.89 - 273.29 seconds
Cgl0004I processed model has 134323 rows, 134322 columns (134322 integer (134322 of which binary)) and 402234 elements
Cbc0012I Integer solution of 6548.8896 found by DiveCoefficient after 0 iterations and 0 nodes (282.15 seconds)
Cbc0001I Search completed - best objective 6548.889578308786, took 0 iterations and 0 nodes (282.48 seconds)
Cbc0035I Maximum depth 0, 0 variables fixed on reduced cost
Cuts at root node changed objective from 6548.89 to 6548.89
Probing was tried 0 times and created 0 cuts of which 0 were active after adding rounds of cuts (0.000 seconds)
Gomory was tried 0 times and created 0 cuts of which 0 were active after adding rounds of cuts (0.000 seconds)
Knapsack was tried 0 times and created 0 cuts of which 0 were active after adding rounds of cuts (0.000 seconds)
Clique was tried 0 times and created 0 cuts of which 0 were active after adding rounds of cuts (0.000 seconds)
MixedIntegerRounding2 was tried 0 times and created 0 cuts of which 0 were active after adding rounds of cuts (0.000 seconds)
FlowCover was tried 0 times and created 0 cuts of which 0 were active after adding rounds of cuts (0.000 seconds)
TwoMirCuts was tried 0 times and created 0 cuts of which 0 were active after adding rounds of cuts (0.000 seconds)
ZeroHalf was tried 0 times and created 0 cuts of which 0 were active after adding rounds of cuts (0.000 seconds)

Result - Optimal solution found

Objective value:                6548.88957831
Enumerated nodes:               0
Total iterations:               0
Time (CPU seconds):             283.60
Time (Wallclock seconds):       291.60

Total time (CPU seconds):       283.60   (Wallclock seconds):       291.60

status: OPTIMAL
Welcome to the CBC MILP Solver 
Version: 2.10.3 
Build Date: Oct  7 2019 

command line - Cbc_C_Interface -solve -quit (default strategy 1)
Continuous objective value is 17569.8 - 40.51 seconds
Cgl0005I 367 SOS with 134322 members
Cgl0004I processed model has 134323 rows, 134322 columns (134322 integer (134322 of which binary)) and 402234 elements
Cbc0012I Integer solution of 17569.826 found by DiveCoefficient after 0 iterations and 0 nodes (49.19 seconds)
Cbc0001I Search completed - best objective 17569.82588754691, took 0 iterations and 0 nodes (49.47 seconds)
Cbc0035I Maximum depth 0, 0 variables fixed on reduced cost
Cuts at root node changed objective from 17569.8 to 17569.8
Probing was tried 0 times and created 0 cuts of which 0 were active after adding rounds of cuts (0.000 seconds)
Gomory was tried 0 times and created 0 cuts of which 0 were active after adding rounds of cuts (0.000 seconds)
Knapsack was tried 0 times and created 0 cuts of which 0 were active after adding rounds of cuts (0.000 seconds)
Clique was tried 0 times and created 0 cuts of which 0 were active after adding rounds of cuts (0.000 seconds)
MixedIntegerRounding2 was tried 0 times and created 0 cuts of which 0 were active after adding rounds of cuts (0.000 seconds)
FlowCover was tried 0 times and created 0 cuts of which 0 were active after adding rounds of cuts (0.000 seconds)
TwoMirCuts was tried 0 times and created 0 cuts of which 0 were active after adding rounds of cuts (0.000 seconds)
ZeroHalf was tried 0 times and created 0 cuts of which 0 were active after adding rounds of cuts (0.000 seconds)

Result - Optimal solution found

Objective value:                17569.82588755
Enumerated nodes:               0
Total iterations:               0
Time (CPU seconds):             50.41
Time (Wallclock seconds):       51.04

Total time (CPU seconds):       50.41   (Wallclock seconds):       51.04

status: OPTIMAL
Test Summary:                  | Pass  Total
kmedoids_exact-medoid-CEP_GER1 |   48     48
Test Summary:    | Pass  Total
MultiClustAtOnce |   48     48
ClustResultAll: Test Failed at /root/.julia/packages/ClustForOpt/jkfiz/test/run_clust.jl:107
  Expression: all(t_all.centers_all[i] .≈ ref_all.centers_all[i])
Stacktrace:
 [1] top-level scope at /root/.julia/packages/ClustForOpt/jkfiz/test/run_clust.jl:107
 [2] top-level scope at /buildworker/worker/package_linux64/build/usr/share/julia/stdlib/v1.2/Test/src/Test.jl:1113
 [3] top-level scope at /root/.julia/packages/ClustForOpt/jkfiz/test/run_clust.jl:100
ClustResultAll: Test Failed at /root/.julia/packages/ClustForOpt/jkfiz/test/run_clust.jl:107
  Expression: all(t_all.centers_all[i] .≈ ref_all.centers_all[i])
Stacktrace:
 [1] top-level scope at /root/.julia/packages/ClustForOpt/jkfiz/test/run_clust.jl:107
 [2] top-level scope at /buildworker/worker/package_linux64/build/usr/share/julia/stdlib/v1.2/Test/src/Test.jl:1113
 [3] top-level scope at /root/.julia/packages/ClustForOpt/jkfiz/test/run_clust.jl:100
ClustResultAll: Test Failed at /root/.julia/packages/ClustForOpt/jkfiz/test/run_clust.jl:107
  Expression: all(t_all.centers_all[i] .≈ ref_all.centers_all[i])
Stacktrace:
 [1] top-level scope at /root/.julia/packages/ClustForOpt/jkfiz/test/run_clust.jl:107
 [2] top-level scope at /buildworker/worker/package_linux64/build/usr/share/julia/stdlib/v1.2/Test/src/Test.jl:1113
 [3] top-level scope at /root/.julia/packages/ClustForOpt/jkfiz/test/run_clust.jl:100
ClustResultAll: Test Failed at /root/.julia/packages/ClustForOpt/jkfiz/test/run_clust.jl:107
  Expression: all(t_all.centers_all[i] .≈ ref_all.centers_all[i])
Stacktrace:
 [1] top-level scope at /root/.julia/packages/ClustForOpt/jkfiz/test/run_clust.jl:107
 [2] top-level scope at /buildworker/worker/package_linux64/build/usr/share/julia/stdlib/v1.2/Test/src/Test.jl:1113
 [3] top-level scope at /root/.julia/packages/ClustForOpt/jkfiz/test/run_clust.jl:100
ClustResultAll: Test Failed at /root/.julia/packages/ClustForOpt/jkfiz/test/run_clust.jl:107
  Expression: all(t_all.centers_all[i] .≈ ref_all.centers_all[i])
Stacktrace:
 [1] top-level scope at /root/.julia/packages/ClustForOpt/jkfiz/test/run_clust.jl:107
 [2] top-level scope at /buildworker/worker/package_linux64/build/usr/share/julia/stdlib/v1.2/Test/src/Test.jl:1113
 [3] top-level scope at /root/.julia/packages/ClustForOpt/jkfiz/test/run_clust.jl:100
ClustResultAll: Test Failed at /root/.julia/packages/ClustForOpt/jkfiz/test/run_clust.jl:107
  Expression: all(t_all.centers_all[i] .≈ ref_all.centers_all[i])
Stacktrace:
 [1] top-level scope at /root/.julia/packages/ClustForOpt/jkfiz/test/run_clust.jl:107
 [2] top-level scope at /buildworker/worker/package_linux64/build/usr/share/julia/stdlib/v1.2/Test/src/Test.jl:1113
 [3] top-level scope at /root/.julia/packages/ClustForOpt/jkfiz/test/run_clust.jl:100
ClustResultAll: Test Failed at /root/.julia/packages/ClustForOpt/jkfiz/test/run_clust.jl:107
  Expression: all(t_all.centers_all[i] .≈ ref_all.centers_all[i])
Stacktrace:
 [1] top-level scope at /root/.julia/packages/ClustForOpt/jkfiz/test/run_clust.jl:107
 [2] top-level scope at /buildworker/worker/package_linux64/build/usr/share/julia/stdlib/v1.2/Test/src/Test.jl:1113
 [3] top-level scope at /root/.julia/packages/ClustForOpt/jkfiz/test/run_clust.jl:100
ClustResultAll: Test Failed at /root/.julia/packages/ClustForOpt/jkfiz/test/run_clust.jl:107
  Expression: all(t_all.centers_all[i] .≈ ref_all.centers_all[i])
Stacktrace:
 [1] top-level scope at /root/.julia/packages/ClustForOpt/jkfiz/test/run_clust.jl:107
 [2] top-level scope at /buildworker/worker/package_linux64/build/usr/share/julia/stdlib/v1.2/Test/src/Test.jl:1113
 [3] top-level scope at /root/.julia/packages/ClustForOpt/jkfiz/test/run_clust.jl:100
ClustResultAll: Test Failed at /root/.julia/packages/ClustForOpt/jkfiz/test/run_clust.jl:107
  Expression: all(t_all.centers_all[i] .≈ ref_all.centers_all[i])
Stacktrace:
 [1] top-level scope at /root/.julia/packages/ClustForOpt/jkfiz/test/run_clust.jl:107
 [2] top-level scope at /buildworker/worker/package_linux64/build/usr/share/julia/stdlib/v1.2/Test/src/Test.jl:1113
 [3] top-level scope at /root/.julia/packages/ClustForOpt/jkfiz/test/run_clust.jl:100
ClustResultAll: Test Failed at /root/.julia/packages/ClustForOpt/jkfiz/test/run_clust.jl:107
  Expression: all(t_all.centers_all[i] .≈ ref_all.centers_all[i])
Stacktrace:
 [1] top-level scope at /root/.julia/packages/ClustForOpt/jkfiz/test/run_clust.jl:107
 [2] top-level scope at /buildworker/worker/package_linux64/build/usr/share/julia/stdlib/v1.2/Test/src/Test.jl:1113
 [3] top-level scope at /root/.julia/packages/ClustForOpt/jkfiz/test/run_clust.jl:100
Test Summary:  | Pass  Fail  Total
ClustResultAll |   56    10     66
ERROR: LoadError: LoadError: Some tests did not pass: 56 passed, 10 failed, 0 errored, 0 broken.
in expression starting at /root/.julia/packages/ClustForOpt/jkfiz/test/run_clust.jl:99
in expression starting at /root/.julia/packages/ClustForOpt/jkfiz/test/runtests.jl:10
Welcome to the CBC MILP Solver 
Version: 2.10.3 
Build Date: Oct  7 2019 

command line - Cbc_C_Interface -solve -quit (default strategy 1)
Continuous objective value is 0 - 0.37 seconds
Cgl0004I processed model has 0 rows, 0 columns (0 integer (0 of which binary)) and 0 elements
Cbc3007W No integer variables - nothing to do
Cuts at root node changed objective from 0 to -1.79769e+308
Probing was tried 0 times and created 0 cuts of which 0 were active after adding rounds of cuts (0.000 seconds)
Gomory was tried 0 times and created 0 cuts of which 0 were active after adding rounds of cuts (0.000 seconds)
Knapsack was tried 0 times and created 0 cuts of which 0 were active after adding rounds of cuts (0.000 seconds)
Clique was tried 0 times and created 0 cuts of which 0 were active after adding rounds of cuts (0.000 seconds)
MixedIntegerRounding2 was tried 0 times and created 0 cuts of which 0 were active after adding rounds of cuts (0.000 seconds)
FlowCover was tried 0 times and created 0 cuts of which 0 were active after adding rounds of cuts (0.000 seconds)
TwoMirCuts was tried 0 times and created 0 cuts of which 0 were active after adding rounds of cuts (0.000 seconds)
ZeroHalf was tried 0 times and created 0 cuts of which 0 were active after adding rounds of cuts (0.000 seconds)

Result - Optimal solution found

Objective value:                0.00000000
Enumerated nodes:               0
Total iterations:               366
Time (CPU seconds):             4.29
Time (Wallclock seconds):       4.34

Total time (CPU seconds):       4.29   (Wallclock seconds):       4.34

ERROR: Package ClustForOpt errored during testing
Stacktrace:
 [1] pkgerror(::String, ::Vararg{String,N} where N) at /buildworker/worker/package_linux64/build/usr/share/julia/stdlib/v1.2/Pkg/src/Types.jl:112
 [2] #test#119(::Bool, ::Nothing, ::typeof(Pkg.Operations.test), ::Pkg.Types.Context, ::Array{Pkg.Types.PackageSpec,1}) at /buildworker/worker/package_linux64/build/usr/share/julia/stdlib/v1.2/Pkg/src/Operations.jl:1288
 [3] #test at ./none:0 [inlined]
 [4] #test#62(::Bool, ::Nothing, ::Base.Iterators.Pairs{Union{},Union{},Tuple{},NamedTuple{(),Tuple{}}}, ::typeof(Pkg.API.test), ::Pkg.Types.Context, ::Array{Pkg.Types.PackageSpec,1}) at /buildworker/worker/package_linux64/build/usr/share/julia/stdlib/v1.2/Pkg/src/API.jl:245
 [5] test at /buildworker/worker/package_linux64/build/usr/share/julia/stdlib/v1.2/Pkg/src/API.jl:233 [inlined]
 [6] #test#61 at /buildworker/worker/package_linux64/build/usr/share/julia/stdlib/v1.2/Pkg/src/API.jl:230 [inlined]
 [7] test at /buildworker/worker/package_linux64/build/usr/share/julia/stdlib/v1.2/Pkg/src/API.jl:230 [inlined]
 [8] #test#60 at /buildworker/worker/package_linux64/build/usr/share/julia/stdlib/v1.2/Pkg/src/API.jl:229 [inlined]
 [9] test at /buildworker/worker/package_linux64/build/usr/share/julia/stdlib/v1.2/Pkg/src/API.jl:229 [inlined]
 [10] #test#59(::Base.Iterators.Pairs{Union{},Union{},Tuple{},NamedTuple{(),Tuple{}}}, ::typeof(Pkg.API.test), ::String) at /buildworker/worker/package_linux64/build/usr/share/julia/stdlib/v1.2/Pkg/src/API.jl:228
 [11] test(::String) at /buildworker/worker/package_linux64/build/usr/share/julia/stdlib/v1.2/Pkg/src/API.jl:228
 [12] top-level scope at none:10
