 Resolving package versions...
 Installed OrderedCollections ─ v1.1.0
 Installed EzXML ────────────── v0.9.4
 Installed BinaryProvider ───── v0.5.8
 Installed IterTools ────────── v1.3.0
 Installed DataStructures ───── v0.17.6
 Installed XMLDict ──────────── v0.3.0
 Installed MortalityTables ──── v0.1.0
  Updating `~/.julia/environments/v1.0/Project.toml`
  [4780e19d] + MortalityTables v0.1.0
  Updating `~/.julia/environments/v1.0/Manifest.toml`
  [b99e7846] + BinaryProvider v0.5.8
  [864edb3b] + DataStructures v0.17.6
  [8f5d6c58] + EzXML v0.9.4
  [c8e1da08] + IterTools v1.3.0
  [4780e19d] + MortalityTables v0.1.0
  [bac558e1] + OrderedCollections v1.1.0
  [228000da] + XMLDict v0.3.0
  [2a0f44e3] + Base64 
  [8ba89e20] + Distributed 
  [b77e0a4c] + InteractiveUtils 
  [8f399da3] + Libdl 
  [37e2e46d] + LinearAlgebra 
  [56ddb016] + Logging 
  [d6f4376e] + Markdown 
  [de0858da] + Printf 
  [9a3f8284] + Random 
  [ea8e919c] + SHA 
  [9e88b42a] + Serialization 
  [6462fe0b] + Sockets 
  [8dfed614] + Test 
  [4ec0a83e] + Unicode 
  Building EzXML → `~/.julia/packages/EzXML/G0JeY/deps/build.log`
   Testing MortalityTables
    Status `/tmp/tmpL5TUqW/Manifest.toml`
  [b99e7846] BinaryProvider v0.5.8
  [864edb3b] DataStructures v0.17.6
  [8f5d6c58] EzXML v0.9.4
  [c8e1da08] IterTools v1.3.0
  [4780e19d] MortalityTables v0.1.0
  [bac558e1] OrderedCollections v1.1.0
  [228000da] XMLDict v0.3.0
  [2a0f44e3] Base64  [`@stdlib/Base64`]
  [8ba89e20] Distributed  [`@stdlib/Distributed`]
  [b77e0a4c] InteractiveUtils  [`@stdlib/InteractiveUtils`]
  [8f399da3] Libdl  [`@stdlib/Libdl`]
  [37e2e46d] LinearAlgebra  [`@stdlib/LinearAlgebra`]
  [56ddb016] Logging  [`@stdlib/Logging`]
  [d6f4376e] Markdown  [`@stdlib/Markdown`]
  [de0858da] Printf  [`@stdlib/Printf`]
  [9a3f8284] Random  [`@stdlib/Random`]
  [ea8e919c] SHA  [`@stdlib/SHA`]
  [9e88b42a] Serialization  [`@stdlib/Serialization`]
  [6462fe0b] Sockets  [`@stdlib/Sockets`]
  [8dfed614] Test  [`@stdlib/Test`]
  [4ec0a83e] Unicode  [`@stdlib/Unicode`]
   Testing MortalityTables tests passed 
