 Resolving package versions...
 Installed RecipesBase ───────── v0.7.0
 Installed FastRounding ──────── v0.2.0
 Installed SetRounding ───────── v0.2.0
 Installed NumberIntervals ───── v0.1.0
 Installed ErrorfreeArithmetic ─ v0.4.0
 Installed StaticArrays ──────── v0.12.1
 Installed IntervalArithmetic ── v0.15.2
 Installed CRlibm ────────────── v0.7.1
  Updating `~/.julia/environments/v1.0/Project.toml`
  [978898f6] + NumberIntervals v0.1.0
  Updating `~/.julia/environments/v1.0/Manifest.toml`
  [96374032] + CRlibm v0.7.1
  [90fa49ef] + ErrorfreeArithmetic v0.4.0
  [fa42c844] + FastRounding v0.2.0
  [d1acc4aa] + IntervalArithmetic v0.15.2
  [978898f6] + NumberIntervals v0.1.0
  [3cdcf5f2] + RecipesBase v0.7.0
  [3cc68bcd] + SetRounding v0.2.0
  [90137ffa] + StaticArrays v0.12.1
  [2a0f44e3] + Base64 
  [8ba89e20] + Distributed 
  [b77e0a4c] + InteractiveUtils 
  [8f399da3] + Libdl 
  [37e2e46d] + LinearAlgebra 
  [56ddb016] + Logging 
  [d6f4376e] + Markdown 
  [9a3f8284] + Random 
  [9e88b42a] + Serialization 
  [6462fe0b] + Sockets 
  [2f01184e] + SparseArrays 
  [10745b16] + Statistics 
  [8dfed614] + Test 
  Building CRlibm → `~/.julia/packages/CRlibm/2S9DB/deps/build.log`
   Testing NumberIntervals
    Status `/tmp/tmpS4Z39U/Manifest.toml`
  [96374032] CRlibm v0.7.1
  [90fa49ef] ErrorfreeArithmetic v0.4.0
  [fa42c844] FastRounding v0.2.0
  [d1acc4aa] IntervalArithmetic v0.15.2
  [978898f6] NumberIntervals v0.1.0
  [3cdcf5f2] RecipesBase v0.7.0
  [3cc68bcd] SetRounding v0.2.0
  [90137ffa] StaticArrays v0.12.1
  [2a0f44e3] Base64  [`@stdlib/Base64`]
  [8ba89e20] Distributed  [`@stdlib/Distributed`]
  [b77e0a4c] InteractiveUtils  [`@stdlib/InteractiveUtils`]
  [8f399da3] Libdl  [`@stdlib/Libdl`]
  [37e2e46d] LinearAlgebra  [`@stdlib/LinearAlgebra`]
  [56ddb016] Logging  [`@stdlib/Logging`]
  [d6f4376e] Markdown  [`@stdlib/Markdown`]
  [9a3f8284] Random  [`@stdlib/Random`]
  [9e88b42a] Serialization  [`@stdlib/Serialization`]
  [6462fe0b] Sockets  [`@stdlib/Sockets`]
  [2f01184e] SparseArrays  [`@stdlib/SparseArrays`]
  [10745b16] Statistics  [`@stdlib/Statistics`]
  [8dfed614] Test  [`@stdlib/Test`]
Test Summary:     | Pass  Total
number comparison |   11     11
Test Summary:    | Pass  Total
testing for zero |    4      4
Test Summary: | Pass  Total
test sign     |    8      8
Test Summary: | Pass  Total
isinteger     |    5      5
Test Summary: | Pass  Total
isfinite      |    6      6
Test Summary:          | Pass  Total
IndeterminateException |    1      1
Test Summary: | Pass  Total
constructor   |    8      8
Test Summary: | Pass  Total
promotion     |    1      1
   Testing NumberIntervals tests passed 
