 Resolving package versions...
 Installed ParallelProcessingTools ─ v0.4.1
  Updating `~/.julia/environments/v1.0/Project.toml`
  [8e8a01fc] + ParallelProcessingTools v0.4.1
  Updating `~/.julia/environments/v1.0/Manifest.toml`
  [8e8a01fc] + ParallelProcessingTools v0.4.1
  [8ba89e20] + Distributed 
  [8f399da3] + Libdl 
  [37e2e46d] + LinearAlgebra 
  [9a3f8284] + Random 
  [9e88b42a] + Serialization 
  [6462fe0b] + Sockets 
   Testing ParallelProcessingTools
 Resolving package versions...
    Status `/tmp/tmpJbCGCO/Manifest.toml`
  [8e8a01fc] ParallelProcessingTools v0.4.1
  [2a0f44e3] Base64  [`@stdlib/Base64`]
  [8ba89e20] Distributed  [`@stdlib/Distributed`]
  [b77e0a4c] InteractiveUtils  [`@stdlib/InteractiveUtils`]
  [8f399da3] Libdl  [`@stdlib/Libdl`]
  [37e2e46d] LinearAlgebra  [`@stdlib/LinearAlgebra`]
  [56ddb016] Logging  [`@stdlib/Logging`]
  [d6f4376e] Markdown  [`@stdlib/Markdown`]
  [9a3f8284] Random  [`@stdlib/Random`]
  [9e88b42a] Serialization  [`@stdlib/Serialization`]
  [6462fe0b] Sockets  [`@stdlib/Sockets`]
  [8dfed614] Test  [`@stdlib/Test`]
[ Info: Testing with 1 Julia threads.
[ Info: 1
┌ Warning: JULIA multithreading not enabled
└ @ Main ~/.julia/packages/ParallelProcessingTools/7dVGh/test/test_onthreads.jl:11
Test Summary:                   | Pass  Total
Package ParallelProcessingTools |   61     61
   Testing ParallelProcessingTools tests passed 
