 Resolving package versions...
 Installed AbstractInstances ─ v0.1.0
  Updating `~/.julia/environments/v1.0/Project.toml`
  [9e5c662f] + AbstractInstances v0.1.0
  Updating `~/.julia/environments/v1.0/Manifest.toml`
  [9e5c662f] + AbstractInstances v0.1.0
  [2a0f44e3] + Base64 
  [8ba89e20] + Distributed 
  [b77e0a4c] + InteractiveUtils 
  [8f399da3] + Libdl 
  [37e2e46d] + LinearAlgebra 
  [56ddb016] + Logging 
  [d6f4376e] + Markdown 
  [9a3f8284] + Random 
  [9e88b42a] + Serialization 
  [6462fe0b] + Sockets 
  [8dfed614] + Test 
   Testing AbstractInstances
 Resolving package versions...
    Status `/tmp/tmpALpiBQ/Manifest.toml`
  [9e5c662f] AbstractInstances v0.1.0
  [2a0f44e3] Base64  [`@stdlib/Base64`]
  [8ba89e20] Distributed  [`@stdlib/Distributed`]
  [b77e0a4c] InteractiveUtils  [`@stdlib/InteractiveUtils`]
  [8f399da3] Libdl  [`@stdlib/Libdl`]
  [37e2e46d] LinearAlgebra  [`@stdlib/LinearAlgebra`]
  [56ddb016] Logging  [`@stdlib/Logging`]
  [d6f4376e] Markdown  [`@stdlib/Markdown`]
  [9a3f8284] Random  [`@stdlib/Random`]
  [9e88b42a] Serialization  [`@stdlib/Serialization`]
  [6462fe0b] Sockets  [`@stdlib/Sockets`]
  [8dfed614] Test  [`@stdlib/Test`]
Test Summary:  | Pass  Total
concrete types |   10     10
Test Summary:      | Pass  Total
concrete instances |   20     20
   Testing AbstractInstances tests passed 
