 Resolving package versions...
 Installed Cassette ─ v0.2.6
  Updating `~/.julia/environments/v1.0/Project.toml`
  [7057c7e9] + Cassette v0.2.6
  Updating `~/.julia/environments/v1.0/Manifest.toml`
  [7057c7e9] + Cassette v0.2.6
   Testing Cassette
 Resolving package versions...
    Status `/tmp/tmpgA8FXP/Manifest.toml`
  [7057c7e9] Cassette v0.2.6
  [2a0f44e3] Base64  [`@stdlib/Base64`]
  [ade2ca70] Dates  [`@stdlib/Dates`]
  [8ba89e20] Distributed  [`@stdlib/Distributed`]
  [b77e0a4c] InteractiveUtils  [`@stdlib/InteractiveUtils`]
  [76f85450] LibGit2  [`@stdlib/LibGit2`]
  [8f399da3] Libdl  [`@stdlib/Libdl`]
  [37e2e46d] LinearAlgebra  [`@stdlib/LinearAlgebra`]
  [56ddb016] Logging  [`@stdlib/Logging`]
  [d6f4376e] Markdown  [`@stdlib/Markdown`]
  [44cfe95a] Pkg  [`@stdlib/Pkg`]
  [de0858da] Printf  [`@stdlib/Printf`]
  [3fa0cd96] REPL  [`@stdlib/REPL`]
  [9a3f8284] Random  [`@stdlib/Random`]
  [ea8e919c] SHA  [`@stdlib/SHA`]
  [9e88b42a] Serialization  [`@stdlib/Serialization`]
  [6462fe0b] Sockets  [`@stdlib/Sockets`]
  [8dfed614] Test  [`@stdlib/Test`]
  [cf7118a7] UUIDs  [`@stdlib/UUIDs`]
  [4ec0a83e] Unicode  [`@stdlib/Unicode`]
running unit tests
Test Summary: | Pass  Total
unit tests    |   82     82
  5.736338 seconds (6.19 M allocations: 317.712 MiB, 5.16% gc time)
running misc. tests (w/o tagging)
   running RosCtx test...done (took 13.160614967346191 seconds)
   running HookCtx test...done (took 1.6609258651733398 seconds)
   running SinCtx test...done (took 4.434929132461548 seconds)
   running FoldCtx test...done (took 0.1636960506439209 seconds)
   running CountCtx test...done (took 12.974755048751831 seconds)
   running CountCtx2 test...done (took 8.803321838378906 seconds)
   running SqrCtx test...done (took 0.11605000495910645 seconds)
   running CompCtx test...done (took 2.8703689575195312 seconds)
   running PassCtx test...done (took 8.706875085830688 seconds)
   running PassFallbackCtx test...done (took 5.96926212310791 seconds)
   running WorldCtx test...done (took 13.260294914245605 seconds)
   running TraceCtx test...done (took 4.8814709186553955 seconds)
   running NestedReflectCtx test...done (took 1.824570894241333 seconds)
   running GemvCtx test...done (took 4.318633079528809 seconds)
   running InferCtx test...done (took 32.65447282791138 seconds)
   running InModuleCtx test...done (took 6.301413059234619 seconds)
   running InvokeCtx test...done (took 0.24014616012573242 seconds)
   running Invoke2Ctx test...done (took 0.2035970687866211 seconds)
   running MemoizeCtx test...done (took 0.9377651214599609 seconds)
   running DisableHooksCtx test...done (took 6.332124948501587 seconds)
   running SliceCtx test...done (took 12.914693832397461 seconds)
Test Summary:             | Pass  Total
misc. tests (w/o tagging) |   96     96
149.850076 seconds (160.03 M allocations: 8.432 GiB, 6.14% gc time)
running misc. tests (w/ tagging)
   running BazCtx test...done (took 23.479774951934814 seconds)
   running FooBarCtx test...done (took 19.201403856277466 seconds)
   running TaggedTupleCtx test...done (took 12.590084075927734 seconds)
   running ApplyCtx test...done (took 15.941850900650024 seconds)
   running VATupleCtx test...done (took 45.44786787033081 seconds)
   running BroadcastCtx test...done (took 42.42849516868591 seconds)
   running BroadcastCtx2 test...done (took 70.3758270740509 seconds)
   running MetaTypeCtx test...done (took 0.17095398902893066 seconds)
   running TagConditionalCtx test...done (took 3.246678113937378 seconds)
   running KwargCtx test...done (took 1.3558850288391113 seconds)
   running RecurTagCtx test...done (took 1.1317720413208008 seconds)
   running CrazyPropCtx test...done (took 60.142377853393555 seconds)
   running DiffCtx test...done (took 245.49660801887512 seconds)
   running ArrayIndexCtx test...done (took 13.459684133529663 seconds)
Test Summary:            | Pass  Total
misc. tests (w/ tagging) |  119    119
554.524305 seconds (467.05 M allocations: 27.543 GiB, 5.63% gc time)
   Testing Cassette tests passed 
