 Resolving package versions...
 Installed IniFile ──────── v0.5.0
 Installed Parsers ──────── v0.3.10
 Installed JSON ─────────── v0.21.0
 Installed BinaryProvider ─ v0.5.8
 Installed HTTP ─────────── v0.8.8
 Installed MbedTLS ──────── v0.6.8
 Installed Merly ────────── v0.2.1
  Updating `~/.julia/environments/v1.0/Project.toml`
  [5b70daea] + Merly v0.2.1
  Updating `~/.julia/environments/v1.0/Manifest.toml`
  [b99e7846] + BinaryProvider v0.5.8
  [cd3eb016] + HTTP v0.8.8
  [83e8ac13] + IniFile v0.5.0
  [682c06a0] + JSON v0.21.0
  [739be429] + MbedTLS v0.6.8
  [5b70daea] + Merly v0.2.1
  [69de0a69] + Parsers v0.3.10
  [2a0f44e3] + Base64 
  [ade2ca70] + Dates 
  [8ba89e20] + Distributed 
  [b77e0a4c] + InteractiveUtils 
  [8f399da3] + Libdl 
  [37e2e46d] + LinearAlgebra 
  [56ddb016] + Logging 
  [d6f4376e] + Markdown 
  [a63ad114] + Mmap 
  [de0858da] + Printf 
  [9a3f8284] + Random 
  [ea8e919c] + SHA 
  [9e88b42a] + Serialization 
  [6462fe0b] + Sockets 
  [8dfed614] + Test 
  [4ec0a83e] + Unicode 
  Building MbedTLS → `~/.julia/packages/MbedTLS/X4xar/deps/build.log`
   Testing Merly
    Status `/tmp/tmp9qbY8G/Manifest.toml`
  [b99e7846] BinaryProvider v0.5.8
  [cd3eb016] HTTP v0.8.8
  [83e8ac13] IniFile v0.5.0
  [682c06a0] JSON v0.21.0
  [739be429] MbedTLS v0.6.8
  [5b70daea] Merly v0.2.1
  [69de0a69] Parsers v0.3.10
  [2a0f44e3] Base64  [`@stdlib/Base64`]
  [ade2ca70] Dates  [`@stdlib/Dates`]
  [8ba89e20] Distributed  [`@stdlib/Distributed`]
  [b77e0a4c] InteractiveUtils  [`@stdlib/InteractiveUtils`]
  [8f399da3] Libdl  [`@stdlib/Libdl`]
  [37e2e46d] LinearAlgebra  [`@stdlib/LinearAlgebra`]
  [56ddb016] Logging  [`@stdlib/Logging`]
  [d6f4376e] Markdown  [`@stdlib/Markdown`]
  [a63ad114] Mmap  [`@stdlib/Mmap`]
  [de0858da] Printf  [`@stdlib/Printf`]
  [9a3f8284] Random  [`@stdlib/Random`]
  [ea8e919c] SHA  [`@stdlib/SHA`]
  [9e88b42a] Serialization  [`@stdlib/Serialization`]
  [6462fe0b] Sockets  [`@stdlib/Sockets`]
  [8dfed614] Test  [`@stdlib/Test`]
  [4ec0a83e] Unicode  [`@stdlib/Unicode`]
┌ Info: Url added
└   url = "GET/"
┌ Info: Url added
└   Regex(url_) = r"^GET/hola/(?<usr>\w+)$"
┌ Info: Url added
└   url = "GET/mifile"
┌ Info: Url added
└   Regex(url_) = r"^GET/get/(?<data1>\w+)$"
┌ Info: Url added
└   Regex(url_) = r"^GET/regex/(\w+\d+)$"
┌ Info: Url added
└   url = "POST/post"
┌ Info: Url added
└   url = "POST/"
┌ Info: Url added
└   url = "PUT/"
┌ Info: Url added
└   url = "DELETE/"
┌ Info: Url added
└   url = "GET/data"
┌ Info: Url added
└   url = "POST/data"
┌ Info: Url added
└   url = "GET/Project.toml"
┌ Info: Url added
└   url = "GET/cosa/algomas/ja.txt"
┌ Info: Url added
└   url = "GET/cosa/texto.txt"
┌ Info: Url added
└   url = "GET/index.html"
┌ Info: Url added
└   url = "GET/notfound.html"
┌ Info: Url added
└   url = "GET/prueba.txt"
params: RegexMatch(" ")
query: Dict("hola"=>"1")
params: RegexMatch(" ")
query: Dict{Any,Any}()
body: {"query":"data"}
params: RegexMatch(" ")
query: Dict{Any,Any}()
params: RegexMatch(" ")
query: Dict{Any,Any}()
body: Dict{String,Any}("query"=>"data")
params: RegexMatch(" ")
query: Dict{Any,Any}()
body: Dict{String,Any}("query"=>"data")
params: RegexMatch(" ")
query: Dict{Any,Any}()
body: 
req.version 1.1.0
req.headers Pair{SubString{String},SubString{String}}["Host"=>"127.0.0.1", "Content-Length"=>"0"]
   Testing Merly tests passed 
