 Resolving package versions...
 Installed Decimals ──────────────────── v0.4.0
 Installed CEnum ─────────────────────── v0.2.0
 Installed Mocking ───────────────────── v0.7.0
 Installed DataValueInterfaces ───────── v1.0.0
 Installed LibPQ ─────────────────────── v1.0.2
 Installed DocStringExtensions ───────── v0.8.1
 Installed BinaryProvider ────────────── v0.5.8
 Installed Memento ───────────────────── v0.12.1
 Installed TableTraits ───────────────── v1.0.0
 Installed LayerDicts ────────────────── v1.0.0
 Installed IteratorInterfaceExtensions ─ v1.0.0
 Installed TimeZones ─────────────────── v0.10.3
 Installed DataAPI ───────────────────── v1.1.0
 Installed Parsers ───────────────────── v0.3.10
 Installed JSON ──────────────────────── v0.21.0
 Installed Tables ────────────────────── v0.2.11
 Installed OffsetArrays ──────────────── v0.11.1
 Installed Syslogs ───────────────────── v0.3.0
 Installed EzXML ─────────────────────── v0.9.4
 Installed IterTools ─────────────────── v1.3.0
  Updating `~/.julia/environments/v1.0/Project.toml`
  [194296ae] + LibPQ v1.0.2
  Updating `~/.julia/environments/v1.0/Manifest.toml`
  [b99e7846] + BinaryProvider v0.5.8
  [fa961155] + CEnum v0.2.0
  [9a962f9c] + DataAPI v1.1.0
  [e2d170a0] + DataValueInterfaces v1.0.0
  [abce61dc] + Decimals v0.4.0
  [ffbed154] + DocStringExtensions v0.8.1
  [8f5d6c58] + EzXML v0.9.4
  [c8e1da08] + IterTools v1.3.0
  [82899510] + IteratorInterfaceExtensions v1.0.0
  [682c06a0] + JSON v0.21.0
  [6f188dcb] + LayerDicts v1.0.0
  [194296ae] + LibPQ v1.0.2
  [f28f55f0] + Memento v0.12.1
  [78c3b35d] + Mocking v0.7.0
  [6fe1bfb0] + OffsetArrays v0.11.1
  [69de0a69] + Parsers v0.3.10
  [cea106d9] + Syslogs v0.3.0
  [3783bdb8] + TableTraits v1.0.0
  [bd369af6] + Tables v0.2.11
  [f269a46b] + TimeZones v0.10.3
  [2a0f44e3] + Base64 
  [ade2ca70] + Dates 
  [8ba89e20] + Distributed 
  [7b1f6079] + FileWatching 
  [b77e0a4c] + InteractiveUtils 
  [76f85450] + LibGit2 
  [8f399da3] + Libdl 
  [37e2e46d] + LinearAlgebra 
  [56ddb016] + Logging 
  [d6f4376e] + Markdown 
  [a63ad114] + Mmap 
  [44cfe95a] + Pkg 
  [de0858da] + Printf 
  [3fa0cd96] + REPL 
  [9a3f8284] + Random 
  [ea8e919c] + SHA 
  [9e88b42a] + Serialization 
  [6462fe0b] + Sockets 
  [8dfed614] + Test 
  [cf7118a7] + UUIDs 
  [4ec0a83e] + Unicode 
  Building EzXML ────→ `~/.julia/packages/EzXML/G0JeY/deps/build.log`
  Building TimeZones → `~/.julia/packages/TimeZones/pjvlM/deps/build.log`
  Building LibPQ ────→ `~/.julia/packages/LibPQ/WrMcC/deps/build.log`
   Testing LibPQ
 Resolving package versions...
 Installed InvertedIndices ──── v1.0.0
 Installed PooledArrays ─────── v0.5.2
 Installed SortingAlgorithms ── v0.3.1
 Installed Missings ─────────── v0.4.3
 Installed Reexport ─────────── v0.2.0
 Installed OrderedCollections ─ v1.1.0
 Installed DataFrames ───────── v0.19.4
 Installed CategoricalArrays ── v0.7.3
 Installed Compat ───────────── v2.2.0
 Installed DataStructures ───── v0.17.6
    Status `/tmp/tmpcKc9y1/Manifest.toml`
  [b99e7846] BinaryProvider v0.5.8
  [fa961155] CEnum v0.2.0
  [324d7699] CategoricalArrays v0.7.3
  [34da2185] Compat v2.2.0
  [9a962f9c] DataAPI v1.1.0
  [a93c6f00] DataFrames v0.19.4
  [864edb3b] DataStructures v0.17.6
  [e2d170a0] DataValueInterfaces v1.0.0
  [abce61dc] Decimals v0.4.0
  [ffbed154] DocStringExtensions v0.8.1
  [8f5d6c58] EzXML v0.9.4
  [41ab1584] InvertedIndices v1.0.0
  [c8e1da08] IterTools v1.3.0
  [82899510] IteratorInterfaceExtensions v1.0.0
  [682c06a0] JSON v0.21.0
  [6f188dcb] LayerDicts v1.0.0
  [194296ae] LibPQ v1.0.2
  [f28f55f0] Memento v0.12.1
  [e1d29d7a] Missings v0.4.3
  [78c3b35d] Mocking v0.7.0
  [6fe1bfb0] OffsetArrays v0.11.1
  [bac558e1] OrderedCollections v1.1.0
  [69de0a69] Parsers v0.3.10
  [2dfb63ee] PooledArrays v0.5.2
  [189a3867] Reexport v0.2.0
  [a2af1166] SortingAlgorithms v0.3.1
  [cea106d9] Syslogs v0.3.0
  [3783bdb8] TableTraits v1.0.0
  [bd369af6] Tables v0.2.11
  [f269a46b] TimeZones v0.10.3
  [2a0f44e3] Base64  [`@stdlib/Base64`]
  [ade2ca70] Dates  [`@stdlib/Dates`]
  [8bb1440f] DelimitedFiles  [`@stdlib/DelimitedFiles`]
  [8ba89e20] Distributed  [`@stdlib/Distributed`]
  [7b1f6079] FileWatching  [`@stdlib/FileWatching`]
  [9fa8497b] Future  [`@stdlib/Future`]
  [b77e0a4c] InteractiveUtils  [`@stdlib/InteractiveUtils`]
  [76f85450] LibGit2  [`@stdlib/LibGit2`]
  [8f399da3] Libdl  [`@stdlib/Libdl`]
  [37e2e46d] LinearAlgebra  [`@stdlib/LinearAlgebra`]
  [56ddb016] Logging  [`@stdlib/Logging`]
  [d6f4376e] Markdown  [`@stdlib/Markdown`]
  [a63ad114] Mmap  [`@stdlib/Mmap`]
  [44cfe95a] Pkg  [`@stdlib/Pkg`]
  [de0858da] Printf  [`@stdlib/Printf`]
  [3fa0cd96] REPL  [`@stdlib/REPL`]
  [9a3f8284] Random  [`@stdlib/Random`]
  [ea8e919c] SHA  [`@stdlib/SHA`]
  [9e88b42a] Serialization  [`@stdlib/Serialization`]
  [1a1011a3] SharedArrays  [`@stdlib/SharedArrays`]
  [6462fe0b] Sockets  [`@stdlib/Sockets`]
  [2f01184e] SparseArrays  [`@stdlib/SparseArrays`]
  [10745b16] Statistics  [`@stdlib/Statistics`]
  [8dfed614] Test  [`@stdlib/Test`]
  [cf7118a7] UUIDs  [`@stdlib/UUIDs`]
  [4ec0a83e] Unicode  [`@stdlib/Unicode`]
Example SELECT: Test Failed at /root/.julia/packages/LibPQ/WrMcC/test/runtests.jl:76
  Expression: status(conn) == (LibPQ.libpq_c).CONNECTION_OK
   Evaluated: CONNECTION_BAD::ConnStatusType = 1 == CONNECTION_OK::ConnStatusType = 0
Stacktrace:
 [1] macro expansion at /root/.julia/packages/LibPQ/WrMcC/test/runtests.jl:76 [inlined]
 [2] macro expansion at /buildworker/worker/package_linux64/build/usr/share/julia/stdlib/v1.0/Test/src/Test.jl:1083 [inlined]
 [3] macro expansion at /root/.julia/packages/LibPQ/WrMcC/test/runtests.jl:73 [inlined]
 [4] macro expansion at /buildworker/worker/package_linux64/build/usr/share/julia/stdlib/v1.0/Test/src/Test.jl:1083 [inlined]
 [5] macro expansion at /root/.julia/packages/LibPQ/WrMcC/test/runtests.jl:70 [inlined]
 [6] macro expansion at /buildworker/worker/package_linux64/build/usr/share/julia/stdlib/v1.0/Test/src/Test.jl:1083 [inlined]
 [7] top-level scope at /root/.julia/packages/LibPQ/WrMcC/test/runtests.jl:34
Example SELECT: Test Failed at /root/.julia/packages/LibPQ/WrMcC/test/runtests.jl:89
  Expression: status(result) == (LibPQ.libpq_c).PGRES_TUPLES_OK
   Evaluated: PGRES_FATAL_ERROR::ExecStatusType = 7 == PGRES_TUPLES_OK::ExecStatusType = 2
Stacktrace:
 [1] macro expansion at /root/.julia/packages/LibPQ/WrMcC/test/runtests.jl:89 [inlined]
 [2] macro expansion at /buildworker/worker/package_linux64/build/usr/share/julia/stdlib/v1.0/Test/src/Test.jl:1083 [inlined]
 [3] macro expansion at /root/.julia/packages/LibPQ/WrMcC/test/runtests.jl:73 [inlined]
 [4] macro expansion at /buildworker/worker/package_linux64/build/usr/share/julia/stdlib/v1.0/Test/src/Test.jl:1083 [inlined]
 [5] macro expansion at /root/.julia/packages/LibPQ/WrMcC/test/runtests.jl:70 [inlined]
 [6] macro expansion at /buildworker/worker/package_linux64/build/usr/share/julia/stdlib/v1.0/Test/src/Test.jl:1083 [inlined]
 [7] top-level scope at /root/.julia/packages/LibPQ/WrMcC/test/runtests.jl:34
Example SELECT: Test Failed at /root/.julia/packages/LibPQ/WrMcC/test/runtests.jl:90
  Expression: isopen(result)
Stacktrace:
 [1] macro expansion at /root/.julia/packages/LibPQ/WrMcC/test/runtests.jl:90 [inlined]
 [2] macro expansion at /buildworker/worker/package_linux64/build/usr/share/julia/stdlib/v1.0/Test/src/Test.jl:1083 [inlined]
 [3] macro expansion at /root/.julia/packages/LibPQ/WrMcC/test/runtests.jl:73 [inlined]
 [4] macro expansion at /buildworker/worker/package_linux64/build/usr/share/julia/stdlib/v1.0/Test/src/Test.jl:1083 [inlined]
 [5] macro expansion at /root/.julia/packages/LibPQ/WrMcC/test/runtests.jl:70 [inlined]
 [6] macro expansion at /buildworker/worker/package_linux64/build/usr/share/julia/stdlib/v1.0/Test/src/Test.jl:1083 [inlined]
 [7] top-level scope at /root/.julia/packages/LibPQ/WrMcC/test/runtests.jl:34
Example SELECT: Test Failed at /root/.julia/packages/LibPQ/WrMcC/test/runtests.jl:91
  Expression: LibPQ.num_columns(result) == 1
   Evaluated: 0 == 1
Stacktrace:
 [1] macro expansion at /root/.julia/packages/LibPQ/WrMcC/test/runtests.jl:91 [inlined]
 [2] macro expansion at /buildworker/worker/package_linux64/build/usr/share/julia/stdlib/v1.0/Test/src/Test.jl:1083 [inlined]
 [3] macro expansion at /root/.julia/packages/LibPQ/WrMcC/test/runtests.jl:73 [inlined]
 [4] macro expansion at /buildworker/worker/package_linux64/build/usr/share/julia/stdlib/v1.0/Test/src/Test.jl:1083 [inlined]
 [5] macro expansion at /root/.julia/packages/LibPQ/WrMcC/test/runtests.jl:70 [inlined]
 [6] macro expansion at /buildworker/worker/package_linux64/build/usr/share/julia/stdlib/v1.0/Test/src/Test.jl:1083 [inlined]
 [7] top-level scope at /root/.julia/packages/LibPQ/WrMcC/test/runtests.jl:34
Example SELECT: Test Failed at /root/.julia/packages/LibPQ/WrMcC/test/runtests.jl:92
  Expression: LibPQ.num_rows(result) == 1
   Evaluated: 0 == 1
Stacktrace:
 [1] macro expansion at /root/.julia/packages/LibPQ/WrMcC/test/runtests.jl:92 [inlined]
 [2] macro expansion at /buildworker/worker/package_linux64/build/usr/share/julia/stdlib/v1.0/Test/src/Test.jl:1083 [inlined]
 [3] macro expansion at /root/.julia/packages/LibPQ/WrMcC/test/runtests.jl:73 [inlined]
 [4] macro expansion at /buildworker/worker/package_linux64/build/usr/share/julia/stdlib/v1.0/Test/src/Test.jl:1083 [inlined]
 [5] macro expansion at /root/.julia/packages/LibPQ/WrMcC/test/runtests.jl:70 [inlined]
 [6] macro expansion at /buildworker/worker/package_linux64/build/usr/share/julia/stdlib/v1.0/Test/src/Test.jl:1083 [inlined]
 [7] top-level scope at /root/.julia/packages/LibPQ/WrMcC/test/runtests.jl:34
Example SELECT: Error During Test at /root/.julia/packages/LibPQ/WrMcC/test/runtests.jl:93
  Test threw exception
  Expression: LibPQ.column_name(result, 1) == "typname"
  BoundsError: attempt to access 0-element Array{String,1} at index [1]
  Stacktrace:
   [1] getindex at ./array.jl:731 [inlined]
   [2] column_name(::LibPQ.Result, ::Int64) at /root/.julia/packages/LibPQ/WrMcC/src/results.jl:433
   [3] macro expansion at /root/.julia/packages/LibPQ/WrMcC/test/runtests.jl:93 [inlined]
   [4] macro expansion at /buildworker/worker/package_linux64/build/usr/share/julia/stdlib/v1.0/Test/src/Test.jl:1083 [inlined]
   [5] macro expansion at /root/.julia/packages/LibPQ/WrMcC/test/runtests.jl:73 [inlined]
   [6] macro expansion at /buildworker/worker/package_linux64/build/usr/share/julia/stdlib/v1.0/Test/src/Test.jl:1083 [inlined]
   [7] macro expansion at /root/.julia/packages/LibPQ/WrMcC/test/runtests.jl:70 [inlined]
   [8] macro expansion at /buildworker/worker/package_linux64/build/usr/share/julia/stdlib/v1.0/Test/src/Test.jl:1083 [inlined]
   [9] top-level scope at /root/.julia/packages/LibPQ/WrMcC/test/runtests.jl:34
Example SELECT: Test Failed at /root/.julia/packages/LibPQ/WrMcC/test/runtests.jl:94
  Expression: LibPQ.column_number(result, "typname") == 1
   Evaluated: 0 == 1
Stacktrace:
 [1] macro expansion at /root/.julia/packages/LibPQ/WrMcC/test/runtests.jl:94 [inlined]
 [2] macro expansion at /buildworker/worker/package_linux64/build/usr/share/julia/stdlib/v1.0/Test/src/Test.jl:1083 [inlined]
 [3] macro expansion at /root/.julia/packages/LibPQ/WrMcC/test/runtests.jl:73 [inlined]
 [4] macro expansion at /buildworker/worker/package_linux64/build/usr/share/julia/stdlib/v1.0/Test/src/Test.jl:1083 [inlined]
 [5] macro expansion at /root/.julia/packages/LibPQ/WrMcC/test/runtests.jl:70 [inlined]
 [6] macro expansion at /buildworker/worker/package_linux64/build/usr/share/julia/stdlib/v1.0/Test/src/Test.jl:1083 [inlined]
 [7] top-level scope at /root/.julia/packages/LibPQ/WrMcC/test/runtests.jl:34
Example SELECT: Error During Test at /root/.julia/packages/LibPQ/WrMcC/test/runtests.jl:98
  Test threw exception
  Expression: (data[:typname])[1] == "bool"
  type NamedTuple has no field typname
  Stacktrace:
   [1] getindex(::NamedTuple{(),Tuple{}}, ::Symbol) at ./namedtuple.jl:102
   [2] macro expansion at /root/.julia/packages/LibPQ/WrMcC/test/runtests.jl:98 [inlined]
   [3] macro expansion at /buildworker/worker/package_linux64/build/usr/share/julia/stdlib/v1.0/Test/src/Test.jl:1083 [inlined]
   [4] macro expansion at /root/.julia/packages/LibPQ/WrMcC/test/runtests.jl:73 [inlined]
   [5] macro expansion at /buildworker/worker/package_linux64/build/usr/share/julia/stdlib/v1.0/Test/src/Test.jl:1083 [inlined]
   [6] macro expansion at /root/.julia/packages/LibPQ/WrMcC/test/runtests.jl:70 [inlined]
   [7] macro expansion at /buildworker/worker/package_linux64/build/usr/share/julia/stdlib/v1.0/Test/src/Test.jl:1083 [inlined]
   [8] top-level scope at /root/.julia/packages/LibPQ/WrMcC/test/runtests.jl:34
Example SELECT: Test Failed at /root/.julia/packages/LibPQ/WrMcC/test/runtests.jl:111
  Expression: status(result) == (LibPQ.libpq_c).PGRES_TUPLES_OK
   Evaluated: PGRES_FATAL_ERROR::ExecStatusType = 7 == PGRES_TUPLES_OK::ExecStatusType = 2
Stacktrace:
 [1] macro expansion at /root/.julia/packages/LibPQ/WrMcC/test/runtests.jl:111 [inlined]
 [2] macro expansion at /buildworker/worker/package_linux64/build/usr/share/julia/stdlib/v1.0/Test/src/Test.jl:1083 [inlined]
 [3] macro expansion at /root/.julia/packages/LibPQ/WrMcC/test/runtests.jl:73 [inlined]
 [4] macro expansion at /buildworker/worker/package_linux64/build/usr/share/julia/stdlib/v1.0/Test/src/Test.jl:1083 [inlined]
 [5] macro expansion at /root/.julia/packages/LibPQ/WrMcC/test/runtests.jl:70 [inlined]
 [6] macro expansion at /buildworker/worker/package_linux64/build/usr/share/julia/stdlib/v1.0/Test/src/Test.jl:1083 [inlined]
 [7] top-level scope at /root/.julia/packages/LibPQ/WrMcC/test/runtests.jl:34
Example SELECT: Test Failed at /root/.julia/packages/LibPQ/WrMcC/test/runtests.jl:112
  Expression: isopen(result)
Stacktrace:
 [1] macro expansion at /root/.julia/packages/LibPQ/WrMcC/test/runtests.jl:112 [inlined]
 [2] macro expansion at /buildworker/worker/package_linux64/build/usr/share/julia/stdlib/v1.0/Test/src/Test.jl:1083 [inlined]
 [3] macro expansion at /root/.julia/packages/LibPQ/WrMcC/test/runtests.jl:73 [inlined]
 [4] macro expansion at /buildworker/worker/package_linux64/build/usr/share/julia/stdlib/v1.0/Test/src/Test.jl:1083 [inlined]
 [5] macro expansion at /root/.julia/packages/LibPQ/WrMcC/test/runtests.jl:70 [inlined]
 [6] macro expansion at /buildworker/worker/package_linux64/build/usr/share/julia/stdlib/v1.0/Test/src/Test.jl:1083 [inlined]
 [7] top-level scope at /root/.julia/packages/LibPQ/WrMcC/test/runtests.jl:34
Example SELECT: Test Failed at /root/.julia/packages/LibPQ/WrMcC/test/runtests.jl:113
  Expression: LibPQ.num_columns(result) == 1
   Evaluated: 0 == 1
Stacktrace:
 [1] macro expansion at /root/.julia/packages/LibPQ/WrMcC/test/runtests.jl:113 [inlined]
 [2] macro expansion at /buildworker/worker/package_linux64/build/usr/share/julia/stdlib/v1.0/Test/src/Test.jl:1083 [inlined]
 [3] macro expansion at /root/.julia/packages/LibPQ/WrMcC/test/runtests.jl:73 [inlined]
 [4] macro expansion at /buildworker/worker/package_linux64/build/usr/share/julia/stdlib/v1.0/Test/src/Test.jl:1083 [inlined]
 [5] macro expansion at /root/.julia/packages/LibPQ/WrMcC/test/runtests.jl:70 [inlined]
 [6] macro expansion at /buildworker/worker/package_linux64/build/usr/share/julia/stdlib/v1.0/Test/src/Test.jl:1083 [inlined]
 [7] top-level scope at /root/.julia/packages/LibPQ/WrMcC/test/runtests.jl:34
Example SELECT: Test Failed at /root/.julia/packages/LibPQ/WrMcC/test/runtests.jl:114
  Expression: LibPQ.num_rows(result) == 1
   Evaluated: 0 == 1
Stacktrace:
 [1] macro expansion at /root/.julia/packages/LibPQ/WrMcC/test/runtests.jl:114 [inlined]
 [2] macro expansion at /buildworker/worker/package_linux64/build/usr/share/julia/stdlib/v1.0/Test/src/Test.jl:1083 [inlined]
 [3] macro expansion at /root/.julia/packages/LibPQ/WrMcC/test/runtests.jl:73 [inlined]
 [4] macro expansion at /buildworker/worker/package_linux64/build/usr/share/julia/stdlib/v1.0/Test/src/Test.jl:1083 [inlined]
 [5] macro expansion at /root/.julia/packages/LibPQ/WrMcC/test/runtests.jl:70 [inlined]
 [6] macro expansion at /buildworker/worker/package_linux64/build/usr/share/julia/stdlib/v1.0/Test/src/Test.jl:1083 [inlined]
 [7] top-level scope at /root/.julia/packages/LibPQ/WrMcC/test/runtests.jl:34
Example SELECT: Error During Test at /root/.julia/packages/LibPQ/WrMcC/test/runtests.jl:115
  Test threw exception
  Expression: LibPQ.column_name(result, 1) == "typname"
  BoundsError: attempt to access 0-element Array{String,1} at index [1]
  Stacktrace:
   [1] getindex at ./array.jl:731 [inlined]
   [2] column_name(::LibPQ.Result, ::Int64) at /root/.julia/packages/LibPQ/WrMcC/src/results.jl:433
   [3] macro expansion at /root/.julia/packages/LibPQ/WrMcC/test/runtests.jl:115 [inlined]
   [4] macro expansion at /buildworker/worker/package_linux64/build/usr/share/julia/stdlib/v1.0/Test/src/Test.jl:1083 [inlined]
   [5] macro expansion at /root/.julia/packages/LibPQ/WrMcC/test/runtests.jl:73 [inlined]
   [6] macro expansion at /buildworker/worker/package_linux64/build/usr/share/julia/stdlib/v1.0/Test/src/Test.jl:1083 [inlined]
   [7] macro expansion at /root/.julia/packages/LibPQ/WrMcC/test/runtests.jl:70 [inlined]
   [8] macro expansion at /buildworker/worker/package_linux64/build/usr/share/julia/stdlib/v1.0/Test/src/Test.jl:1083 [inlined]
   [9] top-level scope at /root/.julia/packages/LibPQ/WrMcC/test/runtests.jl:34
Example SELECT: Error During Test at /root/.julia/packages/LibPQ/WrMcC/test/runtests.jl:119
  Test threw exception
  Expression: (data[:typname])[1] == "bool"
  type NamedTuple has no field typname
  Stacktrace:
   [1] getindex(::NamedTuple{(),Tuple{}}, ::Symbol) at ./namedtuple.jl:102
   [2] macro expansion at /root/.julia/packages/LibPQ/WrMcC/test/runtests.jl:119 [inlined]
   [3] macro expansion at /buildworker/worker/package_linux64/build/usr/share/julia/stdlib/v1.0/Test/src/Test.jl:1083 [inlined]
   [4] macro expansion at /root/.julia/packages/LibPQ/WrMcC/test/runtests.jl:73 [inlined]
   [5] macro expansion at /buildworker/worker/package_linux64/build/usr/share/julia/stdlib/v1.0/Test/src/Test.jl:1083 [inlined]
   [6] macro expansion at /root/.julia/packages/LibPQ/WrMcC/test/runtests.jl:70 [inlined]
   [7] macro expansion at /buildworker/worker/package_linux64/build/usr/share/julia/stdlib/v1.0/Test/src/Test.jl:1083 [inlined]
   [8] top-level scope at /root/.julia/packages/LibPQ/WrMcC/test/runtests.jl:34
LibPQ: Error During Test at /root/.julia/packages/LibPQ/WrMcC/test/runtests.jl:32
  Got exception outside of a @test
  UndefVarError: enum_name not defined
  Stacktrace:
   [1] getproperty at ./sysimg.jl:13 [inlined]
   [2] show(::IOContext{Base.GenericIOBuffer{Array{UInt8,1}}}, ::LibPQ.Errors.Class) at /root/.julia/packages/LibPQ/WrMcC/src/exceptions.jl:78
   [3] show_datatype(::IOContext{Base.GenericIOBuffer{Array{UInt8,1}}}, ::DataType) at ./show.jl:526
   [4] show(::IOContext{Base.GenericIOBuffer{Array{UInt8,1}}}, ::DataType) at ./show.jl:436
   [5] print(::IOContext{Base.GenericIOBuffer{Array{UInt8,1}}}, ::Type) at ./strings/io.jl:31
   [6] print(::IOContext{Base.GenericIOBuffer{Array{UInt8,1}}}, ::String, ::Type) at ./strings/io.jl:42
   [7] show_tuple_as_call(::IOContext{Base.GenericIOBuffer{Array{UInt8,1}}}, ::Symbol, ::Type) at ./show.jl:1490
   [8] show_spec_linfo(::IOContext{Base.GenericIOBuffer{Array{UInt8,1}}}, ::Base.StackTraces.StackFrame) at ./stacktraces.jl:262
   [9] #show#9(::Bool, ::Function, ::IOContext{Base.GenericIOBuffer{Array{UInt8,1}}}, ::Base.StackTraces.StackFrame) at ./stacktraces.jl:272
   [10] #show at ./none:0 [inlined]
   [11] #show_trace_entry#631(::String, ::Function, ::IOContext{Base.GenericIOBuffer{Array{UInt8,1}}}, ::Base.StackTraces.StackFrame, ::Int64) at ./errorshow.jl:471
   [12] (::getfield(Base, Symbol("#kw##show_trace_entry")))(::NamedTuple{(:prefix,),Tuple{String}}, ::typeof(Base.show_trace_entry), ::IOContext{Base.GenericIOBuffer{Array{UInt8,1}}}, ::Base.StackTraces.StackFrame, ::Int64) at ./none:0
   [13] show_backtrace(::Base.GenericIOBuffer{Array{UInt8,1}}, ::Array{Union{Ptr{Nothing}, InterpreterIP},1}) at ./errorshow.jl:574
   [14] #showerror#613(::Bool, ::Function, ::Base.GenericIOBuffer{Array{UInt8,1}}, ::UndefVarError, ::Array{Union{Ptr{Nothing}, InterpreterIP},1}) at ./errorshow.jl:79
   [15] showerror(::Base.GenericIOBuffer{Array{UInt8,1}}, ::UndefVarError, ::Array{Union{Ptr{Nothing}, InterpreterIP},1}) at ./errorshow.jl:74
   [16] #sprint#326(::Nothing, ::Int64, ::Function, ::Function, ::UndefVarError, ::Vararg{Any,N} where N) at ./strings/io.jl:101
   [17] sprint at ./strings/io.jl:97 [inlined]
   [18] Test.Error(::Symbol, ::Expr, ::UndefVarError, ::Array{Union{Ptr{Nothing}, InterpreterIP},1}, ::LineNumberNode) at /buildworker/worker/package_linux64/build/usr/share/julia/stdlib/v1.0/Test/src/Test.jl:140
   [19] macro expansion at /buildworker/worker/package_linux64/build/usr/share/julia/stdlib/v1.0/Test/src/Test.jl:1088 [inlined]
   [20] macro expansion at /root/.julia/packages/LibPQ/WrMcC/test/runtests.jl:70 [inlined]
   [21] macro expansion at /buildworker/worker/package_linux64/build/usr/share/julia/stdlib/v1.0/Test/src/Test.jl:1083 [inlined]
   [22] top-level scope at /root/.julia/packages/LibPQ/WrMcC/test/runtests.jl:34
   [23] include at ./boot.jl:317 [inlined]
   [24] include_relative(::Module, ::String) at ./loading.jl:1044
   [25] include(::Module, ::String) at ./sysimg.jl:29
   [26] include(::String) at ./client.jl:392
   [27] top-level scope at none:0
   [28] eval(::Module, ::Any) at ./boot.jl:319
   [29] exec_options(::Base.JLOptions) at ./client.jl:243
   [30] _start() at ./client.jl:425
   Testing LibPQ tests passed 
