 Resolving package versions...
 Installed InvertedIndices ───────────── v1.0.0
 Installed Parsers ───────────────────── v0.3.10
 Installed Blosc ─────────────────────── v0.5.1
 Installed IteratorInterfaceExtensions ─ v1.0.0
 Installed Arpack ────────────────────── v0.3.1
 Installed DataStructures ────────────── v0.17.6
 Installed BinaryProvider ────────────── v0.5.8
 Installed Reexport ──────────────────── v0.2.0
 Installed JSON ──────────────────────── v0.21.0
 Installed BinDeps ───────────────────── v0.8.10
 Installed DataAPI ───────────────────── v1.1.0
 Installed DataValueInterfaces ───────── v1.0.0
 Installed SpecialFunctions ──────────── v0.8.0
 Installed Roots ─────────────────────── v0.8.3
 Installed PDMats ────────────────────── v0.9.10
 Installed ModelConstructors ─────────── v0.1.4
 Installed URIParser ─────────────────── v0.4.0
 Installed Distributions ─────────────── v0.21.8
 Installed HDF5 ──────────────────────── v0.12.5
 Installed Nullables ─────────────────── v1.0.0
 Installed DataFrames ────────────────── v0.19.4
 Installed PooledArrays ──────────────── v0.5.2
 Installed Missings ──────────────────── v0.4.3
 Installed SortingAlgorithms ─────────── v0.3.1
 Installed StatsBase ─────────────────── v0.32.0
 Installed OrderedCollections ────────── v1.1.0
 Installed FileIO ────────────────────── v1.0.7
 Installed CategoricalArrays ─────────── v0.7.3
 Installed TableTraits ───────────────── v1.0.0
 Installed BenchmarkTools ────────────── v0.4.3
 Installed CodecZlib ─────────────────── v0.6.0
 Installed CMakeWrapper ──────────────── v0.2.3
 Installed QuadGK ────────────────────── v2.1.1
 Installed Rmath ─────────────────────── v0.5.1
 Installed CMake ─────────────────────── v1.1.2
 Installed Parameters ────────────────── v0.12.0
 Installed JLD2 ──────────────────────── v0.1.8
 Installed Calculus ──────────────────── v0.5.1
 Installed Tables ────────────────────── v0.2.11
 Installed Compat ────────────────────── v2.2.0
 Installed StatsFuns ─────────────────── v0.9.0
 Installed TranscodingStreams ────────── v0.9.5
 Installed SMC ───────────────────────── v0.1.4
  Updating `~/.julia/environments/v1.0/Project.toml`
  [c6043b28] + SMC v0.1.4
  Updating `~/.julia/environments/v1.0/Manifest.toml`
  [7d9fca2a] + Arpack v0.3.1
  [6e4b80f9] + BenchmarkTools v0.4.3
  [9e28174c] + BinDeps v0.8.10
  [b99e7846] + BinaryProvider v0.5.8
  [a74b3585] + Blosc v0.5.1
  [631607c0] + CMake v1.1.2
  [d5fb7624] + CMakeWrapper v0.2.3
  [49dc2e85] + Calculus v0.5.1
  [324d7699] + CategoricalArrays v0.7.3
  [944b1d66] + CodecZlib v0.6.0
  [34da2185] + Compat v2.2.0
  [9a962f9c] + DataAPI v1.1.0
  [a93c6f00] + DataFrames v0.19.4
  [864edb3b] + DataStructures v0.17.6
  [e2d170a0] + DataValueInterfaces v1.0.0
  [31c24e10] + Distributions v0.21.8
  [5789e2e9] + FileIO v1.0.7
  [f67ccb44] + HDF5 v0.12.5
  [41ab1584] + InvertedIndices v1.0.0
  [82899510] + IteratorInterfaceExtensions v1.0.0
  [033835bb] + JLD2 v0.1.8
  [682c06a0] + JSON v0.21.0
  [e1d29d7a] + Missings v0.4.3
  [e47e5152] + ModelConstructors v0.1.4
  [4d1e1d77] + Nullables v1.0.0
  [bac558e1] + OrderedCollections v1.1.0
  [90014a1f] + PDMats v0.9.10
  [d96e819e] + Parameters v0.12.0
  [69de0a69] + Parsers v0.3.10
  [2dfb63ee] + PooledArrays v0.5.2
  [1fd47b50] + QuadGK v2.1.1
  [189a3867] + Reexport v0.2.0
  [79098fc4] + Rmath v0.5.1
  [f2b01f46] + Roots v0.8.3
  [c6043b28] + SMC v0.1.4
  [a2af1166] + SortingAlgorithms v0.3.1
  [276daf66] + SpecialFunctions v0.8.0
  [2913bbd2] + StatsBase v0.32.0
  [4c63d2b9] + StatsFuns v0.9.0
  [3783bdb8] + TableTraits v1.0.0
  [bd369af6] + Tables v0.2.11
  [3bb67fe8] + TranscodingStreams v0.9.5
  [30578b45] + URIParser v0.4.0
  [2a0f44e3] + Base64 
  [ade2ca70] + Dates 
  [8bb1440f] + DelimitedFiles 
  [8ba89e20] + Distributed 
  [9fa8497b] + Future 
  [b77e0a4c] + InteractiveUtils 
  [76f85450] + LibGit2 
  [8f399da3] + Libdl 
  [37e2e46d] + LinearAlgebra 
  [56ddb016] + Logging 
  [d6f4376e] + Markdown 
  [a63ad114] + Mmap 
  [44cfe95a] + Pkg 
  [de0858da] + Printf 
  [3fa0cd96] + REPL 
  [9a3f8284] + Random 
  [ea8e919c] + SHA 
  [9e88b42a] + Serialization 
  [1a1011a3] + SharedArrays 
  [6462fe0b] + Sockets 
  [2f01184e] + SparseArrays 
  [10745b16] + Statistics 
  [4607b0f0] + SuiteSparse 
  [8dfed614] + Test 
  [cf7118a7] + UUIDs 
  [4ec0a83e] + Unicode 
  Building Arpack ──────────→ `~/.julia/packages/Arpack/cu5By/deps/build.log`
  Building CMake ───────────→ `~/.julia/packages/CMake/nSK2r/deps/build.log`
  Building Blosc ───────────→ `~/.julia/packages/Blosc/lzFr0/deps/build.log`
  Building SpecialFunctions → `~/.julia/packages/SpecialFunctions/ne2iw/deps/build.log`
  Building HDF5 ────────────→ `~/.julia/packages/HDF5/Zh9on/deps/build.log`
  Building CodecZlib ───────→ `~/.julia/packages/CodecZlib/5t9zO/deps/build.log`
  Building Rmath ───────────→ `~/.julia/packages/Rmath/4wt82/deps/build.log`
   Testing SMC
 Resolving package versions...
 Installed VersionParsing ───────── v1.1.3
 Installed Requires ─────────────── v0.5.2
 Installed DimensionalPlotRecipes ─ v1.0.0
 Installed DocStringExtensions ──── v0.8.1
 Installed ColorTypes ───────────── v0.8.0
 Installed Primes ───────────────── v0.4.0
 Installed CommonSubexpressions ─── v0.2.0
 Installed NaNMath ──────────────── v0.3.3
 Installed Inflate ──────────────── v0.1.1
 Installed Mocking ──────────────── v0.7.0
 Installed RecursiveArrayTools ──── v1.0.2
 Installed DiffEqDiffTools ──────── v1.4.0
 Installed DiffRules ────────────── v0.1.0
 Installed BandedMatrices ───────── v0.13.0
 Installed FFTW ─────────────────── v1.1.0
 Installed ArrayInterface ───────── v1.2.1
 Installed RecipesBase ──────────── v0.7.0
 Installed DiffEqNoiseProcess ───── v3.3.1
 Installed Contour ──────────────── v0.5.1
 Installed Sundials ─────────────── v3.8.0
 Installed DiffEqFinancial ──────── v2.2.1
 Installed FixedPointNumbers ────── v0.6.1
 Installed FilePathsBase ────────── v0.7.0
 Installed FunctionWrappers ─────── v1.0.0
 Installed PositiveFactorizations ─ v0.2.3
 Installed MathProgBase ─────────── v0.7.7
 Installed Interpolations ───────── v0.12.5
 Installed MacroTools ───────────── v0.5.2
 Installed NLsolve ──────────────── v4.2.0
 Installed KernelDensity ────────── v0.5.1
 Installed Adapt ────────────────── v1.0.0
 Installed Polynomials ──────────── v0.6.0
 Installed StatsPlots ───────────── v0.12.0
 Installed WoodburyMatrices ─────── v0.4.1
 Installed Conda ────────────────── v1.3.0
 Installed VertexSafeGraphs ─────── v0.1.0
 Installed Showoff ──────────────── v0.3.1
 Installed TreeViews ────────────── v0.3.0
 Installed AxisAlgorithms ───────── v1.0.0
 Installed DSP ──────────────────── v0.6.1
 Installed GeometryTypes ────────── v0.7.6
 Installed StochasticDiffEq ─────── v6.13.0
 Installed DiffEqCallbacks ──────── v2.9.0
 Installed OffsetArrays ─────────── v0.11.1
 Installed AbstractFFTs ─────────── v0.5.0
 Installed PoissonRandom ────────── v0.4.0
 Installed Distances ────────────── v0.8.2
 Installed IniFile ──────────────── v0.5.0
 Installed PlotUtils ────────────── v0.6.1
 Installed ClusterManagers ──────── v0.3.2
 Installed LazyArrays ───────────── v0.12.3
 Installed NLopt ────────────────── v0.5.1
 Installed GR ───────────────────── v0.42.0
 Installed DiffEqBase ───────────── v6.6.0
 Installed Colors ───────────────── v0.9.6
 Installed MbedTLS ──────────────── v0.6.8
 Installed ResettableStacks ─────── v0.6.0
 Installed Widgets ──────────────── v0.6.2
 Installed FredData ─────────────── v0.3.1
 Installed StaticArrays ─────────── v0.11.1
 Installed Ratios ───────────────── v0.3.1
 Installed FFMPEG ───────────────── v0.2.3
 Installed DiffResults ──────────── v0.0.4
 Installed MatrixFactorizations ─── v0.2.0
 Installed ArnoldiMethod ────────── v0.0.4
 Installed DifferentialEquations ── v6.8.0
 Installed IterativeSolvers ─────── v0.8.1
 Installed LineSearches ─────────── v7.0.1
 Installed RandomNumbers ────────── v1.3.0
 Installed PlotThemes ───────────── v0.4.0
 Installed GenericSVD ───────────── v0.2.2
 Installed FillArrays ───────────── v0.7.4
 Installed SimpleTraits ─────────── v0.9.1
 Installed DelayDiffEq ──────────── v5.18.0
 Installed OrdinaryDiffEq ───────── v5.23.0
 Installed MultiScaleArrays ─────── v1.5.0
 Installed HTTP ─────────────────── v0.8.8
 Installed WeakRefStrings ───────── v0.6.1
 Installed NLSolversBase ────────── v7.5.0
 Installed QuantEcon ────────────── v0.16.2
 Installed DiffEqJump ───────────── v6.3.0
 Installed CSV ──────────────────── v0.5.18
 Installed Observables ──────────── v0.2.3
 Installed SteadyStateDiffEq ────── v1.5.0
 Installed NearestNeighbors ─────── v0.4.3
 Installed SparseDiffTools ──────── v0.10.3
 Installed Clustering ───────────── v0.13.3
 Installed Optim ────────────────── v0.19.4
 Installed LightGraphs ──────────── v1.3.0
 Installed MuladdMacro ──────────── v0.2.1
 Installed ForwardDiff ──────────── v0.10.6
 Installed BoundaryValueDiffEq ──── v2.3.0
 Installed IterTools ────────────── v1.3.0
 Installed ExponentialUtilities ─── v1.5.1
 Installed EzXML ────────────────── v0.9.4
 Installed DiffEqPhysics ────────── v3.2.0
 Installed TimeZones ────────────── v0.10.3
 Installed Measures ─────────────── v0.3.0
 Installed RecursiveFactorization ─ v0.1.0
 Installed DataValues ───────────── v0.4.12
 Installed Plots ────────────────── v0.27.0
 Installed StateSpaceRoutines ───── v0.2.0
 Installed DSGE ─────────────────── v0.8.1
  Building Conda ────→ `~/.julia/packages/Conda/kLXeC/deps/build.log`
  Building FFTW ─────→ `~/.julia/packages/FFTW/loJ3F/deps/build.log`
  Building Sundials ─→ `~/.julia/packages/Sundials/fVIue/deps/build.log`
  Building GR ───────→ `~/.julia/packages/GR/f1Iqi/deps/build.log`
  Building NLopt ────→ `~/.julia/packages/NLopt/eqN9a/deps/build.log`
  Building MbedTLS ──→ `~/.julia/packages/MbedTLS/X4xar/deps/build.log`
  Building FFMPEG ───→ `~/.julia/packages/FFMPEG/bkWgb/deps/build.log`
  Building Plots ────→ `~/.julia/packages/Plots/Iuc9S/deps/build.log`
  Building EzXML ────→ `~/.julia/packages/EzXML/G0JeY/deps/build.log`
  Building TimeZones → `~/.julia/packages/TimeZones/pjvlM/deps/build.log`
    Status `/tmp/tmpQwUsmq/Manifest.toml`
  [621f4979] AbstractFFTs v0.5.0
  [79e6a3ab] Adapt v1.0.0
  [ec485272] ArnoldiMethod v0.0.4
  [7d9fca2a] Arpack v0.3.1
  [4fba245c] ArrayInterface v1.2.1
  [13072b0f] AxisAlgorithms v1.0.0
  [aae01518] BandedMatrices v0.13.0
  [6e4b80f9] BenchmarkTools v0.4.3
  [9e28174c] BinDeps v0.8.10
  [b99e7846] BinaryProvider v0.5.8
  [a74b3585] Blosc v0.5.1
  [764a87c0] BoundaryValueDiffEq v2.3.0
  [631607c0] CMake v1.1.2
  [d5fb7624] CMakeWrapper v0.2.3
  [336ed68f] CSV v0.5.18
  [49dc2e85] Calculus v0.5.1
  [324d7699] CategoricalArrays v0.7.3
  [34f1f09b] ClusterManagers v0.3.2
  [aaaa29a8] Clustering v0.13.3
  [944b1d66] CodecZlib v0.6.0
  [3da002f7] ColorTypes v0.8.0
  [5ae59095] Colors v0.9.6
  [bbf7d656] CommonSubexpressions v0.2.0
  [34da2185] Compat v2.2.0
  [8f4d0f93] Conda v1.3.0
  [d38c429a] Contour v0.5.1
  [6cf23378] DSGE v0.8.1
  [717857b8] DSP v0.6.1
  [9a962f9c] DataAPI v1.1.0
  [a93c6f00] DataFrames v0.19.4
  [864edb3b] DataStructures v0.17.6
  [e2d170a0] DataValueInterfaces v1.0.0
  [e7dc6d0d] DataValues v0.4.12
  [bcd4f6db] DelayDiffEq v5.18.0
  [2b5f629d] DiffEqBase v6.6.0
  [459566f4] DiffEqCallbacks v2.9.0
  [01453d9d] DiffEqDiffTools v1.4.0
  [5a0ffddc] DiffEqFinancial v2.2.1
  [c894b116] DiffEqJump v6.3.0
  [77a26b50] DiffEqNoiseProcess v3.3.1
  [055956cb] DiffEqPhysics v3.2.0
  [163ba53b] DiffResults v0.0.4
  [b552c78f] DiffRules v0.1.0
  [0c46a032] DifferentialEquations v6.8.0
  [c619ae07] DimensionalPlotRecipes v1.0.0
  [b4f34e82] Distances v0.8.2
  [31c24e10] Distributions v0.21.8
  [ffbed154] DocStringExtensions v0.8.1
  [d4d017d3] ExponentialUtilities v1.5.1
  [8f5d6c58] EzXML v0.9.4
  [c87230d0] FFMPEG v0.2.3
  [7a1cc6ca] FFTW v1.1.0
  [5789e2e9] FileIO v1.0.7
  [48062228] FilePathsBase v0.7.0
  [1a297f60] FillArrays v0.7.4
  [53c48c17] FixedPointNumbers v0.6.1
  [f6369f11] ForwardDiff v0.10.6
  [6e85b7ee] FredData v0.3.1
  [069b7b12] FunctionWrappers v1.0.0
  [28b8d3ca] GR v0.42.0
  [01680d73] GenericSVD v0.2.2
  [4d00f742] GeometryTypes v0.7.6
  [f67ccb44] HDF5 v0.12.5
  [cd3eb016] HTTP v0.8.8
  [d25df0c9] Inflate v0.1.1
  [83e8ac13] IniFile v0.5.0
  [a98d9a8b] Interpolations v0.12.5
  [41ab1584] InvertedIndices v1.0.0
  [c8e1da08] IterTools v1.3.0
  [42fd0dbc] IterativeSolvers v0.8.1
  [82899510] IteratorInterfaceExtensions v1.0.0
  [033835bb] JLD2 v0.1.8
  [682c06a0] JSON v0.21.0
  [5ab0869b] KernelDensity v0.5.1
  [5078a376] LazyArrays v0.12.3
  [093fc24a] LightGraphs v1.3.0
  [d3d80556] LineSearches v7.0.1
  [1914dd2f] MacroTools v0.5.2
  [fdba3010] MathProgBase v0.7.7
  [a3b82374] MatrixFactorizations v0.2.0
  [739be429] MbedTLS v0.6.8
  [442fdcdd] Measures v0.3.0
  [e1d29d7a] Missings v0.4.3
  [78c3b35d] Mocking v0.7.0
  [e47e5152] ModelConstructors v0.1.4
  [46d2c3a1] MuladdMacro v0.2.1
  [f9640e96] MultiScaleArrays v1.5.0
  [d41bc354] NLSolversBase v7.5.0
  [76087f3c] NLopt v0.5.1
  [2774e3e8] NLsolve v4.2.0
  [77ba4419] NaNMath v0.3.3
  [b8a86587] NearestNeighbors v0.4.3
  [4d1e1d77] Nullables v1.0.0
  [510215fc] Observables v0.2.3
  [6fe1bfb0] OffsetArrays v0.11.1
  [429524aa] Optim v0.19.4
  [bac558e1] OrderedCollections v1.1.0
  [1dea7af3] OrdinaryDiffEq v5.23.0
  [90014a1f] PDMats v0.9.10
  [d96e819e] Parameters v0.12.0
  [69de0a69] Parsers v0.3.10
  [ccf2f8ad] PlotThemes v0.4.0
  [995b91a9] PlotUtils v0.6.1
  [91a5bcdd] Plots v0.27.0
  [e409e4f3] PoissonRandom v0.4.0
  [f27b6e38] Polynomials v0.6.0
  [2dfb63ee] PooledArrays v0.5.2
  [85a6dd25] PositiveFactorizations v0.2.3
  [27ebfcd6] Primes v0.4.0
  [1fd47b50] QuadGK v2.1.1
  [fcd29c91] QuantEcon v0.16.2
  [e6cf234a] RandomNumbers v1.3.0
  [c84ed2f1] Ratios v0.3.1
  [3cdcf5f2] RecipesBase v0.7.0
  [731186ca] RecursiveArrayTools v1.0.2
  [f2c3362d] RecursiveFactorization v0.1.0
  [189a3867] Reexport v0.2.0
  [ae029012] Requires v0.5.2
  [ae5879a3] ResettableStacks v0.6.0
  [79098fc4] Rmath v0.5.1
  [f2b01f46] Roots v0.8.3
  [c6043b28] SMC v0.1.4
  [992d4aef] Showoff v0.3.1
  [699a6c99] SimpleTraits v0.9.1
  [a2af1166] SortingAlgorithms v0.3.1
  [47a9eef4] SparseDiffTools v0.10.3
  [276daf66] SpecialFunctions v0.8.0
  [261fd431] StateSpaceRoutines v0.2.0
  [90137ffa] StaticArrays v0.11.1
  [2913bbd2] StatsBase v0.32.0
  [4c63d2b9] StatsFuns v0.9.0
  [f3b207a7] StatsPlots v0.12.0
  [9672c7b4] SteadyStateDiffEq v1.5.0
  [789caeaf] StochasticDiffEq v6.13.0
  [c3572dad] Sundials v3.8.0
  [3783bdb8] TableTraits v1.0.0
  [bd369af6] Tables v0.2.11
  [f269a46b] TimeZones v0.10.3
  [3bb67fe8] TranscodingStreams v0.9.5
  [a2a6695c] TreeViews v0.3.0
  [30578b45] URIParser v0.4.0
  [81def892] VersionParsing v1.1.3
  [19fa3120] VertexSafeGraphs v0.1.0
  [ea10d353] WeakRefStrings v0.6.1
  [cc8bc4a8] Widgets v0.6.2
  [efce3f68] WoodburyMatrices v0.4.1
  [2a0f44e3] Base64  [`@stdlib/Base64`]
  [ade2ca70] Dates  [`@stdlib/Dates`]
  [8bb1440f] DelimitedFiles  [`@stdlib/DelimitedFiles`]
  [8ba89e20] Distributed  [`@stdlib/Distributed`]
  [9fa8497b] Future  [`@stdlib/Future`]
  [b77e0a4c] InteractiveUtils  [`@stdlib/InteractiveUtils`]
  [76f85450] LibGit2  [`@stdlib/LibGit2`]
  [8f399da3] Libdl  [`@stdlib/Libdl`]
  [37e2e46d] LinearAlgebra  [`@stdlib/LinearAlgebra`]
  [56ddb016] Logging  [`@stdlib/Logging`]
  [d6f4376e] Markdown  [`@stdlib/Markdown`]
  [a63ad114] Mmap  [`@stdlib/Mmap`]
  [44cfe95a] Pkg  [`@stdlib/Pkg`]
  [de0858da] Printf  [`@stdlib/Printf`]
  [3fa0cd96] REPL  [`@stdlib/REPL`]
  [9a3f8284] Random  [`@stdlib/Random`]
  [ea8e919c] SHA  [`@stdlib/SHA`]
  [9e88b42a] Serialization  [`@stdlib/Serialization`]
  [1a1011a3] SharedArrays  [`@stdlib/SharedArrays`]
  [6462fe0b] Sockets  [`@stdlib/Sockets`]
  [2f01184e] SparseArrays  [`@stdlib/SparseArrays`]
  [10745b16] Statistics  [`@stdlib/Statistics`]
  [4607b0f0] SuiteSparse  [`@stdlib/SuiteSparse`]
  [8dfed614] Test  [`@stdlib/Test`]
  [cf7118a7] UUIDs  [`@stdlib/UUIDs`]
  [4ec0a83e] Unicode  [`@stdlib/Unicode`]
┌ Warning: Module ModelConstructors with build ID 199047151066054 is missing from the cache.
│ This may mean ModelConstructors [e47e5152-bd14-11e9-1b46-c951f0a7041d] does not support precompilation but is imported by a module that does.
└ @ Base loading.jl:947
WARNING: Method definition remove_presample!(Int64, Array{S<:AbstractFloat, 1}) where {S<:AbstractFloat} in module StateSpaceRoutines at /root/.julia/packages/StateSpaceRoutines/SZYcP/src/filters/kalman_filter.jl:467 overwritten at /root/.julia/packages/StateSpaceRoutines/SZYcP/src/filters/chand_recursion.jl:117.
 * smc.jl
Estimating AnSchorfheide Model... (approx. 2 minutes)
