 Resolving package versions...
 Installed FieldMetadata ─ v0.1.1
  Updating `~/.julia/environments/v1.2/Project.toml`
  [bf96fef3] + FieldMetadata v0.1.1
  Updating `~/.julia/environments/v1.2/Manifest.toml`
  [bf96fef3] + FieldMetadata v0.1.1
   Testing FieldMetadata
 Resolving package versions...
 Installed Parameters ───────── v0.12.0
 Installed OrderedCollections ─ v1.1.0
[ Info: No changes
    Status `/tmp/jl_h7FOhy/Manifest.toml`
  [bf96fef3] FieldMetadata v0.1.1
  [bac558e1] OrderedCollections v1.1.0
  [d96e819e] Parameters v0.12.0
  [2a0f44e3] Base64  [`@stdlib/Base64`]
  [8ba89e20] Distributed  [`@stdlib/Distributed`]
  [b77e0a4c] InteractiveUtils  [`@stdlib/InteractiveUtils`]
  [56ddb016] Logging  [`@stdlib/Logging`]
  [d6f4376e] Markdown  [`@stdlib/Markdown`]
  [3fa0cd96] REPL  [`@stdlib/REPL`]
  [9a3f8284] Random  [`@stdlib/Random`]
  [9e88b42a] Serialization  [`@stdlib/Serialization`]
  [6462fe0b] Sockets  [`@stdlib/Sockets`]
  [8dfed614] Test  [`@stdlib/Test`]
   Testing FieldMetadata tests passed 
