 Resolving package versions...
 Installed TimerOutputs ───────── v0.5.3
 Installed FastClosures ───────── v0.3.2
 Installed DiffResults ────────── v0.0.4
 Installed Compat ─────────────── v2.2.0
 Installed DiffRules ──────────── v0.1.0
 Installed BinaryProvider ─────── v0.5.8
 Installed LinearOperators ────── v0.7.1
 Installed NLPModels ──────────── v0.10.0
 Installed NaNMath ────────────── v0.3.3
 Installed URIParser ──────────── v0.4.0
 Installed BinDeps ────────────── v0.8.10
 Installed CommonSubexpressions ─ v0.2.0
 Installed SpecialFunctions ───── v0.8.0
 Installed ForwardDiff ────────── v0.10.6
 Installed StaticArrays ───────── v0.12.1
  Updating `~/.julia/environments/v1.2/Project.toml`
  [a4795742] + NLPModels v0.10.0
  Updating `~/.julia/environments/v1.2/Manifest.toml`
  [9e28174c] + BinDeps v0.8.10
  [b99e7846] + BinaryProvider v0.5.8
  [bbf7d656] + CommonSubexpressions v0.2.0
  [34da2185] + Compat v2.2.0
  [163ba53b] + DiffResults v0.0.4
  [b552c78f] + DiffRules v0.1.0
  [9aa1b823] + FastClosures v0.3.2
  [f6369f11] + ForwardDiff v0.10.6
  [5c8ed15e] + LinearOperators v0.7.1
  [a4795742] + NLPModels v0.10.0
  [77ba4419] + NaNMath v0.3.3
  [276daf66] + SpecialFunctions v0.8.0
  [90137ffa] + StaticArrays v0.12.1
  [a759f4b9] + TimerOutputs v0.5.3
  [30578b45] + URIParser v0.4.0
  [2a0f44e3] + Base64 
  [ade2ca70] + Dates 
  [8bb1440f] + DelimitedFiles 
  [8ba89e20] + Distributed 
  [b77e0a4c] + InteractiveUtils 
  [76f85450] + LibGit2 
  [8f399da3] + Libdl 
  [37e2e46d] + LinearAlgebra 
  [56ddb016] + Logging 
  [d6f4376e] + Markdown 
  [a63ad114] + Mmap 
  [44cfe95a] + Pkg 
  [de0858da] + Printf 
  [3fa0cd96] + REPL 
  [9a3f8284] + Random 
  [ea8e919c] + SHA 
  [9e88b42a] + Serialization 
  [1a1011a3] + SharedArrays 
  [6462fe0b] + Sockets 
  [2f01184e] + SparseArrays 
  [10745b16] + Statistics 
  [8dfed614] + Test 
  [cf7118a7] + UUIDs 
  [4ec0a83e] + Unicode 
  Building SpecialFunctions → `~/.julia/packages/SpecialFunctions/ne2iw/deps/build.log`
   Testing NLPModels
    Status `/tmp/jl_zo8nvG/Manifest.toml`
  [9e28174c] BinDeps v0.8.10
  [b99e7846] BinaryProvider v0.5.8
  [bbf7d656] CommonSubexpressions v0.2.0
  [34da2185] Compat v2.2.0
  [163ba53b] DiffResults v0.0.4
  [b552c78f] DiffRules v0.1.0
  [9aa1b823] FastClosures v0.3.2
  [f6369f11] ForwardDiff v0.10.6
  [5c8ed15e] LinearOperators v0.7.1
  [a4795742] NLPModels v0.10.0
  [77ba4419] NaNMath v0.3.3
  [276daf66] SpecialFunctions v0.8.0
  [90137ffa] StaticArrays v0.12.1
  [a759f4b9] TimerOutputs v0.5.3
  [30578b45] URIParser v0.4.0
  [2a0f44e3] Base64  [`@stdlib/Base64`]
  [ade2ca70] Dates  [`@stdlib/Dates`]
  [8bb1440f] DelimitedFiles  [`@stdlib/DelimitedFiles`]
  [8ba89e20] Distributed  [`@stdlib/Distributed`]
  [b77e0a4c] InteractiveUtils  [`@stdlib/InteractiveUtils`]
  [76f85450] LibGit2  [`@stdlib/LibGit2`]
  [8f399da3] Libdl  [`@stdlib/Libdl`]
  [37e2e46d] LinearAlgebra  [`@stdlib/LinearAlgebra`]
  [56ddb016] Logging  [`@stdlib/Logging`]
  [d6f4376e] Markdown  [`@stdlib/Markdown`]
  [a63ad114] Mmap  [`@stdlib/Mmap`]
  [44cfe95a] Pkg  [`@stdlib/Pkg`]
  [de0858da] Printf  [`@stdlib/Printf`]
  [3fa0cd96] REPL  [`@stdlib/REPL`]
  [9a3f8284] Random  [`@stdlib/Random`]
  [ea8e919c] SHA  [`@stdlib/SHA`]
  [9e88b42a] Serialization  [`@stdlib/Serialization`]
  [1a1011a3] SharedArrays  [`@stdlib/SharedArrays`]
  [6462fe0b] Sockets  [`@stdlib/Sockets`]
  [2f01184e] SparseArrays  [`@stdlib/SparseArrays`]
  [10745b16] Statistics  [`@stdlib/Statistics`]
  [8dfed614] Test  [`@stdlib/Test`]
  [cf7118a7] UUIDs  [`@stdlib/UUIDs`]
  [4ec0a83e] Unicode  [`@stdlib/Unicode`]
Testing printing of nlp.meta
Minimization problem Unconstrained example
nvar = 10, ncon = 0 (0 linear)
lvar = -1.0   -1.0   -1.0   -1.0  ⋯  -Inf
uvar = 1.0   1.0   1.0   Inf  ⋯  4.0
lcon = ∅
ucon = ∅
x0 = 0.0   0.0   0.0   0.0  ⋯  0.0
y0 = ∅
nnzh = 55
nnzj = 0
Minimization problem Constrained example
nvar = 10, ncon = 3 (0 linear)
lvar = -Inf   -Inf   -Inf   -Inf  ⋯  -Inf
uvar = Inf   Inf   Inf   Inf  ⋯  Inf
lcon = 0.0   0.0   -Inf
ucon = Inf   0.0   0.0
x0 = 0.0   0.0   0.0   0.0  ⋯  0.0
y0 = 0.0   0.0   0.0
nnzh = 55
nnzj = 30
nonlinear constraints: 1   2   3
Checking slack formulation of genrose	✓
Checking slack formulation of hs5	✓
Checking slack formulation of hs6	✓
Checking slack formulation of hs10    	✓
Checking slack formulation of hs11    	✓
Checking slack formulation of hs14    	✓
Test Summary:     | Pass  Total
Slack model tests |   90     90
Checking LBFGS formulation of hs10    	✓
Checking LSR1 formulation of hs10    	✓
Checking LBFGS formulation of hs11    	✓
Checking LSR1 formulation of hs11    	✓
Checking LBFGS formulation of hs14    	✓
Checking LSR1 formulation of hs14    	✓
For tests to pass, all models must have been written identically.
Constraints, if any, must have been declared in the same order.
                        	Consistency   Derivative Check   Quasi-Newton  Slack variant
Checking problem brownden            ✓               ✓                  ✓            -
Checking problem hs5                 ✓               ✓                  ✓            -
Checking problem hs6                 ✓               ✓                  ✓            -
Checking problem hs10                ✓               ✓                  ✓            ✓
Checking problem hs11                ✓               ✓                  ✓            ✓
Checking problem hs14                ✓               ✓                  ✓            ✓
Test Summary:     | Pass  Total
autodiff_nls_test |    1      1
Test Summary: | Pass  Total
lls_test      |  108    108
Test Summary:        | Pass  Total
feasibility_nls_test |    7      7
Test Summary:                 | Pass  Total
Consistency of Linear problem | 1113   1113
Test Summary:                                         | Pass  Total
Consistency of Linear problem with linear constraints |  667    667
Test Summary:                    | Pass  Total
Consistency of Nonlinear problem |  251    251
Test Summary:                                     | Pass  Total
Consistency of Nonlinear problem with constraints |  135    135
Test Summary:                | Pass  Total
Consistency of slack variant |  215    215
Test Summary:                                   | Pass  Total
Consistency of slack variant for linear problem |  197    197
Test Summary:                                     | Pass  Total
Consistency of LLS with Matrix and LinearOperator | 3592   3592
Test Summary:                       | Pass  Total
Test FeasibilityFormNLS consistency | 1590   1590
Test Summary:                         |  Pass  Total
Test FeasibilityFormNLS with LLSModel | 11772  11772
Test Summary:                                    | Pass  Total
Test FeasibilityFormNLS of a FeasibilityResidual |  512    512
Test Summary:                  | Pass  Total
Test multiple precision models |   68     68
Test Summary:                       |  Pass  Total
Test view subarrays for many models | 10862  10862
[ Info: Testing HS5
[ Info: Testing HS6
[ Info: Testing HS10
[ Info: Testing HS11
[ Info: Testing HS14
Test Summary:                          | Pass  Total
Memory of coordinate inplace functions |   16     16
   Testing NLPModels tests passed 
