 Resolving package versions...
 Installed Requires ─── v0.5.2
 Installed MetaArrays ─ v0.2.7
  Updating `~/.julia/environments/v1.0/Project.toml`
  [36b8f3f0] + MetaArrays v0.2.7
  Updating `~/.julia/environments/v1.0/Manifest.toml`
  [36b8f3f0] + MetaArrays v0.2.7
  [ae029012] + Requires v0.5.2
  [2a0f44e3] + Base64 
  [8ba89e20] + Distributed 
  [b77e0a4c] + InteractiveUtils 
  [8f399da3] + Libdl 
  [37e2e46d] + LinearAlgebra 
  [56ddb016] + Logging 
  [d6f4376e] + Markdown 
  [9a3f8284] + Random 
  [9e88b42a] + Serialization 
  [6462fe0b] + Sockets 
  [8dfed614] + Test 
   Testing MetaArrays
 Resolving package versions...
 Installed IntervalSets ─ v0.3.2
 Installed IterTools ──── v1.3.0
 Installed RangeArrays ── v0.3.1
 Installed Compat ─────── v2.2.0
 Installed StaticArrays ─ v0.12.1
 Installed Unitful ────── v0.17.0
 Installed AxisArrays ─── v0.3.3
    Status `/tmp/tmpIozxTj/Manifest.toml`
  [39de3d68] AxisArrays v0.3.3
  [34da2185] Compat v2.2.0
  [8197267c] IntervalSets v0.3.2
  [c8e1da08] IterTools v1.3.0
  [36b8f3f0] MetaArrays v0.2.7
  [b3c3ace0] RangeArrays v0.3.1
  [ae029012] Requires v0.5.2
  [90137ffa] StaticArrays v0.12.1
  [1986cc42] Unitful v0.17.0
  [2a0f44e3] Base64  [`@stdlib/Base64`]
  [ade2ca70] Dates  [`@stdlib/Dates`]
  [8bb1440f] DelimitedFiles  [`@stdlib/DelimitedFiles`]
  [8ba89e20] Distributed  [`@stdlib/Distributed`]
  [b77e0a4c] InteractiveUtils  [`@stdlib/InteractiveUtils`]
  [76f85450] LibGit2  [`@stdlib/LibGit2`]
  [8f399da3] Libdl  [`@stdlib/Libdl`]
  [37e2e46d] LinearAlgebra  [`@stdlib/LinearAlgebra`]
  [56ddb016] Logging  [`@stdlib/Logging`]
  [d6f4376e] Markdown  [`@stdlib/Markdown`]
  [a63ad114] Mmap  [`@stdlib/Mmap`]
  [44cfe95a] Pkg  [`@stdlib/Pkg`]
  [de0858da] Printf  [`@stdlib/Printf`]
  [3fa0cd96] REPL  [`@stdlib/REPL`]
  [9a3f8284] Random  [`@stdlib/Random`]
  [ea8e919c] SHA  [`@stdlib/SHA`]
  [9e88b42a] Serialization  [`@stdlib/Serialization`]
  [1a1011a3] SharedArrays  [`@stdlib/SharedArrays`]
  [6462fe0b] Sockets  [`@stdlib/Sockets`]
  [2f01184e] SparseArrays  [`@stdlib/SparseArrays`]
  [10745b16] Statistics  [`@stdlib/Statistics`]
  [8dfed614] Test  [`@stdlib/Test`]
  [cf7118a7] UUIDs  [`@stdlib/UUIDs`]
  [4ec0a83e] Unicode  [`@stdlib/Unicode`]
Test Summary: | Pass  Total
MetaArrays    |   96     96
   Testing MetaArrays tests passed 
