 Resolving package versions...
 Installed EmpiricalCDFs ─ v0.2.1
  Updating `~/.julia/environments/v1.2/Project.toml`
  [0dcf7749] + EmpiricalCDFs v0.2.1
  Updating `~/.julia/environments/v1.2/Manifest.toml`
  [0dcf7749] + EmpiricalCDFs v0.2.1
  [2a0f44e3] + Base64 
  [8ba89e20] + Distributed 
  [b77e0a4c] + InteractiveUtils 
  [8f399da3] + Libdl 
  [37e2e46d] + LinearAlgebra 
  [56ddb016] + Logging 
  [d6f4376e] + Markdown 
  [de0858da] + Printf 
  [9a3f8284] + Random 
  [9e88b42a] + Serialization 
  [6462fe0b] + Sockets 
  [2f01184e] + SparseArrays 
  [10745b16] + Statistics 
  [8dfed614] + Test 
  [4ec0a83e] + Unicode 
   Testing EmpiricalCDFs
    Status `/tmp/jl_IoCvdr/Manifest.toml`
  [0dcf7749] EmpiricalCDFs v0.2.1
  [2a0f44e3] Base64  [`@stdlib/Base64`]
  [8ba89e20] Distributed  [`@stdlib/Distributed`]
  [b77e0a4c] InteractiveUtils  [`@stdlib/InteractiveUtils`]
  [8f399da3] Libdl  [`@stdlib/Libdl`]
  [37e2e46d] LinearAlgebra  [`@stdlib/LinearAlgebra`]
  [56ddb016] Logging  [`@stdlib/Logging`]
  [d6f4376e] Markdown  [`@stdlib/Markdown`]
  [de0858da] Printf  [`@stdlib/Printf`]
  [9a3f8284] Random  [`@stdlib/Random`]
  [9e88b42a] Serialization  [`@stdlib/Serialization`]
  [6462fe0b] Sockets  [`@stdlib/Sockets`]
  [2f01184e] SparseArrays  [`@stdlib/SparseArrays`]
  [10745b16] Statistics  [`@stdlib/Statistics`]
  [8dfed614] Test  [`@stdlib/Test`]
  [4ec0a83e] Unicode  [`@stdlib/Unicode`]
Test Summary: | Pass  Total
construction  |    5      5
Test Summary: | Pass  Total
cutoff        |    7      7
Test Summary:    | Pass  Total
read binary file |   11     11
Test Summary: | Pass  Total
Inf cutoff    |    4      4
   Testing EmpiricalCDFs tests passed 
