 Resolving package versions...
 Installed DocumentFunction ─ v0.6.0
 Installed Kriging ────────── v0.5.0
 Installed Distances ──────── v0.8.2
 Installed NearestNeighbors ─ v0.4.3
 Installed StaticArrays ───── v0.12.1
  Updating `~/.julia/environments/v1.2/Project.toml`
  [6133562b] + Kriging v0.5.0
  Updating `~/.julia/environments/v1.2/Manifest.toml`
  [b4f34e82] + Distances v0.8.2
  [e1f3b4f0] + DocumentFunction v0.6.0
  [6133562b] + Kriging v0.5.0
  [b8a86587] + NearestNeighbors v0.4.3
  [90137ffa] + StaticArrays v0.12.1
  [2a0f44e3] + Base64 
  [8ba89e20] + Distributed 
  [b77e0a4c] + InteractiveUtils 
  [8f399da3] + Libdl 
  [37e2e46d] + LinearAlgebra 
  [56ddb016] + Logging 
  [d6f4376e] + Markdown 
  [a63ad114] + Mmap 
  [9a3f8284] + Random 
  [9e88b42a] + Serialization 
  [6462fe0b] + Sockets 
  [2f01184e] + SparseArrays 
  [10745b16] + Statistics 
  [8dfed614] + Test 
   Testing Kriging
 Resolving package versions...
    Status `/tmp/jl_yAPD3t/Manifest.toml`
  [b4f34e82] Distances v0.8.2
  [e1f3b4f0] DocumentFunction v0.6.0
  [6133562b] Kriging v0.5.0
  [b8a86587] NearestNeighbors v0.4.3
  [90137ffa] StaticArrays v0.12.1
  [2a0f44e3] Base64  [`@stdlib/Base64`]
  [8ba89e20] Distributed  [`@stdlib/Distributed`]
  [b77e0a4c] InteractiveUtils  [`@stdlib/InteractiveUtils`]
  [8f399da3] Libdl  [`@stdlib/Libdl`]
  [37e2e46d] LinearAlgebra  [`@stdlib/LinearAlgebra`]
  [56ddb016] Logging  [`@stdlib/Logging`]
  [d6f4376e] Markdown  [`@stdlib/Markdown`]
  [a63ad114] Mmap  [`@stdlib/Mmap`]
  [9a3f8284] Random  [`@stdlib/Random`]
  [9e88b42a] Serialization  [`@stdlib/Serialization`]
  [6462fe0b] Sockets  [`@stdlib/Sockets`]
  [2f01184e] SparseArrays  [`@stdlib/SparseArrays`]
  [10745b16] Statistics  [`@stdlib/Statistics`]
  [8dfed614] Test  [`@stdlib/Test`]
Test Summary: | Pass  Total
Kriging       |   13     13
   Testing Kriging tests passed 
