 Resolving package versions...
 Installed DataAPI ─────────────────── v1.1.0
 Installed AstroImages ─────────────── v0.2.0
 Installed JSExpr ──────────────────── v0.5.1
 Installed CatIndices ──────────────── v0.2.0
 Installed Missings ────────────────── v0.4.3
 Installed MbedTLS ─────────────────── v0.7.0
 Installed ComputationalResources ──── v0.3.0
 Installed Colors ──────────────────── v0.9.6
 Installed AbstractFFTs ────────────── v0.5.0
 Installed Pidfile ─────────────────── v1.1.0
 Installed RangeArrays ─────────────── v0.3.1
 Installed Interact ────────────────── v0.10.3
 Installed BinaryProvider ──────────── v0.5.8
 Installed WebIO ───────────────────── v0.8.11
 Installed StatsBase ───────────────── v0.32.0
 Installed Conda ───────────────────── v1.3.0
 Installed ImageMorphology ─────────── v0.2.4
 Installed Measures ────────────────── v0.3.0
 Installed URIParser ───────────────── v0.4.0
 Installed Requires ────────────────── v0.5.2
 Installed IdentityRanges ──────────── v0.3.0
 Installed ImageDistances ──────────── v0.2.4
 Installed AxisAlgorithms ──────────── v1.0.0
 Installed FunctionalCollections ───── v0.5.0
 Installed OffsetArrays ────────────── v0.11.1
 Installed Images ──────────────────── v0.18.0
 Installed ImageShow ───────────────── v0.2.0
 Installed Compat ──────────────────── v2.2.0
 Installed Widgets ─────────────────── v0.6.2
 Installed Reexport ────────────────── v0.2.0
 Installed OrderedCollections ──────── v1.1.0
 Installed Observables ─────────────── v0.2.3
 Installed IniFile ─────────────────── v0.5.0
 Installed IterTools ───────────────── v1.3.0
 Installed Knockout ────────────────── v0.2.3
 Installed CoordinateTransformations ─ v0.5.0
 Installed InteractBase ────────────── v0.10.3
 Installed MappedArrays ────────────── v0.2.2
 Installed Reproject ───────────────── v0.3.0
 Installed RecipesBase ─────────────── v0.7.0
 Installed ColorVectorSpace ────────── v0.7.1
 Installed ImageAxes ───────────────── v0.6.1
 Installed FixedPointNumbers ───────── v0.6.1
 Installed Parsers ─────────────────── v0.3.10
 Installed DataStructures ──────────── v0.17.6
 Installed Graphics ────────────────── v0.4.0
 Installed ImageMetadata ───────────── v0.7.2
 Installed JSON ────────────────────── v0.21.0
 Installed ImageFiltering ──────────── v0.6.5
 Installed ImageTransformations ────── v0.8.0
 Installed Ratios ──────────────────── v0.3.1
 Installed SkyCoords ───────────────── v0.3.0
 Installed AssetRegistry ───────────── v0.1.0
 Installed NaNMath ─────────────────── v0.3.3
 Installed HTTP ────────────────────── v0.8.8
 Installed StaticArrays ────────────── v0.12.1
 Installed CustomUnitRanges ────────── v0.2.0
 Installed SimpleTraits ────────────── v0.9.1
 Installed TiledIteration ──────────── v0.2.3
 Installed FFTW ────────────────────── v1.1.0
 Installed IntervalSets ────────────── v0.3.2
 Installed PaddedViews ─────────────── v0.4.2
 Installed ImageCore ───────────────── v0.8.5
 Installed WCS ─────────────────────── v0.5.0
 Installed FITSIO ──────────────────── v0.14.0
 Installed WoodburyMatrices ────────── v0.4.1
 Installed CSSUtil ─────────────────── v0.1.0
 Installed SortingAlgorithms ───────── v0.3.1
 Installed VersionParsing ──────────── v1.1.3
 Installed IndirectArrays ──────────── v0.5.0
 Installed Distances ───────────────── v0.8.2
 Installed WebSockets ──────────────── v1.5.2
 Installed MacroTools ──────────────── v0.5.2
 Installed ColorTypes ──────────────── v0.8.0
 Installed FFTViews ────────────────── v0.3.0
 Installed SpecialFunctions ────────── v0.8.0
 Installed ImageMagick ─────────────── v0.7.5
 Installed AxisArrays ──────────────── v0.3.3
 Installed Rotations ───────────────── v0.12.0
 Installed BinDeps ─────────────────── v0.8.10
 Installed FileIO ──────────────────── v1.0.7
 Installed Interpolations ──────────── v0.12.5
  Updating `~/.julia/environments/v1.2/Project.toml`
  [fe3fc30c] + AstroImages v0.2.0
  Updating `~/.julia/environments/v1.2/Manifest.toml`
  [621f4979] + AbstractFFTs v0.5.0
  [bf4720bc] + AssetRegistry v0.1.0
  [fe3fc30c] + AstroImages v0.2.0
  [13072b0f] + AxisAlgorithms v1.0.0
  [39de3d68] + AxisArrays v0.3.3
  [9e28174c] + BinDeps v0.8.10
  [b99e7846] + BinaryProvider v0.5.8
  [70588ee8] + CSSUtil v0.1.0
  [aafaddc9] + CatIndices v0.2.0
  [3da002f7] + ColorTypes v0.8.0
  [c3611d14] + ColorVectorSpace v0.7.1
  [5ae59095] + Colors v0.9.6
  [34da2185] + Compat v2.2.0
  [ed09eef8] + ComputationalResources v0.3.0
  [8f4d0f93] + Conda v1.3.0
  [150eb455] + CoordinateTransformations v0.5.0
  [dc8bdbbb] + CustomUnitRanges v0.2.0
  [9a962f9c] + DataAPI v1.1.0
  [864edb3b] + DataStructures v0.17.6
  [b4f34e82] + Distances v0.8.2
  [4f61f5a4] + FFTViews v0.3.0
  [7a1cc6ca] + FFTW v1.1.0
  [525bcba6] + FITSIO v0.14.0
  [5789e2e9] + FileIO v1.0.7
  [53c48c17] + FixedPointNumbers v0.6.1
  [de31a74c] + FunctionalCollections v0.5.0
  [a2bd30eb] + Graphics v0.4.0
  [cd3eb016] + HTTP v0.8.8
  [bbac6d45] + IdentityRanges v0.3.0
  [2803e5a7] + ImageAxes v0.6.1
  [a09fc81d] + ImageCore v0.8.5
  [51556ac3] + ImageDistances v0.2.4
  [6a3955dd] + ImageFiltering v0.6.5
  [6218d12a] + ImageMagick v0.7.5
  [bc367c6b] + ImageMetadata v0.7.2
  [787d08f9] + ImageMorphology v0.2.4
  [4e3cecfd] + ImageShow v0.2.0
  [02fcd773] + ImageTransformations v0.8.0
  [916415d5] + Images v0.18.0
  [9b13fd28] + IndirectArrays v0.5.0
  [83e8ac13] + IniFile v0.5.0
  [c601a237] + Interact v0.10.3
  [d3863d7c] + InteractBase v0.10.3
  [a98d9a8b] + Interpolations v0.12.5
  [8197267c] + IntervalSets v0.3.2
  [c8e1da08] + IterTools v1.3.0
  [97c1335a] + JSExpr v0.5.1
  [682c06a0] + JSON v0.21.0
  [bcebb21b] + Knockout v0.2.3
  [1914dd2f] + MacroTools v0.5.2
  [dbb5928d] + MappedArrays v0.2.2
  [739be429] + MbedTLS v0.7.0
  [442fdcdd] + Measures v0.3.0
  [e1d29d7a] + Missings v0.4.3
  [77ba4419] + NaNMath v0.3.3
  [510215fc] + Observables v0.2.3
  [6fe1bfb0] + OffsetArrays v0.11.1
  [bac558e1] + OrderedCollections v1.1.0
  [5432bcbf] + PaddedViews v0.4.2
  [69de0a69] + Parsers v0.3.10
  [fa939f87] + Pidfile v1.1.0
  [b3c3ace0] + RangeArrays v0.3.1
  [c84ed2f1] + Ratios v0.3.1
  [3cdcf5f2] + RecipesBase v0.7.0
  [189a3867] + Reexport v0.2.0
  [d1dcc2e6] + Reproject v0.3.0
  [ae029012] + Requires v0.5.2
  [6038ab10] + Rotations v0.12.0
  [699a6c99] + SimpleTraits v0.9.1
  [fc659fc5] + SkyCoords v0.3.0
  [a2af1166] + SortingAlgorithms v0.3.1
  [276daf66] + SpecialFunctions v0.8.0
  [90137ffa] + StaticArrays v0.12.1
  [2913bbd2] + StatsBase v0.32.0
  [06e1c1a7] + TiledIteration v0.2.3
  [30578b45] + URIParser v0.4.0
  [81def892] + VersionParsing v1.1.3
  [15f3aee2] + WCS v0.5.0
  [0f1e0344] + WebIO v0.8.11
  [104b5d7c] + WebSockets v1.5.2
  [cc8bc4a8] + Widgets v0.6.2
  [efce3f68] + WoodburyMatrices v0.4.1
  [2a0f44e3] + Base64 
  [ade2ca70] + Dates 
  [8bb1440f] + DelimitedFiles 
  [8ba89e20] + Distributed 
  [7b1f6079] + FileWatching 
  [b77e0a4c] + InteractiveUtils 
  [76f85450] + LibGit2 
  [8f399da3] + Libdl 
  [37e2e46d] + LinearAlgebra 
  [56ddb016] + Logging 
  [d6f4376e] + Markdown 
  [a63ad114] + Mmap 
  [44cfe95a] + Pkg 
  [de0858da] + Printf 
  [3fa0cd96] + REPL 
  [9a3f8284] + Random 
  [ea8e919c] + SHA 
  [9e88b42a] + Serialization 
  [1a1011a3] + SharedArrays 
  [6462fe0b] + Sockets 
  [2f01184e] + SparseArrays 
  [10745b16] + Statistics 
  [8dfed614] + Test 
  [cf7118a7] + UUIDs 
  [4ec0a83e] + Unicode 
  Building MbedTLS ─────────→ `~/.julia/packages/MbedTLS/a1JFn/deps/build.log`
  Building WebIO ───────────→ `~/.julia/packages/WebIO/2mZPb/deps/build.log`
  Building Knockout ────────→ `~/.julia/packages/Knockout/1sDlc/deps/build.log`
  Building InteractBase ────→ `~/.julia/packages/InteractBase/9mFwe/deps/build.log`
  Building Interact ────────→ `~/.julia/packages/Interact/SbgIk/deps/build.log`
  Building Conda ───────────→ `~/.julia/packages/Conda/kLXeC/deps/build.log`
  Building FFTW ────────────→ `~/.julia/packages/FFTW/loJ3F/deps/build.log`
  Building WCS ─────────────→ `~/.julia/packages/WCS/fkPeC/deps/build.log`
  Building FITSIO ──────────→ `~/.julia/packages/FITSIO/BavHZ/deps/build.log`
  Building SpecialFunctions → `~/.julia/packages/SpecialFunctions/ne2iw/deps/build.log`
  Building ImageMagick ─────→ `~/.julia/packages/ImageMagick/vMfoS/deps/build.log`
   Testing AstroImages
 Resolving package versions...
 Installed Blosc ───────── v0.5.1
 Installed CMakeWrapper ── v0.2.3
 Installed JLD ─────────── v0.9.1
 Installed Parameters ──── v0.12.0
 Installed CMake ───────── v1.1.2
 Installed HDF5 ────────── v0.12.5
 Installed LegacyStrings ─ v0.4.1
  Building CMake → `~/.julia/packages/CMake/nSK2r/deps/build.log`
  Building Blosc → `~/.julia/packages/Blosc/lzFr0/deps/build.log`
  Building HDF5 ─→ `~/.julia/packages/HDF5/Zh9on/deps/build.log`
    Status `/tmp/jl_vEB4NN/Manifest.toml`
  [621f4979] AbstractFFTs v0.5.0
  [bf4720bc] AssetRegistry v0.1.0
  [fe3fc30c] AstroImages v0.2.0
  [13072b0f] AxisAlgorithms v1.0.0
  [39de3d68] AxisArrays v0.3.3
  [9e28174c] BinDeps v0.8.10
  [b99e7846] BinaryProvider v0.5.8
  [a74b3585] Blosc v0.5.1
  [631607c0] CMake v1.1.2
  [d5fb7624] CMakeWrapper v0.2.3
  [70588ee8] CSSUtil v0.1.0
  [aafaddc9] CatIndices v0.2.0
  [3da002f7] ColorTypes v0.8.0
  [c3611d14] ColorVectorSpace v0.7.1
  [5ae59095] Colors v0.9.6
  [34da2185] Compat v2.2.0
  [ed09eef8] ComputationalResources v0.3.0
  [8f4d0f93] Conda v1.3.0
  [150eb455] CoordinateTransformations v0.5.0
  [dc8bdbbb] CustomUnitRanges v0.2.0
  [9a962f9c] DataAPI v1.1.0
  [864edb3b] DataStructures v0.17.6
  [b4f34e82] Distances v0.8.2
  [4f61f5a4] FFTViews v0.3.0
  [7a1cc6ca] FFTW v1.1.0
  [525bcba6] FITSIO v0.14.0
  [5789e2e9] FileIO v1.0.7
  [53c48c17] FixedPointNumbers v0.6.1
  [de31a74c] FunctionalCollections v0.5.0
  [a2bd30eb] Graphics v0.4.0
  [f67ccb44] HDF5 v0.12.5
  [cd3eb016] HTTP v0.8.8
  [bbac6d45] IdentityRanges v0.3.0
  [2803e5a7] ImageAxes v0.6.1
  [a09fc81d] ImageCore v0.8.5
  [51556ac3] ImageDistances v0.2.4
  [6a3955dd] ImageFiltering v0.6.5
  [6218d12a] ImageMagick v0.7.5
  [bc367c6b] ImageMetadata v0.7.2
  [787d08f9] ImageMorphology v0.2.4
  [4e3cecfd] ImageShow v0.2.0
  [02fcd773] ImageTransformations v0.8.0
  [916415d5] Images v0.18.0
  [9b13fd28] IndirectArrays v0.5.0
  [83e8ac13] IniFile v0.5.0
  [c601a237] Interact v0.10.3
  [d3863d7c] InteractBase v0.10.3
  [a98d9a8b] Interpolations v0.12.5
  [8197267c] IntervalSets v0.3.2
  [c8e1da08] IterTools v1.3.0
  [4138dd39] JLD v0.9.1
  [97c1335a] JSExpr v0.5.1
  [682c06a0] JSON v0.21.0
  [bcebb21b] Knockout v0.2.3
  [1b4a561d] LegacyStrings v0.4.1
  [1914dd2f] MacroTools v0.5.2
  [dbb5928d] MappedArrays v0.2.2
  [739be429] MbedTLS v0.7.0
  [442fdcdd] Measures v0.3.0
  [e1d29d7a] Missings v0.4.3
  [77ba4419] NaNMath v0.3.3
  [510215fc] Observables v0.2.3
  [6fe1bfb0] OffsetArrays v0.11.1
  [bac558e1] OrderedCollections v1.1.0
  [5432bcbf] PaddedViews v0.4.2
  [d96e819e] Parameters v0.12.0
  [69de0a69] Parsers v0.3.10
  [fa939f87] Pidfile v1.1.0
  [b3c3ace0] RangeArrays v0.3.1
  [c84ed2f1] Ratios v0.3.1
  [3cdcf5f2] RecipesBase v0.7.0
  [189a3867] Reexport v0.2.0
  [d1dcc2e6] Reproject v0.3.0
  [ae029012] Requires v0.5.2
  [6038ab10] Rotations v0.12.0
  [699a6c99] SimpleTraits v0.9.1
  [fc659fc5] SkyCoords v0.3.0
  [a2af1166] SortingAlgorithms v0.3.1
  [276daf66] SpecialFunctions v0.8.0
  [90137ffa] StaticArrays v0.12.1
  [2913bbd2] StatsBase v0.32.0
  [06e1c1a7] TiledIteration v0.2.3
  [30578b45] URIParser v0.4.0
  [81def892] VersionParsing v1.1.3
  [15f3aee2] WCS v0.5.0
  [0f1e0344] WebIO v0.8.11
  [104b5d7c] WebSockets v1.5.2
  [cc8bc4a8] Widgets v0.6.2
  [efce3f68] WoodburyMatrices v0.4.1
  [2a0f44e3] Base64  [`@stdlib/Base64`]
  [ade2ca70] Dates  [`@stdlib/Dates`]
  [8bb1440f] DelimitedFiles  [`@stdlib/DelimitedFiles`]
  [8ba89e20] Distributed  [`@stdlib/Distributed`]
  [7b1f6079] FileWatching  [`@stdlib/FileWatching`]
  [b77e0a4c] InteractiveUtils  [`@stdlib/InteractiveUtils`]
  [76f85450] LibGit2  [`@stdlib/LibGit2`]
  [8f399da3] Libdl  [`@stdlib/Libdl`]
  [37e2e46d] LinearAlgebra  [`@stdlib/LinearAlgebra`]
  [56ddb016] Logging  [`@stdlib/Logging`]
  [d6f4376e] Markdown  [`@stdlib/Markdown`]
  [a63ad114] Mmap  [`@stdlib/Mmap`]
  [44cfe95a] Pkg  [`@stdlib/Pkg`]
  [de0858da] Printf  [`@stdlib/Printf`]
  [9abbd945] Profile  [`@stdlib/Profile`]
  [3fa0cd96] REPL  [`@stdlib/REPL`]
  [9a3f8284] Random  [`@stdlib/Random`]
  [ea8e919c] SHA  [`@stdlib/SHA`]
  [9e88b42a] Serialization  [`@stdlib/Serialization`]
  [1a1011a3] SharedArrays  [`@stdlib/SharedArrays`]
  [6462fe0b] Sockets  [`@stdlib/Sockets`]
  [2f01184e] SparseArrays  [`@stdlib/SparseArrays`]
  [10745b16] Statistics  [`@stdlib/Statistics`]
  [8dfed614] Test  [`@stdlib/Test`]
  [cf7118a7] UUIDs  [`@stdlib/UUIDs`]
  [4ec0a83e] Unicode  [`@stdlib/Unicode`]
Test Summary:                       | Pass  Total
Conversion to float and fixed-point |   26     26
Test Summary:   | Pass  Total
FITS and images |   27     27
Test Summary:    | Pass  Total
Control contrast |    6      6
Test Summary:   | Pass  Total
default handler |   10     10
Test Summary:     | Pass  Total
Utility functions |    2      2
Test Summary:          | Pass  Total
multi image AstroImage |    6      6
Test Summary:        | Pass  Total
multi wcs AstroImage |    6      6
Test Summary:         | Pass  Total
multi file AstroImage |   12     12
Test Summary: | Pass  Total
Plot recipes  |    8      8
Test Summary: | Pass  Total
formatters    |    4      4
[ Info: Running...
Test Summary: | Pass  Total
ccd2rgb       |   28     28
   Testing AstroImages tests passed 
