 Resolving package versions...
 Installed BarycentricInterpolation ─ v0.1.2
  Updating `~/.julia/environments/v1.2/Project.toml`
  [9eb6a62d] + BarycentricInterpolation v0.1.2
  Updating `~/.julia/environments/v1.2/Manifest.toml`
  [9eb6a62d] + BarycentricInterpolation v0.1.2
  [2a0f44e3] + Base64 
  [8ba89e20] + Distributed 
  [b77e0a4c] + InteractiveUtils 
  [8f399da3] + Libdl 
  [37e2e46d] + LinearAlgebra 
  [56ddb016] + Logging 
  [d6f4376e] + Markdown 
  [9a3f8284] + Random 
  [9e88b42a] + Serialization 
  [6462fe0b] + Sockets 
  [8dfed614] + Test 
   Testing BarycentricInterpolation
    Status `/tmp/jl_w8IWnO/Manifest.toml`
  [9eb6a62d] BarycentricInterpolation v0.1.2
  [2a0f44e3] Base64  [`@stdlib/Base64`]
  [8ba89e20] Distributed  [`@stdlib/Distributed`]
  [b77e0a4c] InteractiveUtils  [`@stdlib/InteractiveUtils`]
  [8f399da3] Libdl  [`@stdlib/Libdl`]
  [37e2e46d] LinearAlgebra  [`@stdlib/LinearAlgebra`]
  [56ddb016] Logging  [`@stdlib/Logging`]
  [d6f4376e] Markdown  [`@stdlib/Markdown`]
  [9a3f8284] Random  [`@stdlib/Random`]
  [9e88b42a] Serialization  [`@stdlib/Serialization`]
  [6462fe0b] Sockets  [`@stdlib/Sockets`]
  [8dfed614] Test  [`@stdlib/Test`]
Test Summary: | Pass  Total
Degree        |    2      2
Test Summary: | Pass  Total
Nodes         |   10     10
Test Summary: | Pass  Total
Weights       |    9      9
Test Summary:        | Pass  Total
Interpolation matrix |    4      4
Test Summary: | Pass  Total
Interpolate   |    2      2
Test Summary:          | Pass  Total
Differentiation matrix |    3      3
   Testing BarycentricInterpolation tests passed 
