 Resolving package versions...
 Installed Reexport ─────────── v0.2.0
 Installed PyPlot ───────────── v2.8.2
 Installed Kwant ────────────── v0.1.0
 Installed FixedPointNumbers ── v0.6.1
 Installed Parsers ──────────── v0.3.10
 Installed PyCall ───────────── v1.91.2
 Installed DataStructures ───── v0.17.6
 Installed Colors ───────────── v0.9.6
 Installed LaTeXStrings ─────── v1.0.3
 Installed VersionParsing ───── v1.1.3
 Installed Conda ────────────── v1.3.0
 Installed MacroTools ───────── v0.5.2
 Installed JSON ─────────────── v0.21.0
 Installed OrderedCollections ─ v1.1.0
 Installed Compat ───────────── v2.2.0
 Installed ColorTypes ───────── v0.8.0
  Updating `~/.julia/environments/v1.2/Project.toml`
  [ed3f9b50] + Kwant v0.1.0
  Updating `~/.julia/environments/v1.2/Manifest.toml`
  [3da002f7] + ColorTypes v0.8.0
  [5ae59095] + Colors v0.9.6
  [34da2185] + Compat v2.2.0
  [8f4d0f93] + Conda v1.3.0
  [864edb3b] + DataStructures v0.17.6
  [53c48c17] + FixedPointNumbers v0.6.1
  [682c06a0] + JSON v0.21.0
  [ed3f9b50] + Kwant v0.1.0
  [b964fa9f] + LaTeXStrings v1.0.3
  [1914dd2f] + MacroTools v0.5.2
  [bac558e1] + OrderedCollections v1.1.0
  [69de0a69] + Parsers v0.3.10
  [438e738f] + PyCall v1.91.2
  [d330b81b] + PyPlot v2.8.2
  [189a3867] + Reexport v0.2.0
  [81def892] + VersionParsing v1.1.3
  [2a0f44e3] + Base64 
  [ade2ca70] + Dates 
  [8bb1440f] + DelimitedFiles 
  [8ba89e20] + Distributed 
  [b77e0a4c] + InteractiveUtils 
  [76f85450] + LibGit2 
  [8f399da3] + Libdl 
  [37e2e46d] + LinearAlgebra 
  [56ddb016] + Logging 
  [d6f4376e] + Markdown 
  [a63ad114] + Mmap 
  [44cfe95a] + Pkg 
  [de0858da] + Printf 
  [3fa0cd96] + REPL 
  [9a3f8284] + Random 
  [ea8e919c] + SHA 
  [9e88b42a] + Serialization 
  [1a1011a3] + SharedArrays 
  [6462fe0b] + Sockets 
  [2f01184e] + SparseArrays 
  [10745b16] + Statistics 
  [8dfed614] + Test 
  [cf7118a7] + UUIDs 
  [4ec0a83e] + Unicode 
  Building Conda ─→ `~/.julia/packages/Conda/kLXeC/deps/build.log`
  Building PyCall → `~/.julia/packages/PyCall/ttONZ/deps/build.log`
ERROR: Package Kwant did not provide a `test/runtests.jl` file
Stacktrace:
 [1] pkgerror(::String, ::Vararg{String,N} where N) at /buildworker/worker/package_linux64/build/usr/share/julia/stdlib/v1.2/Pkg/src/Types.jl:112
 [2] #test#119(::Bool, ::Nothing, ::typeof(Pkg.Operations.test), ::Pkg.Types.Context, ::Array{Pkg.Types.PackageSpec,1}) at /buildworker/worker/package_linux64/build/usr/share/julia/stdlib/v1.2/Pkg/src/Operations.jl:1254
 [3] #test at ./none:0 [inlined]
 [4] #test#62(::Bool, ::Nothing, ::Base.Iterators.Pairs{Union{},Union{},Tuple{},NamedTuple{(),Tuple{}}}, ::typeof(Pkg.API.test), ::Pkg.Types.Context, ::Array{Pkg.Types.PackageSpec,1}) at /buildworker/worker/package_linux64/build/usr/share/julia/stdlib/v1.2/Pkg/src/API.jl:245
 [5] test at /buildworker/worker/package_linux64/build/usr/share/julia/stdlib/v1.2/Pkg/src/API.jl:233 [inlined]
 [6] #test#61 at /buildworker/worker/package_linux64/build/usr/share/julia/stdlib/v1.2/Pkg/src/API.jl:230 [inlined]
 [7] test at /buildworker/worker/package_linux64/build/usr/share/julia/stdlib/v1.2/Pkg/src/API.jl:230 [inlined]
 [8] #test#60 at /buildworker/worker/package_linux64/build/usr/share/julia/stdlib/v1.2/Pkg/src/API.jl:229 [inlined]
 [9] test at /buildworker/worker/package_linux64/build/usr/share/julia/stdlib/v1.2/Pkg/src/API.jl:229 [inlined]
 [10] #test#59(::Base.Iterators.Pairs{Union{},Union{},Tuple{},NamedTuple{(),Tuple{}}}, ::typeof(Pkg.API.test), ::String) at /buildworker/worker/package_linux64/build/usr/share/julia/stdlib/v1.2/Pkg/src/API.jl:228
 [11] test(::String) at /buildworker/worker/package_linux64/build/usr/share/julia/stdlib/v1.2/Pkg/src/API.jl:228
 [12] top-level scope at none:10
