 Resolving package versions...
 Installed Reexport ─────────── v0.2.0
 Installed DataAPI ──────────── v1.1.0
 Installed BinDeps ──────────── v0.8.10
 Installed Arpack ───────────── v0.3.1
 Installed BayesianTools ────── v0.0.1
 Installed BinaryProvider ───── v0.5.8
 Installed DataStructures ───── v0.17.6
 Installed SpecialFunctions ─── v0.8.0
 Installed SortingAlgorithms ── v0.3.1
 Installed URIParser ────────── v0.4.0
 Installed Rmath ────────────── v0.5.1
 Installed OrderedCollections ─ v1.1.0
 Installed PDMats ───────────── v0.9.10
 Installed StatsBase ────────── v0.32.0
 Installed Distributions ────── v0.21.8
 Installed Missings ─────────── v0.4.3
 Installed QuadGK ───────────── v2.1.1
 Installed StatsFuns ────────── v0.9.0
 Installed Compat ───────────── v2.2.0
  Updating `~/.julia/environments/v1.0/Project.toml`
  [196d93e9] + BayesianTools v0.0.1
  Updating `~/.julia/environments/v1.0/Manifest.toml`
  [7d9fca2a] + Arpack v0.3.1
  [196d93e9] + BayesianTools v0.0.1
  [9e28174c] + BinDeps v0.8.10
  [b99e7846] + BinaryProvider v0.5.8
  [34da2185] + Compat v2.2.0
  [9a962f9c] + DataAPI v1.1.0
  [864edb3b] + DataStructures v0.17.6
  [31c24e10] + Distributions v0.21.8
  [e1d29d7a] + Missings v0.4.3
  [bac558e1] + OrderedCollections v1.1.0
  [90014a1f] + PDMats v0.9.10
  [1fd47b50] + QuadGK v2.1.1
  [189a3867] + Reexport v0.2.0
  [79098fc4] + Rmath v0.5.1
  [a2af1166] + SortingAlgorithms v0.3.1
  [276daf66] + SpecialFunctions v0.8.0
  [2913bbd2] + StatsBase v0.32.0
  [4c63d2b9] + StatsFuns v0.9.0
  [30578b45] + URIParser v0.4.0
  [2a0f44e3] + Base64 
  [ade2ca70] + Dates 
  [8bb1440f] + DelimitedFiles 
  [8ba89e20] + Distributed 
  [b77e0a4c] + InteractiveUtils 
  [76f85450] + LibGit2 
  [8f399da3] + Libdl 
  [37e2e46d] + LinearAlgebra 
  [56ddb016] + Logging 
  [d6f4376e] + Markdown 
  [a63ad114] + Mmap 
  [44cfe95a] + Pkg 
  [de0858da] + Printf 
  [3fa0cd96] + REPL 
  [9a3f8284] + Random 
  [ea8e919c] + SHA 
  [9e88b42a] + Serialization 
  [1a1011a3] + SharedArrays 
  [6462fe0b] + Sockets 
  [2f01184e] + SparseArrays 
  [10745b16] + Statistics 
  [4607b0f0] + SuiteSparse 
  [8dfed614] + Test 
  [cf7118a7] + UUIDs 
  [4ec0a83e] + Unicode 
  Building Arpack ──────────→ `~/.julia/packages/Arpack/cu5By/deps/build.log`
  Building SpecialFunctions → `~/.julia/packages/SpecialFunctions/ne2iw/deps/build.log`
  Building Rmath ───────────→ `~/.julia/packages/Rmath/4wt82/deps/build.log`
   Testing BayesianTools
    Status `/tmp/tmpk62MQQ/Manifest.toml`
  [7d9fca2a] Arpack v0.3.1
  [196d93e9] BayesianTools v0.0.1
  [9e28174c] BinDeps v0.8.10
  [b99e7846] BinaryProvider v0.5.8
  [34da2185] Compat v2.2.0
  [9a962f9c] DataAPI v1.1.0
  [864edb3b] DataStructures v0.17.6
  [31c24e10] Distributions v0.21.8
  [e1d29d7a] Missings v0.4.3
  [bac558e1] OrderedCollections v1.1.0
  [90014a1f] PDMats v0.9.10
  [1fd47b50] QuadGK v2.1.1
  [189a3867] Reexport v0.2.0
  [79098fc4] Rmath v0.5.1
  [a2af1166] SortingAlgorithms v0.3.1
  [276daf66] SpecialFunctions v0.8.0
  [2913bbd2] StatsBase v0.32.0
  [4c63d2b9] StatsFuns v0.9.0
  [30578b45] URIParser v0.4.0
  [2a0f44e3] Base64  [`@stdlib/Base64`]
  [ade2ca70] Dates  [`@stdlib/Dates`]
  [8bb1440f] DelimitedFiles  [`@stdlib/DelimitedFiles`]
  [8ba89e20] Distributed  [`@stdlib/Distributed`]
  [b77e0a4c] InteractiveUtils  [`@stdlib/InteractiveUtils`]
  [76f85450] LibGit2  [`@stdlib/LibGit2`]
  [8f399da3] Libdl  [`@stdlib/Libdl`]
  [37e2e46d] LinearAlgebra  [`@stdlib/LinearAlgebra`]
  [56ddb016] Logging  [`@stdlib/Logging`]
  [d6f4376e] Markdown  [`@stdlib/Markdown`]
  [a63ad114] Mmap  [`@stdlib/Mmap`]
  [44cfe95a] Pkg  [`@stdlib/Pkg`]
  [de0858da] Printf  [`@stdlib/Printf`]
  [3fa0cd96] REPL  [`@stdlib/REPL`]
  [9a3f8284] Random  [`@stdlib/Random`]
  [ea8e919c] SHA  [`@stdlib/SHA`]
  [9e88b42a] Serialization  [`@stdlib/Serialization`]
  [1a1011a3] SharedArrays  [`@stdlib/SharedArrays`]
  [6462fe0b] Sockets  [`@stdlib/Sockets`]
  [2f01184e] SparseArrays  [`@stdlib/SparseArrays`]
  [10745b16] Statistics  [`@stdlib/Statistics`]
  [4607b0f0] SuiteSparse  [`@stdlib/SuiteSparse`]
  [8dfed614] Test  [`@stdlib/Test`]
  [cf7118a7] UUIDs  [`@stdlib/UUIDs`]
  [4ec0a83e] Unicode  [`@stdlib/Unicode`]
WARNING: could not import Base.start into ProductDistributions
WARNING: could not import Base.next into ProductDistributions
WARNING: could not import Base.done into ProductDistributions
ERROR: LoadError: MethodError: no method matching _rand!(::MersenneTwister, ::ProductDistribution{Tuple{Normal{Float64},Uniform{Float64}}}, ::Array{Float64,1})
Closest candidates are:
  _rand!(::AbstractRNG, !Matched::MvNormal, ::Union{Array{T,1}, Array{T,2}} where T) at /root/.julia/packages/Distributions/OdJGZ/src/multivariate/mvnormal.jl:270
  _rand!(::AbstractRNG, !Matched::MvLogNormal, ::Union{AbstractArray{#s169,1}, AbstractArray{#s169,2}} where #s169<:Real) at /root/.julia/packages/Distributions/OdJGZ/src/multivariate/mvlognormal.jl:233
  _rand!(::AbstractRNG, ::Sampleable{Multivariate,S} where S<:ValueSupport, !Matched::AbstractArray{T,2} where T) at /root/.julia/packages/Distributions/OdJGZ/src/multivariates.jl:29
  ...
Stacktrace:
 [1] rand(::MersenneTwister, ::ProductDistribution{Tuple{Normal{Float64},Uniform{Float64}}}) at /root/.julia/packages/Distributions/OdJGZ/src/multivariates.jl:76
 [2] rand(::ProductDistribution{Tuple{Normal{Float64},Uniform{Float64}}}) at /root/.julia/packages/Distributions/OdJGZ/src/genericrand.jl:22
 [3] (::getfield(Main, Symbol("##3#4")))(::Int64) at ./none:0
 [4] iterate at ./generator.jl:47 [inlined]
 [5] collect(::Base.Generator{UnitRange{Int64},getfield(Main, Symbol("##3#4"))}) at ./array.jl:619
 [6] top-level scope at none:0
 [7] include at ./boot.jl:317 [inlined]
 [8] include_relative(::Module, ::String) at ./loading.jl:1044
 [9] include(::Module, ::String) at ./sysimg.jl:29
 [10] include(::String) at ./client.jl:392
 [11] top-level scope at none:0
in expression starting at /root/.julia/packages/BayesianTools/hvjMs/test/runtests.jl:78
ERROR: Package BayesianTools errored during testing
Stacktrace:
 [1] pkgerror(::String, ::Vararg{String,N} where N) at /buildworker/worker/package_linux64/build/usr/share/julia/stdlib/v1.0/Pkg/src/Types.jl:120
 [2] #test#65(::Bool, ::Function, ::Pkg.Types.Context, ::Array{Pkg.Types.PackageSpec,1}) at /buildworker/worker/package_linux64/build/usr/share/julia/stdlib/v1.0/Pkg/src/Operations.jl:1357
 [3] #test at /buildworker/worker/package_linux64/build/usr/share/julia/stdlib/v1.0/Pkg/src/API.jl:0 [inlined]
 [4] #test#44(::Bool, ::Base.Iterators.Pairs{Union{},Union{},Tuple{},NamedTuple{(),Tuple{}}}, ::Function, ::Pkg.Types.Context, ::Array{Pkg.Types.PackageSpec,1}) at /buildworker/worker/package_linux64/build/usr/share/julia/stdlib/v1.0/Pkg/src/API.jl:278
 [5] test at /buildworker/worker/package_linux64/build/usr/share/julia/stdlib/v1.0/Pkg/src/API.jl:263 [inlined]
 [6] #test#43 at /buildworker/worker/package_linux64/build/usr/share/julia/stdlib/v1.0/Pkg/src/API.jl:260 [inlined]
 [7] test at /buildworker/worker/package_linux64/build/usr/share/julia/stdlib/v1.0/Pkg/src/API.jl:260 [inlined]
 [8] #test#42 at /buildworker/worker/package_linux64/build/usr/share/julia/stdlib/v1.0/Pkg/src/API.jl:259 [inlined]
 [9] test at /buildworker/worker/package_linux64/build/usr/share/julia/stdlib/v1.0/Pkg/src/API.jl:259 [inlined]
 [10] #test#41 at /buildworker/worker/package_linux64/build/usr/share/julia/stdlib/v1.0/Pkg/src/API.jl:258 [inlined]
 [11] test(::String) at /buildworker/worker/package_linux64/build/usr/share/julia/stdlib/v1.0/Pkg/src/API.jl:258
 [12] top-level scope at none:0
