 Resolving package versions...
 Installed Requires ──────────────────── v0.5.2
 Installed DataValueInterfaces ───────── v1.0.0
 Installed OrderedCollections ────────── v1.1.0
 Installed TableTraits ───────────────── v1.0.0
 Installed IteratorInterfaceExtensions ─ v1.0.0
 Installed Tokenize ──────────────────── v0.5.6
 Installed BangBang ──────────────────── v0.3.6
 Installed MacroTools ────────────────── v0.5.1
 Installed ZygoteRules ───────────────── v0.2.0
 Installed InitialValues ─────────────── v0.2.0
 Installed Tables ────────────────────── v0.2.11
 Installed Setfield ──────────────────── v0.5.2
 Installed DataAPI ───────────────────── v1.1.0
 Installed CSTParser ─────────────────── v1.0.0
 Installed DataStructures ────────────── v0.17.6
 Installed ConstructionBase ──────────── v1.0.0
 Installed Compat ────────────────────── v3.0.0
  Updating `~/.julia/environments/v1.0/Project.toml`
  [198e06fe] + BangBang v0.3.6
  Updating `~/.julia/environments/v1.0/Manifest.toml`
  [198e06fe] + BangBang v0.3.6
  [00ebfdb7] + CSTParser v1.0.0
  [34da2185] + Compat v3.0.0
  [187b0558] + ConstructionBase v1.0.0
  [9a962f9c] + DataAPI v1.1.0
  [864edb3b] + DataStructures v0.17.6
  [e2d170a0] + DataValueInterfaces v1.0.0
  [22cec73e] + InitialValues v0.2.0
  [82899510] + IteratorInterfaceExtensions v1.0.0
  [1914dd2f] + MacroTools v0.5.1
  [bac558e1] + OrderedCollections v1.1.0
  [ae029012] + Requires v0.5.2
  [efcf1570] + Setfield v0.5.2
  [3783bdb8] + TableTraits v1.0.0
  [bd369af6] + Tables v0.2.11
  [0796e94c] + Tokenize v0.5.6
  [700de1a5] + ZygoteRules v0.2.0
  [2a0f44e3] + Base64 
  [ade2ca70] + Dates 
  [8bb1440f] + DelimitedFiles 
  [8ba89e20] + Distributed 
  [9fa8497b] + Future 
  [b77e0a4c] + InteractiveUtils 
  [76f85450] + LibGit2 
  [8f399da3] + Libdl 
  [37e2e46d] + LinearAlgebra 
  [56ddb016] + Logging 
  [d6f4376e] + Markdown 
  [a63ad114] + Mmap 
  [44cfe95a] + Pkg 
  [de0858da] + Printf 
  [3fa0cd96] + REPL 
  [9a3f8284] + Random 
  [ea8e919c] + SHA 
  [9e88b42a] + Serialization 
  [1a1011a3] + SharedArrays 
  [6462fe0b] + Sockets 
  [2f01184e] + SparseArrays 
  [10745b16] + Statistics 
  [8dfed614] + Test 
  [cf7118a7] + UUIDs 
  [4ec0a83e] + Unicode 
   Testing BangBang
 Resolving package versions...
ERROR: Unsatisfiable requirements detected for package IRTest [c9680f28]:
 IRTest [c9680f28] log:
 ├─IRTest [c9680f28] has no known versions!
 └─restricted to versions * by an explicit requirement — no versions left
Stacktrace:
 [1] check_constraints(::Pkg.GraphType.Graph) at /buildworker/worker/package_linux64/build/usr/share/julia/stdlib/v1.0/Pkg/src/GraphType.jl:937
 [2] Pkg.GraphType.Graph(::Dict{Base.UUID,Set{VersionNumber}}, ::Dict{Base.UUID,Dict{Pkg.Types.VersionRange,Dict{String,Base.UUID}}}, ::Dict{Base.UUID,Dict{Pkg.Types.VersionRange,Dict{String,Pkg.Types.VersionSpec}}}, ::Dict{Base.UUID,String}, ::Dict{Base.UUID,Pkg.Types.VersionSpec}, ::Dict{Base.UUID,Pkg.Types.Fixed}, ::Bool) at /buildworker/worker/package_linux64/build/usr/share/julia/stdlib/v1.0/Pkg/src/GraphType.jl:364
 [3] deps_graph(::Pkg.Types.Context, ::Dict{Base.UUID,String}, ::Dict{Base.UUID,Pkg.Types.VersionSpec}, ::Dict{Base.UUID,Pkg.Types.Fixed}) at /buildworker/worker/package_linux64/build/usr/share/julia/stdlib/v1.0/Pkg/src/Operations.jl:307
 [4] resolve_versions!(::Pkg.Types.Context, ::Array{Pkg.Types.PackageSpec,1}, ::Nothing) at /buildworker/worker/package_linux64/build/usr/share/julia/stdlib/v1.0/Pkg/src/Operations.jl:371
 [5] resolve_versions! at /buildworker/worker/package_linux64/build/usr/share/julia/stdlib/v1.0/Pkg/src/Operations.jl:316 [inlined]
 [6] #add_or_develop#62(::Array{Base.UUID,1}, ::Symbol, ::Function, ::Pkg.Types.Context, ::Array{Pkg.Types.PackageSpec,1}) at /buildworker/worker/package_linux64/build/usr/share/julia/stdlib/v1.0/Pkg/src/Operations.jl:1201
 [7] add_or_develop at /buildworker/worker/package_linux64/build/usr/share/julia/stdlib/v1.0/Pkg/src/Operations.jl:1184 [inlined]
 [8] (::getfield(Pkg.Operations, Symbol("##39#43")){Bool,getfield(Pkg.Operations, Symbol("##67#69")){Pkg.Types.Context,getfield(Pkg.Operations, Symbol("##66#68")){Pkg.Types.Context,Array{Any,1},Cmd,Pkg.Types.PackageSpec},Pkg.Types.PackageSpec},Pkg.Types.Context,Pkg.Types.PackageSpec,Pkg.Types.Context,Array{Pkg.Types.PackageSpec,1}})(::String) at /buildworker/worker/package_linux64/build/usr/share/julia/stdlib/v1.0/Pkg/src/Operations.jl:891
 [9] mktempdir(::getfield(Pkg.Operations, Symbol("##39#43")){Bool,getfield(Pkg.Operations, Symbol("##67#69")){Pkg.Types.Context,getfield(Pkg.Operations, Symbol("##66#68")){Pkg.Types.Context,Array{Any,1},Cmd,Pkg.Types.PackageSpec},Pkg.Types.PackageSpec},Pkg.Types.Context,Pkg.Types.PackageSpec,Pkg.Types.Context,Array{Pkg.Types.PackageSpec,1}}, ::String) at ./file.jl:581
 [10] mktempdir at ./file.jl:579 [inlined]
 [11] #with_dependencies_loadable_at_toplevel#37(::Bool, ::Function, ::getfield(Pkg.Operations, Symbol("##67#69")){Pkg.Types.Context,getfield(Pkg.Operations, Symbol("##66#68")){Pkg.Types.Context,Array{Any,1},Cmd,Pkg.Types.PackageSpec},Pkg.Types.PackageSpec}, ::Pkg.Types.Context, ::Pkg.Types.PackageSpec) at /buildworker/worker/package_linux64/build/usr/share/julia/stdlib/v1.0/Pkg/src/Operations.jl:867
 [12] #with_dependencies_loadable_at_toplevel at ./none:0 [inlined]
 [13] #test#65(::Bool, ::Function, ::Pkg.Types.Context, ::Array{Pkg.Types.PackageSpec,1}) at /buildworker/worker/package_linux64/build/usr/share/julia/stdlib/v1.0/Pkg/src/Operations.jl:1347
 [14] #test at /buildworker/worker/package_linux64/build/usr/share/julia/stdlib/v1.0/Pkg/src/API.jl:0 [inlined]
 [15] #test#44(::Bool, ::Base.Iterators.Pairs{Union{},Union{},Tuple{},NamedTuple{(),Tuple{}}}, ::Function, ::Pkg.Types.Context, ::Array{Pkg.Types.PackageSpec,1}) at /buildworker/worker/package_linux64/build/usr/share/julia/stdlib/v1.0/Pkg/src/API.jl:278
 [16] test at /buildworker/worker/package_linux64/build/usr/share/julia/stdlib/v1.0/Pkg/src/API.jl:263 [inlined]
 [17] #test#43 at /buildworker/worker/package_linux64/build/usr/share/julia/stdlib/v1.0/Pkg/src/API.jl:260 [inlined]
 [18] test at /buildworker/worker/package_linux64/build/usr/share/julia/stdlib/v1.0/Pkg/src/API.jl:260 [inlined]
 [19] #test#42 at /buildworker/worker/package_linux64/build/usr/share/julia/stdlib/v1.0/Pkg/src/API.jl:259 [inlined]
 [20] test at /buildworker/worker/package_linux64/build/usr/share/julia/stdlib/v1.0/Pkg/src/API.jl:259 [inlined]
 [21] #test#41 at /buildworker/worker/package_linux64/build/usr/share/julia/stdlib/v1.0/Pkg/src/API.jl:258 [inlined]
 [22] test(::String) at /buildworker/worker/package_linux64/build/usr/share/julia/stdlib/v1.0/Pkg/src/API.jl:258
 [23] top-level scope at none:0
