 Resolving package versions...
 Installed RecipesBase ────── v0.7.0
 Installed AbstractLattices ─ v0.1.2
 Installed Combinatorics ──── v0.7.0
 Installed Dendriform ─────── v0.2.1
 Installed Polynomials ────── v0.6.0
  Updating `~/.julia/environments/v1.2/Project.toml`
  [d8da5c1c] + Dendriform v0.2.1
  Updating `~/.julia/environments/v1.2/Manifest.toml`
  [398f06c4] + AbstractLattices v0.1.2
  [861a8166] + Combinatorics v0.7.0
  [d8da5c1c] + Dendriform v0.2.1
  [f27b6e38] + Polynomials v0.6.0
  [3cdcf5f2] + RecipesBase v0.7.0
  [2a0f44e3] + Base64 
  [8ba89e20] + Distributed 
  [b77e0a4c] + InteractiveUtils 
  [8f399da3] + Libdl 
  [37e2e46d] + LinearAlgebra 
  [56ddb016] + Logging 
  [d6f4376e] + Markdown 
  [9a3f8284] + Random 
  [9e88b42a] + Serialization 
  [6462fe0b] + Sockets 
  [8dfed614] + Test 
   Testing Dendriform
    Status `/tmp/jl_NzDsO9/Manifest.toml`
  [398f06c4] AbstractLattices v0.1.2
  [861a8166] Combinatorics v0.7.0
  [d8da5c1c] Dendriform v0.2.1
  [f27b6e38] Polynomials v0.6.0
  [3cdcf5f2] RecipesBase v0.7.0
  [2a0f44e3] Base64  [`@stdlib/Base64`]
  [8ba89e20] Distributed  [`@stdlib/Distributed`]
  [b77e0a4c] InteractiveUtils  [`@stdlib/InteractiveUtils`]
  [8f399da3] Libdl  [`@stdlib/Libdl`]
  [37e2e46d] LinearAlgebra  [`@stdlib/LinearAlgebra`]
  [56ddb016] Logging  [`@stdlib/Logging`]
  [d6f4376e] Markdown  [`@stdlib/Markdown`]
  [9a3f8284] Random  [`@stdlib/Random`]
  [9e88b42a] Serialization  [`@stdlib/Serialization`]
  [6462fe0b] Sockets  [`@stdlib/Sockets`]
  [8dfed614] Test  [`@stdlib/Test`]
Extend Grove Degree Level,
 1|Θ 2|Θ 3|Θ
Extend Grove Degree Level,
 4|Θ 5|Θ
[ Info: 1 duplicate in grove union
[ Info: 1 duplicate in grove union
[ Info: 1 duplicate in grove union
Extend Grove Degree Level,
 1 2 3 4 5
Extend Grove Integer Level,
 1 2 3 4 5
Extend Grove Degree Level,
 1|Θ 2|Θ 3|Θ 4|Θ 5|Θ
Extend Grove Degree Level,
 6|Θ 7|Θ
Extend Grove Degree Level,
 8|Θ
31 Y3 #5/5 [100.0%] has 4 compositions
(3 Y2 #2/2 [100.0%]) + (1 Y1 #1/1 [100.0%])
(1 Y1 #1/1 [100.0%]) + (3 Y2 #2/2 [100.0%])
(1 Y1 #1/1 [100.0%]) + (1 Y1 #1/1 [100.0%]) + (1 Y1 #1/1 [100.0%])
1 Y3 #1/5 [3.227%] has 1 composition (itself)
[1, 2, 3]
[2, 1, 3]
[1, 3, 1]
Y3 #3/5
[1, 2, 3, 4, 5]
[1, 2, 3, 4, 5]
[1, 2, 3, 4, 5]
Y5 #1/42
[1, 2, 3, 4, 5]
Y5 #1/421 Y5 #1/42 [0.0%][1, 2, 3, 4, 5]
[1, 2, 3] ↦ [3][2][1] ↦ 1/5 or 0
[2, 1, 3] ↦ [3][1][2] ↦ 2/5 or 9
[1, 3, 1] ↦ [2]∅[1, 3] ↦ 3/5 or 108
7 Y3 #3/5 [22.58%]
[1, 2, 3, 4, 5] ↦ [5][4][3][2][1] ↦ 1/42 or 0
[1, 2, 3, 4, 5] ↦ [5][4][3][2][1] ↦ 1/42 or 0
[1, 2, 3, 4, 5] ↦ [5][4][3][2][1] ↦ 1/42 or 0
1 Y5 #1/42 [0.0%]
[1, 2, 3, 4, 5] ↦ [5][4][3][2][1] ↦ 1/42 or 0
1 Y5 #1/42 [0.0%]1 Y5 #1/42 [0.0%][1, 2, 3, 4, 5] ↦ [5][4][3][2][1] ↦ 1/42 or 0
00001
00010
00011
00100
00101
01000
01010
01011
10000
10100
11000
11010
11111
[ Info: Non-intervals: 0
11111
00101
01011
10100
11010
   Testing Dendriform tests passed 
