 Resolving package versions...
 Installed RandomBooleanMatrices ─ v0.1.1
 Installed DataAPI ─────────────── v1.1.0
 Installed Missings ────────────── v0.4.3
 Installed Requires ────────────── v0.5.2
 Installed SortingAlgorithms ───── v0.3.1
 Installed OrderedCollections ──── v1.1.0
 Installed StatsBase ───────────── v0.32.0
 Installed RandomNumbers ───────── v1.3.0
 Installed DataStructures ──────── v0.17.6
  Updating `~/.julia/environments/v1.0/Project.toml`
  [9ae346a0] + RandomBooleanMatrices v0.1.1
  Updating `~/.julia/environments/v1.0/Manifest.toml`
  [9a962f9c] + DataAPI v1.1.0
  [864edb3b] + DataStructures v0.17.6
  [e1d29d7a] + Missings v0.4.3
  [bac558e1] + OrderedCollections v1.1.0
  [9ae346a0] + RandomBooleanMatrices v0.1.1
  [e6cf234a] + RandomNumbers v1.3.0
  [ae029012] + Requires v0.5.2
  [a2af1166] + SortingAlgorithms v0.3.1
  [2913bbd2] + StatsBase v0.32.0
  [2a0f44e3] + Base64 
  [8ba89e20] + Distributed 
  [b77e0a4c] + InteractiveUtils 
  [8f399da3] + Libdl 
  [37e2e46d] + LinearAlgebra 
  [56ddb016] + Logging 
  [d6f4376e] + Markdown 
  [de0858da] + Printf 
  [9a3f8284] + Random 
  [9e88b42a] + Serialization 
  [6462fe0b] + Sockets 
  [2f01184e] + SparseArrays 
  [10745b16] + Statistics 
  [8dfed614] + Test 
  [4ec0a83e] + Unicode 
   Testing RandomBooleanMatrices
    Status `/tmp/tmpGmADEJ/Manifest.toml`
  [9a962f9c] DataAPI v1.1.0
  [864edb3b] DataStructures v0.17.6
  [e1d29d7a] Missings v0.4.3
  [bac558e1] OrderedCollections v1.1.0
  [9ae346a0] RandomBooleanMatrices v0.1.1
  [e6cf234a] RandomNumbers v1.3.0
  [ae029012] Requires v0.5.2
  [a2af1166] SortingAlgorithms v0.3.1
  [2913bbd2] StatsBase v0.32.0
  [2a0f44e3] Base64  [`@stdlib/Base64`]
  [8ba89e20] Distributed  [`@stdlib/Distributed`]
  [b77e0a4c] InteractiveUtils  [`@stdlib/InteractiveUtils`]
  [8f399da3] Libdl  [`@stdlib/Libdl`]
  [37e2e46d] LinearAlgebra  [`@stdlib/LinearAlgebra`]
  [56ddb016] Logging  [`@stdlib/Logging`]
  [d6f4376e] Markdown  [`@stdlib/Markdown`]
  [de0858da] Printf  [`@stdlib/Printf`]
  [9a3f8284] Random  [`@stdlib/Random`]
  [9e88b42a] Serialization  [`@stdlib/Serialization`]
  [6462fe0b] Sockets  [`@stdlib/Sockets`]
  [2f01184e] SparseArrays  [`@stdlib/SparseArrays`]
  [10745b16] Statistics  [`@stdlib/Statistics`]
  [8dfed614] Test  [`@stdlib/Test`]
  [4ec0a83e] Unicode  [`@stdlib/Unicode`]
Test Summary: | Pass  Total
curveball     |    6      6
   Testing RandomBooleanMatrices tests passed 
