 Resolving package versions...
 Installed DataValueInterfaces ───────── v1.0.0
 Installed DataAPI ───────────────────── v1.1.0
 Installed SplitApplyCombine ─────────── v0.4.1
 Installed Indexing ──────────────────── v1.1.0
 Installed Tables ────────────────────── v0.2.11
 Installed TableTraits ───────────────── v1.0.0
 Installed IteratorInterfaceExtensions ─ v1.0.0
 Installed TypedTables ───────────────── v1.2.0
  Updating `~/.julia/environments/v1.0/Project.toml`
  [9d95f2ec] + TypedTables v1.2.0
  Updating `~/.julia/environments/v1.0/Manifest.toml`
  [9a962f9c] + DataAPI v1.1.0
  [e2d170a0] + DataValueInterfaces v1.0.0
  [313cdc1a] + Indexing v1.1.0
  [82899510] + IteratorInterfaceExtensions v1.0.0
  [03a91e81] + SplitApplyCombine v0.4.1
  [3783bdb8] + TableTraits v1.0.0
  [bd369af6] + Tables v0.2.11
  [9d95f2ec] + TypedTables v1.2.0
  [2a0f44e3] + Base64 
  [8ba89e20] + Distributed 
  [b77e0a4c] + InteractiveUtils 
  [8f399da3] + Libdl 
  [37e2e46d] + LinearAlgebra 
  [56ddb016] + Logging 
  [d6f4376e] + Markdown 
  [9a3f8284] + Random 
  [9e88b42a] + Serialization 
  [6462fe0b] + Sockets 
  [8dfed614] + Test 
  [4ec0a83e] + Unicode 
   Testing TypedTables
 Resolving package versions...
    Status `/tmp/tmpLxiwkb/Manifest.toml`
  [9a962f9c] DataAPI v1.1.0
  [e2d170a0] DataValueInterfaces v1.0.0
  [313cdc1a] Indexing v1.1.0
  [82899510] IteratorInterfaceExtensions v1.0.0
  [03a91e81] SplitApplyCombine v0.4.1
  [3783bdb8] TableTraits v1.0.0
  [bd369af6] Tables v0.2.11
  [9d95f2ec] TypedTables v1.2.0
  [2a0f44e3] Base64  [`@stdlib/Base64`]
  [8ba89e20] Distributed  [`@stdlib/Distributed`]
  [b77e0a4c] InteractiveUtils  [`@stdlib/InteractiveUtils`]
  [8f399da3] Libdl  [`@stdlib/Libdl`]
  [37e2e46d] LinearAlgebra  [`@stdlib/LinearAlgebra`]
  [56ddb016] Logging  [`@stdlib/Logging`]
  [d6f4376e] Markdown  [`@stdlib/Markdown`]
  [9a3f8284] Random  [`@stdlib/Random`]
  [9e88b42a] Serialization  [`@stdlib/Serialization`]
  [6462fe0b] Sockets  [`@stdlib/Sockets`]
  [8dfed614] Test  [`@stdlib/Test`]
  [4ec0a83e] Unicode  [`@stdlib/Unicode`]
Test Summary:      | Pass  Total
Property interface |   11     11
Test Summary: | Pass  Total
Table         |  114    114
Test Summary: | Pass  Total
FlexTable     |  120    120
   Testing TypedTables tests passed 
