 Resolving package versions...
 Installed TimerOutputs ─ v0.5.3
  Updating `~/.julia/environments/v1.0/Project.toml`
  [a759f4b9] + TimerOutputs v0.5.3
  Updating `~/.julia/environments/v1.0/Manifest.toml`
  [a759f4b9] + TimerOutputs v0.5.3
  [de0858da] + Printf 
  [4ec0a83e] + Unicode 
   Testing TimerOutputs
 Resolving package versions...
    Status `/tmp/tmpgUOR0f/Manifest.toml`
  [a759f4b9] TimerOutputs v0.5.3
  [2a0f44e3] Base64  [`@stdlib/Base64`]
  [8ba89e20] Distributed  [`@stdlib/Distributed`]
  [b77e0a4c] InteractiveUtils  [`@stdlib/InteractiveUtils`]
  [8f399da3] Libdl  [`@stdlib/Libdl`]
  [37e2e46d] LinearAlgebra  [`@stdlib/LinearAlgebra`]
  [56ddb016] Logging  [`@stdlib/Logging`]
  [d6f4376e] Markdown  [`@stdlib/Markdown`]
  [de0858da] Printf  [`@stdlib/Printf`]
  [9a3f8284] Random  [`@stdlib/Random`]
  [9e88b42a] Serialization  [`@stdlib/Serialization`]
  [6462fe0b] Sockets  [`@stdlib/Sockets`]
  [8dfed614] Test  [`@stdlib/Test`]
  [4ec0a83e] Unicode  [`@stdlib/Unicode`]
 ──────────────────────────────────────────────────────────────────
                           Time                   Allocations      
                   ──────────────────────   ───────────────────────
 Tot / % measured:      1.93s / 0.00%           83.9MiB / 0.00%    

 Section   ncalls     time   %tot     avg     alloc   %tot      avg
 ──────────────────────────────────────────────────────────────────
 asdf           0   0.00ns    - %    NaNs     0.00B   - %         -
 ──────────────────────────────────────────────────────────────────Test Summary: | Pass  Total
TimerOutput   |   98     98
Test Summary:       | Pass  Total
Timer from argument |    5      5
   Testing TimerOutputs tests passed 
