 Resolving package versions...
 Installed AxisAlgorithms ─── v1.0.0
 Installed WoodburyMatrices ─ v0.4.1
 Installed OffsetArrays ───── v0.11.1
 Installed Ratios ─────────── v0.3.1
 Installed Compat ─────────── v2.2.0
 Installed StaticArrays ───── v0.12.1
 Installed Interpolations ─── v0.12.5
  Updating `~/.julia/environments/v1.0/Project.toml`
  [a98d9a8b] + Interpolations v0.12.5
  Updating `~/.julia/environments/v1.0/Manifest.toml`
  [13072b0f] + AxisAlgorithms v1.0.0
  [34da2185] + Compat v2.2.0
  [a98d9a8b] + Interpolations v0.12.5
  [6fe1bfb0] + OffsetArrays v0.11.1
  [c84ed2f1] + Ratios v0.3.1
  [90137ffa] + StaticArrays v0.12.1
  [efce3f68] + WoodburyMatrices v0.4.1
  [2a0f44e3] + Base64 
  [ade2ca70] + Dates 
  [8bb1440f] + DelimitedFiles 
  [8ba89e20] + Distributed 
  [b77e0a4c] + InteractiveUtils 
  [76f85450] + LibGit2 
  [8f399da3] + Libdl 
  [37e2e46d] + LinearAlgebra 
  [56ddb016] + Logging 
  [d6f4376e] + Markdown 
  [a63ad114] + Mmap 
  [44cfe95a] + Pkg 
  [de0858da] + Printf 
  [3fa0cd96] + REPL 
  [9a3f8284] + Random 
  [ea8e919c] + SHA 
  [9e88b42a] + Serialization 
  [1a1011a3] + SharedArrays 
  [6462fe0b] + Sockets 
  [2f01184e] + SparseArrays 
  [10745b16] + Statistics 
  [8dfed614] + Test 
  [cf7118a7] + UUIDs 
  [4ec0a83e] + Unicode 
   Testing Interpolations
 Resolving package versions...
 Installed NaNMath ────────────── v0.3.3
 Installed DualNumbers ────────── v0.6.2
 Installed BinDeps ────────────── v0.8.10
 Installed CommonSubexpressions ─ v0.2.0
 Installed Unitful ────────────── v0.17.0
 Installed SpecialFunctions ───── v0.8.0
 Installed BinaryProvider ─────── v0.5.8
 Installed ForwardDiff ────────── v0.10.6
 Installed URIParser ──────────── v0.4.0
 Installed DiffRules ──────────── v0.1.0
 Installed DiffResults ────────── v0.0.4
 Installed Calculus ───────────── v0.5.1
  Building SpecialFunctions → `~/.julia/packages/SpecialFunctions/ne2iw/deps/build.log`
    Status `/tmp/tmp5HS6sI/Manifest.toml`
  [13072b0f] AxisAlgorithms v1.0.0
  [9e28174c] BinDeps v0.8.10
  [b99e7846] BinaryProvider v0.5.8
  [49dc2e85] Calculus v0.5.1
  [bbf7d656] CommonSubexpressions v0.2.0
  [34da2185] Compat v2.2.0
  [163ba53b] DiffResults v0.0.4
  [b552c78f] DiffRules v0.1.0
  [fa6b7ba4] DualNumbers v0.6.2
  [f6369f11] ForwardDiff v0.10.6
  [a98d9a8b] Interpolations v0.12.5
  [77ba4419] NaNMath v0.3.3
  [6fe1bfb0] OffsetArrays v0.11.1
  [c84ed2f1] Ratios v0.3.1
  [276daf66] SpecialFunctions v0.8.0
  [90137ffa] StaticArrays v0.12.1
  [30578b45] URIParser v0.4.0
  [1986cc42] Unitful v0.17.0
  [efce3f68] WoodburyMatrices v0.4.1
  [2a0f44e3] Base64  [`@stdlib/Base64`]
  [ade2ca70] Dates  [`@stdlib/Dates`]
  [8bb1440f] DelimitedFiles  [`@stdlib/DelimitedFiles`]
  [8ba89e20] Distributed  [`@stdlib/Distributed`]
  [b77e0a4c] InteractiveUtils  [`@stdlib/InteractiveUtils`]
  [76f85450] LibGit2  [`@stdlib/LibGit2`]
  [8f399da3] Libdl  [`@stdlib/Libdl`]
  [37e2e46d] LinearAlgebra  [`@stdlib/LinearAlgebra`]
  [56ddb016] Logging  [`@stdlib/Logging`]
  [d6f4376e] Markdown  [`@stdlib/Markdown`]
  [a63ad114] Mmap  [`@stdlib/Mmap`]
  [44cfe95a] Pkg  [`@stdlib/Pkg`]
  [de0858da] Printf  [`@stdlib/Printf`]
  [3fa0cd96] REPL  [`@stdlib/REPL`]
  [9a3f8284] Random  [`@stdlib/Random`]
  [ea8e919c] SHA  [`@stdlib/SHA`]
  [9e88b42a] Serialization  [`@stdlib/Serialization`]
  [1a1011a3] SharedArrays  [`@stdlib/SharedArrays`]
  [6462fe0b] Sockets  [`@stdlib/Sockets`]
  [2f01184e] SparseArrays  [`@stdlib/SparseArrays`]
  [10745b16] Statistics  [`@stdlib/Statistics`]
  [8dfed614] Test  [`@stdlib/Test`]
  [cf7118a7] UUIDs  [`@stdlib/UUIDs`]
  [4ec0a83e] Unicode  [`@stdlib/Unicode`]
Skipping Base.active_repl
Skipping Base.active_repl_backend
Skipping Base.active_repl
Skipping Base.active_repl_backend
finished b-spline
finished gradient
finished hessian
Test Summary:  |   Pass   Total
Interpolations | 159220  159220
   Testing Interpolations tests passed 
