 Resolving package versions...
 Installed ClusterManagers ─ v0.3.2
  Updating `~/.julia/environments/v1.0/Project.toml`
  [34f1f09b] + ClusterManagers v0.3.2
  Updating `~/.julia/environments/v1.0/Manifest.toml`
  [34f1f09b] + ClusterManagers v0.3.2
  [8ba89e20] + Distributed 
  [8f399da3] + Libdl 
  [37e2e46d] + LinearAlgebra 
  [9a3f8284] + Random 
  [9e88b42a] + Serialization 
  [6462fe0b] + Sockets 
   Testing ClusterManagers
    Status `/tmp/tmpd0sqwD/Manifest.toml`
  [34f1f09b] ClusterManagers v0.3.2
  [8ba89e20] Distributed  [`@stdlib/Distributed`]
  [8f399da3] Libdl  [`@stdlib/Libdl`]
  [37e2e46d] LinearAlgebra  [`@stdlib/LinearAlgebra`]
  [9a3f8284] Random  [`@stdlib/Random`]
  [9e88b42a] Serialization  [`@stdlib/Serialization`]
  [6462fe0b] Sockets  [`@stdlib/Sockets`]
   Testing ClusterManagers tests passed 
