 Resolving package versions...
 Installed FixedPointNumbers ─ v0.6.1
  Updating `~/.julia/environments/v1.0/Project.toml`
  [53c48c17] + FixedPointNumbers v0.6.1
  Updating `~/.julia/environments/v1.0/Manifest.toml`
  [53c48c17] + FixedPointNumbers v0.6.1
   Testing FixedPointNumbers
 Resolving package versions...
    Status `/tmp/tmpOLc7nq/Manifest.toml`
  [53c48c17] FixedPointNumbers v0.6.1
  [2a0f44e3] Base64  [`@stdlib/Base64`]
  [8ba89e20] Distributed  [`@stdlib/Distributed`]
  [b77e0a4c] InteractiveUtils  [`@stdlib/InteractiveUtils`]
  [8f399da3] Libdl  [`@stdlib/Libdl`]
  [37e2e46d] LinearAlgebra  [`@stdlib/LinearAlgebra`]
  [56ddb016] Logging  [`@stdlib/Logging`]
  [d6f4376e] Markdown  [`@stdlib/Markdown`]
  [9a3f8284] Random  [`@stdlib/Random`]
  [9e88b42a] Serialization  [`@stdlib/Serialization`]
  [6462fe0b] Sockets  [`@stdlib/Sockets`]
  [8dfed614] Test  [`@stdlib/Test`]
Skipping Base.active_repl
Skipping Base.active_repl_backend
Test Summary: |     Pass     Total
normed        | 63739463  63739463
Test Summary: |   Pass   Total
fixed         | 425852  425852
Test Summary: | Pass  Total
traits        |  251    251
   Testing FixedPointNumbers tests passed 
