 Resolving package versions...
 Installed MDDatasets ─ v0.3.1
  Updating `~/.julia/environments/v1.0/Project.toml`
  [176e4ad4] + MDDatasets v0.3.1
  Updating `~/.julia/environments/v1.0/Manifest.toml`
  [176e4ad4] + MDDatasets v0.3.1
  [8f399da3] + Libdl 
  [37e2e46d] + LinearAlgebra 
  [9a3f8284] + Random 
  [9e88b42a] + Serialization 
  [2f01184e] + SparseArrays 
  [10745b16] + Statistics 
   Testing MDDatasets
 Resolving package versions...
    Status `/tmp/tmpbgehMs/Manifest.toml`
  [176e4ad4] MDDatasets v0.3.1
  [2a0f44e3] Base64  [`@stdlib/Base64`]
  [8ba89e20] Distributed  [`@stdlib/Distributed`]
  [b77e0a4c] InteractiveUtils  [`@stdlib/InteractiveUtils`]
  [8f399da3] Libdl  [`@stdlib/Libdl`]
  [37e2e46d] LinearAlgebra  [`@stdlib/LinearAlgebra`]
  [56ddb016] Logging  [`@stdlib/Logging`]
  [d6f4376e] Markdown  [`@stdlib/Markdown`]
  [9a3f8284] Random  [`@stdlib/Random`]
  [9e88b42a] Serialization  [`@stdlib/Serialization`]
  [6462fe0b] Sockets  [`@stdlib/Sockets`]
  [2f01184e] SparseArrays  [`@stdlib/SparseArrays`]
  [10745b16] Statistics  [`@stdlib/Statistics`]
  [8dfed614] Test  [`@stdlib/Test`]
:HACK_SHOWTOUNFREEZE

List of available physics constants:
TODO: move to separate unit
---------------------------------------------------------------------
DECIBELS_PER_NEPERS: 8.685889638065035
kB: 1.3806488e-23
h: 6.62607004e-34
ħ: 1.0545718001391127e-34
c: 299792458
μ0: 1.2566370614359173e-6
ε0: 8.854187817620389e-12
Z0: 376.73031346177066
q: 1.602176565e-19
me: 9.10938291e-31
mp: 1.672621777e-27

Test Summary:              | Pass  Total
Basic operations on DataF1 |    9      9
Test Summary:            | Pass  Total
Functionnality of clip() |   14     14
Test Summary:                | Pass  Total
Functionnality of x/ycross() |   21     21
Test Summary:                      | Pass  Total
Functionnality of meas() interface |    4      4
Test Summary:          | Pass  Total
Functionnality value() |   10     10
┌ Warning: TODO: fix bad ensure-do syntax - sounds like body should execute when predicate is true
└ @ Main ~/.julia/packages/MDDatasets/d8iFA/test/runtests.jl:142
Test Summary:              | Pass  Total
Functionnality of ensure() |    3      3
Test Summary:                  | Pass  Total
Broadcast operations on DataHR |   10     10
Test Summary:               | Pass  Total
DataHR => DataRS conversion |   11     11
[ Info: Visually confirm structure of "data":
data = DataRS[
  tbit=1.0e-9: 
    VDD=0.81: DataF1(x=[1.0e-9, 2.0e-9],y=[0.81, 0.81])
    VDD=0.9: DataF1(x=[1.0e-9, 2.0e-9],y=[0.9, 0.9])
  tbit=3.0000000000000004e-9: 
    VDD=0.81: DataF1(x=[1.0e-9, 2.0e-9],y=[0.896603, 0.723397])
    VDD=0.9: DataF1(x=[1.0e-9, 2.0e-9],y=[0.986603, 0.813397])
]

Test Summary:                  | Pass  Total
Construction of DataRS objects |    2      2
Test Summary:         | Pass  Total
Access parameter data |    4      4
Test Summary:                    | Pass  Total
Broacasting operations on DataRS |   38     38
   Testing MDDatasets tests passed 
