 Resolving package versions...
 Installed OrderedCollections ─ v1.1.0
 Installed ColorTypes ───────── v0.8.0
 Installed Parameters ───────── v0.12.0
 Installed BinaryProvider ───── v0.5.8
 Installed StaticArrays ─────── v0.12.1
 Installed GeometryTypes ────── v0.7.6
 Installed IterTools ────────── v1.3.0
 Installed LazIO ────────────── v0.1.0
 Installed FixedPointNumbers ── v0.6.1
 Installed FileIO ───────────── v1.0.7
 Installed LasIO ────────────── v0.3.1
  Updating `~/.julia/environments/v1.0/Project.toml`
  [c3605908] + LazIO v0.1.0
  Updating `~/.julia/environments/v1.0/Manifest.toml`
  [b99e7846] + BinaryProvider v0.5.8
  [3da002f7] + ColorTypes v0.8.0
  [5789e2e9] + FileIO v1.0.7
  [53c48c17] + FixedPointNumbers v0.6.1
  [4d00f742] + GeometryTypes v0.7.6
  [c8e1da08] + IterTools v1.3.0
  [570499db] + LasIO v0.3.1
  [c3605908] + LazIO v0.1.0
  [bac558e1] + OrderedCollections v1.1.0
  [d96e819e] + Parameters v0.12.0
  [90137ffa] + StaticArrays v0.12.1
  [2a0f44e3] + Base64 
  [ade2ca70] + Dates 
  [8ba89e20] + Distributed 
  [b77e0a4c] + InteractiveUtils 
  [76f85450] + LibGit2 
  [8f399da3] + Libdl 
  [37e2e46d] + LinearAlgebra 
  [56ddb016] + Logging 
  [d6f4376e] + Markdown 
  [a63ad114] + Mmap 
  [44cfe95a] + Pkg 
  [de0858da] + Printf 
  [3fa0cd96] + REPL 
  [9a3f8284] + Random 
  [ea8e919c] + SHA 
  [9e88b42a] + Serialization 
  [6462fe0b] + Sockets 
  [2f01184e] + SparseArrays 
  [10745b16] + Statistics 
  [8dfed614] + Test 
  [cf7118a7] + UUIDs 
  [4ec0a83e] + Unicode 
  Building LazIO → `~/.julia/packages/LazIO/IC3Cp/deps/build.log`
   Testing LazIO
 Resolving package versions...
    Status `/tmp/tmpiBap1s/Manifest.toml`
  [b99e7846] BinaryProvider v0.5.8
  [3da002f7] ColorTypes v0.8.0
  [5789e2e9] FileIO v1.0.7
  [53c48c17] FixedPointNumbers v0.6.1
  [4d00f742] GeometryTypes v0.7.6
  [c8e1da08] IterTools v1.3.0
  [570499db] LasIO v0.3.1
  [c3605908] LazIO v0.1.0
  [bac558e1] OrderedCollections v1.1.0
  [d96e819e] Parameters v0.12.0
  [90137ffa] StaticArrays v0.12.1
  [2a0f44e3] Base64  [`@stdlib/Base64`]
  [ade2ca70] Dates  [`@stdlib/Dates`]
  [8ba89e20] Distributed  [`@stdlib/Distributed`]
  [b77e0a4c] InteractiveUtils  [`@stdlib/InteractiveUtils`]
  [76f85450] LibGit2  [`@stdlib/LibGit2`]
  [8f399da3] Libdl  [`@stdlib/Libdl`]
  [37e2e46d] LinearAlgebra  [`@stdlib/LinearAlgebra`]
  [56ddb016] Logging  [`@stdlib/Logging`]
  [d6f4376e] Markdown  [`@stdlib/Markdown`]
  [a63ad114] Mmap  [`@stdlib/Mmap`]
  [44cfe95a] Pkg  [`@stdlib/Pkg`]
  [de0858da] Printf  [`@stdlib/Printf`]
  [3fa0cd96] REPL  [`@stdlib/REPL`]
  [9a3f8284] Random  [`@stdlib/Random`]
  [ea8e919c] SHA  [`@stdlib/SHA`]
  [9e88b42a] Serialization  [`@stdlib/Serialization`]
  [6462fe0b] Sockets  [`@stdlib/Sockets`]
  [2f01184e] SparseArrays  [`@stdlib/SparseArrays`]
  [10745b16] Statistics  [`@stdlib/Statistics`]
  [8dfed614] Test  [`@stdlib/Test`]
  [cf7118a7] UUIDs  [`@stdlib/UUIDs`]
  [4ec0a83e] Unicode  [`@stdlib/Unicode`]
[ Info: Using laszip library at /root/.julia/packages/LazIO/IC3Cp/deps/usr/lib/liblaszip.so
[ Info: LASzip DLL 3 2 2 (build 180327)
[ Info: Reading 497536 point(s).
[ Info: LASzip DLL 3 2 2 (build 180327)
[ Info: Reading 1 point(s).
[ Info: Seeking to point 276
[ Info: LASzip DLL 3 2 2 (build 180327)
[ Info: Reading 4 point(s).
[ Info: Seeking to point 276
[ Info: Seeking to point 497536
[ Info: LASzip DLL 3 2 2 (build 180327)
[ Info: Reading 497536 point(s).
Test Summary: | Pass  Total
LazIO         |   25     25
   Testing LazIO tests passed 
