 Resolving package versions...
 Installed NaNMath ──────────────── v0.3.3
 Installed Parsers ──────────────── v0.3.10
 Installed DiffRules ────────────── v0.1.0
 Installed TravelingSalesmanExact ─ v0.3.2
 Installed CommonSubexpressions ─── v0.2.0
 Installed DataStructures ───────── v0.17.6
 Installed BinaryProvider ───────── v0.5.8
 Installed URIParser ────────────── v0.4.0
 Installed DataAPI ──────────────── v1.1.0
 Installed BinDeps ──────────────── v0.8.10
 Installed JSON ─────────────────── v0.21.0
 Installed JuMP ─────────────────── v0.20.1
 Installed StaticArrays ─────────── v0.12.1
 Installed MathOptInterface ─────── v0.9.7
 Installed DiffResults ──────────── v0.0.4
 Installed Missings ─────────────── v0.4.3
 Installed SortingAlgorithms ────── v0.3.1
 Installed OrderedCollections ───── v1.1.0
 Installed Calculus ─────────────── v0.5.1
 Installed BenchmarkTools ───────── v0.4.3
 Installed Compat ───────────────── v2.2.0
 Installed ForwardDiff ──────────── v0.10.6
 Installed UnicodePlots ─────────── v1.1.0
 Installed StatsBase ────────────── v0.32.0
 Installed SpecialFunctions ─────── v0.8.0
  Updating `~/.julia/environments/v1.0/Project.toml`
  [737fac7d] + TravelingSalesmanExact v0.3.2
  Updating `~/.julia/environments/v1.0/Manifest.toml`
  [6e4b80f9] + BenchmarkTools v0.4.3
  [9e28174c] + BinDeps v0.8.10
  [b99e7846] + BinaryProvider v0.5.8
  [49dc2e85] + Calculus v0.5.1
  [bbf7d656] + CommonSubexpressions v0.2.0
  [34da2185] + Compat v2.2.0
  [9a962f9c] + DataAPI v1.1.0
  [864edb3b] + DataStructures v0.17.6
  [163ba53b] + DiffResults v0.0.4
  [b552c78f] + DiffRules v0.1.0
  [f6369f11] + ForwardDiff v0.10.6
  [682c06a0] + JSON v0.21.0
  [4076af6c] + JuMP v0.20.1
  [b8f27783] + MathOptInterface v0.9.7
  [e1d29d7a] + Missings v0.4.3
  [77ba4419] + NaNMath v0.3.3
  [bac558e1] + OrderedCollections v1.1.0
  [69de0a69] + Parsers v0.3.10
  [a2af1166] + SortingAlgorithms v0.3.1
  [276daf66] + SpecialFunctions v0.8.0
  [90137ffa] + StaticArrays v0.12.1
  [2913bbd2] + StatsBase v0.32.0
  [737fac7d] + TravelingSalesmanExact v0.3.2
  [30578b45] + URIParser v0.4.0
  [b8865327] + UnicodePlots v1.1.0
  [2a0f44e3] + Base64 
  [ade2ca70] + Dates 
  [8bb1440f] + DelimitedFiles 
  [8ba89e20] + Distributed 
  [b77e0a4c] + InteractiveUtils 
  [76f85450] + LibGit2 
  [8f399da3] + Libdl 
  [37e2e46d] + LinearAlgebra 
  [56ddb016] + Logging 
  [d6f4376e] + Markdown 
  [a63ad114] + Mmap 
  [44cfe95a] + Pkg 
  [de0858da] + Printf 
  [3fa0cd96] + REPL 
  [9a3f8284] + Random 
  [ea8e919c] + SHA 
  [9e88b42a] + Serialization 
  [1a1011a3] + SharedArrays 
  [6462fe0b] + Sockets 
  [2f01184e] + SparseArrays 
  [10745b16] + Statistics 
  [8dfed614] + Test 
  [cf7118a7] + UUIDs 
  [4ec0a83e] + Unicode 
  Building SpecialFunctions → `~/.julia/packages/SpecialFunctions/ne2iw/deps/build.log`
   Testing TravelingSalesmanExact
 Resolving package versions...
 Installed GLPK ─ v0.12.0
  Building GLPK → `~/.julia/packages/GLPK/J1b5G/deps/build.log`
    Status `/tmp/tmplZgaB3/Manifest.toml`
  [6e4b80f9] BenchmarkTools v0.4.3
  [9e28174c] BinDeps v0.8.10
  [b99e7846] BinaryProvider v0.5.8
  [49dc2e85] Calculus v0.5.1
  [bbf7d656] CommonSubexpressions v0.2.0
  [34da2185] Compat v2.2.0
  [9a962f9c] DataAPI v1.1.0
  [864edb3b] DataStructures v0.17.6
  [163ba53b] DiffResults v0.0.4
  [b552c78f] DiffRules v0.1.0
  [f6369f11] ForwardDiff v0.10.6
  [60bf3e95] GLPK v0.12.0
  [682c06a0] JSON v0.21.0
  [4076af6c] JuMP v0.20.1
  [b8f27783] MathOptInterface v0.9.7
  [e1d29d7a] Missings v0.4.3
  [77ba4419] NaNMath v0.3.3
  [bac558e1] OrderedCollections v1.1.0
  [69de0a69] Parsers v0.3.10
  [a2af1166] SortingAlgorithms v0.3.1
  [276daf66] SpecialFunctions v0.8.0
  [90137ffa] StaticArrays v0.12.1
  [2913bbd2] StatsBase v0.32.0
  [737fac7d] TravelingSalesmanExact v0.3.2
  [30578b45] URIParser v0.4.0
  [b8865327] UnicodePlots v1.1.0
  [2a0f44e3] Base64  [`@stdlib/Base64`]
  [ade2ca70] Dates  [`@stdlib/Dates`]
  [8bb1440f] DelimitedFiles  [`@stdlib/DelimitedFiles`]
  [8ba89e20] Distributed  [`@stdlib/Distributed`]
  [b77e0a4c] InteractiveUtils  [`@stdlib/InteractiveUtils`]
  [76f85450] LibGit2  [`@stdlib/LibGit2`]
  [8f399da3] Libdl  [`@stdlib/Libdl`]
  [37e2e46d] LinearAlgebra  [`@stdlib/LinearAlgebra`]
  [56ddb016] Logging  [`@stdlib/Logging`]
  [d6f4376e] Markdown  [`@stdlib/Markdown`]
  [a63ad114] Mmap  [`@stdlib/Mmap`]
  [44cfe95a] Pkg  [`@stdlib/Pkg`]
  [de0858da] Printf  [`@stdlib/Printf`]
  [3fa0cd96] REPL  [`@stdlib/REPL`]
  [9a3f8284] Random  [`@stdlib/Random`]
  [ea8e919c] SHA  [`@stdlib/SHA`]
  [9e88b42a] Serialization  [`@stdlib/Serialization`]
  [1a1011a3] SharedArrays  [`@stdlib/SharedArrays`]
  [6462fe0b] Sockets  [`@stdlib/Sockets`]
  [2f01184e] SparseArrays  [`@stdlib/SparseArrays`]
  [10745b16] Statistics  [`@stdlib/Statistics`]
  [8dfed614] Test  [`@stdlib/Test`]
  [cf7118a7] UUIDs  [`@stdlib/UUIDs`]
  [4ec0a83e] Unicode  [`@stdlib/Unicode`]
NAME : att48
COMMENT : 48 capitals of the US (Padberg/Rinaldi)
TYPE : TSP
DIMENSION : 48
EDGE_WEIGHT_TYPE : ATT
NODE_COORD_SECTION
EOF
att48.tsp: Error During Test at /root/.julia/packages/TravelingSalesmanExact/7TcDo/test/runtests.jl:38
  Got exception outside of a @test
  UndefVarError: isnothing not defined
  Stacktrace:
   [1] _get_optimal_tour(::Array{Int64,2}, ::JuMP.OptimizerFactory, ::Bool, ::Bool, ::Array{Any,1}) at /root/.julia/packages/TravelingSalesmanExact/7TcDo/src/TravelingSalesmanExact.jl:176
   [2] #get_optimal_tour#7(::Bool, ::typeof(TravelingSalesmanExact.ATT), ::Bool, ::Function, ::Array{Any,1}, ::JuMP.OptimizerFactory) at /root/.julia/packages/TravelingSalesmanExact/7TcDo/src/TravelingSalesmanExact.jl:153
   [3] #get_optimal_tour at ./none:0 [inlined]
   [4] #test_tour#7(::Base.Iterators.Pairs{Symbol,Any,Tuple{Symbol,Symbol},NamedTuple{(:distance, :verbose),Tuple{typeof(TravelingSalesmanExact.ATT),Bool}}}, ::Function, ::Array{Any,1}, ::JuMP.OptimizerFactory) at /root/.julia/packages/TravelingSalesmanExact/7TcDo/test/runtests.jl:28
   [5] (::getfield(Main, Symbol("#kw##test_tour")))(::NamedTuple{(:distance, :verbose),Tuple{typeof(TravelingSalesmanExact.ATT),Bool}}, ::typeof(test_tour), ::Array{Any,1}) at ./none:0
   [6] macro expansion at /root/.julia/packages/TravelingSalesmanExact/7TcDo/test/runtests.jl:40 [inlined]
   [7] macro expansion at /buildworker/worker/package_linux64/build/usr/share/julia/stdlib/v1.0/Test/src/Test.jl:1083 [inlined]
   [8] top-level scope at /root/.julia/packages/TravelingSalesmanExact/7TcDo/test/runtests.jl:39
   [9] include at ./boot.jl:317 [inlined]
   [10] include_relative(::Module, ::String) at ./loading.jl:1044
   [11] include(::Module, ::String) at ./sysimg.jl:29
   [12] include(::String) at ./client.jl:392
   [13] top-level scope at none:0
   [14] eval(::Module, ::Any) at ./boot.jl:319
   [15] exec_options(::Base.JLOptions) at ./client.jl:243
   [16] _start() at ./client.jl:425
Test Summary: | Error  Total
att48.tsp     |     1      1
ERROR: LoadError: Some tests did not pass: 0 passed, 0 failed, 1 errored, 0 broken.
in expression starting at /root/.julia/packages/TravelingSalesmanExact/7TcDo/test/runtests.jl:38
ERROR: Package TravelingSalesmanExact errored during testing
Stacktrace:
 [1] pkgerror(::String, ::Vararg{String,N} where N) at /buildworker/worker/package_linux64/build/usr/share/julia/stdlib/v1.0/Pkg/src/Types.jl:120
 [2] #test#65(::Bool, ::Function, ::Pkg.Types.Context, ::Array{Pkg.Types.PackageSpec,1}) at /buildworker/worker/package_linux64/build/usr/share/julia/stdlib/v1.0/Pkg/src/Operations.jl:1357
 [3] #test at /buildworker/worker/package_linux64/build/usr/share/julia/stdlib/v1.0/Pkg/src/API.jl:0 [inlined]
 [4] #test#44(::Bool, ::Base.Iterators.Pairs{Union{},Union{},Tuple{},NamedTuple{(),Tuple{}}}, ::Function, ::Pkg.Types.Context, ::Array{Pkg.Types.PackageSpec,1}) at /buildworker/worker/package_linux64/build/usr/share/julia/stdlib/v1.0/Pkg/src/API.jl:278
 [5] test at /buildworker/worker/package_linux64/build/usr/share/julia/stdlib/v1.0/Pkg/src/API.jl:263 [inlined]
 [6] #test#43 at /buildworker/worker/package_linux64/build/usr/share/julia/stdlib/v1.0/Pkg/src/API.jl:260 [inlined]
 [7] test at /buildworker/worker/package_linux64/build/usr/share/julia/stdlib/v1.0/Pkg/src/API.jl:260 [inlined]
 [8] #test#42 at /buildworker/worker/package_linux64/build/usr/share/julia/stdlib/v1.0/Pkg/src/API.jl:259 [inlined]
 [9] test at /buildworker/worker/package_linux64/build/usr/share/julia/stdlib/v1.0/Pkg/src/API.jl:259 [inlined]
 [10] #test#41 at /buildworker/worker/package_linux64/build/usr/share/julia/stdlib/v1.0/Pkg/src/API.jl:258 [inlined]
 [11] test(::String) at /buildworker/worker/package_linux64/build/usr/share/julia/stdlib/v1.0/Pkg/src/API.jl:258
 [12] top-level scope at none:0
