 Resolving package versions...
 Installed URIParser ────── v0.4.0
 Installed RomanNumerals ── v0.3.1
 Installed Rectangle ────── v0.1.2
 Installed AbstractTrees ── v0.2.1
 Installed Primes ───────── v0.4.0
 Installed LabelNumerals ── v0.1.0
 Installed BinDeps ──────── v0.8.10
 Installed PDFIO ────────── v0.1.8
 Installed AdobeGlyphList ─ v0.1.1
 Installed Compat ───────── v2.2.0
  Updating `~/.julia/environments/v1.0/Project.toml`
  [4d0d745f] + PDFIO v0.1.8
  Updating `~/.julia/environments/v1.0/Manifest.toml`
  [1520ce14] + AbstractTrees v0.2.1
  [715cd884] + AdobeGlyphList v0.1.1
  [9e28174c] + BinDeps v0.8.10
  [34da2185] + Compat v2.2.0
  [2e475f56] + LabelNumerals v0.1.0
  [4d0d745f] + PDFIO v0.1.8
  [27ebfcd6] + Primes v0.4.0
  [9a9db56c] + Rectangle v0.1.2
  [37834d88] + RomanNumerals v0.3.1
  [30578b45] + URIParser v0.4.0
  [2a0f44e3] + Base64 
  [ade2ca70] + Dates 
  [8bb1440f] + DelimitedFiles 
  [8ba89e20] + Distributed 
  [b77e0a4c] + InteractiveUtils 
  [76f85450] + LibGit2 
  [8f399da3] + Libdl 
  [37e2e46d] + LinearAlgebra 
  [56ddb016] + Logging 
  [d6f4376e] + Markdown 
  [a63ad114] + Mmap 
  [44cfe95a] + Pkg 
  [de0858da] + Printf 
  [3fa0cd96] + REPL 
  [9a3f8284] + Random 
  [ea8e919c] + SHA 
  [9e88b42a] + Serialization 
  [1a1011a3] + SharedArrays 
  [6462fe0b] + Sockets 
  [2f01184e] + SparseArrays 
  [10745b16] + Statistics 
  [8dfed614] + Test 
  [cf7118a7] + UUIDs 
  [4ec0a83e] + Unicode 
  Building PDFIO → `~/.julia/packages/PDFIO/LF83Q/deps/build.log`
   Testing PDFIO
 Resolving package versions...
 Installed ZipFile ──────── v0.8.3
 Installed BinaryProvider ─ v0.5.8
  Building ZipFile → `~/.julia/packages/ZipFile/oD4uG/deps/build.log`
    Status `/tmp/tmp9wBX40/Manifest.toml`
  [1520ce14] AbstractTrees v0.2.1
  [715cd884] AdobeGlyphList v0.1.1
  [9e28174c] BinDeps v0.8.10
  [b99e7846] BinaryProvider v0.5.8
  [34da2185] Compat v2.2.0
  [2e475f56] LabelNumerals v0.1.0
  [4d0d745f] PDFIO v0.1.8
  [27ebfcd6] Primes v0.4.0
  [9a9db56c] Rectangle v0.1.2
  [37834d88] RomanNumerals v0.3.1
  [30578b45] URIParser v0.4.0
  [a5390f91] ZipFile v0.8.3
  [2a0f44e3] Base64  [`@stdlib/Base64`]
  [ade2ca70] Dates  [`@stdlib/Dates`]
  [8bb1440f] DelimitedFiles  [`@stdlib/DelimitedFiles`]
  [8ba89e20] Distributed  [`@stdlib/Distributed`]
  [b77e0a4c] InteractiveUtils  [`@stdlib/InteractiveUtils`]
  [76f85450] LibGit2  [`@stdlib/LibGit2`]
  [8f399da3] Libdl  [`@stdlib/Libdl`]
  [37e2e46d] LinearAlgebra  [`@stdlib/LinearAlgebra`]
  [56ddb016] Logging  [`@stdlib/Logging`]
  [d6f4376e] Markdown  [`@stdlib/Markdown`]
  [a63ad114] Mmap  [`@stdlib/Mmap`]
  [44cfe95a] Pkg  [`@stdlib/Pkg`]
  [de0858da] Printf  [`@stdlib/Printf`]
  [3fa0cd96] REPL  [`@stdlib/REPL`]
  [9a3f8284] Random  [`@stdlib/Random`]
  [ea8e919c] SHA  [`@stdlib/SHA`]
  [9e88b42a] Serialization  [`@stdlib/Serialization`]
  [1a1011a3] SharedArrays  [`@stdlib/SharedArrays`]
  [6462fe0b] Sockets  [`@stdlib/Sockets`]
  [2f01184e] SparseArrays  [`@stdlib/SparseArrays`]
  [10745b16] Statistics  [`@stdlib/Statistics`]
  [8dfed614] Test  [`@stdlib/Test`]
  [cf7118a7] UUIDs  [`@stdlib/UUIDs`]
  [4ec0a83e] Unicode  [`@stdlib/Unicode`]
  % Total    % Received % Xferd  Average Speed   Time    Time     Time  Current
                                 Dload  Upload   Total   Spent    Left  Speed
  0     0    0     0    0     0      0      0 --:--:-- --:--:-- --:--:--     0100   123    0   123    0     0    537      0 --:--:-- --:--:-- --:--:--   537
100    53    0    53    0     0     92      0 --:--:-- --:--:-- --:--:--    92100 2773k    0 2773k    0     0  1733k      0 --:--:--  0:00:01 --:--:-- 2705k100 5250k    0 5250k    0     0  2025k      0 --:--:--  0:00:02 --:--:-- 2600k100 8113k    0 8113k    0     0  2257k      0 --:--:--  0:00:03 --:--:-- 2686k100 10.6M    0 10.6M    0     0  2378k      0 --:--:--  0:00:04 --:--:-- 2718k100 12.0M    0 12.0M    0     0  2457k      0 --:--:--  0:00:05 --:--:-- 2774k
Filename: PDFTest-0.0.7/
Filename: PDFTest-0.0.7/DigSig/
Filename: PDFTest-0.0.7/DigSig/PAdES_SmartID.pdf
Filename: PDFTest-0.0.7/DigSig/blank_signed.pdf
Filename: PDFTest-0.0.7/DigSig/pades_example-1.pdf
Filename: PDFTest-0.0.7/DigSig/pdf-signer-tool-guide.pdf
Filename: PDFTest-0.0.7/DigSig/sample01.pdf
Filename: PDFTest-0.0.7/DigSig/sample02.pdf
Filename: PDFTest-0.0.7/DigSig/sample03.pdf
Filename: PDFTest-0.0.7/DigSig/sample04.pdf
Filename: PDFTest-0.0.7/DigSig/sample05.pdf
Filename: PDFTest-0.0.7/DigSig/sample06.pdf
Filename: PDFTest-0.0.7/DigSig/sample07.pdf
Filename: PDFTest-0.0.7/DigSig/sample08.pdf
Filename: PDFTest-0.0.7/DigSig/samplecertifiedpdf.pdf
Filename: PDFTest-0.0.7/DigSig/sbid_3rd_party_sign_pades.pdf
Filename: PDFTest-0.0.7/DigSig/sbid_authbased_signflow_pades.pdf
Filename: PDFTest-0.0.7/README.md
Filename: PDFTest-0.0.7/certs/
Filename: PDFTest-0.0.7/certs/CA.crt
Filename: PDFTest-0.0.7/certs/doc-crypt.crt
Filename: PDFTest-0.0.7/certs/doc-crypt.p12
Filename: PDFTest-0.0.7/encrypt/
Filename: PDFTest-0.0.7/encrypt/dt-256-aes.pdf
Filename: PDFTest-0.0.7/encrypt/dt-all-aes-128.pdf
Filename: PDFTest-0.0.7/encrypt/dt-att-protected.pdf
Filename: PDFTest-0.0.7/encrypt/dt-cert-all.pdf
Filename: PDFTest-0.0.7/encrypt/dt-embed-protected-cert.pdf
Filename: PDFTest-0.0.7/encrypt/dt-embed-protected.pdf
Filename: PDFTest-0.0.7/encrypt/dt-nopass.pdf
Filename: PDFTest-0.0.7/encrypt/dt-own-pass-same.pdf
Filename: PDFTest-0.0.7/encrypt/dt-protected.pdf
Filename: PDFTest-0.0.7/encrypt/dt-rc-4-all.pdf
Filename: PDFTest-0.0.7/encrypt/dt.pdf
Filename: PDFTest-0.0.7/encrypt/pdf-example-encryption.pdf
Filename: PDFTest-0.0.7/encrypt/pdf-example-password.pdf
Filename: PDFTest-0.0.7/encrypt/samplesecured_256bitaes.pdf
Filename: PDFTest-0.0.7/encrypt/upw-password-opw-sample.pdf
Filename: PDFTest-0.0.7/files/
Filename: PDFTest-0.0.7/files/1.pdf
Filename: PDFTest-0.0.7/files/16-969_o7jp.pdf
Filename: PDFTest-0.0.7/files/16.cmap
Filename: PDFTest-0.0.7/files/1_noinfo.pdf
Filename: PDFTest-0.0.7/files/8.cmap
Filename: PDFTest-0.0.7/files/A1947-14.pdf
Filename: PDFTest-0.0.7/files/A1947-15.pdf
Filename: PDFTest-0.0.7/files/Pratham-Sanskaran.pdf
Filename: PDFTest-0.0.7/files/empty_property.pdf
Filename: PDFTest-0.0.7/files/fileAttachment.pdf
Filename: PDFTest-0.0.7/files/fileAttachment_fileAttachmentAnnotation.pdf
Filename: PDFTest-0.0.7/files/outline.pdf
Filename: PDFTest-0.0.7/files/page5.txt
Filename: PDFTest-0.0.7/files/pdf-17.pdf
Filename: PDFTest-0.0.7/files/pdf-example-bookmarks.pdf
Filename: PDFTest-0.0.7/files/pdf-sample.pdf
Filename: PDFTest-0.0.7/files/sample-google-doc.pdf
Filename: PDFTest-0.0.7/files/spec-2.pdf
Filename: PDFTest-0.0.7/files/spec-2c.pdf
Filename: PDFTest-0.0.7/fonts/
Filename: PDFTest-0.0.7/fonts/Arial.afm
Filename: PDFTest-0.0.7/source/
Filename: PDFTest-0.0.7/source/dt.odt
Filename: PDFTest-0.0.7/source/outline.tex
Filename: PDFTest-0.0.7/stillhq/
Filename: PDFTest-0.0.7/stillhq/3.pdf
Filename: PDFTest-0.0.7/stillhq/325.pdf
Filename: PDFTest-0.0.7/stillhq/339.pdf
Filename: PDFTest-0.0.7/stillhq/388.pdf
Filename: PDFTest-0.0.7/stillhq/431.pdf
Filename: PDFTest-0.0.7/stillhq/504.pdf
Filename: PDFTest-0.0.7/stillhq/582.pdf
Filename: PDFTest-0.0.7/stillhq/589.pdf
Filename: PDFTest-0.0.7/templates/
Filename: PDFTest-0.0.7/templates/16-969_o7jp.txt
Filename: PDFTest-0.0.7/templates/431.toc
Filename: PDFTest-0.0.7/templates/431.txt
Filename: PDFTest-0.0.7/templates/A1947-15.txt
Filename: PDFTest-0.0.7/templates/Graphics-wpf.txt
Filename: PDFTest-0.0.7/templates/Pratham-Sanskaran.txt
Filename: PDFTest-0.0.7/templates/dt-256-aes.txt
Filename: PDFTest-0.0.7/templates/dt-all-aes-128.txt
Filename: PDFTest-0.0.7/templates/dt-cert-all.txt
Filename: PDFTest-0.0.7/templates/dt-embed-protected-cert.txt
Filename: PDFTest-0.0.7/templates/dt-embed-protected.txt
Filename: PDFTest-0.0.7/templates/dt-nopass.txt
Filename: PDFTest-0.0.7/templates/dt-own-pass-same.txt
Filename: PDFTest-0.0.7/templates/dt-protected.txt
Filename: PDFTest-0.0.7/templates/dt-rc-4-all.txt
Filename: PDFTest-0.0.7/templates/dt.txt
Filename: PDFTest-0.0.7/templates/outline.toc
Filename: PDFTest-0.0.7/templates/page5.txt
Filename: PDFTest-0.0.7/templates/pdf-example-encryption.txt
Filename: PDFTest-0.0.7/templates/pdf-example-password.txt
Filename: PDFTest-0.0.7/templates/sample-google-doc.txt
Filename: PDFTest-0.0.7/templates/samplesecured_256bitaes.txt
Filename: PDFTest-0.0.7/templates/spec-2.txt
Filename: PDFTest-0.0.7/templates/spec-2c.txt
Filename: PDFTest-0.0.7/templates/upw-password-opw-sample.txt
Copying Arial.afm to /root/.julia/packages/PDFIO/LF83Q/test/../data/fonts
┌ Warning: Embedded file streams without Crypt filters may not decrypt
└ @ PDFIO.Cos ~/.julia/packages/PDFIO/LF83Q/src/StdSecHandler.jl:357
┌ Warning: Embedded file streams without Crypt filters may not decrypt
└ @ PDFIO.Cos ~/.julia/packages/PDFIO/LF83Q/src/PKISecHandler.jl:62
  % Total    % Received % Xferd  Average Speed   Time    Time     Time  Current
                                 Dload  Upload   Total   Spent    Left  Speed
  0     0    0     0    0     0      0      0 --:--:-- --:--:-- --:--:--     0100   212    0   212    0     0   1277      0 --:--:-- --:--:-- --:--:--  1277100   212    0   212    0     0   1277      0 --:--:-- --:--:-- --:--:--  1269
100   246  100   246    0     0   1336      0 --:--:-- --:--:-- --:--:--  1336
100  191k  100  191k    0     0   617k      0 --:--:-- --:--:-- --:--:--  617k
Test Summary: | Pass  Total
PDFIO tests   |  122    122
Removing Arial.afm from /root/.julia/packages/PDFIO/LF83Q/test/../data/fonts
   Testing PDFIO tests passed 
