 Resolving package versions...
 Installed Kwonly ─ v0.1.0
  Updating `~/.julia/environments/v1.0/Project.toml`
  [18d08c8c] + Kwonly v0.1.0
  Updating `~/.julia/environments/v1.0/Manifest.toml`
  [18d08c8c] + Kwonly v0.1.0
  [2a0f44e3] + Base64 
  [8ba89e20] + Distributed 
  [b77e0a4c] + InteractiveUtils 
  [8f399da3] + Libdl 
  [37e2e46d] + LinearAlgebra 
  [56ddb016] + Logging 
  [d6f4376e] + Markdown 
  [9a3f8284] + Random 
  [9e88b42a] + Serialization 
  [6462fe0b] + Sockets 
  [8dfed614] + Test 
   Testing Kwonly
    Status `/tmp/tmpiZ7IUF/Manifest.toml`
  [18d08c8c] Kwonly v0.1.0
  [2a0f44e3] Base64  [`@stdlib/Base64`]
  [8ba89e20] Distributed  [`@stdlib/Distributed`]
  [b77e0a4c] InteractiveUtils  [`@stdlib/InteractiveUtils`]
  [8f399da3] Libdl  [`@stdlib/Libdl`]
  [37e2e46d] LinearAlgebra  [`@stdlib/LinearAlgebra`]
  [56ddb016] Logging  [`@stdlib/Logging`]
  [d6f4376e] Markdown  [`@stdlib/Markdown`]
  [9a3f8284] Random  [`@stdlib/Random`]
  [9e88b42a] Serialization  [`@stdlib/Serialization`]
  [6462fe0b] Sockets  [`@stdlib/Sockets`]
  [8dfed614] Test  [`@stdlib/Test`]
  6.292799 seconds (3.11 M allocations: 158.490 MiB, 3.17% gc time)
Test Summary:      | Pass  Total
test_add_kwonly.jl |   18     18
  0.052734 seconds (14.10 k allocations: 831.697 KiB)
Test Summary: | Pass  Total
README.jl     |    1      1
   Testing Kwonly tests passed 
