 Resolving package versions...
 Installed TotalLeastSquares ─ v1.0.0
 Installed FillArrays ──────── v0.6.4
  Updating `~/.julia/environments/v1.2/Project.toml`
  [028f657a] + TotalLeastSquares v1.0.0
  Updating `~/.julia/environments/v1.2/Manifest.toml`
  [1a297f60] + FillArrays v0.6.4
  [028f657a] + TotalLeastSquares v1.0.0
  [8f399da3] + Libdl 
  [37e2e46d] + LinearAlgebra 
  [de0858da] + Printf 
  [9a3f8284] + Random 
  [9e88b42a] + Serialization 
  [2f01184e] + SparseArrays 
  [4ec0a83e] + Unicode 
   Testing TotalLeastSquares
 Resolving package versions...
    Status `/tmp/jl_ZbEtd6/Manifest.toml`
  [1a297f60] FillArrays v0.6.4
  [028f657a] TotalLeastSquares v1.0.0
  [2a0f44e3] Base64  [`@stdlib/Base64`]
  [8ba89e20] Distributed  [`@stdlib/Distributed`]
  [b77e0a4c] InteractiveUtils  [`@stdlib/InteractiveUtils`]
  [8f399da3] Libdl  [`@stdlib/Libdl`]
  [37e2e46d] LinearAlgebra  [`@stdlib/LinearAlgebra`]
  [56ddb016] Logging  [`@stdlib/Logging`]
  [d6f4376e] Markdown  [`@stdlib/Markdown`]
  [de0858da] Printf  [`@stdlib/Printf`]
  [9a3f8284] Random  [`@stdlib/Random`]
  [9e88b42a] Serialization  [`@stdlib/Serialization`]
  [6462fe0b] Sockets  [`@stdlib/Sockets`]
  [2f01184e] SparseArrays  [`@stdlib/SparseArrays`]
  [10745b16] Statistics  [`@stdlib/Statistics`]
  [8dfed614] Test  [`@stdlib/Test`]
  [4ec0a83e] Unicode  [`@stdlib/Unicode`]
Least squares error:                 3.753e-01  2.530e-01 -3.637e-01, Norm:  5.806e-01
Weigthed Least squares error:        3.753e-01  2.530e-01 -3.637e-01, Norm:  5.806e-01
Total Least squares error:           2.897e-01  1.062e-01 -2.976e-01, Norm:  4.287e-01
Weighted Total Least squares error:  1.213e-01 -1.933e-01 -9.527e-02, Norm:  2.473e-01
----------------------------
Test Summary:     | Pass  Total
TotalLeastSquares |    8      8
   Testing TotalLeastSquares tests passed 
