 Resolving package versions...
 Installed Reexport ──────────────────── v0.2.0
 Installed InternedStrings ───────────── v0.7.0
 Installed DataValueInterfaces ───────── v1.0.0
 Installed Parsers ───────────────────── v0.3.10
 Installed IteratorInterfaceExtensions ─ v1.0.0
 Installed CSVReader ─────────────────── v1.0.2
 Installed JSON ──────────────────────── v0.21.0
 Installed DataStructures ────────────── v0.17.6
 Installed DataAPI ───────────────────── v1.1.0
 Installed PooledArrays ──────────────── v0.5.2
 Installed SortingAlgorithms ─────────── v0.3.1
 Installed Missings ──────────────────── v0.4.3
 Installed OrderedCollections ────────── v1.1.0
 Installed StatsBase ─────────────────── v0.32.0
 Installed CategoricalArrays ─────────── v0.7.3
 Installed DataFrames ────────────────── v0.18.4
 Installed TableTraits ───────────────── v1.0.0
 Installed Compat ────────────────────── v3.0.0
 Installed Tables ────────────────────── v0.2.11
  Updating `~/.julia/environments/v1.0/Project.toml`
  [6320db66] + CSVReader v1.0.2
  Updating `~/.julia/environments/v1.0/Manifest.toml`
  [6320db66] + CSVReader v1.0.2
  [324d7699] + CategoricalArrays v0.7.3
  [34da2185] + Compat v3.0.0
  [9a962f9c] + DataAPI v1.1.0
  [a93c6f00] + DataFrames v0.18.4
  [864edb3b] + DataStructures v0.17.6
  [e2d170a0] + DataValueInterfaces v1.0.0
  [7d512f48] + InternedStrings v0.7.0
  [82899510] + IteratorInterfaceExtensions v1.0.0
  [682c06a0] + JSON v0.21.0
  [e1d29d7a] + Missings v0.4.3
  [bac558e1] + OrderedCollections v1.1.0
  [69de0a69] + Parsers v0.3.10
  [2dfb63ee] + PooledArrays v0.5.2
  [189a3867] + Reexport v0.2.0
  [a2af1166] + SortingAlgorithms v0.3.1
  [2913bbd2] + StatsBase v0.32.0
  [3783bdb8] + TableTraits v1.0.0
  [bd369af6] + Tables v0.2.11
  [2a0f44e3] + Base64 
  [ade2ca70] + Dates 
  [8bb1440f] + DelimitedFiles 
  [8ba89e20] + Distributed 
  [9fa8497b] + Future 
  [b77e0a4c] + InteractiveUtils 
  [76f85450] + LibGit2 
  [8f399da3] + Libdl 
  [37e2e46d] + LinearAlgebra 
  [56ddb016] + Logging 
  [d6f4376e] + Markdown 
  [a63ad114] + Mmap 
  [44cfe95a] + Pkg 
  [de0858da] + Printf 
  [3fa0cd96] + REPL 
  [9a3f8284] + Random 
  [ea8e919c] + SHA 
  [9e88b42a] + Serialization 
  [1a1011a3] + SharedArrays 
  [6462fe0b] + Sockets 
  [2f01184e] + SparseArrays 
  [10745b16] + Statistics 
  [8dfed614] + Test 
  [cf7118a7] + UUIDs 
  [4ec0a83e] + Unicode 
   Testing CSVReader
 Resolving package versions...
 Installed BenchmarkTools ─ v0.4.3
    Status `/tmp/tmp9Dgm7j/Manifest.toml`
  [6e4b80f9] BenchmarkTools v0.4.3
  [6320db66] CSVReader v1.0.2
  [324d7699] CategoricalArrays v0.7.3
  [34da2185] Compat v3.0.0
  [9a962f9c] DataAPI v1.1.0
  [a93c6f00] DataFrames v0.18.4
  [864edb3b] DataStructures v0.17.6
  [e2d170a0] DataValueInterfaces v1.0.0
  [7d512f48] InternedStrings v0.7.0
  [82899510] IteratorInterfaceExtensions v1.0.0
  [682c06a0] JSON v0.21.0
  [e1d29d7a] Missings v0.4.3
  [bac558e1] OrderedCollections v1.1.0
  [69de0a69] Parsers v0.3.10
  [2dfb63ee] PooledArrays v0.5.2
  [189a3867] Reexport v0.2.0
  [a2af1166] SortingAlgorithms v0.3.1
  [2913bbd2] StatsBase v0.32.0
  [3783bdb8] TableTraits v1.0.0
  [bd369af6] Tables v0.2.11
  [2a0f44e3] Base64  [`@stdlib/Base64`]
  [ade2ca70] Dates  [`@stdlib/Dates`]
  [8bb1440f] DelimitedFiles  [`@stdlib/DelimitedFiles`]
  [8ba89e20] Distributed  [`@stdlib/Distributed`]
  [9fa8497b] Future  [`@stdlib/Future`]
  [b77e0a4c] InteractiveUtils  [`@stdlib/InteractiveUtils`]
  [76f85450] LibGit2  [`@stdlib/LibGit2`]
  [8f399da3] Libdl  [`@stdlib/Libdl`]
  [37e2e46d] LinearAlgebra  [`@stdlib/LinearAlgebra`]
  [56ddb016] Logging  [`@stdlib/Logging`]
  [d6f4376e] Markdown  [`@stdlib/Markdown`]
  [a63ad114] Mmap  [`@stdlib/Mmap`]
  [44cfe95a] Pkg  [`@stdlib/Pkg`]
  [de0858da] Printf  [`@stdlib/Printf`]
  [3fa0cd96] REPL  [`@stdlib/REPL`]
  [9a3f8284] Random  [`@stdlib/Random`]
  [ea8e919c] SHA  [`@stdlib/SHA`]
  [9e88b42a] Serialization  [`@stdlib/Serialization`]
  [1a1011a3] SharedArrays  [`@stdlib/SharedArrays`]
  [6462fe0b] Sockets  [`@stdlib/Sockets`]
  [2f01184e] SparseArrays  [`@stdlib/SparseArrays`]
  [10745b16] Statistics  [`@stdlib/Statistics`]
  [8dfed614] Test  [`@stdlib/Test`]
  [cf7118a7] UUIDs  [`@stdlib/UUIDs`]
  [4ec0a83e] Unicode  [`@stdlib/Unicode`]
WARNING: Compat.Statistics is deprecated, use Statistics instead.
  likely near /root/.julia/packages/CategoricalArrays/U3LvJ/src/extras.jl:1
2019-11-23T19:08:49.552 generated perf_f3_qf0_s3,10_qs0,0_10.csv
2019-11-23T19:08:50.065 generated perf_f3_qf0_s5,10_qs0,0_10.csv
2019-11-23T19:08:50.065 generated perf_f5_qf0_s3,10_qs0,0_10.csv
2019-11-23T19:08:50.066 generated perf_f5_qf0_s5,10_qs0,0_10.csv
2019-11-23T19:08:50.078 generated perf_f3_qf0_s3,10_qs0,0_1000.csv
2019-11-23T19:08:50.118 generated perf_f3_qf0_s5,10_qs0,0_1000.csv
2019-11-23T19:08:50.125 generated perf_f5_qf0_s3,10_qs0,0_1000.csv
2019-11-23T19:08:50.135 generated perf_f5_qf0_s5,10_qs0,0_1000.csv
2019-11-23T19:08:50.136 [CSVReader.read_csv] performance testing perf_f3_qf0_s3,10_qs0,0_10.csv
  304.047 μs (553 allocations: 28.83 KiB)
2019-11-23T19:09:04.03 [CSVReader.read_csv] performance testing perf_f3_qf0_s5,10_qs0,0_10.csv
  379.391 μs (609 allocations: 32.52 KiB)
2019-11-23T19:09:15.714 [CSVReader.read_csv] performance testing perf_f5_qf0_s3,10_qs0,0_10.csv
  491.924 μs (707 allocations: 35.15 KiB)
2019-11-23T19:09:27.436 [CSVReader.read_csv] performance testing perf_f5_qf0_s5,10_qs0,0_10.csv
  505.941 μs (765 allocations: 39.05 KiB)
2019-11-23T19:09:39.058 [CSVReader.read_csv] performance testing perf_f3_qf0_s3,10_qs0,0_1000.csv
  5.924 ms (28216 allocations: 844.31 KiB)
2019-11-23T19:09:50.855 [CSVReader.read_csv] performance testing perf_f3_qf0_s5,10_qs0,0_1000.csv
  7.568 ms (32210 allocations: 1010.44 KiB)
2019-11-23T19:10:02.783 [CSVReader.read_csv] performance testing perf_f5_qf0_s3,10_qs0,0_1000.csv
  6.182 ms (42208 allocations: 1.19 MiB)
2019-11-23T19:10:15.073 [CSVReader.read_csv] performance testing perf_f5_qf0_s5,10_qs0,0_1000.csv
  9.224 ms (46206 allocations: 1.35 MiB)
2019-11-23T19:10:26.775 cleaning up
Test Summary: | Pass  Total
CSVReader     |   15     15
   Testing CSVReader tests passed 
