 Resolving package versions...
 Installed CMakeWrapper ─────── v0.2.3
 Installed CMake ────────────── v1.1.2
 Installed GAFramework ──────── v0.2.0
 Installed Compat ───────────── v2.2.0
 Installed Blosc ────────────── v0.5.1
 Installed Parameters ───────── v0.12.0
 Installed HDF5 ─────────────── v0.12.5
 Installed BinaryProvider ───── v0.5.8
 Installed URIParser ────────── v0.4.0
 Installed OrderedCollections ─ v1.1.0
 Installed JLD ──────────────── v0.9.1
 Installed BinDeps ──────────── v0.8.10
 Installed LegacyStrings ────── v0.4.1
 Installed FileIO ───────────── v1.0.7
  Updating `~/.julia/environments/v1.2/Project.toml`
  [91ca9103] + GAFramework v0.2.0
  Updating `~/.julia/environments/v1.2/Manifest.toml`
  [9e28174c] + BinDeps v0.8.10
  [b99e7846] + BinaryProvider v0.5.8
  [a74b3585] + Blosc v0.5.1
  [631607c0] + CMake v1.1.2
  [d5fb7624] + CMakeWrapper v0.2.3
  [34da2185] + Compat v2.2.0
  [5789e2e9] + FileIO v1.0.7
  [91ca9103] + GAFramework v0.2.0
  [f67ccb44] + HDF5 v0.12.5
  [4138dd39] + JLD v0.9.1
  [1b4a561d] + LegacyStrings v0.4.1
  [bac558e1] + OrderedCollections v1.1.0
  [d96e819e] + Parameters v0.12.0
  [30578b45] + URIParser v0.4.0
  [2a0f44e3] + Base64 
  [ade2ca70] + Dates 
  [8bb1440f] + DelimitedFiles 
  [8ba89e20] + Distributed 
  [9fa8497b] + Future 
  [b77e0a4c] + InteractiveUtils 
  [76f85450] + LibGit2 
  [8f399da3] + Libdl 
  [37e2e46d] + LinearAlgebra 
  [56ddb016] + Logging 
  [d6f4376e] + Markdown 
  [a63ad114] + Mmap 
  [44cfe95a] + Pkg 
  [de0858da] + Printf 
  [9abbd945] + Profile 
  [3fa0cd96] + REPL 
  [9a3f8284] + Random 
  [ea8e919c] + SHA 
  [9e88b42a] + Serialization 
  [1a1011a3] + SharedArrays 
  [6462fe0b] + Sockets 
  [2f01184e] + SparseArrays 
  [10745b16] + Statistics 
  [8dfed614] + Test 
  [cf7118a7] + UUIDs 
  [4ec0a83e] + Unicode 
  Building CMake → `~/.julia/packages/CMake/nSK2r/deps/build.log`
  Building Blosc → `~/.julia/packages/Blosc/lzFr0/deps/build.log`
  Building HDF5 ─→ `~/.julia/packages/HDF5/Zh9on/deps/build.log`
   Testing GAFramework
    Status `/tmp/jl_8Pmrv3/Manifest.toml`
  [9e28174c] BinDeps v0.8.10
  [b99e7846] BinaryProvider v0.5.8
  [a74b3585] Blosc v0.5.1
  [631607c0] CMake v1.1.2
  [d5fb7624] CMakeWrapper v0.2.3
  [34da2185] Compat v2.2.0
  [5789e2e9] FileIO v1.0.7
  [91ca9103] GAFramework v0.2.0
  [f67ccb44] HDF5 v0.12.5
  [4138dd39] JLD v0.9.1
  [1b4a561d] LegacyStrings v0.4.1
  [bac558e1] OrderedCollections v1.1.0
  [d96e819e] Parameters v0.12.0
  [30578b45] URIParser v0.4.0
  [2a0f44e3] Base64  [`@stdlib/Base64`]
  [ade2ca70] Dates  [`@stdlib/Dates`]
  [8bb1440f] DelimitedFiles  [`@stdlib/DelimitedFiles`]
  [8ba89e20] Distributed  [`@stdlib/Distributed`]
  [9fa8497b] Future  [`@stdlib/Future`]
  [b77e0a4c] InteractiveUtils  [`@stdlib/InteractiveUtils`]
  [76f85450] LibGit2  [`@stdlib/LibGit2`]
  [8f399da3] Libdl  [`@stdlib/Libdl`]
  [37e2e46d] LinearAlgebra  [`@stdlib/LinearAlgebra`]
  [56ddb016] Logging  [`@stdlib/Logging`]
  [d6f4376e] Markdown  [`@stdlib/Markdown`]
  [a63ad114] Mmap  [`@stdlib/Mmap`]
  [44cfe95a] Pkg  [`@stdlib/Pkg`]
  [de0858da] Printf  [`@stdlib/Printf`]
  [9abbd945] Profile  [`@stdlib/Profile`]
  [3fa0cd96] REPL  [`@stdlib/REPL`]
  [9a3f8284] Random  [`@stdlib/Random`]
  [ea8e919c] SHA  [`@stdlib/SHA`]
  [9e88b42a] Serialization  [`@stdlib/Serialization`]
  [1a1011a3] SharedArrays  [`@stdlib/SharedArrays`]
  [6462fe0b] Sockets  [`@stdlib/Sockets`]
  [2f01184e] SparseArrays  [`@stdlib/SparseArrays`]
  [10745b16] Statistics  [`@stdlib/Statistics`]
  [8dfed614] Test  [`@stdlib/Test`]
  [cf7118a7] UUIDs  [`@stdlib/UUIDs`]
  [4ec0a83e] Unicode  [`@stdlib/Unicode`]
Running genetic algorithm with
            population size 300,
            generation number 50,
            elite fraction 0.01,
            children created 297,
            crossover_params nothing,
            mutation_params Dict(:rate => 0.1),
            printing fitness every 10 iteration(s),
            saving creature to file every 0 iteration(s),
            saving state every 0 iteration(s),
            with file name prefix gamodel.
curgen: 10 value: [0.22285813051734227] obj. value: -0.21722938163541705
curgen: 20 value: [0.22285813051734227] obj. value: -0.21722938163541705
curgen: 30 value: [0.22285813051734227] obj. value: -0.21722938163541705
curgen: 40 value: [0.22285813051734227] obj. value: -0.21722938163541705
curgen: 50 value: [0.22253039346147313] obj. value: -0.21723361423541412
CoordinateCreature{Array{Float64,1}}([0.22253039346147313], -0.21723361423541412) 0.22253039346147313 -0.21723361423541412
Running genetic algorithm with
            population size 300,
            generation number 500,
            elite fraction 0.01,
            children created 297,
            crossover_params nothing,
            mutation_params Dict{Symbol,Real}(:lambda => 0.001,:maxiter => 1000,:k => 1,:sa_rate => 0.1,:rate => 0.1),
            printing fitness every 50 iteration(s),
            saving creature to file every 0 iteration(s),
            saving state every 0 iteration(s),
            with file name prefix gamodel.
curgen: 50 value: [-0.22235332844407094, 0.22259468786839354, 0.22509329958067215, -0.22365294958721108, -0.22224649553735382, 0.2222347368754983, -0.22506164533443598, 0.22231495860881967, 0.22352420016971614, -0.22409098259214397, 0.2242767661526762, 0.22170702180777124, 0.22217225948172528, -0.22204215609257863, -0.22368464354802803] obj. value: -3.257496934634229
curgen: 100 value: [-0.22235332844407094, 0.22259468786839354, 0.22509329958067215, -0.22365294958721108, -0.22224649553735382, 0.2222347368754983, -0.22506164533443598, 0.22231495860881967, 0.22352420016971614, -0.22227027404108257, 0.2242767661526762, 0.22170702180777124, 0.22217225948172528, 0.22220394679971747, -0.2232145552225052] obj. value: -3.257641264781523
curgen: 150 value: [-0.22235332844407094, 0.22259468786839354, 0.2225967825458939, -0.22308374694191324, -0.22224649553735382, 0.2227832603198089, -0.22162558554711087, 0.22244709117978975, 0.22352420016971614, -0.22227027404108257, 0.2242767661526762, 0.22266387575238497, 0.22217225948172528, 0.22220394679971747, -0.2232145552225052] obj. value: -3.2582370422742435
curgen: 200 value: [-0.22235332844407094, 0.22259468786839354, 0.2225967825458939, -0.22308374694191324, -0.22224649553735382, 0.22233508907292485, -0.22162558554711087, 0.22244709117978975, 0.22352420016971614, -0.22227027404108257, 0.22183656617178066, 0.22266387575238497, 0.22219099368694298, 0.22220394679971747, -0.2232145552225052] obj. value: -3.258346506771419
curgen: 250 value: [-0.22235332844407094, 0.22259468786839354, 0.2225967825458939, -0.22308374694191324, -0.22224649553735382, 0.22233508907292485, -0.22162558554711087, 0.22244709117978975, 0.2224753031865801, -0.22227027404108257, 0.22183656617178066, 0.22266387575238497, 0.22219099368694298, 0.22220394679971747, -0.22310246588510307] obj. value: -3.2583942333216145
curgen: 300 value: [-0.22235332844407094, 0.22259468786839354, 0.2225967825458939, -0.22308374694191324, -0.22224649553735382, 0.22233508907292485, -0.22261271046355513, 0.22244709117978975, 0.2224753031865801, -0.22227027404108257, 0.22183656617178066, 0.22266387575238497, 0.22219099368694298, 0.22220394679971747, -0.22310246588510307] obj. value: -3.2584319451191357
curgen: 350 value: [-0.22235332844407094, 0.22259468786839354, 0.2225967825458939, -0.2225248711214771, -0.22224649553735382, 0.22233508907292485, -0.22261271046355513, 0.22244709117978975, 0.2224753031865801, -0.22227027404108257, 0.2228203857427413, 0.22266387575238497, 0.22282547903111033, 0.22220394679971747, -0.22310246588510307] obj. value: -3.2584660839627024
curgen: 400 value: [-0.22235332844407094, 0.22259468786839354, 0.2225967825458939, -0.2225248711214771, -0.22224649553735382, 0.22233508907292485, -0.22261271046355513, 0.22244709117978975, 0.2224753031865801, -0.22227027404108257, 0.2228203857427413, 0.22266387575238497, 0.22282547903111033, 0.22220394679971747, -0.22266791374429074] obj. value: -3.2584790093333416
curgen: 450 value: [-0.22235332844407094, 0.22259468786839354, 0.2225967825458939, -0.2225248711214771, -0.22224649553735382, 0.22233508907292485, -0.22261271046355513, 0.22244709117978975, 0.2224753031865801, -0.22227027404108257, 0.22267990833446732, 0.22266387575238497, 0.22282547903111033, 0.22228071009425024, -0.22266791374429074] obj. value: -3.2584836022182833
curgen: 500 value: [-0.22253508493614577, 0.22259468786839354, 0.2225967825458939, -0.2225248711214771, -0.22224649553735382, 0.22233508907292485, -0.22261271046355513, 0.22244709117978975, 0.2224753031865801, -0.22227027404108257, 0.22267990833446732, 0.22266387575238497, 0.22282547903111033, 0.22228071009425024, -0.22266791374429074] obj. value: -3.2584852773986297
CoordinateCreature{Array{Float64,1}}([-0.22253508493614577, 0.22259468786839354, 0.2225967825458939, -0.2225248711214771, -0.22224649553735382, 0.22233508907292485, -0.22261271046355513, 0.22244709117978975, 0.2224753031865801, -0.22227027404108257, 0.22267990833446732, 0.22266387575238497, 0.22282547903111033, 0.22228071009425024, -0.22266791374429074], -3.2584852773986297) [-0.22253508493614577, 0.22259468786839354, 0.2225967825458939, -0.2225248711214771, -0.22224649553735382, 0.22233508907292485, -0.22261271046355513, 0.22244709117978975, 0.2224753031865801, -0.22227027404108257, 0.22267990833446732, 0.22266387575238497, 0.22282547903111033, 0.22228071009425024, -0.22266791374429074] -3.2584852773986297
Running genetic algorithm with
            population size 300,
            generation number 500,
            elite fraction 0.01,
            children created 297,
            crossover_params nothing,
            mutation_params Dict{Symbol,Real}(:lambda => 0.001,:maxiter => 1000,:k => 1,:sa_rate => 0.1,:rate => 0.1),
            printing fitness every 50 iteration(s),
            saving creature to file every 0 iteration(s),
            saving state every 0 iteration(s),
            with file name prefix gamodel.
curgen: 50 value: [-0.0015114570366001445, -0.0009032829633318531, 0.00021467938689957258, 0.00041926019734755526, -0.0017955877679817166, -0.0004831212122146933, -0.00015204082785711878, -0.000261724873781655, -0.0019596168804118415, 0.00039052088625108825, -0.00021425192176191885, 0.00017044302455898608, 0.0005108314314771346, 0.0011478530753993737, -0.0004278471405842272] obj. value: 0.002519672154789987
curgen: 100 value: [-0.0015114570366001445, -0.0009032829633318531, 0.00021467938689957258, 0.00041926019734755526, -0.0017955877679817166, -0.0004831212122146933, -0.00015204082785711878, -0.000261724873781655, -0.0019596168804118415, 0.00039052088625108825, -0.00021425192176191885, 0.00017044302455898608, -0.00012794421506422734, 0.0011478530753993737, -0.0004278471405842272] obj. value: 0.0024711496545535283
curgen: 150 value: [-0.0011973695197663196, 9.612144435455403e-5, 0.00021467938689957258, 0.00041926019734755526, 0.0006651348422319684, -0.0004831212122146933, -0.00015204082785711878, -0.000261724873781655, 0.0014479470432704972, 0.00039052088625108825, -0.00021425192176191885, 0.00017044302455898608, -0.00012794421506422734, 0.0011478530753993737, -0.0004278471405842272] obj. value: 0.0012445532055096464
curgen: 200 value: [-0.0011973695197663196, 9.612144435455403e-5, 0.00021467938689957258, 0.00041926019734755526, 0.0006651348422319684, -0.0004831212122146933, -2.796613531896324e-5, -0.000261724873781655, 0.0014479470432704972, 0.00039052088625108825, -0.00021425192176191885, 0.00017044302455898608, -0.00012794421506422734, 0.0011478530753993737, -0.0004278471405842272] obj. value: 0.0012401222557230085
curgen: 250 value: [-0.0011973695197663196, 9.612144435455403e-5, 0.00021467938689957258, 0.00041926019734755526, 0.0006651348422319684, -0.0004831212122146933, -2.796613531896324e-5, -0.000261724873781655, 0.0014479470432704972, 0.00039052088625108825, -0.00021425192176191885, 0.00017044302455898608, -0.00012794421506422734, 0.0011478530753993737, -8.987089136860266e-5] obj. value: 0.0012054083443615582
curgen: 300 value: [-0.0011973695197663196, 9.612144435455403e-5, 0.00021467938689957258, 0.00041926019734755526, 0.0006651348422319684, -0.0004831212122146933, -2.796613531896324e-5, -0.000261724873781655, 0.0014479470432704972, 0.00039052088625108825, -0.00021425192176191885, 0.00017044302455898608, -0.00012794421506422734, 0.0011478530753993737, -8.987089136860266e-5] obj. value: 0.0012054083443615582
curgen: 350 value: [-0.0011973695197663196, 9.612144435455403e-5, 0.00021467938689957258, 0.00041926019734755526, 0.0006651348422319684, -0.0004831212122146933, -2.796613531896324e-5, -0.000261724873781655, -0.00045298733078676144, 0.00039052088625108825, -0.00021119293690033335, 0.00017044302455898608, -0.00012794421506422734, 0.0011478530753993737, -8.987089136860266e-5] obj. value: 0.000829923483905759
curgen: 400 value: [-0.0011973695197663196, 9.612144435455403e-5, 0.00021467938689957258, 0.00041926019734755526, 0.0006651348422319684, -0.0004831212122146933, -2.796613531896324e-5, -0.000261724873781655, -0.00045298733078676144, 0.00039052088625108825, -0.00021119293690033335, 0.00017044302455898608, -0.00012794421506422734, 0.0011478530753993737, -8.987089136860266e-5] obj. value: 0.000829923483905759
curgen: 450 value: [-0.0011973695197663196, 9.612144435455403e-5, 0.00021467938689957258, 0.00041926019734755526, 0.0006651348422319684, -0.0004831212122146933, -2.796613531896324e-5, -0.000261724873781655, -0.00045298733078676144, 0.00039052088625108825, -0.00021119293690033335, 0.00017044302455898608, -0.00012794421506422734, 0.0011478530753993737, -8.987089136860266e-5] obj. value: 0.000829923483905759
curgen: 500 value: [0.0008627667544045779, 9.612144435455403e-5, 0.00021467938689957258, 0.00041926019734755526, 0.0006651348422319684, -0.0004831212122146933, -2.796613531896324e-5, -0.000261724873781655, -0.00036778808563146163, 0.00039052088625108825, -0.00021119293690033335, 0.00017044302455898608, -0.00012794421506422734, 0.0011478530753993737, -8.987089136860266e-5] obj. value: 0.0006792939443300838
CoordinateCreature{Array{Float64,1}}([0.0008627667544045779, 9.612144435455403e-5, 0.00021467938689957258, 0.00041926019734755526, 0.0006651348422319684, -0.0004831212122146933, -2.796613531896324e-5, -0.000261724873781655, -0.00036778808563146163, 0.00039052088625108825, -0.00021119293690033335, 0.00017044302455898608, -0.00012794421506422734, 0.0011478530753993737, -8.987089136860266e-5], 0.0006792939443300838) [0.0008627667544045779, 9.612144435455403e-5, 0.00021467938689957258, 0.00041926019734755526, 0.0006651348422319684, -0.0004831212122146933, -2.796613531896324e-5, -0.000261724873781655, -0.00036778808563146163, 0.00039052088625108825, -0.00021119293690033335, 0.00017044302455898608, -0.00012794421506422734, 0.0011478530753993737, -8.987089136860266e-5] 0.0006792939443300838
   Testing GAFramework tests passed 
