 Resolving package versions...
 Installed LocalFunctionApproximation ─ v1.1.0
 Installed Distances ────────────────── v0.8.2
 Installed GridInterpolations ───────── v1.1.1
 Installed NearestNeighbors ─────────── v0.4.3
 Installed StaticArrays ─────────────── v0.12.1
  Updating `~/.julia/environments/v1.0/Project.toml`
  [db97f5ab] + LocalFunctionApproximation v1.1.0
  Updating `~/.julia/environments/v1.0/Manifest.toml`
  [b4f34e82] + Distances v0.8.2
  [bb4c363b] + GridInterpolations v1.1.1
  [db97f5ab] + LocalFunctionApproximation v1.1.0
  [b8a86587] + NearestNeighbors v0.4.3
  [90137ffa] + StaticArrays v0.12.1
  [2a0f44e3] + Base64 
  [8ba89e20] + Distributed 
  [b77e0a4c] + InteractiveUtils 
  [8f399da3] + Libdl 
  [37e2e46d] + LinearAlgebra 
  [56ddb016] + Logging 
  [d6f4376e] + Markdown 
  [a63ad114] + Mmap 
  [de0858da] + Printf 
  [9a3f8284] + Random 
  [9e88b42a] + Serialization 
  [6462fe0b] + Sockets 
  [2f01184e] + SparseArrays 
  [10745b16] + Statistics 
  [8dfed614] + Test 
  [4ec0a83e] + Unicode 
   Testing LocalFunctionApproximation
 Resolving package versions...
    Status `/tmp/tmpkM98Ac/Manifest.toml`
  [b4f34e82] Distances v0.8.2
  [bb4c363b] GridInterpolations v1.1.1
  [db97f5ab] LocalFunctionApproximation v1.1.0
  [b8a86587] NearestNeighbors v0.4.3
  [90137ffa] StaticArrays v0.12.1
  [2a0f44e3] Base64  [`@stdlib/Base64`]
  [8ba89e20] Distributed  [`@stdlib/Distributed`]
  [b77e0a4c] InteractiveUtils  [`@stdlib/InteractiveUtils`]
  [8f399da3] Libdl  [`@stdlib/Libdl`]
  [37e2e46d] LinearAlgebra  [`@stdlib/LinearAlgebra`]
  [56ddb016] Logging  [`@stdlib/Logging`]
  [d6f4376e] Markdown  [`@stdlib/Markdown`]
  [a63ad114] Mmap  [`@stdlib/Mmap`]
  [de0858da] Printf  [`@stdlib/Printf`]
  [9a3f8284] Random  [`@stdlib/Random`]
  [9e88b42a] Serialization  [`@stdlib/Serialization`]
  [6462fe0b] Sockets  [`@stdlib/Sockets`]
  [2f01184e] SparseArrays  [`@stdlib/SparseArrays`]
  [10745b16] Statistics  [`@stdlib/Statistics`]
  [8dfed614] Test  [`@stdlib/Test`]
  [4ec0a83e] Unicode  [`@stdlib/Unicode`]
   Testing LocalFunctionApproximation tests passed 
