 Resolving package versions...
 Installed RecipesBase ───────────────── v0.7.0
 Installed Trajectories ──────────────── v0.1.0
 Installed ColorTypes ────────────────── v0.8.0
 Installed IteratorInterfaceExtensions ─ v1.0.0
 Installed Arpack ────────────────────── v0.3.1
 Installed BinaryProvider ────────────── v0.5.8
 Installed DataStructures ────────────── v0.17.6
 Installed Reexport ──────────────────── v0.2.0
 Installed BinDeps ───────────────────── v0.8.10
 Installed FixedPointNumbers ─────────── v0.6.1
 Installed DataValueInterfaces ───────── v1.0.0
 Installed DataAPI ───────────────────── v1.1.0
 Installed SpecialFunctions ──────────── v0.8.0
 Installed Polynomials ───────────────── v0.6.0
 Installed URIParser ─────────────────── v0.4.0
 Installed PDMats ────────────────────── v0.9.10
 Installed SortingAlgorithms ─────────── v0.3.1
 Installed Distributions ─────────────── v0.21.8
 Installed StaticArrays ──────────────── v0.12.1
 Installed StatsBase ─────────────────── v0.32.0
 Installed Bridge ────────────────────── v0.10.0
 Installed Missings ──────────────────── v0.4.3
 Installed OrderedCollections ────────── v1.1.0
 Installed TableTraits ───────────────── v1.0.0
 Installed Rmath ─────────────────────── v0.5.1
 Installed QuadGK ────────────────────── v2.1.1
 Installed Tables ────────────────────── v0.2.11
 Installed StatsFuns ─────────────────── v0.9.0
 Installed Colors ────────────────────── v0.9.6
 Installed Compat ────────────────────── v2.2.0
  Updating `~/.julia/environments/v1.0/Project.toml`
  [2d3116d5] + Bridge v0.10.0
  Updating `~/.julia/environments/v1.0/Manifest.toml`
  [7d9fca2a] + Arpack v0.3.1
  [9e28174c] + BinDeps v0.8.10
  [b99e7846] + BinaryProvider v0.5.8
  [2d3116d5] + Bridge v0.10.0
  [3da002f7] + ColorTypes v0.8.0
  [5ae59095] + Colors v0.9.6
  [34da2185] + Compat v2.2.0
  [9a962f9c] + DataAPI v1.1.0
  [864edb3b] + DataStructures v0.17.6
  [e2d170a0] + DataValueInterfaces v1.0.0
  [31c24e10] + Distributions v0.21.8
  [53c48c17] + FixedPointNumbers v0.6.1
  [82899510] + IteratorInterfaceExtensions v1.0.0
  [e1d29d7a] + Missings v0.4.3
  [bac558e1] + OrderedCollections v1.1.0
  [90014a1f] + PDMats v0.9.10
  [f27b6e38] + Polynomials v0.6.0
  [1fd47b50] + QuadGK v2.1.1
  [3cdcf5f2] + RecipesBase v0.7.0
  [189a3867] + Reexport v0.2.0
  [79098fc4] + Rmath v0.5.1
  [a2af1166] + SortingAlgorithms v0.3.1
  [276daf66] + SpecialFunctions v0.8.0
  [90137ffa] + StaticArrays v0.12.1
  [2913bbd2] + StatsBase v0.32.0
  [4c63d2b9] + StatsFuns v0.9.0
  [3783bdb8] + TableTraits v1.0.0
  [bd369af6] + Tables v0.2.11
  [2c80a279] + Trajectories v0.1.0
  [30578b45] + URIParser v0.4.0
  [2a0f44e3] + Base64 
  [ade2ca70] + Dates 
  [8bb1440f] + DelimitedFiles 
  [8ba89e20] + Distributed 
  [b77e0a4c] + InteractiveUtils 
  [76f85450] + LibGit2 
  [8f399da3] + Libdl 
  [37e2e46d] + LinearAlgebra 
  [56ddb016] + Logging 
  [d6f4376e] + Markdown 
  [a63ad114] + Mmap 
  [44cfe95a] + Pkg 
  [de0858da] + Printf 
  [3fa0cd96] + REPL 
  [9a3f8284] + Random 
  [ea8e919c] + SHA 
  [9e88b42a] + Serialization 
  [1a1011a3] + SharedArrays 
  [6462fe0b] + Sockets 
  [2f01184e] + SparseArrays 
  [10745b16] + Statistics 
  [4607b0f0] + SuiteSparse 
  [8dfed614] + Test 
  [cf7118a7] + UUIDs 
  [4ec0a83e] + Unicode 
  Building Arpack ──────────→ `~/.julia/packages/Arpack/cu5By/deps/build.log`
  Building SpecialFunctions → `~/.julia/packages/SpecialFunctions/ne2iw/deps/build.log`
  Building Rmath ───────────→ `~/.julia/packages/Rmath/4wt82/deps/build.log`
   Testing Bridge
 Resolving package versions...
 Installed DocStringExtensions ─ v0.8.1
 Installed Parsers ───────────── v0.3.10
 Installed Documenter ────────── v0.24.0
 Installed JSON ──────────────── v0.21.0
    Status `/tmp/tmpdCg26i/Manifest.toml`
  [7d9fca2a] Arpack v0.3.1
  [9e28174c] BinDeps v0.8.10
  [b99e7846] BinaryProvider v0.5.8
  [2d3116d5] Bridge v0.10.0
  [3da002f7] ColorTypes v0.8.0
  [5ae59095] Colors v0.9.6
  [34da2185] Compat v2.2.0
  [9a962f9c] DataAPI v1.1.0
  [864edb3b] DataStructures v0.17.6
  [e2d170a0] DataValueInterfaces v1.0.0
  [31c24e10] Distributions v0.21.8
  [ffbed154] DocStringExtensions v0.8.1
  [e30172f5] Documenter v0.24.0
  [53c48c17] FixedPointNumbers v0.6.1
  [82899510] IteratorInterfaceExtensions v1.0.0
  [682c06a0] JSON v0.21.0
  [e1d29d7a] Missings v0.4.3
  [bac558e1] OrderedCollections v1.1.0
  [90014a1f] PDMats v0.9.10
  [69de0a69] Parsers v0.3.10
  [f27b6e38] Polynomials v0.6.0
  [1fd47b50] QuadGK v2.1.1
  [3cdcf5f2] RecipesBase v0.7.0
  [189a3867] Reexport v0.2.0
  [79098fc4] Rmath v0.5.1
  [a2af1166] SortingAlgorithms v0.3.1
  [276daf66] SpecialFunctions v0.8.0
  [90137ffa] StaticArrays v0.12.1
  [2913bbd2] StatsBase v0.32.0
  [4c63d2b9] StatsFuns v0.9.0
  [3783bdb8] TableTraits v1.0.0
  [bd369af6] Tables v0.2.11
  [2c80a279] Trajectories v0.1.0
  [30578b45] URIParser v0.4.0
  [2a0f44e3] Base64  [`@stdlib/Base64`]
  [ade2ca70] Dates  [`@stdlib/Dates`]
  [8bb1440f] DelimitedFiles  [`@stdlib/DelimitedFiles`]
  [8ba89e20] Distributed  [`@stdlib/Distributed`]
  [b77e0a4c] InteractiveUtils  [`@stdlib/InteractiveUtils`]
  [76f85450] LibGit2  [`@stdlib/LibGit2`]
  [8f399da3] Libdl  [`@stdlib/Libdl`]
  [37e2e46d] LinearAlgebra  [`@stdlib/LinearAlgebra`]
  [56ddb016] Logging  [`@stdlib/Logging`]
  [d6f4376e] Markdown  [`@stdlib/Markdown`]
  [a63ad114] Mmap  [`@stdlib/Mmap`]
  [44cfe95a] Pkg  [`@stdlib/Pkg`]
  [de0858da] Printf  [`@stdlib/Printf`]
  [3fa0cd96] REPL  [`@stdlib/REPL`]
  [9a3f8284] Random  [`@stdlib/Random`]
  [ea8e919c] SHA  [`@stdlib/SHA`]
  [9e88b42a] Serialization  [`@stdlib/Serialization`]
  [1a1011a3] SharedArrays  [`@stdlib/SharedArrays`]
  [6462fe0b] Sockets  [`@stdlib/Sockets`]
  [2f01184e] SparseArrays  [`@stdlib/SparseArrays`]
  [10745b16] Statistics  [`@stdlib/Statistics`]
  [4607b0f0] SuiteSparse  [`@stdlib/SuiteSparse`]
  [8dfed614] Test  [`@stdlib/Test`]
  [cf7118a7] UUIDs  [`@stdlib/UUIDs`]
  [4ec0a83e] Unicode  [`@stdlib/Unicode`]
[ Info: SetupBuildDirectory: setting up build directory.
[ Info: Doctest: running doctests.
[ Info: ExpandTemplates: expanding markdown templates.
[ Info: CrossReferences: building cross-references.
[ Info: CheckDocument: running document checks.
[ Info: Populate: populating indices.
[ Info: RenderDocument: rendering document.
[ Info: HTMLWriter: rendering HTML pages.
Test Summary: | Pass  Total
Lyap          |    1      1
Any["BridgeProp", "ScaledBridgeProp", "GuidedProp", "DHBridgeProp", "PBridgeProp", "GuidedProp", "GuidedProposal"]
Any[0.523035, 0.307024, 2.26438, 1.32516, 1.33142, 1.92224, 1.41021]
WARNING: using Models.Lorenz in module Main conflicts with an existing identifier.
Test Summary: | Pass  Total
MCMC          |    1      1
Test Summary: |
MCMC1         | No tests
  4.143722 seconds (32.80 M allocations: 1.729 GiB, 16.15% gc time)
Test Summary: | Pass  Total
MCMC          |    1      1
  1.092902 seconds (8.10 M allocations: 509.717 MiB, 14.07% gc time)
11×3 Array{Any,2}:
 "Euler"                   6.24187    1.02225 
 "Euler + Trapez"         10.384      1.0426  
 "MDGP+Left"               3.3342     0.989357
 "MDGP+Trapez"             0.318892   1.00104 
 "TCSGP"                   1.0183     0.996758
 "TCSGP + Trapez"          2.1552     1.00716 
 "TCSGPLL"                 1.4904     1.00493 
 "TCSGPLL + Trapez"        1.69983    1.00553 
 "TCSGP + Inno + Update"   0.0374509  1.00012 
 "TCSGPLL + Inno Mix"      1.80952    1.00543 
 "MDGP + Trapez + Inno"    0.290593   1.00092 
  Method                   rel error  mean
Remark: Change of measure is successfull if mean is close to 1
   Testing Bridge tests passed 
