 Resolving package versions...
 Installed Jive ─ v0.2.0
  Updating `~/.julia/environments/v1.2/Project.toml`
  [ba5e3d4b] + Jive v0.2.0
  Updating `~/.julia/environments/v1.2/Manifest.toml`
  [ba5e3d4b] + Jive v0.2.0
  [2a0f44e3] + Base64 
  [8ba89e20] + Distributed 
  [7b1f6079] + FileWatching 
  [b77e0a4c] + InteractiveUtils 
  [56ddb016] + Logging 
  [d6f4376e] + Markdown 
  [de0858da] + Printf 
  [9a3f8284] + Random 
  [9e88b42a] + Serialization 
  [6462fe0b] + Sockets 
  [8dfed614] + Test 
  [4ec0a83e] + Unicode 
   Testing Jive
    Status `/tmp/jl_Mlm1gm/Manifest.toml`
  [ba5e3d4b] Jive v0.2.0
  [2a0f44e3] Base64  [`@stdlib/Base64`]
  [8ba89e20] Distributed  [`@stdlib/Distributed`]
  [7b1f6079] FileWatching  [`@stdlib/FileWatching`]
  [b77e0a4c] InteractiveUtils  [`@stdlib/InteractiveUtils`]
  [56ddb016] Logging  [`@stdlib/Logging`]
  [d6f4376e] Markdown  [`@stdlib/Markdown`]
  [de0858da] Printf  [`@stdlib/Printf`]
  [9a3f8284] Random  [`@stdlib/Random`]
  [9e88b42a] Serialization  [`@stdlib/Serialization`]
  [6462fe0b] Sockets  [`@stdlib/Sockets`]
  [8dfed614] Test  [`@stdlib/Test`]
  [4ec0a83e] Unicode  [`@stdlib/Unicode`]
[4m1/9[24m jive/If/If.jl
    Pass 3  (1.03 seconds)
[4m2/9[24m jive/__END__/test.jl
    Pass 1  (0.12 seconds)
[4m3/9[24m jive/mockup/mockup.jl
    Pass 8  (0.65 seconds)
[4m4/9[24m jive/onlyonce/onlyonce.jl
    Pass 9  (0.94 seconds)
[4m5/9[24m jive/skip/skip-calls.jl
    Pass 2  (0.23 seconds)
[4m6/9[24m jive/skip/skip-exprs.jl
    Pass 4  (0.23 seconds)
[4m7/9[24m jive/skip/skip-functions.jl
    Pass 4  (0.01 seconds)
[4m8/9[24m jive/skip/skip-modules.jl
    Pass 4  (0.03 seconds)
[4m9/9[24m jive/useinside/useinside.jl
    Pass 5  (0.02 seconds)
✅  All 40 tests have been completed.  (4.13 seconds)
   Testing Jive tests passed 
