 Resolving package versions...
 Installed VersionParsing ───── v1.1.3
 Installed PyPlot ───────────── v2.8.2
 Installed ColorTypes ───────── v0.8.0
 Installed Parsers ──────────── v0.3.10
 Installed Blosc ────────────── v0.5.1
 Installed BinaryProvider ───── v0.5.8
 Installed DataStructures ───── v0.17.6
 Installed Conda ────────────── v1.3.0
 Installed Reexport ─────────── v0.2.0
 Installed FixedPointNumbers ── v0.6.1
 Installed JSON ─────────────── v0.21.0
 Installed BinDeps ──────────── v0.8.10
 Installed MacroTools ───────── v0.5.2
 Installed HDF5 ─────────────── v0.12.5
 Installed Libz ─────────────── v1.0.0
 Installed URIParser ────────── v0.4.0
 Installed DCEMRI ───────────── v0.2.1
 Installed OrderedCollections ─ v1.1.0
 Installed LaTeXStrings ─────── v1.0.3
 Installed PyCall ───────────── v1.91.2
 Installed Colors ───────────── v0.9.6
 Installed CMakeWrapper ─────── v0.2.3
 Installed ArgParse ─────────── v0.6.2
 Installed CMake ────────────── v1.1.2
 Installed Parameters ───────── v0.12.0
 Installed Calculus ─────────── v0.5.1
 Installed BufferedStreams ──── v1.0.0
 Installed TextWrap ─────────── v0.3.0
 Installed Compat ───────────── v2.2.0
 Installed MAT ──────────────── v0.6.0
  Updating `~/.julia/environments/v1.0/Project.toml`
  [2b3899e7] + DCEMRI v0.2.1
  Updating `~/.julia/environments/v1.0/Manifest.toml`
  [c7e460c6] + ArgParse v0.6.2
  [9e28174c] + BinDeps v0.8.10
  [b99e7846] + BinaryProvider v0.5.8
  [a74b3585] + Blosc v0.5.1
  [e1450e63] + BufferedStreams v1.0.0
  [631607c0] + CMake v1.1.2
  [d5fb7624] + CMakeWrapper v0.2.3
  [49dc2e85] + Calculus v0.5.1
  [3da002f7] + ColorTypes v0.8.0
  [5ae59095] + Colors v0.9.6
  [34da2185] + Compat v2.2.0
  [8f4d0f93] + Conda v1.3.0
  [2b3899e7] + DCEMRI v0.2.1
  [864edb3b] + DataStructures v0.17.6
  [53c48c17] + FixedPointNumbers v0.6.1
  [f67ccb44] + HDF5 v0.12.5
  [682c06a0] + JSON v0.21.0
  [b964fa9f] + LaTeXStrings v1.0.3
  [2ec943e9] + Libz v1.0.0
  [23992714] + MAT v0.6.0
  [1914dd2f] + MacroTools v0.5.2
  [bac558e1] + OrderedCollections v1.1.0
  [d96e819e] + Parameters v0.12.0
  [69de0a69] + Parsers v0.3.10
  [438e738f] + PyCall v1.91.2
  [d330b81b] + PyPlot v2.8.2
  [189a3867] + Reexport v0.2.0
  [b718987f] + TextWrap v0.3.0
  [30578b45] + URIParser v0.4.0
  [81def892] + VersionParsing v1.1.3
  [2a0f44e3] + Base64 
  [ade2ca70] + Dates 
  [8bb1440f] + DelimitedFiles 
  [8ba89e20] + Distributed 
  [b77e0a4c] + InteractiveUtils 
  [76f85450] + LibGit2 
  [8f399da3] + Libdl 
  [37e2e46d] + LinearAlgebra 
  [56ddb016] + Logging 
  [d6f4376e] + Markdown 
  [a63ad114] + Mmap 
  [44cfe95a] + Pkg 
  [de0858da] + Printf 
  [3fa0cd96] + REPL 
  [9a3f8284] + Random 
  [ea8e919c] + SHA 
  [9e88b42a] + Serialization 
  [1a1011a3] + SharedArrays 
  [6462fe0b] + Sockets 
  [2f01184e] + SparseArrays 
  [10745b16] + Statistics 
  [8dfed614] + Test 
  [cf7118a7] + UUIDs 
  [4ec0a83e] + Unicode 
  Building CMake ─→ `~/.julia/packages/CMake/nSK2r/deps/build.log`
  Building Blosc ─→ `~/.julia/packages/Blosc/lzFr0/deps/build.log`
  Building Conda ─→ `~/.julia/packages/Conda/kLXeC/deps/build.log`
  Building HDF5 ──→ `~/.julia/packages/HDF5/Zh9on/deps/build.log`
  Building PyCall → `~/.julia/packages/PyCall/ttONZ/deps/build.log`
   Testing DCEMRI
    Status `/tmp/tmpJpWmOv/Manifest.toml`
  [c7e460c6] ArgParse v0.6.2
  [9e28174c] BinDeps v0.8.10
  [b99e7846] BinaryProvider v0.5.8
  [a74b3585] Blosc v0.5.1
  [e1450e63] BufferedStreams v1.0.0
  [631607c0] CMake v1.1.2
  [d5fb7624] CMakeWrapper v0.2.3
  [49dc2e85] Calculus v0.5.1
  [3da002f7] ColorTypes v0.8.0
  [5ae59095] Colors v0.9.6
  [34da2185] Compat v2.2.0
  [8f4d0f93] Conda v1.3.0
  [2b3899e7] DCEMRI v0.2.1
  [864edb3b] DataStructures v0.17.6
  [53c48c17] FixedPointNumbers v0.6.1
  [f67ccb44] HDF5 v0.12.5
  [682c06a0] JSON v0.21.0
  [b964fa9f] LaTeXStrings v1.0.3
  [2ec943e9] Libz v1.0.0
  [23992714] MAT v0.6.0
  [1914dd2f] MacroTools v0.5.2
  [bac558e1] OrderedCollections v1.1.0
  [d96e819e] Parameters v0.12.0
  [69de0a69] Parsers v0.3.10
  [438e738f] PyCall v1.91.2
  [d330b81b] PyPlot v2.8.2
  [189a3867] Reexport v0.2.0
  [b718987f] TextWrap v0.3.0
  [30578b45] URIParser v0.4.0
  [81def892] VersionParsing v1.1.3
  [2a0f44e3] Base64  [`@stdlib/Base64`]
  [ade2ca70] Dates  [`@stdlib/Dates`]
  [8bb1440f] DelimitedFiles  [`@stdlib/DelimitedFiles`]
  [8ba89e20] Distributed  [`@stdlib/Distributed`]
  [b77e0a4c] InteractiveUtils  [`@stdlib/InteractiveUtils`]
  [76f85450] LibGit2  [`@stdlib/LibGit2`]
  [8f399da3] Libdl  [`@stdlib/Libdl`]
  [37e2e46d] LinearAlgebra  [`@stdlib/LinearAlgebra`]
  [56ddb016] Logging  [`@stdlib/Logging`]
  [d6f4376e] Markdown  [`@stdlib/Markdown`]
  [a63ad114] Mmap  [`@stdlib/Mmap`]
  [44cfe95a] Pkg  [`@stdlib/Pkg`]
  [de0858da] Printf  [`@stdlib/Printf`]
  [3fa0cd96] REPL  [`@stdlib/REPL`]
  [9a3f8284] Random  [`@stdlib/Random`]
  [ea8e919c] SHA  [`@stdlib/SHA`]
  [9e88b42a] Serialization  [`@stdlib/Serialization`]
  [1a1011a3] SharedArrays  [`@stdlib/SharedArrays`]
  [6462fe0b] Sockets  [`@stdlib/Sockets`]
  [2f01184e] SparseArrays  [`@stdlib/SparseArrays`]
  [10745b16] Statistics  [`@stdlib/Statistics`]
  [8dfed614] Test  [`@stdlib/Test`]
  [cf7118a7] UUIDs  [`@stdlib/UUIDs`]
  [4ec0a83e] Unicode  [`@stdlib/Unicode`]
ERROR: LoadError: LoadError: error compiling version: could not load library "libz"
libz.so: cannot open shared object file: No such file or directory
Stacktrace:
 [1] top-level scope at none:0
 [2] include at ./boot.jl:317 [inlined]
 [3] include_relative(::Module, ::String) at ./loading.jl:1044
 [4] include at ./sysimg.jl:29 [inlined]
 [5] include(::String) at /root/.julia/packages/Libz/zMAun/src/Libz.jl:3
 [6] top-level scope at none:0
 [7] include at ./boot.jl:317 [inlined]
 [8] include_relative(::Module, ::String) at ./loading.jl:1044
 [9] include(::Module, ::String) at ./sysimg.jl:29
 [10] top-level scope at none:2
 [11] eval at ./boot.jl:319 [inlined]
 [12] eval(::Expr) at ./client.jl:393
 [13] top-level scope at ./none:3
in expression starting at /root/.julia/packages/Libz/zMAun/src/lowlevel.jl:110
in expression starting at /root/.julia/packages/Libz/zMAun/src/Libz.jl:11
ERROR: LoadError: LoadError: Failed to precompile Libz [2ec943e9-cfe8-584d-b93d-64dcb6d567b7] to /root/.julia/compiled/v1.0/Libz/0KnGZ.ji.
Stacktrace:
 [1] error(::String) at ./error.jl:33
 [2] compilecache(::Base.PkgId, ::String) at ./loading.jl:1203
 [3] _require(::Base.PkgId) at ./loading.jl:960
 [4] require(::Base.PkgId) at ./loading.jl:858
 [5] require(::Module, ::Symbol) at ./loading.jl:853
 [6] include at ./boot.jl:317 [inlined]
 [7] include_relative(::Module, ::String) at ./loading.jl:1044
 [8] include at ./sysimg.jl:29 [inlined]
 [9] include(::String) at /root/.julia/packages/MAT/mPSjZ/src/MAT.jl:25
 [10] top-level scope at none:0
 [11] include at ./boot.jl:317 [inlined]
 [12] include_relative(::Module, ::String) at ./loading.jl:1044
 [13] include(::Module, ::String) at ./sysimg.jl:29
 [14] top-level scope at none:2
 [15] eval at ./boot.jl:319 [inlined]
 [16] eval(::Expr) at ./client.jl:393
 [17] top-level scope at ./none:3
in expression starting at /root/.julia/packages/MAT/mPSjZ/src/MAT_v5.jl:29
in expression starting at /root/.julia/packages/MAT/mPSjZ/src/MAT.jl:30
ERROR: LoadError: Failed to precompile MAT [23992714-dd62-5051-b70f-ba57cb901cac] to /root/.julia/compiled/v1.0/MAT/3FHIv.ji.
Stacktrace:
 [1] error(::String) at ./error.jl:33
 [2] compilecache(::Base.PkgId, ::String) at ./loading.jl:1203
 [3] _require(::Base.PkgId) at ./loading.jl:960
 [4] require(::Base.PkgId) at ./loading.jl:858
 [5] require(::Module, ::Symbol) at ./loading.jl:853
 [6] include at ./boot.jl:317 [inlined]
 [7] include_relative(::Module, ::String) at ./loading.jl:1044
 [8] include(::Module, ::String) at ./sysimg.jl:29
 [9] top-level scope at none:2
 [10] eval at ./boot.jl:319 [inlined]
 [11] eval(::Expr) at ./client.jl:393
 [12] top-level scope at ./none:3
in expression starting at /root/.julia/packages/DCEMRI/Cc4GA/src/DCEMRI.jl:5
ERROR: LoadError: Failed to precompile DCEMRI [2b3899e7-9068-5c5c-a4f4-f7d195ee295c] to /root/.julia/compiled/v1.0/DCEMRI/WAfaC.ji.
Stacktrace:
 [1] error(::String) at ./error.jl:33
 [2] compilecache(::Base.PkgId, ::String) at ./loading.jl:1203
 [3] _require(::Base.PkgId) at ./loading.jl:960
 [4] require(::Base.PkgId) at ./loading.jl:858
 [5] require(::Module, ::Symbol) at ./loading.jl:853
 [6] include at ./boot.jl:317 [inlined]
 [7] include_relative(::Module, ::String) at ./loading.jl:1044
 [8] include(::Module, ::String) at ./sysimg.jl:29
 [9] include(::String) at ./client.jl:392
 [10] top-level scope at none:0
in expression starting at /root/.julia/packages/DCEMRI/Cc4GA/test/runtests.jl:3
ERROR: Package DCEMRI errored during testing
Stacktrace:
 [1] pkgerror(::String, ::Vararg{String,N} where N) at /buildworker/worker/package_linux64/build/usr/share/julia/stdlib/v1.0/Pkg/src/Types.jl:120
 [2] #test#65(::Bool, ::Function, ::Pkg.Types.Context, ::Array{Pkg.Types.PackageSpec,1}) at /buildworker/worker/package_linux64/build/usr/share/julia/stdlib/v1.0/Pkg/src/Operations.jl:1357
 [3] #test at /buildworker/worker/package_linux64/build/usr/share/julia/stdlib/v1.0/Pkg/src/API.jl:0 [inlined]
 [4] #test#44(::Bool, ::Base.Iterators.Pairs{Union{},Union{},Tuple{},NamedTuple{(),Tuple{}}}, ::Function, ::Pkg.Types.Context, ::Array{Pkg.Types.PackageSpec,1}) at /buildworker/worker/package_linux64/build/usr/share/julia/stdlib/v1.0/Pkg/src/API.jl:278
 [5] test at /buildworker/worker/package_linux64/build/usr/share/julia/stdlib/v1.0/Pkg/src/API.jl:263 [inlined]
 [6] #test#43 at /buildworker/worker/package_linux64/build/usr/share/julia/stdlib/v1.0/Pkg/src/API.jl:260 [inlined]
 [7] test at /buildworker/worker/package_linux64/build/usr/share/julia/stdlib/v1.0/Pkg/src/API.jl:260 [inlined]
 [8] #test#42 at /buildworker/worker/package_linux64/build/usr/share/julia/stdlib/v1.0/Pkg/src/API.jl:259 [inlined]
 [9] test at /buildworker/worker/package_linux64/build/usr/share/julia/stdlib/v1.0/Pkg/src/API.jl:259 [inlined]
 [10] #test#41 at /buildworker/worker/package_linux64/build/usr/share/julia/stdlib/v1.0/Pkg/src/API.jl:258 [inlined]
 [11] test(::String) at /buildworker/worker/package_linux64/build/usr/share/julia/stdlib/v1.0/Pkg/src/API.jl:258
 [12] top-level scope at none:0
