 Resolving package versions...
 Installed ScikitLearnBase ─ v0.5.0
  Updating `~/.julia/environments/v1.2/Project.toml`
  [6e75b9c4] + ScikitLearnBase v0.5.0
  Updating `~/.julia/environments/v1.2/Manifest.toml`
  [6e75b9c4] + ScikitLearnBase v0.5.0
  [8f399da3] + Libdl 
  [37e2e46d] + LinearAlgebra 
  [9a3f8284] + Random 
  [9e88b42a] + Serialization 
  [2f01184e] + SparseArrays 
  [10745b16] + Statistics 
   Testing ScikitLearnBase
 Resolving package versions...
  Updating `/tmp/jl_raikKa/Project.toml`
  [6e75b9c4] + ScikitLearnBase v0.5.0
  [8dfed614] + Test 
  Updating `/tmp/jl_raikKa/Manifest.toml`
  [2a0f44e3] + Base64 
  [8ba89e20] + Distributed 
  [b77e0a4c] + InteractiveUtils 
  [56ddb016] + Logging 
  [d6f4376e] + Markdown 
  [6462fe0b] + Sockets 
  [8dfed614] + Test 
[ Info: Running Sandbox
    Status `/tmp/jl_raikKa/Project.toml`
  [6e75b9c4] ScikitLearnBase v0.5.0
  [10745b16] Statistics 
  [8dfed614] Test 
   Testing ScikitLearnBase tests passed 
