 Resolving package versions...
 Installed Reexport ─────────── v0.2.0
 Installed HttpCommon ───────── v0.5.0
 Installed LoweredCodeUtils ─── v0.4.2
 Installed AbstractTrees ────── v0.2.1
 Installed Parsers ──────────── v0.3.10
 Installed Gumbo ────────────── v0.5.1
 Installed BinaryProvider ───── v0.5.8
 Installed Genie ────────────── v0.19.0
 Installed IniFile ──────────── v0.5.0
 Installed JSON ─────────────── v0.21.0
 Installed BinDeps ──────────── v0.8.10
 Installed URIParser ────────── v0.4.0
 Installed YAML ─────────────── v0.3.2
 Installed Nullables ────────── v0.0.8
 Installed CodeTracking ─────── v0.5.8
 Installed MbedTLS ──────────── v0.6.8
 Installed Nettle ───────────── v0.4.0
 Installed OrderedCollections ─ v1.1.0
 Installed Millboard ────────── v0.2.1
 Installed LoggingExtras ────── v0.4.0
 Installed HTTP ─────────────── v0.8.8
 Installed Codecs ───────────── v0.5.0
 Installed ArgParse ─────────── v0.6.2
 Installed JuliaInterpreter ─── v0.7.4
 Installed TextWrap ─────────── v0.3.0
 Installed Compat ───────────── v2.2.0
 Installed Revise ───────────── v2.3.1
  Updating `~/.julia/environments/v1.0/Project.toml`
  [c43c736e] + Genie v0.19.0
  Updating `~/.julia/environments/v1.0/Manifest.toml`
  [1520ce14] + AbstractTrees v0.2.1
  [c7e460c6] + ArgParse v0.6.2
  [9e28174c] + BinDeps v0.8.10
  [b99e7846] + BinaryProvider v0.5.8
  [da1fd8a2] + CodeTracking v0.5.8
  [19ecbf4d] + Codecs v0.5.0
  [34da2185] + Compat v2.2.0
  [c43c736e] + Genie v0.19.0
  [708ec375] + Gumbo v0.5.1
  [cd3eb016] + HTTP v0.8.8
  [77172c1b] + HttpCommon v0.5.0
  [83e8ac13] + IniFile v0.5.0
  [682c06a0] + JSON v0.21.0
  [aa1ae85d] + JuliaInterpreter v0.7.4
  [e6f89c97] + LoggingExtras v0.4.0
  [6f1432cf] + LoweredCodeUtils v0.4.2
  [739be429] + MbedTLS v0.6.8
  [39ec1447] + Millboard v0.2.1
  [49dea1ee] + Nettle v0.4.0
  [4d1e1d77] + Nullables v0.0.8
  [bac558e1] + OrderedCollections v1.1.0
  [69de0a69] + Parsers v0.3.10
  [189a3867] + Reexport v0.2.0
  [295af30f] + Revise v2.3.1
  [b718987f] + TextWrap v0.3.0
  [30578b45] + URIParser v0.4.0
  [ddb6d928] + YAML v0.3.2
  [2a0f44e3] + Base64 
  [ade2ca70] + Dates 
  [8bb1440f] + DelimitedFiles 
  [8ba89e20] + Distributed 
  [7b1f6079] + FileWatching 
  [b77e0a4c] + InteractiveUtils 
  [76f85450] + LibGit2 
  [8f399da3] + Libdl 
  [37e2e46d] + LinearAlgebra 
  [56ddb016] + Logging 
  [d6f4376e] + Markdown 
  [a63ad114] + Mmap 
  [44cfe95a] + Pkg 
  [de0858da] + Printf 
  [3fa0cd96] + REPL 
  [9a3f8284] + Random 
  [ea8e919c] + SHA 
  [9e88b42a] + Serialization 
  [1a1011a3] + SharedArrays 
  [6462fe0b] + Sockets 
  [2f01184e] + SparseArrays 
  [10745b16] + Statistics 
  [8dfed614] + Test 
  [cf7118a7] + UUIDs 
  [4ec0a83e] + Unicode 
  Building Gumbo ──→ `~/.julia/packages/Gumbo/G7Qbw/deps/build.log`
  Building MbedTLS → `~/.julia/packages/MbedTLS/X4xar/deps/build.log`
  Building Nettle ─→ `~/.julia/packages/Nettle/SES5O/deps/build.log`
ERROR: Package Genie did not provide a `test/runtests.jl` file
Stacktrace:
 [1] pkgerror(::String, ::Vararg{String,N} where N) at /buildworker/worker/package_linux64/build/usr/share/julia/stdlib/v1.0/Pkg/src/Types.jl:120
 [2] #test#65(::Bool, ::Function, ::Pkg.Types.Context, ::Array{Pkg.Types.PackageSpec,1}) at /buildworker/worker/package_linux64/build/usr/share/julia/stdlib/v1.0/Pkg/src/Operations.jl:1312
 [3] #test at /buildworker/worker/package_linux64/build/usr/share/julia/stdlib/v1.0/Pkg/src/API.jl:0 [inlined]
 [4] #test#44(::Bool, ::Base.Iterators.Pairs{Union{},Union{},Tuple{},NamedTuple{(),Tuple{}}}, ::Function, ::Pkg.Types.Context, ::Array{Pkg.Types.PackageSpec,1}) at /buildworker/worker/package_linux64/build/usr/share/julia/stdlib/v1.0/Pkg/src/API.jl:278
 [5] test at /buildworker/worker/package_linux64/build/usr/share/julia/stdlib/v1.0/Pkg/src/API.jl:263 [inlined]
 [6] #test#43 at /buildworker/worker/package_linux64/build/usr/share/julia/stdlib/v1.0/Pkg/src/API.jl:260 [inlined]
 [7] test at /buildworker/worker/package_linux64/build/usr/share/julia/stdlib/v1.0/Pkg/src/API.jl:260 [inlined]
 [8] #test#42 at /buildworker/worker/package_linux64/build/usr/share/julia/stdlib/v1.0/Pkg/src/API.jl:259 [inlined]
 [9] test at /buildworker/worker/package_linux64/build/usr/share/julia/stdlib/v1.0/Pkg/src/API.jl:259 [inlined]
 [10] #test#41 at /buildworker/worker/package_linux64/build/usr/share/julia/stdlib/v1.0/Pkg/src/API.jl:258 [inlined]
 [11] test(::String) at /buildworker/worker/package_linux64/build/usr/share/julia/stdlib/v1.0/Pkg/src/API.jl:258
 [12] top-level scope at none:0
