 Resolving package versions...
 Installed Requires ────────────────── v0.5.2
 Installed ColorTypes ──────────────── v0.8.0
 Installed Parsers ─────────────────── v0.3.10
 Installed RigidBodyTreeInspector ──── v0.6.0
 Installed BinaryProvider ──────────── v0.5.8
 Installed DocStringExtensions ─────── v0.8.1
 Installed MeshIO ──────────────────── v0.3.1
 Installed LoopThrottle ────────────── v0.1.0
 Installed FixedPointNumbers ───────── v0.6.1
 Installed MacroTools ──────────────── v0.5.2
 Installed LightXML ────────────────── v0.8.1
 Installed Reexport ────────────────── v0.2.0
 Installed FunctionalCollections ───── v0.5.0
 Installed DataStructures ──────────── v0.17.6
 Installed WoodburyMatrices ────────── v0.4.1
 Installed BinDeps ─────────────────── v0.8.10
 Installed JSON ────────────────────── v0.21.0
 Installed Rotations ───────────────── v0.11.1
 Installed WebIO ───────────────────── v0.8.11
 Installed Pidfile ─────────────────── v1.1.0
 Installed AxisAlgorithms ──────────── v1.0.0
 Installed Meshing ─────────────────── v0.5.1
 Installed Interpolations ──────────── v0.12.5
 Installed OffsetArrays ────────────── v0.11.1
 Installed LCMCore ─────────────────── v0.6.1
 Installed IniFile ─────────────────── v0.5.0
 Installed GeometryTypes ───────────── v0.7.6
 Installed AssetRegistry ───────────── v0.1.0
 Installed Widgets ─────────────────── v0.6.2
 Installed URIParser ───────────────── v0.4.0
 Installed StaticArrays ────────────── v0.11.1
 Installed CoordinateTransformations ─ v0.5.0
 Installed Ratios ──────────────────── v0.3.1
 Installed Knockout ────────────────── v0.2.3
 Installed MbedTLS ─────────────────── v0.6.8
 Installed Colors ──────────────────── v0.9.6
 Installed InteractBase ────────────── v0.10.3
 Installed UnsafeArrays ────────────── v1.0.0
 Installed DrakeVisualizer ─────────── v0.4.0
 Installed HTTP ────────────────────── v0.8.8
 Installed Observables ─────────────── v0.2.3
 Installed TypeSortedCollections ───── v1.1.0
 Installed FileIO ──────────────────── v1.0.7
 Installed FastIOBuffers ───────────── v0.3.1
 Installed WebSockets ──────────────── v1.5.2
 Installed JSExpr ──────────────────── v0.5.1
 Installed CMakeWrapper ────────────── v0.2.3
 Installed Parameters ──────────────── v0.12.0
 Installed CMake ───────────────────── v1.1.2
 Installed MechanismGeometries ─────── v0.3.0
 Installed Measures ────────────────── v0.3.0
 Installed IterTools ───────────────── v1.3.0
 Installed CSSUtil ─────────────────── v0.1.0
 Installed Compat ──────────────────── v2.2.0
 Installed RigidBodyDynamics ───────── v2.1.1
 Installed OrderedCollections ──────── v1.1.0
  Updating `~/.julia/environments/v1.0/Project.toml`
  [82daab19] + RigidBodyTreeInspector v0.6.0
  Updating `~/.julia/environments/v1.0/Manifest.toml`
  [bf4720bc] + AssetRegistry v0.1.0
  [13072b0f] + AxisAlgorithms v1.0.0
  [9e28174c] + BinDeps v0.8.10
  [b99e7846] + BinaryProvider v0.5.8
  [631607c0] + CMake v1.1.2
  [d5fb7624] + CMakeWrapper v0.2.3
  [70588ee8] + CSSUtil v0.1.0
  [3da002f7] + ColorTypes v0.8.0
  [5ae59095] + Colors v0.9.6
  [34da2185] + Compat v2.2.0
  [150eb455] + CoordinateTransformations v0.5.0
  [864edb3b] + DataStructures v0.17.6
  [ffbed154] + DocStringExtensions v0.8.1
  [49c7015b] + DrakeVisualizer v0.4.0
  [6ccb8d0d] + FastIOBuffers v0.3.1
  [5789e2e9] + FileIO v1.0.7
  [53c48c17] + FixedPointNumbers v0.6.1
  [de31a74c] + FunctionalCollections v0.5.0
  [4d00f742] + GeometryTypes v0.7.6
  [cd3eb016] + HTTP v0.8.8
  [83e8ac13] + IniFile v0.5.0
  [d3863d7c] + InteractBase v0.10.3
  [a98d9a8b] + Interpolations v0.12.5
  [c8e1da08] + IterTools v1.3.0
  [97c1335a] + JSExpr v0.5.1
  [682c06a0] + JSON v0.21.0
  [bcebb21b] + Knockout v0.2.3
  [0ea44823] + LCMCore v0.6.1
  [9c8b4983] + LightXML v0.8.1
  [39f5be34] + LoopThrottle v0.1.0
  [1914dd2f] + MacroTools v0.5.2
  [739be429] + MbedTLS v0.6.8
  [442fdcdd] + Measures v0.3.0
  [931e9471] + MechanismGeometries v0.3.0
  [7269a6da] + MeshIO v0.3.1
  [e6723b4c] + Meshing v0.5.1
  [510215fc] + Observables v0.2.3
  [6fe1bfb0] + OffsetArrays v0.11.1
  [bac558e1] + OrderedCollections v1.1.0
  [d96e819e] + Parameters v0.12.0
  [69de0a69] + Parsers v0.3.10
  [fa939f87] + Pidfile v1.1.0
  [c84ed2f1] + Ratios v0.3.1
  [189a3867] + Reexport v0.2.0
  [ae029012] + Requires v0.5.2
  [366cf18f] + RigidBodyDynamics v2.1.1
  [82daab19] + RigidBodyTreeInspector v0.6.0
  [6038ab10] + Rotations v0.11.1
  [90137ffa] + StaticArrays v0.11.1
  [94a5cd58] + TypeSortedCollections v1.1.0
  [30578b45] + URIParser v0.4.0
  [c4a57d5a] + UnsafeArrays v1.0.0
  [0f1e0344] + WebIO v0.8.11
  [104b5d7c] + WebSockets v1.5.2
  [cc8bc4a8] + Widgets v0.6.2
  [efce3f68] + WoodburyMatrices v0.4.1
  [2a0f44e3] + Base64 
  [ade2ca70] + Dates 
  [8bb1440f] + DelimitedFiles 
  [8ba89e20] + Distributed 
  [7b1f6079] + FileWatching 
  [b77e0a4c] + InteractiveUtils 
  [76f85450] + LibGit2 
  [8f399da3] + Libdl 
  [37e2e46d] + LinearAlgebra 
  [56ddb016] + Logging 
  [d6f4376e] + Markdown 
  [a63ad114] + Mmap 
  [44cfe95a] + Pkg 
  [de0858da] + Printf 
  [3fa0cd96] + REPL 
  [9a3f8284] + Random 
  [ea8e919c] + SHA 
  [9e88b42a] + Serialization 
  [1a1011a3] + SharedArrays 
  [6462fe0b] + Sockets 
  [2f01184e] + SparseArrays 
  [10745b16] + Statistics 
  [8dfed614] + Test 
  [cf7118a7] + UUIDs 
  [4ec0a83e] + Unicode 
  Building LightXML ─────────→ `~/.julia/packages/LightXML/W8FVT/deps/build.log`
  Building MbedTLS ──────────→ `~/.julia/packages/MbedTLS/X4xar/deps/build.log`
  Building WebIO ────────────→ `~/.julia/packages/WebIO/2mZPb/deps/build.log`
  Building LCMCore ──────────→ `~/.julia/packages/LCMCore/cPbOB/deps/build.log`
┌ Error: Error building `LCMCore`: 
│ ┌ Warning: Some registries failed to update:
│ │     — /root/.julia/registries/General — failed to fetch from repo
│ └ @ Pkg.API /buildworker/worker/package_linux64/build/usr/share/julia/stdlib/v1.0/Pkg/src/API.jl:162
│ ERROR: LoadError: None of the selected providers can install dependency glib.
│ Use BinDeps.debug(package_name) to see available providers
│ 
│ Stacktrace:
│  [1] error(::String) at ./error.jl:33
│  [2] satisfy!(::BinDeps.LibraryDependency, ::Array{DataType,1}) at /root/.julia/packages/BinDeps/ZEval/src/dependencies.jl:949
│  [3] satisfy!(::BinDeps.LibraryDependency) at /root/.julia/packages/BinDeps/ZEval/src/dependencies.jl:922
│  [4] top-level scope at /root/.julia/packages/BinDeps/ZEval/src/dependencies.jl:977
│  [5] include at ./boot.jl:317 [inlined]
│  [6] include_relative(::Module, ::String) at ./loading.jl:1044
│  [7] include(::Module, ::String) at ./sysimg.jl:29
│  [8] include(::String) at ./client.jl:392
│  [9] top-level scope at none:0
│ in expression starting at /root/.julia/packages/LCMCore/cPbOB/deps/build.jl:75
│   Updating registry at `~/.julia/registries/General`
│   Updating git-repo `https://github.com/JuliaRegistries/General.git`
│ [?25l[2K[?25h Installed CMake ────── v1.1.1
│  Installed Compat ───── v2.1.0
│  Installed Homebrew ─── v0.7.1
│  Installed Parameters ─ v0.10.3
│  Installed JSON ─────── v0.20.0
│   Building CMake ───→ `~/.julia/packages/CMake/ZGawK/deps/build.log`
│   Building Homebrew → `~/.julia/packages/Homebrew/s09IX/deps/build.log`
└ @ Pkg.Operations /buildworker/worker/package_linux64/build/usr/share/julia/stdlib/v1.0/Pkg/src/Operations.jl:1096
  Building Knockout ─────────→ `~/.julia/packages/Knockout/1sDlc/deps/build.log`
  Building InteractBase ─────→ `~/.julia/packages/InteractBase/9mFwe/deps/build.log`
  Building CMake ────────────→ `~/.julia/packages/CMake/nSK2r/deps/build.log`
  Building DrakeVisualizer ──→ `~/.julia/packages/DrakeVisualizer/r6aOq/deps/build.log`
┌ Error: Error building `DrakeVisualizer`: 
│ ERROR: LoadError: IOError: could not spawn `lsb_release -i -s`: no such file or directory (ENOENT)
│ Stacktrace:
│  [1] _jl_spawn(::String, ::Array{String,1}, ::Cmd, ::Tuple{Base.DevNull,Base.PipeEndpoint,RawFD}) at ./process.jl:367
│  [2] setup_stdio(::getfield(Base, Symbol("##495#496")){Cmd,Base.Process}, ::Tuple{Base.DevNull,Pipe,IOStream}) at ./process.jl:509
│  [3] #_spawn#494(::Nothing, ::Function, ::Cmd, ::Tuple{Base.DevNull,Pipe,IOStream}) at ./process.jl:508
│  [4] _spawn(::Cmd, ::Tuple{Base.DevNull,Pipe,IOStream}) at ./process.jl:504
│  [5] #open#504(::Bool, ::Bool, ::Function, ::Cmd, ::Base.DevNull) at ./process.jl:594
│  [6] open at ./process.jl:584 [inlined]
│  [7] open(::Cmd, ::String, ::Base.DevNull) at ./process.jl:565
│  [8] read(::Cmd) at ./process.jl:634
│  [9] read(::Cmd, ::Type{String}) at ./process.jl:645
│  [10] top-level scope at /root/.julia/packages/DrakeVisualizer/r6aOq/deps/build.jl:40
│  [11] include at ./boot.jl:317 [inlined]
│  [12] include_relative(::Module, ::String) at ./loading.jl:1044
│  [13] include(::Module, ::String) at ./sysimg.jl:29
│  [14] include(::String) at ./client.jl:392
│  [15] top-level scope at none:0
│ in expression starting at /root/.julia/packages/DrakeVisualizer/r6aOq/deps/build.jl:34
└ @ Pkg.Operations /buildworker/worker/package_linux64/build/usr/share/julia/stdlib/v1.0/Pkg/src/Operations.jl:1096
  Building RigidBodyDynamics → `~/.julia/packages/RigidBodyDynamics/XgNGG/deps/build.log`
   Testing RigidBodyTreeInspector
 Resolving package versions...
 Installed SoftGlobalScope ─ v1.0.10
 Installed ValkyrieRobot ─── v0.2.0
 Installed NBInclude ─────── v2.1.0
 Installed Interact ──────── v0.10.3
  Building Interact ─────→ `~/.julia/packages/Interact/SbgIk/deps/build.log`
  Building ValkyrieRobot → `~/.julia/packages/ValkyrieRobot/jw9cV/deps/build.log`
    Status `/tmp/tmpj26r7y/Manifest.toml`
  [bf4720bc] AssetRegistry v0.1.0
  [13072b0f] AxisAlgorithms v1.0.0
  [9e28174c] BinDeps v0.8.10
  [b99e7846] BinaryProvider v0.5.8
  [631607c0] CMake v1.1.2
  [d5fb7624] CMakeWrapper v0.2.3
  [70588ee8] CSSUtil v0.1.0
  [3da002f7] ColorTypes v0.8.0
  [5ae59095] Colors v0.9.6
  [34da2185] Compat v2.2.0
  [150eb455] CoordinateTransformations v0.5.0
  [864edb3b] DataStructures v0.17.6
  [ffbed154] DocStringExtensions v0.8.1
  [49c7015b] DrakeVisualizer v0.4.0
  [6ccb8d0d] FastIOBuffers v0.3.1
  [5789e2e9] FileIO v1.0.7
  [53c48c17] FixedPointNumbers v0.6.1
  [de31a74c] FunctionalCollections v0.5.0
  [4d00f742] GeometryTypes v0.7.6
  [cd3eb016] HTTP v0.8.8
  [83e8ac13] IniFile v0.5.0
  [c601a237] Interact v0.10.3
  [d3863d7c] InteractBase v0.10.3
  [a98d9a8b] Interpolations v0.12.5
  [c8e1da08] IterTools v1.3.0
  [97c1335a] JSExpr v0.5.1
  [682c06a0] JSON v0.21.0
  [bcebb21b] Knockout v0.2.3
  [0ea44823] LCMCore v0.6.1
  [9c8b4983] LightXML v0.8.1
  [39f5be34] LoopThrottle v0.1.0
  [1914dd2f] MacroTools v0.5.2
  [739be429] MbedTLS v0.6.8
  [442fdcdd] Measures v0.3.0
  [931e9471] MechanismGeometries v0.3.0
  [7269a6da] MeshIO v0.3.1
  [e6723b4c] Meshing v0.5.1
  [0db19996] NBInclude v2.1.0
  [510215fc] Observables v0.2.3
  [6fe1bfb0] OffsetArrays v0.11.1
  [bac558e1] OrderedCollections v1.1.0
  [d96e819e] Parameters v0.12.0
  [69de0a69] Parsers v0.3.10
  [fa939f87] Pidfile v1.1.0
  [c84ed2f1] Ratios v0.3.1
  [189a3867] Reexport v0.2.0
  [ae029012] Requires v0.5.2
  [366cf18f] RigidBodyDynamics v2.1.1
  [82daab19] RigidBodyTreeInspector v0.6.0
  [6038ab10] Rotations v0.11.1
  [b85f4697] SoftGlobalScope v1.0.10
  [90137ffa] StaticArrays v0.11.1
  [94a5cd58] TypeSortedCollections v1.1.0
  [30578b45] URIParser v0.4.0
  [c4a57d5a] UnsafeArrays v1.0.0
  [c74b26e8] ValkyrieRobot v0.2.0
  [0f1e0344] WebIO v0.8.11
  [104b5d7c] WebSockets v1.5.2
  [cc8bc4a8] Widgets v0.6.2
  [efce3f68] WoodburyMatrices v0.4.1
  [2a0f44e3] Base64  [`@stdlib/Base64`]
  [ade2ca70] Dates  [`@stdlib/Dates`]
  [8bb1440f] DelimitedFiles  [`@stdlib/DelimitedFiles`]
  [8ba89e20] Distributed  [`@stdlib/Distributed`]
  [7b1f6079] FileWatching  [`@stdlib/FileWatching`]
  [b77e0a4c] InteractiveUtils  [`@stdlib/InteractiveUtils`]
  [76f85450] LibGit2  [`@stdlib/LibGit2`]
  [8f399da3] Libdl  [`@stdlib/Libdl`]
  [37e2e46d] LinearAlgebra  [`@stdlib/LinearAlgebra`]
  [56ddb016] Logging  [`@stdlib/Logging`]
  [d6f4376e] Markdown  [`@stdlib/Markdown`]
  [a63ad114] Mmap  [`@stdlib/Mmap`]
  [44cfe95a] Pkg  [`@stdlib/Pkg`]
  [de0858da] Printf  [`@stdlib/Printf`]
  [3fa0cd96] REPL  [`@stdlib/REPL`]
  [9a3f8284] Random  [`@stdlib/Random`]
  [ea8e919c] SHA  [`@stdlib/SHA`]
  [9e88b42a] Serialization  [`@stdlib/Serialization`]
  [1a1011a3] SharedArrays  [`@stdlib/SharedArrays`]
  [6462fe0b] Sockets  [`@stdlib/Sockets`]
  [2f01184e] SparseArrays  [`@stdlib/SparseArrays`]
  [10745b16] Statistics  [`@stdlib/Statistics`]
  [8dfed614] Test  [`@stdlib/Test`]
  [cf7118a7] UUIDs  [`@stdlib/UUIDs`]
  [4ec0a83e] Unicode  [`@stdlib/Unicode`]
ERROR: LoadError: LCMCore not properly installed. Please run
Pkg.build("LCMCore")
Stacktrace:
 [1] error(::String) at ./error.jl:33
 [2] top-level scope at /root/.julia/packages/LCMCore/cPbOB/src/LCMCore.jl:13
 [3] include at ./boot.jl:317 [inlined]
 [4] include_relative(::Module, ::String) at ./loading.jl:1044
 [5] include(::Module, ::String) at ./sysimg.jl:29
 [6] top-level scope at none:2
 [7] eval at ./boot.jl:319 [inlined]
 [8] eval(::Expr) at ./client.jl:393
 [9] top-level scope at ./none:3
in expression starting at /root/.julia/packages/LCMCore/cPbOB/src/LCMCore.jl:12
ERROR: LoadError: Failed to precompile LCMCore [0ea44823-1ff1-5b9a-8293-5fd55a38e746] to /root/.julia/compiled/v1.0/LCMCore/S61eA.ji.
Stacktrace:
 [1] error(::String) at ./error.jl:33
 [2] compilecache(::Base.PkgId, ::String) at ./loading.jl:1203
 [3] _require(::Base.PkgId) at ./loading.jl:960
 [4] require(::Base.PkgId) at ./loading.jl:858
 [5] require(::Module, ::Symbol) at ./loading.jl:853
 [6] include at ./boot.jl:317 [inlined]
 [7] include_relative(::Module, ::String) at ./loading.jl:1044
 [8] include(::Module, ::String) at ./sysimg.jl:29
 [9] top-level scope at none:2
 [10] eval at ./boot.jl:319 [inlined]
 [11] eval(::Expr) at ./client.jl:393
 [12] top-level scope at ./none:3
in expression starting at /root/.julia/packages/DrakeVisualizer/r6aOq/src/DrakeVisualizer.jl:3
ERROR: LoadError: Failed to precompile DrakeVisualizer [49c7015b-b8db-5bc5-841b-fcb31c578176] to /root/.julia/compiled/v1.0/DrakeVisualizer/kF5mV.ji.
Stacktrace:
 [1] error(::String) at ./error.jl:33
 [2] compilecache(::Base.PkgId, ::String) at ./loading.jl:1203
 [3] _require(::Base.PkgId) at ./loading.jl:960
 [4] require(::Base.PkgId) at ./loading.jl:858
 [5] require(::Module, ::Symbol) at ./loading.jl:853
 [6] include at ./boot.jl:317 [inlined]
 [7] include_relative(::Module, ::String) at ./loading.jl:1044
 [8] include(::Module, ::String) at ./sysimg.jl:29
 [9] top-level scope at none:2
 [10] eval at ./boot.jl:319 [inlined]
 [11] eval(::Expr) at ./client.jl:393
 [12] top-level scope at ./none:3
in expression starting at /root/.julia/packages/RigidBodyTreeInspector/oFdGT/src/RigidBodyTreeInspector.jl:8
ERROR: LoadError: Failed to precompile RigidBodyTreeInspector [82daab19-8fc9-5c1e-9f69-37d6aaa0269b] to /root/.julia/compiled/v1.0/RigidBodyTreeInspector/CbrGO.ji.
Stacktrace:
 [1] error(::String) at ./error.jl:33
 [2] compilecache(::Base.PkgId, ::String) at ./loading.jl:1203
 [3] _require(::Base.PkgId) at ./loading.jl:960
 [4] require(::Base.PkgId) at ./loading.jl:858
 [5] require(::Module, ::Symbol) at ./loading.jl:853
 [6] include at ./boot.jl:317 [inlined]
 [7] include_relative(::Module, ::String) at ./loading.jl:1044
 [8] include(::Module, ::String) at ./sysimg.jl:29
 [9] include(::String) at ./client.jl:392
 [10] top-level scope at none:0
in expression starting at /root/.julia/packages/RigidBodyTreeInspector/oFdGT/test/runtests.jl:2
ERROR: Package RigidBodyTreeInspector errored during testing
Stacktrace:
 [1] pkgerror(::String, ::Vararg{String,N} where N) at /buildworker/worker/package_linux64/build/usr/share/julia/stdlib/v1.0/Pkg/src/Types.jl:120
 [2] #test#65(::Bool, ::Function, ::Pkg.Types.Context, ::Array{Pkg.Types.PackageSpec,1}) at /buildworker/worker/package_linux64/build/usr/share/julia/stdlib/v1.0/Pkg/src/Operations.jl:1357
 [3] #test at /buildworker/worker/package_linux64/build/usr/share/julia/stdlib/v1.0/Pkg/src/API.jl:0 [inlined]
 [4] #test#44(::Bool, ::Base.Iterators.Pairs{Union{},Union{},Tuple{},NamedTuple{(),Tuple{}}}, ::Function, ::Pkg.Types.Context, ::Array{Pkg.Types.PackageSpec,1}) at /buildworker/worker/package_linux64/build/usr/share/julia/stdlib/v1.0/Pkg/src/API.jl:278
 [5] test at /buildworker/worker/package_linux64/build/usr/share/julia/stdlib/v1.0/Pkg/src/API.jl:263 [inlined]
 [6] #test#43 at /buildworker/worker/package_linux64/build/usr/share/julia/stdlib/v1.0/Pkg/src/API.jl:260 [inlined]
 [7] test at /buildworker/worker/package_linux64/build/usr/share/julia/stdlib/v1.0/Pkg/src/API.jl:260 [inlined]
 [8] #test#42 at /buildworker/worker/package_linux64/build/usr/share/julia/stdlib/v1.0/Pkg/src/API.jl:259 [inlined]
 [9] test at /buildworker/worker/package_linux64/build/usr/share/julia/stdlib/v1.0/Pkg/src/API.jl:259 [inlined]
 [10] #test#41 at /buildworker/worker/package_linux64/build/usr/share/julia/stdlib/v1.0/Pkg/src/API.jl:258 [inlined]
 [11] test(::String) at /buildworker/worker/package_linux64/build/usr/share/julia/stdlib/v1.0/Pkg/src/API.jl:258
 [12] top-level scope at none:0
