 Resolving package versions...
 Installed JSExpr ──────────────────── v0.5.1
 Installed BinaryProvider ──────────── v0.5.8
 Installed WebIO ───────────────────── v0.8.11
 Installed RigidBodyTreeInspector ──── v0.6.0
 Installed Meshing ─────────────────── v0.5.1
 Installed RigidBodyDynamics ───────── v2.1.1
 Installed MbedTLS ─────────────────── v0.7.0
 Installed Pidfile ─────────────────── v1.1.0
 Installed Measures ────────────────── v0.3.0
 Installed URIParser ───────────────── v0.4.0
 Installed AxisAlgorithms ──────────── v1.0.0
 Installed Requires ────────────────── v0.5.2
 Installed LCMCore ─────────────────── v0.6.1
 Installed DocStringExtensions ─────── v0.8.1
 Installed FunctionalCollections ───── v0.5.0
 Installed Reexport ────────────────── v0.2.0
 Installed LoopThrottle ────────────── v0.1.0
 Installed Widgets ─────────────────── v0.6.2
 Installed Compat ──────────────────── v2.2.0
 Installed OffsetArrays ────────────── v0.11.1
 Installed Colors ──────────────────── v0.9.6
 Installed MechanismGeometries ─────── v0.3.0
 Installed Observables ─────────────── v0.2.3
 Installed OrderedCollections ──────── v1.1.0
 Installed CoordinateTransformations ─ v0.5.0
 Installed InteractBase ────────────── v0.10.3
 Installed IniFile ─────────────────── v0.5.0
 Installed Knockout ────────────────── v0.2.3
 Installed IterTools ───────────────── v1.3.0
 Installed FixedPointNumbers ───────── v0.6.1
 Installed DataStructures ──────────── v0.17.6
 Installed Ratios ──────────────────── v0.3.1
 Installed JSON ────────────────────── v0.21.0
 Installed Parsers ─────────────────── v0.3.10
 Installed AssetRegistry ───────────── v0.1.0
 Installed HTTP ────────────────────── v0.8.8
 Installed Parameters ──────────────── v0.12.0
 Installed MeshIO ──────────────────── v0.3.1
 Installed DrakeVisualizer ─────────── v0.4.0
 Installed StaticArrays ────────────── v0.11.1
 Installed GeometryTypes ───────────── v0.7.6
 Installed CMake ───────────────────── v1.1.2
 Installed FastIOBuffers ───────────── v0.3.1
 Installed CSSUtil ─────────────────── v0.1.0
 Installed WoodburyMatrices ────────── v0.4.1
 Installed CMakeWrapper ────────────── v0.2.3
 Installed LightXML ────────────────── v0.8.1
 Installed TypeSortedCollections ───── v1.1.0
 Installed MacroTools ──────────────── v0.5.2
 Installed WebSockets ──────────────── v1.5.2
 Installed UnsafeArrays ────────────── v1.0.0
 Installed BinDeps ─────────────────── v0.8.10
 Installed ColorTypes ──────────────── v0.8.0
 Installed Rotations ───────────────── v0.11.1
 Installed FileIO ──────────────────── v1.0.7
 Installed Interpolations ──────────── v0.12.5
  Updating `~/.julia/environments/v1.2/Project.toml`
  [82daab19] + RigidBodyTreeInspector v0.6.0
  Updating `~/.julia/environments/v1.2/Manifest.toml`
  [bf4720bc] + AssetRegistry v0.1.0
  [13072b0f] + AxisAlgorithms v1.0.0
  [9e28174c] + BinDeps v0.8.10
  [b99e7846] + BinaryProvider v0.5.8
  [631607c0] + CMake v1.1.2
  [d5fb7624] + CMakeWrapper v0.2.3
  [70588ee8] + CSSUtil v0.1.0
  [3da002f7] + ColorTypes v0.8.0
  [5ae59095] + Colors v0.9.6
  [34da2185] + Compat v2.2.0
  [150eb455] + CoordinateTransformations v0.5.0
  [864edb3b] + DataStructures v0.17.6
  [ffbed154] + DocStringExtensions v0.8.1
  [49c7015b] + DrakeVisualizer v0.4.0
  [6ccb8d0d] + FastIOBuffers v0.3.1
  [5789e2e9] + FileIO v1.0.7
  [53c48c17] + FixedPointNumbers v0.6.1
  [de31a74c] + FunctionalCollections v0.5.0
  [4d00f742] + GeometryTypes v0.7.6
  [cd3eb016] + HTTP v0.8.8
  [83e8ac13] + IniFile v0.5.0
  [d3863d7c] + InteractBase v0.10.3
  [a98d9a8b] + Interpolations v0.12.5
  [c8e1da08] + IterTools v1.3.0
  [97c1335a] + JSExpr v0.5.1
  [682c06a0] + JSON v0.21.0
  [bcebb21b] + Knockout v0.2.3
  [0ea44823] + LCMCore v0.6.1
  [9c8b4983] + LightXML v0.8.1
  [39f5be34] + LoopThrottle v0.1.0
  [1914dd2f] + MacroTools v0.5.2
  [739be429] + MbedTLS v0.7.0
  [442fdcdd] + Measures v0.3.0
  [931e9471] + MechanismGeometries v0.3.0
  [7269a6da] + MeshIO v0.3.1
  [e6723b4c] + Meshing v0.5.1
  [510215fc] + Observables v0.2.3
  [6fe1bfb0] + OffsetArrays v0.11.1
  [bac558e1] + OrderedCollections v1.1.0
  [d96e819e] + Parameters v0.12.0
  [69de0a69] + Parsers v0.3.10
  [fa939f87] + Pidfile v1.1.0
  [c84ed2f1] + Ratios v0.3.1
  [189a3867] + Reexport v0.2.0
  [ae029012] + Requires v0.5.2
  [366cf18f] + RigidBodyDynamics v2.1.1
  [82daab19] + RigidBodyTreeInspector v0.6.0
  [6038ab10] + Rotations v0.11.1
  [90137ffa] + StaticArrays v0.11.1
  [94a5cd58] + TypeSortedCollections v1.1.0
  [30578b45] + URIParser v0.4.0
  [c4a57d5a] + UnsafeArrays v1.0.0
  [0f1e0344] + WebIO v0.8.11
  [104b5d7c] + WebSockets v1.5.2
  [cc8bc4a8] + Widgets v0.6.2
  [efce3f68] + WoodburyMatrices v0.4.1
  [2a0f44e3] + Base64 
  [ade2ca70] + Dates 
  [8bb1440f] + DelimitedFiles 
  [8ba89e20] + Distributed 
  [7b1f6079] + FileWatching 
  [b77e0a4c] + InteractiveUtils 
  [76f85450] + LibGit2 
  [8f399da3] + Libdl 
  [37e2e46d] + LinearAlgebra 
  [56ddb016] + Logging 
  [d6f4376e] + Markdown 
  [a63ad114] + Mmap 
  [44cfe95a] + Pkg 
  [de0858da] + Printf 
  [3fa0cd96] + REPL 
  [9a3f8284] + Random 
  [ea8e919c] + SHA 
  [9e88b42a] + Serialization 
  [1a1011a3] + SharedArrays 
  [6462fe0b] + Sockets 
  [2f01184e] + SparseArrays 
  [10745b16] + Statistics 
  [8dfed614] + Test 
  [cf7118a7] + UUIDs 
  [4ec0a83e] + Unicode 
  Building MbedTLS ──────────→ `~/.julia/packages/MbedTLS/a1JFn/deps/build.log`
  Building LightXML ─────────→ `~/.julia/packages/LightXML/W8FVT/deps/build.log`
  Building RigidBodyDynamics → `~/.julia/packages/RigidBodyDynamics/XgNGG/deps/build.log`
  Building WebIO ────────────→ `~/.julia/packages/WebIO/2mZPb/deps/build.log`
  Building LCMCore ──────────→ `~/.julia/packages/LCMCore/cPbOB/deps/build.log`
┌ Error: Error building `LCMCore`: 
│ ┌ Warning: Some registries failed to update:
│ │     — /root/.julia/registries/General — failed to fetch from repo
│ └ @ Pkg.Types /buildworker/worker/package_linux64/build/usr/share/julia/stdlib/v1.2/Pkg/src/Types.jl:1171
│ ERROR: LoadError: None of the selected providers can install dependency glib.
│ Use BinDeps.debug(package_name) to see available providers
│ 
│ Stacktrace:
│  [1] error(::String) at ./error.jl:33
│  [2] satisfy!(::BinDeps.LibraryDependency, ::Array{DataType,1}) at /root/.julia/packages/BinDeps/ZEval/src/dependencies.jl:949
│  [3] satisfy!(::BinDeps.LibraryDependency) at /root/.julia/packages/BinDeps/ZEval/src/dependencies.jl:922
│  [4] top-level scope at /root/.julia/packages/BinDeps/ZEval/src/dependencies.jl:977
│  [5] include at ./boot.jl:328 [inlined]
│  [6] include_relative(::Module, ::String) at ./loading.jl:1094
│  [7] include(::Module, ::String) at ./Base.jl:31
│  [8] include(::String) at ./client.jl:431
│  [9] top-level scope at none:5
│ in expression starting at /root/.julia/packages/LCMCore/cPbOB/deps/build.jl:75
│ Activating environment at `~/.julia/packages/LCMCore/cPbOB/deps/Project.toml`
│   Updating registry at `~/.julia/registries/General`
│   Updating git-repo `https://github.com/JuliaRegistries/General.git`
│ [?25l[2K[?25h Installed CMake ────── v1.1.1
│  Installed Homebrew ─── v0.7.1
│  Installed Parameters ─ v0.10.3
│  Installed Compat ───── v2.1.0
│   Building CMake ───→ `~/.julia/packages/CMake/ZGawK/deps/build.log`
│   Building Homebrew → `~/.julia/packages/Homebrew/s09IX/deps/build.log`
└ @ Pkg.Operations /buildworker/worker/package_linux64/build/usr/share/julia/stdlib/v1.2/Pkg/src/backwards_compatible_isolation.jl:647
  Building Knockout ─────────→ `~/.julia/packages/Knockout/1sDlc/deps/build.log`
  Building InteractBase ─────→ `~/.julia/packages/InteractBase/9mFwe/deps/build.log`
  Building CMake ────────────→ `~/.julia/packages/CMake/nSK2r/deps/build.log`
  Building DrakeVisualizer ──→ `~/.julia/packages/DrakeVisualizer/r6aOq/deps/build.log`
┌ Error: Error building `DrakeVisualizer`: 
│ ERROR: LoadError: IOError: could not spawn `lsb_release -i -s`: no such file or directory (ENOENT)
│ Stacktrace:
│  [1] _spawn_primitive(::String, ::Cmd, ::Array{Any,1}) at ./process.jl:401
│  [2] setup_stdios(::getfield(Base, Symbol("##526#527")){Cmd}, ::Array{Any,1}) at ./process.jl:414
│  [3] _spawn at ./process.jl:413 [inlined]
│  [4] #open#535(::Bool, ::Bool, ::typeof(open), ::Cmd, ::Base.DevNull) at ./process.jl:658
│  [5] open at ./process.jl:649 [inlined]
│  [6] open(::Cmd, ::String, ::Base.DevNull) at ./process.jl:629
│  [7] read(::Cmd) at ./process.jl:698
│  [8] read(::Cmd, ::Type{String}) at ./process.jl:709
│  [9] top-level scope at /root/.julia/packages/DrakeVisualizer/r6aOq/deps/build.jl:40
│  [10] include at ./boot.jl:328 [inlined]
│  [11] include_relative(::Module, ::String) at ./loading.jl:1094
│  [12] include(::Module, ::String) at ./Base.jl:31
│  [13] include(::String) at ./client.jl:431
│  [14] top-level scope at none:5
│ in expression starting at /root/.julia/packages/DrakeVisualizer/r6aOq/deps/build.jl:34
└ @ Pkg.Operations /buildworker/worker/package_linux64/build/usr/share/julia/stdlib/v1.2/Pkg/src/backwards_compatible_isolation.jl:647
   Testing RigidBodyTreeInspector
 Resolving package versions...
 Installed SoftGlobalScope ─ v1.0.10
 Installed ValkyrieRobot ─── v0.2.0
 Installed Interact ──────── v0.10.3
 Installed NBInclude ─────── v2.1.0
  Building Interact ─────→ `~/.julia/packages/Interact/SbgIk/deps/build.log`
  Building ValkyrieRobot → `~/.julia/packages/ValkyrieRobot/jw9cV/deps/build.log`
    Status `/tmp/jl_4IHcPo/Manifest.toml`
  [bf4720bc] AssetRegistry v0.1.0
  [13072b0f] AxisAlgorithms v1.0.0
  [9e28174c] BinDeps v0.8.10
  [b99e7846] BinaryProvider v0.5.8
  [631607c0] CMake v1.1.2
  [d5fb7624] CMakeWrapper v0.2.3
  [70588ee8] CSSUtil v0.1.0
  [3da002f7] ColorTypes v0.8.0
  [5ae59095] Colors v0.9.6
  [34da2185] Compat v2.2.0
  [150eb455] CoordinateTransformations v0.5.0
  [864edb3b] DataStructures v0.17.6
  [ffbed154] DocStringExtensions v0.8.1
  [49c7015b] DrakeVisualizer v0.4.0
  [6ccb8d0d] FastIOBuffers v0.3.1
  [5789e2e9] FileIO v1.0.7
  [53c48c17] FixedPointNumbers v0.6.1
  [de31a74c] FunctionalCollections v0.5.0
  [4d00f742] GeometryTypes v0.7.6
  [cd3eb016] HTTP v0.8.8
  [83e8ac13] IniFile v0.5.0
  [c601a237] Interact v0.10.3
  [d3863d7c] InteractBase v0.10.3
  [a98d9a8b] Interpolations v0.12.5
  [c8e1da08] IterTools v1.3.0
  [97c1335a] JSExpr v0.5.1
  [682c06a0] JSON v0.21.0
  [bcebb21b] Knockout v0.2.3
  [0ea44823] LCMCore v0.6.1
  [9c8b4983] LightXML v0.8.1
  [39f5be34] LoopThrottle v0.1.0
  [1914dd2f] MacroTools v0.5.2
  [739be429] MbedTLS v0.7.0
  [442fdcdd] Measures v0.3.0
  [931e9471] MechanismGeometries v0.3.0
  [7269a6da] MeshIO v0.3.1
  [e6723b4c] Meshing v0.5.1
  [0db19996] NBInclude v2.1.0
  [510215fc] Observables v0.2.3
  [6fe1bfb0] OffsetArrays v0.11.1
  [bac558e1] OrderedCollections v1.1.0
  [d96e819e] Parameters v0.12.0
  [69de0a69] Parsers v0.3.10
  [fa939f87] Pidfile v1.1.0
  [c84ed2f1] Ratios v0.3.1
  [189a3867] Reexport v0.2.0
  [ae029012] Requires v0.5.2
  [366cf18f] RigidBodyDynamics v2.1.1
  [82daab19] RigidBodyTreeInspector v0.6.0
  [6038ab10] Rotations v0.11.1
  [b85f4697] SoftGlobalScope v1.0.10
  [90137ffa] StaticArrays v0.11.1
  [94a5cd58] TypeSortedCollections v1.1.0
  [30578b45] URIParser v0.4.0
  [c4a57d5a] UnsafeArrays v1.0.0
  [c74b26e8] ValkyrieRobot v0.2.0
  [0f1e0344] WebIO v0.8.11
  [104b5d7c] WebSockets v1.5.2
  [cc8bc4a8] Widgets v0.6.2
  [efce3f68] WoodburyMatrices v0.4.1
  [2a0f44e3] Base64  [`@stdlib/Base64`]
  [ade2ca70] Dates  [`@stdlib/Dates`]
  [8bb1440f] DelimitedFiles  [`@stdlib/DelimitedFiles`]
  [8ba89e20] Distributed  [`@stdlib/Distributed`]
  [7b1f6079] FileWatching  [`@stdlib/FileWatching`]
  [b77e0a4c] InteractiveUtils  [`@stdlib/InteractiveUtils`]
  [76f85450] LibGit2  [`@stdlib/LibGit2`]
  [8f399da3] Libdl  [`@stdlib/Libdl`]
  [37e2e46d] LinearAlgebra  [`@stdlib/LinearAlgebra`]
  [56ddb016] Logging  [`@stdlib/Logging`]
  [d6f4376e] Markdown  [`@stdlib/Markdown`]
  [a63ad114] Mmap  [`@stdlib/Mmap`]
  [44cfe95a] Pkg  [`@stdlib/Pkg`]
  [de0858da] Printf  [`@stdlib/Printf`]
  [3fa0cd96] REPL  [`@stdlib/REPL`]
  [9a3f8284] Random  [`@stdlib/Random`]
  [ea8e919c] SHA  [`@stdlib/SHA`]
  [9e88b42a] Serialization  [`@stdlib/Serialization`]
  [1a1011a3] SharedArrays  [`@stdlib/SharedArrays`]
  [6462fe0b] Sockets  [`@stdlib/Sockets`]
  [2f01184e] SparseArrays  [`@stdlib/SparseArrays`]
  [10745b16] Statistics  [`@stdlib/Statistics`]
  [8dfed614] Test  [`@stdlib/Test`]
  [cf7118a7] UUIDs  [`@stdlib/UUIDs`]
  [4ec0a83e] Unicode  [`@stdlib/Unicode`]
ERROR: LoadError: LCMCore not properly installed. Please run
Pkg.build("LCMCore")
Stacktrace:
 [1] error(::String) at ./error.jl:33
 [2] top-level scope at /root/.julia/packages/LCMCore/cPbOB/src/LCMCore.jl:13
 [3] include at ./boot.jl:328 [inlined]
 [4] include_relative(::Module, ::String) at ./loading.jl:1094
 [5] include(::Module, ::String) at ./Base.jl:31
 [6] top-level scope at none:2
 [7] eval at ./boot.jl:330 [inlined]
 [8] eval(::Expr) at ./client.jl:432
 [9] top-level scope at ./none:3
in expression starting at /root/.julia/packages/LCMCore/cPbOB/src/LCMCore.jl:12
ERROR: LoadError: Failed to precompile LCMCore [0ea44823-1ff1-5b9a-8293-5fd55a38e746] to /root/.julia/compiled/v1.2/LCMCore/S61eA.ji.
Stacktrace:
 [1] error(::String) at ./error.jl:33
 [2] compilecache(::Base.PkgId, ::String) at ./loading.jl:1253
 [3] _require(::Base.PkgId) at ./loading.jl:1013
 [4] require(::Base.PkgId) at ./loading.jl:911
 [5] require(::Module, ::Symbol) at ./loading.jl:906
 [6] include at ./boot.jl:328 [inlined]
 [7] include_relative(::Module, ::String) at ./loading.jl:1094
 [8] include(::Module, ::String) at ./Base.jl:31
 [9] top-level scope at none:2
 [10] eval at ./boot.jl:330 [inlined]
 [11] eval(::Expr) at ./client.jl:432
 [12] top-level scope at ./none:3
in expression starting at /root/.julia/packages/DrakeVisualizer/r6aOq/src/DrakeVisualizer.jl:3
ERROR: LoadError: Failed to precompile DrakeVisualizer [49c7015b-b8db-5bc5-841b-fcb31c578176] to /root/.julia/compiled/v1.2/DrakeVisualizer/kF5mV.ji.
Stacktrace:
 [1] error(::String) at ./error.jl:33
 [2] compilecache(::Base.PkgId, ::String) at ./loading.jl:1253
 [3] _require(::Base.PkgId) at ./loading.jl:1013
 [4] require(::Base.PkgId) at ./loading.jl:911
 [5] require(::Module, ::Symbol) at ./loading.jl:906
 [6] include at ./boot.jl:328 [inlined]
 [7] include_relative(::Module, ::String) at ./loading.jl:1094
 [8] include(::Module, ::String) at ./Base.jl:31
 [9] top-level scope at none:2
 [10] eval at ./boot.jl:330 [inlined]
 [11] eval(::Expr) at ./client.jl:432
 [12] top-level scope at ./none:3
in expression starting at /root/.julia/packages/RigidBodyTreeInspector/oFdGT/src/RigidBodyTreeInspector.jl:8
ERROR: LoadError: Failed to precompile RigidBodyTreeInspector [82daab19-8fc9-5c1e-9f69-37d6aaa0269b] to /root/.julia/compiled/v1.2/RigidBodyTreeInspector/CbrGO.ji.
Stacktrace:
 [1] error(::String) at ./error.jl:33
 [2] compilecache(::Base.PkgId, ::String) at ./loading.jl:1253
 [3] _require(::Base.PkgId) at ./loading.jl:1013
 [4] require(::Base.PkgId) at ./loading.jl:911
 [5] require(::Module, ::Symbol) at ./loading.jl:906
 [6] include at ./boot.jl:328 [inlined]
 [7] include_relative(::Module, ::String) at ./loading.jl:1094
 [8] include(::Module, ::String) at ./Base.jl:31
 [9] include(::String) at ./client.jl:431
 [10] top-level scope at none:5
in expression starting at /root/.julia/packages/RigidBodyTreeInspector/oFdGT/test/runtests.jl:2
ERROR: Package RigidBodyTreeInspector errored during testing
Stacktrace:
 [1] pkgerror(::String, ::Vararg{String,N} where N) at /buildworker/worker/package_linux64/build/usr/share/julia/stdlib/v1.2/Pkg/src/Types.jl:112
 [2] #test#119(::Bool, ::Nothing, ::typeof(Pkg.Operations.test), ::Pkg.Types.Context, ::Array{Pkg.Types.PackageSpec,1}) at /buildworker/worker/package_linux64/build/usr/share/julia/stdlib/v1.2/Pkg/src/Operations.jl:1288
 [3] #test at ./none:0 [inlined]
 [4] #test#62(::Bool, ::Nothing, ::Base.Iterators.Pairs{Union{},Union{},Tuple{},NamedTuple{(),Tuple{}}}, ::typeof(Pkg.API.test), ::Pkg.Types.Context, ::Array{Pkg.Types.PackageSpec,1}) at /buildworker/worker/package_linux64/build/usr/share/julia/stdlib/v1.2/Pkg/src/API.jl:245
 [5] test at /buildworker/worker/package_linux64/build/usr/share/julia/stdlib/v1.2/Pkg/src/API.jl:233 [inlined]
 [6] #test#61 at /buildworker/worker/package_linux64/build/usr/share/julia/stdlib/v1.2/Pkg/src/API.jl:230 [inlined]
 [7] test at /buildworker/worker/package_linux64/build/usr/share/julia/stdlib/v1.2/Pkg/src/API.jl:230 [inlined]
 [8] #test#60 at /buildworker/worker/package_linux64/build/usr/share/julia/stdlib/v1.2/Pkg/src/API.jl:229 [inlined]
 [9] test at /buildworker/worker/package_linux64/build/usr/share/julia/stdlib/v1.2/Pkg/src/API.jl:229 [inlined]
 [10] #test#59(::Base.Iterators.Pairs{Union{},Union{},Tuple{},NamedTuple{(),Tuple{}}}, ::typeof(Pkg.API.test), ::String) at /buildworker/worker/package_linux64/build/usr/share/julia/stdlib/v1.2/Pkg/src/API.jl:228
 [11] test(::String) at /buildworker/worker/package_linux64/build/usr/share/julia/stdlib/v1.2/Pkg/src/API.jl:228
 [12] top-level scope at none:10
