 Resolving package versions...
 Installed CEnum ────────────── v0.2.0
 Installed Compat ───────────── v3.0.0
 Installed ROCArrays ────────── v0.1.0
 Installed ConstructionBase ─── v1.0.0
 Installed CSTParser ────────── v1.0.0
 Installed AbstractFFTs ─────── v0.4.1
 Installed DataStructures ───── v0.17.6
 Installed BinaryProvider ───── v0.5.8
 Installed OrderedCollections ─ v1.1.0
 Installed Setfield ─────────── v0.5.2
 Installed Tokenize ─────────── v0.5.6
 Installed GPUArrays ────────── v2.0.0
 Installed MacroTools ───────── v0.5.1
 Installed LLVM ─────────────── v1.3.2
 Installed Adapt ────────────── v1.0.0
 Installed AMDGPUnative ─────── v0.1.0
 Installed HSARuntime ───────── v0.2.5
  Updating `~/.julia/environments/v1.2/Project.toml`
  [ddf941ca] + ROCArrays v0.1.0
  Updating `~/.julia/environments/v1.2/Manifest.toml`
  [12f4821f] + AMDGPUnative v0.1.0
  [621f4979] + AbstractFFTs v0.4.1
  [79e6a3ab] + Adapt v1.0.0
  [b99e7846] + BinaryProvider v0.5.8
  [fa961155] + CEnum v0.2.0
  [00ebfdb7] + CSTParser v1.0.0
  [34da2185] + Compat v3.0.0
  [187b0558] + ConstructionBase v1.0.0
  [864edb3b] + DataStructures v0.17.6
  [0c68f7d7] + GPUArrays v2.0.0
  [2c364e2c] + HSARuntime v0.2.5
  [929cbde3] + LLVM v1.3.2
  [1914dd2f] + MacroTools v0.5.1
  [bac558e1] + OrderedCollections v1.1.0
  [ddf941ca] + ROCArrays v0.1.0
  [efcf1570] + Setfield v0.5.2
  [0796e94c] + Tokenize v0.5.6
  [2a0f44e3] + Base64 
  [ade2ca70] + Dates 
  [8bb1440f] + DelimitedFiles 
  [8ba89e20] + Distributed 
  [b77e0a4c] + InteractiveUtils 
  [76f85450] + LibGit2 
  [8f399da3] + Libdl 
  [37e2e46d] + LinearAlgebra 
  [56ddb016] + Logging 
  [d6f4376e] + Markdown 
  [a63ad114] + Mmap 
  [44cfe95a] + Pkg 
  [de0858da] + Printf 
  [3fa0cd96] + REPL 
  [9a3f8284] + Random 
  [ea8e919c] + SHA 
  [9e88b42a] + Serialization 
  [1a1011a3] + SharedArrays 
  [6462fe0b] + Sockets 
  [2f01184e] + SparseArrays 
  [10745b16] + Statistics 
  [8dfed614] + Test 
  [cf7118a7] + UUIDs 
  [4ec0a83e] + Unicode 
  Building HSARuntime ──→ `~/.julia/packages/HSARuntime/b66kB/deps/build.log`
┌ Error: Error building `HSARuntime`: 
│ paths = String[]
│ Could not find HSA runtime library..
└ @ Pkg.Operations /buildworker/worker/package_linux64/build/usr/share/julia/stdlib/v1.2/Pkg/src/backwards_compatible_isolation.jl:647
  Building AMDGPUnative → `~/.julia/packages/AMDGPUnative/fk4lb/deps/build.log`
  Building ROCArrays ───→ `~/.julia/packages/ROCArrays/7IdSi/deps/build.log`
┌ Error: Error building `ROCArrays`: 
│ WARNING: Compat.Markdown is deprecated, use Markdown instead.
│   likely near /root/.julia/packages/MacroTools/ys44U/src/MacroTools.jl:4
│ WARNING: Compat.Random is deprecated, use Random instead.
│   likely near /root/.julia/packages/MacroTools/ys44U/src/MacroTools.jl:35
│ Dependent package HSARuntime.jl has not been built successfully
└ @ Pkg.Operations /buildworker/worker/package_linux64/build/usr/share/julia/stdlib/v1.2/Pkg/src/backwards_compatible_isolation.jl:647
   Testing ROCArrays
 Resolving package versions...
    Status `/tmp/jl_j8jvwW/Manifest.toml`
  [12f4821f] AMDGPUnative v0.1.0
  [621f4979] AbstractFFTs v0.4.1
  [79e6a3ab] Adapt v1.0.0
  [b99e7846] BinaryProvider v0.5.8
  [fa961155] CEnum v0.2.0
  [00ebfdb7] CSTParser v1.0.0
  [34da2185] Compat v3.0.0
  [187b0558] ConstructionBase v1.0.0
  [864edb3b] DataStructures v0.17.6
  [0c68f7d7] GPUArrays v2.0.0
  [2c364e2c] HSARuntime v0.2.5
  [929cbde3] LLVM v1.3.2
  [1914dd2f] MacroTools v0.5.1
  [bac558e1] OrderedCollections v1.1.0
  [ddf941ca] ROCArrays v0.1.0
  [efcf1570] Setfield v0.5.2
  [0796e94c] Tokenize v0.5.6
  [2a0f44e3] Base64  [`@stdlib/Base64`]
  [ade2ca70] Dates  [`@stdlib/Dates`]
  [8bb1440f] DelimitedFiles  [`@stdlib/DelimitedFiles`]
  [8ba89e20] Distributed  [`@stdlib/Distributed`]
  [b77e0a4c] InteractiveUtils  [`@stdlib/InteractiveUtils`]
  [76f85450] LibGit2  [`@stdlib/LibGit2`]
  [8f399da3] Libdl  [`@stdlib/Libdl`]
  [37e2e46d] LinearAlgebra  [`@stdlib/LinearAlgebra`]
  [56ddb016] Logging  [`@stdlib/Logging`]
  [d6f4376e] Markdown  [`@stdlib/Markdown`]
  [a63ad114] Mmap  [`@stdlib/Mmap`]
  [44cfe95a] Pkg  [`@stdlib/Pkg`]
  [de0858da] Printf  [`@stdlib/Printf`]
  [3fa0cd96] REPL  [`@stdlib/REPL`]
  [9a3f8284] Random  [`@stdlib/Random`]
  [ea8e919c] SHA  [`@stdlib/SHA`]
  [9e88b42a] Serialization  [`@stdlib/Serialization`]
  [1a1011a3] SharedArrays  [`@stdlib/SharedArrays`]
  [6462fe0b] Sockets  [`@stdlib/Sockets`]
  [2f01184e] SparseArrays  [`@stdlib/SparseArrays`]
  [10745b16] Statistics  [`@stdlib/Statistics`]
  [8dfed614] Test  [`@stdlib/Test`]
  [cf7118a7] UUIDs  [`@stdlib/UUIDs`]
  [4ec0a83e] Unicode  [`@stdlib/Unicode`]
┌ Warning: ROCArrays.jl has not been successfully built, and will not work properly.
└ @ ROCArrays ~/.julia/packages/ROCArrays/7IdSi/src/ROCArrays.jl:60
┌ Warning: Please run Pkg.build("ROCArrays") and restart Julia.
└ @ ROCArrays ~/.julia/packages/ROCArrays/7IdSi/src/ROCArrays.jl:61
ERROR: LoadError: UndefRefError: access to undefined reference
Stacktrace:
 [1] getproperty at ./Base.jl:20 [inlined]
 [2] getindex at ./refvalue.jl:32 [inlined]
 [3] get_default_agent() at /root/.julia/packages/HSARuntime/b66kB/src/HSARuntime.jl:358
 [4] top-level scope at /root/.julia/packages/ROCArrays/7IdSi/test/runtests.jl:19
 [5] include at ./boot.jl:328 [inlined]
 [6] include_relative(::Module, ::String) at ./loading.jl:1094
 [7] include(::Module, ::String) at ./Base.jl:31
 [8] include(::String) at ./client.jl:431
 [9] top-level scope at none:5
in expression starting at /root/.julia/packages/ROCArrays/7IdSi/test/runtests.jl:19
ERROR: Package ROCArrays errored during testing
Stacktrace:
 [1] pkgerror(::String, ::Vararg{String,N} where N) at /buildworker/worker/package_linux64/build/usr/share/julia/stdlib/v1.2/Pkg/src/Types.jl:112
 [2] #test#119(::Bool, ::Nothing, ::typeof(Pkg.Operations.test), ::Pkg.Types.Context, ::Array{Pkg.Types.PackageSpec,1}) at /buildworker/worker/package_linux64/build/usr/share/julia/stdlib/v1.2/Pkg/src/Operations.jl:1288
 [3] #test at ./none:0 [inlined]
 [4] #test#62(::Bool, ::Nothing, ::Base.Iterators.Pairs{Union{},Union{},Tuple{},NamedTuple{(),Tuple{}}}, ::typeof(Pkg.API.test), ::Pkg.Types.Context, ::Array{Pkg.Types.PackageSpec,1}) at /buildworker/worker/package_linux64/build/usr/share/julia/stdlib/v1.2/Pkg/src/API.jl:245
 [5] test at /buildworker/worker/package_linux64/build/usr/share/julia/stdlib/v1.2/Pkg/src/API.jl:233 [inlined]
 [6] #test#61 at /buildworker/worker/package_linux64/build/usr/share/julia/stdlib/v1.2/Pkg/src/API.jl:230 [inlined]
 [7] test at /buildworker/worker/package_linux64/build/usr/share/julia/stdlib/v1.2/Pkg/src/API.jl:230 [inlined]
 [8] #test#60 at /buildworker/worker/package_linux64/build/usr/share/julia/stdlib/v1.2/Pkg/src/API.jl:229 [inlined]
 [9] test at /buildworker/worker/package_linux64/build/usr/share/julia/stdlib/v1.2/Pkg/src/API.jl:229 [inlined]
 [10] #test#59(::Base.Iterators.Pairs{Union{},Union{},Tuple{},NamedTuple{(),Tuple{}}}, ::typeof(Pkg.API.test), ::String) at /buildworker/worker/package_linux64/build/usr/share/julia/stdlib/v1.2/Pkg/src/API.jl:228
 [11] test(::String) at /buildworker/worker/package_linux64/build/usr/share/julia/stdlib/v1.2/Pkg/src/API.jl:228
 [12] top-level scope at none:10
