 Resolving package versions...
 Installed ArgCheck ──────────── v1.0.1
 Installed DocStringExtensions ─ v0.8.1
 Installed PkgSkeleton ───────── v0.3.1
  Updating `~/.julia/environments/v1.2/Project.toml`
  [d254efa0] + PkgSkeleton v0.3.1
  Updating `~/.julia/environments/v1.2/Manifest.toml`
  [dce04be8] + ArgCheck v1.0.1
  [ffbed154] + DocStringExtensions v0.8.1
  [d254efa0] + PkgSkeleton v0.3.1
  [2a0f44e3] + Base64 
  [ade2ca70] + Dates 
  [8ba89e20] + Distributed 
  [b77e0a4c] + InteractiveUtils 
  [76f85450] + LibGit2 
  [56ddb016] + Logging 
  [d6f4376e] + Markdown 
  [44cfe95a] + Pkg 
  [de0858da] + Printf 
  [3fa0cd96] + REPL 
  [9a3f8284] + Random 
  [ea8e919c] + SHA 
  [9e88b42a] + Serialization 
  [6462fe0b] + Sockets 
  [8dfed614] + Test 
  [cf7118a7] + UUIDs 
  [4ec0a83e] + Unicode 
   Testing PkgSkeleton
 Resolving package versions...
    Status `/tmp/jl_5xl1M2/Manifest.toml`
  [dce04be8] ArgCheck v1.0.1
  [ffbed154] DocStringExtensions v0.8.1
  [d254efa0] PkgSkeleton v0.3.1
  [2a0f44e3] Base64  [`@stdlib/Base64`]
  [ade2ca70] Dates  [`@stdlib/Dates`]
  [8ba89e20] Distributed  [`@stdlib/Distributed`]
  [b77e0a4c] InteractiveUtils  [`@stdlib/InteractiveUtils`]
  [76f85450] LibGit2  [`@stdlib/LibGit2`]
  [56ddb016] Logging  [`@stdlib/Logging`]
  [d6f4376e] Markdown  [`@stdlib/Markdown`]
  [44cfe95a] Pkg  [`@stdlib/Pkg`]
  [de0858da] Printf  [`@stdlib/Printf`]
  [3fa0cd96] REPL  [`@stdlib/REPL`]
  [9a3f8284] Random  [`@stdlib/Random`]
  [ea8e919c] SHA  [`@stdlib/SHA`]
  [9e88b42a] Serialization  [`@stdlib/Serialization`]
  [6462fe0b] Sockets  [`@stdlib/Sockets`]
  [8dfed614] Test  [`@stdlib/Test`]
  [cf7118a7] UUIDs  [`@stdlib/UUIDs`]
  [4ec0a83e] Unicode  [`@stdlib/Unicode`]
Test Summary:      | Pass  Total
replacement values |    5      5
Test Summary:        | Pass  Total
template directories |    4      4
Test Summary:          | Pass  Total
package name from path |    5      5
Test Summary:     | Pass  Total
multiple replaces |    1      1
[ Info: getting template values
[ Info: copy and substitute
[ Info: initializing git repository
[ Info: adding documenter (completing the Manifest.toml for docs)
  Updating registry at `~/.julia/registries/General`
  Updating git-repo `https://github.com/JuliaRegistries/General.git`
[?25l[2K[?25h┌ Warning: Some registries failed to update:
│     — /root/.julia/registries/General — failed to fetch from repo
└ @ Pkg.Types /buildworker/worker/package_linux64/build/usr/share/julia/stdlib/v1.2/Pkg/src/Types.jl:1171
 Resolving package versions...
 Installed Parsers ──── v0.3.10
 Installed JSON ─────── v0.21.0
 Installed Documenter ─ v0.23.4
  Updating `/tmp/jl_4kEbmn/Foo/docs/Project.toml`
  [e30172f5] + Documenter v0.23.4
  Updating `/tmp/jl_4kEbmn/Foo/docs/Manifest.toml`
  [ffbed154] + DocStringExtensions v0.8.1
  [e30172f5] + Documenter v0.23.4
  [682c06a0] + JSON v0.21.0
  [69de0a69] + Parsers v0.3.10
  [2a0f44e3] + Base64 
  [ade2ca70] + Dates 
  [8ba89e20] + Distributed 
  [b77e0a4c] + InteractiveUtils 
  [76f85450] + LibGit2 
  [56ddb016] + Logging 
  [d6f4376e] + Markdown 
  [a63ad114] + Mmap 
  [44cfe95a] + Pkg 
  [de0858da] + Printf 
  [3fa0cd96] + REPL 
  [9a3f8284] + Random 
  [ea8e919c] + SHA 
  [9e88b42a] + Serialization 
  [6462fe0b] + Sockets 
  [8dfed614] + Test 
  [cf7118a7] + UUIDs 
  [4ec0a83e] + Unicode 
┌ Info: successfully generated Foo
└   dest_dir = "/tmp/jl_4kEbmn/Foo"
[ Info: test documentation (instantiation)
package generation and checks: Error During Test at /root/.julia/packages/PkgSkeleton/ZWIs1/test/runtests.jl:92
  Got exception outside of a @test
  IOError: could not spawn `julia --project=docs -e 'using Pkg; Pkg.instantiate(); Pkg.develop(PackageSpec(path=pwd()))'`: no such file or directory (ENOENT)
  Stacktrace:
   [1] _spawn_primitive(::String, ::Cmd, ::Array{Any,1}) at ./process.jl:401
   [2] setup_stdios(::getfield(Base, Symbol("##526#527")){Cmd}, ::Array{Any,1}) at ./process.jl:414
   [3] _spawn at ./process.jl:413 [inlined]
   [4] #run#536(::Bool, ::typeof(run), ::Cmd) at ./process.jl:727
   [5] run at ./process.jl:726 [inlined]
   [6] (::getfield(Main, Symbol("##4#6")))() at /root/.julia/packages/PkgSkeleton/ZWIs1/test/runtests.jl:103
   [7] cd(::getfield(Main, Symbol("##4#6")), ::String) at ./file.jl:96
   [8] (::getfield(Main, Symbol("##3#5")))(::String) at /root/.julia/packages/PkgSkeleton/ZWIs1/test/runtests.jl:101
   [9] #mktempdir#15(::String, ::typeof(mktempdir), ::getfield(Main, Symbol("##3#5")), ::String) at ./file.jl:584
   [10] mktempdir(::Function, ::String) at ./file.jl:582 (repeats 2 times)
   [11] top-level scope at /root/.julia/packages/PkgSkeleton/ZWIs1/test/runtests.jl:93
   [12] top-level scope at /buildworker/worker/package_linux64/build/usr/share/julia/stdlib/v1.2/Test/src/Test.jl:1113
   [13] top-level scope at /root/.julia/packages/PkgSkeleton/ZWIs1/test/runtests.jl:93
   [14] include at ./boot.jl:328 [inlined]
   [15] include_relative(::Module, ::String) at ./loading.jl:1094
   [16] include(::Module, ::String) at ./Base.jl:31
   [17] include(::String) at ./client.jl:431
   [18] top-level scope at none:5
   [19] eval(::Module, ::Any) at ./boot.jl:330
   [20] exec_options(::Base.JLOptions) at ./client.jl:271
   [21] _start() at ./client.jl:464
  
Test Summary:                 | Pass  Error  Total
package generation and checks |    4      1      5
ERROR: LoadError: Some tests did not pass: 4 passed, 0 failed, 1 errored, 0 broken.
in expression starting at /root/.julia/packages/PkgSkeleton/ZWIs1/test/runtests.jl:92
ERROR: Package PkgSkeleton errored during testing
Stacktrace:
 [1] pkgerror(::String, ::Vararg{String,N} where N) at /buildworker/worker/package_linux64/build/usr/share/julia/stdlib/v1.2/Pkg/src/Types.jl:112
 [2] #test#119(::Bool, ::Nothing, ::typeof(Pkg.Operations.test), ::Pkg.Types.Context, ::Array{Pkg.Types.PackageSpec,1}) at /buildworker/worker/package_linux64/build/usr/share/julia/stdlib/v1.2/Pkg/src/Operations.jl:1288
 [3] #test at ./none:0 [inlined]
 [4] #test#62(::Bool, ::Nothing, ::Base.Iterators.Pairs{Union{},Union{},Tuple{},NamedTuple{(),Tuple{}}}, ::typeof(Pkg.API.test), ::Pkg.Types.Context, ::Array{Pkg.Types.PackageSpec,1}) at /buildworker/worker/package_linux64/build/usr/share/julia/stdlib/v1.2/Pkg/src/API.jl:245
 [5] test at /buildworker/worker/package_linux64/build/usr/share/julia/stdlib/v1.2/Pkg/src/API.jl:233 [inlined]
 [6] #test#61 at /buildworker/worker/package_linux64/build/usr/share/julia/stdlib/v1.2/Pkg/src/API.jl:230 [inlined]
 [7] test at /buildworker/worker/package_linux64/build/usr/share/julia/stdlib/v1.2/Pkg/src/API.jl:230 [inlined]
 [8] #test#60 at /buildworker/worker/package_linux64/build/usr/share/julia/stdlib/v1.2/Pkg/src/API.jl:229 [inlined]
 [9] test at /buildworker/worker/package_linux64/build/usr/share/julia/stdlib/v1.2/Pkg/src/API.jl:229 [inlined]
 [10] #test#59(::Base.Iterators.Pairs{Union{},Union{},Tuple{},NamedTuple{(),Tuple{}}}, ::typeof(Pkg.API.test), ::String) at /buildworker/worker/package_linux64/build/usr/share/julia/stdlib/v1.2/Pkg/src/API.jl:228
 [11] test(::String) at /buildworker/worker/package_linux64/build/usr/share/julia/stdlib/v1.2/Pkg/src/API.jl:228
 [12] top-level scope at none:10
