 Resolving package versions...
 Installed RecipesBase ─── v0.7.0
 Installed Combinatorics ─ v0.7.0
 Installed ReusePatterns ─ v0.1.2
 Installed Polynomials ─── v0.6.0
  Updating `~/.julia/environments/v1.0/Project.toml`
  [a39b5e78] + ReusePatterns v0.1.2
  Updating `~/.julia/environments/v1.0/Manifest.toml`
  [861a8166] + Combinatorics v0.7.0
  [f27b6e38] + Polynomials v0.6.0
  [3cdcf5f2] + RecipesBase v0.7.0
  [a39b5e78] + ReusePatterns v0.1.2
  [2a0f44e3] + Base64 
  [8ba89e20] + Distributed 
  [b77e0a4c] + InteractiveUtils 
  [8f399da3] + Libdl 
  [37e2e46d] + LinearAlgebra 
  [56ddb016] + Logging 
  [d6f4376e] + Markdown 
  [9a3f8284] + Random 
  [9e88b42a] + Serialization 
  [6462fe0b] + Sockets 
  [2f01184e] + SparseArrays 
  [10745b16] + Statistics 
  [8dfed614] + Test 
   Testing ReusePatterns
    Status `/tmp/tmpufHux3/Manifest.toml`
  [861a8166] Combinatorics v0.7.0
  [f27b6e38] Polynomials v0.6.0
  [3cdcf5f2] RecipesBase v0.7.0
  [a39b5e78] ReusePatterns v0.1.2
  [2a0f44e3] Base64  [`@stdlib/Base64`]
  [8ba89e20] Distributed  [`@stdlib/Distributed`]
  [b77e0a4c] InteractiveUtils  [`@stdlib/InteractiveUtils`]
  [8f399da3] Libdl  [`@stdlib/Libdl`]
  [37e2e46d] LinearAlgebra  [`@stdlib/LinearAlgebra`]
  [56ddb016] Logging  [`@stdlib/Logging`]
  [d6f4376e] Markdown  [`@stdlib/Markdown`]
  [9a3f8284] Random  [`@stdlib/Random`]
  [9e88b42a] Serialization  [`@stdlib/Serialization`]
  [6462fe0b] Sockets  [`@stdlib/Sockets`]
  [2f01184e] SparseArrays  [`@stdlib/SparseArrays`]
  [10745b16] Statistics  [`@stdlib/Statistics`]
  [8dfed614] Test  [`@stdlib/Test`]
9 method(s) forwarded
   Testing ReusePatterns tests passed 
