 Resolving package versions...
 Installed Missings ────────────────────────── v0.4.3
 Installed DataAPI ─────────────────────────── v1.1.0
 Installed Inflate ─────────────────────────── v0.1.1
 Installed TableTraits ─────────────────────── v1.0.0
 Installed BeliefUpdaters ──────────────────── v0.1.2
 Installed ReinforcementLearningEnvironments ─ v0.1.3
 Installed DataFrames ──────────────────────── v0.19.4
 Installed Colors ──────────────────────────── v0.9.6
 Installed Measures ────────────────────────── v0.3.0
 Installed PDMats ──────────────────────────── v0.9.10
 Installed POMDPPolicies ───────────────────── v0.2.1
 Installed StatsFuns ───────────────────────── v0.9.0
 Installed BinaryProvider ──────────────────── v0.5.8
 Installed StatsBase ───────────────────────── v0.32.0
 Installed DataValueInterfaces ─────────────── v1.0.0
 Installed Requires ────────────────────────── v0.5.2
 Installed InvertedIndices ─────────────────── v1.0.0
 Installed PooledArrays ────────────────────── v0.5.2
 Installed Reexport ────────────────────────── v0.2.0
 Installed Compose ─────────────────────────── v0.7.3
 Installed Compat ──────────────────────────── v2.2.0
 Installed URIParser ───────────────────────── v0.4.0
 Installed Rmath ───────────────────────────── v0.5.1
 Installed Tables ──────────────────────────── v0.2.11
 Installed IterTools ───────────────────────── v1.3.0
 Installed OrderedCollections ──────────────── v1.1.0
 Installed POMDPs ──────────────────────────── v0.8.1
 Installed POMDPModelTools ─────────────────── v0.2.0
 Installed POMDPSimulators ─────────────────── v0.3.2
 Installed UnicodePlots ────────────────────── v1.1.0
 Installed FixedPointNumbers ───────────────── v0.6.1
 Installed DataStructures ──────────────────── v0.17.6
 Installed Parsers ─────────────────────────── v0.3.10
 Installed LightGraphs ─────────────────────── v1.3.0
 Installed NamedTupleTools ─────────────────── v0.12.0
 Installed JSON ────────────────────────────── v0.21.0
 Installed Distributions ───────────────────── v0.21.8
 Installed Parameters ──────────────────────── v0.12.0
 Installed SimpleTraits ────────────────────── v0.9.1
 Installed IteratorInterfaceExtensions ─────── v1.0.0
 Installed StaticArrays ────────────────────── v0.12.1
 Installed QuadGK ──────────────────────────── v2.1.1
 Installed CategoricalArrays ───────────────── v0.7.3
 Installed SortingAlgorithms ───────────────── v0.3.1
 Installed POMDPModels ─────────────────────── v0.4.0
 Installed MacroTools ──────────────────────── v0.5.2
 Installed ColorTypes ──────────────────────── v0.8.0
 Installed SpecialFunctions ────────────────── v0.8.0
 Installed ArnoldiMethod ───────────────────── v0.0.4
 Installed BinDeps ─────────────────────────── v0.8.10
 Installed ProgressMeter ───────────────────── v1.2.0
 Installed Arpack ──────────────────────────── v0.3.1
 Installed ColorSchemes ────────────────────── v3.5.0
 Installed GR ──────────────────────────────── v0.42.0
  Updating `~/.julia/environments/v1.2/Project.toml`
  [25e41dd2] + ReinforcementLearningEnvironments v0.1.3
  Updating `~/.julia/environments/v1.2/Manifest.toml`
  [ec485272] + ArnoldiMethod v0.0.4
  [7d9fca2a] + Arpack v0.3.1
  [8bb6e9a1] + BeliefUpdaters v0.1.2
  [9e28174c] + BinDeps v0.8.10
  [b99e7846] + BinaryProvider v0.5.8
  [324d7699] + CategoricalArrays v0.7.3
  [35d6a980] + ColorSchemes v3.5.0
  [3da002f7] + ColorTypes v0.8.0
  [5ae59095] + Colors v0.9.6
  [34da2185] + Compat v2.2.0
  [a81c6b42] + Compose v0.7.3
  [9a962f9c] + DataAPI v1.1.0
  [a93c6f00] + DataFrames v0.19.4
  [864edb3b] + DataStructures v0.17.6
  [e2d170a0] + DataValueInterfaces v1.0.0
  [31c24e10] + Distributions v0.21.8
  [53c48c17] + FixedPointNumbers v0.6.1
  [28b8d3ca] + GR v0.42.0
  [d25df0c9] + Inflate v0.1.1
  [41ab1584] + InvertedIndices v1.0.0
  [c8e1da08] + IterTools v1.3.0
  [82899510] + IteratorInterfaceExtensions v1.0.0
  [682c06a0] + JSON v0.21.0
  [093fc24a] + LightGraphs v1.3.0
  [1914dd2f] + MacroTools v0.5.2
  [442fdcdd] + Measures v0.3.0
  [e1d29d7a] + Missings v0.4.3
  [d9ec5142] + NamedTupleTools v0.12.0
  [bac558e1] + OrderedCollections v1.1.0
  [90014a1f] + PDMats v0.9.10
  [08074719] + POMDPModelTools v0.2.0
  [355abbd5] + POMDPModels v0.4.0
  [182e52fb] + POMDPPolicies v0.2.1
  [e0d0a172] + POMDPSimulators v0.3.2
  [a93abf59] + POMDPs v0.8.1
  [d96e819e] + Parameters v0.12.0
  [69de0a69] + Parsers v0.3.10
  [2dfb63ee] + PooledArrays v0.5.2
  [92933f4c] + ProgressMeter v1.2.0
  [1fd47b50] + QuadGK v2.1.1
  [189a3867] + Reexport v0.2.0
  [25e41dd2] + ReinforcementLearningEnvironments v0.1.3
  [ae029012] + Requires v0.5.2
  [79098fc4] + Rmath v0.5.1
  [699a6c99] + SimpleTraits v0.9.1
  [a2af1166] + SortingAlgorithms v0.3.1
  [276daf66] + SpecialFunctions v0.8.0
  [90137ffa] + StaticArrays v0.12.1
  [2913bbd2] + StatsBase v0.32.0
  [4c63d2b9] + StatsFuns v0.9.0
  [3783bdb8] + TableTraits v1.0.0
  [bd369af6] + Tables v0.2.11
  [30578b45] + URIParser v0.4.0
  [b8865327] + UnicodePlots v1.1.0
  [2a0f44e3] + Base64 
  [ade2ca70] + Dates 
  [8bb1440f] + DelimitedFiles 
  [8ba89e20] + Distributed 
  [9fa8497b] + Future 
  [b77e0a4c] + InteractiveUtils 
  [76f85450] + LibGit2 
  [8f399da3] + Libdl 
  [37e2e46d] + LinearAlgebra 
  [56ddb016] + Logging 
  [d6f4376e] + Markdown 
  [a63ad114] + Mmap 
  [44cfe95a] + Pkg 
  [de0858da] + Printf 
  [3fa0cd96] + REPL 
  [9a3f8284] + Random 
  [ea8e919c] + SHA 
  [9e88b42a] + Serialization 
  [1a1011a3] + SharedArrays 
  [6462fe0b] + Sockets 
  [2f01184e] + SparseArrays 
  [10745b16] + Statistics 
  [4607b0f0] + SuiteSparse 
  [8dfed614] + Test 
  [cf7118a7] + UUIDs 
  [4ec0a83e] + Unicode 
  Building Rmath ───────────→ `~/.julia/packages/Rmath/4wt82/deps/build.log`
  Building GR ──────────────→ `~/.julia/packages/GR/f1Iqi/deps/build.log`
  Building SpecialFunctions → `~/.julia/packages/SpecialFunctions/ne2iw/deps/build.log`
  Building Arpack ──────────→ `~/.julia/packages/Arpack/cu5By/deps/build.log`
   Testing ReinforcementLearningEnvironments
 Resolving package versions...
 Installed ViZDoom ─────────────────── v0.1.0
 Installed CEnum ───────────────────── v0.2.0
 Installed Conda ───────────────────── v1.3.0
 Installed ArcadeLearningEnvironment ─ v0.2.1
 Installed Hanabi ──────────────────── v0.1.2
 Installed PyCall ──────────────────── v1.91.2
 Installed Clang ───────────────────── v0.9.1
 Installed CxxWrap ─────────────────── v0.8.2
 Installed VersionParsing ──────────── v1.1.3
  Building ArcadeLearningEnvironment → `~/.julia/packages/ArcadeLearningEnvironment/YJh2g/deps/build.log`
┌ Error: Error building `ArcadeLearningEnvironment`: 
│   % Total    % Received % Xferd  Average Speed   Time    Time     Time  Current
│                                  Dload  Upload   Total   Spent    Left  Speed
│   0     0    0     0    0     0      0      0 --:--:-- --:--:-- --:--:--     0100   144    0   144    0     0    615      0 --:--:-- --:--:-- --:--:--   615
│   0     0    0     0    0     0      0      0 --:--:-- --:--:-- --:--:--     0100 1288k    0 1288k    0     0  1089k      0 --:--:--  0:00:01 --:--:-- 1710k
│ Archive:  v0.6.0.zip
│ ed5115bc29d4b264519e7fe7a455794ecc6ba42b
│    creating: Arcade-Learning-Environment-0.6.0/
│   inflating: Arcade-Learning-Environment-0.6.0/.gitignore  
│   inflating: Arcade-Learning-Environment-0.6.0/.travis.yml  
│   inflating: Arcade-Learning-Environment-0.6.0/CMakeLists.txt  
│   inflating: Arcade-Learning-Environment-0.6.0/ChangeLog  
│   inflating: Arcade-Learning-Environment-0.6.0/Copyright.txt  
│   inflating: Arcade-Learning-Environment-0.6.0/License.txt  
│   inflating: Arcade-Learning-Environment-0.6.0/README-SDL.txt  
│   inflating: Arcade-Learning-Environment-0.6.0/README.md  
│   inflating: Arcade-Learning-Environment-0.6.0/ale.cfg  
│    creating: Arcade-Learning-Environment-0.6.0/ale_python_interface/
│  extracting: Arcade-Learning-Environment-0.6.0/ale_python_interface/__init__.py  
│   inflating: Arcade-Learning-Environment-0.6.0/ale_python_interface/ale_c_wrapper.cpp  
│   inflating: Arcade-Learning-Environment-0.6.0/ale_python_interface/ale_c_wrapper.h  
│   inflating: Arcade-Learning-Environment-0.6.0/ale_python_interface/ale_python_interface.py  
│   inflating: Arcade-Learning-Environment-0.6.0/common.rules  
│    creating: Arcade-Learning-Environment-0.6.0/doc/
│    creating: Arcade-Learning-Environment-0.6.0/doc/examples/
│   inflating: Arcade-Learning-Environment-0.6.0/doc/examples/Makefile  
│   inflating: Arcade-Learning-Environment-0.6.0/doc/examples/Makefile.fifo  
│   inflating: Arcade-Learning-Environment-0.6.0/doc/examples/Makefile.recording  
│   inflating: Arcade-Learning-Environment-0.6.0/doc/examples/Makefile.rlglue  
│   inflating: Arcade-Learning-Environment-0.6.0/doc/examples/Makefile.sharedLibraryWithModes  
│   inflating: Arcade-Learning-Environment-0.6.0/doc/examples/Makefile.sharedlibrary  
│   inflating: Arcade-Learning-Environment-0.6.0/doc/examples/RLGlueAgent.c  
│   inflating: Arcade-Learning-Environment-0.6.0/doc/examples/RLGlueExperiment.c  
│   inflating: Arcade-Learning-Environment-0.6.0/doc/examples/fifoInterfaceExample.cpp  
│   inflating: Arcade-Learning-Environment-0.6.0/doc/examples/python_example.py  
│   inflating: Arcade-Learning-Environment-0.6.0/doc/examples/python_example_with_modes.py  
│   inflating: Arcade-Learning-Environment-0.6.0/doc/examples/sharedLibraryInterfaceExample.cpp  
│   inflating: Arcade-Learning-Environment-0.6.0/doc/examples/sharedLibraryInterfaceWithModesExample.cpp  
│   inflating: Arcade-Learning-Environment-0.6.0/doc/examples/videoRecordingExample.cpp  
│    creating: Arcade-Learning-Environment-0.6.0/doc/java-agent/
│    creating: Arcade-Learning-Environment-0.6.0/doc/java-agent/code/
│   inflating: Arcade-Learning-Environment-0.6.0/doc/java-agent/code/build.xml  
│   inflating: Arcade-Learning-Environment-0.6.0/doc/java-agent/code/manifest.mf  
│    creating: Arcade-Learning-Environment-0.6.0/doc/java-agent/code/nbproject/
│   inflating: Arcade-Learning-Environment-0.6.0/doc/java-agent/code/nbproject/build-impl.xml  
│    creating: Arcade-Learning-Environment-0.6.0/doc/java-agent/code/nbproject/configs/
│  extracting: Arcade-Learning-Environment-0.6.0/doc/java-agent/code/nbproject/configs/Human.properties  
│   inflating: Arcade-Learning-Environment-0.6.0/doc/java-agent/code/nbproject/configs/RL.properties  
│   inflating: Arcade-Learning-Environment-0.6.0/doc/java-agent/code/nbproject/genfiles.properties  
│   inflating: Arcade-Learning-Environment-0.6.0/doc/java-agent/code/nbproject/project.properties  
│   inflating: Arcade-Learning-Environment-0.6.0/doc/java-agent/code/nbproject/project.xml  
│   inflating: Arcade-Learning-Environment-0.6.0/doc/java-agent/code/run_agent.perl  
│    creating: Arcade-Learning-Environment-0.6.0/doc/java-agent/code/src/
│    creating: Arcade-Learning-Environment-0.6.0/doc/java-agent/code/src/ale/
│    creating: Arcade-Learning-Environment-0.6.0/doc/java-agent/code/src/ale/agents/
│   inflating: Arcade-Learning-Environment-0.6.0/doc/java-agent/code/src/ale/agents/AbstractAgent.java  
│   inflating: Arcade-Learning-Environment-0.6.0/doc/java-agent/code/src/ale/agents/HumanAgent.java  
│   inflating: Arcade-Learning-Environment-0.6.0/doc/java-agent/code/src/ale/agents/RLAgent.java  
│    creating: Arcade-Learning-Environment-0.6.0/doc/java-agent/code/src/ale/gui/
│   inflating: Arcade-Learning-Environment-0.6.0/doc/java-agent/code/src/ale/gui/AbstractUI.java  
│   inflating: Arcade-Learning-Environment-0.6.0/doc/java-agent/code/src/ale/gui/AgentGUI.java  
│   inflating: Arcade-Learning-Environment-0.6.0/doc/java-agent/code/src/ale/gui/KeyboardControl.java  
│   inflating: Arcade-Learning-Environment-0.6.0/doc/java-agent/code/src/ale/gui/MessageHistory.java  
│   inflating: Arcade-Learning-Environment-0.6.0/doc/java-agent/code/src/ale/gui/NullUI.java  
│   inflating: Arcade-Learning-Environment-0.6.0/doc/java-agent/code/src/ale/gui/ScreenDisplay.java  
│    creating: Arcade-Learning-Environment-0.6.0/doc/java-agent/code/src/ale/io/
│   inflating: Arcade-Learning-Environment-0.6.0/doc/java-agent/code/src/ale/io/ALEPipes.java  
│   inflating: Arcade-Learning-Environment-0.6.0/doc/java-agent/code/src/ale/io/Actions.java  
│   inflating: Arcade-Learning-Environment-0.6.0/doc/java-agent/code/src/ale/io/ConsoleRAM.java  
│   inflating: Arcade-Learning-Environment-0.6.0/doc/java-agent/code/src/ale/io/RLData.java  
│    creating: Arcade-Learning-Environment-0.6.0/doc/java-agent/code/src/ale/movie/
│   inflating: Arcade-Learning-Environment-0.6.0/doc/java-agent/code/src/ale/movie/MovieGenerator.java  
│    creating: Arcade-Learning-Environment-0.6.0/doc/java-agent/code/src/ale/rl/
│   inflating: Arcade-Learning-Environment-0.6.0/doc/java-agent/code/src/ale/rl/FeatureMap.java  
│   inflating: Arcade-Learning-Environment-0.6.0/doc/java-agent/code/src/ale/rl/FrameHistory.java  
│   inflating: Arcade-Learning-Environment-0.6.0/doc/java-agent/code/src/ale/rl/LinearModel.java  
│   inflating: Arcade-Learning-Environment-0.6.0/doc/java-agent/code/src/ale/rl/SarsaLearner.java  
│    creating: Arcade-Learning-Environment-0.6.0/doc/java-agent/code/src/ale/screen/
│   inflating: Arcade-Learning-Environment-0.6.0/doc/java-agent/code/src/ale/screen/ColorPalette.java  
│   inflating: Arcade-Learning-Environment-0.6.0/doc/java-agent/code/src/ale/screen/NTSCPalette.java  
│   inflating: Arcade-Learning-Environment-0.6.0/doc/java-agent/code/src/ale/screen/SECAMPalette.java  
│   inflating: Arcade-Learning-Environment-0.6.0/doc/java-agent/code/src/ale/screen/ScreenConverter.java  
│   inflating: Arcade-Learning-Environment-0.6.0/doc/java-agent/code/src/ale/screen/ScreenMatrix.java  
│    creating: Arcade-Learning-Environment-0.6.0/doc/java-agent/manual/
│   inflating: Arcade-Learning-Environment-0.6.0/doc/java-agent/manual/Makefile  
│   inflating: Arcade-Learning-Environment-0.6.0/doc/java-agent/manual/java-agent.pdf  
│   inflating: Arcade-Learning-Environment-0.6.0/doc/java-agent/manual/java-agent.tex  
│    creating: Arcade-Learning-Environment-0.6.0/doc/manual/
│   inflating: Arcade-Learning-Environment-0.6.0/doc/manual/Makefile  
│    creating: Arcade-Learning-Environment-0.6.0/doc/manual/figures/
│   inflating: Arcade-Learning-Environment-0.6.0/doc/manual/figures/ale.gif  
│   inflating: Arcade-Learning-Environment-0.6.0/doc/manual/manual.pdf  
│   inflating: Arcade-Learning-Environment-0.6.0/doc/manual/manual.tex  
│    creating: Arcade-Learning-Environment-0.6.0/doc/scripts/
│   inflating: Arcade-Learning-Environment-0.6.0/doc/scripts/test_ale.sh  
│   inflating: Arcade-Learning-Environment-0.6.0/doc/scripts/videoRecordingExampleJoinMacOSX.sh  
│   inflating: Arcade-Learning-Environment-0.6.0/doc/scripts/videoRecordingExampleJoinUnix.sh  
│   inflating: Arcade-Learning-Environment-0.6.0/makefile.mac  
│   inflating: Arcade-Learning-Environment-0.6.0/makefile.unix  
│   inflating: Arcade-Learning-Environment-0.6.0/md5.txt  
│   inflating: Arcade-Learning-Environment-0.6.0/setup.py  
│    creating: Arcade-Learning-Environment-0.6.0/src/
│   inflating: Arcade-Learning-Environment-0.6.0/src/ale_interface.cpp  
│   inflating: Arcade-Learning-Environment-0.6.0/src/ale_interface.hpp  
│    creating: Arcade-Learning-Environment-0.6.0/src/common/
│   inflating: Arcade-Learning-Environment-0.6.0/src/common/Array.hxx  
│   inflating: Arcade-Learning-Environment-0.6.0/src/common/ColourPalette.cpp  
│   inflating: Arcade-Learning-Environment-0.6.0/src/common/ColourPalette.hpp  
│   inflating: Arcade-Learning-Environment-0.6.0/src/common/Constants.cpp  
│   inflating: Arcade-Learning-Environment-0.6.0/src/common/Constants.h  
│   inflating: Arcade-Learning-Environment-0.6.0/src/common/Log.cpp  
│   inflating: Arcade-Learning-Environment-0.6.0/src/common/Log.hpp  
│   inflating: Arcade-Learning-Environment-0.6.0/src/common/Palettes.hpp  
│   inflating: Arcade-Learning-Environment-0.6.0/src/common/ScreenExporter.cpp  
│   inflating: Arcade-Learning-Environment-0.6.0/src/common/ScreenExporter.hpp  
│   inflating: Arcade-Learning-Environment-0.6.0/src/common/SoundExporter.cpp  
│   inflating: Arcade-Learning-Environment-0.6.0/src/common/SoundExporter.hpp  
│   inflating: Arcade-Learning-Environment-0.6.0/src/common/SoundNull.cxx  
│   inflating: Arcade-Learning-Environment-0.6.0/src/common/SoundNull.hxx  
│   inflating: Arcade-Learning-Environment-0.6.0/src/common/SoundSDL.cxx  
│   inflating: Arcade-Learning-Environment-0.6.0/src/common/SoundSDL.hxx  
│   inflating: Arcade-Learning-Environment-0.6.0/src/common/Version.hxx  
│   inflating: Arcade-Learning-Environment-0.6.0/src/common/VideoModeList.hxx  
│   inflating: Arcade-Learning-Environment-0.6.0/src/common/display_screen.cpp  
│   inflating: Arcade-Learning-Environment-0.6.0/src/common/display_screen.h  
│   inflating: Arcade-Learning-Environment-0.6.0/src/common/misc_tools.h  
│   inflating: Arcade-Learning-Environment-0.6.0/src/common/module.mk  
│   inflating: Arcade-Learning-Environment-0.6.0/src/common/stella.png  
│   inflating: Arcade-Learning-Environment-0.6.0/src/common/stella.xpm  
│    creating: Arcade-Learning-Environment-0.6.0/src/controllers/
│   inflating: Arcade-Learning-Environment-0.6.0/src/controllers/ale_controller.cpp  
│   inflating: Arcade-Learning-Environment-0.6.0/src/controllers/ale_controller.hpp  
│   inflating: Arcade-Learning-Environment-0.6.0/src/controllers/fifo_controller.cpp  
│   inflating: Arcade-Learning-Environment-0.6.0/src/controllers/fifo_controller.hpp  
│   inflating: Arcade-Learning-Environment-0.6.0/src/controllers/module.mk  
│   inflating: Arcade-Learning-Environment-0.6.0/src/controllers/rlglue_controller.cpp  
│   inflating: Arcade-Learning-Environment-0.6.0/src/controllers/rlglue_controller.hpp  
│    creating: Arcade-Learning-Environment-0.6.0/src/emucore/
│   inflating: Arcade-Learning-Environment-0.6.0/src/emucore/AtariVox.cxx  
│   inflating: Arcade-Learning-Environment-0.6.0/src/emucore/AtariVox.hxx  
│   inflating: Arcade-Learning-Environment-0.6.0/src/emucore/Booster.cxx  
│   inflating: Arcade-Learning-Environment-0.6.0/src/emucore/Booster.hxx  
│   inflating: Arcade-Learning-Environment-0.6.0/src/emucore/Cart.cxx  
│   inflating: Arcade-Learning-Environment-0.6.0/src/emucore/Cart.hxx  
│   inflating: Arcade-Learning-Environment-0.6.0/src/emucore/Cart0840.cxx  
│   inflating: Arcade-Learning-Environment-0.6.0/src/emucore/Cart0840.hxx  
│   inflating: Arcade-Learning-Environment-0.6.0/src/emucore/Cart2K.cxx  
│   inflating: Arcade-Learning-Environment-0.6.0/src/emucore/Cart2K.hxx  
│   inflating: Arcade-Learning-Environment-0.6.0/src/emucore/Cart3E.cxx  
│   inflating: Arcade-Learning-Environment-0.6.0/src/emucore/Cart3E.hxx  
│   inflating: Arcade-Learning-Environment-0.6.0/src/emucore/Cart3F.cxx  
│   inflating: Arcade-Learning-Environment-0.6.0/src/emucore/Cart3F.hxx  
│   inflating: Arcade-Learning-Environment-0.6.0/src/emucore/Cart4A50.cxx  
│   inflating: Arcade-Learning-Environment-0.6.0/src/emucore/Cart4A50.hxx  
│   inflating: Arcade-Learning-Environment-0.6.0/src/emucore/Cart4K.cxx  
│   inflating: Arcade-Learning-Environment-0.6.0/src/emucore/Cart4K.hxx  
│   inflating: Arcade-Learning-Environment-0.6.0/src/emucore/CartAR.cxx  
│   inflating: Arcade-Learning-Environment-0.6.0/src/emucore/CartAR.hxx  
│   inflating: Arcade-Learning-Environment-0.6.0/src/emucore/CartCV.cxx  
│   inflating: Arcade-Learning-Environment-0.6.0/src/emucore/CartCV.hxx  
│   inflating: Arcade-Learning-Environment-0.6.0/src/emucore/CartDPC.cxx  
│   inflating: Arcade-Learning-Environment-0.6.0/src/emucore/CartDPC.hxx  
│   inflating: Arcade-Learning-Environment-0.6.0/src/emucore/CartE0.cxx  
│   inflating: Arcade-Learning-Environment-0.6.0/src/emucore/CartE0.hxx  
│   inflating: Arcade-Learning-Environment-0.6.0/src/emucore/CartE7.cxx  
│   inflating: Arcade-Learning-Environment-0.6.0/src/emucore/CartE7.hxx  
│   inflating: Arcade-Learning-Environment-0.6.0/src/emucore/CartF4.cxx  
│   inflating: Arcade-Learning-Environment-0.6.0/src/emucore/CartF4.hxx  
│   inflating: Arcade-Learning-Environment-0.6.0/src/emucore/CartF4SC.cxx  
│   inflating: Arcade-Learning-Environment-0.6.0/src/emucore/CartF4SC.hxx  
│   inflating: Arcade-Learning-Environment-0.6.0/src/emucore/CartF6.cxx  
│   inflating: Arcade-Learning-Environment-0.6.0/src/emucore/CartF6.hxx  
│   inflating: Arcade-Learning-Environment-0.6.0/src/emucore/CartF6SC.cxx  
│   inflating: Arcade-Learning-Environment-0.6.0/src/emucore/CartF6SC.hxx  
│   inflating: Arcade-Learning-Environment-0.6.0/src/emucore/CartF8.cxx  
│   inflating: Arcade-Learning-Environment-0.6.0/src/emucore/CartF8.hxx  
│   inflating: Arcade-Learning-Environment-0.6.0/src/emucore/CartF8SC.cxx  
│   inflating: Arcade-Learning-Environment-0.6.0/src/emucore/CartF8SC.hxx  
│   inflating: Arcade-Learning-Environment-0.6.0/src/emucore/CartFASC.cxx  
│   inflating: Arcade-Learning-Environment-0.6.0/src/emucore/CartFASC.hxx  
│   inflating: Arcade-Learning-Environment-0.6.0/src/emucore/CartFE.cxx  
│   inflating: Arcade-Learning-Environment-0.6.0/src/emucore/CartFE.hxx  
│   inflating: Arcade-Learning-Environment-0.6.0/src/emucore/CartMB.cxx  
│   inflating: Arcade-Learning-Environment-0.6.0/src/emucore/CartMB.hxx  
│   inflating: Arcade-Learning-Environment-0.6.0/src/emucore/CartMC.cxx  
│   inflating: Arcade-Learning-Environment-0.6.0/src/emucore/CartMC.hxx  
│   inflating: Arcade-Learning-Environment-0.6.0/src/emucore/CartUA.cxx  
│   inflating: Arcade-Learning-Environment-0.6.0/src/emucore/CartUA.hxx  
│   inflating: Arcade-Learning-Environment-0.6.0/src/emucore/Console.cxx  
│   inflating: Arcade-Learning-Environment-0.6.0/src/emucore/Console.hxx  
│   inflating: Arcade-Learning-Environment-0.6.0/src/emucore/Control.cxx  
│   inflating: Arcade-Learning-Environment-0.6.0/src/emucore/Control.hxx  
│   inflating: Arcade-Learning-Environment-0.6.0/src/emucore/DefProps.hxx  
│   inflating: Arcade-Learning-Environment-0.6.0/src/emucore/Deserializer.cxx  
│   inflating: Arcade-Learning-Environment-0.6.0/src/emucore/Deserializer.hxx  
│   inflating: Arcade-Learning-Environment-0.6.0/src/emucore/Driving.cxx  
│   inflating: Arcade-Learning-Environment-0.6.0/src/emucore/Driving.hxx  
│   inflating: Arcade-Learning-Environment-0.6.0/src/emucore/Event.cxx  
│   inflating: Arcade-Learning-Environment-0.6.0/src/emucore/Event.hxx  
│   inflating: Arcade-Learning-Environment-0.6.0/src/emucore/FSNode.cxx  
│   inflating: Arcade-Learning-Environment-0.6.0/src/emucore/FSNode.hxx  
│   inflating: Arcade-Learning-Environment-0.6.0/src/emucore/Joystick.cxx  
│   inflating: Arcade-Learning-Environment-0.6.0/src/emucore/Joystick.hxx  
│   inflating: Arcade-Learning-Environment-0.6.0/src/emucore/Keyboard.cxx  
│   inflating: Arcade-Learning-Environment-0.6.0/src/emucore/Keyboard.hxx  
│   inflating: Arcade-Learning-Environment-0.6.0/src/emucore/M6532.cxx  
│   inflating: Arcade-Learning-Environment-0.6.0/src/emucore/M6532.hxx  
│   inflating: Arcade-Learning-Environment-0.6.0/src/emucore/MD5.cxx  
│   inflating: Arcade-Learning-Environment-0.6.0/src/emucore/MD5.hxx  
│   inflating: Arcade-Learning-Environment-0.6.0/src/emucore/MediaSrc.cxx  
│   inflating: Arcade-Learning-Environment-0.6.0/src/emucore/MediaSrc.hxx  
│   inflating: Arcade-Learning-Environment-0.6.0/src/emucore/OSystem.cxx  
│   inflating: Arcade-Learning-Environment-0.6.0/src/emucore/OSystem.hxx  
│   inflating: Arcade-Learning-Environment-0.6.0/src/emucore/Paddles.cxx  
│   inflating: Arcade-Learning-Environment-0.6.0/src/emucore/Paddles.hxx  
│   inflating: Arcade-Learning-Environment-0.6.0/src/emucore/Props.cxx  
│   inflating: Arcade-Learning-Environment-0.6.0/src/emucore/Props.hxx  
│   inflating: Arcade-Learning-Environment-0.6.0/src/emucore/PropsSet.cxx  
│   inflating: Arcade-Learning-Environment-0.6.0/src/emucore/PropsSet.hxx  
│   inflating: Arcade-Learning-Environment-0.6.0/src/emucore/Random.cxx  
│   inflating: Arcade-Learning-Environment-0.6.0/src/emucore/Random.hxx  
│   inflating: Arcade-Learning-Environment-0.6.0/src/emucore/Serializer.cxx  
│   inflating: Arcade-Learning-Environment-0.6.0/src/emucore/Serializer.hxx  
│   inflating: Arcade-Learning-Environment-0.6.0/src/emucore/Settings.cxx  
│   inflating: Arcade-Learning-Environment-0.6.0/src/emucore/Settings.hxx  
│   inflating: Arcade-Learning-Environment-0.6.0/src/emucore/Sound.hxx  
│   inflating: Arcade-Learning-Environment-0.6.0/src/emucore/SpeakJet.cxx  
│   inflating: Arcade-Learning-Environment-0.6.0/src/emucore/SpeakJet.hxx  
│   inflating: Arcade-Learning-Environment-0.6.0/src/emucore/Switches.cxx  
│   inflating: Arcade-Learning-Environment-0.6.0/src/emucore/Switches.hxx  
│   inflating: Arcade-Learning-Environment-0.6.0/src/emucore/TIA.cxx  
│   inflating: Arcade-Learning-Environment-0.6.0/src/emucore/TIA.hxx  
│   inflating: Arcade-Learning-Environment-0.6.0/src/emucore/TIASnd.cxx  
│   inflating: Arcade-Learning-Environment-0.6.0/src/emucore/TIASnd.hxx  
│    creating: Arcade-Learning-Environment-0.6.0/src/emucore/m6502/
│   inflating: Arcade-Learning-Environment-0.6.0/src/emucore/m6502/Copyright.txt  
│   inflating: Arcade-Learning-Environment-0.6.0/src/emucore/m6502/License.txt  
│   inflating: Arcade-Learning-Environment-0.6.0/src/emucore/m6502/module.mk  
│    creating: Arcade-Learning-Environment-0.6.0/src/emucore/m6502/src/
│   inflating: Arcade-Learning-Environment-0.6.0/src/emucore/m6502/src/Device.cxx  
│   inflating: Arcade-Learning-Environment-0.6.0/src/emucore/m6502/src/Device.hxx  
│   inflating: Arcade-Learning-Environment-0.6.0/src/emucore/m6502/src/M6502.cxx  
│   inflating: Arcade-Learning-Environment-0.6.0/src/emucore/m6502/src/M6502.hxx  
│   inflating: Arcade-Learning-Environment-0.6.0/src/emucore/m6502/src/M6502.m4  
│   inflating: Arcade-Learning-Environment-0.6.0/src/emucore/m6502/src/M6502Hi.cxx  
│   inflating: Arcade-Learning-Environment-0.6.0/src/emucore/m6502/src/M6502Hi.hxx  
│   inflating: Arcade-Learning-Environment-0.6.0/src/emucore/m6502/src/M6502Hi.ins  
│   inflating: Arcade-Learning-Environment-0.6.0/src/emucore/m6502/src/M6502Hi.m4  
│   inflating: Arcade-Learning-Environment-0.6.0/src/emucore/m6502/src/M6502Low.cxx  
│   inflating: Arcade-Learning-Environment-0.6.0/src/emucore/m6502/src/M6502Low.hxx  
│   inflating: Arcade-Learning-Environment-0.6.0/src/emucore/m6502/src/M6502Low.ins  
│   inflating: Arcade-Learning-Environment-0.6.0/src/emucore/m6502/src/M6502Low.m4  
│   inflating: Arcade-Learning-Environment-0.6.0/src/emucore/m6502/src/NullDev.cxx  
│   inflating: Arcade-Learning-Environment-0.6.0/src/emucore/m6502/src/NullDev.hxx  
│   inflating: Arcade-Learning-Environment-0.6.0/src/emucore/m6502/src/System.cxx  
│   inflating: Arcade-Learning-Environment-0.6.0/src/emucore/m6502/src/System.hxx  
│    creating: Arcade-Learning-Environment-0.6.0/src/emucore/m6502/src/bspf/
│   inflating: Arcade-Learning-Environment-0.6.0/src/emucore/m6502/src/bspf/Copyright.txt  
│   inflating: Arcade-Learning-Environment-0.6.0/src/emucore/m6502/src/bspf/License.txt  
│    creating: Arcade-Learning-Environment-0.6.0/src/emucore/m6502/src/bspf/src/
│   inflating: Arcade-Learning-Environment-0.6.0/src/emucore/m6502/src/bspf/src/bspf.hxx  
│   inflating: Arcade-Learning-Environment-0.6.0/src/emucore/module.mk  
│    creating: Arcade-Learning-Environment-0.6.0/src/emucore/rsynth/
│   inflating: Arcade-Learning-Environment-0.6.0/src/emucore/rsynth/COPYING  
│   inflating: Arcade-Learning-Environment-0.6.0/src/emucore/rsynth/Elements.def  
│   inflating: Arcade-Learning-Environment-0.6.0/src/emucore/rsynth/PORTING  
│   inflating: Arcade-Learning-Environment-0.6.0/src/emucore/rsynth/config.h  
│   inflating: Arcade-Learning-Environment-0.6.0/src/emucore/rsynth/darray.c  
│   inflating: Arcade-Learning-Environment-0.6.0/src/emucore/rsynth/darray.h  
│   inflating: Arcade-Learning-Environment-0.6.0/src/emucore/rsynth/elements.c  
│   inflating: Arcade-Learning-Environment-0.6.0/src/emucore/rsynth/holmes.c  
│   inflating: Arcade-Learning-Environment-0.6.0/src/emucore/rsynth/kmap  
│   inflating: Arcade-Learning-Environment-0.6.0/src/emucore/rsynth/module.mk  
│   inflating: Arcade-Learning-Environment-0.6.0/src/emucore/rsynth/opsynth.c  
│   inflating: Arcade-Learning-Environment-0.6.0/src/emucore/rsynth/phfeat.h  
│   inflating: Arcade-Learning-Environment-0.6.0/src/emucore/rsynth/phones.c  
│   inflating: Arcade-Learning-Environment-0.6.0/src/emucore/rsynth/phones.def  
│   inflating: Arcade-Learning-Environment-0.6.0/src/emucore/rsynth/phones.h  
│   inflating: Arcade-Learning-Environment-0.6.0/src/emucore/rsynth/phtoelm.c  
│   inflating: Arcade-Learning-Environment-0.6.0/src/emucore/rsynth/phtoelm.def  
│   inflating: Arcade-Learning-Environment-0.6.0/src/emucore/rsynth/phtoelm.h  
│   inflating: Arcade-Learning-Environment-0.6.0/src/emucore/rsynth/rsynth.h  
│   inflating: Arcade-Learning-Environment-0.6.0/src/emucore/rsynth/trie.c  
│   inflating: Arcade-Learning-Environment-0.6.0/src/emucore/rsynth/trie.h  
│   inflating: Arcade-Learning-Environment-0.6.0/src/emucore/rsynth/useconfig.h  
│   inflating: Arcade-Learning-Environment-0.6.0/src/emucore/stella.pro  
│    creating: Arcade-Learning-Environment-0.6.0/src/environment/
│   inflating: Arcade-Learning-Environment-0.6.0/src/environment/ale_ram.hpp  
│   inflating: Arcade-Learning-Environment-0.6.0/src/environment/ale_screen.hpp  
│   inflating: Arcade-Learning-Environment-0.6.0/src/environment/ale_state.cpp  
│   inflating: Arcade-Learning-Environment-0.6.0/src/environment/ale_state.hpp  
│   inflating: Arcade-Learning-Environment-0.6.0/src/environment/module.mk  
│   inflating: Arcade-Learning-Environment-0.6.0/src/environment/phosphor_blend.cpp  
│   inflating: Arcade-Learning-Environment-0.6.0/src/environment/phosphor_blend.hpp  
│   inflating: Arcade-Learning-Environment-0.6.0/src/environment/stella_environment.cpp  
│   inflating: Arcade-Learning-Environment-0.6.0/src/environment/stella_environment.hpp  
│   inflating: Arcade-Learning-Environment-0.6.0/src/environment/stella_environment_wrapper.cpp  
│   inflating: Arcade-Learning-Environment-0.6.0/src/environment/stella_environment_wrapper.hpp  
│    creating: Arcade-Learning-Environment-0.6.0/src/external/
│    creating: Arcade-Learning-Environment-0.6.0/src/external/TinyMT/
│   inflating: Arcade-Learning-Environment-0.6.0/src/external/TinyMT/LICENSE.txt  
│   inflating: Arcade-Learning-Environment-0.6.0/src/external/TinyMT/tinymt32.c  
│   inflating: Arcade-Learning-Environment-0.6.0/src/external/TinyMT/tinymt32.h  
│   inflating: Arcade-Learning-Environment-0.6.0/src/external/module.mk  
│    creating: Arcade-Learning-Environment-0.6.0/src/games/
│   inflating: Arcade-Learning-Environment-0.6.0/src/games/RomSettings.cpp  
│   inflating: Arcade-Learning-Environment-0.6.0/src/games/RomSettings.hpp  
│   inflating: Arcade-Learning-Environment-0.6.0/src/games/RomUtils.cpp  
│   inflating: Arcade-Learning-Environment-0.6.0/src/games/RomUtils.hpp  
│   inflating: Arcade-Learning-Environment-0.6.0/src/games/Roms.cpp  
│   inflating: Arcade-Learning-Environment-0.6.0/src/games/Roms.hpp  
│   inflating: Arcade-Learning-Environment-0.6.0/src/games/module.mk  
│    creating: Arcade-Learning-Environment-0.6.0/src/games/supported/
│   inflating: Arcade-Learning-Environment-0.6.0/src/games/supported/Adventure.cpp  
│   inflating: Arcade-Learning-Environment-0.6.0/src/games/supported/Adventure.hpp  
│   inflating: Arcade-Learning-Environment-0.6.0/src/games/supported/AirRaid.cpp  
│   inflating: Arcade-Learning-Environment-0.6.0/src/games/supported/AirRaid.hpp  
│   inflating: Arcade-Learning-Environment-0.6.0/src/games/supported/Alien.cpp  
│   inflating: Arcade-Learning-Environment-0.6.0/src/games/supported/Alien.hpp  
│   inflating: Arcade-Learning-Environment-0.6.0/src/games/supported/Amidar.cpp  
│   inflating: Arcade-Learning-Environment-0.6.0/src/games/supported/Amidar.hpp  
│   inflating: Arcade-Learning-Environment-0.6.0/src/games/supported/Assault.cpp  
│   inflating: Arcade-Learning-Environment-0.6.0/src/games/supported/Assault.hpp  
│   inflating: Arcade-Learning-Environment-0.6.0/src/games/supported/Asterix.cpp  
│   inflating: Arcade-Learning-Environment-0.6.0/src/games/supported/Asterix.hpp  
│   inflating: Arcade-Learning-Environment-0.6.0/src/games/supported/Asteroids.cpp  
│   inflating: Arcade-Learning-Environment-0.6.0/src/games/supported/Asteroids.hpp  
│   inflating: Arcade-Learning-Environment-0.6.0/src/games/supported/Atlantis.cpp  
│   inflating: Arcade-Learning-Environment-0.6.0/src/games/supported/Atlantis.hpp  
│   inflating: Arcade-Learning-Environment-0.6.0/src/games/supported/BankHeist.cpp  
│   inflating: Arcade-Learning-Environment-0.6.0/src/games/supported/BankHeist.hpp  
│   inflating: Arcade-Learning-Environment-0.6.0/src/games/supported/BattleZone.cpp  
│   inflating: Arcade-Learning-Environment-0.6.0/src/games/supported/BattleZone.hpp  
│   inflating: Arcade-Learning-Environment-0.6.0/src/games/supported/BeamRider.cpp  
│   inflating: Arcade-Learning-Environment-0.6.0/src/games/supported/BeamRider.hpp  
│   inflating: Arcade-Learning-Environment-0.6.0/src/games/supported/Berzerk.cpp  
│   inflating: Arcade-Learning-Environment-0.6.0/src/games/supported/Berzerk.hpp  
│   inflating: Arcade-Learning-Environment-0.6.0/src/games/supported/Bowling.cpp  
│   inflating: Arcade-Learning-Environment-0.6.0/src/games/supported/Bowling.hpp  
│   inflating: Arcade-Learning-Environment-0.6.0/src/games/supported/Boxing.cpp  
│   inflating: Arcade-Learning-Environment-0.6.0/src/games/supported/Boxing.hpp  
│   inflating: Arcade-Learning-Environment-0.6.0/src/games/supported/Breakout.cpp  
│   inflating: Arcade-Learning-Environment-0.6.0/src/games/supported/Breakout.hpp  
│   inflating: Arcade-Learning-Environment-0.6.0/src/games/supported/Carnival.cpp  
│   inflating: Arcade-Learning-Environment-0.6.0/src/games/supported/Carnival.hpp  
│   inflating: Arcade-Learning-Environment-0.6.0/src/games/supported/Centipede.cpp  
│   inflating: Arcade-Learning-Environment-0.6.0/src/games/supported/Centipede.hpp  
│   inflating: Arcade-Learning-Environment-0.6.0/src/games/supported/ChopperCommand.cpp  
│   inflating: Arcade-Learning-Environment-0.6.0/src/games/supported/ChopperCommand.hpp  
│   inflating: Arcade-Learning-Environment-0.6.0/src/games/supported/CrazyClimber.cpp  
│   inflating: Arcade-Learning-Environment-0.6.0/src/games/supported/CrazyClimber.hpp  
│   inflating: Arcade-Learning-Environment-0.6.0/src/games/supported/Defender.cpp  
│   inflating: Arcade-Learning-Environment-0.6.0/src/games/supported/Defender.hpp  
│   inflating: Arcade-Learning-Environment-0.6.0/src/games/supported/DemonAttack.cpp  
│   inflating: Arcade-Learning-Environment-0.6.0/src/games/supported/DemonAttack.hpp  
│   inflating: Arcade-Learning-Environment-0.6.0/src/games/supported/DonkeyKong.cpp  
│   inflating: Arcade-Learning-Environment-0.6.0/src/games/supported/DonkeyKong.hpp  
│   inflating: Arcade-Learning-Environment-0.6.0/src/games/supported/DoubleDunk.cpp  
│   inflating: Arcade-Learning-Environment-0.6.0/src/games/supported/DoubleDunk.hpp  
│   inflating: Arcade-Learning-Environment-0.6.0/src/games/supported/ElevatorAction.cpp  
│   inflating: Arcade-Learning-Environment-0.6.0/src/games/supported/ElevatorAction.hpp  
│   inflating: Arcade-Learning-Environment-0.6.0/src/games/supported/Enduro.cpp  
│   inflating: Arcade-Learning-Environment-0.6.0/src/games/supported/Enduro.hpp  
│   inflating: Arcade-Learning-Environment-0.6.0/src/games/supported/FishingDerby.cpp  
│   inflating: Arcade-Learning-Environment-0.6.0/src/games/supported/FishingDerby.hpp  
│   inflating: Arcade-Learning-Environment-0.6.0/src/games/supported/Freeway.cpp  
│   inflating: Arcade-Learning-Environment-0.6.0/src/games/supported/Freeway.hpp  
│   inflating: Arcade-Learning-Environment-0.6.0/src/games/supported/Frogger.cpp  
│   inflating: Arcade-Learning-Environment-0.6.0/src/games/supported/Frogger.hpp  
│   inflating: Arcade-Learning-Environment-0.6.0/src/games/supported/Frostbite.cpp  
│   inflating: Arcade-Learning-Environment-0.6.0/src/games/supported/Frostbite.hpp  
│   inflating: Arcade-Learning-Environment-0.6.0/src/games/supported/Galaxian.cpp  
│   inflating: Arcade-Learning-Environment-0.6.0/src/games/supported/Galaxian.hpp  
│   inflating: Arcade-Learning-Environment-0.6.0/src/games/supported/Gopher.cpp  
│   inflating: Arcade-Learning-Environment-0.6.0/src/games/supported/Gopher.hpp  
│   inflating: Arcade-Learning-Environment-0.6.0/src/games/supported/Gravitar.cpp  
│   inflating: Arcade-Learning-Environment-0.6.0/src/games/supported/Gravitar.hpp  
│   inflating: Arcade-Learning-Environment-0.6.0/src/games/supported/Hero.cpp  
│   inflating: Arcade-Learning-Environment-0.6.0/src/games/supported/Hero.hpp  
│   inflating: Arcade-Learning-Environment-0.6.0/src/games/supported/IceHockey.cpp  
│   inflating: Arcade-Learning-Environment-0.6.0/src/games/supported/IceHockey.hpp  
│   inflating: Arcade-Learning-Environment-0.6.0/src/games/supported/JamesBond.cpp  
│   inflating: Arcade-Learning-Environment-0.6.0/src/games/supported/JamesBond.hpp  
│   inflating: Arcade-Learning-Environment-0.6.0/src/games/supported/JourneyEscape.cpp  
│   inflating: Arcade-Learning-Environment-0.6.0/src/games/supported/JourneyEscape.hpp  
│   inflating: Arcade-Learning-Environment-0.6.0/src/games/supported/Kaboom.cpp  
│   inflating: Arcade-Learning-Environment-0.6.0/src/games/supported/Kaboom.hpp  
│   inflating: Arcade-Learning-Environment-0.6.0/src/games/supported/Kangaroo.cpp  
│   inflating: Arcade-Learning-Environment-0.6.0/src/games/supported/Kangaroo.hpp  
│   inflating: Arcade-Learning-Environment-0.6.0/src/games/supported/KeystoneKapers.cpp  
│   inflating: Arcade-Learning-Environment-0.6.0/src/games/supported/KeystoneKapers.hpp  
│   inflating: Arcade-Learning-Environment-0.6.0/src/games/supported/Kingkong.cpp  
│   inflating: Arcade-Learning-Environment-0.6.0/src/games/supported/Kingkong.hpp  
│   inflating: Arcade-Learning-Environment-0.6.0/src/games/supported/Koolaid.cpp  
│   inflating: Arcade-Learning-Environment-0.6.0/src/games/supported/Koolaid.hpp  
│   inflating: Arcade-Learning-Environment-0.6.0/src/games/supported/Krull.cpp  
│   inflating: Arcade-Learning-Environment-0.6.0/src/games/supported/Krull.hpp  
│   inflating: Arcade-Learning-Environment-0.6.0/src/games/supported/KungFuMaster.cpp  
│   inflating: Arcade-Learning-Environment-0.6.0/src/games/supported/KungFuMaster.hpp  
│   inflating: Arcade-Learning-Environment-0.6.0/src/games/supported/LaserGates.cpp  
│   inflating: Arcade-Learning-Environment-0.6.0/src/games/supported/LaserGates.hpp  
│   inflating: Arcade-Learning-Environment-0.6.0/src/games/supported/LostLuggage.cpp  
│   inflating: Arcade-Learning-Environment-0.6.0/src/games/supported/LostLuggage.hpp  
│   inflating: Arcade-Learning-Environment-0.6.0/src/games/supported/MontezumaRevenge.cpp  
│   inflating: Arcade-Learning-Environment-0.6.0/src/games/supported/MontezumaRevenge.hpp  
│   inflating: Arcade-Learning-Environment-0.6.0/src/games/supported/MrDo.cpp  
│   inflating: Arcade-Learning-Environment-0.6.0/src/games/supported/MrDo.hpp  
│   inflating: Arcade-Learning-Environment-0.6.0/src/games/supported/MsPacman.cpp  
│   inflating: Arcade-Learning-Environment-0.6.0/src/games/supported/MsPacman.hpp  
│   inflating: Arcade-Learning-Environment-0.6.0/src/games/supported/NameThisGame.cpp  
│   inflating: Arcade-Learning-Environment-0.6.0/src/games/supported/NameThisGame.hpp  
│   inflating: Arcade-Learning-Environment-0.6.0/src/games/supported/Phoenix.cpp  
│   inflating: Arcade-Learning-Environment-0.6.0/src/games/supported/Phoenix.hpp  
│   inflating: Arcade-Learning-Environment-0.6.0/src/games/supported/Pitfall.cpp  
│   inflating: Arcade-Learning-Environment-0.6.0/src/games/supported/Pitfall.hpp  
│   inflating: Arcade-Learning-Environment-0.6.0/src/games/supported/Pong.cpp  
│   inflating: Arcade-Learning-Environment-0.6.0/src/games/supported/Pong.hpp  
│   inflating: Arcade-Learning-Environment-0.6.0/src/games/supported/Pooyan.cpp  
│   inflating: Arcade-Learning-Environment-0.6.0/src/games/supported/Pooyan.hpp  
│   inflating: Arcade-Learning-Environment-0.6.0/src/games/supported/PrivateEye.cpp  
│   inflating: Arcade-Learning-Environment-0.6.0/src/games/supported/PrivateEye.hpp  
│   inflating: Arcade-Learning-Environment-0.6.0/src/games/supported/QBert.cpp  
│   inflating: Arcade-Learning-Environment-0.6.0/src/games/supported/QBert.hpp  
│   inflating: Arcade-Learning-Environment-0.6.0/src/games/supported/RiverRaid.cpp  
│   inflating: Arcade-Learning-Environment-0.6.0/src/games/supported/RiverRaid.hpp  
│   inflating: Arcade-Learning-Environment-0.6.0/src/games/supported/RoadRunner.cpp  
│   inflating: Arcade-Learning-Environment-0.6.0/src/games/supported/RoadRunner.hpp  
│   inflating: Arcade-Learning-Environment-0.6.0/src/games/supported/RoboTank.cpp  
│   inflating: Arcade-Learning-Environment-0.6.0/src/games/supported/RoboTank.hpp  
│   inflating: Arcade-Learning-Environment-0.6.0/src/games/supported/Seaquest.cpp  
│   inflating: Arcade-Learning-Environment-0.6.0/src/games/supported/Seaquest.hpp  
│   inflating: Arcade-Learning-Environment-0.6.0/src/games/supported/SirLancelot.cpp  
│   inflating: Arcade-Learning-Environment-0.6.0/src/games/supported/SirLancelot.hpp  
│   inflating: Arcade-Learning-Environment-0.6.0/src/games/supported/Skiing.cpp  
│   inflating: Arcade-Learning-Environment-0.6.0/src/games/supported/Skiing.hpp  
│   inflating: Arcade-Learning-Environment-0.6.0/src/games/supported/Solaris.cpp  
│   inflating: Arcade-Learning-Environment-0.6.0/src/games/supported/Solaris.hpp  
│   inflating: Arcade-Learning-Environment-0.6.0/src/games/supported/SpaceInvaders.cpp  
│   inflating: Arcade-Learning-Environment-0.6.0/src/games/supported/SpaceInvaders.hpp  
│   inflating: Arcade-Learning-Environment-0.6.0/src/games/supported/StarGunner.cpp  
│   inflating: Arcade-Learning-Environment-0.6.0/src/games/supported/StarGunner.hpp  
│   inflating: Arcade-Learning-Environment-0.6.0/src/games/supported/Tennis.cpp  
│   inflating: Arcade-Learning-Environment-0.6.0/src/games/supported/Tennis.hpp  
│   inflating: Arcade-Learning-Environment-0.6.0/src/games/supported/Tetris.cpp  
│   inflating: Arcade-Learning-Environment-0.6.0/src/games/supported/Tetris.hpp  
│   inflating: Arcade-Learning-Environment-0.6.0/src/games/supported/TimePilot.cpp  
│   inflating: Arcade-Learning-Environment-0.6.0/src/games/supported/TimePilot.hpp  
│   inflating: Arcade-Learning-Environment-0.6.0/src/games/supported/Trondead.cpp  
│   inflating: Arcade-Learning-Environment-0.6.0/src/games/supported/Trondead.hpp  
│   inflating: Arcade-Learning-Environment-0.6.0/src/games/supported/Turmoil.cpp  
│   inflating: Arcade-Learning-Environment-0.6.0/src/games/supported/Turmoil.hpp  
│   inflating: Arcade-Learning-Environment-0.6.0/src/games/supported/Tutankham.cpp  
│   inflating: Arcade-Learning-Environment-0.6.0/src/games/supported/Tutankham.hpp  
│   inflating: Arcade-Learning-Environment-0.6.0/src/games/supported/UpNDown.cpp  
│   inflating: Arcade-Learning-Environment-0.6.0/src/games/supported/UpNDown.hpp  
│   inflating: Arcade-Learning-Environment-0.6.0/src/games/supported/Venture.cpp  
│   inflating: Arcade-Learning-Environment-0.6.0/src/games/supported/Venture.hpp  
│   inflating: Arcade-Learning-Environment-0.6.0/src/games/supported/VideoPinball.cpp  
│   inflating: Arcade-Learning-Environment-0.6.0/src/games/supported/VideoPinball.hpp  
│   inflating: Arcade-Learning-Environment-0.6.0/src/games/supported/WizardOfWor.cpp  
│   inflating: Arcade-Learning-Environment-0.6.0/src/games/supported/WizardOfWor.hpp  
│   inflating: Arcade-Learning-Environment-0.6.0/src/games/supported/YarsRevenge.cpp  
│   inflating: Arcade-Learning-Environment-0.6.0/src/games/supported/YarsRevenge.hpp  
│   inflating: Arcade-Learning-Environment-0.6.0/src/games/supported/Zaxxon.cpp  
│   inflating: Arcade-Learning-Environment-0.6.0/src/games/supported/Zaxxon.hpp  
│   inflating: Arcade-Learning-Environment-0.6.0/src/main.cpp  
│   inflating: Arcade-Learning-Environment-0.6.0/src/module.mk  
│    creating: Arcade-Learning-Environment-0.6.0/src/os_dependent/
│   inflating: Arcade-Learning-Environment-0.6.0/src/os_dependent/FSNodePOSIX.cxx  
│   inflating: Arcade-Learning-Environment-0.6.0/src/os_dependent/FSNodeWin32.cxx  
│   inflating: Arcade-Learning-Environment-0.6.0/src/os_dependent/OSystemUNIX.cxx  
│   inflating: Arcade-Learning-Environment-0.6.0/src/os_dependent/OSystemUNIX.hxx  
│   inflating: Arcade-Learning-Environment-0.6.0/src/os_dependent/OSystemWin32.cxx  
│   inflating: Arcade-Learning-Environment-0.6.0/src/os_dependent/OSystemWin32.hxx  
│   inflating: Arcade-Learning-Environment-0.6.0/src/os_dependent/SettingsUNIX.cxx  
│   inflating: Arcade-Learning-Environment-0.6.0/src/os_dependent/SettingsUNIX.hxx  
│   inflating: Arcade-Learning-Environment-0.6.0/src/os_dependent/SettingsWin32.cxx  
│   inflating: Arcade-Learning-Environment-0.6.0/src/os_dependent/SettingsWin32.hxx  
│   inflating: Arcade-Learning-Environment-0.6.0/src/os_dependent/module.mk  
│ [ Info: Attempting to create directory /root/.julia/packages/ArcadeLearningEnvironment/YJh2g/deps/src
│ [ Info: Attempting to create directory /root/.julia/packages/ArcadeLearningEnvironment/YJh2g/deps/usr/lib
│ [ Info: Changing directory to /root/.julia/packages/ArcadeLearningEnvironment/YJh2g/deps/src
│ [ Info: Changing directory to /root/.julia/packages/ArcadeLearningEnvironment/YJh2g/deps/src
│ [ Info: Changing directory to /root/.julia/packages/ArcadeLearningEnvironment/YJh2g/deps/src
│ [ Info: Changing directory to /root/.julia/packages/ArcadeLearningEnvironment/YJh2g/deps/src
│ [ Info: Changing directory to /root/.julia/packages/ArcadeLearningEnvironment/YJh2g/deps/src
│ [ Info: Changing directory to /root/.julia/packages/ArcadeLearningEnvironment/YJh2g/deps/src
│ [ Info: Changing directory to /root/.julia/packages/ArcadeLearningEnvironment/YJh2g/deps/src
│ [ Info: Changing directory to /root/.julia/packages/ArcadeLearningEnvironment/YJh2g/deps/src/Arcade-Learning-Environment-0.6.0
│ ERROR: LoadError: IOError: could not spawn `cmake -DUSE_SDL=OFF -DBUILD_EXAMPLES=OFF -DBUILD_CPP_LIB=OFF -DBUILD_CLI=OFF .`: no such file or directory (ENOENT)
│ Stacktrace:
│  [1] _spawn_primitive(::String, ::Cmd, ::Array{Any,1}) at ./process.jl:401
│  [2] setup_stdios(::getfield(Base, Symbol("##526#527")){Cmd}, ::Array{Any,1}) at ./process.jl:414
│  [3] _spawn at ./process.jl:413 [inlined]
│  [4] #run#536(::Bool, ::typeof(run), ::Cmd) at ./process.jl:727
│  [5] run(::Cmd) at ./process.jl:726
│  [6] run(::BinDeps.SynchronousStepCollection) at /root/.julia/packages/BinDeps/ZEval/src/BinDeps.jl:521 (repeats 2 times)
│  [7] run(::FileRule) at /root/.julia/packages/BinDeps/ZEval/src/BinDeps.jl:483
│  [8] run(::BinDeps.SynchronousStepCollection) at /root/.julia/packages/BinDeps/ZEval/src/BinDeps.jl:521 (repeats 2 times)
│  [9] satisfy!(::BinDeps.LibraryDependency, ::Array{DataType,1}) at /root/.julia/packages/BinDeps/ZEval/src/dependencies.jl:944
│  [10] satisfy!(::BinDeps.LibraryDependency) at /root/.julia/packages/BinDeps/ZEval/src/dependencies.jl:922
│  [11] top-level scope at /root/.julia/packages/BinDeps/ZEval/src/dependencies.jl:977
│  [12] top-level scope at /root/.julia/packages/ArcadeLearningEnvironment/YJh2g/deps/build.jl:70
│  [13] include at ./boot.jl:328 [inlined]
│  [14] include_relative(::Module, ::String) at ./loading.jl:1094
│  [15] include(::Module, ::String) at ./Base.jl:31
│  [16] include(::String) at ./client.jl:431
│  [17] top-level scope at none:5
│ in expression starting at /root/.julia/packages/ArcadeLearningEnvironment/YJh2g/deps/build.jl:31
└ @ Pkg.Operations /buildworker/worker/package_linux64/build/usr/share/julia/stdlib/v1.2/Pkg/src/backwards_compatible_isolation.jl:647
  Building CxxWrap ──────────────────→ `~/.julia/packages/CxxWrap/sarOk/deps/build.log`
  Building ViZDoom ──────────────────→ `~/.julia/packages/ViZDoom/IubYP/deps/build.log`
┌ Error: Error building `ViZDoom`: 
│ ┌ Warning: Could not extract the platform key of https://github.com/mwydmuch/ViZDoom/archive/1.1.6.tar.gz; continuing...
│ └ @ BinaryProvider ~/.julia/packages/BinaryProvider/kcGxO/src/Prefix.jl:185
│ [ Info: Downloading https://github.com/mwydmuch/ViZDoom/archive/1.1.6.tar.gz to /root/.julia/packages/ViZDoom/IubYP/deps/usr/downloads/1.1.6.tar.gz...
│ [ Info: `cmake -DJlCxx_DIR=/root/.julia/packages/CxxWrap/sarOk/deps/usr/lib/cmake/JlCxx -DBUILD_JULIA=ON -DJulia_EXECUTABLE=/opt/julia/bin/julia .`
│ ERROR: LoadError: IOError: could not spawn `cmake -DJlCxx_DIR=/root/.julia/packages/CxxWrap/sarOk/deps/usr/lib/cmake/JlCxx -DBUILD_JULIA=ON -DJulia_EXECUTABLE=/opt/julia/bin/julia .`: no such file or directory (ENOENT)
│ Stacktrace:
│  [1] _spawn_primitive(::String, ::Cmd, ::Array{Any,1}) at ./process.jl:401
│  [2] setup_stdios(::getfield(Base, Symbol("##526#527")){Cmd}, ::Array{Any,1}) at ./process.jl:414
│  [3] _spawn at ./process.jl:413 [inlined]
│  [4] #run#536(::Bool, ::typeof(run), ::Cmd) at ./process.jl:727
│  [5] run at ./process.jl:726 [inlined]
│  [6] #3 at /root/.julia/packages/ViZDoom/IubYP/deps/build.jl:20 [inlined]
│  [7] cd(::getfield(Main, Symbol("##3#4")), ::String) at ./file.jl:96
│  [8] top-level scope at /root/.julia/packages/ViZDoom/IubYP/deps/build.jl:20
│  [9] include at ./boot.jl:328 [inlined]
│  [10] include_relative(::Module, ::String) at ./loading.jl:1094
│  [11] include(::Module, ::String) at ./Base.jl:31
│  [12] include(::String) at ./client.jl:431
│  [13] top-level scope at none:5
│ in expression starting at /root/.julia/packages/ViZDoom/IubYP/deps/build.jl:20
│ [21:02:40] #=#=#                                                                         [21:02:40] ##O#- #                                                                       [21:02:40] ##O=#  #                                                                      [21:02:40] #=#=-#  #                                                                     [21:02:41] -#O#- #   #                                                                   [21:02:41]  -#O#-  #   #                                                                 [21:02:41]   -#O=#  #    #                                                               [21:02:41]    -#O=#   #   #                                                              [21:02:41]     -#O=#    #   #                                                            [21:02:41]      -#O=-#   #     #                                                         [21:02:42]       -=#=- #   #     #                                                       [21:02:42]        -=#=-  #    #    #                                                     [21:02:42]         -=O#-  #     #    #                                                   [21:02:42]          -=O=#   #     #     #                                                [21:02:42]           -=O=#     #    #     #                                              [21:02:42]            -=O=-#     #    #     #                                            [21:02:42]             -=O=-  #    #     #     #                                         [21:02:42]              -=O=-   #    #     #     #                                       [21:02:43]               -=O=-    #     #     #     #                                    [21:02:43]                -=O=-     #     #     #     #                                  [21:02:43]                 -=O=-      #     #     #      #                               [21:02:43]                  -=O=-        #     #     #     #                             [21:02:43]                   -=O=-         #     #     #     #                           [21:02:43] 
└ @ Pkg.Operations /buildworker/worker/package_linux64/build/usr/share/julia/stdlib/v1.2/Pkg/src/backwards_compatible_isolation.jl:647
  Building Conda ────────────────────→ `~/.julia/packages/Conda/kLXeC/deps/build.log`
  Building PyCall ───────────────────→ `~/.julia/packages/PyCall/ttONZ/deps/build.log`
  Building Clang ────────────────────→ `~/.julia/packages/Clang/CiPzM/deps/build.log`
  Building Hanabi ───────────────────→ `~/.julia/packages/Hanabi/AzFaJ/deps/build.log`
    Status `/tmp/jl_sLybBg/Manifest.toml`
  [b7f77d8d] ArcadeLearningEnvironment v0.2.1
  [ec485272] ArnoldiMethod v0.0.4
  [7d9fca2a] Arpack v0.3.1
  [8bb6e9a1] BeliefUpdaters v0.1.2
  [9e28174c] BinDeps v0.8.10
  [b99e7846] BinaryProvider v0.5.8
  [fa961155] CEnum v0.2.0
  [324d7699] CategoricalArrays v0.7.3
  [40e3b903] Clang v0.9.1
  [35d6a980] ColorSchemes v3.5.0
  [3da002f7] ColorTypes v0.8.0
  [5ae59095] Colors v0.9.6
  [34da2185] Compat v2.2.0
  [a81c6b42] Compose v0.7.3
  [8f4d0f93] Conda v1.3.0
  [1f15a43c] CxxWrap v0.8.2
  [9a962f9c] DataAPI v1.1.0
  [a93c6f00] DataFrames v0.19.4
  [864edb3b] DataStructures v0.17.6
  [e2d170a0] DataValueInterfaces v1.0.0
  [31c24e10] Distributions v0.21.8
  [53c48c17] FixedPointNumbers v0.6.1
  [28b8d3ca] GR v0.42.0
  [705708ad] Hanabi v0.1.2
  [d25df0c9] Inflate v0.1.1
  [41ab1584] InvertedIndices v1.0.0
  [c8e1da08] IterTools v1.3.0
  [82899510] IteratorInterfaceExtensions v1.0.0
  [682c06a0] JSON v0.21.0
  [093fc24a] LightGraphs v1.3.0
  [1914dd2f] MacroTools v0.5.2
  [442fdcdd] Measures v0.3.0
  [e1d29d7a] Missings v0.4.3
  [d9ec5142] NamedTupleTools v0.12.0
  [bac558e1] OrderedCollections v1.1.0
  [90014a1f] PDMats v0.9.10
  [08074719] POMDPModelTools v0.2.0
  [355abbd5] POMDPModels v0.4.0
  [182e52fb] POMDPPolicies v0.2.1
  [e0d0a172] POMDPSimulators v0.3.2
  [a93abf59] POMDPs v0.8.1
  [d96e819e] Parameters v0.12.0
  [69de0a69] Parsers v0.3.10
  [2dfb63ee] PooledArrays v0.5.2
  [92933f4c] ProgressMeter v1.2.0
  [438e738f] PyCall v1.91.2
  [1fd47b50] QuadGK v2.1.1
  [189a3867] Reexport v0.2.0
  [25e41dd2] ReinforcementLearningEnvironments v0.1.3
  [ae029012] Requires v0.5.2
  [79098fc4] Rmath v0.5.1
  [699a6c99] SimpleTraits v0.9.1
  [a2af1166] SortingAlgorithms v0.3.1
  [276daf66] SpecialFunctions v0.8.0
  [90137ffa] StaticArrays v0.12.1
  [2913bbd2] StatsBase v0.32.0
  [4c63d2b9] StatsFuns v0.9.0
  [3783bdb8] TableTraits v1.0.0
  [bd369af6] Tables v0.2.11
  [30578b45] URIParser v0.4.0
  [b8865327] UnicodePlots v1.1.0
  [81def892] VersionParsing v1.1.3
  [13bb3beb] ViZDoom v0.1.0
  [2a0f44e3] Base64  [`@stdlib/Base64`]
  [ade2ca70] Dates  [`@stdlib/Dates`]
  [8bb1440f] DelimitedFiles  [`@stdlib/DelimitedFiles`]
  [8ba89e20] Distributed  [`@stdlib/Distributed`]
  [9fa8497b] Future  [`@stdlib/Future`]
  [b77e0a4c] InteractiveUtils  [`@stdlib/InteractiveUtils`]
  [76f85450] LibGit2  [`@stdlib/LibGit2`]
  [8f399da3] Libdl  [`@stdlib/Libdl`]
  [37e2e46d] LinearAlgebra  [`@stdlib/LinearAlgebra`]
  [56ddb016] Logging  [`@stdlib/Logging`]
  [d6f4376e] Markdown  [`@stdlib/Markdown`]
  [a63ad114] Mmap  [`@stdlib/Mmap`]
  [44cfe95a] Pkg  [`@stdlib/Pkg`]
  [de0858da] Printf  [`@stdlib/Printf`]
  [3fa0cd96] REPL  [`@stdlib/REPL`]
  [9a3f8284] Random  [`@stdlib/Random`]
  [ea8e919c] SHA  [`@stdlib/SHA`]
  [9e88b42a] Serialization  [`@stdlib/Serialization`]
  [1a1011a3] SharedArrays  [`@stdlib/SharedArrays`]
  [6462fe0b] Sockets  [`@stdlib/Sockets`]
  [2f01184e] SparseArrays  [`@stdlib/SparseArrays`]
  [10745b16] Statistics  [`@stdlib/Statistics`]
  [4607b0f0] SuiteSparse  [`@stdlib/SuiteSparse`]
  [8dfed614] Test  [`@stdlib/Test`]
  [cf7118a7] UUIDs  [`@stdlib/UUIDs`]
  [4ec0a83e] Unicode  [`@stdlib/Unicode`]
ERROR: LoadError: LoadError: libale_c not properly installed. Please run Pkg.build("ArcadeLearningEnvironment")
Stacktrace:
 [1] error(::String) at ./error.jl:33
 [2] top-level scope at /root/.julia/packages/ArcadeLearningEnvironment/YJh2g/src/aleinterface.jl:5
 [3] include at ./boot.jl:328 [inlined]
 [4] include_relative(::Module, ::String) at ./loading.jl:1094
 [5] include at ./Base.jl:31 [inlined]
 [6] include(::String) at /root/.julia/packages/ArcadeLearningEnvironment/YJh2g/src/ArcadeLearningEnvironment.jl:2
 [7] top-level scope at /root/.julia/packages/ArcadeLearningEnvironment/YJh2g/src/ArcadeLearningEnvironment.jl:6
 [8] include at ./boot.jl:328 [inlined]
 [9] include_relative(::Module, ::String) at ./loading.jl:1094
 [10] include(::Module, ::String) at ./Base.jl:31
 [11] top-level scope at none:2
 [12] eval at ./boot.jl:330 [inlined]
 [13] eval(::Expr) at ./client.jl:432
 [14] top-level scope at ./none:3
in expression starting at /root/.julia/packages/ArcadeLearningEnvironment/YJh2g/src/aleinterface.jl:2
in expression starting at /root/.julia/packages/ArcadeLearningEnvironment/YJh2g/src/ArcadeLearningEnvironment.jl:6
ERROR: LoadError: Failed to precompile ArcadeLearningEnvironment [b7f77d8d-088d-5e02-8ac0-89aab2acc977] to /root/.julia/compiled/v1.2/ArcadeLearningEnvironment/PemWP.ji.
Stacktrace:
 [1] error(::String) at ./error.jl:33
 [2] compilecache(::Base.PkgId, ::String) at ./loading.jl:1253
 [3] _require(::Base.PkgId) at ./loading.jl:1013
 [4] require(::Base.PkgId) at ./loading.jl:911
 [5] require(::Module, ::Symbol) at ./loading.jl:906
 [6] include at ./boot.jl:328 [inlined]
 [7] include_relative(::Module, ::String) at ./loading.jl:1094
 [8] include(::Module, ::String) at ./Base.jl:31
 [9] include(::String) at ./client.jl:431
 [10] top-level scope at none:5
in expression starting at /root/.julia/packages/ReinforcementLearningEnvironments/mz0wJ/test/runtests.jl:3
ERROR: Package ReinforcementLearningEnvironments errored during testing
Stacktrace:
 [1] pkgerror(::String, ::Vararg{String,N} where N) at /buildworker/worker/package_linux64/build/usr/share/julia/stdlib/v1.2/Pkg/src/Types.jl:112
 [2] #test#119(::Bool, ::Nothing, ::typeof(Pkg.Operations.test), ::Pkg.Types.Context, ::Array{Pkg.Types.PackageSpec,1}) at /buildworker/worker/package_linux64/build/usr/share/julia/stdlib/v1.2/Pkg/src/Operations.jl:1288
 [3] #test at ./none:0 [inlined]
 [4] #test#62(::Bool, ::Nothing, ::Base.Iterators.Pairs{Union{},Union{},Tuple{},NamedTuple{(),Tuple{}}}, ::typeof(Pkg.API.test), ::Pkg.Types.Context, ::Array{Pkg.Types.PackageSpec,1}) at /buildworker/worker/package_linux64/build/usr/share/julia/stdlib/v1.2/Pkg/src/API.jl:245
 [5] test at /buildworker/worker/package_linux64/build/usr/share/julia/stdlib/v1.2/Pkg/src/API.jl:233 [inlined]
 [6] #test#61 at /buildworker/worker/package_linux64/build/usr/share/julia/stdlib/v1.2/Pkg/src/API.jl:230 [inlined]
 [7] test at /buildworker/worker/package_linux64/build/usr/share/julia/stdlib/v1.2/Pkg/src/API.jl:230 [inlined]
 [8] #test#60 at /buildworker/worker/package_linux64/build/usr/share/julia/stdlib/v1.2/Pkg/src/API.jl:229 [inlined]
 [9] test at /buildworker/worker/package_linux64/build/usr/share/julia/stdlib/v1.2/Pkg/src/API.jl:229 [inlined]
 [10] #test#59(::Base.Iterators.Pairs{Union{},Union{},Tuple{},NamedTuple{(),Tuple{}}}, ::typeof(Pkg.API.test), ::String) at /buildworker/worker/package_linux64/build/usr/share/julia/stdlib/v1.2/Pkg/src/API.jl:228
 [11] test(::String) at /buildworker/worker/package_linux64/build/usr/share/julia/stdlib/v1.2/Pkg/src/API.jl:228
 [12] top-level scope at none:10
