 Resolving package versions...
 Installed BatchedRoutines ─ v0.2.1
  Updating `~/.julia/environments/v1.2/Project.toml`
  [a9ab73d0] + BatchedRoutines v0.2.1
  Updating `~/.julia/environments/v1.2/Manifest.toml`
  [a9ab73d0] + BatchedRoutines v0.2.1
  [8f399da3] + Libdl 
  [37e2e46d] + LinearAlgebra 
   Testing BatchedRoutines
 Resolving package versions...
    Status `/tmp/jl_aNsm9a/Manifest.toml`
  [a9ab73d0] BatchedRoutines v0.2.1
  [2a0f44e3] Base64  [`@stdlib/Base64`]
  [8ba89e20] Distributed  [`@stdlib/Distributed`]
  [b77e0a4c] InteractiveUtils  [`@stdlib/InteractiveUtils`]
  [8f399da3] Libdl  [`@stdlib/Libdl`]
  [37e2e46d] LinearAlgebra  [`@stdlib/LinearAlgebra`]
  [56ddb016] Logging  [`@stdlib/Logging`]
  [d6f4376e] Markdown  [`@stdlib/Markdown`]
  [9a3f8284] Random  [`@stdlib/Random`]
  [9e88b42a] Serialization  [`@stdlib/Serialization`]
  [6462fe0b] Sockets  [`@stdlib/Sockets`]
  [8dfed614] Test  [`@stdlib/Test`]
Test Summary: | Pass  Total
Testing BLAS  |   16     16
   Testing BatchedRoutines tests passed 
