 Resolving package versions...
 Installed HTTPClient ───────── v0.2.1
 Installed URIParser ────────── v0.4.0
 Installed WinRPM ───────────── v0.4.2
 Installed ApplicationBuilder ─ v0.4.0
 Installed LibExpat ─────────── v0.5.0
 Installed BinDeps ──────────── v0.8.10
 Installed ArgParse ─────────── v0.6.2
 Installed BinaryProvider ───── v0.5.8
 Installed Glob ─────────────── v1.2.0
 Installed TextWrap ─────────── v0.3.0
 Installed BufferedStreams ──── v1.0.0
 Installed Libz ─────────────── v1.0.0
 Installed LibCURL ──────────── v0.5.2
 Installed PackageCompiler ──── v0.6.4
 Installed Compat ───────────── v2.2.0
  Updating `~/.julia/environments/v1.0/Project.toml`
  [f9309374] + ApplicationBuilder v0.4.0
  Updating `~/.julia/environments/v1.0/Manifest.toml`
  [f9309374] + ApplicationBuilder v0.4.0
  [c7e460c6] + ArgParse v0.6.2
  [9e28174c] + BinDeps v0.8.10
  [b99e7846] + BinaryProvider v0.5.8
  [e1450e63] + BufferedStreams v1.0.0
  [34da2185] + Compat v2.2.0
  [c27321d9] + Glob v1.2.0
  [0862f596] + HTTPClient v0.2.1
  [b27032c2] + LibCURL v0.5.2
  [522f3ed2] + LibExpat v0.5.0
  [2ec943e9] + Libz v1.0.0
  [9b87118b] + PackageCompiler v0.6.4
  [b718987f] + TextWrap v0.3.0
  [30578b45] + URIParser v0.4.0
  [c17dfb99] + WinRPM v0.4.2
  [2a0f44e3] + Base64 
  [ade2ca70] + Dates 
  [8bb1440f] + DelimitedFiles 
  [8ba89e20] + Distributed 
  [b77e0a4c] + InteractiveUtils 
  [76f85450] + LibGit2 
  [8f399da3] + Libdl 
  [37e2e46d] + LinearAlgebra 
  [56ddb016] + Logging 
  [d6f4376e] + Markdown 
  [a63ad114] + Mmap 
  [44cfe95a] + Pkg 
  [de0858da] + Printf 
  [3fa0cd96] + REPL 
  [9a3f8284] + Random 
  [ea8e919c] + SHA 
  [9e88b42a] + Serialization 
  [1a1011a3] + SharedArrays 
  [6462fe0b] + Sockets 
  [2f01184e] + SparseArrays 
  [10745b16] + Statistics 
  [8dfed614] + Test 
  [cf7118a7] + UUIDs 
  [4ec0a83e] + Unicode 
  Building LibCURL ────────→ `~/.julia/packages/LibCURL/lWJxD/deps/build.log`
  Building WinRPM ─────────→ `~/.julia/packages/WinRPM/Y9QdZ/deps/build.log`
  Building PackageCompiler → `~/.julia/packages/PackageCompiler/CJQcs/deps/build.log`
   Testing ApplicationBuilder
 Resolving package versions...
    Status `/tmp/tmpjy6qms/Manifest.toml`
  [f9309374] ApplicationBuilder v0.4.0
  [c7e460c6] ArgParse v0.6.2
  [9e28174c] BinDeps v0.8.10
  [b99e7846] BinaryProvider v0.5.8
  [e1450e63] BufferedStreams v1.0.0
  [34da2185] Compat v2.2.0
  [c27321d9] Glob v1.2.0
  [0862f596] HTTPClient v0.2.1
  [b27032c2] LibCURL v0.5.2
  [522f3ed2] LibExpat v0.5.0
  [2ec943e9] Libz v1.0.0
  [9b87118b] PackageCompiler v0.6.4
  [b718987f] TextWrap v0.3.0
  [30578b45] URIParser v0.4.0
  [c17dfb99] WinRPM v0.4.2
  [2a0f44e3] Base64  [`@stdlib/Base64`]
  [ade2ca70] Dates  [`@stdlib/Dates`]
  [8bb1440f] DelimitedFiles  [`@stdlib/DelimitedFiles`]
  [8ba89e20] Distributed  [`@stdlib/Distributed`]
  [b77e0a4c] InteractiveUtils  [`@stdlib/InteractiveUtils`]
  [76f85450] LibGit2  [`@stdlib/LibGit2`]
  [8f399da3] Libdl  [`@stdlib/Libdl`]
  [37e2e46d] LinearAlgebra  [`@stdlib/LinearAlgebra`]
  [56ddb016] Logging  [`@stdlib/Logging`]
  [d6f4376e] Markdown  [`@stdlib/Markdown`]
  [a63ad114] Mmap  [`@stdlib/Mmap`]
  [44cfe95a] Pkg  [`@stdlib/Pkg`]
  [de0858da] Printf  [`@stdlib/Printf`]
  [3fa0cd96] REPL  [`@stdlib/REPL`]
  [9a3f8284] Random  [`@stdlib/Random`]
  [ea8e919c] SHA  [`@stdlib/SHA`]
  [9e88b42a] Serialization  [`@stdlib/Serialization`]
  [1a1011a3] SharedArrays  [`@stdlib/SharedArrays`]
  [6462fe0b] Sockets  [`@stdlib/Sockets`]
  [2f01184e] SparseArrays  [`@stdlib/SparseArrays`]
  [10745b16] Statistics  [`@stdlib/Statistics`]
  [8dfed614] Test  [`@stdlib/Test`]
  [cf7118a7] UUIDs  [`@stdlib/UUIDs`]
  [4ec0a83e] Unicode  [`@stdlib/Unicode`]
   Testing ApplicationBuilder tests passed 
