 Resolving package versions...
 Installed DataAPI ──────────── v1.1.0
 Installed RandomQuantum ────── v0.1.0
 Installed Missings ─────────── v0.4.3
 Installed QuantumInfo ──────── v0.1.0
 Installed Cliffords ────────── v0.6.0
 Installed OrderedCollections ─ v1.1.0
 Installed StaticArrays ─────── v0.12.1
 Installed StatsBase ────────── v0.32.0
 Installed SortingAlgorithms ── v0.3.1
 Installed DataStructures ───── v0.17.6
  Updating `~/.julia/environments/v1.0/Project.toml`
  [7779672a] + RandomQuantum v0.1.0
  Updating `~/.julia/environments/v1.0/Manifest.toml`
  [276b0191] + Cliffords v0.6.0
  [9a962f9c] + DataAPI v1.1.0
  [864edb3b] + DataStructures v0.17.6
  [e1d29d7a] + Missings v0.4.3
  [bac558e1] + OrderedCollections v1.1.0
  [bedefb8d] + QuantumInfo v0.1.0
  [7779672a] + RandomQuantum v0.1.0
  [a2af1166] + SortingAlgorithms v0.3.1
  [90137ffa] + StaticArrays v0.12.1
  [2913bbd2] + StatsBase v0.32.0
  [2a0f44e3] + Base64 
  [8ba89e20] + Distributed 
  [b77e0a4c] + InteractiveUtils 
  [8f399da3] + Libdl 
  [37e2e46d] + LinearAlgebra 
  [56ddb016] + Logging 
  [d6f4376e] + Markdown 
  [de0858da] + Printf 
  [9a3f8284] + Random 
  [9e88b42a] + Serialization 
  [6462fe0b] + Sockets 
  [2f01184e] + SparseArrays 
  [10745b16] + Statistics 
  [8dfed614] + Test 
  [4ec0a83e] + Unicode 
   Testing RandomQuantum
    Status `/tmp/tmpGbJSE8/Manifest.toml`
  [276b0191] Cliffords v0.6.0
  [9a962f9c] DataAPI v1.1.0
  [864edb3b] DataStructures v0.17.6
  [e1d29d7a] Missings v0.4.3
  [bac558e1] OrderedCollections v1.1.0
  [bedefb8d] QuantumInfo v0.1.0
  [7779672a] RandomQuantum v0.1.0
  [a2af1166] SortingAlgorithms v0.3.1
  [90137ffa] StaticArrays v0.12.1
  [2913bbd2] StatsBase v0.32.0
  [2a0f44e3] Base64  [`@stdlib/Base64`]
  [8ba89e20] Distributed  [`@stdlib/Distributed`]
  [b77e0a4c] InteractiveUtils  [`@stdlib/InteractiveUtils`]
  [8f399da3] Libdl  [`@stdlib/Libdl`]
  [37e2e46d] LinearAlgebra  [`@stdlib/LinearAlgebra`]
  [56ddb016] Logging  [`@stdlib/Logging`]
  [d6f4376e] Markdown  [`@stdlib/Markdown`]
  [de0858da] Printf  [`@stdlib/Printf`]
  [9a3f8284] Random  [`@stdlib/Random`]
  [9e88b42a] Serialization  [`@stdlib/Serialization`]
  [6462fe0b] Sockets  [`@stdlib/Sockets`]
  [2f01184e] SparseArrays  [`@stdlib/SparseArrays`]
  [10745b16] Statistics  [`@stdlib/Statistics`]
  [8dfed614] Test  [`@stdlib/Test`]
  [4ec0a83e] Unicode  [`@stdlib/Unicode`]
Test Summary:          | Pass  Total
Randomized GinUE tests |   20     20
Test Summary:                        | Pass  Total
Randomized FubiniStudyEnsemble tests |   30     30
Test Summary:         | Pass  Total
Randomized FSOE tests |   50     50
Test Summary:         | Pass  Total
Randomized HSOE tests |   50     50
Test Summary:   | Pass  Total
BuresMixedState |   50     50
Test Summary:      | Pass  Total
ClosedHaarEnsemble |   30     30
Test Summary:    | Pass  Total
OpenHaarEnsemble |   30     30
Test Summary:   | Pass  Total
ClosedEvolution |   30     30
Test Summary: | Pass  Total
OpenEvolution |   10     10
   Testing RandomQuantum tests passed 
