 Resolving package versions...
 Installed InvertedIndices ───────────── v1.0.0
 Installed Requires ──────────────────── v0.5.2
 Installed IteratorInterfaceExtensions ─ v1.0.0
 Installed Arpack ────────────────────── v0.3.1
 Installed GPUArrays ─────────────────── v2.0.0
 Installed RegressionTables ──────────── v0.2.1
 Installed GLM ───────────────────────── v1.3.4
 Installed BinaryProvider ────────────── v0.5.8
 Installed RecipesBase ───────────────── v0.7.0
 Installed Adapt ─────────────────────── v1.0.0
 Installed Parsers ───────────────────── v0.3.10
 Installed MacroTools ────────────────── v0.5.2
 Installed DataStructures ────────────── v0.17.6
 Installed FixedEffectModels ─────────── v0.10.2
 Installed CuArrays ──────────────────── v1.4.7
 Installed Reexport ──────────────────── v0.2.0
 Installed DataValueInterfaces ───────── v1.0.0
 Installed BinDeps ───────────────────── v0.8.10
 Installed SpecialFunctions ──────────── v0.8.0
 Installed DataAPI ───────────────────── v1.1.0
 Installed JSON ──────────────────────── v0.21.0
 Installed CUDAapi ───────────────────── v2.0.0
 Installed AbstractFFTs ──────────────── v0.4.1
 Installed PDMats ────────────────────── v0.9.10
 Installed Polynomials ───────────────── v0.6.0
 Installed CEnum ─────────────────────── v0.2.0
 Installed URIParser ─────────────────── v0.4.0
 Installed Distributions ─────────────── v0.21.8
 Installed FixedEffects ──────────────── v0.6.1
 Installed DataFrames ────────────────── v0.19.4
 Installed SortingAlgorithms ─────────── v0.3.1
 Installed NNlib ─────────────────────── v0.6.0
 Installed TimerOutputs ──────────────── v0.5.3
 Installed CUDAdrv ───────────────────── v4.0.4
 Installed CUDAnative ────────────────── v2.5.5
 Installed StatsBase ─────────────────── v0.32.0
 Installed StatsModels ───────────────── v0.6.7
 Installed PooledArrays ──────────────── v0.5.2
 Installed FillArrays ────────────────── v0.8.2
 Installed OrderedCollections ────────── v1.1.0
 Installed Formatting ────────────────── v0.4.1
 Installed Missings ──────────────────── v0.4.3
 Installed CategoricalArrays ─────────── v0.7.3
 Installed TableTraits ───────────────── v1.0.0
 Installed LLVM ──────────────────────── v1.3.2
 Installed Combinatorics ─────────────── v0.7.0
 Installed Rmath ─────────────────────── v0.5.1
 Installed ShiftedArrays ─────────────── v1.0.0
 Installed QuadGK ────────────────────── v2.1.1
 Installed Tables ────────────────────── v0.2.11
 Installed StatsFuns ─────────────────── v0.9.0
 Installed Compat ────────────────────── v2.2.0
  Updating `~/.julia/environments/v1.0/Project.toml`
  [d519eb52] + RegressionTables v0.2.1
  Updating `~/.julia/environments/v1.0/Manifest.toml`
  [621f4979] + AbstractFFTs v0.4.1
  [79e6a3ab] + Adapt v1.0.0
  [7d9fca2a] + Arpack v0.3.1
  [9e28174c] + BinDeps v0.8.10
  [b99e7846] + BinaryProvider v0.5.8
  [fa961155] + CEnum v0.2.0
  [3895d2a7] + CUDAapi v2.0.0
  [c5f51814] + CUDAdrv v4.0.4
  [be33ccc6] + CUDAnative v2.5.5
  [324d7699] + CategoricalArrays v0.7.3
  [861a8166] + Combinatorics v0.7.0
  [34da2185] + Compat v2.2.0
  [3a865a2d] + CuArrays v1.4.7
  [9a962f9c] + DataAPI v1.1.0
  [a93c6f00] + DataFrames v0.19.4
  [864edb3b] + DataStructures v0.17.6
  [e2d170a0] + DataValueInterfaces v1.0.0
  [31c24e10] + Distributions v0.21.8
  [1a297f60] + FillArrays v0.8.2
  [9d5cd8c9] + FixedEffectModels v0.10.2
  [c8885935] + FixedEffects v0.6.1
  [59287772] + Formatting v0.4.1
  [38e38edf] + GLM v1.3.4
  [0c68f7d7] + GPUArrays v2.0.0
  [41ab1584] + InvertedIndices v1.0.0
  [82899510] + IteratorInterfaceExtensions v1.0.0
  [682c06a0] + JSON v0.21.0
  [929cbde3] + LLVM v1.3.2
  [1914dd2f] + MacroTools v0.5.2
  [e1d29d7a] + Missings v0.4.3
  [872c559c] + NNlib v0.6.0
  [bac558e1] + OrderedCollections v1.1.0
  [90014a1f] + PDMats v0.9.10
  [69de0a69] + Parsers v0.3.10
  [f27b6e38] + Polynomials v0.6.0
  [2dfb63ee] + PooledArrays v0.5.2
  [1fd47b50] + QuadGK v2.1.1
  [3cdcf5f2] + RecipesBase v0.7.0
  [189a3867] + Reexport v0.2.0
  [d519eb52] + RegressionTables v0.2.1
  [ae029012] + Requires v0.5.2
  [79098fc4] + Rmath v0.5.1
  [1277b4bf] + ShiftedArrays v1.0.0
  [a2af1166] + SortingAlgorithms v0.3.1
  [276daf66] + SpecialFunctions v0.8.0
  [2913bbd2] + StatsBase v0.32.0
  [4c63d2b9] + StatsFuns v0.9.0
  [3eaba693] + StatsModels v0.6.7
  [3783bdb8] + TableTraits v1.0.0
  [bd369af6] + Tables v0.2.11
  [a759f4b9] + TimerOutputs v0.5.3
  [30578b45] + URIParser v0.4.0
  [2a0f44e3] + Base64 
  [ade2ca70] + Dates 
  [8bb1440f] + DelimitedFiles 
  [8ba89e20] + Distributed 
  [9fa8497b] + Future 
  [b77e0a4c] + InteractiveUtils 
  [76f85450] + LibGit2 
  [8f399da3] + Libdl 
  [37e2e46d] + LinearAlgebra 
  [56ddb016] + Logging 
  [d6f4376e] + Markdown 
  [a63ad114] + Mmap 
  [44cfe95a] + Pkg 
  [de0858da] + Printf 
  [3fa0cd96] + REPL 
  [9a3f8284] + Random 
  [ea8e919c] + SHA 
  [9e88b42a] + Serialization 
  [1a1011a3] + SharedArrays 
  [6462fe0b] + Sockets 
  [2f01184e] + SparseArrays 
  [10745b16] + Statistics 
  [4607b0f0] + SuiteSparse 
  [8dfed614] + Test 
  [cf7118a7] + UUIDs 
  [4ec0a83e] + Unicode 
  Building Arpack ──────────→ `~/.julia/packages/Arpack/cu5By/deps/build.log`
  Building SpecialFunctions → `~/.julia/packages/SpecialFunctions/ne2iw/deps/build.log`
  Building Rmath ───────────→ `~/.julia/packages/Rmath/4wt82/deps/build.log`
   Testing RegressionTables
 Resolving package versions...
 Installed WeakRefStrings ───── v0.6.1
 Installed FilePathsBase ────── v0.7.0
 Installed Mocking ──────────── v0.7.0
 Installed ArrayLayouts ─────── v0.1.5
 Installed StaticArrays ─────── v0.12.1
 Installed FileIO ───────────── v1.0.7
 Installed LazyArrays ───────── v0.14.8
 Installed CodecZlib ────────── v0.6.0
 Installed RData ────────────── v0.6.3
 Installed TimeZones ────────── v0.10.3
 Installed EzXML ────────────── v0.9.4
 Installed TranscodingStreams ─ v0.9.5
 Installed CSV ──────────────── v0.5.18
 Installed RDatasets ────────── v0.6.5
  Building CodecZlib → `~/.julia/packages/CodecZlib/5t9zO/deps/build.log`
  Building EzXML ────→ `~/.julia/packages/EzXML/G0JeY/deps/build.log`
  Building TimeZones → `~/.julia/packages/TimeZones/pjvlM/deps/build.log`
    Status `/tmp/tmpFtVX4E/Manifest.toml`
  [621f4979] AbstractFFTs v0.4.1
  [79e6a3ab] Adapt v1.0.0
  [7d9fca2a] Arpack v0.3.1
  [4c555306] ArrayLayouts v0.1.5
  [9e28174c] BinDeps v0.8.10
  [b99e7846] BinaryProvider v0.5.8
  [fa961155] CEnum v0.2.0
  [336ed68f] CSV v0.5.18
  [3895d2a7] CUDAapi v2.0.0
  [c5f51814] CUDAdrv v4.0.4
  [be33ccc6] CUDAnative v2.5.5
  [324d7699] CategoricalArrays v0.7.3
  [944b1d66] CodecZlib v0.6.0
  [861a8166] Combinatorics v0.7.0
  [34da2185] Compat v2.2.0
  [3a865a2d] CuArrays v1.4.7
  [9a962f9c] DataAPI v1.1.0
  [a93c6f00] DataFrames v0.19.4
  [864edb3b] DataStructures v0.17.6
  [e2d170a0] DataValueInterfaces v1.0.0
  [31c24e10] Distributions v0.21.8
  [8f5d6c58] EzXML v0.9.4
  [5789e2e9] FileIO v1.0.7
  [48062228] FilePathsBase v0.7.0
  [1a297f60] FillArrays v0.8.2
  [9d5cd8c9] FixedEffectModels v0.10.2
  [c8885935] FixedEffects v0.6.1
  [59287772] Formatting v0.4.1
  [38e38edf] GLM v1.3.4
  [0c68f7d7] GPUArrays v2.0.0
  [41ab1584] InvertedIndices v1.0.0
  [82899510] IteratorInterfaceExtensions v1.0.0
  [682c06a0] JSON v0.21.0
  [929cbde3] LLVM v1.3.2
  [5078a376] LazyArrays v0.14.8
  [1914dd2f] MacroTools v0.5.2
  [e1d29d7a] Missings v0.4.3
  [78c3b35d] Mocking v0.7.0
  [872c559c] NNlib v0.6.0
  [bac558e1] OrderedCollections v1.1.0
  [90014a1f] PDMats v0.9.10
  [69de0a69] Parsers v0.3.10
  [f27b6e38] Polynomials v0.6.0
  [2dfb63ee] PooledArrays v0.5.2
  [1fd47b50] QuadGK v2.1.1
  [df47a6cb] RData v0.6.3
  [ce6b1742] RDatasets v0.6.5
  [3cdcf5f2] RecipesBase v0.7.0
  [189a3867] Reexport v0.2.0
  [d519eb52] RegressionTables v0.2.1
  [ae029012] Requires v0.5.2
  [79098fc4] Rmath v0.5.1
  [1277b4bf] ShiftedArrays v1.0.0
  [a2af1166] SortingAlgorithms v0.3.1
  [276daf66] SpecialFunctions v0.8.0
  [90137ffa] StaticArrays v0.12.1
  [2913bbd2] StatsBase v0.32.0
  [4c63d2b9] StatsFuns v0.9.0
  [3eaba693] StatsModels v0.6.7
  [3783bdb8] TableTraits v1.0.0
  [bd369af6] Tables v0.2.11
  [f269a46b] TimeZones v0.10.3
  [a759f4b9] TimerOutputs v0.5.3
  [3bb67fe8] TranscodingStreams v0.9.5
  [30578b45] URIParser v0.4.0
  [ea10d353] WeakRefStrings v0.6.1
  [2a0f44e3] Base64  [`@stdlib/Base64`]
  [ade2ca70] Dates  [`@stdlib/Dates`]
  [8bb1440f] DelimitedFiles  [`@stdlib/DelimitedFiles`]
  [8ba89e20] Distributed  [`@stdlib/Distributed`]
  [9fa8497b] Future  [`@stdlib/Future`]
  [b77e0a4c] InteractiveUtils  [`@stdlib/InteractiveUtils`]
  [76f85450] LibGit2  [`@stdlib/LibGit2`]
  [8f399da3] Libdl  [`@stdlib/Libdl`]
  [37e2e46d] LinearAlgebra  [`@stdlib/LinearAlgebra`]
  [56ddb016] Logging  [`@stdlib/Logging`]
  [d6f4376e] Markdown  [`@stdlib/Markdown`]
  [a63ad114] Mmap  [`@stdlib/Mmap`]
  [44cfe95a] Pkg  [`@stdlib/Pkg`]
  [de0858da] Printf  [`@stdlib/Printf`]
  [3fa0cd96] REPL  [`@stdlib/REPL`]
  [9a3f8284] Random  [`@stdlib/Random`]
  [ea8e919c] SHA  [`@stdlib/SHA`]
  [9e88b42a] Serialization  [`@stdlib/Serialization`]
  [1a1011a3] SharedArrays  [`@stdlib/SharedArrays`]
  [6462fe0b] Sockets  [`@stdlib/Sockets`]
  [2f01184e] SparseArrays  [`@stdlib/SparseArrays`]
  [10745b16] Statistics  [`@stdlib/Statistics`]
  [4607b0f0] SuiteSparse  [`@stdlib/SuiteSparse`]
  [8dfed614] Test  [`@stdlib/Test`]
  [cf7118a7] UUIDs  [`@stdlib/UUIDs`]
  [4ec0a83e] Unicode  [`@stdlib/Unicode`]
WARNING: could not import FixedEffectModels.AbstractRegressionResult into RegressionTables
WARNING: could not import FixedEffectModels.RegressionResult into RegressionTables
WARNING: could not import FixedEffectModels.RegressionResultIV into RegressionTables
WARNING: could not import FixedEffectModels.RegressionResultFE into RegressionTables
WARNING: could not import FixedEffectModels.RegressionResultFEIV into RegressionTables
WARNING: could not import StatsModels.DataFrameRegressionModel into RegressionTables
ERROR: LoadError: LoadError: UndefVarError: AbstractRegressionResult not defined
Stacktrace:
 [1] top-level scope at none:0
 [2] include at ./boot.jl:317 [inlined]
 [3] include_relative(::Module, ::String) at ./loading.jl:1044
 [4] include at ./sysimg.jl:29 [inlined]
 [5] include(::String) at /root/.julia/packages/RegressionTables/HPSo8/src/RegressionTables.jl:3
 [6] top-level scope at none:0
 [7] include at ./boot.jl:317 [inlined]
 [8] include_relative(::Module, ::String) at ./loading.jl:1044
 [9] include(::Module, ::String) at ./sysimg.jl:29
 [10] top-level scope at none:2
 [11] eval at ./boot.jl:319 [inlined]
 [12] eval(::Expr) at ./client.jl:393
 [13] top-level scope at ./none:3
in expression starting at /root/.julia/packages/RegressionTables/HPSo8/src/util/util.jl:2
in expression starting at /root/.julia/packages/RegressionTables/HPSo8/src/RegressionTables.jl:67
ERROR: LoadError: Failed to precompile RegressionTables [d519eb52-b820-54da-95a6-98e1306fdade] to /root/.julia/compiled/v1.0/RegressionTables/cYvie.ji.
Stacktrace:
 [1] error(::String) at ./error.jl:33
 [2] compilecache(::Base.PkgId, ::String) at ./loading.jl:1203
 [3] _require(::Base.PkgId) at ./loading.jl:960
 [4] require(::Base.PkgId) at ./loading.jl:858
 [5] require(::Module, ::Symbol) at ./loading.jl:853
 [6] include at ./boot.jl:317 [inlined]
 [7] include_relative(::Module, ::String) at ./loading.jl:1044
 [8] include(::Module, ::String) at ./sysimg.jl:29
 [9] include(::String) at ./client.jl:392
 [10] top-level scope at none:0
in expression starting at /root/.julia/packages/RegressionTables/HPSo8/test/runtests.jl:1
ERROR: Package RegressionTables errored during testing
Stacktrace:
 [1] pkgerror(::String, ::Vararg{String,N} where N) at /buildworker/worker/package_linux64/build/usr/share/julia/stdlib/v1.0/Pkg/src/Types.jl:120
 [2] #test#65(::Bool, ::Function, ::Pkg.Types.Context, ::Array{Pkg.Types.PackageSpec,1}) at /buildworker/worker/package_linux64/build/usr/share/julia/stdlib/v1.0/Pkg/src/Operations.jl:1357
 [3] #test at /buildworker/worker/package_linux64/build/usr/share/julia/stdlib/v1.0/Pkg/src/API.jl:0 [inlined]
 [4] #test#44(::Bool, ::Base.Iterators.Pairs{Union{},Union{},Tuple{},NamedTuple{(),Tuple{}}}, ::Function, ::Pkg.Types.Context, ::Array{Pkg.Types.PackageSpec,1}) at /buildworker/worker/package_linux64/build/usr/share/julia/stdlib/v1.0/Pkg/src/API.jl:278
 [5] test at /buildworker/worker/package_linux64/build/usr/share/julia/stdlib/v1.0/Pkg/src/API.jl:263 [inlined]
 [6] #test#43 at /buildworker/worker/package_linux64/build/usr/share/julia/stdlib/v1.0/Pkg/src/API.jl:260 [inlined]
 [7] test at /buildworker/worker/package_linux64/build/usr/share/julia/stdlib/v1.0/Pkg/src/API.jl:260 [inlined]
 [8] #test#42 at /buildworker/worker/package_linux64/build/usr/share/julia/stdlib/v1.0/Pkg/src/API.jl:259 [inlined]
 [9] test at /buildworker/worker/package_linux64/build/usr/share/julia/stdlib/v1.0/Pkg/src/API.jl:259 [inlined]
 [10] #test#41 at /buildworker/worker/package_linux64/build/usr/share/julia/stdlib/v1.0/Pkg/src/API.jl:258 [inlined]
 [11] test(::String) at /buildworker/worker/package_linux64/build/usr/share/julia/stdlib/v1.0/Pkg/src/API.jl:258
 [12] top-level scope at none:0
