 Resolving package versions...
 Installed SimpleTraits ─────── v0.9.1
 Installed Compat ───────────── v3.0.0
 Installed Inflate ──────────── v0.1.1
 Installed MetaGraphs ───────── v0.6.4
 Installed CSTParser ────────── v1.0.0
 Installed TranscodingStreams ─ v0.9.5
 Installed DataStructures ───── v0.17.6
 Installed LightGraphs ──────── v1.3.0
 Installed CodecZlib ────────── v0.6.0
 Installed Tokenize ─────────── v0.5.6
 Installed OrderedCollections ─ v1.1.0
 Installed BinaryProvider ───── v0.5.8
 Installed JLD2 ─────────────── v0.1.8
 Installed ArnoldiMethod ────── v0.0.4
 Installed StaticArrays ─────── v0.12.1
 Installed FileIO ───────────── v1.0.7
 Installed MacroTools ───────── v0.5.1
  Updating `~/.julia/environments/v1.2/Project.toml`
  [626554b9] + MetaGraphs v0.6.4
  Updating `~/.julia/environments/v1.2/Manifest.toml`
  [ec485272] + ArnoldiMethod v0.0.4
  [b99e7846] + BinaryProvider v0.5.8
  [00ebfdb7] + CSTParser v1.0.0
  [944b1d66] + CodecZlib v0.6.0
  [34da2185] + Compat v3.0.0
  [864edb3b] + DataStructures v0.17.6
  [5789e2e9] + FileIO v1.0.7
  [d25df0c9] + Inflate v0.1.1
  [033835bb] + JLD2 v0.1.8
  [093fc24a] + LightGraphs v1.3.0
  [1914dd2f] + MacroTools v0.5.1
  [626554b9] + MetaGraphs v0.6.4
  [bac558e1] + OrderedCollections v1.1.0
  [699a6c99] + SimpleTraits v0.9.1
  [90137ffa] + StaticArrays v0.12.1
  [0796e94c] + Tokenize v0.5.6
  [3bb67fe8] + TranscodingStreams v0.9.5
  [2a0f44e3] + Base64 
  [ade2ca70] + Dates 
  [8bb1440f] + DelimitedFiles 
  [8ba89e20] + Distributed 
  [b77e0a4c] + InteractiveUtils 
  [76f85450] + LibGit2 
  [8f399da3] + Libdl 
  [37e2e46d] + LinearAlgebra 
  [56ddb016] + Logging 
  [d6f4376e] + Markdown 
  [a63ad114] + Mmap 
  [44cfe95a] + Pkg 
  [de0858da] + Printf 
  [3fa0cd96] + REPL 
  [9a3f8284] + Random 
  [ea8e919c] + SHA 
  [9e88b42a] + Serialization 
  [1a1011a3] + SharedArrays 
  [6462fe0b] + Sockets 
  [2f01184e] + SparseArrays 
  [10745b16] + Statistics 
  [8dfed614] + Test 
  [cf7118a7] + UUIDs 
  [4ec0a83e] + Unicode 
  Building CodecZlib → `~/.julia/packages/CodecZlib/5t9zO/deps/build.log`
   Testing MetaGraphs
 Resolving package versions...
    Status `/tmp/jl_yAHBLd/Manifest.toml`
  [ec485272] ArnoldiMethod v0.0.4
  [b99e7846] BinaryProvider v0.5.8
  [00ebfdb7] CSTParser v1.0.0
  [944b1d66] CodecZlib v0.6.0
  [34da2185] Compat v3.0.0
  [864edb3b] DataStructures v0.17.6
  [5789e2e9] FileIO v1.0.7
  [d25df0c9] Inflate v0.1.1
  [033835bb] JLD2 v0.1.8
  [093fc24a] LightGraphs v1.3.0
  [1914dd2f] MacroTools v0.5.1
  [626554b9] MetaGraphs v0.6.4
  [bac558e1] OrderedCollections v1.1.0
  [699a6c99] SimpleTraits v0.9.1
  [90137ffa] StaticArrays v0.12.1
  [0796e94c] Tokenize v0.5.6
  [3bb67fe8] TranscodingStreams v0.9.5
  [2a0f44e3] Base64  [`@stdlib/Base64`]
  [ade2ca70] Dates  [`@stdlib/Dates`]
  [8bb1440f] DelimitedFiles  [`@stdlib/DelimitedFiles`]
  [8ba89e20] Distributed  [`@stdlib/Distributed`]
  [b77e0a4c] InteractiveUtils  [`@stdlib/InteractiveUtils`]
  [76f85450] LibGit2  [`@stdlib/LibGit2`]
  [8f399da3] Libdl  [`@stdlib/Libdl`]
  [37e2e46d] LinearAlgebra  [`@stdlib/LinearAlgebra`]
  [56ddb016] Logging  [`@stdlib/Logging`]
  [d6f4376e] Markdown  [`@stdlib/Markdown`]
  [a63ad114] Mmap  [`@stdlib/Mmap`]
  [44cfe95a] Pkg  [`@stdlib/Pkg`]
  [de0858da] Printf  [`@stdlib/Printf`]
  [3fa0cd96] REPL  [`@stdlib/REPL`]
  [9a3f8284] Random  [`@stdlib/Random`]
  [ea8e919c] SHA  [`@stdlib/SHA`]
  [9e88b42a] Serialization  [`@stdlib/Serialization`]
  [1a1011a3] SharedArrays  [`@stdlib/SharedArrays`]
  [6462fe0b] Sockets  [`@stdlib/Sockets`]
  [2f01184e] SparseArrays  [`@stdlib/SparseArrays`]
  [10745b16] Statistics  [`@stdlib/Statistics`]
  [8dfed614] Test  [`@stdlib/Test`]
  [cf7118a7] UUIDs  [`@stdlib/UUIDs`]
  [4ec0a83e] Unicode  [`@stdlib/Unicode`]
WARNING: Compat.Markdown is deprecated, use Markdown instead.
  likely near /root/.julia/packages/MacroTools/ys44U/src/MacroTools.jl:4
WARNING: Compat.Random is deprecated, use Random instead.
  likely near /root/.julia/packages/MacroTools/ys44U/src/MacroTools.jl:35
┌ Warning: `PathGraph` is deprecated, use `path_graph` instead.
│   caller = top-level scope at metagraphs.jl:18
└ @ Core ~/.julia/packages/MetaGraphs/V2aXW/test/metagraphs.jl:18
┌ Warning: `PathDiGraph` is deprecated, use `path_digraph` instead.
│   caller = top-level scope at metagraphs.jl:19
└ @ Core ~/.julia/packages/MetaGraphs/V2aXW/test/metagraphs.jl:19
┌ Warning: `CycleGraph` is deprecated, use `cycle_graph` instead.
│   caller = top-level scope at metagraphs.jl:58
└ @ Core ~/.julia/packages/MetaGraphs/V2aXW/test/metagraphs.jl:58
┌ Warning: `CycleGraph` is deprecated, use `cycle_graph` instead.
│   caller = top-level scope at metagraphs.jl:61
└ @ Core ~/.julia/packages/MetaGraphs/V2aXW/test/metagraphs.jl:61
┌ Warning: `CycleGraph` is deprecated, use `cycle_graph` instead.
│   caller = top-level scope at metagraphs.jl:64
└ @ Core ~/.julia/packages/MetaGraphs/V2aXW/test/metagraphs.jl:64
┌ Warning: `CycleDiGraph` is deprecated, use `cycle_digraph` instead.
│   caller = top-level scope at metagraphs.jl:116
└ @ Core ~/.julia/packages/MetaGraphs/V2aXW/test/metagraphs.jl:116
┌ Warning: `CycleDiGraph` is deprecated, use `cycle_digraph` instead.
│   caller = top-level scope at metagraphs.jl:119
└ @ Core ~/.julia/packages/MetaGraphs/V2aXW/test/metagraphs.jl:119
┌ Warning: `CycleDiGraph` is deprecated, use `cycle_digraph` instead.
│   caller = top-level scope at metagraphs.jl:122
└ @ Core ~/.julia/packages/MetaGraphs/V2aXW/test/metagraphs.jl:122
┌ Warning: `CompleteGraph` is deprecated, use `complete_graph` instead.
│   caller = top-level scope at metagraphs.jl:165
└ @ Core ~/.julia/packages/MetaGraphs/V2aXW/test/metagraphs.jl:165
┌ Warning: `PathDiGraph` is deprecated, use `path_digraph` instead.
│   caller = top-level scope at metagraphs.jl:222
└ @ Core ~/.julia/packages/MetaGraphs/V2aXW/test/metagraphs.jl:222
┌ Warning: `PathDiGraph` is deprecated, use `path_digraph` instead.
│   caller = top-level scope at metagraphs.jl:246
└ @ Core ~/.julia/packages/MetaGraphs/V2aXW/test/metagraphs.jl:246
┌ Warning: `CompleteGraph` is deprecated, use `complete_graph` instead.
│   caller = top-level scope at metagraphs.jl:290
└ @ Core ~/.julia/packages/MetaGraphs/V2aXW/test/metagraphs.jl:290
┌ Warning: `CompleteGraph` is deprecated, use `complete_graph` instead.
│   caller = top-level scope at metagraphs.jl:309
└ @ Core ~/.julia/packages/MetaGraphs/V2aXW/test/metagraphs.jl:309
┌ Warning: `PathGraph` is deprecated, use `path_graph` instead.
│   caller = top-level scope at metagraphs.jl:364
└ @ Core ~/.julia/packages/MetaGraphs/V2aXW/test/metagraphs.jl:364
┌ Warning: `PathDiGraph` is deprecated, use `path_digraph` instead.
│   caller = top-level scope at metagraphs.jl:391
└ @ Core ~/.julia/packages/MetaGraphs/V2aXW/test/metagraphs.jl:391
┌ Warning: `PathGraph` is deprecated, use `path_graph` instead.
│   caller = top-level scope at metagraphs.jl:402
└ @ Core ~/.julia/packages/MetaGraphs/V2aXW/test/metagraphs.jl:402
┌ Warning: `PathGraph` is deprecated, use `path_graph` instead.
│   caller = top-level scope at metagraphs.jl:413
└ @ Core ~/.julia/packages/MetaGraphs/V2aXW/test/metagraphs.jl:413
┌ Warning: `PathGraph` is deprecated, use `path_graph` instead.
│   caller = top-level scope at metagraphs.jl:426
└ @ Core ~/.julia/packages/MetaGraphs/V2aXW/test/metagraphs.jl:426
[ Info: Ignore "'foo1' is already in index" warnings
┌ Warning: 'foo1' is already in index, setting ':foo' for vertex 1 to HeKgeRLL
└ @ MetaGraphs ~/.julia/packages/MetaGraphs/V2aXW/src/MetaGraphs.jl:351
┌ Warning: 'foo1' is already in index, setting ':foo' for vertex 1 to HeKgeRLL
└ @ MetaGraphs ~/.julia/packages/MetaGraphs/V2aXW/src/MetaGraphs.jl:351
Overrides: Error During Test at /root/.julia/packages/MetaGraphs/V2aXW/test/overrides.jl:1
  Got exception outside of a @test
  UndefVarError: StarDiGraph not defined
  Stacktrace:
   [1] top-level scope at /root/.julia/packages/MetaGraphs/V2aXW/test/overrides.jl:2
   [2] top-level scope at /buildworker/worker/package_linux64/build/usr/share/julia/stdlib/v1.2/Test/src/Test.jl:1113
   [3] top-level scope at /root/.julia/packages/MetaGraphs/V2aXW/test/overrides.jl:2
   [4] include at ./boot.jl:328 [inlined]
   [5] include_relative(::Module, ::String) at ./loading.jl:1094
   [6] include(::Module, ::String) at ./Base.jl:31
   [7] include(::String) at ./client.jl:431
   [8] top-level scope at /root/.julia/packages/MetaGraphs/V2aXW/test/runtests.jl:21
   [9] top-level scope at /buildworker/worker/package_linux64/build/usr/share/julia/stdlib/v1.2/Test/src/Test.jl:1113
   [10] top-level scope at /root/.julia/packages/MetaGraphs/V2aXW/test/runtests.jl:19
   [11] include at ./boot.jl:328 [inlined]
   [12] include_relative(::Module, ::String) at ./loading.jl:1094
   [13] include(::Module, ::String) at ./Base.jl:31
   [14] include(::String) at ./client.jl:431
   [15] top-level scope at none:5
   [16] eval(::Module, ::Any) at ./boot.jl:330
   [17] exec_options(::Base.JLOptions) at ./client.jl:271
   [18] _start() at ./client.jl:464
  
┌ Warning: `PathGraph` is deprecated, use `path_graph` instead.
│   caller = top-level scope at persistence.jl:5
└ @ Core ~/.julia/packages/MetaGraphs/V2aXW/test/persistence.jl:5
┌ Warning: `PathDiGraph` is deprecated, use `path_digraph` instead.
│   caller = top-level scope at persistence.jl:19
└ @ Core ~/.julia/packages/MetaGraphs/V2aXW/test/persistence.jl:19
Test Summary:  | Pass  Error  Total
MetaGraphs     |  402      1    403
  MetaGraphs   |  363           363
  MetaIndexing |   26            26
  Overrides    |           1      1
  Persistence  |   12            12
ERROR: LoadError: Some tests did not pass: 402 passed, 0 failed, 1 errored, 0 broken.
in expression starting at /root/.julia/packages/MetaGraphs/V2aXW/test/runtests.jl:18
ERROR: Package MetaGraphs errored during testing
Stacktrace:
 [1] pkgerror(::String, ::Vararg{String,N} where N) at /buildworker/worker/package_linux64/build/usr/share/julia/stdlib/v1.2/Pkg/src/Types.jl:112
 [2] #test#119(::Bool, ::Nothing, ::typeof(Pkg.Operations.test), ::Pkg.Types.Context, ::Array{Pkg.Types.PackageSpec,1}) at /buildworker/worker/package_linux64/build/usr/share/julia/stdlib/v1.2/Pkg/src/Operations.jl:1288
 [3] #test at ./none:0 [inlined]
 [4] #test#62(::Bool, ::Nothing, ::Base.Iterators.Pairs{Union{},Union{},Tuple{},NamedTuple{(),Tuple{}}}, ::typeof(Pkg.API.test), ::Pkg.Types.Context, ::Array{Pkg.Types.PackageSpec,1}) at /buildworker/worker/package_linux64/build/usr/share/julia/stdlib/v1.2/Pkg/src/API.jl:245
 [5] test at /buildworker/worker/package_linux64/build/usr/share/julia/stdlib/v1.2/Pkg/src/API.jl:233 [inlined]
 [6] #test#61 at /buildworker/worker/package_linux64/build/usr/share/julia/stdlib/v1.2/Pkg/src/API.jl:230 [inlined]
 [7] test at /buildworker/worker/package_linux64/build/usr/share/julia/stdlib/v1.2/Pkg/src/API.jl:230 [inlined]
 [8] #test#60 at /buildworker/worker/package_linux64/build/usr/share/julia/stdlib/v1.2/Pkg/src/API.jl:229 [inlined]
 [9] test at /buildworker/worker/package_linux64/build/usr/share/julia/stdlib/v1.2/Pkg/src/API.jl:229 [inlined]
 [10] #test#59(::Base.Iterators.Pairs{Union{},Union{},Tuple{},NamedTuple{(),Tuple{}}}, ::typeof(Pkg.API.test), ::String) at /buildworker/worker/package_linux64/build/usr/share/julia/stdlib/v1.2/Pkg/src/API.jl:228
 [11] test(::String) at /buildworker/worker/package_linux64/build/usr/share/julia/stdlib/v1.2/Pkg/src/API.jl:228
 [12] top-level scope at none:10
