 Resolving package versions...
 Installed OrderedCollections ─ v1.1.0
 Installed BinaryProvider ───── v0.5.8
 Installed ProtoBuf ─────────── v0.7.0
   Cloning [e4faabce-9ead-11e9-39d9-4379958e3056] PProf from https://github.com/vchuravy/PProf.jl.git
[?25l    Fetching: [>                                        ]  0.0 %[2K[?25h[ Info: Installed PProf ────────────── v0.3.1
  Updating `~/.julia/environments/v1.0/Project.toml`
  [e4faabce] + PProf v0.3.1
  Updating `~/.julia/environments/v1.0/Manifest.toml`
  [b99e7846] + BinaryProvider v0.5.8
  [bac558e1] + OrderedCollections v1.1.0
  [e4faabce] + PProf v0.3.1
  [3349acd9] + ProtoBuf v0.7.0
  [2a0f44e3] + Base64 
  [8ba89e20] + Distributed 
  [b77e0a4c] + InteractiveUtils 
  [8f399da3] + Libdl 
  [37e2e46d] + LinearAlgebra 
  [56ddb016] + Logging 
  [d6f4376e] + Markdown 
  [de0858da] + Printf 
  [9abbd945] + Profile 
  [9a3f8284] + Random 
  [ea8e919c] + SHA 
  [9e88b42a] + Serialization 
  [6462fe0b] + Sockets 
  [8dfed614] + Test 
  [4ec0a83e] + Unicode 
  Building PProf → `~/.julia/packages/PProf/JnYYw/deps/build.log`
   Testing PProf
 Resolving package versions...
    Status `/tmp/tmp9le4ev/Manifest.toml`
  [b99e7846] BinaryProvider v0.5.8
  [bac558e1] OrderedCollections v1.1.0
  [e4faabce] PProf v0.3.1
  [3349acd9] ProtoBuf v0.7.0
  [2a0f44e3] Base64  [`@stdlib/Base64`]
  [8ba89e20] Distributed  [`@stdlib/Distributed`]
  [b77e0a4c] InteractiveUtils  [`@stdlib/InteractiveUtils`]
  [8f399da3] Libdl  [`@stdlib/Libdl`]
  [37e2e46d] LinearAlgebra  [`@stdlib/LinearAlgebra`]
  [56ddb016] Logging  [`@stdlib/Logging`]
  [d6f4376e] Markdown  [`@stdlib/Markdown`]
  [de0858da] Printf  [`@stdlib/Printf`]
  [9abbd945] Profile  [`@stdlib/Profile`]
  [9a3f8284] Random  [`@stdlib/Random`]
  [ea8e919c] SHA  [`@stdlib/SHA`]
  [9e88b42a] Serialization  [`@stdlib/Serialization`]
  [6462fe0b] Sockets  [`@stdlib/Sockets`]
  [8dfed614] Test  [`@stdlib/Test`]
  [4ec0a83e] Unicode  [`@stdlib/Unicode`]
file = "/tmp/julia9NLJXT"
file = "/tmp/juliaxjuxwn"
file = "/tmp/juliab2g9wS"
file = "/tmp/julia7k4Oxq"
Main binary filename not available.
Serving web UI on http://localhost:57599
Main binary filename not available.
Serving web UI on http://localhost:57599
Main binary filename not available.
Serving web UI on http://localhost:57599
Test Summary: | Pass  Total
PProf.jl      |   20     20
   Testing PProf tests passed 
