 Resolving package versions...
 Installed Missings ──────────── v0.4.3
 Installed DataAPI ───────────── v1.1.0
 Installed AxisAlgorithms ────── v1.0.0
 Installed Requires ──────────── v0.5.2
 Installed DefaultApplication ── v0.1.3
 Installed DocStringExtensions ─ v0.8.1
 Installed StatsBase ─────────── v0.32.0
 Installed Marconi ───────────── v0.1.0
 Installed ArgCheck ──────────── v1.0.1
 Installed Ratios ────────────── v0.3.1
 Installed Crayons ───────────── v4.0.1
 Installed OffsetArrays ──────── v0.11.1
 Installed OrderedCollections ── v1.1.0
 Installed Compat ────────────── v2.2.0
 Installed DataStructures ────── v0.17.6
 Installed SortingAlgorithms ─── v0.3.1
 Installed WoodburyMatrices ──── v0.4.1
 Installed MacroTools ────────── v0.5.2
 Installed Parameters ────────── v0.12.0
 Installed StaticArrays ──────── v0.12.1
 Installed PGFPlotsX ─────────── v1.1.0
 Installed Interpolations ────── v0.12.5
  Updating `~/.julia/environments/v1.2/Project.toml`
  [bbe32c30] + Marconi v0.1.0
  Updating `~/.julia/environments/v1.2/Manifest.toml`
  [dce04be8] + ArgCheck v1.0.1
  [13072b0f] + AxisAlgorithms v1.0.0
  [34da2185] + Compat v2.2.0
  [a8cc5b0e] + Crayons v4.0.1
  [9a962f9c] + DataAPI v1.1.0
  [864edb3b] + DataStructures v0.17.6
  [3f0dd361] + DefaultApplication v0.1.3
  [ffbed154] + DocStringExtensions v0.8.1
  [a98d9a8b] + Interpolations v0.12.5
  [1914dd2f] + MacroTools v0.5.2
  [bbe32c30] + Marconi v0.1.0
  [e1d29d7a] + Missings v0.4.3
  [6fe1bfb0] + OffsetArrays v0.11.1
  [bac558e1] + OrderedCollections v1.1.0
  [8314cec4] + PGFPlotsX v1.1.0
  [d96e819e] + Parameters v0.12.0
  [c84ed2f1] + Ratios v0.3.1
  [ae029012] + Requires v0.5.2
  [a2af1166] + SortingAlgorithms v0.3.1
  [90137ffa] + StaticArrays v0.12.1
  [2913bbd2] + StatsBase v0.32.0
  [efce3f68] + WoodburyMatrices v0.4.1
  [2a0f44e3] + Base64 
  [ade2ca70] + Dates 
  [8bb1440f] + DelimitedFiles 
  [8ba89e20] + Distributed 
  [b77e0a4c] + InteractiveUtils 
  [76f85450] + LibGit2 
  [8f399da3] + Libdl 
  [37e2e46d] + LinearAlgebra 
  [56ddb016] + Logging 
  [d6f4376e] + Markdown 
  [a63ad114] + Mmap 
  [44cfe95a] + Pkg 
  [de0858da] + Printf 
  [3fa0cd96] + REPL 
  [9a3f8284] + Random 
  [ea8e919c] + SHA 
  [9e88b42a] + Serialization 
  [1a1011a3] + SharedArrays 
  [6462fe0b] + Sockets 
  [2f01184e] + SparseArrays 
  [10745b16] + Statistics 
  [8dfed614] + Test 
  [cf7118a7] + UUIDs 
  [4ec0a83e] + Unicode 
  Building PGFPlotsX → `~/.julia/packages/PGFPlotsX/SoIeB/deps/build.log`
   Testing Marconi
 Resolving package versions...
 Installed Coverage ─────── v0.9.3
 Installed IniFile ──────── v0.5.0
 Installed JSON ─────────── v0.21.0
 Installed Parsers ──────── v0.3.10
 Installed BinaryProvider ─ v0.5.8
 Installed MbedTLS ──────── v0.7.0
 Installed HTTP ─────────── v0.8.8
  Building MbedTLS → `~/.julia/packages/MbedTLS/a1JFn/deps/build.log`
    Status `/tmp/jl_u78pNg/Manifest.toml`
  [dce04be8] ArgCheck v1.0.1
  [13072b0f] AxisAlgorithms v1.0.0
  [b99e7846] BinaryProvider v0.5.8
  [34da2185] Compat v2.2.0
  [a2441757] Coverage v0.9.3
  [a8cc5b0e] Crayons v4.0.1
  [9a962f9c] DataAPI v1.1.0
  [864edb3b] DataStructures v0.17.6
  [3f0dd361] DefaultApplication v0.1.3
  [ffbed154] DocStringExtensions v0.8.1
  [cd3eb016] HTTP v0.8.8
  [83e8ac13] IniFile v0.5.0
  [a98d9a8b] Interpolations v0.12.5
  [682c06a0] JSON v0.21.0
  [1914dd2f] MacroTools v0.5.2
  [bbe32c30] Marconi v0.1.0
  [739be429] MbedTLS v0.7.0
  [e1d29d7a] Missings v0.4.3
  [6fe1bfb0] OffsetArrays v0.11.1
  [bac558e1] OrderedCollections v1.1.0
  [8314cec4] PGFPlotsX v1.1.0
  [d96e819e] Parameters v0.12.0
  [69de0a69] Parsers v0.3.10
  [c84ed2f1] Ratios v0.3.1
  [ae029012] Requires v0.5.2
  [a2af1166] SortingAlgorithms v0.3.1
  [90137ffa] StaticArrays v0.12.1
  [2913bbd2] StatsBase v0.32.0
  [efce3f68] WoodburyMatrices v0.4.1
  [2a0f44e3] Base64  [`@stdlib/Base64`]
  [ade2ca70] Dates  [`@stdlib/Dates`]
  [8bb1440f] DelimitedFiles  [`@stdlib/DelimitedFiles`]
  [8ba89e20] Distributed  [`@stdlib/Distributed`]
  [b77e0a4c] InteractiveUtils  [`@stdlib/InteractiveUtils`]
  [76f85450] LibGit2  [`@stdlib/LibGit2`]
  [8f399da3] Libdl  [`@stdlib/Libdl`]
  [37e2e46d] LinearAlgebra  [`@stdlib/LinearAlgebra`]
  [56ddb016] Logging  [`@stdlib/Logging`]
  [d6f4376e] Markdown  [`@stdlib/Markdown`]
  [a63ad114] Mmap  [`@stdlib/Mmap`]
  [44cfe95a] Pkg  [`@stdlib/Pkg`]
  [de0858da] Printf  [`@stdlib/Printf`]
  [3fa0cd96] REPL  [`@stdlib/REPL`]
  [9a3f8284] Random  [`@stdlib/Random`]
  [ea8e919c] SHA  [`@stdlib/SHA`]
  [9e88b42a] Serialization  [`@stdlib/Serialization`]
  [1a1011a3] SharedArrays  [`@stdlib/SharedArrays`]
  [6462fe0b] Sockets  [`@stdlib/Sockets`]
  [2f01184e] SparseArrays  [`@stdlib/SparseArrays`]
  [10745b16] Statistics  [`@stdlib/Statistics`]
  [8dfed614] Test  [`@stdlib/Test`]
  [cf7118a7] UUIDs  [`@stdlib/UUIDs`]
  [4ec0a83e] Unicode  [`@stdlib/Unicode`]
PGFPlotsX.latexengine = PGFPlotsX.latexengine
┌ Info: External binaries
│   PGFPlotsX.HAVE_PDFTOPPM = false
│   PGFPlotsX.HAVE_PDFTOSVG = false
└   GNUPLOT_VERSION = nothing
┌ Warning: External binaries `pdf2svg`, `pdftoppm`, and `gnuplot` need to be installed
│ for complete test coverage.
└ @ Main ~/.julia/packages/Marconi/EEiv0/test/runtests.jl:17
Test Summary:                         | Pass  Total
Converting between network parameters |    2      2
Test Summary:                 | Pass  Total
Testing plotting capabilities |    6      6
Test Summary:                      | Pass  Total
Testing marconi core functionality |    5      5
   Testing Marconi tests passed 
