 Resolving package versions...
 Installed Requires ──────────── v0.5.2
 Installed RecursiveArrayTools ─ v1.0.2
 Installed RecipesBase ───────── v0.7.0
 Installed ArrayInterface ────── v1.2.1
 Installed StaticArrays ──────── v0.12.1
  Updating `~/.julia/environments/v1.2/Project.toml`
  [731186ca] + RecursiveArrayTools v1.0.2
  Updating `~/.julia/environments/v1.2/Manifest.toml`
  [4fba245c] + ArrayInterface v1.2.1
  [3cdcf5f2] + RecipesBase v0.7.0
  [731186ca] + RecursiveArrayTools v1.0.2
  [ae029012] + Requires v0.5.2
  [90137ffa] + StaticArrays v0.12.1
  [2a0f44e3] + Base64 
  [8ba89e20] + Distributed 
  [b77e0a4c] + InteractiveUtils 
  [8f399da3] + Libdl 
  [37e2e46d] + LinearAlgebra 
  [56ddb016] + Logging 
  [d6f4376e] + Markdown 
  [9a3f8284] + Random 
  [9e88b42a] + Serialization 
  [6462fe0b] + Sockets 
  [2f01184e] + SparseArrays 
  [10745b16] + Statistics 
  [8dfed614] + Test 
   Testing RecursiveArrayTools
 Resolving package versions...
 Installed Unitful ─ v0.17.0
    Status `/tmp/jl_hIpVWF/Manifest.toml`
  [4fba245c] ArrayInterface v1.2.1
  [3cdcf5f2] RecipesBase v0.7.0
  [731186ca] RecursiveArrayTools v1.0.2
  [ae029012] Requires v0.5.2
  [90137ffa] StaticArrays v0.12.1
  [1986cc42] Unitful v0.17.0
  [2a0f44e3] Base64  [`@stdlib/Base64`]
  [8ba89e20] Distributed  [`@stdlib/Distributed`]
  [b77e0a4c] InteractiveUtils  [`@stdlib/InteractiveUtils`]
  [8f399da3] Libdl  [`@stdlib/Libdl`]
  [37e2e46d] LinearAlgebra  [`@stdlib/LinearAlgebra`]
  [56ddb016] Logging  [`@stdlib/Logging`]
  [d6f4376e] Markdown  [`@stdlib/Markdown`]
  [9a3f8284] Random  [`@stdlib/Random`]
  [9e88b42a] Serialization  [`@stdlib/Serialization`]
  [6462fe0b] Sockets  [`@stdlib/Sockets`]
  [2f01184e] SparseArrays  [`@stdlib/SparseArrays`]
  [10745b16] Statistics  [`@stdlib/Statistics`]
  [8dfed614] Test  [`@stdlib/Test`]
Test Summary: | Pass  Total
Utils Tests   |   39     39
 40.970525 seconds (14.14 M allocations: 732.854 MiB, 1.58% gc time)
Test Summary:    | Pass  Broken  Total
Partitions Tests |   15       1     16
  9.558858 seconds (11.85 M allocations: 583.053 MiB, 3.82% gc time)
Test Summary:           | Pass  Broken  Total
VecOfArr Indexing Tests |   19       1     20
  5.693735 seconds (4.61 M allocations: 227.843 MiB, 3.18% gc time)
Test Summary:            | Pass  Total
VecOfArr Interface Tests |   21     21
  2.253942 seconds (1.18 M allocations: 60.719 MiB, 6.89% gc time)
Test Summary:      | Pass  Total
StaticArrays Tests |   15     15
  3.498383 seconds (2.19 M allocations: 116.049 MiB, 1.90% gc time)
 62.349757 seconds (34.35 M allocations: 1.699 GiB, 2.29% gc time)
   Testing RecursiveArrayTools tests passed 
