 Resolving package versions...
 Installed IntervalSets ─ v0.3.2
 Installed DomainSets ─── v0.1.0
 Installed StaticArrays ─ v0.12.1
  Updating `~/.julia/environments/v1.2/Project.toml`
  [5b8099bc] + DomainSets v0.1.0
  Updating `~/.julia/environments/v1.2/Manifest.toml`
  [5b8099bc] + DomainSets v0.1.0
  [8197267c] + IntervalSets v0.3.2
  [90137ffa] + StaticArrays v0.12.1
  [2a0f44e3] + Base64 
  [ade2ca70] + Dates 
  [8ba89e20] + Distributed 
  [b77e0a4c] + InteractiveUtils 
  [8f399da3] + Libdl 
  [37e2e46d] + LinearAlgebra 
  [56ddb016] + Logging 
  [d6f4376e] + Markdown 
  [de0858da] + Printf 
  [9a3f8284] + Random 
  [9e88b42a] + Serialization 
  [6462fe0b] + Sockets 
  [2f01184e] + SparseArrays 
  [10745b16] + Statistics 
  [8dfed614] + Test 
  [4ec0a83e] + Unicode 
   Testing DomainSets
    Status `/tmp/jl_rS4vKL/Manifest.toml`
  [5b8099bc] DomainSets v0.1.0
  [8197267c] IntervalSets v0.3.2
  [90137ffa] StaticArrays v0.12.1
  [2a0f44e3] Base64  [`@stdlib/Base64`]
  [ade2ca70] Dates  [`@stdlib/Dates`]
  [8ba89e20] Distributed  [`@stdlib/Distributed`]
  [b77e0a4c] InteractiveUtils  [`@stdlib/InteractiveUtils`]
  [8f399da3] Libdl  [`@stdlib/Libdl`]
  [37e2e46d] LinearAlgebra  [`@stdlib/LinearAlgebra`]
  [56ddb016] Logging  [`@stdlib/Logging`]
  [d6f4376e] Markdown  [`@stdlib/Markdown`]
  [de0858da] Printf  [`@stdlib/Printf`]
  [9a3f8284] Random  [`@stdlib/Random`]
  [9e88b42a] Serialization  [`@stdlib/Serialization`]
  [6462fe0b] Sockets  [`@stdlib/Sockets`]
  [2f01184e] SparseArrays  [`@stdlib/SparseArrays`]
  [10745b16] Statistics  [`@stdlib/Statistics`]
  [8dfed614] Test  [`@stdlib/Test`]
  [4ec0a83e] Unicode  [`@stdlib/Unicode`]
Test Summary: | Pass  Total
Spaces        |  225    225
Test Summary: | Pass  Total
maps          |  433    433
Test Summary:   | Pass  Total
generic domains |    6      6
Test Summary:    | Pass  Total
Specific domains |  375    375
Test Summary:  | Pass  Total
Set operations |   51     51
   Testing DomainSets tests passed 
