 Resolving package versions...
 Installed DisplayAs ─ v0.1.0
  Updating `~/.julia/environments/v1.0/Project.toml`
  [0b91fe84] + DisplayAs v0.1.0
  Updating `~/.julia/environments/v1.0/Manifest.toml`
  [0b91fe84] + DisplayAs v0.1.0
   Testing DisplayAs
 Resolving package versions...
 Installed Aqua ─ v0.4.0
    Status `/tmp/tmpu1nlRL/Manifest.toml`
  [4c88cf16] Aqua v0.4.0
  [0b91fe84] DisplayAs v0.1.0
  [2a0f44e3] Base64  [`@stdlib/Base64`]
  [8ba89e20] Distributed  [`@stdlib/Distributed`]
  [b77e0a4c] InteractiveUtils  [`@stdlib/InteractiveUtils`]
  [8f399da3] Libdl  [`@stdlib/Libdl`]
  [37e2e46d] LinearAlgebra  [`@stdlib/LinearAlgebra`]
  [56ddb016] Logging  [`@stdlib/Logging`]
  [d6f4376e] Markdown  [`@stdlib/Markdown`]
  [9a3f8284] Random  [`@stdlib/Random`]
  [9e88b42a] Serialization  [`@stdlib/Serialization`]
  [6462fe0b] Sockets  [`@stdlib/Sockets`]
  [8dfed614] Test  [`@stdlib/Test`]
Test Summary: | Pass  Total
DisplayAs.jl  |    4      4
Skipping Base.Filesystem.JL_O_RANDOM
Skipping Base.Filesystem.JL_O_SEQUENTIAL
Skipping Base.Filesystem.JL_O_SHORT_LIVED
Skipping Base.Filesystem.JL_O_TEMPORARY
Skipping Base.active_repl
Skipping Base.active_repl_backend
Test Summary:    | Pass  Total
Method ambiguity |    1      1
Test Summary:           | Pass  Total
Unbound type parameters |    1      1
Test Summary:     | Pass  Total
Undefined exports |    1      1
   Testing DisplayAs tests passed 
