 Resolving package versions...
 Installed BlockArrays ─ v0.10.2
  Updating `~/.julia/environments/v1.0/Project.toml`
  [8e7c35d0] + BlockArrays v0.10.2
  Updating `~/.julia/environments/v1.0/Manifest.toml`
  [8e7c35d0] + BlockArrays v0.10.2
  [8f399da3] + Libdl 
  [37e2e46d] + LinearAlgebra 
   Testing BlockArrays
 Resolving package versions...
    Status `/tmp/tmpKS04Yo/Manifest.toml`
  [8e7c35d0] BlockArrays v0.10.2
  [2a0f44e3] Base64  [`@stdlib/Base64`]
  [8ba89e20] Distributed  [`@stdlib/Distributed`]
  [b77e0a4c] InteractiveUtils  [`@stdlib/InteractiveUtils`]
  [8f399da3] Libdl  [`@stdlib/Libdl`]
  [37e2e46d] LinearAlgebra  [`@stdlib/LinearAlgebra`]
  [56ddb016] Logging  [`@stdlib/Logging`]
  [d6f4376e] Markdown  [`@stdlib/Markdown`]
  [9a3f8284] Random  [`@stdlib/Random`]
  [9e88b42a] Serialization  [`@stdlib/Serialization`]
  [6462fe0b] Sockets  [`@stdlib/Sockets`]
  [2f01184e] SparseArrays  [`@stdlib/SparseArrays`]
  [8dfed614] Test  [`@stdlib/Test`]
Test Summary:  | Pass  Total
BlockArrays.jl |  461    461
   Testing BlockArrays tests passed 
