 Resolving package versions...
 Installed Sass ─────────── v0.1.0
 Installed BinaryProvider ─ v0.5.8
  Updating `~/.julia/environments/v1.0/Project.toml`
  [322a6be2] + Sass v0.1.0
  Updating `~/.julia/environments/v1.0/Manifest.toml`
  [b99e7846] + BinaryProvider v0.5.8
  [322a6be2] + Sass v0.1.0
  [2a0f44e3] + Base64 
  [8ba89e20] + Distributed 
  [b77e0a4c] + InteractiveUtils 
  [8f399da3] + Libdl 
  [37e2e46d] + LinearAlgebra 
  [56ddb016] + Logging 
  [d6f4376e] + Markdown 
  [9a3f8284] + Random 
  [ea8e919c] + SHA 
  [9e88b42a] + Serialization 
  [6462fe0b] + Sockets 
  [8dfed614] + Test 
  Building Sass → `~/.julia/packages/Sass/EZMlY/deps/build.log`
   Testing Sass
 Resolving package versions...
    Status `/tmp/tmpRmnDRB/Manifest.toml`
  [b99e7846] BinaryProvider v0.5.8
  [322a6be2] Sass v0.1.0
  [2a0f44e3] Base64  [`@stdlib/Base64`]
  [8ba89e20] Distributed  [`@stdlib/Distributed`]
  [b77e0a4c] InteractiveUtils  [`@stdlib/InteractiveUtils`]
  [8f399da3] Libdl  [`@stdlib/Libdl`]
  [37e2e46d] LinearAlgebra  [`@stdlib/LinearAlgebra`]
  [56ddb016] Logging  [`@stdlib/Logging`]
  [d6f4376e] Markdown  [`@stdlib/Markdown`]
  [9a3f8284] Random  [`@stdlib/Random`]
  [ea8e919c] SHA  [`@stdlib/SHA`]
  [9e88b42a] Serialization  [`@stdlib/Serialization`]
  [6462fe0b] Sockets  [`@stdlib/Sockets`]
  [8dfed614] Test  [`@stdlib/Test`]
Test Summary: | Pass  Total
outputstyle   |    4      4
   Testing Sass tests passed 
