 Resolving package versions...
 Installed Parsers ──────────── v0.3.10
 Installed BenchmarkTools ───── v0.4.3
 Installed OrderedCollections ─ v1.1.0
 Installed Compat ───────────── v2.2.0
 Installed MathProgBase ─────── v0.7.7
 Installed JSON ─────────────── v0.21.0
 Installed Gurobi ───────────── v0.7.3
 Installed MathOptInterface ─── v0.9.7
  Updating `~/.julia/environments/v1.2/Project.toml`
  [2e9cd046] + Gurobi v0.7.3
  Updating `~/.julia/environments/v1.2/Manifest.toml`
  [6e4b80f9] + BenchmarkTools v0.4.3
  [34da2185] + Compat v2.2.0
  [2e9cd046] + Gurobi v0.7.3
  [682c06a0] + JSON v0.21.0
  [b8f27783] + MathOptInterface v0.9.7
  [fdba3010] + MathProgBase v0.7.7
  [bac558e1] + OrderedCollections v1.1.0
  [69de0a69] + Parsers v0.3.10
  [2a0f44e3] + Base64 
  [ade2ca70] + Dates 
  [8bb1440f] + DelimitedFiles 
  [8ba89e20] + Distributed 
  [b77e0a4c] + InteractiveUtils 
  [76f85450] + LibGit2 
  [8f399da3] + Libdl 
  [37e2e46d] + LinearAlgebra 
  [56ddb016] + Logging 
  [d6f4376e] + Markdown 
  [a63ad114] + Mmap 
  [44cfe95a] + Pkg 
  [de0858da] + Printf 
  [3fa0cd96] + REPL 
  [9a3f8284] + Random 
  [ea8e919c] + SHA 
  [9e88b42a] + Serialization 
  [1a1011a3] + SharedArrays 
  [6462fe0b] + Sockets 
  [2f01184e] + SparseArrays 
  [10745b16] + Statistics 
  [8dfed614] + Test 
  [cf7118a7] + UUIDs 
  [4ec0a83e] + Unicode 
  Building Gurobi → `~/.julia/packages/Gurobi/TX8tY/deps/build.log`
┌ Error: Error building `Gurobi`: 
│ ERROR: LoadError: Unable to locate Gurobi installation. If the advice above did not help,
│ open an issue at https://github.com/JuliaOpt/Gurobi.jl and post the full
│ print-out of this diagnostic attempt.
│ 
│ Stacktrace:
│  [1] error(::String) at ./error.jl:33
│  [2] top-level scope at /root/.julia/packages/Gurobi/TX8tY/deps/build.jl:145
│  [3] include at ./boot.jl:328 [inlined]
│  [4] include_relative(::Module, ::String) at ./loading.jl:1094
│  [5] include(::Module, ::String) at ./Base.jl:31
│  [6] include(::String) at ./client.jl:431
│  [7] top-level scope at none:5
│ in expression starting at /root/.julia/packages/Gurobi/TX8tY/deps/build.jl:143
│ Unable to locate Gurobi installation. Running some common diagnostics.
│ 
│ Gurobi.jl only supports the following versions:
│ 
│  - gurobi81
│  - gurobi80
│  - gurobi75
│  - gurobi70
│ 
│ Did you download and install one of these versions from gurobi.com?
│ 
│ 
│ Looking for a version of Gurobi in your path:
│ 
│ 
│ We could not find a version of Gurobi in your path, and we could
│ not find the environment variable `GUROBI_HOME`. You should set 
│ the `GUROBI_HOME` environment variable to point to the install
│ location. For example:
│ - on Windows, this might be `C:\Program Files\gurobi810\win64\`
│ - on OSX, this might be `/Library/gurobi810/mac64/`
│ - on Unix, this might be `/opt/gurobi810/linux64/`
│ 
│ Alternatively, you can add the Gurobi install directory to your path.
└ @ Pkg.Operations /buildworker/worker/package_linux64/build/usr/share/julia/stdlib/v1.2/Pkg/src/backwards_compatible_isolation.jl:647
   Testing Gurobi
 Resolving package versions...
    Status `/tmp/jl_qFwTxJ/Manifest.toml`
  [6e4b80f9] BenchmarkTools v0.4.3
  [34da2185] Compat v2.2.0
  [2e9cd046] Gurobi v0.7.3
  [682c06a0] JSON v0.21.0
  [b8f27783] MathOptInterface v0.9.7
  [fdba3010] MathProgBase v0.7.7
  [bac558e1] OrderedCollections v1.1.0
  [69de0a69] Parsers v0.3.10
  [2a0f44e3] Base64  [`@stdlib/Base64`]
  [ade2ca70] Dates  [`@stdlib/Dates`]
  [8bb1440f] DelimitedFiles  [`@stdlib/DelimitedFiles`]
  [8ba89e20] Distributed  [`@stdlib/Distributed`]
  [b77e0a4c] InteractiveUtils  [`@stdlib/InteractiveUtils`]
  [76f85450] LibGit2  [`@stdlib/LibGit2`]
  [8f399da3] Libdl  [`@stdlib/Libdl`]
  [37e2e46d] LinearAlgebra  [`@stdlib/LinearAlgebra`]
  [56ddb016] Logging  [`@stdlib/Logging`]
  [d6f4376e] Markdown  [`@stdlib/Markdown`]
  [a63ad114] Mmap  [`@stdlib/Mmap`]
  [44cfe95a] Pkg  [`@stdlib/Pkg`]
  [de0858da] Printf  [`@stdlib/Printf`]
  [3fa0cd96] REPL  [`@stdlib/REPL`]
  [9a3f8284] Random  [`@stdlib/Random`]
  [ea8e919c] SHA  [`@stdlib/SHA`]
  [9e88b42a] Serialization  [`@stdlib/Serialization`]
  [1a1011a3] SharedArrays  [`@stdlib/SharedArrays`]
  [6462fe0b] Sockets  [`@stdlib/Sockets`]
  [2f01184e] SparseArrays  [`@stdlib/SparseArrays`]
  [10745b16] Statistics  [`@stdlib/Statistics`]
  [8dfed614] Test  [`@stdlib/Test`]
  [cf7118a7] UUIDs  [`@stdlib/UUIDs`]
  [4ec0a83e] Unicode  [`@stdlib/Unicode`]
ERROR: LoadError:     Gurobi not properly installed. Please run Pkg.build("Gurobi"). For
    more information go to https://github.com/JuliaOpt/Gurobi.jl

Stacktrace:
 [1] error(::String) at ./error.jl:33
 [2] top-level scope at /root/.julia/packages/Gurobi/TX8tY/src/Gurobi.jl:7
 [3] include at ./boot.jl:328 [inlined]
 [4] include_relative(::Module, ::String) at ./loading.jl:1094
 [5] include(::Module, ::String) at ./Base.jl:31
 [6] top-level scope at none:2
 [7] eval at ./boot.jl:330 [inlined]
 [8] eval(::Expr) at ./client.jl:432
 [9] top-level scope at ./none:3
in expression starting at /root/.julia/packages/Gurobi/TX8tY/src/Gurobi.jl:4
ERROR: LoadError: Failed to precompile Gurobi [2e9cd046-0924-5485-92f1-d5272153d98b] to /root/.julia/compiled/v1.2/Gurobi/do9v6.ji.
Stacktrace:
 [1] error(::String) at ./error.jl:33
 [2] compilecache(::Base.PkgId, ::String) at ./loading.jl:1253
 [3] _require(::Base.PkgId) at ./loading.jl:1013
 [4] require(::Base.PkgId) at ./loading.jl:911
 [5] require(::Module, ::Symbol) at ./loading.jl:906
 [6] include at ./boot.jl:328 [inlined]
 [7] include_relative(::Module, ::String) at ./loading.jl:1094
 [8] include(::Module, ::String) at ./Base.jl:31
 [9] include(::String) at ./client.jl:431
 [10] top-level scope at none:5
in expression starting at /root/.julia/packages/Gurobi/TX8tY/test/runtests.jl:1
ERROR: Package Gurobi errored during testing
Stacktrace:
 [1] pkgerror(::String, ::Vararg{String,N} where N) at /buildworker/worker/package_linux64/build/usr/share/julia/stdlib/v1.2/Pkg/src/Types.jl:112
 [2] #test#119(::Bool, ::Nothing, ::typeof(Pkg.Operations.test), ::Pkg.Types.Context, ::Array{Pkg.Types.PackageSpec,1}) at /buildworker/worker/package_linux64/build/usr/share/julia/stdlib/v1.2/Pkg/src/Operations.jl:1288
 [3] #test at ./none:0 [inlined]
 [4] #test#62(::Bool, ::Nothing, ::Base.Iterators.Pairs{Union{},Union{},Tuple{},NamedTuple{(),Tuple{}}}, ::typeof(Pkg.API.test), ::Pkg.Types.Context, ::Array{Pkg.Types.PackageSpec,1}) at /buildworker/worker/package_linux64/build/usr/share/julia/stdlib/v1.2/Pkg/src/API.jl:245
 [5] test at /buildworker/worker/package_linux64/build/usr/share/julia/stdlib/v1.2/Pkg/src/API.jl:233 [inlined]
 [6] #test#61 at /buildworker/worker/package_linux64/build/usr/share/julia/stdlib/v1.2/Pkg/src/API.jl:230 [inlined]
 [7] test at /buildworker/worker/package_linux64/build/usr/share/julia/stdlib/v1.2/Pkg/src/API.jl:230 [inlined]
 [8] #test#60 at /buildworker/worker/package_linux64/build/usr/share/julia/stdlib/v1.2/Pkg/src/API.jl:229 [inlined]
 [9] test at /buildworker/worker/package_linux64/build/usr/share/julia/stdlib/v1.2/Pkg/src/API.jl:229 [inlined]
 [10] #test#59(::Base.Iterators.Pairs{Union{},Union{},Tuple{},NamedTuple{(),Tuple{}}}, ::typeof(Pkg.API.test), ::String) at /buildworker/worker/package_linux64/build/usr/share/julia/stdlib/v1.2/Pkg/src/API.jl:228
 [11] test(::String) at /buildworker/worker/package_linux64/build/usr/share/julia/stdlib/v1.2/Pkg/src/API.jl:228
 [12] top-level scope at none:10
