 Resolving package versions...
 Installed Missings ──────────────── v0.4.3
 Installed DataAPI ───────────────── v1.1.0
 Installed PDMats ────────────────── v0.9.10
 Installed StatsFuns ─────────────── v0.9.0
 Installed CommonSubexpressions ──── v0.2.0
 Installed BinaryProvider ────────── v0.5.8
 Installed StatsBase ─────────────── v0.32.0
 Installed StochDynamicProgramming ─ v0.5.0
 Installed URIParser ─────────────── v0.4.0
 Installed AxisAlgorithms ────────── v1.0.0
 Installed DocStringExtensions ───── v0.8.1
 Installed OffsetArrays ──────────── v0.11.1
 Installed MathProgBase ──────────── v0.7.7
 Installed Compat ────────────────── v2.2.0
 Installed ForwardDiff ───────────── v0.10.6
 Installed Rmath ─────────────────── v0.5.1
 Installed OrderedCollections ────── v1.1.0
 Installed Calculus ──────────────── v0.5.1
 Installed DiffRules ─────────────── v0.1.0
 Installed Parsers ───────────────── v0.3.10
 Installed DataStructures ────────── v0.17.6
 Installed Distributions ─────────── v0.21.8
 Installed Ratios ────────────────── v0.3.1
 Installed JSON ──────────────────── v0.21.0
 Installed NaNMath ───────────────── v0.3.3
 Installed JuMP ──────────────────── v0.20.1
 Installed StaticArrays ──────────── v0.12.1
 Installed DiffResults ───────────── v0.0.4
 Installed QuadGK ────────────────── v2.1.1
 Installed BenchmarkTools ────────── v0.4.3
 Installed WoodburyMatrices ──────── v0.4.1
 Installed SortingAlgorithms ─────── v0.3.1
 Installed MathOptInterface ──────── v0.9.7
 Installed CutPruners ────────────── v0.1.0
 Installed BinDeps ───────────────── v0.8.10
 Installed SpecialFunctions ──────── v0.8.0
 Installed ProgressMeter ─────────── v0.9.0
 Installed Arpack ────────────────── v0.3.1
 Installed Interpolations ────────── v0.12.5
  Updating `~/.julia/environments/v1.2/Project.toml`
  [f6024387] + StochDynamicProgramming v0.5.0
  Updating `~/.julia/environments/v1.2/Manifest.toml`
  [7d9fca2a] + Arpack v0.3.1
  [13072b0f] + AxisAlgorithms v1.0.0
  [6e4b80f9] + BenchmarkTools v0.4.3
  [9e28174c] + BinDeps v0.8.10
  [b99e7846] + BinaryProvider v0.5.8
  [49dc2e85] + Calculus v0.5.1
  [bbf7d656] + CommonSubexpressions v0.2.0
  [34da2185] + Compat v2.2.0
  [65d46eb8] + CutPruners v0.1.0
  [9a962f9c] + DataAPI v1.1.0
  [864edb3b] + DataStructures v0.17.6
  [163ba53b] + DiffResults v0.0.4
  [b552c78f] + DiffRules v0.1.0
  [31c24e10] + Distributions v0.21.8
  [ffbed154] + DocStringExtensions v0.8.1
  [f6369f11] + ForwardDiff v0.10.6
  [a98d9a8b] + Interpolations v0.12.5
  [682c06a0] + JSON v0.21.0
  [4076af6c] + JuMP v0.20.1
  [b8f27783] + MathOptInterface v0.9.7
  [fdba3010] + MathProgBase v0.7.7
  [e1d29d7a] + Missings v0.4.3
  [77ba4419] + NaNMath v0.3.3
  [6fe1bfb0] + OffsetArrays v0.11.1
  [bac558e1] + OrderedCollections v1.1.0
  [90014a1f] + PDMats v0.9.10
  [69de0a69] + Parsers v0.3.10
  [92933f4c] + ProgressMeter v0.9.0
  [1fd47b50] + QuadGK v2.1.1
  [c84ed2f1] + Ratios v0.3.1
  [79098fc4] + Rmath v0.5.1
  [a2af1166] + SortingAlgorithms v0.3.1
  [276daf66] + SpecialFunctions v0.8.0
  [90137ffa] + StaticArrays v0.12.1
  [2913bbd2] + StatsBase v0.32.0
  [4c63d2b9] + StatsFuns v0.9.0
  [f6024387] + StochDynamicProgramming v0.5.0
  [30578b45] + URIParser v0.4.0
  [efce3f68] + WoodburyMatrices v0.4.1
  [2a0f44e3] + Base64 
  [ade2ca70] + Dates 
  [8bb1440f] + DelimitedFiles 
  [8ba89e20] + Distributed 
  [b77e0a4c] + InteractiveUtils 
  [76f85450] + LibGit2 
  [8f399da3] + Libdl 
  [37e2e46d] + LinearAlgebra 
  [56ddb016] + Logging 
  [d6f4376e] + Markdown 
  [a63ad114] + Mmap 
  [44cfe95a] + Pkg 
  [de0858da] + Printf 
  [3fa0cd96] + REPL 
  [9a3f8284] + Random 
  [ea8e919c] + SHA 
  [9e88b42a] + Serialization 
  [1a1011a3] + SharedArrays 
  [6462fe0b] + Sockets 
  [2f01184e] + SparseArrays 
  [10745b16] + Statistics 
  [4607b0f0] + SuiteSparse 
  [8dfed614] + Test 
  [cf7118a7] + UUIDs 
  [4ec0a83e] + Unicode 
  Building Rmath ───────────→ `~/.julia/packages/Rmath/4wt82/deps/build.log`
  Building SpecialFunctions → `~/.julia/packages/SpecialFunctions/ne2iw/deps/build.log`
  Building Arpack ──────────→ `~/.julia/packages/Arpack/cu5By/deps/build.log`
   Testing StochDynamicProgramming
 Resolving package versions...
 Installed Clp ─ v0.7.0
  Building Clp → `~/.julia/packages/Clp/4DejL/deps/build.log`
    Status `/tmp/jl_np0FHj/Manifest.toml`
  [7d9fca2a] Arpack v0.3.1
  [13072b0f] AxisAlgorithms v1.0.0
  [6e4b80f9] BenchmarkTools v0.4.3
  [9e28174c] BinDeps v0.8.10
  [b99e7846] BinaryProvider v0.5.8
  [49dc2e85] Calculus v0.5.1
  [e2554f3b] Clp v0.7.0
  [bbf7d656] CommonSubexpressions v0.2.0
  [34da2185] Compat v2.2.0
  [65d46eb8] CutPruners v0.1.0
  [9a962f9c] DataAPI v1.1.0
  [864edb3b] DataStructures v0.17.6
  [163ba53b] DiffResults v0.0.4
  [b552c78f] DiffRules v0.1.0
  [31c24e10] Distributions v0.21.8
  [ffbed154] DocStringExtensions v0.8.1
  [f6369f11] ForwardDiff v0.10.6
  [a98d9a8b] Interpolations v0.12.5
  [682c06a0] JSON v0.21.0
  [4076af6c] JuMP v0.20.1
  [b8f27783] MathOptInterface v0.9.7
  [fdba3010] MathProgBase v0.7.7
  [e1d29d7a] Missings v0.4.3
  [77ba4419] NaNMath v0.3.3
  [6fe1bfb0] OffsetArrays v0.11.1
  [bac558e1] OrderedCollections v1.1.0
  [90014a1f] PDMats v0.9.10
  [69de0a69] Parsers v0.3.10
  [92933f4c] ProgressMeter v0.9.0
  [1fd47b50] QuadGK v2.1.1
  [c84ed2f1] Ratios v0.3.1
  [79098fc4] Rmath v0.5.1
  [a2af1166] SortingAlgorithms v0.3.1
  [276daf66] SpecialFunctions v0.8.0
  [90137ffa] StaticArrays v0.12.1
  [2913bbd2] StatsBase v0.32.0
  [4c63d2b9] StatsFuns v0.9.0
  [f6024387] StochDynamicProgramming v0.5.0
  [30578b45] URIParser v0.4.0
  [efce3f68] WoodburyMatrices v0.4.1
  [2a0f44e3] Base64  [`@stdlib/Base64`]
  [ade2ca70] Dates  [`@stdlib/Dates`]
  [8bb1440f] DelimitedFiles  [`@stdlib/DelimitedFiles`]
  [8ba89e20] Distributed  [`@stdlib/Distributed`]
  [b77e0a4c] InteractiveUtils  [`@stdlib/InteractiveUtils`]
  [76f85450] LibGit2  [`@stdlib/LibGit2`]
  [8f399da3] Libdl  [`@stdlib/Libdl`]
  [37e2e46d] LinearAlgebra  [`@stdlib/LinearAlgebra`]
  [56ddb016] Logging  [`@stdlib/Logging`]
  [d6f4376e] Markdown  [`@stdlib/Markdown`]
  [a63ad114] Mmap  [`@stdlib/Mmap`]
  [44cfe95a] Pkg  [`@stdlib/Pkg`]
  [de0858da] Printf  [`@stdlib/Printf`]
  [3fa0cd96] REPL  [`@stdlib/REPL`]
  [9a3f8284] Random  [`@stdlib/Random`]
  [ea8e919c] SHA  [`@stdlib/SHA`]
  [9e88b42a] Serialization  [`@stdlib/Serialization`]
  [1a1011a3] SharedArrays  [`@stdlib/SharedArrays`]
  [6462fe0b] Sockets  [`@stdlib/Sockets`]
  [2f01184e] SparseArrays  [`@stdlib/SparseArrays`]
  [10745b16] Statistics  [`@stdlib/Statistics`]
  [4607b0f0] SuiteSparse  [`@stdlib/SuiteSparse`]
  [8dfed614] Test  [`@stdlib/Test`]
  [cf7118a7] UUIDs  [`@stdlib/UUIDs`]
  [4ec0a83e] Unicode  [`@stdlib/Unicode`]
ERROR: LoadError: LoadError: UndefVarError: Nullable not defined
Stacktrace:
 [1] top-level scope at /root/.julia/packages/StochDynamicProgramming/sNtGM/src/sdpLoops.jl:90
 [2] include at ./boot.jl:328 [inlined]
 [3] include_relative(::Module, ::String) at ./loading.jl:1094
 [4] include at ./Base.jl:31 [inlined]
 [5] include(::String) at /root/.julia/packages/StochDynamicProgramming/sNtGM/src/StochDynamicProgramming.jl:12
 [6] top-level scope at /root/.julia/packages/StochDynamicProgramming/sNtGM/src/StochDynamicProgramming.jl:13
 [7] include at ./boot.jl:328 [inlined]
 [8] include_relative(::Module, ::String) at ./loading.jl:1094
 [9] include(::Module, ::String) at ./Base.jl:31
 [10] top-level scope at none:2
 [11] eval at ./boot.jl:330 [inlined]
 [12] eval(::Expr) at ./client.jl:432
 [13] top-level scope at ./none:3
in expression starting at /root/.julia/packages/StochDynamicProgramming/sNtGM/src/sdpLoops.jl:90
in expression starting at /root/.julia/packages/StochDynamicProgramming/sNtGM/src/StochDynamicProgramming.jl:13
ERROR: LoadError: Failed to precompile StochDynamicProgramming [f6024387-75e5-5fdf-b095-327b05c0905f] to /root/.julia/compiled/v1.2/StochDynamicProgramming/hX8uh.ji.
Stacktrace:
 [1] error(::String) at ./error.jl:33
 [2] compilecache(::Base.PkgId, ::String) at ./loading.jl:1253
 [3] _require(::Base.PkgId) at ./loading.jl:1013
 [4] require(::Base.PkgId) at ./loading.jl:911
 [5] require(::Module, ::Symbol) at ./loading.jl:906
 [6] include at ./boot.jl:328 [inlined]
 [7] include_relative(::Module, ::String) at ./loading.jl:1094
 [8] include(::Module, ::String) at ./Base.jl:31
 [9] include(::String) at ./client.jl:431
 [10] top-level scope at none:5
in expression starting at /root/.julia/packages/StochDynamicProgramming/sNtGM/test/runtests.jl:10
ERROR: Package StochDynamicProgramming errored during testing
Stacktrace:
 [1] pkgerror(::String, ::Vararg{String,N} where N) at /buildworker/worker/package_linux64/build/usr/share/julia/stdlib/v1.2/Pkg/src/Types.jl:112
 [2] #test#119(::Bool, ::Nothing, ::typeof(Pkg.Operations.test), ::Pkg.Types.Context, ::Array{Pkg.Types.PackageSpec,1}) at /buildworker/worker/package_linux64/build/usr/share/julia/stdlib/v1.2/Pkg/src/Operations.jl:1288
 [3] #test at ./none:0 [inlined]
 [4] #test#62(::Bool, ::Nothing, ::Base.Iterators.Pairs{Union{},Union{},Tuple{},NamedTuple{(),Tuple{}}}, ::typeof(Pkg.API.test), ::Pkg.Types.Context, ::Array{Pkg.Types.PackageSpec,1}) at /buildworker/worker/package_linux64/build/usr/share/julia/stdlib/v1.2/Pkg/src/API.jl:245
 [5] test at /buildworker/worker/package_linux64/build/usr/share/julia/stdlib/v1.2/Pkg/src/API.jl:233 [inlined]
 [6] #test#61 at /buildworker/worker/package_linux64/build/usr/share/julia/stdlib/v1.2/Pkg/src/API.jl:230 [inlined]
 [7] test at /buildworker/worker/package_linux64/build/usr/share/julia/stdlib/v1.2/Pkg/src/API.jl:230 [inlined]
 [8] #test#60 at /buildworker/worker/package_linux64/build/usr/share/julia/stdlib/v1.2/Pkg/src/API.jl:229 [inlined]
 [9] test at /buildworker/worker/package_linux64/build/usr/share/julia/stdlib/v1.2/Pkg/src/API.jl:229 [inlined]
 [10] #test#59(::Base.Iterators.Pairs{Union{},Union{},Tuple{},NamedTuple{(),Tuple{}}}, ::typeof(Pkg.API.test), ::String) at /buildworker/worker/package_linux64/build/usr/share/julia/stdlib/v1.2/Pkg/src/API.jl:228
 [11] test(::String) at /buildworker/worker/package_linux64/build/usr/share/julia/stdlib/v1.2/Pkg/src/API.jl:228
 [12] top-level scope at none:10
