 Resolving package versions...
 Installed Gaston ─ v0.10.0
  Updating `~/.julia/environments/v1.2/Project.toml`
  [4b11ee91] + Gaston v0.10.0
  Updating `~/.julia/environments/v1.2/Manifest.toml`
  [4b11ee91] + Gaston v0.10.0
  [8bb1440f] + DelimitedFiles 
  [a63ad114] + Mmap 
  [9a3f8284] + Random 
  [9e88b42a] + Serialization 
   Testing Gaston
 Resolving package versions...
    Status `/tmp/jl_0af43M/Manifest.toml`
  [4b11ee91] Gaston v0.10.0
  [2a0f44e3] Base64  [`@stdlib/Base64`]
  [8bb1440f] DelimitedFiles  [`@stdlib/DelimitedFiles`]
  [8ba89e20] Distributed  [`@stdlib/Distributed`]
  [b77e0a4c] InteractiveUtils  [`@stdlib/InteractiveUtils`]
  [56ddb016] Logging  [`@stdlib/Logging`]
  [d6f4376e] Markdown  [`@stdlib/Markdown`]
  [a63ad114] Mmap  [`@stdlib/Mmap`]
  [9a3f8284] Random  [`@stdlib/Random`]
  [9e88b42a] Serialization  [`@stdlib/Serialization`]
  [6462fe0b] Sockets  [`@stdlib/Sockets`]
  [8dfed614] Test  [`@stdlib/Test`]
ERROR: LoadError: InitError: Gaston cannot be loaded: gnuplot is not available on this system.
Stacktrace:
 [1] error(::String) at ./error.jl:33
 [2] __init__() at /root/.julia/packages/Gaston/JtE39/src/Gaston.jl:64
 [3] _include_from_serialized(::String, ::Array{Any,1}) at ./loading.jl:685
 [4] _require_from_serialized(::String) at ./loading.jl:736
 [5] _require(::Base.PkgId) at ./loading.jl:1023
 [6] require(::Base.PkgId) at ./loading.jl:911
 [7] require(::Module, ::Symbol) at ./loading.jl:906
 [8] include at ./boot.jl:328 [inlined]
 [9] include_relative(::Module, ::String) at ./loading.jl:1094
 [10] include(::Module, ::String) at ./Base.jl:31
 [11] include(::String) at ./client.jl:431
 [12] top-level scope at none:5
during initialization of module Gaston
in expression starting at /root/.julia/packages/Gaston/JtE39/test/runtests.jl:13
caused by [exception 1]
IOError: could not spawn `gnuplot --version`: no such file or directory (ENOENT)
Stacktrace:
 [1] _spawn_primitive(::String, ::Cmd, ::Array{Any,1}) at ./process.jl:401
 [2] setup_stdios(::getfield(Base, Symbol("##526#527")){Cmd}, ::Array{Any,1}) at ./process.jl:414
 [3] success(::Cmd) at ./process.jl:413
 [4] __init__() at /root/.julia/packages/Gaston/JtE39/src/Gaston.jl:62
 [5] _include_from_serialized(::String, ::Array{Any,1}) at ./loading.jl:685
 [6] _require_from_serialized(::String) at ./loading.jl:736
 [7] _require(::Base.PkgId) at ./loading.jl:1023
 [8] require(::Base.PkgId) at ./loading.jl:911
 [9] require(::Module, ::Symbol) at ./loading.jl:906
 [10] include at ./boot.jl:328 [inlined]
 [11] include_relative(::Module, ::String) at ./loading.jl:1094
 [12] include(::Module, ::String) at ./Base.jl:31
 [13] include(::String) at ./client.jl:431
 [14] top-level scope at none:5
ERROR: Package Gaston errored during testing
Stacktrace:
 [1] pkgerror(::String, ::Vararg{String,N} where N) at /buildworker/worker/package_linux64/build/usr/share/julia/stdlib/v1.2/Pkg/src/Types.jl:112
 [2] #test#119(::Bool, ::Nothing, ::typeof(Pkg.Operations.test), ::Pkg.Types.Context, ::Array{Pkg.Types.PackageSpec,1}) at /buildworker/worker/package_linux64/build/usr/share/julia/stdlib/v1.2/Pkg/src/Operations.jl:1288
 [3] #test at ./none:0 [inlined]
 [4] #test#62(::Bool, ::Nothing, ::Base.Iterators.Pairs{Union{},Union{},Tuple{},NamedTuple{(),Tuple{}}}, ::typeof(Pkg.API.test), ::Pkg.Types.Context, ::Array{Pkg.Types.PackageSpec,1}) at /buildworker/worker/package_linux64/build/usr/share/julia/stdlib/v1.2/Pkg/src/API.jl:245
 [5] test at /buildworker/worker/package_linux64/build/usr/share/julia/stdlib/v1.2/Pkg/src/API.jl:233 [inlined]
 [6] #test#61 at /buildworker/worker/package_linux64/build/usr/share/julia/stdlib/v1.2/Pkg/src/API.jl:230 [inlined]
 [7] test at /buildworker/worker/package_linux64/build/usr/share/julia/stdlib/v1.2/Pkg/src/API.jl:230 [inlined]
 [8] #test#60 at /buildworker/worker/package_linux64/build/usr/share/julia/stdlib/v1.2/Pkg/src/API.jl:229 [inlined]
 [9] test at /buildworker/worker/package_linux64/build/usr/share/julia/stdlib/v1.2/Pkg/src/API.jl:229 [inlined]
 [10] #test#59(::Base.Iterators.Pairs{Union{},Union{},Tuple{},NamedTuple{(),Tuple{}}}, ::typeof(Pkg.API.test), ::String) at /buildworker/worker/package_linux64/build/usr/share/julia/stdlib/v1.2/Pkg/src/API.jl:228
 [11] test(::String) at /buildworker/worker/package_linux64/build/usr/share/julia/stdlib/v1.2/Pkg/src/API.jl:228
 [12] top-level scope at none:10
