 Resolving package versions...
 Installed RecipesBase ──────────── v0.7.0
 Installed Requires ─────────────── v0.5.2
 Installed Lazy ─────────────────── v0.14.0
 Installed Arpack ───────────────── v0.3.1
 Installed MacroTools ───────────── v0.5.2
 Installed BinaryProvider ───────── v0.5.8
 Installed DataStructures ───────── v0.17.6
 Installed DataAPI ──────────────── v1.1.0
 Installed PDMats ───────────────── v0.9.10
 Installed URIParser ────────────── v0.4.0
 Installed BinDeps ──────────────── v0.8.10
 Installed Distributions ────────── v0.21.8
 Installed SpecialFunctions ─────── v0.8.0
 Installed StaticArrays ─────────── v0.12.1
 Installed MonteCarloMeasurements ─ v0.5.4
 Installed Missings ─────────────── v0.4.3
 Installed SortingAlgorithms ────── v0.3.1
 Installed StatsBase ────────────── v0.32.0
 Installed OrderedCollections ───── v1.1.0
 Installed GenericLinearAlgebra ─── v0.2.1
 Installed QuadGK ───────────────── v2.1.1
 Installed StatsFuns ────────────── v0.9.0
 Installed Compat ───────────────── v2.2.0
 Installed Rmath ────────────────── v0.5.1
  Updating `~/.julia/environments/v1.0/Project.toml`
  [0987c9cc] + MonteCarloMeasurements v0.5.4
  Updating `~/.julia/environments/v1.0/Manifest.toml`
  [7d9fca2a] + Arpack v0.3.1
  [9e28174c] + BinDeps v0.8.10
  [b99e7846] + BinaryProvider v0.5.8
  [34da2185] + Compat v2.2.0
  [9a962f9c] + DataAPI v1.1.0
  [864edb3b] + DataStructures v0.17.6
  [31c24e10] + Distributions v0.21.8
  [14197337] + GenericLinearAlgebra v0.2.1
  [50d2b5c4] + Lazy v0.14.0
  [1914dd2f] + MacroTools v0.5.2
  [e1d29d7a] + Missings v0.4.3
  [0987c9cc] + MonteCarloMeasurements v0.5.4
  [bac558e1] + OrderedCollections v1.1.0
  [90014a1f] + PDMats v0.9.10
  [1fd47b50] + QuadGK v2.1.1
  [3cdcf5f2] + RecipesBase v0.7.0
  [ae029012] + Requires v0.5.2
  [79098fc4] + Rmath v0.5.1
  [a2af1166] + SortingAlgorithms v0.3.1
  [276daf66] + SpecialFunctions v0.8.0
  [90137ffa] + StaticArrays v0.12.1
  [2913bbd2] + StatsBase v0.32.0
  [4c63d2b9] + StatsFuns v0.9.0
  [30578b45] + URIParser v0.4.0
  [2a0f44e3] + Base64 
  [ade2ca70] + Dates 
  [8bb1440f] + DelimitedFiles 
  [8ba89e20] + Distributed 
  [b77e0a4c] + InteractiveUtils 
  [76f85450] + LibGit2 
  [8f399da3] + Libdl 
  [37e2e46d] + LinearAlgebra 
  [56ddb016] + Logging 
  [d6f4376e] + Markdown 
  [a63ad114] + Mmap 
  [44cfe95a] + Pkg 
  [de0858da] + Printf 
  [3fa0cd96] + REPL 
  [9a3f8284] + Random 
  [ea8e919c] + SHA 
  [9e88b42a] + Serialization 
  [1a1011a3] + SharedArrays 
  [6462fe0b] + Sockets 
  [2f01184e] + SparseArrays 
  [10745b16] + Statistics 
  [4607b0f0] + SuiteSparse 
  [8dfed614] + Test 
  [cf7118a7] + UUIDs 
  [4ec0a83e] + Unicode 
  Building Arpack ──────────→ `~/.julia/packages/Arpack/cu5By/deps/build.log`
  Building SpecialFunctions → `~/.julia/packages/SpecialFunctions/ne2iw/deps/build.log`
  Building Rmath ───────────→ `~/.julia/packages/Rmath/4wt82/deps/build.log`
   Testing MonteCarloMeasurements
 Resolving package versions...
 Installed NaNMath ───────────────────── v0.3.3
 Installed VersionParsing ────────────── v1.1.3
 Installed ForwardDiff ───────────────── v0.10.6
 Installed DocStringExtensions ───────── v0.8.1
 Installed ColorTypes ────────────────── v0.8.0
 Installed CommonSubexpressions ──────── v0.2.0
 Installed ControlSystems ────────────── v0.5.4
 Installed Plots ─────────────────────── v0.27.0
 Installed Inflate ───────────────────── v0.1.1
 Installed RecursiveArrayTools ───────── v1.0.2
 Installed DiffEqDiffTools ───────────── v1.4.0
 Installed IteratorInterfaceExtensions ─ v1.0.0
 Installed DiffRules ─────────────────── v0.1.0
 Installed ArrayInterface ────────────── v1.2.1
 Installed Parsers ───────────────────── v0.3.10
 Installed FFTW ──────────────────────── v1.1.0
 Installed FixedPointNumbers ─────────── v0.6.1
 Installed FunctionWrappers ──────────── v1.0.0
 Installed Contour ───────────────────── v0.5.1
 Installed Reexport ──────────────────── v0.2.0
 Installed Adapt ─────────────────────── v1.0.0
 Installed Polynomials ───────────────── v0.6.0
 Installed VertexSafeGraphs ──────────── v0.1.0
 Installed Conda ─────────────────────── v1.3.0
 Installed Showoff ───────────────────── v0.3.1
 Installed JSON ──────────────────────── v0.21.0
 Installed TreeViews ─────────────────── v0.3.0
 Installed AbstractFFTs ──────────────── v0.5.0
 Installed Roots ─────────────────────── v0.8.3
 Installed GeometryTypes ─────────────── v0.7.6
 Installed DiffEqBase ────────────────── v6.6.0
 Installed PlotUtils ─────────────────── v0.6.1
 Installed DSP ───────────────────────── v0.6.1
 Installed IterativeSolvers ──────────── v0.8.1
 Installed FFMPEG ────────────────────── v0.2.3
 Installed DiffResults ───────────────── v0.0.4
 Installed ArnoldiMethod ─────────────── v0.0.4
 Installed PlotThemes ────────────────── v0.4.0
 Installed Colors ────────────────────── v0.9.6
 Installed GenericSVD ────────────────── v0.2.2
 Installed LaTeXStrings ──────────────── v1.0.3
 Installed TableTraits ───────────────── v1.0.0
 Installed SimpleTraits ──────────────── v0.9.1
 Installed DelayDiffEq ───────────────── v5.18.0
 Installed OrdinaryDiffEq ────────────── v5.23.0
 Installed SparseDiffTools ───────────── v0.10.3
 Installed Parameters ────────────────── v0.12.0
 Installed MuladdMacro ───────────────── v0.2.1
 Installed LightGraphs ───────────────── v1.3.0
 Installed Measures ──────────────────── v0.3.0
 Installed ExponentialUtilities ──────── v1.5.1
 Installed IterTools ─────────────────── v1.3.0
 Installed RecursiveFactorization ────── v0.1.0
 Installed GR ────────────────────────── v0.42.0
  Building GR ────→ `~/.julia/packages/GR/f1Iqi/deps/build.log`
  Building FFMPEG → `~/.julia/packages/FFMPEG/bkWgb/deps/build.log`
  Building Plots ─→ `~/.julia/packages/Plots/Iuc9S/deps/build.log`
  Building Conda ─→ `~/.julia/packages/Conda/kLXeC/deps/build.log`
  Building FFTW ──→ `~/.julia/packages/FFTW/loJ3F/deps/build.log`
    Status `/tmp/tmpMG5UGO/Manifest.toml`
  [621f4979] AbstractFFTs v0.5.0
  [79e6a3ab] Adapt v1.0.0
  [ec485272] ArnoldiMethod v0.0.4
  [7d9fca2a] Arpack v0.3.1
  [4fba245c] ArrayInterface v1.2.1
  [9e28174c] BinDeps v0.8.10
  [b99e7846] BinaryProvider v0.5.8
  [3da002f7] ColorTypes v0.8.0
  [5ae59095] Colors v0.9.6
  [bbf7d656] CommonSubexpressions v0.2.0
  [34da2185] Compat v2.2.0
  [8f4d0f93] Conda v1.3.0
  [d38c429a] Contour v0.5.1
  [a6e380b2] ControlSystems v0.5.4
  [717857b8] DSP v0.6.1
  [9a962f9c] DataAPI v1.1.0
  [864edb3b] DataStructures v0.17.6
  [bcd4f6db] DelayDiffEq v5.18.0
  [2b5f629d] DiffEqBase v6.6.0
  [01453d9d] DiffEqDiffTools v1.4.0
  [163ba53b] DiffResults v0.0.4
  [b552c78f] DiffRules v0.1.0
  [31c24e10] Distributions v0.21.8
  [ffbed154] DocStringExtensions v0.8.1
  [d4d017d3] ExponentialUtilities v1.5.1
  [c87230d0] FFMPEG v0.2.3
  [7a1cc6ca] FFTW v1.1.0
  [53c48c17] FixedPointNumbers v0.6.1
  [f6369f11] ForwardDiff v0.10.6
  [069b7b12] FunctionWrappers v1.0.0
  [28b8d3ca] GR v0.42.0
  [14197337] GenericLinearAlgebra v0.2.1
  [01680d73] GenericSVD v0.2.2
  [4d00f742] GeometryTypes v0.7.6
  [d25df0c9] Inflate v0.1.1
  [c8e1da08] IterTools v1.3.0
  [42fd0dbc] IterativeSolvers v0.8.1
  [82899510] IteratorInterfaceExtensions v1.0.0
  [682c06a0] JSON v0.21.0
  [b964fa9f] LaTeXStrings v1.0.3
  [50d2b5c4] Lazy v0.14.0
  [093fc24a] LightGraphs v1.3.0
  [1914dd2f] MacroTools v0.5.2
  [442fdcdd] Measures v0.3.0
  [e1d29d7a] Missings v0.4.3
  [0987c9cc] MonteCarloMeasurements v0.5.4
  [46d2c3a1] MuladdMacro v0.2.1
  [77ba4419] NaNMath v0.3.3
  [bac558e1] OrderedCollections v1.1.0
  [1dea7af3] OrdinaryDiffEq v5.23.0
  [90014a1f] PDMats v0.9.10
  [d96e819e] Parameters v0.12.0
  [69de0a69] Parsers v0.3.10
  [ccf2f8ad] PlotThemes v0.4.0
  [995b91a9] PlotUtils v0.6.1
  [91a5bcdd] Plots v0.27.0
  [f27b6e38] Polynomials v0.6.0
  [1fd47b50] QuadGK v2.1.1
  [3cdcf5f2] RecipesBase v0.7.0
  [731186ca] RecursiveArrayTools v1.0.2
  [f2c3362d] RecursiveFactorization v0.1.0
  [189a3867] Reexport v0.2.0
  [ae029012] Requires v0.5.2
  [79098fc4] Rmath v0.5.1
  [f2b01f46] Roots v0.8.3
  [992d4aef] Showoff v0.3.1
  [699a6c99] SimpleTraits v0.9.1
  [a2af1166] SortingAlgorithms v0.3.1
  [47a9eef4] SparseDiffTools v0.10.3
  [276daf66] SpecialFunctions v0.8.0
  [90137ffa] StaticArrays v0.12.1
  [2913bbd2] StatsBase v0.32.0
  [4c63d2b9] StatsFuns v0.9.0
  [3783bdb8] TableTraits v1.0.0
  [a2a6695c] TreeViews v0.3.0
  [30578b45] URIParser v0.4.0
  [81def892] VersionParsing v1.1.3
  [19fa3120] VertexSafeGraphs v0.1.0
  [2a0f44e3] Base64  [`@stdlib/Base64`]
  [ade2ca70] Dates  [`@stdlib/Dates`]
  [8bb1440f] DelimitedFiles  [`@stdlib/DelimitedFiles`]
  [8ba89e20] Distributed  [`@stdlib/Distributed`]
  [b77e0a4c] InteractiveUtils  [`@stdlib/InteractiveUtils`]
  [76f85450] LibGit2  [`@stdlib/LibGit2`]
  [8f399da3] Libdl  [`@stdlib/Libdl`]
  [37e2e46d] LinearAlgebra  [`@stdlib/LinearAlgebra`]
  [56ddb016] Logging  [`@stdlib/Logging`]
  [d6f4376e] Markdown  [`@stdlib/Markdown`]
  [a63ad114] Mmap  [`@stdlib/Mmap`]
  [44cfe95a] Pkg  [`@stdlib/Pkg`]
  [de0858da] Printf  [`@stdlib/Printf`]
  [3fa0cd96] REPL  [`@stdlib/REPL`]
  [9a3f8284] Random  [`@stdlib/Random`]
  [ea8e919c] SHA  [`@stdlib/SHA`]
  [9e88b42a] Serialization  [`@stdlib/Serialization`]
  [1a1011a3] SharedArrays  [`@stdlib/SharedArrays`]
  [6462fe0b] Sockets  [`@stdlib/Sockets`]
  [2f01184e] SparseArrays  [`@stdlib/SparseArrays`]
  [10745b16] Statistics  [`@stdlib/Statistics`]
  [4607b0f0] SuiteSparse  [`@stdlib/SuiteSparse`]
  [8dfed614] Test  [`@stdlib/Test`]
  [cf7118a7] UUIDs  [`@stdlib/UUIDs`]
  [4ec0a83e] Unicode  [`@stdlib/Unicode`]
[ Info: Running tests
[ Info: import Plots
[ Info: import Plots done
[ Info: Testing sampling
  4.322928 seconds (5.05 M allocations: 264.300 MiB, 4.75% gc time)
[ Info: Creating the first StaticParticles
[ Info: Done
[ Info: Running tests for Particles
-2.78e-17 ± 1.0
[ Info: Tests for Particles done
[ Info: Running tests for StaticParticles
-2.78e-17 ± 1.0
[ Info: Tests for StaticParticles done
[ Info: Running tests for WeightedParticles
┌ Warning: std will default to corrected=true in the future. Use corrected=false for previous behaviour.
│   caller = #std#105(::Base.Iterators.Pairs{Union{},Union{},Tuple{},NamedTuple{(),Tuple{}}}, ::Function, ::WeightedParticles{Float64,100}) at particles.jl:204
└ @ MonteCarloMeasurements ~/.julia/packages/MonteCarloMeasurements/XU1Fr/src/particles.jl:204
-2.26e-17 ± 0.99
┌ Warning: var will default to corrected=true in the future. Use corrected=false for previous behaviour.
│   caller = #var#104(::Base.Iterators.Pairs{Union{},Union{},Tuple{},NamedTuple{(),Tuple{}}}, ::Function, ::WeightedParticles{Float64,100}) at particles.jl:204
└ @ MonteCarloMeasurements ~/.julia/packages/MonteCarloMeasurements/XU1Fr/src/particles.jl:204
┌ Warning: p1 min p2 not yet fully supported for WeightedParticles
└ @ MonteCarloMeasurements ~/.julia/packages/MonteCarloMeasurements/XU1Fr/src/particles.jl:174
┌ Warning: p1 max p2 not yet fully supported for WeightedParticles
└ @ MonteCarloMeasurements ~/.julia/packages/MonteCarloMeasurements/XU1Fr/src/particles.jl:174
┌ Warning: cov will default to corrected=true in the future. Use corrected=false for previous behaviour.
│   caller = cov at cov.jl:98 [inlined]
└ @ Core ~/.julia/packages/StatsBase/DyWPR/src/cov.jl:98
┌ Warning: p1 Base.add_sum p2 not yet fully supported for WeightedParticles
└ @ MonteCarloMeasurements ~/.julia/packages/MonteCarloMeasurements/XU1Fr/src/particles.jl:174
┌ Warning: p1 Base.add_sum p2 not yet fully supported for WeightedParticles
└ @ MonteCarloMeasurements ~/.julia/packages/MonteCarloMeasurements/XU1Fr/src/particles.jl:174
┌ Warning: p1 + p2 not yet fully supported for WeightedParticles
└ @ MonteCarloMeasurements ~/.julia/packages/MonteCarloMeasurements/XU1Fr/src/particles.jl:174
┌ Warning: p1 + p2 not yet fully supported for WeightedParticles
└ @ MonteCarloMeasurements ~/.julia/packages/MonteCarloMeasurements/XU1Fr/src/particles.jl:174
┌ Warning: p1 + p2 not yet fully supported for WeightedParticles
└ @ MonteCarloMeasurements ~/.julia/packages/MonteCarloMeasurements/XU1Fr/src/particles.jl:174
┌ Warning: p1 + p2 not yet fully supported for WeightedParticles
└ @ MonteCarloMeasurements ~/.julia/packages/MonteCarloMeasurements/XU1Fr/src/particles.jl:174
┌ Warning: p1 + p2 not yet fully supported for WeightedParticles
└ @ MonteCarloMeasurements ~/.julia/packages/MonteCarloMeasurements/XU1Fr/src/particles.jl:174
┌ Warning: p1 + p2 not yet fully supported for WeightedParticles
└ @ MonteCarloMeasurements ~/.julia/packages/MonteCarloMeasurements/XU1Fr/src/particles.jl:174
┌ Warning: p1 + p2 not yet fully supported for WeightedParticles
└ @ MonteCarloMeasurements ~/.julia/packages/MonteCarloMeasurements/XU1Fr/src/particles.jl:174
┌ Warning: p1 + p2 not yet fully supported for WeightedParticles
└ @ MonteCarloMeasurements ~/.julia/packages/MonteCarloMeasurements/XU1Fr/src/particles.jl:174
┌ Warning: p1 + p2 not yet fully supported for WeightedParticles
└ @ MonteCarloMeasurements ~/.julia/packages/MonteCarloMeasurements/XU1Fr/src/particles.jl:174
┌ Warning: p1 + p2 not yet fully supported for WeightedParticles
└ @ MonteCarloMeasurements ~/.julia/packages/MonteCarloMeasurements/XU1Fr/src/particles.jl:174
┌ Warning: p1 + p2 not yet fully supported for WeightedParticles
└ @ MonteCarloMeasurements ~/.julia/packages/MonteCarloMeasurements/XU1Fr/src/particles.jl:174
┌ Warning: p1 + p2 not yet fully supported for WeightedParticles
└ @ MonteCarloMeasurements ~/.julia/packages/MonteCarloMeasurements/XU1Fr/src/particles.jl:174
┌ Warning: p1 + p2 not yet fully supported for WeightedParticles
└ @ MonteCarloMeasurements ~/.julia/packages/MonteCarloMeasurements/XU1Fr/src/particles.jl:174
┌ Warning: p1 / p2 not yet fully supported for WeightedParticles
└ @ MonteCarloMeasurements ~/.julia/packages/MonteCarloMeasurements/XU1Fr/src/particles.jl:174
┌ Warning: p1 - p2 not yet fully supported for WeightedParticles
└ @ MonteCarloMeasurements ~/.julia/packages/MonteCarloMeasurements/XU1Fr/src/particles.jl:174
┌ Warning: p1 / p2 not yet fully supported for WeightedParticles
└ @ MonteCarloMeasurements ~/.julia/packages/MonteCarloMeasurements/XU1Fr/src/particles.jl:174
┌ Warning: p1 / p2 not yet fully supported for WeightedParticles
└ @ MonteCarloMeasurements ~/.julia/packages/MonteCarloMeasurements/XU1Fr/src/particles.jl:174
┌ Warning: p1 - p2 not yet fully supported for WeightedParticles
└ @ MonteCarloMeasurements ~/.julia/packages/MonteCarloMeasurements/XU1Fr/src/particles.jl:174
┌ Warning: p1 - p2 not yet fully supported for WeightedParticles
└ @ MonteCarloMeasurements ~/.julia/packages/MonteCarloMeasurements/XU1Fr/src/particles.jl:174
┌ Warning: p1 - p2 not yet fully supported for WeightedParticles
└ @ MonteCarloMeasurements ~/.julia/packages/MonteCarloMeasurements/XU1Fr/src/particles.jl:174
┌ Warning: p1 - p2 not yet fully supported for WeightedParticles
└ @ MonteCarloMeasurements ~/.julia/packages/MonteCarloMeasurements/XU1Fr/src/particles.jl:174
┌ Warning: p1 / p2 not yet fully supported for WeightedParticles
└ @ MonteCarloMeasurements ~/.julia/packages/MonteCarloMeasurements/XU1Fr/src/particles.jl:174
┌ Warning: p1 - p2 not yet fully supported for WeightedParticles
└ @ MonteCarloMeasurements ~/.julia/packages/MonteCarloMeasurements/XU1Fr/src/particles.jl:174
┌ Warning: p1 / p2 not yet fully supported for WeightedParticles
└ @ MonteCarloMeasurements ~/.julia/packages/MonteCarloMeasurements/XU1Fr/src/particles.jl:174
┌ Warning: p1 / p2 not yet fully supported for WeightedParticles
└ @ MonteCarloMeasurements ~/.julia/packages/MonteCarloMeasurements/XU1Fr/src/particles.jl:174
┌ Warning: p1 - p2 not yet fully supported for WeightedParticles
└ @ MonteCarloMeasurements ~/.julia/packages/MonteCarloMeasurements/XU1Fr/src/particles.jl:174
┌ Warning: p1 - p2 not yet fully supported for WeightedParticles
└ @ MonteCarloMeasurements ~/.julia/packages/MonteCarloMeasurements/XU1Fr/src/particles.jl:174
┌ Warning: p1 - p2 not yet fully supported for WeightedParticles
└ @ MonteCarloMeasurements ~/.julia/packages/MonteCarloMeasurements/XU1Fr/src/particles.jl:174
┌ Warning: p1 / p2 not yet fully supported for WeightedParticles
└ @ MonteCarloMeasurements ~/.julia/packages/MonteCarloMeasurements/XU1Fr/src/particles.jl:174
┌ Warning: p1 - p2 not yet fully supported for WeightedParticles
└ @ MonteCarloMeasurements ~/.julia/packages/MonteCarloMeasurements/XU1Fr/src/particles.jl:174
┌ Warning: p1 - p2 not yet fully supported for WeightedParticles
└ @ MonteCarloMeasurements ~/.julia/packages/MonteCarloMeasurements/XU1Fr/src/particles.jl:174
┌ Warning: p1 / p2 not yet fully supported for WeightedParticles
└ @ MonteCarloMeasurements ~/.julia/packages/MonteCarloMeasurements/XU1Fr/src/particles.jl:174
┌ Warning: p1 - p2 not yet fully supported for WeightedParticles
└ @ MonteCarloMeasurements ~/.julia/packages/MonteCarloMeasurements/XU1Fr/src/particles.jl:174
┌ Warning: p1 / p2 not yet fully supported for WeightedParticles
└ @ MonteCarloMeasurements ~/.julia/packages/MonteCarloMeasurements/XU1Fr/src/particles.jl:174
┌ Warning: p1 / p2 not yet fully supported for WeightedParticles
└ @ MonteCarloMeasurements ~/.julia/packages/MonteCarloMeasurements/XU1Fr/src/particles.jl:174
┌ Warning: p1 + p2 not yet fully supported for WeightedParticles
└ @ MonteCarloMeasurements ~/.julia/packages/MonteCarloMeasurements/XU1Fr/src/particles.jl:174
┌ Warning: p1 + p2 not yet fully supported for WeightedParticles
└ @ MonteCarloMeasurements ~/.julia/packages/MonteCarloMeasurements/XU1Fr/src/particles.jl:174
┌ Warning: p1 + p2 not yet fully supported for WeightedParticles
└ @ MonteCarloMeasurements ~/.julia/packages/MonteCarloMeasurements/XU1Fr/src/particles.jl:174
┌ Warning: p1 / p2 not yet fully supported for WeightedParticles
└ @ MonteCarloMeasurements ~/.julia/packages/MonteCarloMeasurements/XU1Fr/src/particles.jl:174
┌ Warning: p1 / p2 not yet fully supported for WeightedParticles
└ @ MonteCarloMeasurements ~/.julia/packages/MonteCarloMeasurements/XU1Fr/src/particles.jl:174
┌ Warning: p1 / p2 not yet fully supported for WeightedParticles
└ @ MonteCarloMeasurements ~/.julia/packages/MonteCarloMeasurements/XU1Fr/src/particles.jl:174
┌ Warning: p1 + p2 not yet fully supported for WeightedParticles
└ @ MonteCarloMeasurements ~/.julia/packages/MonteCarloMeasurements/XU1Fr/src/particles.jl:174
┌ Warning: p1 + p2 not yet fully supported for WeightedParticles
└ @ MonteCarloMeasurements ~/.julia/packages/MonteCarloMeasurements/XU1Fr/src/particles.jl:174
┌ Warning: p1 - p2 not yet fully supported for WeightedParticles
└ @ MonteCarloMeasurements ~/.julia/packages/MonteCarloMeasurements/XU1Fr/src/particles.jl:174
┌ Warning: p1 - p2 not yet fully supported for WeightedParticles
└ @ MonteCarloMeasurements ~/.julia/packages/MonteCarloMeasurements/XU1Fr/src/particles.jl:174
┌ Warning: p1 - p2 not yet fully supported for WeightedParticles
└ @ MonteCarloMeasurements ~/.julia/packages/MonteCarloMeasurements/XU1Fr/src/particles.jl:174
┌ Warning: p1 + p2 not yet fully supported for WeightedParticles
└ @ MonteCarloMeasurements ~/.julia/packages/MonteCarloMeasurements/XU1Fr/src/particles.jl:174
┌ Warning: p1 + p2 not yet fully supported for WeightedParticles
└ @ MonteCarloMeasurements ~/.julia/packages/MonteCarloMeasurements/XU1Fr/src/particles.jl:174
┌ Warning: p1 - p2 not yet fully supported for WeightedParticles
└ @ MonteCarloMeasurements ~/.julia/packages/MonteCarloMeasurements/XU1Fr/src/particles.jl:174
┌ Warning: p1 - p2 not yet fully supported for WeightedParticles
└ @ MonteCarloMeasurements ~/.julia/packages/MonteCarloMeasurements/XU1Fr/src/particles.jl:174
┌ Warning: p1 - p2 not yet fully supported for WeightedParticles
└ @ MonteCarloMeasurements ~/.julia/packages/MonteCarloMeasurements/XU1Fr/src/particles.jl:174
┌ Warning: p1 + p2 not yet fully supported for WeightedParticles
└ @ MonteCarloMeasurements ~/.julia/packages/MonteCarloMeasurements/XU1Fr/src/particles.jl:174
┌ Warning: p1 + p2 not yet fully supported for WeightedParticles
└ @ MonteCarloMeasurements ~/.julia/packages/MonteCarloMeasurements/XU1Fr/src/particles.jl:174
┌ Warning: p1 / p2 not yet fully supported for WeightedParticles
└ @ MonteCarloMeasurements ~/.julia/packages/MonteCarloMeasurements/XU1Fr/src/particles.jl:174
┌ Warning: p1 / p2 not yet fully supported for WeightedParticles
└ @ MonteCarloMeasurements ~/.julia/packages/MonteCarloMeasurements/XU1Fr/src/particles.jl:174
┌ Warning: p1 + p2 not yet fully supported for WeightedParticles
└ @ MonteCarloMeasurements ~/.julia/packages/MonteCarloMeasurements/XU1Fr/src/particles.jl:174
┌ Warning: p1 - p2 not yet fully supported for WeightedParticles
└ @ MonteCarloMeasurements ~/.julia/packages/MonteCarloMeasurements/XU1Fr/src/particles.jl:174
┌ Warning: p1 - p2 not yet fully supported for WeightedParticles
└ @ MonteCarloMeasurements ~/.julia/packages/MonteCarloMeasurements/XU1Fr/src/particles.jl:174
[ Info: Tests for WeightedParticles done
 80.319662 seconds (67.44 M allocations: 3.247 GiB, 5.06% gc time)
[ Info: Running tests for multivariate Particles
[ Info: Tests for multivariate Particles done
[ Info: Running tests for multivariate StaticParticles
[ Info: Tests for multivariate StaticParticles done
[ Info: Running tests for multivariate WeightedParticles
[ Info: Tests for multivariate WeightedParticles done
  2.356765 seconds (2.15 M allocations: 105.932 MiB, 5.08% gc time)
[ Info: Testing sigmapoints
[ Info: Testing gradient
  6.089270 seconds (5.18 M allocations: 252.826 MiB, 5.35% gc time)
[ Info: Testing leastsquares
 17.665010 seconds (9.01 M allocations: 2.226 GiB, 11.57% gc time)
[ Info: Testing misc
Part500(-3.109e-18 ± 1.0)-3.11e-18 ± 1.0
$-3.11e-18 ± 1.0$
0.0
$0.0$
2-element Array{Particles{Float64,500},1}:
 -3.11e-18 ± 1.0
 -3.11e-18 ± 1.0Particles{Float64,500}[-3.11e-18 ± 1.0, -3.11e-18 ± 1.0]
Particles{Float64,500}[-3.11e-18 ± 1.0, 0.0]
 21.119330 seconds (18.04 M allocations: 900.063 MiB, 5.46% gc time)
[ Info: Testing mutation
  0.647942 seconds (292.74 k allocations: 14.908 MiB, 4.09% gc time)
[ Info: Testing outer product
  2.217769 seconds (1.89 M allocations: 119.245 MiB, 5.99% gc time)
[ Info: Testing plotting
!=,
!==,
rem,
&,
*,
+,
-,
/,
//,
Colon,
<<,
>,
>:,
>=,
>>,
>>>,
\,
^,
accumulate,
all,
any,
asyncmap,
atan,
atand,
axes,
binomial,
broadcast,
broadcast!,
cat,
circcopy!,
cld,
cmp,
coalesce,
code_lowered,
code_typed,
complex,
copysign,
count,
ctime,
div,
divrem,
eachindex,
error,
extrema,
falses,
fdio,
filemode,
filesize,
finalizer,
findnext,
findprev,
fld,
fld1,
fldmod,
fldmod1,
flipsign,
foldl,
foldr,
foreach,
functionloc,
gcd,
gcdx,
getindex,
gperm,
hash,
hasmethod,
hcat,
hvcat,
hypot,
in,
intersect,
invmod,
isblockdev,
ischardev,
isdir,
isequal,
isfifo,
isfile,
isless,
islink,
ismount,
ispath,
issetequal,
issetgid,
issetuid,
issocket,
issticky,
issubset,
iszero,
iterate,
join,
kron,
lcm,
ldexp,
lock,
log,
lpad,
lstat,
map,
max,
maximum,
methods,
min,
minimum,
minmax,
mod,
mod1,
mtime,
nextfloat,
nextpow,
ntuple,
oftype,
ones,
operm,
parentmodule,
prevfloat,
prevpow,
print,
println,
printstyled,
prod,
propertynames,
range,
reduce,
rem,
rpad,
setdiff,
something,
stat,
string,
sum,
symdiff,
systemerror,
task_local_storage,
trues,
trylock,
typeintersect,
typejoin,
union,
uperm,
vcat,
which,
widemul,
xor,
zip,
|,
div,
in,
∉,
∋,
∌,
∘,
intersect,
union,
isapprox,
≉,
!=,
!==,
<=,
>=,
issubset,
⊇,
⊈,
⊉,
⊊,
⊋,
xor,
 60.720217 seconds (54.19 M allocations: 2.693 GiB, 8.00% gc time)
[ Info: Testing optimization
[ Info: Converged at iteration 3242
  4.316987 seconds (4.36 M allocations: 342.696 MiB, 8.65% gc time)
[ Info: Testing weighted particles
┌ Warning: cov will default to corrected=true in the future. Use corrected=false for previous behaviour.
│   caller = cov at cov.jl:98 [inlined]
└ @ Core ~/.julia/packages/StatsBase/DyWPR/src/cov.jl:98
  2.590457 seconds (2.44 M allocations: 123.809 MiB, 5.77% gc time)
[ Info: Testing bymap
 11.375255 seconds (9.86 M allocations: 573.088 MiB, 10.22% gc time)
[ Info: Unsafe comparisons using the function `Statistics.mean` has been enabled globally. Use `@unsafe` to enable in a local expression only or `unsafe_comparisons(false)` to turn off unsafe comparisons
 10.739563 seconds (8.43 M allocations: 403.064 MiB, 8.85% gc time)
  0.149808 seconds (68.92 k allocations: 3.632 MiB)
Test Summary:             | Pass  Total
MonteCarloMeasurements.jl |  516    516
   Testing MonteCarloMeasurements tests passed 
