 Resolving package versions...
 Installed Requires ──────────────────── v0.5.2
 Installed Lazy ──────────────────────── v0.13.2
 Installed Parsers ───────────────────── v0.3.10
 Installed IteratorInterfaceExtensions ─ v1.0.0
 Installed Mux ───────────────────────── v0.7.0
 Installed ColorTypes ────────────────── v0.8.0
 Installed BinaryProvider ────────────── v0.5.8
 Installed JuliaKara ─────────────────── v0.3.0
 Installed Reexport ──────────────────── v0.2.0
 Installed MacroTools ────────────────── v0.5.2
 Installed BinDeps ───────────────────── v0.8.10
 Installed LightXML ──────────────────── v0.8.1
 Installed FunctionalCollections ─────── v0.5.0
 Installed FixedPointNumbers ─────────── v0.6.1
 Installed DataStructures ────────────── v0.17.6
 Installed WebIO ─────────────────────── v0.8.11
 Installed DataValueInterfaces ───────── v1.0.0
 Installed DataAPI ───────────────────── v1.1.0
 Installed IniFile ───────────────────── v0.5.0
 Installed Pidfile ───────────────────── v1.1.0
 Installed AssetRegistry ─────────────── v0.1.0
 Installed JSON ──────────────────────── v0.21.0
 Installed Mustache ──────────────────── v0.5.13
 Installed Hiccup ────────────────────── v0.2.2
 Installed URIParser ─────────────────── v0.4.0
 Installed Widgets ───────────────────── v0.6.2
 Installed MbedTLS ───────────────────── v0.6.8
 Installed WebSockets ────────────────── v1.5.2
 Installed HTTP ──────────────────────── v0.8.8
 Installed Observables ───────────────── v0.2.3
 Installed OrderedCollections ────────── v1.1.0
 Installed Tables ────────────────────── v0.2.11
 Installed JSExpr ────────────────────── v0.5.1
 Installed Blink ─────────────────────── v0.12.0
 Installed Colors ────────────────────── v0.9.6
 Installed Compat ────────────────────── v2.2.0
 Installed TableTraits ───────────────── v1.0.0
  Updating `~/.julia/environments/v1.0/Project.toml`
  [e742bb3c] + JuliaKara v0.3.0
  Updating `~/.julia/environments/v1.0/Manifest.toml`
  [bf4720bc] + AssetRegistry v0.1.0
  [9e28174c] + BinDeps v0.8.10
  [b99e7846] + BinaryProvider v0.5.8
  [ad839575] + Blink v0.12.0
  [3da002f7] + ColorTypes v0.8.0
  [5ae59095] + Colors v0.9.6
  [34da2185] + Compat v2.2.0
  [9a962f9c] + DataAPI v1.1.0
  [864edb3b] + DataStructures v0.17.6
  [e2d170a0] + DataValueInterfaces v1.0.0
  [53c48c17] + FixedPointNumbers v0.6.1
  [de31a74c] + FunctionalCollections v0.5.0
  [cd3eb016] + HTTP v0.8.8
  [9fb69e20] + Hiccup v0.2.2
  [83e8ac13] + IniFile v0.5.0
  [82899510] + IteratorInterfaceExtensions v1.0.0
  [97c1335a] + JSExpr v0.5.1
  [682c06a0] + JSON v0.21.0
  [e742bb3c] + JuliaKara v0.3.0
  [50d2b5c4] + Lazy v0.13.2
  [9c8b4983] + LightXML v0.8.1
  [1914dd2f] + MacroTools v0.5.2
  [739be429] + MbedTLS v0.6.8
  [ffc61752] + Mustache v0.5.13
  [a975b10e] + Mux v0.7.0
  [510215fc] + Observables v0.2.3
  [bac558e1] + OrderedCollections v1.1.0
  [69de0a69] + Parsers v0.3.10
  [fa939f87] + Pidfile v1.1.0
  [189a3867] + Reexport v0.2.0
  [ae029012] + Requires v0.5.2
  [3783bdb8] + TableTraits v1.0.0
  [bd369af6] + Tables v0.2.11
  [30578b45] + URIParser v0.4.0
  [0f1e0344] + WebIO v0.8.11
  [104b5d7c] + WebSockets v1.5.2
  [cc8bc4a8] + Widgets v0.6.2
  [2a0f44e3] + Base64 
  [ade2ca70] + Dates 
  [8bb1440f] + DelimitedFiles 
  [8ba89e20] + Distributed 
  [7b1f6079] + FileWatching 
  [b77e0a4c] + InteractiveUtils 
  [76f85450] + LibGit2 
  [8f399da3] + Libdl 
  [37e2e46d] + LinearAlgebra 
  [56ddb016] + Logging 
  [d6f4376e] + Markdown 
  [a63ad114] + Mmap 
  [44cfe95a] + Pkg 
  [de0858da] + Printf 
  [3fa0cd96] + REPL 
  [9a3f8284] + Random 
  [ea8e919c] + SHA 
  [9e88b42a] + Serialization 
  [1a1011a3] + SharedArrays 
  [6462fe0b] + Sockets 
  [2f01184e] + SparseArrays 
  [10745b16] + Statistics 
  [8dfed614] + Test 
  [cf7118a7] + UUIDs 
  [4ec0a83e] + Unicode 
  Building MbedTLS ──→ `~/.julia/packages/MbedTLS/X4xar/deps/build.log`
  Building WebIO ────→ `~/.julia/packages/WebIO/2mZPb/deps/build.log`
  Building Blink ────→ `~/.julia/packages/Blink/AO8uN/deps/build.log`
  Building LightXML ─→ `~/.julia/packages/LightXML/W8FVT/deps/build.log`
  Building JuliaKara → `~/.julia/packages/JuliaKara/rn0yJ/deps/build.log`
   Testing JuliaKara
 Resolving package versions...
    Status `/tmp/tmpe4YGsQ/Manifest.toml`
  [bf4720bc] AssetRegistry v0.1.0
  [9e28174c] BinDeps v0.8.10
  [b99e7846] BinaryProvider v0.5.8
  [ad839575] Blink v0.12.0
  [3da002f7] ColorTypes v0.8.0
  [5ae59095] Colors v0.9.6
  [34da2185] Compat v2.2.0
  [9a962f9c] DataAPI v1.1.0
  [864edb3b] DataStructures v0.17.6
  [e2d170a0] DataValueInterfaces v1.0.0
  [53c48c17] FixedPointNumbers v0.6.1
  [de31a74c] FunctionalCollections v0.5.0
  [cd3eb016] HTTP v0.8.8
  [9fb69e20] Hiccup v0.2.2
  [83e8ac13] IniFile v0.5.0
  [82899510] IteratorInterfaceExtensions v1.0.0
  [97c1335a] JSExpr v0.5.1
  [682c06a0] JSON v0.21.0
  [e742bb3c] JuliaKara v0.3.0
  [50d2b5c4] Lazy v0.13.2
  [9c8b4983] LightXML v0.8.1
  [1914dd2f] MacroTools v0.5.2
  [739be429] MbedTLS v0.6.8
  [ffc61752] Mustache v0.5.13
  [a975b10e] Mux v0.7.0
  [510215fc] Observables v0.2.3
  [bac558e1] OrderedCollections v1.1.0
  [69de0a69] Parsers v0.3.10
  [fa939f87] Pidfile v1.1.0
  [189a3867] Reexport v0.2.0
  [ae029012] Requires v0.5.2
  [3783bdb8] TableTraits v1.0.0
  [bd369af6] Tables v0.2.11
  [30578b45] URIParser v0.4.0
  [0f1e0344] WebIO v0.8.11
  [104b5d7c] WebSockets v1.5.2
  [cc8bc4a8] Widgets v0.6.2
  [2a0f44e3] Base64  [`@stdlib/Base64`]
  [ade2ca70] Dates  [`@stdlib/Dates`]
  [8bb1440f] DelimitedFiles  [`@stdlib/DelimitedFiles`]
  [8ba89e20] Distributed  [`@stdlib/Distributed`]
  [7b1f6079] FileWatching  [`@stdlib/FileWatching`]
  [b77e0a4c] InteractiveUtils  [`@stdlib/InteractiveUtils`]
  [76f85450] LibGit2  [`@stdlib/LibGit2`]
  [8f399da3] Libdl  [`@stdlib/Libdl`]
  [37e2e46d] LinearAlgebra  [`@stdlib/LinearAlgebra`]
  [56ddb016] Logging  [`@stdlib/Logging`]
  [d6f4376e] Markdown  [`@stdlib/Markdown`]
  [a63ad114] Mmap  [`@stdlib/Mmap`]
  [44cfe95a] Pkg  [`@stdlib/Pkg`]
  [de0858da] Printf  [`@stdlib/Printf`]
  [3fa0cd96] REPL  [`@stdlib/REPL`]
  [9a3f8284] Random  [`@stdlib/Random`]
  [ea8e919c] SHA  [`@stdlib/SHA`]
  [9e88b42a] Serialization  [`@stdlib/Serialization`]
  [1a1011a3] SharedArrays  [`@stdlib/SharedArrays`]
  [6462fe0b] Sockets  [`@stdlib/Sockets`]
  [2f01184e] SparseArrays  [`@stdlib/SparseArrays`]
  [10745b16] Statistics  [`@stdlib/Statistics`]
  [8dfed614] Test  [`@stdlib/Test`]
  [cf7118a7] UUIDs  [`@stdlib/UUIDs`]
  [4ec0a83e] Unicode  [`@stdlib/Unicode`]
Test Summary: | Pass  Total
Actors-World  |   43     43
Test Summary:        | Pass  Total
JuliaKara Example 01 |   17     17
Test Summary:    | Pass  Total
JuliaKara Bounds |    4      4
Test Summary: | Pass  Total
JuliaKara XML |   12     12
ERROR: LoadError: LoadError: IOError: connect: connection refused (ECONNREFUSED)
Stacktrace:
 [1] try_yieldto(::typeof(Base.ensure_rescheduled), ::Base.RefValue{Task}) at ./event.jl:196
 [2] wait() at ./event.jl:255
 [3] wait(::Condition) at ./event.jl:46
 [4] stream_wait(::Sockets.TCPSocket, ::Condition) at ./stream.jl:47
 [5] wait_connected(::Sockets.TCPSocket) at ./stream.jl:259
 [6] connect(::Sockets.TCPSocket, ::Sockets.IPv4, ::Int64) at /buildworker/worker/package_linux64/build/usr/share/julia/stdlib/v1.0/Sockets/src/Sockets.jl:444
 [7] connect(::Sockets.IPv4, ::Int64) at /buildworker/worker/package_linux64/build/usr/share/julia/stdlib/v1.0/Sockets/src/Sockets.jl:428
 [8] #try_connect#9(::Float64, ::Int64, ::Function, ::Sockets.IPv4, ::Vararg{Any,N} where N) at /root/.julia/packages/Blink/AO8uN/src/AtomShell/process.jl:79
 [9] try_connect at /root/.julia/packages/Blink/AO8uN/src/AtomShell/process.jl:77 [inlined]
 [10] #init#10(::Bool, ::Function) at /root/.julia/packages/Blink/AO8uN/src/AtomShell/process.jl:93
 [11] #init at ./none:0 [inlined]
 [12] #shell#13(::Bool, ::Function) at /root/.julia/packages/Blink/AO8uN/src/AtomShell/process.jl:129
 [13] shell at /root/.julia/packages/Blink/AO8uN/src/AtomShell/process.jl:127 [inlined]
 [14] #Window#18(::Base.Iterators.Pairs{Union{},Union{},Tuple{},NamedTuple{(),Tuple{}}}, ::Type) at /root/.julia/packages/Blink/AO8uN/src/AtomShell/window.jl:89
 [15] Type at /root/.julia/packages/Blink/AO8uN/src/AtomShell/window.jl:89 [inlined]
 [16] JuliaKara.JuliaKara_noGUI.ActorsWorld.World(::Int64, ::Int64, ::String) at /root/.julia/packages/JuliaKara/rn0yJ/src/JuliaKara.jl:89
 [17] top-level scope at /root/.julia/packages/JuliaKara/rn0yJ/src/JuliaKara.jl:623
 [18] include at ./boot.jl:317 [inlined]
 [19] include_relative(::Module, ::String) at ./loading.jl:1044
 [20] include(::Module, ::String) at ./sysimg.jl:29
 [21] include(::String) at ./client.jl:392
 [22] top-level scope at none:0
 [23] include at ./boot.jl:317 [inlined]
 [24] include_relative(::Module, ::String) at ./loading.jl:1044
 [25] include(::Module, ::String) at ./sysimg.jl:29
 [26] include(::String) at ./client.jl:392
 [27] top-level scope at none:0
in expression starting at /root/.julia/packages/JuliaKara/rn0yJ/test/test_kara_gui.jl:10
in expression starting at /root/.julia/packages/JuliaKara/rn0yJ/test/runtests.jl:4
ERROR: Package JuliaKara errored during testing
Stacktrace:
 [1] pkgerror(::String, ::Vararg{String,N} where N) at /buildworker/worker/package_linux64/build/usr/share/julia/stdlib/v1.0/Pkg/src/Types.jl:120
 [2] #test#65(::Bool, ::Function, ::Pkg.Types.Context, ::Array{Pkg.Types.PackageSpec,1}) at /buildworker/worker/package_linux64/build/usr/share/julia/stdlib/v1.0/Pkg/src/Operations.jl:1357
 [3] #test at /buildworker/worker/package_linux64/build/usr/share/julia/stdlib/v1.0/Pkg/src/API.jl:0 [inlined]
 [4] #test#44(::Bool, ::Base.Iterators.Pairs{Union{},Union{},Tuple{},NamedTuple{(),Tuple{}}}, ::Function, ::Pkg.Types.Context, ::Array{Pkg.Types.PackageSpec,1}) at /buildworker/worker/package_linux64/build/usr/share/julia/stdlib/v1.0/Pkg/src/API.jl:278
 [5] test at /buildworker/worker/package_linux64/build/usr/share/julia/stdlib/v1.0/Pkg/src/API.jl:263 [inlined]
 [6] #test#43 at /buildworker/worker/package_linux64/build/usr/share/julia/stdlib/v1.0/Pkg/src/API.jl:260 [inlined]
 [7] test at /buildworker/worker/package_linux64/build/usr/share/julia/stdlib/v1.0/Pkg/src/API.jl:260 [inlined]
 [8] #test#42 at /buildworker/worker/package_linux64/build/usr/share/julia/stdlib/v1.0/Pkg/src/API.jl:259 [inlined]
 [9] test at /buildworker/worker/package_linux64/build/usr/share/julia/stdlib/v1.0/Pkg/src/API.jl:259 [inlined]
 [10] #test#41 at /buildworker/worker/package_linux64/build/usr/share/julia/stdlib/v1.0/Pkg/src/API.jl:258 [inlined]
 [11] test(::String) at /buildworker/worker/package_linux64/build/usr/share/julia/stdlib/v1.0/Pkg/src/API.jl:258
 [12] top-level scope at none:0
