 Resolving package versions...
 Installed Requires ─ v0.5.2
 Installed FileIO ─── v1.0.7
 Installed DrWatson ─ v1.6.0
  Updating `~/.julia/environments/v1.0/Project.toml`
  [634d3b9d] + DrWatson v1.6.0
  Updating `~/.julia/environments/v1.0/Manifest.toml`
  [634d3b9d] + DrWatson v1.6.0
  [5789e2e9] + FileIO v1.0.7
  [ae029012] + Requires v0.5.2
  [2a0f44e3] + Base64 
  [ade2ca70] + Dates 
  [8ba89e20] + Distributed 
  [b77e0a4c] + InteractiveUtils 
  [76f85450] + LibGit2 
  [8f399da3] + Libdl 
  [37e2e46d] + LinearAlgebra 
  [56ddb016] + Logging 
  [d6f4376e] + Markdown 
  [44cfe95a] + Pkg 
  [de0858da] + Printf 
  [3fa0cd96] + REPL 
  [9a3f8284] + Random 
  [ea8e919c] + SHA 
  [9e88b42a] + Serialization 
  [6462fe0b] + Sockets 
  [8dfed614] + Test 
  [cf7118a7] + UUIDs 
  [4ec0a83e] + Unicode 
   Testing DrWatson
 Resolving package versions...
 Installed Missings ──────────────────── v0.4.3
 Installed Reexport ──────────────────── v0.2.0
 Installed Parameters ────────────────── v0.12.0
 Installed JLD2 ──────────────────────── v0.1.8
 Installed DataFrames ────────────────── v0.19.4
 Installed PooledArrays ──────────────── v0.5.2
 Installed BinaryProvider ────────────── v0.5.8
 Installed OrderedCollections ────────── v1.1.0
 Installed InvertedIndices ───────────── v1.0.0
 Installed CategoricalArrays ─────────── v0.7.3
 Installed DataValueInterfaces ───────── v1.0.0
 Installed TableTraits ───────────────── v1.0.0
 Installed JSON ──────────────────────── v0.21.0
 Installed IteratorInterfaceExtensions ─ v1.0.0
 Installed Parsers ───────────────────── v0.3.10
 Installed CodecZlib ─────────────────── v0.6.0
 Installed SortingAlgorithms ─────────── v0.3.1
 Installed Tables ────────────────────── v0.2.11
 Installed DataAPI ───────────────────── v1.1.0
 Installed BSON ──────────────────────── v0.2.4
 Installed DataStructures ────────────── v0.17.6
 Installed Compat ────────────────────── v2.2.0
 Installed TranscodingStreams ────────── v0.9.5
  Building CodecZlib → `~/.julia/packages/CodecZlib/5t9zO/deps/build.log`
    Status `/tmp/tmpZFPEQV/Manifest.toml`
  [fbb218c0] BSON v0.2.4
  [b99e7846] BinaryProvider v0.5.8
  [324d7699] CategoricalArrays v0.7.3
  [944b1d66] CodecZlib v0.6.0
  [34da2185] Compat v2.2.0
  [9a962f9c] DataAPI v1.1.0
  [a93c6f00] DataFrames v0.19.4
  [864edb3b] DataStructures v0.17.6
  [e2d170a0] DataValueInterfaces v1.0.0
  [634d3b9d] DrWatson v1.6.0
  [5789e2e9] FileIO v1.0.7
  [41ab1584] InvertedIndices v1.0.0
  [82899510] IteratorInterfaceExtensions v1.0.0
  [033835bb] JLD2 v0.1.8
  [682c06a0] JSON v0.21.0
  [e1d29d7a] Missings v0.4.3
  [bac558e1] OrderedCollections v1.1.0
  [d96e819e] Parameters v0.12.0
  [69de0a69] Parsers v0.3.10
  [2dfb63ee] PooledArrays v0.5.2
  [189a3867] Reexport v0.2.0
  [ae029012] Requires v0.5.2
  [a2af1166] SortingAlgorithms v0.3.1
  [3783bdb8] TableTraits v1.0.0
  [bd369af6] Tables v0.2.11
  [3bb67fe8] TranscodingStreams v0.9.5
  [2a0f44e3] Base64  [`@stdlib/Base64`]
  [ade2ca70] Dates  [`@stdlib/Dates`]
  [8bb1440f] DelimitedFiles  [`@stdlib/DelimitedFiles`]
  [8ba89e20] Distributed  [`@stdlib/Distributed`]
  [9fa8497b] Future  [`@stdlib/Future`]
  [b77e0a4c] InteractiveUtils  [`@stdlib/InteractiveUtils`]
  [76f85450] LibGit2  [`@stdlib/LibGit2`]
  [8f399da3] Libdl  [`@stdlib/Libdl`]
  [37e2e46d] LinearAlgebra  [`@stdlib/LinearAlgebra`]
  [56ddb016] Logging  [`@stdlib/Logging`]
  [d6f4376e] Markdown  [`@stdlib/Markdown`]
  [a63ad114] Mmap  [`@stdlib/Mmap`]
  [44cfe95a] Pkg  [`@stdlib/Pkg`]
  [de0858da] Printf  [`@stdlib/Printf`]
  [3fa0cd96] REPL  [`@stdlib/REPL`]
  [9a3f8284] Random  [`@stdlib/Random`]
  [ea8e919c] SHA  [`@stdlib/SHA`]
  [9e88b42a] Serialization  [`@stdlib/Serialization`]
  [1a1011a3] SharedArrays  [`@stdlib/SharedArrays`]
  [6462fe0b] Sockets  [`@stdlib/Sockets`]
  [2f01184e] SparseArrays  [`@stdlib/SparseArrays`]
  [10745b16] Statistics  [`@stdlib/Statistics`]
  [8dfed614] Test  [`@stdlib/Test`]
  [cf7118a7] UUIDs  [`@stdlib/UUIDs`]
  [4ec0a83e] Unicode  [`@stdlib/Unicode`]
Base.active_project() = "/tmp/tmpZFPEQV/Project.toml"
Base.load_path_expand("@v$(VERSION.major).$(VERSION.minor)") = "/root/.julia/environments/v1.0/Project.toml"
Project Setup: Error During Test at /root/.julia/packages/DrWatson/FWNo4/test/runtests.jl:6
  Got exception outside of a @test
  LoadError: GitError(Code:ENOTFOUND, Class:Config, config value 'user.name' was not found)
  Stacktrace:
   [1] macro expansion at /buildworker/worker/package_linux64/build/usr/share/julia/stdlib/v1.0/LibGit2/src/error.jl:101 [inlined]
   [2] default_signature(::LibGit2.GitRepo) at /buildworker/worker/package_linux64/build/usr/share/julia/stdlib/v1.0/LibGit2/src/signature.jl:69
   [3] LibGit2.Signature(::LibGit2.GitRepo) at /buildworker/worker/package_linux64/build/usr/share/julia/stdlib/v1.0/LibGit2/src/signature.jl:25
   [4] commit at /buildworker/worker/package_linux64/build/usr/share/julia/stdlib/v1.0/LibGit2/src/commit.jl:113 [inlined]
   [5] #initialize_project#1(::Bool, ::Bool, ::Nothing, ::Bool, ::Function, ::String, ::String) at /root/.julia/packages/DrWatson/FWNo4/src/project_setup.jl:216
   [6] #initialize_project at ./none:0 [inlined] (repeats 2 times)
   [7] top-level scope at none:0
   [8] include at ./boot.jl:317 [inlined]
   [9] include_relative(::Module, ::String) at ./loading.jl:1044
   [10] include(::Module, ::String) at ./sysimg.jl:29
   [11] include(::String) at ./client.jl:392
   [12] macro expansion at /root/.julia/packages/DrWatson/FWNo4/test/runtests.jl:6 [inlined]
   [13] macro expansion at /buildworker/worker/package_linux64/build/usr/share/julia/stdlib/v1.0/Test/src/Test.jl:1083 [inlined]
   [14] macro expansion at /root/.julia/packages/DrWatson/FWNo4/test/runtests.jl:6 [inlined]
   [15] macro expansion at /buildworker/worker/package_linux64/build/usr/share/julia/stdlib/v1.0/Test/src/Test.jl:1083 [inlined]
   [16] top-level scope at /root/.julia/packages/DrWatson/FWNo4/test/runtests.jl:4
   [17] include at ./boot.jl:317 [inlined]
   [18] include_relative(::Module, ::String) at ./loading.jl:1044
   [19] include(::Module, ::String) at ./sysimg.jl:29
   [20] include(::String) at ./client.jl:392
   [21] top-level scope at none:0
   [22] eval(::Module, ::Any) at ./boot.jl:319
   [23] exec_options(::Base.JLOptions) at ./client.jl:243
   [24] _start() at ./client.jl:425
  in expression starting at /root/.julia/packages/DrWatson/FWNo4/test/project_tests.jl:12
┌ Warning: The directory ('/root/.julia/packages/DrWatson/FWNo4/test') is not a Git repository, returning `nothing` instead of the commit ID.
└ @ DrWatson ~/.julia/packages/DrWatson/FWNo4/src/saving_tools.jl:48
Saving tools: Test Failed at /root/.julia/packages/DrWatson/FWNo4/test/stools_tests.jl:5
  Expression: com isa String
   Evaluated: nothing isa String
Stacktrace:
 [1] top-level scope at none:0
 [2] include at ./boot.jl:317 [inlined]
 [3] include_relative(::┌ Warning: The directory ('/root/.julia/packages/DrWatson/FWNo4') is not a Git repository, returning `nothing` instead of the commit ID.
└ @ DrWatson ~/.julia/packages/DrWatson/FWNo4/src/saving_tools.jl:48
Module, ::String) at ./loading.jl:1044
 [4] include(::Module, ::String) at ./sysimg.jl:29
 [5] include(::String) at ./client.jl:392
 [6] macro expansion at /root/.julia/packages/DrWatson/FWNo4/test/runtests.jl:7 [inlined]
 [7] macro expansion at /buildworker/worker/package_linux64/build/usr/share/julia/stdlib/v1.0/Test/src/Test.jl:1083 [inlined]
 [8] macro expansion at /root/.julia/packages/DrWatson/FWNo4/test/runtests.jl:7 [inlined]
 [9] macro expansion at /buildworker/worker/package_linux64/build/usr/share/julia/stdlib/v1.0/Test/src/Test.jl:1083 [inlined]
 [10] top-level scope at /root/.julia/packages/DrWatson/FWNo4/test/runtests.jl:4
Saving tools: Test Failed at /root/.julia/packages/DrWatson/FWNo4/test/stools_tests.jl:8
  Expression: com !== nothing
   Evaluated: nothing !== nothing
Stacktrace:
 [1] top-level scope at none:0
 [2] include at ./boot.jl:317 [inlined]
 [3] include_relative(::Module, ::String) at ./loading.jl:1044
 [4] include(::Module, ::String) at ./sysimg.jl:29
 [5] include(::String) at ./client.jl:392
 [6] macro expansion at /root/.julia/packages/DrWatson/FWNo4/test/runtests.jl:7 [inlined]
 [7] macro expansion at /buildworker/worker/package_linux64/build/usr/share/julia/stdlib/v1.0/Test/src/Test.jl:1083 [inlined]
 [8] macro expansion at /root/.julia/packages/DrWatson/FWNo4/test/runtests.jl:7 [inlined]
 [9] macro expansion at /buildworker/worker/package_linux64/build/usr/share/julia/stdlib/v1.0/Test/src/Test.jl:1083 [inlined]
 [10] top-level scope at /root/.julia/packages/DrWatson/FWNo4/test/runtests.jl:4
Saving tools: Test Failed at /root/.julia/packages/DrWatson/FWNo4/test/stools_tests.jl:9
  Expression: typeof(com) <: String
Stacktrace:
 [1] top-level scope at none:0
 [2] include at ./boot.jl:317 [inlined]
 [3] include_relative(::Module, ::String) at ./loading.jl:1044
 [4] include(::Module, ::String) at ./sysimg.jl:29
 [5] include(::String) at ./client.jl:392
 [6] macro expansion at /root/.julia/packages/DrWatson/FWNo4/test/runtests.jl:7 [inlined]
 [7] macro expansion at /buildworker/worker/package_linux64/build/usr/share/julia/stdlib/v1.0/Test/src/Test.jl:1083 [inlined]
 [8] macro expansion at /root/.julia/packages/DrWatson/FWNo4/test/runtests.jl:7 [inlined]
 [9] macro expansion at /buildworker/worker/package_linux64/build/usr/share/julia/stdlib/v1.0/Test/src/Test.jl:1083 [inlined]
 [10] top-level scope at /root/.julia/packages/DrWatson/FWNo4/test/runtests.jl:4
Saving tools: Error During Test at /root/.julia/packages/DrWatson/FWNo4/test/stools_tests.jl:10
  Test threw exception
  Expression: com[1] == 'v'
  MethodError: no method matching getindex(::Nothing, ::Int64)
  Stacktrace:
   [1] top-level scope at none:0
   [2] include at ./boot.jl:317 [inlined]
   [3] include_relative(::Module, ::String) at ./loading.jl:1044
   [4] include(::Module, ::String) at ./sysimg.jl:29
   [5] include(::String) at ./client.jl:392
   [6] macro expansion at /root/.julia/packages/DrWatson/FWNo4/test/runtests.jl:7 [inlined]
   [7] macro expansion at /buildworker/worker/package_linux64/build/usr/share/julia/stdlib/v1.0/Test/src/Test.jl:1083 [inlined]
   [8] macro expansion at /root/.julia/packages/DrWatson/FWNo4/test/runtests.jl:7 [inlined]
   [9] macro expansion at /buildworker/worker/package_linux64/build/usr/share/julia/stdlib/v1.0/Test/src/Test.jl:1083 [inlined]
   [10] top-level scope at /root/.julia/packages/DrWatson/FWNo4/test/runtests.jl:4
┌ Warning: `tag!(d::Dict, gitpath, storepatch=true, source=nothing)` is deprecated, use `tag!(d, gitpath=gitpath, storepatch=storepatch, source=source)` instead.
│   caller = tag!(::Dict{Symbol,Int64}, ::String) at deprecated.jl:54
└ @ DrWatson ./deprecated.jl:54
┌ Warning: The directory ('/root/.julia/packages/DrWatson/FWNo4/test') is not a Git repository, returning `nothing` instead of the commit ID.
└ @ DrWatson ~/.julia/packages/DrWatson/FWNo4/src/saving_tools.jl:48
┌ Warning: The directory ('/root/.julia/packages/DrWatson/FWNo4/test') is not a Git repository, returning `nothing` instead of a patch.
└ @ DrWatson ~/.julia/packages/DrWatson/FWNo4/src/saving_tools.jl:92
Saving tools: Test Failed at /root/.julia/packages/DrWatson/FWNo4/test/stools_tests.jl:17
  Expression: haskey(d, (keytype(d))(:gitcommit))
Stacktrace:
 [1] top-level scope at /root/.julia/packages/DrWatson/FWNo4/test/stools_tests.jl:17
 [2] include at ./boot.jl:317 [inlined]
 [3] include_relative(::Module, ::String) at ./loading.jl:1044
 [4] include(::Module, ::String) at ./sysimg.jl:29
 [5] include(::String) at ./client.jl:392
 [6] macro expansion at /root/.julia/packages/DrWatson/FWNo4/test/runtests.jl:7 [inlined]
 [7] macro expansion at /buildworker/worker/package_linux64/build/usr/share/julia/stdlib/v1.0/Test/src/Test.jl:1083 [inlined]
 [8] macro expansion at /root/.julia/packages/DrWatson/FWNo4/test/runtests.jl:7 [inlined]
 [9] macro expansion at /buildworker/worker/package_linux64/build/usr/share/julia/stdlib/v1.0/Test/src/Test.jl:1083 [inlined]
 [10] top-level scope at /root/.julia/packages/DrWatson/FWNo4/test/runtests.jl:4
Saving tools: Error During Test at /root/.julia/packages/DrWatson/FWNo4/test/stools_tests.jl:18
  Test threw exception
  Expression: d[(keytype(d))(:gitcommit)] |> typeof <: String
  KeyError: key :gitcommit not found
  Stacktrace:
   [1] getindex(::Dict{Symbol,Int64}, ::Symbol) at ./dict.jl:478
   [2] top-level scope at /root/.julia/packages/DrWatson/FWNo4/test/stools_tests.jl:18
   [3] include at ./boot.jl:317 [inlined]
   [4] include_relative(::Module, ::String) at ./loading.jl:1044
   [5] include(::Module, ::String) at ./sysimg.jl:29
   [6] include(::String) at ./client.jl:392
   [7] macro expansion at /root/.julia/packages/DrWatson/FWNo4/test/runtests.jl:7 [inlined]
   [8] macro expansion at /buildworker/worker/package_linux64/build/usr/share/julia/stdlib/v1.0/Test/src/Test.jl:1083 [inlined]
   [9] macro expansion at /root/.julia/packages/DrWatson/FWNo4/test/runtests.jl:7 [inlined]
   [10] macro expansion at /buildworker/worker/package_linux64/build/usr/share/julia/stdlib/v1.0/Test/src/Test.jl:1083 [inlined]
   [11] top-level scope at /root/.julia/packages/DrWatson/FWNo4/test/runtests.jl:4
┌ Warning: `tag!(d::Dict, gitpath, storepatch=true, source=nothing)` is deprecated, use `tag!(d, gitpath=gitpath, storepatch=storepatch, source=source)` instead.
│   caller = tag!(::Dict{String,Int64}, ::String) at deprecated.jl:54
└ @ DrWatson ./deprecated.jl:54
┌ Warning: The directory ('/root/.julia/packages/DrWatson/FWNo4/test') is not a Git repository, returning `nothing` instead of the commit ID.
└ @ DrWatson ~/.julia/packages/DrWatson/FWNo4/src/saving_tools.jl:48
┌ Warning: The directory ('/root/.julia/packages/DrWatson/FWNo4/test') is not a Git repository, returning `nothing` instead of a patch.
└ @ DrWatson ~/.julia/packages/DrWatson/FWNo4/src/saving_tools.jl:92
Saving tools: Test Failed at /root/.julia/packages/DrWatson/FWNo4/test/stools_tests.jl:17
  Expression: haskey(d, (keytype(d))(:gitcommit))
Stacktrace:
 [1] top-level scope at /root/.julia/packages/DrWatson/FWNo4/test/stools_tests.jl:17
 [2] include at ./boot.jl:317 [inlined]
 [3] include_relative(::Module, ::String) at ./loading.jl:1044
 [4] include(::Module, ::String) at ./sysimg.jl:29
 [5] include(::String) at ./client.jl:392
 [6] macro expansion at /root/.julia/packages/DrWatson/FWNo4/test/runtests.jl:7 [inlined]
 [7] macro expansion at /buildworker/worker/package_linux64/build/usr/share/julia/stdlib/v1.0/Test/src/Test.jl:1083 [inlined]
 [8] macro expansion at /root/.julia/packages/DrWatson/FWNo4/test/runtests.jl:7 [inlined]
 [9] macro expansion at /buildworker/worker/package_linux64/build/usr/share/julia/stdlib/v1.0/Test/src/Test.jl:1083 [inlined]
 [10] top-level scope at /root/.julia/packages/DrWatson/FWNo4/test/runtests.jl:4
Saving tools: Error During Test at /root/.julia/packages/DrWatson/FWNo4/test/stools_tests.jl:18
  Test threw exception
  Expression: d[(keytype(d))(:gitcommit)] |> typeof <: String
  KeyError: key "gitcommit" not found
  Stacktrace:
   [1] getindex(::Dict{String,Int64}, ::String) at ./dict.jl:478
   [2] top-level scope at /root/.julia/packages/DrWatson/FWNo4/test/stools_tests.jl:18
   [3] include at ./boot.jl:317 [inlined]
   [4] include_relative(::Module, ::String) at ./loading.jl:1044
   [5] include(::Module, ::String) at ./sysimg.jl:29
   [6] include(::String) at ./client.jl:392
   [7] macro expansion at /root/.julia/packages/DrWatson/FWNo4/test/runtests.jl:7 [inlined]
   [8] macro expansion at /buildworker/worker/package_linux64/build/usr/share/julia/stdlib/v1.0/Test/src/Test.jl:1083 [inlined]
   [9] macro expansion at /root/.julia/packages/DrWatson/FWNo4/test/runtests.jl:7 [inlined]
   [10] macro expansion at /buildworker/worker/package_linux64/build/usr/share/julia/stdlib/v1.0/Test/src/Test.jl:1083 [inlined]
   [11] top-level scope at /root/.julia/packages/DrWatson/FWNo4/test/runtests.jl:4
┌ Warning: `tag!(d::Dict, gitpath, storepatch=true, source=nothing)` is deprecated, use `tag!(d, gitpath=gitpath, storepatch=storepatch, source=source)` instead.
│   caller = top-level scope at stools_tests.jl:23 [inlined]
└ @ Core ~/.julia/packages/DrWatson/FWNo4/test/stools_tests.jl:23
┌ Warning: The directory ('/root/.julia/packages/DrWatson/FWNo4/test') is not a Git repository, returning `nothing` instead of the commit ID.
└ @ DrWatson ~/.julia/packages/DrWatson/FWNo4/src/saving_tools.jl:48
┌ Warning: The directory ('/root/.julia/packages/DrWatson/FWNo4/test') is not a Git repository, returning `nothing` instead of a patch.
└ @ DrWatson ~/.julia/packages/DrWatson/FWNo4/src/saving_tools.jl:92
Saving tools: Test Failed at /root/.julia/packages/DrWatson/FWNo4/test/stools_tests.jl:24
  Expression: haskey(d, (keytype(d))(:gitcommit))
Stacktrace:
 [1] top-level scope at /root/.julia/packages/DrWatson/FWNo4/test/stools_tests.jl:24
 [2] include at ./boot.jl:317 [inlined]
 [3] include_relative(::Module, ::String) at ./loading.jl:1044
 [4] include(::Module, ::String) at ./sysimg.jl:29
 [5] include(::String) at ./client.jl:392
 [6] macro expansion at /root/.julia/packages/DrWatson/FWNo4/test/runtests.jl:7 [inlined]
 [7] macro expansion at /buildworker/worker/package_linux64/build/usr/share/julia/stdlib/v1.0/Test/src/Test.jl:1083 [inlined]
 [8] macro expansion at /root/.julia/packages/DrWatson/FWNo4/test/runtests.jl:7 [inlined]
 [9] macro expansion at /buildworker/worker/package_linux64/build/usr/share/julia/stdlib/v1.0/Test/src/Test.jl:1083 [inlined]
 [10] top-level scope at /root/.julia/packages/DrWatson/FWNo4/test/runtests.jl:4
Saving tools: Error During Test at /root/.julia/packages/DrWatson/FWNo4/test/stools_tests.jl:25
  Test threw exception
  Expression: d[(keytype(d))(:gitcommit)] |> typeof <: String
  KeyError: key :gitcommit not found
  Stacktrace:
   [1] getindex(::Dict{Symbol,Int64}, ::Symbol) at ./dict.jl:478
   [2] top-level scope at /root/.julia/packages/DrWatson/FWNo4/test/stools_tests.jl:25
   [3] include at ./boot.jl:317 [inlined]
   [4] include_relative(::Module, ::String) at ./loading.jl:1044
   [5] include(::Module, ::String) at ./sysimg.jl:29
   [6] include(::String) at ./client.jl:392
   [7] macro expansion at /root/.julia/packages/DrWatson/FWNo4/test/runtests.jl:7 [inlined]
   [8] macro expansion at /buildworker/worker/package_linux64/build/usr/share/julia/stdlib/v1.0/Test/src/Test.jl:1083 [inlined]
   [9] macro expansion at /root/.julia/packages/DrWatson/FWNo4/test/runtests.jl:7 [inlined]
   [10] macro expansion at /buildworker/worker/package_linux64/build/usr/share/julia/stdlib/v1.0/Test/src/Test.jl:1083 [inlined]
   [11] top-level scope at /root/.julia/packages/DrWatson/FWNo4/test/runtests.jl:4
Saving tools: Error During Test at /root/.julia/packages/DrWatson/FWNo4/test/stools_tests.jl:26
  Test threw exception
  Expression: (split(d[(keytype(d))(:script)], '#'))[1] == basename(#= /root/.julia/packages/DrWatson/FWNo4/test/stools_tests.jl:26 =# @__FILE__())
  KeyError: key :script not found
  Stacktrace:
   [1] getindex(::Dict{Symbol,Int64}, ::Symbol) at ./dict.jl:478
   [2] top-level scope at /root/.julia/packages/DrWatson/FWNo4/test/stools_tests.jl:26
   [3] include at ./boot.jl:317 [inlined]
   [4] include_relative(::Module, ::String) at ./loading.jl:1044
   [5] include(::Module, ::String) at ./sysimg.jl:29
   [6] include(::String) at ./client.jl:392
   [7] macro expansion at /root/.julia/packages/DrWatson/FWNo4/test/runtests.jl:7 [inlined]
   [8] macro expansion at /buildworker/worker/package_linux64/build/usr/share/julia/stdlib/v1.0/Test/src/Test.jl:1083 [inlined]
   [9] macro expansion at /root/.julia/packages/DrWatson/FWNo4/test/runtests.jl:7 [inlined]
   [10] macro expansion at /buildworker/worker/package_linux64/build/usr/share/julia/stdlib/v1.0/Test/src/Test.jl:1083 [inlined]
   [11] top-level scope at /root/.julia/packages/DrWatson/FWNo4/test/runtests.jl:4
┌ Warning: The directory ('/root/.julia/packages/DrWatson/FWNo4/test') is not a Git repository, returning `nothing` instead of the commit ID.
└ @ DrWatson ~/.julia/packages/DrWatson/FWNo4/src/saving_tools.jl:48
Saving tools: Test Failed┌ Warning: The directory ('/root/.julia/packages/DrWatson/FWNo4/test') is not a Git repository, returning `nothing` instead of a patch.
└ @ DrWatson ~/.julia/packages/DrWatson/FWNo4/src/saving_tools.jl:92
 at /root/.julia/packages/DrWatson/FWNo4/test/stools_tests.jl:24
  Expression: haskey(d, (keytype(d))(:gitcommit))
Stacktrace:
 [1] top-level scope at /root/.julia/packages/DrWatson/FWNo4/test/stools_tests.jl:24
 [2] include at ./boot.jl:317 [inlined]
 [3] include_relative(::Module, ::String) at ./loading.jl:1044
 [4] include(::Module, ::String) at ./sysimg.jl:29
 [5] include(::String) at ./client.jl:392
 [6] macro expansion at /root/.julia/packages/DrWatson/FWNo4/test/runtests.jl:7 [inlined]
 [7] macro expansion at /buildworker/worker/package_linux64/build/usr/share/julia/stdlib/v1.0/Test/src/Test.jl:1083 [inlined]
 [8] macro expansion at /root/.julia/packages/DrWatson/FWNo4/test/runtests.jl:7 [inlined]
 [9] macro expansion at /buildworker/worker/package_linux64/build/usr/share/julia/stdlib/v1.0/Test/src/Test.jl:1083 [inlined]
 [10] top-level scope at /root/.julia/packages/DrWatson/FWNo4/test/runtests.jl:4
Saving tools: Error During Test at /root/.julia/packages/DrWatson/FWNo4/test/stools_tests.jl:25
  Test threw exception
  Expression: d[(keytype(d))(:gitcommit)] |> typeof <: String
  KeyError: key "gitcommit" not found
  Stacktrace:
   [1] getindex(::Dict{String,Int64}, ::String) at ./dict.jl:478
   [2] top-level scope at /root/.julia/packages/DrWatson/FWNo4/test/stools_tests.jl:25
   [3] include at ./boot.jl:317 [inlined]
   [4] include_relative(::Module, ::String) at ./loading.jl:1044
   [5] include(::Module, ::String) at ./sysimg.jl:29
   [6] include(::String) at ./client.jl:392
   [7] macro expansion at /root/.julia/packages/DrWatson/FWNo4/test/runtests.jl:7 [inlined]
   [8] macro expansion at /buildworker/worker/package_linux64/build/usr/share/julia/stdlib/v1.0/Test/src/Test.jl:1083 [inlined]
   [9] macro expansion at /root/.julia/packages/DrWatson/FWNo4/test/runtests.jl:7 [inlined]
   [10] macro expansion at /buildworker/worker/package_linux64/build/usr/share/julia/stdlib/v1.0/Test/src/Test.jl:1083 [inlined]
   [11] top-level scope at /root/.julia/packages/DrWatson/FWNo4/test/runtests.jl:4
Saving tools: Error During Test at /root/.julia/packages/DrWatson/FWNo4/test/stools_tests.jl:26
  Test threw exception
  Expression: (split(d[(keytype(d))(:script)], '#'))[1] == basename(#= /root/.julia/packages/DrWatson/FWNo4/test/stools_tests.jl:26 =# @__FILE__())
  KeyError: key "script" not found
  Stacktrace:
   [1] getindex(::Dict{String,Int64}, ::String) at ./dict.jl:478
   [2] top-level scope at /root/.julia/packages/DrWatson/FWNo4/test/stools_tests.jl:26
   [3] include at ./boot.jl:317 [inlined]
   [4] include_relative(::Module, ::String) at ./loading.jl:1044
   [5] include(::Module, ::String) at ./sysimg.jl:29
   [6] include(::String) at ./client.jl:392
   [7] macro expansion at /root/.julia/packages/DrWatson/FWNo4/test/runtests.jl:7 [inlined]
   [8] macro expansion at /buildworker/worker/package_linux64/build/usr/share/julia/stdlib/v1.0/Test/src/Test.jl:1083 [inlined]
   [9] macro expansion at /root/.julia/packages/DrWatson/FWNo4/test/runtests.jl:7 [inlined]
   [10] macro expansion at /buildworker/worker/package_linux64/build/usr/share/julia/stdlib/v1.0/Test/src/Test.jl:1083 [inlined]
   [11] top-level scope at /root/.julia/packages/DrWatson/FWNo4/test/runtests.jl:4
┌ Warning: The directory ('/tmp/tmpZFPEQV') is not a Git repository, returning `nothing` instead of the commit ID.
└ @ DrWatson ~/.julia/packages/DrWatson/FWNo4/src/saving_tools.jl:48
┌ Warning: The directory ('/tmp/tmpZFPEQV') is not a Git repository, returning `nothing` instead of a patch.
└ @ DrWatson ~/.julia/packages/DrWatson/FWNo4/src/saving_tools.jl:92
┌ Warning: The directory ('/root/.julia/packages/DrWatson/FWNo4/test') is not a Git repository, returning `nothing` instead of the commit ID.
└ @ DrWatson ~/.julia/packages/DrWatson/FWNo4/src/saving_tools.jl:48
┌ Warning: The directory ('/root/.julia/packages/DrWatson/FWNo4/test') is not a Git repository, returning `nothing` instead of a patch.
└ @ DrWatson ~/.julia/packages/DrWatson/FWNo4/src/saving_tools.jl:92
Saving tools: Error During Test at /root/.julia/packages/DrWatson/FWNo4/test/stools_tests.jl:37
  Test threw exception
  Expression: endswith(d_new[:script], "foo")
  KeyError: key :script not found
  Stacktrace:
   [1] getindex(::Dict{Symbol,Int64}, ::Symbol) at ./dict.jl:478
   [2] top-level scope at none:0
   [3] include at ./boot.jl:317 [inlined]
   [4] include_relative(::Module, ::String) at ./loading.jl:1044
   [5] include(::Module, ::String) at ./sysimg.jl:29
   [6] include(::String) at ./client.jl:392
   [7] macro expansion at /root/.julia/packages/DrWatson/FWNo4/test/runtests.jl:7 [inlined]
   [8] macro expansion at /buildworker/worker/package_linux64/build/usr/share/julia/stdlib/v1.0/Test/src/Test.jl:1083 [inlined]
   [9] macro expansion at /root/.julia/packages/DrWatson/FWNo4/test/runtests.jl:7 [inlined]
   [10] macro expansion at /buildworker/worker/package_linux64/build/usr/share/julia/stdlib/v1.0/Test/src/Test.jl:1083 [inlined]
   [11] top-level scope at /root/.julia/packages/DrWatson/FWNo4/test/runtests.jl:4
┌ Warning: The directory ('/root/.julia/packages/DrWatson/FWNo4/test') is not a Git repository, returning `nothing` instead of the commit ID.
└ @ DrWatson ~/.julia/packages/DrWatson/FWNo4/src/saving_tools.jl:48
┌ Warning: The directory ('/root/.julia/packages/DrWatson/FWNo4/test') is not a Git repository, returning `nothing` instead of a patch.
└ @ DrWatson ~/.julia/packages/DrWatson/FWNo4/src/saving_tools.jl:92
Saving tools: Error During Test at /root/.julia/packages/DrWatson/FWNo4/test/stools_tests.jl:40
  Test threw exception
  Expression: (split(d_new[(keytype(d_new))(:script)], '#'))[1] == basename(#= /root/.julia/packages/DrWatson/FWNo4/test/stools_tests.jl:40 =# @__FILE__())
  KeyError: key :script not found
  Stacktrace:
   [1] getindex(::Dict{Symbol,Int64}, ::Symbol) at ./dict.jl:478
   [2] top-level scope at none:0
   [3] include at ./boot.jl:317 [inlined]
   [4] include_relative(::Module, ::String) at ./loading.jl:1044
   [5] include(::Module, ::String) at ./sysimg.jl:29
   [6] include(::String) at ./client.jl:392
   [7] macro expansion at /root/.julia/packages/DrWatson/FWNo4/test/runtests.jl:7 [inlined]
   [8] macro expansion at /buildworker/worker/package_linux64/build/usr/share/julia/stdlib/v1.0/Test/src/Test.jl:1083 [inlined]
   [9] macro expansion at /root/.julia/packages/DrWatson/FWNo4/test/runtests.jl:7 [inlined]
   [10] macro expansion at /buildworker/worker/package_linux64/build/usr/share/julia/stdlib/v1.0/Test/src/Test.jl:1083 [inlined]
   [11] top-level scope at /root/.julia/packages/DrWatson/FWNo4/test/runtests.jl:4
┌ Warning: The directory ('/root/.julia/packages/DrWatson/FWNo4/test') is not a Git repository, returning `nothing` instead of the commit ID.
└ @ DrWatson ~/.julia/packages/DrWatson/FWNo4/src/saving_tools.jl:48
┌ Warning: The directory ('/root/.julia/packages/DrWatson/FWNo4/test') is not a Git repository, returning `nothing` instead of a patch.
└ @ DrWatson ~/.julia/packages/DrWatson/FWNo4/src/saving_tools.jl:92
┌ Warning: The directory ('/root/.julia/packages/DrWatson/FWNo4/test') is not a Git repository, returning `nothing` instead of the commit ID.
└ @ DrWatson ~/.julia/packages/DrWatson/FWNo4/src/saving_tools.jl:48
┌ Warning: The directory ('/root/.julia/packages/DrWatson/FWNo4/test') is not a Git repository, returning `nothing` instead of a patch.
└ @ DrWatson ~/.julia/packages/DrWatson/FWNo4/src/saving_tools.jl:92
Saving tools: Test Failed at /root/.julia/packages/DrWatson/FWNo4/test/stools_tests.jl:75
  Expression: (tag!(d, gitpath=#= /root/.julia/packages/DrWatson/FWNo4/test/stools_tests.jl:75 =# @__DIR__(), force=true))[:gitcommit] == com
   Evaluated: "" == nothing
Stacktrace:
 [1] top-level scope at none:0
 [2] include at ./boot.jl:317 [inlined]
 [3] include_relative(::Module, ::String) at ./loading.jl:1044
 [4] include(::Module, ::String) at ./sysimg.jl:29
 [5] include(::String) at ./client.jl:392
 [6] macro expansion at /root/.julia/packages/DrWatson/FWNo4/test/runtests.jl:7 [inlined]
 [7] macro expansion at /buildworker/worker/package_linux64/build/usr/share/julia/stdlib/v1.0/Test/src/Test.jl:1083 [inlined]
 [8] macro expansion at /root/.julia/packages/DrWatson/FWNo4/test/runtests.jl:7 [inlined]
 [9] macro expansion at /buildworker/worker/package_linux64/build/usr/share/julia/stdlib/v1.0/Test/src/Test.jl:1083 [inlined]
 [10] top-level scope at /root/.julia/packages/DrWatson/FWNo4/test/runtests.jl:4
┌ Warning: The directory ('/root/.julia/packages/DrWatson/FWNo4/test') is not a Git repository, returning `nothing` instead of the commit ID.
└ @ DrWatson ~/.julia/packages/DrWatson/FWNo4/src/saving_tools.jl:48
┌ Warning: The directory ('/root/.julia/packages/DrWatson/FWNo4/test') is not a Git repository, returning `nothing` instead of a patch.
└ @ DrWatson ~/.julia/packages/DrWatson/FWNo4/src/saving_tools.jl:92
Saving tools: Test Failed at /root/.julia/packages/DrWatson/FWNo4/test/stools_tests.jl:77
  Expression: (#= /root/.julia/packages/DrWatson/FWNo4/test/stools_tests.jl:77 =# @tag!(d, gitpath = #= /root/.julia/packages/DrWatson/FWNo4/test/stools_tests.jl:77 =# @__DIR__(), force = true))[:gitcommit] == com
   Evaluated: "" == nothing
Stacktrace:
 [1] top-level scope at none:0
 [2] include at ./boot.jl:317 [inlined]
 [3] include_relative(::Module, ::String) at ./loading.jl:1044
 [4] include(::Module, ::String) at ./sysimg.jl:29
 [5] include(::String) at ./client.jl:392
 [6] macro expansion at /root/.julia/packages/DrWatson/FWNo4/test/runtests.jl:7 [inlined]
 [7] macro expansion at /buildworker/worker/package_linux64/build/usr/share/julia/stdlib/v1.0/Test/src/Test.jl:1083 [inlined]
 [8] macro expansion at /root/.julia/packages/DrWatson/FWNo4/test/runtests.jl:7 [inlined]
 [9] macro expansion at /buildworker/worker/package_linux64/build/usr/share/julia/stdlib/v1.0/Test/src/Test.jl:1083 [inlined]
 [10] top-level scope at /root/.julia/packages/DrWatson/FWNo4/test/runtests.jl:4
┌ Warning: `tagsave(file, d, p::String)` is deprecated, use `tagsave(file, d, gitpath=p)` instead.
│   caller = top-level scope at none:0
└ @ Core none:0
┌ Warning: The directory ('/root/.julia/packages/DrWatson/FWNo4') is not a Git repository, returning `nothing` instead of the commit ID.
└ @ DrWatson ~/.julia/packages/DrWatson/FWNo4/src/saving_tools.jl:48
┌ Warning: The directory ('/root/.julia/packages/DrWatson/FWNo4') is not a Git repository, returning `nothing` instead of a patch.
└ @ DrWatson ~/.julia/packages/DrWatson/FWNo4/src/saving_tools.jl:92
Produce or Save: Test Failed at /root/.julia/packages/DrWatson/FWNo4/test/savefiles_tests.jl:24
  Expression: "gitcommit" ∈ keys(file)
   Evaluated: "gitcommit" ∈ ["b", "simulation", "a"]
Stacktrace:
 [1] top-level scope at none:0
 [2] include at ./boot.jl:317 [inlined]
 [3] include_relative(::Module, ::String) at ./loading.jl:1044
 [4] include(::Module, ::String) at ./sysimg.jl:29
 [5] include(::String) at ./client.jl:392
 [6] macro expansion at /root/.julia/packages/DrWatson/FWNo4/test/runtests.jl:8 [inlined]
 [7] macro expansion at /buildworker/worker/package_linux64/build/usr/share/julia/stdlib/v1.0/Test/src/Test.jl:1083 [inlined]
 [8] macro expansion at /root/.julia/packages/DrWatson/FWNo4/test/runtests.jl:8 [inlined]
 [9] macro expansion at /buildworker/worker/package_linux64/build/usr/share/julia/stdlib/v1.0/Test/src/Test.jl:1083 [inlined]
 [10] top-level scope at /root/.julia/packages/DrWatson/FWNo4/test/runtests.jl:4
Produce or Save: Error During Test at /root/.julia/packages/DrWatson/FWNo4/test/savefiles_tests.jl:25
  Test threw exception
  Expression: file["gitcommit"] |> typeof == String
  KeyError: key "gitcommit" not found
  Stacktrace:
   [1] getindex(::Dict{String,Any}, ::String) at ./dict.jl:478
   [2] top-level scope at none:0
   [3] include at ./boot.jl:317 [inlined]
   [4] include_relative(::Module, ::String) at ./loading.jl:1044
   [5] include(::Module, ::String) at ./sysimg.jl:29
   [6] include(::String) at ./client.jl:392
   [7] macro expansion at /root/.julia/packages/DrWatson/FWNo4/test/runtests.jl:8 [inlined]
   [8] macro expansion at /buildworker/worker/package_linux64/build/usr/share/julia/stdlib/v1.0/Test/src/Test.jl:1083 [inlined]
   [9] macro expansion at /root/.julia/packages/DrWatson/FWNo4/test/runtests.jl:8 [inlined]
   [10] macro expansion at /buildworker/worker/package_linux64/build/usr/share/julia/stdlib/v1.0/Test/src/Test.jl:1083 [inlined]
   [11] top-level scope at /root/.julia/packages/DrWatson/FWNo4/test/runtests.jl:4
┌ Warning: `tagsave(file, d, safe::Bool, gitpath=projectdir(), storepatch=true, source=nothing)` is deprecated, use `tagsave(file, d, safe=safe, gitpath=gitpath, storepatch=storepatch, source=source)` instead.
│   caller = top-level scope at none:0
└ @ Core none:0
┌ Warning: The directory ('/root/.julia/packages/DrWatson/FWNo4') is not a Git repository, returning `nothing` instead of the commit ID.
└ @ DrWatson ~/.julia/packages/DrWatson/FWNo4/src/saving_tools.jl:48
┌ Warning: The directory ('/root/.julia/packages/DrWatson/FWNo4') is not a Git repository, returning `nothing` instead of a patch.
└ @ DrWatson ~/.julia/packages/DrWatson/FWNo4/src/saving_tools.jl:92
Produce or Save: Test Failed at /root/.julia/packages/DrWatson/FWNo4/test/savefiles_tests.jl:31
  Expression: "gitcommit" ∈ keys(file)
   Evaluated: "gitcommit" ∈ ["b", "simulation", "a"]
Stacktrace:
 [1] top-level scope at none:0
 [2] include at ./boot.jl:317 [inlined]
 [3] include_relative(::Module, ::String) at ./loading.jl:1044
 [4] include(::Module, ::String) at ./sysimg.jl:29
 [5] include(::String) at ./client.jl:392
 [6] macro expansion at /root/.julia/packages/DrWatson/FWNo4/test/runtests.jl:8 [inlined]
 [7] macro expansion at /buildworker/worker/package_linux64/build/usr/share/julia/stdlib/v1.0/Test/src/Test.jl:1083 [inlined]
 [8] macro expansion at /root/.julia/packages/DrWatson/FWNo4/test/runtests.jl:8 [inlined]
 [9] macro expansion at /buildworker/worker/package_linux64/build/usr/share/julia/stdlib/v1.0/Test/src/Test.jl:1083 [inlined]
 [10] top-level scope at /root/.julia/packages/DrWatson/FWNo4/test/runtests.jl:4
Produce or Save: Error During Test at /root/.julia/packages/DrWatson/FWNo4/test/savefiles_tests.jl:32
  Test threw exception
  Expression: file["gitcommit"] |> typeof == String
  KeyError: key "gitcommit" not found
  Stacktrace:
   [1] getindex(::Dict{String,Any}, ::String) at ./dict.jl:478
   [2] top-level scope at none:0
   [3] include at ./boot.jl:317 [inlined]
   [4] include_relative(::Module, ::String) at ./loading.jl:1044
   [5] include(::Module, ::String) at ./sysimg.jl:29
   [6] include(::String) at ./client.jl:392
   [7] macro expansion at /root/.julia/packages/DrWatson/FWNo4/test/runtests.jl:8 [inlined]
   [8] macro expansion at /buildworker/worker/package_linux64/build/usr/share/julia/stdlib/v1.0/Test/src/Test.jl:1083 [inlined]
   [9] macro expansion at /root/.julia/packages/DrWatson/FWNo4/test/runtests.jl:8 [inlined]
   [10] macro expansion at /buildworker/worker/package_linux64/build/usr/share/julia/stdlib/v1.0/Test/src/Test.jl:1083 [inlined]
   [11] top-level scope at /root/.julia/packages/DrWatson/FWNo4/test/runtests.jl:4
Produce or Save: Test Failed at /root/.julia/packages/DrWatson/FWNo4/test/savefiles_tests.jl:33
  Expression: "script" ∈ keys(file)
   Evaluated: "script" ∈ ["b", "simulation", "a"]
Stacktrace:
 [1] top-level scope at none:0
 [2] include at ./boot.jl:317 [inlined]
 [3] include_relative(::Module, ::String) at ./loading.jl:1044
 [4] include(::Module, ::String) at ./sysimg.jl:29
 [5] include(::String) at ./client.jl:392
 [6] macro expansion at /root/.julia/packages/DrWatson/FWNo4/test/runtests.jl:8 [inlined]
 [7] macro expansion at /buildworker/worker/package_linux64/build/usr/share/julia/stdlib/v1.0/Test/src/Test.jl:1083 [inlined]
 [8] macro expansion at /root/.julia/packages/DrWatson/FWNo4/test/runtests.jl:8 [inlined]
 [9] macro expansion at /buildworker/worker/package_linux64/build/usr/share/julia/stdlib/v1.0/Test/src/Test.jl:1083 [inlined]
 [10] top-level scope at /root/.julia/packages/DrWatson/FWNo4/test/runtests.jl:4
Produce or Save: Error During Test at /root/.julia/packages/DrWatson/FWNo4/test/savefiles_tests.jl:34
  Test threw exception
  Expression: file["script"] |> typeof == String
  KeyError: key "script" not found
  Stacktrace:
   [1] getindex(::Dict{String,Any}, ::String) at ./dict.jl:478
   [2] top-level scope at none:0
   [3] include at ./boot.jl:317 [inlined]
   [4] include_relative(::Module, ::String) at ./loading.jl:1044
   [5] include(::Module, ::String) at ./sysimg.jl:29
   [6] include(::String) at ./client.jl:392
   [7] macro expansion at /root/.julia/packages/DrWatson/FWNo4/test/runtests.jl:8 [inlined]
   [8] macro expansion at /buildworker/worker/package_linux64/build/usr/share/julia/stdlib/v1.0/Test/src/Test.jl:1083 [inlined]
   [9] macro expansion at /root/.julia/packages/DrWatson/FWNo4/test/runtests.jl:8 [inlined]
   [10] macro expansion at /buildworker/worker/package_linux64/build/usr/share/julia/stdlib/v1.0/Test/src/Test.jl:1083 [inlined]
   [11] top-level scope at /root/.julia/packages/DrWatson/FWNo4/test/runtests.jl:4
Produce or Save: Error During Test at /root/.julia/packages/DrWatson/FWNo4/test/savefiles_tests.jl:35
  Test threw exception
  Expression: file["script"] == joinpath("test", "savefiles_tests.jl#29")
  KeyError: key "script" not found
  Stacktrace:
   [1] getindex(::Dict{String,Any}, ::String) at ./dict.jl:478
   [2] top-level scope at none:0
   [3] include at ./boot.jl:317 [inlined]
   [4] include_relative(::Module, ::String) at ./loading.jl:1044
   [5] include(::Module, ::String) at ./sysimg.jl:29
   [6] include(::String) at ./client.jl:392
   [7] macro expansion at /root/.julia/packages/DrWatson/FWNo4/test/runtests.jl:8 [inlined]
   [8] macro expansion at /buildworker/worker/package_linux64/build/usr/share/julia/stdlib/v1.0/Test/src/Test.jl:1083 [inlined]
   [9] macro expansion at /root/.julia/packages/DrWatson/FWNo4/test/runtests.jl:8 [inlined]
   [10] macro expansion at /buildworker/worker/package_linux64/build/usr/share/julia/stdlib/v1.0/Test/src/Test.jl:1083 [inlined]
   [11] top-level scope at /root/.julia/packages/DrWatson/FWNo4/test/runtests.jl:4
┌ Warning: `tagsave(file, d, safe::Bool, gitpath=projectdir(), storepatch=true, source=nothing)` is deprecated, use `tagsave(file, d, safe=safe, gitpath=gitpath, storepatch=storepatch, source=source)` instead.
│   caller = top-level scope at none:0
└ @ Core none:0
┌ Warning: The directory ('/root/.julia/packages/DrWatson/FWNo4') is not a Git repository, returning `nothing` instead of the commit ID.
└ @ DrWatson ~/.julia/packages/DrWatson/FWNo4/src/saving_tools.jl:48
┌ Warning: The directory ('/root/.julia/packages/DrWatson/FWNo4') is not a Git repository, returning `nothing` instead of a patch.
└ @ DrWatson ~/.julia/packages/DrWatson/FWNo4/src/saving_tools.jl:92
┌ Warning: The directory ('/root/.julia/packages/DrWatson/FWNo4') is not a Git repository, returning `nothing` instead of the commit ID.
└ @ DrWatson ~/.julia/packages/DrWatson/FWNo4/src/saving_tools.jl:48
┌ Warning: The directory ('/root/.julia/packages/DrWatson/FWNo4') is not a Git repository, returning `nothing` instead of a patch.
└ @ DrWatson ~/.julia/packages/DrWatson/FWNo4/src/saving_tools.jl:92
┌ Warning: The directory ('/root/.julia/packages/DrWatson/FWNo4') is not a Git repository, returning `nothing` instead of the commit ID.
└ @ DrWatson ~/.julia/packages/DrWatson/FWNo4/src/saving_tools.jl:48
┌ Warning: The directory ('/root/.julia/packages/DrWatson/FWNo4') is not a Git repository, returning `nothing` instead of a patch.
└ @ DrWatson ~/.julia/packages/DrWatson/FWNo4/src/saving_tools.jl:92
┌ Warning: The directory ('/root/.julia/packages/DrWatson/FWNo4') is not a Git repository, returning `nothing` instead of the commit ID.
└ @ DrWatson ~/.julia/packages/DrWatson/FWNo4/src/saving_tools.jl:48
┌ Warning: The directory ('/root/.julia/packages/DrWatson/FWNo4') is not a Git repository, returning `nothing` instead of a patch.
└ @ DrWatson ~/.julia/packages/DrWatson/FWNo4/src/saving_tools.jl:92
Produce or Save: Test Failed at /root/.julia/packages/DrWatson/FWNo4/test/savefiles_tests.jl:54
  Expression: (#= /root/.julia/packages/DrWatson/FWNo4/test/savefiles_tests.jl:54 =# @tagsave(savename(simulation, "bson"), t, safe = true, force = true, gitpath = findproject()))["gitcommit"] != ""
   Evaluated: "" != ""
Stacktrace:
 [1] top-level scope at none:0
 [2] include at ./boot.jl:317 [inlined]
 [3] include_relative(::Module, ::String) at ./loading.jl:1044
 [4] include(::Module, ::String) at ./sysimg.jl:29
 [5] include(::String) at ./client.jl:392
 [6] macro expansion at /root/.julia/packages/DrWatson/FWNo4/test/runtests.jl:8 [inlined]
 [7] macro expansion at /buildworker/worker/package_linux64/build/usr/share/julia/stdlib/v1.0/Test/src/Test.jl:1083 [inlined]
 [8] macro expansion at /root/.julia/packages/DrWatson/FWNo4/test/runtests.jl:8 [inlined]
 [9] macro expansion at /buildworker/worker/package_linux64/build/usr/share/julia/stdlib/v1.0/Test/src/Test.jl:1083 [inlined]
 [10] top-level scope at /root/.julia/packages/DrWatson/FWNo4/test/runtests.jl:4
[ Info: File N=50_T=1000_every=10_seed=1111_Δt=0.05.bson does not exist. Producing it now...
┌ Warning: The directory ('/tmp/tmpZFPEQV') is not a Git repository, returning `nothing` instead of the commit ID.
└ @ DrWatson ~/.julia/packages/DrWatson/FWNo4/src/saving_tools.jl:48
┌ Warning: The directory ('/tmp/tmpZFPEQV') is not a Git repository, returning `nothing` instead of a patch.
└ @ DrWatson ~/.julia/packages/DrWatson/FWNo4/src/saving_tools.jl:92
[ Info: File N=50_T=1000_every=10_seed=1111_Δt=0.05.bson saved.
[ Info: File /root/.julia/packages/DrWatson/FWNo4/test/pre_N=50_T=1000_every=10_seed=1111_Δt=0.05.bson does not exist. Producing it now...
┌ Warning: The directory ('/tmp/tmpZFPEQV') is not a Git repository, returning `nothing` instead of the commit ID.
└ @ DrWatson ~/.julia/packages/DrWatson/FWNo4/src/saving_tools.jl:48
┌ Warning: The directory ('/tmp/tmpZFPEQV') is not a Git repository, returning `nothing` instead of a patch.
└ @ DrWatson ~/.julia/packages/DrWatson/FWNo4/src/saving_tools.jl:92
[ Info: File /root/.julia/packages/DrWatson/FWNo4/test/pre_N=50_T=1000_every=10_seed=1111_Δt=0.05.bson saved.
[ Info: File N=50_T=1000_every=10_seed=1111_Δt=0.05.jld2 does not exist. Producing it now...
┌ Warning: The directory ('/tmp/tmpZFPEQV') is not a Git repository, returning `nothing` instead of the commit ID.
└ @ DrWatson ~/.julia/packages/DrWatson/FWNo4/src/saving_tools.jl:48
┌ Warning: The directory ('/tmp/tmpZFPEQV') is not a Git repository, returning `nothing` instead of a patch.
└ @ DrWatson ~/.julia/packages/DrWatson/FWNo4/src/saving_tools.jl:92
[ Info: File N=50_T=1000_every=10_seed=1111_Δt=0.05.jld2 saved.
[ Info: File /root/.julia/packages/DrWatson/FWNo4/test/pre_N=50_T=1000_every=10_seed=1111_Δt=0.05.jld2 does not exist. Producing it now...
┌ Warning: The directory ('/tmp/tmpZFPEQV') is not a Git repository, returning `nothing` instead of the commit ID.
└ @ DrWatson ~/.julia/packages/DrWatson/FWNo4/src/saving_tools.jl:48
┌ Warning: The directory ('/tmp/tmpZFPEQV') is not a Git repository, returning `nothing` instead of a patch.
└ @ DrWatson ~/.julia/packages/DrWatson/FWNo4/src/saving_tools.jl:92
[ Info: File /root/.julia/packages/DrWatson/FWNo4/test/pre_N=50_T=1000_every=10_seed=1111_Δt=0.05.jld2 saved.
[ Info: File N=50_T=1000_every=10_seed=1111_Δt=0.05.bson does not exist. Producing it now...
┌ Warning: The directory ('/tmp/tmpZFPEQV') is not a Git repository, returning `nothing` instead of the commit ID.
└ @ DrWatson ~/.julia/packages/DrWatson/FWNo4/src/saving_tools.jl:48
┌ Warning: The directory ('/tmp/tmpZFPEQV') is not a Git repository, returning `nothing` instead of a patch.
└ @ DrWatson ~/.julia/packages/DrWatson/FWNo4/src/saving_tools.jl:92
[ Info: File N=50_T=1000_every=10_seed=1111_Δt=0.05.bson saved.
  Updating registry at `~/.julia/registries/General`
  Updating git-repo `https://github.com/JuliaRegistries/General.git`
[?25l[2K[?25h┌ Warning: Some registries failed to update:
│     — /root/.julia/registries/General — failed to fetch from repo
└ @ Pkg.API /buildworker/worker/package_linux64/build/usr/share/julia/stdlib/v1.0/Pkg/src/API.jl:162
 Resolving package versions...
  Updating `~/.julia/packages/DrWatson/FWNo4/test/testdir/Project.toml`
  [634d3b9d] + DrWatson v1.6.0
  Updating `~/.julia/packages/DrWatson/FWNo4/test/testdir/Manifest.toml`
  [634d3b9d] + DrWatson v1.6.0
  [5789e2e9] + FileIO v1.0.7
  [ae029012] + Requires v0.5.2
  [2a0f44e3] + Base64 
  [ade2ca70] + Dates 
  [8ba89e20] + Distributed 
  [b77e0a4c] + InteractiveUtils 
  [76f85450] + LibGit2 
  [8f399da3] + Libdl 
  [37e2e46d] + LinearAlgebra 
  [56ddb016] + Logging 
  [d6f4376e] + Markdown 
  [44cfe95a] + Pkg 
  [de0858da] + Printf 
  [3fa0cd96] + REPL 
  [9a3f8284] + Random 
  [ea8e919c] + SHA 
  [9e88b42a] + Serialization 
  [6462fe0b] + Sockets 
  [8dfed614] + Test 
  [cf7118a7] + UUIDs 
  [4ec0a83e] + Unicode 
[ Info: Starting a new result collection...
[ Info: Scanning folder /root/.julia/packages/DrWatson/FWNo4/test/testdir/dataresults for result files.
┌ Warning: While applying function #11 to file /root/.julia/packages/DrWatson/FWNo4/test/testdir/dataresults/subfolder/a=4_b=twenty.bson, got error KeyError("c"). Using value `missing` instead.
└ @ DrWatson ~/.julia/packages/DrWatson/FWNo4/src/result_collection.jl:152
┌ Warning: While applying function #12 to file /root/.julia/packages/DrWatson/FWNo4/test/testdir/dataresults/subfolder/a=4_b=twenty.bson, got error KeyError("c"). Using value `missing` instead.
└ @ DrWatson ~/.julia/packages/DrWatson/FWNo4/src/result_collection.jl:152
[ Info: Added 4 entries.
[ Info: Loading existing result collection...
[ Info: Scanning folder /root/.julia/packages/DrWatson/FWNo4/test/testdir/dataresults for result files.
[ Info: Added 2 entries.
[ Info: Starting a new result collection...
[ Info: Scanning folder /root/.julia/packages/DrWatson/FWNo4/test/testdir/dataresults for result files.
┌ Warning: While applying function #11 to file /root/.julia/packages/DrWatson/FWNo4/test/testdir/dataresults/subfolder/a=4_b=twenty.bson, got error KeyError("c"). Using value `missing` instead.
└ @ DrWatson ~/.julia/packages/DrWatson/FWNo4/src/result_collection.jl:152
┌ Warning: While applying function #12 to file /root/.julia/packages/DrWatson/FWNo4/test/testdir/dataresults/subfolder/a=4_b=twenty.bson, got error KeyError("c"). Using value `missing` instead.
└ @ DrWatson ~/.julia/packages/DrWatson/FWNo4/src/result_collection.jl:152
[ Info: Added 6 entries.
[ Info: Scanning folder /root/.julia/packages/DrWatson/FWNo4/test/testdir/dataresults for result files.
┌ Warning: While applying function #11 to file /root/.julia/packages/DrWatson/FWNo4/test/testdir/dataresults/subfolder/a=4_b=twenty.bson, got error KeyError("c"). Using value `missing` instead.
└ @ DrWatson ~/.julia/packages/DrWatson/FWNo4/src/result_collection.jl:152
┌ Warning: While applying function #12 to file /root/.julia/packages/DrWatson/FWNo4/test/testdir/dataresults/subfolder/a=4_b=twenty.bson, got error KeyError("c"). Using value `missing` instead.
└ @ DrWatson ~/.julia/packages/DrWatson/FWNo4/src/result_collection.jl:152
[ Info: Added 6 entries.
 Resolving package versions...
  Updating `~/.julia/packages/DrWatson/FWNo4/test/testdir/Project.toml`
  [634d3b9d] + DrWatson v1.6.0
  Updating `~/.julia/packages/DrWatson/FWNo4/test/testdir/Manifest.toml`
  [634d3b9d] + DrWatson v1.6.0
  [5789e2e9] + FileIO v1.0.7
  [ae029012] + Requires v0.5.2
  [2a0f44e3] + Base64 
  [ade2ca70] + Dates 
  [8ba89e20] + Distributed 
  [b77e0a4c] + InteractiveUtils 
  [76f85450] + LibGit2 
  [8f399da3] + Libdl 
  [37e2e46d] + LinearAlgebra 
  [56ddb016] + Logging 
  [d6f4376e] + Markdown 
  [44cfe95a] + Pkg 
  [de0858da] + Printf 
  [3fa0cd96] + REPL 
  [9a3f8284] + Random 
  [ea8e919c] + SHA 
  [9e88b42a] + Serialization 
  [6462fe0b] + Sockets 
  [8dfed614] + Test 
  [cf7118a7] + UUIDs 
  [4ec0a83e] + Unicode 
Test Summary:             | Pass  Fail  Error  Total
DrWatson                  |  194    13     14    221
  Naming                  |   41                  41
  Parse savename          |   18                  18
  Project Setup           |                 1      1
  Saving tools            |   57     9      9     75
  Produce or Save         |   48     4      4     56
  Collect Results         |   14                  14
  Parameter Customization |   16                  16
ERROR: LoadError: Some tests did not pass: 194 passed, 13 failed, 14 errored, 0 broken.
in expression starting at /root/.julia/packages/DrWatson/FWNo4/test/runtests.jl:3
ERROR: Package DrWatson errored during testing
Stacktrace:
 [1] pkgerror(::String, ::Vararg{String,N} where N) at /buildworker/worker/package_linux64/build/usr/share/julia/stdlib/v1.0/Pkg/src/Types.jl:120
 [2] #test#65(::Bool, ::Function, ::Pkg.Types.Context, ::Array{Pkg.Types.PackageSpec,1}) at /buildworker/worker/package_linux64/build/usr/share/julia/stdlib/v1.0/Pkg/src/Operations.jl:1357
 [3] #test at /buildworker/worker/package_linux64/build/usr/share/julia/stdlib/v1.0/Pkg/src/API.jl:0 [inlined]
 [4] #test#44(::Bool, ::Base.Iterators.Pairs{Union{},Union{},Tuple{},NamedTuple{(),Tuple{}}}, ::Function, ::Pkg.Types.Context, ::Array{Pkg.Types.PackageSpec,1}) at /buildworker/worker/package_linux64/build/usr/share/julia/stdlib/v1.0/Pkg/src/API.jl:278
 [5] test at /buildworker/worker/package_linux64/build/usr/share/julia/stdlib/v1.0/Pkg/src/API.jl:263 [inlined]
 [6] #test#43 at /buildworker/worker/package_linux64/build/usr/share/julia/stdlib/v1.0/Pkg/src/API.jl:260 [inlined]
 [7] test at /buildworker/worker/package_linux64/build/usr/share/julia/stdlib/v1.0/Pkg/src/API.jl:260 [inlined]
 [8] #test#42 at /buildworker/worker/package_linux64/build/usr/share/julia/stdlib/v1.0/Pkg/src/API.jl:259 [inlined]
 [9] test at /buildworker/worker/package_linux64/build/usr/share/julia/stdlib/v1.0/Pkg/src/API.jl:259 [inlined]
 [10] #test#41 at /buildworker/worker/package_linux64/build/usr/share/julia/stdlib/v1.0/Pkg/src/API.jl:258 [inlined]
 [11] test(::String) at /buildworker/worker/package_linux64/build/usr/share/julia/stdlib/v1.0/Pkg/src/API.jl:258
 [12] top-level scope at none:0
