 Resolving package versions...
 Installed CEnum ────────── v0.2.0
 Installed GDAL ─────────── v1.0.1
 Installed BinaryProvider ─ v0.5.8
  Updating `~/.julia/environments/v1.0/Project.toml`
  [add2ef01] + GDAL v1.0.1
  Updating `~/.julia/environments/v1.0/Manifest.toml`
  [b99e7846] + BinaryProvider v0.5.8
  [fa961155] + CEnum v0.2.0
  [add2ef01] + GDAL v1.0.1
  [8f399da3] + Libdl 
  [ea8e919c] + SHA 
  Building GDAL → `~/.julia/packages/GDAL/hP0Xa/deps/build.log`
   Testing GDAL
 Resolving package versions...
    Status `/tmp/tmpQzm0Hp/Manifest.toml`
  [b99e7846] BinaryProvider v0.5.8
  [fa961155] CEnum v0.2.0
  [add2ef01] GDAL v1.0.1
  [2a0f44e3] Base64  [`@stdlib/Base64`]
  [8ba89e20] Distributed  [`@stdlib/Distributed`]
  [b77e0a4c] InteractiveUtils  [`@stdlib/InteractiveUtils`]
  [8f399da3] Libdl  [`@stdlib/Libdl`]
  [37e2e46d] LinearAlgebra  [`@stdlib/LinearAlgebra`]
  [56ddb016] Logging  [`@stdlib/Logging`]
  [d6f4376e] Markdown  [`@stdlib/Markdown`]
  [9a3f8284] Random  [`@stdlib/Random`]
  [ea8e919c] SHA  [`@stdlib/SHA`]
  [9e88b42a] Serialization  [`@stdlib/Serialization`]
  [6462fe0b] Sockets  [`@stdlib/Sockets`]
  [8dfed614] Test  [`@stdlib/Test`]
┌ Info: GDAL 3.0.0, released 2019/05/05
│ 174 GDAL drivers found
└ 56 OGR drivers found
CPLDestroyMutex: Error = 16 (Device or resource busy)
Test Summary: | Pass  Broken  Total
GDAL          |   98      20    118
   Testing GDAL tests passed 
