 Resolving package versions...
 Installed NaNMath ──────────── v0.3.3
 Installed RecipesBase ──────── v0.7.0
 Installed Requires ─────────── v0.5.2
 Installed ColorTypes ───────── v0.8.0
 Installed Parsers ──────────── v0.3.10
 Installed SchumakerSpline ──── v1.4.0
 Installed Contour ──────────── v0.5.1
 Installed BinaryProvider ───── v0.5.8
 Installed Reexport ─────────── v0.2.0
 Installed FixedPointNumbers ── v0.6.1
 Installed Showoff ──────────── v0.3.1
 Installed JSON ─────────────── v0.21.0
 Installed DataAPI ──────────── v1.1.0
 Installed GeometryTypes ────── v0.7.6
 Installed DataStructures ───── v0.17.6
 Installed FFMPEG ───────────── v0.2.3
 Installed StatsBase ────────── v0.32.0
 Installed StaticArrays ─────── v0.12.1
 Installed PlotThemes ───────── v0.4.0
 Installed SortingAlgorithms ── v0.3.1
 Installed PlotUtils ────────── v0.6.1
 Installed Missings ─────────── v0.4.3
 Installed Colors ───────────── v0.9.6
 Installed Measures ─────────── v0.3.0
 Installed OrderedCollections ─ v1.1.0
 Installed Plots ────────────── v0.27.0
 Installed IterTools ────────── v1.3.0
 Installed GR ───────────────── v0.42.0
  Updating `~/.julia/environments/v1.0/Project.toml`
  [65e68595] + SchumakerSpline v1.4.0
  Updating `~/.julia/environments/v1.0/Manifest.toml`
  [b99e7846] + BinaryProvider v0.5.8
  [3da002f7] + ColorTypes v0.8.0
  [5ae59095] + Colors v0.9.6
  [d38c429a] + Contour v0.5.1
  [9a962f9c] + DataAPI v1.1.0
  [864edb3b] + DataStructures v0.17.6
  [c87230d0] + FFMPEG v0.2.3
  [53c48c17] + FixedPointNumbers v0.6.1
  [28b8d3ca] + GR v0.42.0
  [4d00f742] + GeometryTypes v0.7.6
  [c8e1da08] + IterTools v1.3.0
  [682c06a0] + JSON v0.21.0
  [442fdcdd] + Measures v0.3.0
  [e1d29d7a] + Missings v0.4.3
  [77ba4419] + NaNMath v0.3.3
  [bac558e1] + OrderedCollections v1.1.0
  [69de0a69] + Parsers v0.3.10
  [ccf2f8ad] + PlotThemes v0.4.0
  [995b91a9] + PlotUtils v0.6.1
  [91a5bcdd] + Plots v0.27.0
  [3cdcf5f2] + RecipesBase v0.7.0
  [189a3867] + Reexport v0.2.0
  [ae029012] + Requires v0.5.2
  [65e68595] + SchumakerSpline v1.4.0
  [992d4aef] + Showoff v0.3.1
  [a2af1166] + SortingAlgorithms v0.3.1
  [90137ffa] + StaticArrays v0.12.1
  [2913bbd2] + StatsBase v0.32.0
  [2a0f44e3] + Base64 
  [ade2ca70] + Dates 
  [8bb1440f] + DelimitedFiles 
  [8ba89e20] + Distributed 
  [b77e0a4c] + InteractiveUtils 
  [76f85450] + LibGit2 
  [8f399da3] + Libdl 
  [37e2e46d] + LinearAlgebra 
  [56ddb016] + Logging 
  [d6f4376e] + Markdown 
  [a63ad114] + Mmap 
  [44cfe95a] + Pkg 
  [de0858da] + Printf 
  [3fa0cd96] + REPL 
  [9a3f8284] + Random 
  [ea8e919c] + SHA 
  [9e88b42a] + Serialization 
  [6462fe0b] + Sockets 
  [2f01184e] + SparseArrays 
  [10745b16] + Statistics 
  [8dfed614] + Test 
  [cf7118a7] + UUIDs 
  [4ec0a83e] + Unicode 
  Building GR ────→ `~/.julia/packages/GR/f1Iqi/deps/build.log`
  Building FFMPEG → `~/.julia/packages/FFMPEG/bkWgb/deps/build.log`
  Building Plots ─→ `~/.julia/packages/Plots/Iuc9S/deps/build.log`
   Testing SchumakerSpline
    Status `/tmp/tmp2PB1nD/Manifest.toml`
  [b99e7846] BinaryProvider v0.5.8
  [3da002f7] ColorTypes v0.8.0
  [5ae59095] Colors v0.9.6
  [d38c429a] Contour v0.5.1
  [9a962f9c] DataAPI v1.1.0
  [864edb3b] DataStructures v0.17.6
  [c87230d0] FFMPEG v0.2.3
  [53c48c17] FixedPointNumbers v0.6.1
  [28b8d3ca] GR v0.42.0
  [4d00f742] GeometryTypes v0.7.6
  [c8e1da08] IterTools v1.3.0
  [682c06a0] JSON v0.21.0
  [442fdcdd] Measures v0.3.0
  [e1d29d7a] Missings v0.4.3
  [77ba4419] NaNMath v0.3.3
  [bac558e1] OrderedCollections v1.1.0
  [69de0a69] Parsers v0.3.10
  [ccf2f8ad] PlotThemes v0.4.0
  [995b91a9] PlotUtils v0.6.1
  [91a5bcdd] Plots v0.27.0
  [3cdcf5f2] RecipesBase v0.7.0
  [189a3867] Reexport v0.2.0
  [ae029012] Requires v0.5.2
  [65e68595] SchumakerSpline v1.4.0
  [992d4aef] Showoff v0.3.1
  [a2af1166] SortingAlgorithms v0.3.1
  [90137ffa] StaticArrays v0.12.1
  [2913bbd2] StatsBase v0.32.0
  [2a0f44e3] Base64  [`@stdlib/Base64`]
  [ade2ca70] Dates  [`@stdlib/Dates`]
  [8bb1440f] DelimitedFiles  [`@stdlib/DelimitedFiles`]
  [8ba89e20] Distributed  [`@stdlib/Distributed`]
  [b77e0a4c] InteractiveUtils  [`@stdlib/InteractiveUtils`]
  [76f85450] LibGit2  [`@stdlib/LibGit2`]
  [8f399da3] Libdl  [`@stdlib/Libdl`]
  [37e2e46d] LinearAlgebra  [`@stdlib/LinearAlgebra`]
  [56ddb016] Logging  [`@stdlib/Logging`]
  [d6f4376e] Markdown  [`@stdlib/Markdown`]
  [a63ad114] Mmap  [`@stdlib/Mmap`]
  [44cfe95a] Pkg  [`@stdlib/Pkg`]
  [de0858da] Printf  [`@stdlib/Printf`]
  [3fa0cd96] REPL  [`@stdlib/REPL`]
  [9a3f8284] Random  [`@stdlib/Random`]
  [ea8e919c] SHA  [`@stdlib/SHA`]
  [9e88b42a] Serialization  [`@stdlib/Serialization`]
  [6462fe0b] Sockets  [`@stdlib/Sockets`]
  [2f01184e] SparseArrays  [`@stdlib/SparseArrays`]
  [10745b16] Statistics  [`@stdlib/Statistics`]
  [8dfed614] Test  [`@stdlib/Test`]
  [cf7118a7] UUIDs  [`@stdlib/UUIDs`]
  [4ec0a83e] Unicode  [`@stdlib/Unicode`]
Test with Float64s
  8.927848 seconds (10.18 M allocations: 598.114 MiB, 4.98% gc time)
Test with Ints
  3.117080 seconds (3.19 M allocations: 157.754 MiB, 3.14% gc time)
Test with Dates
  1.124975 seconds (1.05 M allocations: 82.805 MiB, 4.29% gc time)
Test Intercepts
  7.813063 seconds (8.21 M allocations: 412.353 MiB, 3.29% gc time)
Test Splicing of Splines
  0.189773 seconds (133.02 k allocations: 6.385 MiB)
Test Plots
Error During Test at /root/.julia/packages/SchumakerSpline/ZmC2i/test/runtests.jl:18
  Test threw exception
  Expression: include("test_plots.jl")
  LoadError: MethodError: no method matching range(::Float64, ::Float64; length=200)
  Closest candidates are:
    range(::Any; length, stop, step) at range.jl:76
  Stacktrace:
   [1] #plot#15(::Bool, ::Int64, ::NamedTuple{(:label,),Tuple{String}}, ::NamedTuple{(:label,),Tuple{String}}, ::NamedTuple{(:label,),Tuple{String}}, ::Missing, ::Function, ::Schumaker{Float64}, ::Tuple{Float64,Float64}) at /root/.julia/packages/SchumakerSpline/ZmC2i/src/plotting.jl:5
   [2] plot(::Schumaker{Float64}, ::Tuple{Float64,Float64}) at /root/.julia/packages/SchumakerSpline/ZmC2i/src/plotting.jl:5 (repeats 2 times)
   [3] top-level scope at none:0
   [4] include at ./boot.jl:317 [inlined]
   [5] include_relative(::Module, ::String) at ./loading.jl:1044
   [6] include(::Module, ::String) at ./sysimg.jl:29
   [7] include(::String) at ./client.jl:392
   [8] top-level scope at util.jl:156
   [9] include at ./boot.jl:317 [inlined]
   [10] include_relative(::Module, ::String) at ./loading.jl:1044
   [11] include(::Module, ::String) at ./sysimg.jl:29
   [12] include(::String) at ./client.jl:392
   [13] top-level scope at none:0
   [14] eval(::Module, ::Any) at ./boot.jl:319
   [15] exec_options(::Base.JLOptions) at ./client.jl:243
   [16] _start() at ./client.jl:425
  in expression starting at /root/.julia/packages/SchumakerSpline/ZmC2i/test/test_plots.jl:7
ERROR: LoadError: There was an error during testing
in expression starting at /root/.julia/packages/SchumakerSpline/ZmC2i/test/runtests.jl:18
ERROR: Package SchumakerSpline errored during testing
Stacktrace:
 [1] pkgerror(::String, ::Vararg{String,N} where N) at /buildworker/worker/package_linux64/build/usr/share/julia/stdlib/v1.0/Pkg/src/Types.jl:120
 [2] #test#65(::Bool, ::Function, ::Pkg.Types.Context, ::Array{Pkg.Types.PackageSpec,1}) at /buildworker/worker/package_linux64/build/usr/share/julia/stdlib/v1.0/Pkg/src/Operations.jl:1357
 [3] #test at /buildworker/worker/package_linux64/build/usr/share/julia/stdlib/v1.0/Pkg/src/API.jl:0 [inlined]
 [4] #test#44(::Bool, ::Base.Iterators.Pairs{Union{},Union{},Tuple{},NamedTuple{(),Tuple{}}}, ::Function, ::Pkg.Types.Context, ::Array{Pkg.Types.PackageSpec,1}) at /buildworker/worker/package_linux64/build/usr/share/julia/stdlib/v1.0/Pkg/src/API.jl:278
 [5] test at /buildworker/worker/package_linux64/build/usr/share/julia/stdlib/v1.0/Pkg/src/API.jl:263 [inlined]
 [6] #test#43 at /buildworker/worker/package_linux64/build/usr/share/julia/stdlib/v1.0/Pkg/src/API.jl:260 [inlined]
 [7] test at /buildworker/worker/package_linux64/build/usr/share/julia/stdlib/v1.0/Pkg/src/API.jl:260 [inlined]
 [8] #test#42 at /buildworker/worker/package_linux64/build/usr/share/julia/stdlib/v1.0/Pkg/src/API.jl:259 [inlined]
 [9] test at /buildworker/worker/package_linux64/build/usr/share/julia/stdlib/v1.0/Pkg/src/API.jl:259 [inlined]
 [10] #test#41 at /buildworker/worker/package_linux64/build/usr/share/julia/stdlib/v1.0/Pkg/src/API.jl:258 [inlined]
 [11] test(::String) at /buildworker/worker/package_linux64/build/usr/share/julia/stdlib/v1.0/Pkg/src/API.jl:258
 [12] top-level scope at none:0
