 Resolving package versions...
 Installed CEnum ────────── v0.2.0
 Installed BinaryProvider ─ v0.5.8
 Installed CSFML ────────── v0.1.1
  Updating `~/.julia/environments/v1.2/Project.toml`
  [538df835] + CSFML v0.1.1
  Updating `~/.julia/environments/v1.2/Manifest.toml`
  [b99e7846] + BinaryProvider v0.5.8
  [fa961155] + CEnum v0.2.0
  [538df835] + CSFML v0.1.1
  [8f399da3] + Libdl 
  [ea8e919c] + SHA 
  Building CSFML → `~/.julia/packages/CSFML/KI9Y5/deps/build.log`
   Testing CSFML
 Resolving package versions...
    Status `/tmp/jl_7kTpcQ/Manifest.toml`
  [b99e7846] BinaryProvider v0.5.8
  [fa961155] CEnum v0.2.0
  [538df835] CSFML v0.1.1
  [2a0f44e3] Base64  [`@stdlib/Base64`]
  [8ba89e20] Distributed  [`@stdlib/Distributed`]
  [b77e0a4c] InteractiveUtils  [`@stdlib/InteractiveUtils`]
  [8f399da3] Libdl  [`@stdlib/Libdl`]
  [56ddb016] Logging  [`@stdlib/Logging`]
  [d6f4376e] Markdown  [`@stdlib/Markdown`]
  [9a3f8284] Random  [`@stdlib/Random`]
  [ea8e919c] SHA  [`@stdlib/SHA`]
  [9e88b42a] Serialization  [`@stdlib/Serialization`]
  [6462fe0b] Sockets  [`@stdlib/Sockets`]
  [8dfed614] Test  [`@stdlib/Test`]
   Testing CSFML tests passed 
