 Resolving package versions...
 Installed ScanImageTiffReader ─ v1.3.0
  Updating `~/.julia/environments/v1.2/Project.toml`
  [3d38dfc6] + ScanImageTiffReader v1.3.0
  Updating `~/.julia/environments/v1.2/Manifest.toml`
  [3d38dfc6] + ScanImageTiffReader v1.3.0
  [2a0f44e3] + Base64 
  [8ba89e20] + Distributed 
  [b77e0a4c] + InteractiveUtils 
  [56ddb016] + Logging 
  [d6f4376e] + Markdown 
  [9a3f8284] + Random 
  [9e88b42a] + Serialization 
  [6462fe0b] + Sockets 
  [8dfed614] + Test 
   Testing ScanImageTiffReader
 Resolving package versions...
 Installed IniFile ──────── v0.5.0
 Installed DotEnv ───────── v0.2.1
 Installed JSON ─────────── v0.21.0
 Installed Coverage ─────── v0.9.3
 Installed Parsers ──────── v0.3.10
 Installed BinaryProvider ─ v0.5.8
 Installed HTTP ─────────── v0.8.8
 Installed MbedTLS ──────── v0.7.0
  Building MbedTLS → `~/.julia/packages/MbedTLS/a1JFn/deps/build.log`
    Status `/tmp/jl_iMugt5/Manifest.toml`
  [b99e7846] BinaryProvider v0.5.8
  [a2441757] Coverage v0.9.3
  [4dc1fcf4] DotEnv v0.2.1
  [cd3eb016] HTTP v0.8.8
  [83e8ac13] IniFile v0.5.0
  [682c06a0] JSON v0.21.0
  [739be429] MbedTLS v0.7.0
  [69de0a69] Parsers v0.3.10
  [3d38dfc6] ScanImageTiffReader v1.3.0
  [2a0f44e3] Base64  [`@stdlib/Base64`]
  [ade2ca70] Dates  [`@stdlib/Dates`]
  [8ba89e20] Distributed  [`@stdlib/Distributed`]
  [b77e0a4c] InteractiveUtils  [`@stdlib/InteractiveUtils`]
  [76f85450] LibGit2  [`@stdlib/LibGit2`]
  [8f399da3] Libdl  [`@stdlib/Libdl`]
  [56ddb016] Logging  [`@stdlib/Logging`]
  [d6f4376e] Markdown  [`@stdlib/Markdown`]
  [a63ad114] Mmap  [`@stdlib/Mmap`]
  [de0858da] Printf  [`@stdlib/Printf`]
  [9a3f8284] Random  [`@stdlib/Random`]
  [ea8e919c] SHA  [`@stdlib/SHA`]
  [9e88b42a] Serialization  [`@stdlib/Serialization`]
  [6462fe0b] Sockets  [`@stdlib/Sockets`]
  [8dfed614] Test  [`@stdlib/Test`]
  [4ec0a83e] Unicode  [`@stdlib/Unicode`]
WARNING: Method definition config() in module DotEnv at /root/.julia/packages/DotEnv/DQcuw/src/DotEnv.jl:36 overwritten at /root/.julia/packages/DotEnv/DQcuw/src/DotEnv.jl:51.
  ** incremental compilation may be fatally broken for this module **

Test Summary: | Pass  Total
failures      |    1      1
Test Summary:  | Pass  Total
linj_00001.tif |   23     23
   Testing ScanImageTiffReader tests passed 
