 Resolving package versions...
 Installed FileIO ─── v1.0.7
 Installed FCSFiles ─ v0.1.1
  Updating `~/.julia/environments/v1.2/Project.toml`
  [d76558cf] + FCSFiles v0.1.1
  Updating `~/.julia/environments/v1.2/Manifest.toml`
  [d76558cf] + FCSFiles v0.1.1
  [5789e2e9] + FileIO v1.0.7
  [2a0f44e3] + Base64 
  [ade2ca70] + Dates 
  [b77e0a4c] + InteractiveUtils 
  [76f85450] + LibGit2 
  [d6f4376e] + Markdown 
  [44cfe95a] + Pkg 
  [de0858da] + Printf 
  [3fa0cd96] + REPL 
  [9a3f8284] + Random 
  [ea8e919c] + SHA 
  [9e88b42a] + Serialization 
  [6462fe0b] + Sockets 
  [cf7118a7] + UUIDs 
  [4ec0a83e] + Unicode 
   Testing FCSFiles
 Resolving package versions...
  Updating `/tmp/jl_bR7ojb/Project.toml`
  [d76558cf] + FCSFiles v0.1.1
  [8dfed614] + Test 
  Updating `/tmp/jl_bR7ojb/Manifest.toml`
  [8ba89e20] + Distributed 
  [56ddb016] + Logging 
  [8dfed614] + Test 
[ Info: Running Sandbox
    Status `/tmp/jl_bR7ojb/Project.toml`
  [d76558cf] FCSFiles v0.1.1
  [5789e2e9] FileIO v1.0.7
  [8dfed614] Test 
   Testing FCSFiles tests passed 
