 Resolving package versions...
 Installed LibCURL ──────── v0.5.2
 Installed BinaryProvider ─ v0.5.8
  Updating `~/.julia/environments/v1.0/Project.toml`
  [b27032c2] + LibCURL v0.5.2
  Updating `~/.julia/environments/v1.0/Manifest.toml`
  [b99e7846] + BinaryProvider v0.5.8
  [b27032c2] + LibCURL v0.5.2
  [8f399da3] + Libdl 
  [ea8e919c] + SHA 
  Building LibCURL → `~/.julia/packages/LibCURL/lWJxD/deps/build.log`
   Testing LibCURL
 Resolving package versions...
    Status `/tmp/tmpMWa8Gl/Manifest.toml`
  [b99e7846] BinaryProvider v0.5.8
  [b27032c2] LibCURL v0.5.2
  [2a0f44e3] Base64  [`@stdlib/Base64`]
  [8ba89e20] Distributed  [`@stdlib/Distributed`]
  [b77e0a4c] InteractiveUtils  [`@stdlib/InteractiveUtils`]
  [8f399da3] Libdl  [`@stdlib/Libdl`]
  [37e2e46d] LinearAlgebra  [`@stdlib/LinearAlgebra`]
  [56ddb016] Logging  [`@stdlib/Logging`]
  [d6f4376e] Markdown  [`@stdlib/Markdown`]
  [9a3f8284] Random  [`@stdlib/Random`]
  [ea8e919c] SHA  [`@stdlib/SHA`]
  [9e88b42a] Serialization  [`@stdlib/Serialization`]
  [6462fe0b] Sockets  [`@stdlib/Sockets`]
  [8dfed614] Test  [`@stdlib/Test`]
  % Total    % Received % Xferd  Average Speed   Time    Time     Time  Current
                                 Dload  Upload   Total   Spent    Left  Speed
  0     0    0     0    0     0      0      0 --:--:-- --:--:-- --:--:--     0100 69823    0 69823    0     0   194k      0 --:--:-- --:--:-- --:--:--  194k
  % Total    % Received % Xferd  Average Speed   Time    Time     Time  Current
                                 Dload  Upload   Total   Spent    Left  Speed
  0     0    0     0    0     0      0      0 --:--:-- --:--:-- --:--:--     0  0     0    0     0    0     0      0      0 --:--:-- --:--:-- --:--:--     0100 69810    0 69810    0     0   165k      0 --:--:-- --:--:-- --:--:--  165k
Test Summary: | Pass  Total
LibCURL       |    6      6
   Testing LibCURL tests passed 
