 Resolving package versions...
 Installed TabularDisplay ── v1.0.1
 Installed DataAPI ───────── v1.1.0
 Installed Missings ──────── v0.4.3
 Installed Formatting ────── v0.4.1
 Installed StringEncodings ─ v0.3.1
 Installed Compat ────────── v2.2.0
 Installed BinaryProvider ── v0.5.8
 Installed SASLib ────────── v0.6.3
  Updating `~/.julia/environments/v1.0/Project.toml`
  [df8f2f22] + SASLib v0.6.3
  Updating `~/.julia/environments/v1.0/Manifest.toml`
  [b99e7846] + BinaryProvider v0.5.8
  [34da2185] + Compat v2.2.0
  [9a962f9c] + DataAPI v1.1.0
  [59287772] + Formatting v0.4.1
  [e1d29d7a] + Missings v0.4.3
  [df8f2f22] + SASLib v0.6.3
  [69024149] + StringEncodings v0.3.1
  [3eeacb1d] + TabularDisplay v1.0.1
  [2a0f44e3] + Base64 
  [ade2ca70] + Dates 
  [8bb1440f] + DelimitedFiles 
  [8ba89e20] + Distributed 
  [b77e0a4c] + InteractiveUtils 
  [76f85450] + LibGit2 
  [8f399da3] + Libdl 
  [37e2e46d] + LinearAlgebra 
  [56ddb016] + Logging 
  [d6f4376e] + Markdown 
  [a63ad114] + Mmap 
  [44cfe95a] + Pkg 
  [de0858da] + Printf 
  [3fa0cd96] + REPL 
  [9a3f8284] + Random 
  [ea8e919c] + SHA 
  [9e88b42a] + Serialization 
  [1a1011a3] + SharedArrays 
  [6462fe0b] + Sockets 
  [2f01184e] + SparseArrays 
  [10745b16] + Statistics 
  [8dfed614] + Test 
  [cf7118a7] + UUIDs 
  [4ec0a83e] + Unicode 
  Building StringEncodings → `~/.julia/packages/StringEncodings/ICuGB/deps/build.log`
   Testing SASLib
    Status `/tmp/tmprek9w8/Manifest.toml`
  [b99e7846] BinaryProvider v0.5.8
  [34da2185] Compat v2.2.0
  [9a962f9c] DataAPI v1.1.0
  [59287772] Formatting v0.4.1
  [e1d29d7a] Missings v0.4.3
  [df8f2f22] SASLib v0.6.3
  [69024149] StringEncodings v0.3.1
  [3eeacb1d] TabularDisplay v1.0.1
  [2a0f44e3] Base64  [`@stdlib/Base64`]
  [ade2ca70] Dates  [`@stdlib/Dates`]
  [8bb1440f] DelimitedFiles  [`@stdlib/DelimitedFiles`]
  [8ba89e20] Distributed  [`@stdlib/Distributed`]
  [b77e0a4c] InteractiveUtils  [`@stdlib/InteractiveUtils`]
  [76f85450] LibGit2  [`@stdlib/LibGit2`]
  [8f399da3] Libdl  [`@stdlib/Libdl`]
  [37e2e46d] LinearAlgebra  [`@stdlib/LinearAlgebra`]
  [56ddb016] Logging  [`@stdlib/Logging`]
  [d6f4376e] Markdown  [`@stdlib/Markdown`]
  [a63ad114] Mmap  [`@stdlib/Mmap`]
  [44cfe95a] Pkg  [`@stdlib/Pkg`]
  [de0858da] Printf  [`@stdlib/Printf`]
  [3fa0cd96] REPL  [`@stdlib/REPL`]
  [9a3f8284] Random  [`@stdlib/Random`]
  [ea8e919c] SHA  [`@stdlib/SHA`]
  [9e88b42a] Serialization  [`@stdlib/Serialization`]
  [1a1011a3] SharedArrays  [`@stdlib/SharedArrays`]
  [6462fe0b] Sockets  [`@stdlib/Sockets`]
  [2f01184e] SparseArrays  [`@stdlib/SparseArrays`]
  [10745b16] Statistics  [`@stdlib/Statistics`]
  [8dfed614] Test  [`@stdlib/Test`]
  [cf7118a7] UUIDs  [`@stdlib/UUIDs`]
  [4ec0a83e] Unicode  [`@stdlib/Unicode`]
Testing object pool...
CIDict(:abc => 88, :def => 77)CIDict(abc => 88, def => 77)Read data_pandas/test1.sas7bdat with size 10 x 100 in 0.69012 seconds
Read data_pandas/test10.sas7bdat with size 10 x 100 in 0.0005 seconds
Read data_pandas/test11.sas7bdat with size 10 x 100 in 0.00041 seconds
Read data_pandas/test12.sas7bdat with size 10 x 100 in 0.00048 seconds
Read data_pandas/test13.sas7bdat with size 10 x 100 in 0.00053 seconds
Read data_pandas/test14.sas7bdat with size 10 x 100 in 0.00049 seconds
Read data_pandas/test15.sas7bdat with size 10 x 100 in 0.00048 seconds
Read data_pandas/test16.sas7bdat with size 10 x 100 in 0.26696 seconds
Read data_pandas/test2.sas7bdat with size 10 x 100 in 0.00043 seconds
Read data_pandas/test3.sas7bdat with size 10 x 100 in 0.0004 seconds
Read data_pandas/test4.sas7bdat with size 10 x 100 in 0.00046 seconds
Read data_pandas/test5.sas7bdat with size 10 x 100 in 0.00034 seconds
Read data_pandas/test6.sas7bdat with size 10 x 100 in 0.00036 seconds
Read data_pandas/test7.sas7bdat with size 10 x 100 in 0.00047 seconds
Read data_pandas/test8.sas7bdat with size 10 x 100 in 0.00037 seconds
Read data_pandas/test9.sas7bdat with size 10 x 100 in 0.0004 seconds
Read data_pandas/test1.sas7bdat with size 3 x 100 in 0.00038 seconds
Read data_pandas/test1.sas7bdat with size 4 x 100 in 0.00051 seconds
Read data_pandas/test1.sas7bdat with size 3 x 100 in 0.0004 seconds
Read data_pandas/test1.sas7bdat with size 10 x 100 in 0.00061 seconds
Read data_pandas/datetime.sas7bdat with size 5 x 4 in 0.19079 seconds
Read data_pandas/productsales.sas7bdat with size 1440 x 2 in 0.21856 seconds
Read data_pandas/productsales.sas7bdat with size 1440 x 3 in 0.26155 seconds
Read data_pandas/productsales.sas7bdat with size 1440 x 9 in 0.00325 seconds
Read data_pandas/productsales.sas7bdat with size 1440 x 1 in 0.05255 seconds
Read data_pandas/productsales.sas7bdat with size 1440 x 2 in 0.00081 seconds
Read data_pandas/productsales.sas7bdat with size 1440 x 9 in 0.00266 seconds
Read data_pandas/productsales.sas7bdat with size 1440 x 1 in 0.09148 seconds
Read data_pandas/productsales.sas7bdat with size 1440 x 9 in 0.00274 seconds
Read data_pandas/productsales.sas7bdat with size 1440 x 10 in 0.00325 seconds
SASLib.ResultSet (1440 rows x 10 columns)
Columns 1:ACTUAL, 2:PREDICT, 3:COUNTRY, 4:REGION, 5:DIVISION, 6:PRODTYPE, 7:PRODUCT, 8:QUARTER, 9:YEAR, 10:MONTH
1: 200.0, 850.0, CANADA, EAST, EDUCATION, FURNITURE, SOFA, 1.0, 1993.0, 1993-01-01
2: 999.0, 297.0, CANADA, EAST, EDUCATION, FURNITURE, SOFA, 1.0, 1993.0, 1993-02-01
3: 608.0, 846.0, CANADA, EAST, EDUCATION, FURNITURE, SOFA, 1.0, 1993.0, 1993-03-01
4: 642.0, 533.0, CANADA, EAST, EDUCATION, FURNITURE, SOFA, 2.0, 1993.0, 1993-04-01
5: 656.0, 646.0, CANADA, EAST, EDUCATION, FURNITURE, SOFA, 2.0, 1993.0, 1993-05-01
⋮
File: data_pandas/productsales.sas7bdat (1440 x 10)
1:ACTUAL(Float64)       5:DIVISION(String)      9:YEAR(Float64)         
2:PREDICT(Float64)      6:PRODTYPE(String)      10:MONTH(Missing/Date)  
3:COUNTRY(String)       7:PRODUCT(String)                               
4:REGION(String)        8:QUARTER(Float64)                              
Read data_misc/types.sas7bdat with size 3 x 6 in 0.00015 seconds
Read data_AHS2013/topical.sas7bdat with size 1000 x 114 in 0.32796 seconds
SASLib.Handler[data_AHS2013/topical.sas7bdat]Read data_reikoch/extr.sas7bdat with size 56 x 1 in 0.17446 seconds
┌ Warning: Encoding has been overridden from WINDOWS-1252 to US-ASCII
└ @ SASLib ~/.julia/packages/SASLib/Hlrhx/src/SASLib.jl:285
Read data_pandas/test1.sas7bdat with size 10 x 100 in 0.00066 seconds
Read data_AHS2013/homimp.sas7bdat with size 46641 x 6 in 0.28235 seconds
Read data_AHS2013/homimp.sas7bdat with size 46641 x 6 in 0.414 seconds
Read data_AHS2013/homimp.sas7bdat with size 46641 x 6 in 0.16297 seconds
Read data_misc/numeric_1000000_2.sas7bdat with size 1000000 x 2 in 3.82446 seconds
Read data_misc/numeric_1000000_2.sas7bdat with size 1000000 x 2 in 0.47713 seconds
┌ Warning: Unable to convert column to type Int8, error=InexactError(:Int8, Int8, 1993.0)
└ @ SASLib ~/.julia/packages/SASLib/Hlrhx/src/SASLib.jl:1043
creating string buffer/decoder for with WINDOWS-1252
Read data in 0.000128454 msec
Converted data in 0.000193969 msec
Read data_pandas/test1.sas7bdat with size 10 x 100 in 0.03156 seconds
┌ Warning: Unknown file encoding value (0), defaulting to UTF-8
└ @ SASLib ~/.julia/packages/SASLib/Hlrhx/src/SASLib.jl:278
Read data_pandas/airline.sas7bdat with size 32 x 6 in 7.0e-5 seconds
Read data_pandas/datetime.sas7bdat with size 5 x 4 in 0.00011 seconds
Read data_pandas/productsales.sas7bdat with size 1440 x 10 in 0.00246 seconds
Read data_pandas/test1.sas7bdat with size 10 x 100 in 0.00053 seconds
Read data_pandas/test10.sas7bdat with size 10 x 100 in 0.0005 seconds
Read data_pandas/test11.sas7bdat with size 10 x 100 in 0.00046 seconds
Read data_pandas/test12.sas7bdat with size 10 x 100 in 0.00041 seconds
Read data_pandas/test13.sas7bdat with size 10 x 100 in 0.00051 seconds
Read data_pandas/test14.sas7bdat with size 10 x 100 in 0.00041 seconds
Read data_pandas/test15.sas7bdat with size 10 x 100 in 0.01364 seconds
Read data_pandas/test16.sas7bdat with size 10 x 100 in 0.00169 seconds
Read data_pandas/test2.sas7bdat with size 10 x 100 in 0.00037 seconds
Read data_pandas/test3.sas7bdat with size 10 x 100 in 0.00038 seconds
Read data_pandas/test4.sas7bdat with size 10 x 100 in 0.00049 seconds
Read data_pandas/test5.sas7bdat with size 10 x 100 in 0.00037 seconds
Read data_pandas/test6.sas7bdat with size 10 x 100 in 0.00112 seconds
Read data_pandas/test7.sas7bdat with size 10 x 100 in 0.00052 seconds
Read data_pandas/test8.sas7bdat with size 10 x 100 in 0.0004 seconds
Read data_pandas/test9.sas7bdat with size 10 x 100 in 0.00036 seconds
Read data_reikoch/barrows.sas7bdat with size 1000 x 72 in 0.01124 seconds
Read data_reikoch/binary.sas7bdat with size 100 x 11 in 0.00018 seconds
Read data_reikoch/extr.sas7bdat with size 56 x 1 in 0.00061 seconds
Read data_reikoch/ietest2.sas7bdat with size 1 x 1 in 2.0e-5 seconds
Read data_AHS2013/homimp.sas7bdat with size 46641 x 6 in 0.07746 seconds
Read data_AHS2013/omov.sas7bdat with size 2351 x 8 in 0.008 seconds
Read data_AHS2013/owner.sas7bdat with size 27570 x 3 in 0.16493 seconds
Read data_AHS2013/ratiov.sas7bdat with size 3970 x 9 in 0.01233 seconds
Read data_AHS2013/rmov.sas7bdat with size 17678 x 23 in 0.2241 seconds
Read data_AHS2013/topical.sas7bdat with size 84355 x 114 in 3.98628 seconds
Read data_misc/numeric_1000000_2.sas7bdat with size 1000000 x 2 in 0.4092 seconds
Read data_misc/types.sas7bdat with size 3 x 6 in 0.00012 seconds
Test Summary: | Pass  Total
SASLib        |  207    207
   Testing SASLib tests passed 
