 Resolving package versions...
 Installed Reexport ─────────── v0.2.0
 Installed Missings ─────────── v0.4.3
 Installed Parsers ──────────── v0.3.10
 Installed OrderedCollections ─ v1.1.0
 Installed StaticArrays ─────── v0.12.1
 Installed JSON ─────────────── v0.21.0
 Installed CategoricalArrays ── v0.7.3
 Installed SortingLab ───────── v0.2.0
 Installed DataAPI ──────────── v1.1.0
 Installed InternedStrings ──── v0.7.0
 Installed SortingAlgorithms ── v0.3.1
 Installed Parameters ───────── v0.12.0
 Installed Compat ───────────── v3.0.0
 Installed StrFs ────────────── v0.3.0
 Installed DataStructures ───── v0.17.6
 Installed StatsBase ────────── v0.32.0
  Updating `~/.julia/environments/v1.0/Project.toml`
  [562c1548] + SortingLab v0.2.0
  Updating `~/.julia/environments/v1.0/Manifest.toml`
  [324d7699] + CategoricalArrays v0.7.3
  [34da2185] + Compat v3.0.0
  [9a962f9c] + DataAPI v1.1.0
  [864edb3b] + DataStructures v0.17.6
  [7d512f48] + InternedStrings v0.7.0
  [682c06a0] + JSON v0.21.0
  [e1d29d7a] + Missings v0.4.3
  [bac558e1] + OrderedCollections v1.1.0
  [d96e819e] + Parameters v0.12.0
  [69de0a69] + Parsers v0.3.10
  [189a3867] + Reexport v0.2.0
  [a2af1166] + SortingAlgorithms v0.3.1
  [562c1548] + SortingLab v0.2.0
  [90137ffa] + StaticArrays v0.12.1
  [2913bbd2] + StatsBase v0.32.0
  [299745a8] + StrFs v0.3.0
  [2a0f44e3] + Base64 
  [ade2ca70] + Dates 
  [8bb1440f] + DelimitedFiles 
  [8ba89e20] + Distributed 
  [9fa8497b] + Future 
  [b77e0a4c] + InteractiveUtils 
  [76f85450] + LibGit2 
  [8f399da3] + Libdl 
  [37e2e46d] + LinearAlgebra 
  [56ddb016] + Logging 
  [d6f4376e] + Markdown 
  [a63ad114] + Mmap 
  [44cfe95a] + Pkg 
  [de0858da] + Printf 
  [3fa0cd96] + REPL 
  [9a3f8284] + Random 
  [ea8e919c] + SHA 
  [9e88b42a] + Serialization 
  [1a1011a3] + SharedArrays 
  [6462fe0b] + Sockets 
  [2f01184e] + SparseArrays 
  [10745b16] + Statistics 
  [8dfed614] + Test 
  [cf7118a7] + UUIDs 
  [4ec0a83e] + Unicode 
   Testing SortingLab
 Resolving package versions...
 Installed PooledArrays ──────────────── v0.5.2
 Installed DataValueInterfaces ───────── v1.0.0
 Installed TableTraits ───────────────── v1.0.0
 Installed IteratorInterfaceExtensions ─ v1.0.0
 Installed Tables ────────────────────── v0.2.11
 Installed DataFrames ────────────────── v0.18.4
    Status `/tmp/tmpc5HXnD/Manifest.toml`
  [324d7699] CategoricalArrays v0.7.3
  [34da2185] Compat v3.0.0
  [9a962f9c] DataAPI v1.1.0
  [a93c6f00] DataFrames v0.18.4
  [864edb3b] DataStructures v0.17.6
  [e2d170a0] DataValueInterfaces v1.0.0
  [7d512f48] InternedStrings v0.7.0
  [82899510] IteratorInterfaceExtensions v1.0.0
  [682c06a0] JSON v0.21.0
  [e1d29d7a] Missings v0.4.3
  [bac558e1] OrderedCollections v1.1.0
  [d96e819e] Parameters v0.12.0
  [69de0a69] Parsers v0.3.10
  [2dfb63ee] PooledArrays v0.5.2
  [189a3867] Reexport v0.2.0
  [a2af1166] SortingAlgorithms v0.3.1
  [562c1548] SortingLab v0.2.0
  [90137ffa] StaticArrays v0.12.1
  [2913bbd2] StatsBase v0.32.0
  [299745a8] StrFs v0.3.0
  [3783bdb8] TableTraits v1.0.0
  [bd369af6] Tables v0.2.11
  [2a0f44e3] Base64  [`@stdlib/Base64`]
  [ade2ca70] Dates  [`@stdlib/Dates`]
  [8bb1440f] DelimitedFiles  [`@stdlib/DelimitedFiles`]
  [8ba89e20] Distributed  [`@stdlib/Distributed`]
  [9fa8497b] Future  [`@stdlib/Future`]
  [b77e0a4c] InteractiveUtils  [`@stdlib/InteractiveUtils`]
  [76f85450] LibGit2  [`@stdlib/LibGit2`]
  [8f399da3] Libdl  [`@stdlib/Libdl`]
  [37e2e46d] LinearAlgebra  [`@stdlib/LinearAlgebra`]
  [56ddb016] Logging  [`@stdlib/Logging`]
  [d6f4376e] Markdown  [`@stdlib/Markdown`]
  [a63ad114] Mmap  [`@stdlib/Mmap`]
  [44cfe95a] Pkg  [`@stdlib/Pkg`]
  [de0858da] Printf  [`@stdlib/Printf`]
  [3fa0cd96] REPL  [`@stdlib/REPL`]
  [9a3f8284] Random  [`@stdlib/Random`]
  [ea8e919c] SHA  [`@stdlib/SHA`]
  [9e88b42a] Serialization  [`@stdlib/Serialization`]
  [1a1011a3] SharedArrays  [`@stdlib/SharedArrays`]
  [6462fe0b] Sockets  [`@stdlib/Sockets`]
  [2f01184e] SparseArrays  [`@stdlib/SparseArrays`]
  [10745b16] Statistics  [`@stdlib/Statistics`]
  [8dfed614] Test  [`@stdlib/Test`]
  [cf7118a7] UUIDs  [`@stdlib/UUIDs`]
  [4ec0a83e] Unicode  [`@stdlib/Unicode`]
WARNING: Compat.Statistics is deprecated, use Statistics instead.
  likely near /root/.julia/packages/CategoricalArrays/U3LvJ/src/extras.jl:1
  1.655329 seconds (1.72 M allocations: 90.191 MiB, 6.92% gc time)
  0.051758 seconds (29 allocations: 8.254 MiB)
  0.162928 seconds (86 allocations: 28.326 MiB, 4.68% gc time)
  0.438862 seconds (83.13 k allocations: 31.913 MiB, 2.23% gc time)
  0.111465 seconds (7 allocations: 800.781 KiB)
  0.068991 seconds (614 allocations: 6.727 MiB, 13.34% gc time)
  0.104156 seconds (46 allocations: 13.381 MiB, 6.28% gc time)
  0.151545 seconds (65 allocations: 20.072 MiB, 4.03% gc time)
  0.165843 seconds (84 allocations: 26.763 MiB, 3.62% gc time)
  0.965389 seconds (270.48 k allocations: 92.883 MiB, 4.42% gc time)
  7.816845 seconds (20.66 M allocations: 1.374 GiB, 29.27% gc time)
  8.188904 seconds (471.77 k allocations: 329.860 MiB, 5.63% gc time)
  7.858805 seconds (309.48 k allocations: 321.295 MiB, 0.99% gc time)
  6.906802 seconds (5.76 k allocations: 305.912 MiB, 8.30% gc time)
   Testing SortingLab tests passed 
