 Resolving package versions...
 Installed Missings ─────────────── v0.4.3
 Installed DataAPI ──────────────── v1.1.0
 Installed CatIndices ───────────── v0.2.0
 Installed AbstractFFTs ─────────── v0.5.0
 Installed InverseLaplace ───────── v0.2.2
 Installed ComputationalResources ─ v0.3.0
 Installed Colors ───────────────── v0.9.6
 Installed URIParser ────────────── v0.4.0
 Installed Conda ────────────────── v1.3.0
 Installed BinaryProvider ───────── v0.5.8
 Installed JLD2 ─────────────────── v0.1.8
 Installed Polynomials ──────────── v0.6.0
 Installed Requires ─────────────── v0.5.2
 Installed StatsBase ────────────── v0.32.0
 Installed Reexport ─────────────── v0.2.0
 Installed Compat ───────────────── v2.2.0
 Installed FunctionWrappers ─────── v1.0.0
 Installed OffsetArrays ─────────── v0.11.1
 Installed MappedArrays ─────────── v0.2.2
 Installed MathProgBase ─────────── v0.7.7
 Installed OrderedCollections ───── v1.1.0
 Installed ColorVectorSpace ─────── v0.7.1
 Installed RecipesBase ──────────── v0.7.0
 Installed FixedPointNumbers ────── v0.6.1
 Installed Parsers ──────────────── v0.3.10
 Installed Graphics ─────────────── v0.4.0
 Installed DataStructures ───────── v0.17.6
 Installed CodecZlib ────────────── v0.6.0
 Installed ImageFiltering ───────── v0.6.5
 Installed JSON ─────────────────── v0.21.0
 Installed DSP ──────────────────── v0.6.0
 Installed TranscodingStreams ───── v0.9.5
 Installed NLopt ────────────────── v0.5.1
 Installed NaNMath ──────────────── v0.3.3
 Installed StaticArrays ─────────── v0.12.1
 Installed CustomUnitRanges ─────── v0.2.0
 Installed PaddedViews ──────────── v0.4.2
 Installed TiledIteration ───────── v0.2.3
 Installed FFTW ─────────────────── v0.3.0
 Installed RHEOS ────────────────── v0.9.2
 Installed Parameters ───────────── v0.12.0
 Installed QuadGK ───────────────── v2.1.1
 Installed SortingAlgorithms ────── v0.3.1
 Installed ImageCore ────────────── v0.8.5
 Installed CMake ────────────────── v1.1.2
 Installed CMakeWrapper ─────────── v0.2.3
 Installed VersionParsing ───────── v1.1.3
 Installed FFTViews ─────────────── v0.3.0
 Installed BinDeps ──────────────── v0.8.10
 Installed ColorTypes ───────────── v0.8.0
 Installed SpecialFunctions ─────── v0.8.0
 Installed FileIO ───────────────── v1.0.7
  Updating `~/.julia/environments/v1.2/Project.toml`
  [728860ae] + RHEOS v0.9.2
  Updating `~/.julia/environments/v1.2/Manifest.toml`
  [621f4979] + AbstractFFTs v0.5.0
  [9e28174c] + BinDeps v0.8.10
  [b99e7846] + BinaryProvider v0.5.8
  [631607c0] + CMake v1.1.2
  [d5fb7624] + CMakeWrapper v0.2.3
  [aafaddc9] + CatIndices v0.2.0
  [944b1d66] + CodecZlib v0.6.0
  [3da002f7] + ColorTypes v0.8.0
  [c3611d14] + ColorVectorSpace v0.7.1
  [5ae59095] + Colors v0.9.6
  [34da2185] + Compat v2.2.0
  [ed09eef8] + ComputationalResources v0.3.0
  [8f4d0f93] + Conda v1.3.0
  [dc8bdbbb] + CustomUnitRanges v0.2.0
  [717857b8] + DSP v0.6.0
  [9a962f9c] + DataAPI v1.1.0
  [864edb3b] + DataStructures v0.17.6
  [4f61f5a4] + FFTViews v0.3.0
  [7a1cc6ca] + FFTW v0.3.0
  [5789e2e9] + FileIO v1.0.7
  [53c48c17] + FixedPointNumbers v0.6.1
  [069b7b12] + FunctionWrappers v1.0.0
  [a2bd30eb] + Graphics v0.4.0
  [a09fc81d] + ImageCore v0.8.5
  [6a3955dd] + ImageFiltering v0.6.5
  [e24f45a5] + InverseLaplace v0.2.2
  [033835bb] + JLD2 v0.1.8
  [682c06a0] + JSON v0.21.0
  [dbb5928d] + MappedArrays v0.2.2
  [fdba3010] + MathProgBase v0.7.7
  [e1d29d7a] + Missings v0.4.3
  [76087f3c] + NLopt v0.5.1
  [77ba4419] + NaNMath v0.3.3
  [6fe1bfb0] + OffsetArrays v0.11.1
  [bac558e1] + OrderedCollections v1.1.0
  [5432bcbf] + PaddedViews v0.4.2
  [d96e819e] + Parameters v0.12.0
  [69de0a69] + Parsers v0.3.10
  [f27b6e38] + Polynomials v0.6.0
  [1fd47b50] + QuadGK v2.1.1
  [728860ae] + RHEOS v0.9.2
  [3cdcf5f2] + RecipesBase v0.7.0
  [189a3867] + Reexport v0.2.0
  [ae029012] + Requires v0.5.2
  [a2af1166] + SortingAlgorithms v0.3.1
  [276daf66] + SpecialFunctions v0.8.0
  [90137ffa] + StaticArrays v0.12.1
  [2913bbd2] + StatsBase v0.32.0
  [06e1c1a7] + TiledIteration v0.2.3
  [3bb67fe8] + TranscodingStreams v0.9.5
  [30578b45] + URIParser v0.4.0
  [81def892] + VersionParsing v1.1.3
  [2a0f44e3] + Base64 
  [ade2ca70] + Dates 
  [8bb1440f] + DelimitedFiles 
  [8ba89e20] + Distributed 
  [b77e0a4c] + InteractiveUtils 
  [76f85450] + LibGit2 
  [8f399da3] + Libdl 
  [37e2e46d] + LinearAlgebra 
  [56ddb016] + Logging 
  [d6f4376e] + Markdown 
  [a63ad114] + Mmap 
  [44cfe95a] + Pkg 
  [de0858da] + Printf 
  [3fa0cd96] + REPL 
  [9a3f8284] + Random 
  [ea8e919c] + SHA 
  [9e88b42a] + Serialization 
  [1a1011a3] + SharedArrays 
  [6462fe0b] + Sockets 
  [2f01184e] + SparseArrays 
  [10745b16] + Statistics 
  [8dfed614] + Test 
  [cf7118a7] + UUIDs 
  [4ec0a83e] + Unicode 
  Building Conda ───────────→ `~/.julia/packages/Conda/kLXeC/deps/build.log`
  Building CodecZlib ───────→ `~/.julia/packages/CodecZlib/5t9zO/deps/build.log`
  Building CMake ───────────→ `~/.julia/packages/CMake/nSK2r/deps/build.log`
  Building NLopt ───────────→ `~/.julia/packages/NLopt/eqN9a/deps/build.log`
  Building FFTW ────────────→ `~/.julia/packages/FFTW/2okGQ/deps/build.log`
  Building SpecialFunctions → `~/.julia/packages/SpecialFunctions/ne2iw/deps/build.log`
   Testing RHEOS
    Status `/tmp/jl_DfH2AM/Manifest.toml`
  [621f4979] AbstractFFTs v0.5.0
  [9e28174c] BinDeps v0.8.10
  [b99e7846] BinaryProvider v0.5.8
  [631607c0] CMake v1.1.2
  [d5fb7624] CMakeWrapper v0.2.3
  [aafaddc9] CatIndices v0.2.0
  [944b1d66] CodecZlib v0.6.0
  [3da002f7] ColorTypes v0.8.0
  [c3611d14] ColorVectorSpace v0.7.1
  [5ae59095] Colors v0.9.6
  [34da2185] Compat v2.2.0
  [ed09eef8] ComputationalResources v0.3.0
  [8f4d0f93] Conda v1.3.0
  [dc8bdbbb] CustomUnitRanges v0.2.0
  [717857b8] DSP v0.6.0
  [9a962f9c] DataAPI v1.1.0
  [864edb3b] DataStructures v0.17.6
  [4f61f5a4] FFTViews v0.3.0
  [7a1cc6ca] FFTW v0.3.0
  [5789e2e9] FileIO v1.0.7
  [53c48c17] FixedPointNumbers v0.6.1
  [069b7b12] FunctionWrappers v1.0.0
  [a2bd30eb] Graphics v0.4.0
  [a09fc81d] ImageCore v0.8.5
  [6a3955dd] ImageFiltering v0.6.5
  [e24f45a5] InverseLaplace v0.2.2
  [033835bb] JLD2 v0.1.8
  [682c06a0] JSON v0.21.0
  [dbb5928d] MappedArrays v0.2.2
  [fdba3010] MathProgBase v0.7.7
  [e1d29d7a] Missings v0.4.3
  [76087f3c] NLopt v0.5.1
  [77ba4419] NaNMath v0.3.3
  [6fe1bfb0] OffsetArrays v0.11.1
  [bac558e1] OrderedCollections v1.1.0
  [5432bcbf] PaddedViews v0.4.2
  [d96e819e] Parameters v0.12.0
  [69de0a69] Parsers v0.3.10
  [f27b6e38] Polynomials v0.6.0
  [1fd47b50] QuadGK v2.1.1
  [728860ae] RHEOS v0.9.2
  [3cdcf5f2] RecipesBase v0.7.0
  [189a3867] Reexport v0.2.0
  [ae029012] Requires v0.5.2
  [a2af1166] SortingAlgorithms v0.3.1
  [276daf66] SpecialFunctions v0.8.0
  [90137ffa] StaticArrays v0.12.1
  [2913bbd2] StatsBase v0.32.0
  [06e1c1a7] TiledIteration v0.2.3
  [3bb67fe8] TranscodingStreams v0.9.5
  [30578b45] URIParser v0.4.0
  [81def892] VersionParsing v1.1.3
  [2a0f44e3] Base64  [`@stdlib/Base64`]
  [ade2ca70] Dates  [`@stdlib/Dates`]
  [8bb1440f] DelimitedFiles  [`@stdlib/DelimitedFiles`]
  [8ba89e20] Distributed  [`@stdlib/Distributed`]
  [b77e0a4c] InteractiveUtils  [`@stdlib/InteractiveUtils`]
  [76f85450] LibGit2  [`@stdlib/LibGit2`]
  [8f399da3] Libdl  [`@stdlib/Libdl`]
  [37e2e46d] LinearAlgebra  [`@stdlib/LinearAlgebra`]
  [56ddb016] Logging  [`@stdlib/Logging`]
  [d6f4376e] Markdown  [`@stdlib/Markdown`]
  [a63ad114] Mmap  [`@stdlib/Mmap`]
  [44cfe95a] Pkg  [`@stdlib/Pkg`]
  [de0858da] Printf  [`@stdlib/Printf`]
  [3fa0cd96] REPL  [`@stdlib/REPL`]
  [9a3f8284] Random  [`@stdlib/Random`]
  [ea8e919c] SHA  [`@stdlib/SHA`]
  [9e88b42a] Serialization  [`@stdlib/Serialization`]
  [1a1011a3] SharedArrays  [`@stdlib/SharedArrays`]
  [6462fe0b] Sockets  [`@stdlib/Sockets`]
  [2f01184e] SparseArrays  [`@stdlib/SparseArrays`]
  [10745b16] Statistics  [`@stdlib/Statistics`]
  [8dfed614] Test  [`@stdlib/Test`]
  [cf7118a7] UUIDs  [`@stdlib/UUIDs`]
  [4ec0a83e] Unicode  [`@stdlib/Unicode`]
WARNING: both FFTW and Util export "Frequencies"; uses of it in module Periodograms must be qualified
ERROR: LoadError: LoadError: UndefVarError: Frequencies not defined
Stacktrace:
 [1] top-level scope at /root/.julia/packages/DSP/wwKNu/src/periodograms.jl:186
 [2] include at ./boot.jl:328 [inlined]
 [3] include_relative(::Module, ::String) at ./loading.jl:1094
 [4] include at ./Base.jl:31 [inlined]
 [5] include(::String) at /root/.julia/packages/DSP/wwKNu/src/DSP.jl:1
 [6] top-level scope at /root/.julia/packages/DSP/wwKNu/src/DSP.jl:13
 [7] include at ./boot.jl:328 [inlined]
 [8] include_relative(::Module, ::String) at ./loading.jl:1094
 [9] include(::Module, ::String) at ./Base.jl:31
 [10] top-level scope at none:2
 [11] eval at ./boot.jl:330 [inlined]
 [12] eval(::Expr) at ./client.jl:432
 [13] top-level scope at ./none:3
in expression starting at /root/.julia/packages/DSP/wwKNu/src/periodograms.jl:186
in expression starting at /root/.julia/packages/DSP/wwKNu/src/DSP.jl:13
ERROR: LoadError: Failed to precompile DSP [717857b8-e6f2-59f4-9121-6e50c889abd2] to /root/.julia/compiled/v1.2/DSP/OtML7.ji.
Stacktrace:
 [1] error(::String) at ./error.jl:33
 [2] compilecache(::Base.PkgId, ::String) at ./loading.jl:1253
 [3] _require(::Base.PkgId) at ./loading.jl:1013
 [4] require(::Base.PkgId) at ./loading.jl:911
 [5] require(::Module, ::Symbol) at ./loading.jl:906
 [6] include at ./boot.jl:328 [inlined]
 [7] include_relative(::Module, ::String) at ./loading.jl:1094
 [8] include(::Module, ::String) at ./Base.jl:31
 [9] top-level scope at none:2
 [10] eval at ./boot.jl:330 [inlined]
 [11] eval(::Expr) at ./client.jl:432
 [12] top-level scope at ./none:3
in expression starting at /root/.julia/packages/RHEOS/mcjIN/src/RHEOS.jl:12
ERROR: LoadError: Failed to precompile RHEOS [728860ae-c896-11e8-0b91-0f38ecad5046] to /root/.julia/compiled/v1.2/RHEOS/8Ut5K.ji.
Stacktrace:
 [1] error(::String) at ./error.jl:33
 [2] compilecache(::Base.PkgId, ::String) at ./loading.jl:1253
 [3] _require(::Base.PkgId) at ./loading.jl:1013
 [4] require(::Base.PkgId) at ./loading.jl:911
 [5] require(::Module, ::Symbol) at ./loading.jl:906
 [6] include at ./boot.jl:328 [inlined]
 [7] include_relative(::Module, ::String) at ./loading.jl:1094
 [8] include(::Module, ::String) at ./Base.jl:31
 [9] include(::String) at ./client.jl:431
 [10] top-level scope at none:5
in expression starting at /root/.julia/packages/RHEOS/mcjIN/test/runtests.jl:1
ERROR: Package RHEOS errored during testing
Stacktrace:
 [1] pkgerror(::String, ::Vararg{String,N} where N) at /buildworker/worker/package_linux64/build/usr/share/julia/stdlib/v1.2/Pkg/src/Types.jl:112
 [2] #test#119(::Bool, ::Nothing, ::typeof(Pkg.Operations.test), ::Pkg.Types.Context, ::Array{Pkg.Types.PackageSpec,1}) at /buildworker/worker/package_linux64/build/usr/share/julia/stdlib/v1.2/Pkg/src/Operations.jl:1288
 [3] #test at ./none:0 [inlined]
 [4] #test#62(::Bool, ::Nothing, ::Base.Iterators.Pairs{Union{},Union{},Tuple{},NamedTuple{(),Tuple{}}}, ::typeof(Pkg.API.test), ::Pkg.Types.Context, ::Array{Pkg.Types.PackageSpec,1}) at /buildworker/worker/package_linux64/build/usr/share/julia/stdlib/v1.2/Pkg/src/API.jl:245
 [5] test at /buildworker/worker/package_linux64/build/usr/share/julia/stdlib/v1.2/Pkg/src/API.jl:233 [inlined]
 [6] #test#61 at /buildworker/worker/package_linux64/build/usr/share/julia/stdlib/v1.2/Pkg/src/API.jl:230 [inlined]
 [7] test at /buildworker/worker/package_linux64/build/usr/share/julia/stdlib/v1.2/Pkg/src/API.jl:230 [inlined]
 [8] #test#60 at /buildworker/worker/package_linux64/build/usr/share/julia/stdlib/v1.2/Pkg/src/API.jl:229 [inlined]
 [9] test at /buildworker/worker/package_linux64/build/usr/share/julia/stdlib/v1.2/Pkg/src/API.jl:229 [inlined]
 [10] #test#59(::Base.Iterators.Pairs{Union{},Union{},Tuple{},NamedTuple{(),Tuple{}}}, ::typeof(Pkg.API.test), ::String) at /buildworker/worker/package_linux64/build/usr/share/julia/stdlib/v1.2/Pkg/src/API.jl:228
 [11] test(::String) at /buildworker/worker/package_linux64/build/usr/share/julia/stdlib/v1.2/Pkg/src/API.jl:228
 [12] top-level scope at none:10
