 Resolving package versions...
 Installed ChartParsers ─────── v0.0.1
 Installed OrderedCollections ─ v1.1.0
 Installed DataStructures ───── v0.17.6
  Updating `~/.julia/environments/v1.2/Project.toml`
  [de988000] + ChartParsers v0.0.1
  Updating `~/.julia/environments/v1.2/Manifest.toml`
  [de988000] + ChartParsers v0.0.1
  [864edb3b] + DataStructures v0.17.6
  [bac558e1] + OrderedCollections v1.1.0
  [2a0f44e3] + Base64 
  [8ba89e20] + Distributed 
  [b77e0a4c] + InteractiveUtils 
  [56ddb016] + Logging 
  [d6f4376e] + Markdown 
  [9a3f8284] + Random 
  [9e88b42a] + Serialization 
  [6462fe0b] + Sockets 
  [8dfed614] + Test 
   Testing ChartParsers
 Resolving package versions...
    Status `/tmp/jl_oJSFwr/Manifest.toml`
  [de988000] ChartParsers v0.0.1
  [864edb3b] DataStructures v0.17.6
  [bac558e1] OrderedCollections v1.1.0
  [2a0f44e3] Base64  [`@stdlib/Base64`]
  [8ba89e20] Distributed  [`@stdlib/Distributed`]
  [b77e0a4c] InteractiveUtils  [`@stdlib/InteractiveUtils`]
  [56ddb016] Logging  [`@stdlib/Logging`]
  [d6f4376e] Markdown  [`@stdlib/Markdown`]
  [9a3f8284] Random  [`@stdlib/Random`]
  [9e88b42a] Serialization  [`@stdlib/Serialization`]
  [6462fe0b] Sockets  [`@stdlib/Sockets`]
  [8dfed614] Test  [`@stdlib/Test`]
Test Summary:          | Pass  Total
arc in chart detection |   12     12
Test Summary:                | Pass  Total
Example from nlp-with-prolog |   12     12
Test Summary:  | Pass  Total
longer example |    6      6
Test Summary: | Pass  Total
typed rules   |    2      2
Test Summary:                 | Pass  Total
Weighted terminal productions |    2      2
   Testing ChartParsers tests passed 
