 Resolving package versions...
 Installed Requires ───────── v0.5.2
 Installed LRUCache ───────── v1.0.3
 Installed WignerSymbols ──── v1.0.0
 Installed TupleTools ─────── v1.2.0
 Installed HalfIntegers ───── v0.1.3
 Installed Primes ─────────── v0.4.0
 Installed TensorOperations ─ v2.0.0
 Installed TensorKit ──────── v0.1.0
 Installed Strided ────────── v0.3.3
  Updating `~/.julia/environments/v1.2/Project.toml`
  [07d1fe3e] + TensorKit v0.1.0
  Updating `~/.julia/environments/v1.2/Manifest.toml`
  [f0d1745a] + HalfIntegers v0.1.3
  [8ac3fa9e] + LRUCache v1.0.3
  [27ebfcd6] + Primes v0.4.0
  [ae029012] + Requires v0.5.2
  [5e0ebb24] + Strided v0.3.3
  [07d1fe3e] + TensorKit v0.1.0
  [6aa20fa7] + TensorOperations v2.0.0
  [9d95972d] + TupleTools v1.2.0
  [9f57e263] + WignerSymbols v1.0.0
  [2a0f44e3] + Base64 
  [8ba89e20] + Distributed 
  [b77e0a4c] + InteractiveUtils 
  [8f399da3] + Libdl 
  [37e2e46d] + LinearAlgebra 
  [56ddb016] + Logging 
  [d6f4376e] + Markdown 
  [9a3f8284] + Random 
  [9e88b42a] + Serialization 
  [6462fe0b] + Sockets 
  [8dfed614] + Test 
   Testing TensorKit
 Resolving package versions...
 Installed RecipesBase ─── v0.7.0
 Installed Combinatorics ─ v0.7.0
 Installed Polynomials ─── v0.6.0
    Status `/tmp/jl_5yYaDa/Manifest.toml`
  [861a8166] Combinatorics v0.7.0
  [f0d1745a] HalfIntegers v0.1.3
  [8ac3fa9e] LRUCache v1.0.3
  [f27b6e38] Polynomials v0.6.0
  [27ebfcd6] Primes v0.4.0
  [3cdcf5f2] RecipesBase v0.7.0
  [ae029012] Requires v0.5.2
  [5e0ebb24] Strided v0.3.3
  [07d1fe3e] TensorKit v0.1.0
  [6aa20fa7] TensorOperations v2.0.0
  [9d95972d] TupleTools v1.2.0
  [9f57e263] WignerSymbols v1.0.0
  [2a0f44e3] Base64  [`@stdlib/Base64`]
  [8ba89e20] Distributed  [`@stdlib/Distributed`]
  [b77e0a4c] InteractiveUtils  [`@stdlib/InteractiveUtils`]
  [8f399da3] Libdl  [`@stdlib/Libdl`]
  [37e2e46d] LinearAlgebra  [`@stdlib/LinearAlgebra`]
  [56ddb016] Logging  [`@stdlib/Logging`]
  [d6f4376e] Markdown  [`@stdlib/Markdown`]
  [9a3f8284] Random  [`@stdlib/Random`]
  [9e88b42a] Serialization  [`@stdlib/Serialization`]
  [6462fe0b] Sockets  [`@stdlib/Sockets`]
  [8dfed614] Test  [`@stdlib/Test`]
Test Summary:                          | Pass  Total
Sectors and fusion trees for sector ℤ₂ |   63     63
Test Summary:                          | Pass  Total
Sectors and fusion trees for sector ℤ₃ |  125    125
Test Summary:                          | Pass  Total
Sectors and fusion trees for sector ℤ₄ |  243    243
Test Summary:                          |  Pass  Total
Sectors and fusion trees for sector U₁ | 28259  28259
Test Summary:                           |  Pass  Total
Sectors and fusion trees for sector CU₁ | 16890  16890
Test Summary:                           | Pass  Total
Sectors and fusion trees for sector SU₂ | 2344   2344
Test Summary:                                 | Pass  Total
Sectors and fusion trees for sector (ℤ₃ × ℤ₄) |  433    433
Test Summary:                                  | Pass  Total
Sectors and fusion trees for sector (U₁ × SU₂) | 3811   3811
Test Summary:                                   | Pass  Total
Sectors and fusion trees for sector (SU₂ × SU₂) | 8562   8562
Test Summary: | Pass  Total
Fields        |  106    106
Test Summary:                   | Pass  Total
ElementarySpace: CartesianSpace |   15     15
Test Summary:                 | Pass  Total
ElementarySpace: ComplexSpace |   17     17
Test Summary:                 | Pass  Total
ElementarySpace: GeneralSpace |   12     12
Test Summary:                            | Pass  Total
ElementarySpace: RepresentationSpace{ℤ₂} |   15     15
Test Summary:                            | Pass  Total
ElementarySpace: RepresentationSpace{ℤ₃} |   15     15
Test Summary:                            | Pass  Total
ElementarySpace: RepresentationSpace{U₁} |   15     15
Test Summary:                             | Pass  Total
ElementarySpace: RepresentationSpace{CU₁} |   15     15
Test Summary:                             | Pass  Total
ElementarySpace: RepresentationSpace{SU₂} |   15     15
Test Summary:                                        | Pass  Total
ElementarySpace: RepresentationSpace{(ℤ₂ × ℤ₂ × ℤ₂)} |   15     15
Test Summary:                                    | Pass  Total
ElementarySpace: RepresentationSpace{(U₁ × SU₂)} |   15     15
Test Summary:                                     | Pass  Total
ElementarySpace: RepresentationSpace{(SU₂ × SU₂)} |   15     15
------------------------------------
Tensors with symmetry: Trivial
------------------------------------
Test Summary:           | Pass  Total
Basic tensor properties |   30     30
Test Summary:        | Pass  Total
Basic linear algebra |   44     44
Test Summary:                             | Pass  Total
Basic linear algebra: test via conversion |   16     16
Test Summary:                                   | Pass  Total
Permutations: test via inner product invariance | 1440   1440
Test Summary:                     | Pass  Total
Permutations: test via conversion |  720    720
Test Summary:                           | Pass  Total
Tensor contraction: test via conversion |    1      1
Test Summary:                                  | Pass  Total
Multiplication and inverse: test compatibility |   16     16
Test Summary:                                   | Pass  Total
Multiplication and inverse: test via conversion |   40     40
Test Summary: | Pass  Total
Factorization |  196    196
Test Summary:  | Pass  Total
Exponentiation |    4      4
Test Summary:                              | Pass  Total
Tensor product: test via norm preservation |    4      4
sizeof(At) = 13824
sizeof(At) = 27648
sizeof(At) = 27648
sizeof(At) = 55296
Test Summary:                       | Pass  Total
Tensor product: test via conversion |    4      4
Test Summary:                               | Pass  Total
Tensor product: test via tensor contraction |    4      4
------------------------------------
Tensors with symmetry: ℤ₂
------------------------------------
Test Summary:           | Pass  Total
Basic tensor properties |   30     30
Test Summary:        | Pass  Total
Basic linear algebra |   44     44
Test Summary:                             | Pass  Total
Basic linear algebra: test via conversion |   16     16
Test Summary:                                   | Pass  Total
Permutations: test via inner product invariance | 1440   1440
Test Summary:                     | Pass  Total
Permutations: test via conversion |  720    720
Test Summary:                           | Pass  Total
Tensor contraction: test via conversion |    1      1
Test Summary:                                  | Pass  Total
Multiplication and inverse: test compatibility |   16     16
Test Summary:                                   | Pass  Total
Multiplication and inverse: test via conversion |   40     40
Test Summary: | Pass  Total
Factorization |  196    196
Test Summary:  | Pass  Total
Exponentiation |    4      4
Test Summary:                              | Pass  Total
Tensor product: test via norm preservation |    4      4
sizeof(At) = 21600
sizeof(At) = 43200
sizeof(At) = 43200
sizeof(At) = 86400
Test Summary:                       | Pass  Total
Tensor product: test via conversion |    4      4
Test Summary:                               | Pass  Total
Tensor product: test via tensor contraction |    4      4
------------------------------------
Tensors with symmetry: ℤ₃
------------------------------------
Test Summary:           | Pass  Total
Basic tensor properties |   30     30
Test Summary:        | Pass  Total
Basic linear algebra |   44     44
Test Summary:                             | Pass  Total
Basic linear algebra: test via conversion |   16     16
Test Summary:                                   | Pass  Total
Permutations: test via inner product invariance | 1440   1440
Test Summary:                     | Pass  Total
Permutations: test via conversion |  720    720
Test Summary:                           | Pass  Total
Tensor contraction: test via conversion |    1      1
Test Summary:                                  | Pass  Total
Multiplication and inverse: test compatibility |   16     16
Test Summary:                                   | Pass  Total
Multiplication and inverse: test via conversion |   40     40
Test Summary: | Pass  Total
Factorization |  196    196
Test Summary:  | Pass  Total
Exponentiation |    4      4
Test Summary:                              | Pass  Total
Tensor product: test via norm preservation |    4      4
sizeof(At) = 1990656
sizeof(At) = 3981312
sizeof(At) = 3981312
sizeof(At) = 7962624
Test Summary:                       | Pass  Total
Tensor product: test via conversion |    4      4
Test Summary:                               | Pass  Total
Tensor product: test via tensor contraction |    4      4
------------------------------------
Tensors with symmetry: U₁
------------------------------------
Test Summary:           | Pass  Total
Basic tensor properties |   30     30
Test Summary:        | Pass  Total
Basic linear algebra |   44     44
Test Summary:                             | Pass  Total
Basic linear algebra: test via conversion |   16     16
Test Summary:                                   | Pass  Total
Permutations: test via inner product invariance | 1440   1440
Test Summary:                     | Pass  Total
Permutations: test via conversion |  720    720
Test Summary:                           | Pass  Total
Tensor contraction: test via conversion |    1      1
Test Summary:                                  | Pass  Total
Multiplication and inverse: test compatibility |   16     16
Test Summary:                                   | Pass  Total
Multiplication and inverse: test via conversion |   40     40
Test Summary: | Pass  Total
Factorization |  196    196
Test Summary:  | Pass  Total
Exponentiation |    4      4
Test Summary:                              | Pass  Total
Tensor product: test via norm preservation |    4      4
sizeof(At) = 1990656
sizeof(At) = 3981312
sizeof(At) = 3981312
sizeof(At) = 7962624
Test Summary:                       | Pass  Total
Tensor product: test via conversion |    4      4
Test Summary:                               | Pass  Total
Tensor product: test via tensor contraction |    4      4
------------------------------------
Tensors with symmetry: CU₁
------------------------------------
Test Summary:           | Pass  Total
Basic tensor properties |   30     30
Test Summary:        | Pass  Total
Basic linear algebra |   44     44
Test Summary:                             | Pass  Total
Basic linear algebra: test via conversion |   16     16
Test Summary:                                   | Pass  Total
Permutations: test via inner product invariance | 1440   1440
Test Summary:                     | Pass  Total
Permutations: test via conversion |  720    720
Test Summary:                           | Pass  Total
Tensor contraction: test via conversion |    1      1
Test Summary:                                  | Pass  Total
Multiplication and inverse: test compatibility |   16     16
Test Summary:                                   | Pass  Total
Multiplication and inverse: test via conversion |   40     40
Test Summary: | Pass  Total
Factorization |  196    196
Test Summary:  | Pass  Total
Exponentiation |    4      4
Test Summary:                              | Pass  Total
Tensor product: test via norm preservation |    4      4
sizeof(At) = 14521248
sizeof(At) = 29042496
sizeof(At) = 29042496
sizeof(At) = 58084992
Test Summary:                       | Pass  Total
Tensor product: test via conversion |    4      4
Test Summary:                               | Pass  Total
Tensor product: test via tensor contraction |    4      4
------------------------------------
Tensors with symmetry: SU₂
------------------------------------
Test Summary:           | Pass  Total
Basic tensor properties |   30     30
Test Summary:        | Pass  Total
Basic linear algebra |   44     44
Test Summary:                             | Pass  Total
Basic linear algebra: test via conversion |   16     16
Test Summary:                                   | Pass  Total
Permutations: test via inner product invariance | 1440   1440
Test Summary:                     | Pass  Total
Permutations: test via conversion |  720    720
Test Summary:                           | Pass  Total
Tensor contraction: test via conversion |    1      1
Test Summary:                                  | Pass  Total
Multiplication and inverse: test compatibility |   16     16
Test Summary:                                   | Pass  Total
Multiplication and inverse: test via conversion |   40     40
Test Summary: | Pass  Total
Factorization |  196    196
Test Summary:  | Pass  Total
Exponentiation |    4      4
Test Summary:                              | Pass  Total
Tensor product: test via norm preservation |    4      4
sizeof(At) = 1815156
sizeof(At) = 3630312
sizeof(At) = 3630312
sizeof(At) = 7260624
Test Summary:                       | Pass  Total
Tensor product: test via conversion |    4      4
Test Summary:                               | Pass  Total
Tensor product: test via tensor contraction |    4      4
   Testing TensorKit tests passed 
