 Resolving package versions...
 Installed SimpleTraits ─────── v0.9.1
 Installed Inflate ──────────── v0.1.1
 Installed TikzPictures ─────── v3.0.5
 Installed Compat ───────────── v2.2.0
 Installed MarkovChains ─────── v0.1.2
 Installed TikzGraphs ───────── v1.1.0
 Installed DataStructures ───── v0.17.6
 Installed LightGraphs ──────── v1.3.0
 Installed LaTeXStrings ─────── v1.0.3
 Installed OrderedCollections ─ v1.1.0
 Installed ArnoldiMethod ────── v0.0.4
 Installed StaticArrays ─────── v0.12.1
 Installed MacroTools ───────── v0.5.2
  Updating `~/.julia/environments/v1.2/Project.toml`
  [bbc22021] + MarkovChains v0.1.2
  Updating `~/.julia/environments/v1.2/Manifest.toml`
  [ec485272] + ArnoldiMethod v0.0.4
  [34da2185] + Compat v2.2.0
  [864edb3b] + DataStructures v0.17.6
  [d25df0c9] + Inflate v0.1.1
  [b964fa9f] + LaTeXStrings v1.0.3
  [093fc24a] + LightGraphs v1.3.0
  [1914dd2f] + MacroTools v0.5.2
  [bbc22021] + MarkovChains v0.1.2
  [bac558e1] + OrderedCollections v1.1.0
  [699a6c99] + SimpleTraits v0.9.1
  [90137ffa] + StaticArrays v0.12.1
  [b4f28e30] + TikzGraphs v1.1.0
  [37f6aa50] + TikzPictures v3.0.5
  [2a0f44e3] + Base64 
  [ade2ca70] + Dates 
  [8bb1440f] + DelimitedFiles 
  [8ba89e20] + Distributed 
  [b77e0a4c] + InteractiveUtils 
  [76f85450] + LibGit2 
  [8f399da3] + Libdl 
  [37e2e46d] + LinearAlgebra 
  [56ddb016] + Logging 
  [d6f4376e] + Markdown 
  [a63ad114] + Mmap 
  [44cfe95a] + Pkg 
  [de0858da] + Printf 
  [3fa0cd96] + REPL 
  [9a3f8284] + Random 
  [ea8e919c] + SHA 
  [9e88b42a] + Serialization 
  [1a1011a3] + SharedArrays 
  [6462fe0b] + Sockets 
  [2f01184e] + SparseArrays 
  [10745b16] + Statistics 
  [8dfed614] + Test 
  [cf7118a7] + UUIDs 
  [4ec0a83e] + Unicode 
   Testing MarkovChains
    Status `/tmp/jl_j30js3/Manifest.toml`
  [ec485272] ArnoldiMethod v0.0.4
  [34da2185] Compat v2.2.0
  [864edb3b] DataStructures v0.17.6
  [d25df0c9] Inflate v0.1.1
  [b964fa9f] LaTeXStrings v1.0.3
  [093fc24a] LightGraphs v1.3.0
  [1914dd2f] MacroTools v0.5.2
  [bbc22021] MarkovChains v0.1.2
  [bac558e1] OrderedCollections v1.1.0
  [699a6c99] SimpleTraits v0.9.1
  [90137ffa] StaticArrays v0.12.1
  [b4f28e30] TikzGraphs v1.1.0
  [37f6aa50] TikzPictures v3.0.5
  [2a0f44e3] Base64  [`@stdlib/Base64`]
  [ade2ca70] Dates  [`@stdlib/Dates`]
  [8bb1440f] DelimitedFiles  [`@stdlib/DelimitedFiles`]
  [8ba89e20] Distributed  [`@stdlib/Distributed`]
  [b77e0a4c] InteractiveUtils  [`@stdlib/InteractiveUtils`]
  [76f85450] LibGit2  [`@stdlib/LibGit2`]
  [8f399da3] Libdl  [`@stdlib/Libdl`]
  [37e2e46d] LinearAlgebra  [`@stdlib/LinearAlgebra`]
  [56ddb016] Logging  [`@stdlib/Logging`]
  [d6f4376e] Markdown  [`@stdlib/Markdown`]
  [a63ad114] Mmap  [`@stdlib/Mmap`]
  [44cfe95a] Pkg  [`@stdlib/Pkg`]
  [de0858da] Printf  [`@stdlib/Printf`]
  [3fa0cd96] REPL  [`@stdlib/REPL`]
  [9a3f8284] Random  [`@stdlib/Random`]
  [ea8e919c] SHA  [`@stdlib/SHA`]
  [9e88b42a] Serialization  [`@stdlib/Serialization`]
  [1a1011a3] SharedArrays  [`@stdlib/SharedArrays`]
  [6462fe0b] Sockets  [`@stdlib/Sockets`]
  [2f01184e] SparseArrays  [`@stdlib/SparseArrays`]
  [10745b16] Statistics  [`@stdlib/Statistics`]
  [8dfed614] Test  [`@stdlib/Test`]
  [cf7118a7] UUIDs  [`@stdlib/UUIDs`]
  [4ec0a83e] Unicode  [`@stdlib/Unicode`]
Test Summary: | Pass  Total
digraph       |   16     16
Test Summary: | Pass  Total
fintime_solve |    7      7
Test Summary: | Pass  Total
inftime_solve |   44     44
Test Summary: | Pass  Total
solve         |   12     12
Test Summary: | Pass  Total
poisson_trunc |    6      6
   Testing MarkovChains tests passed 
