 Resolving package versions...
 Installed ResizableArrays ─ v0.1.0
  Updating `~/.julia/environments/v1.0/Project.toml`
  [df514bf8] + ResizableArrays v0.1.0
  Updating `~/.julia/environments/v1.0/Manifest.toml`
  [df514bf8] + ResizableArrays v0.1.0
   Testing ResizableArrays
 Resolving package versions...
    Status `/tmp/tmpSMvel9/Manifest.toml`
  [df514bf8] ResizableArrays v0.1.0
  [2a0f44e3] Base64  [`@stdlib/Base64`]
  [8ba89e20] Distributed  [`@stdlib/Distributed`]
  [b77e0a4c] InteractiveUtils  [`@stdlib/InteractiveUtils`]
  [8f399da3] Libdl  [`@stdlib/Libdl`]
  [37e2e46d] LinearAlgebra  [`@stdlib/LinearAlgebra`]
  [56ddb016] Logging  [`@stdlib/Logging`]
  [d6f4376e] Markdown  [`@stdlib/Markdown`]
  [9a3f8284] Random  [`@stdlib/Random`]
  [9e88b42a] Serialization  [`@stdlib/Serialization`]
  [6462fe0b] Sockets  [`@stdlib/Sockets`]
  [8dfed614] Test  [`@stdlib/Test`]
Test Summary: | Pass  Total
Basic methods |  398    398
Test Summary: | Pass  Total
Queue methods |   36     36
Test Summary: | Pass  Total
Iterations    |   12     12
   Testing ResizableArrays tests passed 
