 Resolving package versions...
 Installed UnitfulAtomic ─ v0.3.0
 Installed Unitful ─────── v0.17.0
  Updating `~/.julia/environments/v1.2/Project.toml`
  [a7773ee8] + UnitfulAtomic v0.3.0
  Updating `~/.julia/environments/v1.2/Manifest.toml`
  [1986cc42] + Unitful v0.17.0
  [a7773ee8] + UnitfulAtomic v0.3.0
  [8f399da3] + Libdl 
  [37e2e46d] + LinearAlgebra 
  [9a3f8284] + Random 
  [9e88b42a] + Serialization 
   Testing UnitfulAtomic
 Resolving package versions...
    Status `/tmp/jl_3HuPSs/Manifest.toml`
  [1986cc42] Unitful v0.17.0
  [a7773ee8] UnitfulAtomic v0.3.0
  [2a0f44e3] Base64  [`@stdlib/Base64`]
  [8ba89e20] Distributed  [`@stdlib/Distributed`]
  [b77e0a4c] InteractiveUtils  [`@stdlib/InteractiveUtils`]
  [8f399da3] Libdl  [`@stdlib/Libdl`]
  [37e2e46d] LinearAlgebra  [`@stdlib/LinearAlgebra`]
  [56ddb016] Logging  [`@stdlib/Logging`]
  [d6f4376e] Markdown  [`@stdlib/Markdown`]
  [9a3f8284] Random  [`@stdlib/Random`]
  [9e88b42a] Serialization  [`@stdlib/Serialization`]
  [6462fe0b] Sockets  [`@stdlib/Sockets`]
  [8dfed614] Test  [`@stdlib/Test`]
Test Summary: | Pass  Total
aunit         |   99     99
Test Summary: | Pass  Total
Atomic units  |   79     79
Test Summary: | Pass  Total
Aliases       |    4      4
Test Summary: | Pass  Total
Conversion    |   18     18
Test Summary:  | Pass  Total
Type inference |   12     12
Test Summary:          | Pass  Total
Unsupported dimensions |   24     24
   Testing UnitfulAtomic tests passed 
