 Resolving package versions...
 Installed DataValueInterfaces ───────── v1.0.0
 Installed Missings ──────────────────── v0.4.3
 Installed PooledArrays ──────────────── v0.5.2
 Installed Requires ──────────────────── v0.5.2
 Installed IteratorInterfaceExtensions ─ v1.0.0
 Installed IndexedTables ─────────────── v0.12.4
 Installed TableTraitsUtils ──────────── v1.0.1
 Installed DataStructures ────────────── v0.17.6
 Installed DataAPI ───────────────────── v1.1.0
 Installed TableTraits ───────────────── v1.0.0
 Installed LearnBase ─────────────────── v0.2.2
 Installed SortingAlgorithms ─────────── v0.3.1
 Installed WeakRefStrings ────────────── v0.6.1
 Installed OrderedCollections ────────── v1.1.0
 Installed DataValues ────────────────── v0.4.12
 Installed StatsBase ─────────────────── v0.32.0
 Installed Tables ────────────────────── v0.2.11
 Installed OnlineStatsBase ───────────── v1.0.2
 Installed StructArrays ──────────────── v0.4.0
  Updating `~/.julia/environments/v1.2/Project.toml`
  [6deec6e2] + IndexedTables v0.12.4
  Updating `~/.julia/environments/v1.2/Manifest.toml`
  [9a962f9c] + DataAPI v1.1.0
  [864edb3b] + DataStructures v0.17.6
  [e2d170a0] + DataValueInterfaces v1.0.0
  [e7dc6d0d] + DataValues v0.4.12
  [6deec6e2] + IndexedTables v0.12.4
  [82899510] + IteratorInterfaceExtensions v1.0.0
  [7f8f8fb0] + LearnBase v0.2.2
  [e1d29d7a] + Missings v0.4.3
  [925886fa] + OnlineStatsBase v1.0.2
  [bac558e1] + OrderedCollections v1.1.0
  [2dfb63ee] + PooledArrays v0.5.2
  [ae029012] + Requires v0.5.2
  [a2af1166] + SortingAlgorithms v0.3.1
  [2913bbd2] + StatsBase v0.32.0
  [09ab397b] + StructArrays v0.4.0
  [3783bdb8] + TableTraits v1.0.0
  [382cd787] + TableTraitsUtils v1.0.1
  [bd369af6] + Tables v0.2.11
  [ea10d353] + WeakRefStrings v0.6.1
  [2a0f44e3] + Base64 
  [ade2ca70] + Dates 
  [8ba89e20] + Distributed 
  [b77e0a4c] + InteractiveUtils 
  [8f399da3] + Libdl 
  [37e2e46d] + LinearAlgebra 
  [56ddb016] + Logging 
  [d6f4376e] + Markdown 
  [de0858da] + Printf 
  [9a3f8284] + Random 
  [9e88b42a] + Serialization 
  [6462fe0b] + Sockets 
  [2f01184e] + SparseArrays 
  [10745b16] + Statistics 
  [8dfed614] + Test 
  [4ec0a83e] + Unicode 
   Testing IndexedTables
 Resolving package versions...
 Installed Reexport ───────── v0.2.0
 Installed SweepOperator ──── v0.3.0
 Installed RecipesBase ────── v0.7.0
 Installed PenaltyFunctions ─ v0.1.2
 Installed OnlineStats ────── v1.0.2
 Installed LossFunctions ──── v0.5.1
    Status `/tmp/jl_Jqi3XD/Manifest.toml`
  [9a962f9c] DataAPI v1.1.0
  [864edb3b] DataStructures v0.17.6
  [e2d170a0] DataValueInterfaces v1.0.0
  [e7dc6d0d] DataValues v0.4.12
  [6deec6e2] IndexedTables v0.12.4
  [82899510] IteratorInterfaceExtensions v1.0.0
  [7f8f8fb0] LearnBase v0.2.2
  [30fc2ffe] LossFunctions v0.5.1
  [e1d29d7a] Missings v0.4.3
  [a15396b6] OnlineStats v1.0.2
  [925886fa] OnlineStatsBase v1.0.2
  [bac558e1] OrderedCollections v1.1.0
  [06bb1623] PenaltyFunctions v0.1.2
  [2dfb63ee] PooledArrays v0.5.2
  [3cdcf5f2] RecipesBase v0.7.0
  [189a3867] Reexport v0.2.0
  [ae029012] Requires v0.5.2
  [a2af1166] SortingAlgorithms v0.3.1
  [2913bbd2] StatsBase v0.32.0
  [09ab397b] StructArrays v0.4.0
  [7522ee7d] SweepOperator v0.3.0
  [3783bdb8] TableTraits v1.0.0
  [382cd787] TableTraitsUtils v1.0.1
  [bd369af6] Tables v0.2.11
  [ea10d353] WeakRefStrings v0.6.1
  [2a0f44e3] Base64  [`@stdlib/Base64`]
  [ade2ca70] Dates  [`@stdlib/Dates`]
  [8ba89e20] Distributed  [`@stdlib/Distributed`]
  [b77e0a4c] InteractiveUtils  [`@stdlib/InteractiveUtils`]
  [76f85450] LibGit2  [`@stdlib/LibGit2`]
  [8f399da3] Libdl  [`@stdlib/Libdl`]
  [37e2e46d] LinearAlgebra  [`@stdlib/LinearAlgebra`]
  [56ddb016] Logging  [`@stdlib/Logging`]
  [d6f4376e] Markdown  [`@stdlib/Markdown`]
  [44cfe95a] Pkg  [`@stdlib/Pkg`]
  [de0858da] Printf  [`@stdlib/Printf`]
  [3fa0cd96] REPL  [`@stdlib/REPL`]
  [9a3f8284] Random  [`@stdlib/Random`]
  [ea8e919c] SHA  [`@stdlib/SHA`]
  [9e88b42a] Serialization  [`@stdlib/Serialization`]
  [6462fe0b] Sockets  [`@stdlib/Sockets`]
  [2f01184e] SparseArrays  [`@stdlib/SparseArrays`]
  [10745b16] Statistics  [`@stdlib/Statistics`]
  [8dfed614] Test  [`@stdlib/Test`]
  [cf7118a7] UUIDs  [`@stdlib/UUIDs`]
  [4ec0a83e] Unicode  [`@stdlib/Unicode`]
Test Summary:    | Pass  Total
Tables Interface |    7      7
Test Summary: | Pass  Total
Missing       |    6      6
Test Summary: | Pass  Total
dropmissing   |    7      7
Test Summary:  | Pass  Total
convertmissing |    4      4
Test Summary: | Pass  Total
Test Joins    |    9      9
┌ Warning: `Not(args...)` is deprecated, use `Not(All(args...))` instead.
│   caller = top-level scope at test_core.jl:358
└ @ Core ~/.julia/packages/IndexedTables/5U0Ap/test/test_core.jl:358
Test Summary: | Pass  Total
Getindex      |   13     13
Test Summary: | Pass  Total
view & range  |    5      5
Test Summary: | Pass  Total
sortpermby    |   11     11
Test Summary: | Pass  Total
sort          |    4      4
┌ Warning: `Not(args...)` is deprecated, use `Not(All(args...))` instead.
│   caller = top-level scope at test_core.jl:573
└ @ Core ~/.julia/packages/IndexedTables/5U0Ap/test/test_core.jl:573
Test Summary:       | Pass  Total
column manipulation |   31     31
Test Summary: | Pass  Total
map           |   16     16
Test Summary:         | Pass  Total
Original Join Testset |   32     32
Test Summary: | Pass  Total
groupjoin     |    6      6
Test Summary: | Pass  Total
reducedim     |    2      2
Test Summary: | Pass  Total
select        |   12     12
┌ Warning: `Not(args...)` is deprecated, use `Not(All(args...))` instead.
│   caller = top-level scope at test_core.jl:799
└ @ Core ~/.julia/packages/IndexedTables/5U0Ap/test/test_core.jl:799
┌ Warning: `Not(args...)` is deprecated, use `Not(All(args...))` instead.
│   caller = top-level scope at test_core.jl:799
└ @ Core ~/.julia/packages/IndexedTables/5U0Ap/test/test_core.jl:799
┌ Warning: `Not(args...)` is deprecated, use `Not(All(args...))` instead.
│   caller = top-level scope at test_core.jl:811
└ @ Core ~/.julia/packages/IndexedTables/5U0Ap/test/test_core.jl:811
┌ Warning: `Not(args...)` is deprecated, use `Not(All(args...))` instead.
│   caller = top-level scope at test_core.jl:811
└ @ Core ~/.julia/packages/IndexedTables/5U0Ap/test/test_core.jl:811
┌ Warning: `Not(args...)` is deprecated, use `Not(All(args...))` instead.
│   caller = top-level scope at test_core.jl:821
└ @ Core ~/.julia/packages/IndexedTables/5U0Ap/test/test_core.jl:821
┌ Warning: `Not(args...)` is deprecated, use `Not(All(args...))` instead.
│   caller = top-level scope at test_core.jl:821
└ @ Core ~/.julia/packages/IndexedTables/5U0Ap/test/test_core.jl:821
┌ Warning: `Not(args...)` is deprecated, use `Not(All(args...))` instead.
│   caller = top-level scope at test_core.jl:836
└ @ Core ~/.julia/packages/IndexedTables/5U0Ap/test/test_core.jl:836
Test Summary:   | Pass  Total
specialselector |   44     44
Test Summary: | Pass  Total
dropmissing   |    3      3
Test Summary: | Pass  Total
filter        |    7      7
Test Summary: | Pass  Total
asofjoin      |    4      4
Test Summary: | Pass  Total
merge         |   11     11
Test Summary: | Pass  Total
broadcast     |    6      6
Test Summary: | Pass  Total
groupreduce   |   12     12
Test Summary: | Pass  Total
groupby       |   20     20
Test Summary: | Pass  Total
reshape       |    7      7
Test Summary: | Pass  Total
select        |    5      5
Test Summary: | Pass  Total
conversions   |   11     11
Test Summary: | Pass  Total
mapslices     |    9      9
Test Summary: | Pass  Total
flatten       |   10     10
Test Summary: | Pass  Total
ColDict       |    1      1
Test Summary:         | Pass  Total
shared data setindex! |    1      1
Test Summary: | Pass  Total
compact_mem   |   13     13
Test Summary: | Pass  Total
refs          |    7      7
Test Summary: | Pass  Total
TableTraits   |   38     38
Test Summary:      | Pass  Total
collectnamedtuples |   11     11
Test Summary: | Pass  Total
collecttuples |   10     10
Test Summary:  | Pass  Total
collectscalars |    9      9
Test Summary: | Pass  Total
collectpairs  |   13     13
Test Summary:    | Pass  Total
collectflattened |    4      4
   Testing IndexedTables tests passed 
