 Resolving package versions...
 Installed Gumbo ────────── v0.5.1
 Installed AbstractTrees ── v0.2.1
 Installed BinaryProvider ─ v0.5.8
  Updating `~/.julia/environments/v1.2/Project.toml`
  [708ec375] + Gumbo v0.5.1
  Updating `~/.julia/environments/v1.2/Manifest.toml`
  [1520ce14] + AbstractTrees v0.2.1
  [b99e7846] + BinaryProvider v0.5.8
  [708ec375] + Gumbo v0.5.1
  [2a0f44e3] + Base64 
  [8ba89e20] + Distributed 
  [b77e0a4c] + InteractiveUtils 
  [8f399da3] + Libdl 
  [56ddb016] + Logging 
  [d6f4376e] + Markdown 
  [9a3f8284] + Random 
  [ea8e919c] + SHA 
  [9e88b42a] + Serialization 
  [6462fe0b] + Sockets 
  [8dfed614] + Test 
  Building Gumbo → `~/.julia/packages/Gumbo/G7Qbw/deps/build.log`
   Testing Gumbo
    Status `/tmp/jl_ngNLFM/Manifest.toml`
  [1520ce14] AbstractTrees v0.2.1
  [b99e7846] BinaryProvider v0.5.8
  [708ec375] Gumbo v0.5.1
  [2a0f44e3] Base64  [`@stdlib/Base64`]
  [8ba89e20] Distributed  [`@stdlib/Distributed`]
  [b77e0a4c] InteractiveUtils  [`@stdlib/InteractiveUtils`]
  [8f399da3] Libdl  [`@stdlib/Libdl`]
  [56ddb016] Logging  [`@stdlib/Logging`]
  [d6f4376e] Markdown  [`@stdlib/Markdown`]
  [9a3f8284] Random  [`@stdlib/Random`]
  [ea8e919c] SHA  [`@stdlib/SHA`]
  [9e88b42a] Serialization  [`@stdlib/Serialization`]
  [6462fe0b] Sockets  [`@stdlib/Sockets`]
  [8dfed614] Test  [`@stdlib/Test`]
   Testing Gumbo tests passed 
