 Resolving package versions...
 Installed Conda ────────────── v1.3.0
 Installed Blosc ────────────── v0.5.1
 Installed AbstractFFTs ─────── v0.5.0
 Installed MbedTLS ──────────── v0.7.0
 Installed BigArrays ────────── v0.8.0
 Installed BinaryProvider ───── v0.5.8
 Installed LazyJSON ─────────── v0.1.1
 Installed Reexport ─────────── v0.2.0
 Installed URIParser ────────── v0.4.0
 Installed OffsetArrays ─────── v0.11.1
 Installed AWSS3 ────────────── v0.6.5
 Installed Compat ───────────── v2.2.0
 Installed Libz ─────────────── v1.0.0
 Installed OrderedCollections ─ v1.1.0
 Installed MsgPack ──────────── v0.2.0
 Installed IniFile ──────────── v0.5.0
 Installed FilePathsBase ────── v0.7.0
 Installed MappedArrays ─────── v0.2.2
 Installed IterTools ────────── v1.3.0
 Installed SymDict ──────────── v0.3.0
 Installed Retry ────────────── v0.4.0
 Installed FixedPointNumbers ── v0.6.1
 Installed Memoize ──────────── v0.3.0
 Installed Parsers ──────────── v0.3.10
 Installed DataStructures ───── v0.17.6
 Installed Graphics ─────────── v0.4.0
 Installed JSON ─────────────── v0.21.0
 Installed TranscodingStreams ─ v0.9.5
 Installed CodecZlib ────────── v0.6.0
 Installed Mocking ──────────── v0.7.0
 Installed HTTP ─────────────── v0.8.8
 Installed XMLDict ──────────── v0.3.0
 Installed NaNMath ──────────── v0.3.3
 Installed PaddedViews ──────── v0.4.2
 Installed GoogleCloud ──────── v0.8.0
 Installed FFTW ─────────────── v1.1.0
 Installed Parameters ───────── v0.12.0
 Installed ImageCore ────────── v0.8.5
 Installed CMakeWrapper ─────── v0.2.3
 Installed CMake ────────────── v1.1.2
 Installed BufferedStreams ──── v1.0.0
 Installed AWSCore ──────────── v0.6.5
 Installed EzXML ────────────── v0.9.4
 Installed VersionParsing ───── v1.1.3
 Installed BinDeps ──────────── v0.8.10
 Installed ColorTypes ───────── v0.8.0
 Installed ImageMagick ──────── v0.7.5
 Installed CodecZstd ────────── v0.6.1
 Installed FileIO ───────────── v1.0.7
   Cloning [5ae59095-9a9b-59fe-a467-6f913c188581] Colors from https://github.com/JuliaGraphics/Colors.jl.git
[?25l    Fetching: [>                                        ]  0.0 %[2K[?25h Installed Colors ───────────── v0.9.6
  Updating `~/.julia/environments/v1.2/Project.toml`
  [c2a8506f] + BigArrays v0.8.0
  Updating `~/.julia/environments/v1.2/Manifest.toml`
  [4f1ea46c] + AWSCore v0.6.5
  [1c724243] + AWSS3 v0.6.5
  [621f4979] + AbstractFFTs v0.5.0
  [c2a8506f] + BigArrays v0.8.0
  [9e28174c] + BinDeps v0.8.10
  [b99e7846] + BinaryProvider v0.5.8
  [a74b3585] + Blosc v0.5.1
  [e1450e63] + BufferedStreams v1.0.0
  [631607c0] + CMake v1.1.2
  [d5fb7624] + CMakeWrapper v0.2.3
  [944b1d66] + CodecZlib v0.6.0
  [6b39b394] + CodecZstd v0.6.1
  [3da002f7] + ColorTypes v0.8.0
  [5ae59095] + Colors v0.9.6
  [34da2185] + Compat v2.2.0
  [8f4d0f93] + Conda v1.3.0
  [864edb3b] + DataStructures v0.17.6
  [8f5d6c58] + EzXML v0.9.4
  [7a1cc6ca] + FFTW v1.1.0
  [5789e2e9] + FileIO v1.0.7
  [48062228] + FilePathsBase v0.7.0
  [53c48c17] + FixedPointNumbers v0.6.1
  [55e21f81] + GoogleCloud v0.8.0
  [a2bd30eb] + Graphics v0.4.0
  [cd3eb016] + HTTP v0.8.8
  [a09fc81d] + ImageCore v0.8.5
  [6218d12a] + ImageMagick v0.7.5
  [83e8ac13] + IniFile v0.5.0
  [c8e1da08] + IterTools v1.3.0
  [682c06a0] + JSON v0.21.0
  [fc18253b] + LazyJSON v0.1.1
  [2ec943e9] + Libz v1.0.0
  [dbb5928d] + MappedArrays v0.2.2
  [739be429] + MbedTLS v0.7.0
  [c03570c3] + Memoize v0.3.0
  [78c3b35d] + Mocking v0.7.0
  [99f44e22] + MsgPack v0.2.0
  [77ba4419] + NaNMath v0.3.3
  [6fe1bfb0] + OffsetArrays v0.11.1
  [bac558e1] + OrderedCollections v1.1.0
  [5432bcbf] + PaddedViews v0.4.2
  [d96e819e] + Parameters v0.12.0
  [69de0a69] + Parsers v0.3.10
  [189a3867] + Reexport v0.2.0
  [20febd7b] + Retry v0.4.0
  [2da68c74] + SymDict v0.3.0
  [3bb67fe8] + TranscodingStreams v0.9.5
  [30578b45] + URIParser v0.4.0
  [81def892] + VersionParsing v1.1.3
  [228000da] + XMLDict v0.3.0
  [2a0f44e3] + Base64 
  [ade2ca70] + Dates 
  [8bb1440f] + DelimitedFiles 
  [8ba89e20] + Distributed 
  [b77e0a4c] + InteractiveUtils 
  [76f85450] + LibGit2 
  [8f399da3] + Libdl 
  [37e2e46d] + LinearAlgebra 
  [56ddb016] + Logging 
  [d6f4376e] + Markdown 
  [a63ad114] + Mmap 
  [44cfe95a] + Pkg 
  [de0858da] + Printf 
  [3fa0cd96] + REPL 
  [9a3f8284] + Random 
  [ea8e919c] + SHA 
  [9e88b42a] + Serialization 
  [1a1011a3] + SharedArrays 
  [6462fe0b] + Sockets 
  [2f01184e] + SparseArrays 
  [10745b16] + Statistics 
  [8dfed614] + Test 
  [cf7118a7] + UUIDs 
  [4ec0a83e] + Unicode 
  Building MbedTLS ────→ `~/.julia/packages/MbedTLS/a1JFn/deps/build.log`
  Building CMake ──────→ `~/.julia/packages/CMake/nSK2r/deps/build.log`
  Building Blosc ──────→ `~/.julia/packages/Blosc/lzFr0/deps/build.log`
  Building Conda ──────→ `~/.julia/packages/Conda/kLXeC/deps/build.log`
  Building CodecZlib ──→ `~/.julia/packages/CodecZlib/5t9zO/deps/build.log`
  Building FFTW ───────→ `~/.julia/packages/FFTW/loJ3F/deps/build.log`
  Building EzXML ──────→ `~/.julia/packages/EzXML/G0JeY/deps/build.log`
  Building ImageMagick → `~/.julia/packages/ImageMagick/vMfoS/deps/build.log`
  Building CodecZstd ──→ `~/.julia/packages/CodecZstd/zTSNC/deps/build.log`
   Testing BigArrays
    Status `/tmp/jl_apBUYI/Manifest.toml`
  [4f1ea46c] AWSCore v0.6.5
  [1c724243] AWSS3 v0.6.5
  [621f4979] AbstractFFTs v0.5.0
  [c2a8506f] BigArrays v0.8.0
  [9e28174c] BinDeps v0.8.10
  [b99e7846] BinaryProvider v0.5.8
  [a74b3585] Blosc v0.5.1
  [e1450e63] BufferedStreams v1.0.0
  [631607c0] CMake v1.1.2
  [d5fb7624] CMakeWrapper v0.2.3
  [944b1d66] CodecZlib v0.6.0
  [6b39b394] CodecZstd v0.6.1
  [3da002f7] ColorTypes v0.8.0
  [5ae59095] Colors v0.9.6
  [34da2185] Compat v2.2.0
  [8f4d0f93] Conda v1.3.0
  [864edb3b] DataStructures v0.17.6
  [8f5d6c58] EzXML v0.9.4
  [7a1cc6ca] FFTW v1.1.0
  [5789e2e9] FileIO v1.0.7
  [48062228] FilePathsBase v0.7.0
  [53c48c17] FixedPointNumbers v0.6.1
  [55e21f81] GoogleCloud v0.8.0
  [a2bd30eb] Graphics v0.4.0
  [cd3eb016] HTTP v0.8.8
  [a09fc81d] ImageCore v0.8.5
  [6218d12a] ImageMagick v0.7.5
  [83e8ac13] IniFile v0.5.0
  [c8e1da08] IterTools v1.3.0
  [682c06a0] JSON v0.21.0
  [fc18253b] LazyJSON v0.1.1
  [2ec943e9] Libz v1.0.0
  [dbb5928d] MappedArrays v0.2.2
  [739be429] MbedTLS v0.7.0
  [c03570c3] Memoize v0.3.0
  [78c3b35d] Mocking v0.7.0
  [99f44e22] MsgPack v0.2.0
  [77ba4419] NaNMath v0.3.3
  [6fe1bfb0] OffsetArrays v0.11.1
  [bac558e1] OrderedCollections v1.1.0
  [5432bcbf] PaddedViews v0.4.2
  [d96e819e] Parameters v0.12.0
  [69de0a69] Parsers v0.3.10
  [189a3867] Reexport v0.2.0
  [20febd7b] Retry v0.4.0
  [2da68c74] SymDict v0.3.0
  [3bb67fe8] TranscodingStreams v0.9.5
  [30578b45] URIParser v0.4.0
  [81def892] VersionParsing v1.1.3
  [228000da] XMLDict v0.3.0
  [2a0f44e3] Base64  [`@stdlib/Base64`]
  [ade2ca70] Dates  [`@stdlib/Dates`]
  [8bb1440f] DelimitedFiles  [`@stdlib/DelimitedFiles`]
  [8ba89e20] Distributed  [`@stdlib/Distributed`]
  [b77e0a4c] InteractiveUtils  [`@stdlib/InteractiveUtils`]
  [76f85450] LibGit2  [`@stdlib/LibGit2`]
  [8f399da3] Libdl  [`@stdlib/Libdl`]
  [37e2e46d] LinearAlgebra  [`@stdlib/LinearAlgebra`]
  [56ddb016] Logging  [`@stdlib/Logging`]
  [d6f4376e] Markdown  [`@stdlib/Markdown`]
  [a63ad114] Mmap  [`@stdlib/Mmap`]
  [44cfe95a] Pkg  [`@stdlib/Pkg`]
  [de0858da] Printf  [`@stdlib/Printf`]
  [3fa0cd96] REPL  [`@stdlib/REPL`]
  [9a3f8284] Random  [`@stdlib/Random`]
  [ea8e919c] SHA  [`@stdlib/SHA`]
  [9e88b42a] Serialization  [`@stdlib/Serialization`]
  [1a1011a3] SharedArrays  [`@stdlib/SharedArrays`]
  [6462fe0b] Sockets  [`@stdlib/Sockets`]
  [2f01184e] SparseArrays  [`@stdlib/SparseArrays`]
  [10745b16] Statistics  [`@stdlib/Statistics`]
  [8dfed614] Test  [`@stdlib/Test`]
  [cf7118a7] UUIDs  [`@stdlib/UUIDs`]
  [4ec0a83e] Unicode  [`@stdlib/Unicode`]
ERROR: LoadError: LoadError: error compiling version: could not load library "libz"
libz.so: cannot open shared object file: No such file or directory
Stacktrace:
 [1] top-level scope at /root/.julia/packages/Libz/zMAun/src/lowlevel.jl:110
 [2] include at ./boot.jl:328 [inlined]
 [3] include_relative(::Module, ::String) at ./loading.jl:1094
 [4] include at ./Base.jl:31 [inlined]
 [5] include(::String) at /root/.julia/packages/Libz/zMAun/src/Libz.jl:3
 [6] top-level scope at /root/.julia/packages/Libz/zMAun/src/Libz.jl:11
 [7] include at ./boot.jl:328 [inlined]
 [8] include_relative(::Module, ::String) at ./loading.jl:1094
 [9] include(::Module, ::String) at ./Base.jl:31
 [10] top-level scope at none:2
 [11] eval at ./boot.jl:330 [inlined]
 [12] eval(::Expr) at ./client.jl:432
 [13] top-level scope at ./none:3
in expression starting at /root/.julia/packages/Libz/zMAun/src/lowlevel.jl:110
in expression starting at /root/.julia/packages/Libz/zMAun/src/Libz.jl:11
caused by [exception 1]
could not load library "libz"
libz.so: cannot open shared object file: No such file or directory
Stacktrace:
 [1] top-level scope at /root/.julia/packages/Libz/zMAun/src/lowlevel.jl:110
 [2] include at ./boot.jl:328 [inlined]
 [3] include_relative(::Module, ::String) at ./loading.jl:1094
 [4] include at ./Base.jl:31 [inlined]
 [5] include(::String) at /root/.julia/packages/Libz/zMAun/src/Libz.jl:3
 [6] top-level scope at /root/.julia/packages/Libz/zMAun/src/Libz.jl:11
 [7] include at ./boot.jl:328 [inlined]
 [8] include_relative(::Module, ::String) at ./loading.jl:1094
 [9] include(::Module, ::String) at ./Base.jl:31
 [10] top-level scope at none:2
 [11] eval at ./boot.jl:330 [inlined]
 [12] eval(::Expr) at ./client.jl:432
 [13] top-level scope at ./none:3
ERROR: LoadError: LoadError: Failed to precompile Libz [2ec943e9-cfe8-584d-b93d-64dcb6d567b7] to /root/.julia/compiled/v1.2/Libz/0KnGZ.ji.
Stacktrace:
 [1] error(::String) at ./error.jl:33
 [2] compilecache(::Base.PkgId, ::String) at ./loading.jl:1253
 [3] _require(::Base.PkgId) at ./loading.jl:1013
 [4] require(::Base.PkgId) at ./loading.jl:911
 [5] require(::Module, ::Symbol) at ./loading.jl:906
 [6] include at ./boot.jl:328 [inlined]
 [7] include_relative(::Module, ::String) at ./loading.jl:1094
 [8] include at ./Base.jl:31 [inlined]
 [9] include(::String) at /root/.julia/packages/GoogleCloud/iYFdL/src/GoogleCloud.jl:4
 [10] top-level scope at /root/.julia/packages/GoogleCloud/iYFdL/src/GoogleCloud.jl:19
 [11] include at ./boot.jl:328 [inlined]
 [12] include_relative(::Module, ::String) at ./loading.jl:1094
 [13] include(::Module, ::String) at ./Base.jl:31
 [14] top-level scope at none:2
 [15] eval at ./boot.jl:330 [inlined]
 [16] eval(::Expr) at ./client.jl:432
 [17] top-level scope at ./none:3
in expression starting at /root/.julia/packages/GoogleCloud/iYFdL/src/api/api.jl:12
in expression starting at /root/.julia/packages/GoogleCloud/iYFdL/src/GoogleCloud.jl:19
ERROR: LoadError: LoadError: LoadError: Failed to precompile GoogleCloud [55e21f81-8b0a-565e-b5ad-6816892a5ee7] to /root/.julia/compiled/v1.2/GoogleCloud/hPIVO.ji.
Stacktrace:
 [1] error(::String) at ./error.jl:33
 [2] compilecache(::Base.PkgId, ::String) at ./loading.jl:1253
 [3] _require(::Base.PkgId) at ./loading.jl:1013
 [4] require(::Base.PkgId) at ./loading.jl:911
 [5] require(::Module, ::Symbol) at ./loading.jl:906
 [6] include at ./boot.jl:328 [inlined]
 [7] include_relative(::Module, ::String) at ./loading.jl:1094
 [8] include at ./Base.jl:31 [inlined]
 [9] include(::String) at /root/.julia/packages/BigArrays/cbDmG/src/BigArrays.jl:1
 [10] top-level scope at /root/.julia/packages/BigArrays/cbDmG/src/backends/include.jl:2
 [11] include at ./boot.jl:328 [inlined]
 [12] include_relative(::Module, ::String) at ./loading.jl:1094
 [13] include at ./Base.jl:31 [inlined]
 [14] include(::String) at /root/.julia/packages/BigArrays/cbDmG/src/BigArrays.jl:1
 [15] top-level scope at /root/.julia/packages/BigArrays/cbDmG/src/BigArrays.jl:21
 [16] include at ./boot.jl:328 [inlined]
 [17] include_relative(::Module, ::String) at ./loading.jl:1094
 [18] include(::Module, ::String) at ./Base.jl:31
 [19] top-level scope at none:2
 [20] eval at ./boot.jl:330 [inlined]
 [21] eval(::Expr) at ./client.jl:432
 [22] top-level scope at ./none:3
in expression starting at /root/.julia/packages/BigArrays/cbDmG/src/backends/GSDicts.jl:4
in expression starting at /root/.julia/packages/BigArrays/cbDmG/src/backends/include.jl:2
in expression starting at /root/.julia/packages/BigArrays/cbDmG/src/BigArrays.jl:21
ERROR: LoadError: Failed to precompile BigArrays [c2a8506f-1b35-5b08-8aa1-bb4a7b47a05e] to /root/.julia/compiled/v1.2/BigArrays/ulWoU.ji.
Stacktrace:
 [1] error(::String) at ./error.jl:33
 [2] compilecache(::Base.PkgId, ::String) at ./loading.jl:1253
 [3] _require(::Base.PkgId) at ./loading.jl:1013
 [4] require(::Base.PkgId) at ./loading.jl:911
 [5] require(::Module, ::Symbol) at ./loading.jl:906
 [6] include at ./boot.jl:328 [inlined]
 [7] include_relative(::Module, ::String) at ./loading.jl:1094
 [8] include(::Module, ::String) at ./Base.jl:31
 [9] include(::String) at ./client.jl:431
 [10] top-level scope at none:5
in expression starting at /root/.julia/packages/BigArrays/cbDmG/test/runtests.jl:2
ERROR: Package BigArrays errored during testing
Stacktrace:
 [1] pkgerror(::String, ::Vararg{String,N} where N) at /buildworker/worker/package_linux64/build/usr/share/julia/stdlib/v1.2/Pkg/src/Types.jl:112
 [2] #test#119(::Bool, ::Nothing, ::typeof(Pkg.Operations.test), ::Pkg.Types.Context, ::Array{Pkg.Types.PackageSpec,1}) at /buildworker/worker/package_linux64/build/usr/share/julia/stdlib/v1.2/Pkg/src/Operations.jl:1288
 [3] #test at ./none:0 [inlined]
 [4] #test#62(::Bool, ::Nothing, ::Base.Iterators.Pairs{Union{},Union{},Tuple{},NamedTuple{(),Tuple{}}}, ::typeof(Pkg.API.test), ::Pkg.Types.Context, ::Array{Pkg.Types.PackageSpec,1}) at /buildworker/worker/package_linux64/build/usr/share/julia/stdlib/v1.2/Pkg/src/API.jl:245
 [5] test at /buildworker/worker/package_linux64/build/usr/share/julia/stdlib/v1.2/Pkg/src/API.jl:233 [inlined]
 [6] #test#61 at /buildworker/worker/package_linux64/build/usr/share/julia/stdlib/v1.2/Pkg/src/API.jl:230 [inlined]
 [7] test at /buildworker/worker/package_linux64/build/usr/share/julia/stdlib/v1.2/Pkg/src/API.jl:230 [inlined]
 [8] #test#60 at /buildworker/worker/package_linux64/build/usr/share/julia/stdlib/v1.2/Pkg/src/API.jl:229 [inlined]
 [9] test at /buildworker/worker/package_linux64/build/usr/share/julia/stdlib/v1.2/Pkg/src/API.jl:229 [inlined]
 [10] #test#59(::Base.Iterators.Pairs{Union{},Union{},Tuple{},NamedTuple{(),Tuple{}}}, ::typeof(Pkg.API.test), ::String) at /buildworker/worker/package_linux64/build/usr/share/julia/stdlib/v1.2/Pkg/src/API.jl:228
 [11] test(::String) at /buildworker/worker/package_linux64/build/usr/share/julia/stdlib/v1.2/Pkg/src/API.jl:228
 [12] top-level scope at none:10
