 Resolving package versions...
 Installed DataAPI ──────────── v1.1.0
 Installed Missings ─────────── v0.4.3
 Installed SortingAlgorithms ── v0.3.1
 Installed LearnBase ────────── v0.2.2
 Installed OrderedCollections ─ v1.1.0
 Installed MLLabelUtils ─────── v0.5.1
 Installed DataStructures ───── v0.17.6
 Installed StatsBase ────────── v0.32.0
 Installed MappedArrays ─────── v0.2.2
  Updating `~/.julia/environments/v1.2/Project.toml`
  [66a33bbf] + MLLabelUtils v0.5.1
  Updating `~/.julia/environments/v1.2/Manifest.toml`
  [9a962f9c] + DataAPI v1.1.0
  [864edb3b] + DataStructures v0.17.6
  [7f8f8fb0] + LearnBase v0.2.2
  [66a33bbf] + MLLabelUtils v0.5.1
  [dbb5928d] + MappedArrays v0.2.2
  [e1d29d7a] + Missings v0.4.3
  [bac558e1] + OrderedCollections v1.1.0
  [a2af1166] + SortingAlgorithms v0.3.1
  [2913bbd2] + StatsBase v0.32.0
  [2a0f44e3] + Base64 
  [8ba89e20] + Distributed 
  [b77e0a4c] + InteractiveUtils 
  [8f399da3] + Libdl 
  [37e2e46d] + LinearAlgebra 
  [56ddb016] + Logging 
  [d6f4376e] + Markdown 
  [de0858da] + Printf 
  [9a3f8284] + Random 
  [9e88b42a] + Serialization 
  [6462fe0b] + Sockets 
  [2f01184e] + SparseArrays 
  [10745b16] + Statistics 
  [8dfed614] + Test 
  [4ec0a83e] + Unicode 
   Testing MLLabelUtils
    Status `/tmp/jl_iIwjUg/Manifest.toml`
  [9a962f9c] DataAPI v1.1.0
  [864edb3b] DataStructures v0.17.6
  [7f8f8fb0] LearnBase v0.2.2
  [66a33bbf] MLLabelUtils v0.5.1
  [dbb5928d] MappedArrays v0.2.2
  [e1d29d7a] Missings v0.4.3
  [bac558e1] OrderedCollections v1.1.0
  [a2af1166] SortingAlgorithms v0.3.1
  [2913bbd2] StatsBase v0.32.0
  [2a0f44e3] Base64  [`@stdlib/Base64`]
  [8ba89e20] Distributed  [`@stdlib/Distributed`]
  [b77e0a4c] InteractiveUtils  [`@stdlib/InteractiveUtils`]
  [8f399da3] Libdl  [`@stdlib/Libdl`]
  [37e2e46d] LinearAlgebra  [`@stdlib/LinearAlgebra`]
  [56ddb016] Logging  [`@stdlib/Logging`]
  [d6f4376e] Markdown  [`@stdlib/Markdown`]
  [de0858da] Printf  [`@stdlib/Printf`]
  [9a3f8284] Random  [`@stdlib/Random`]
  [9e88b42a] Serialization  [`@stdlib/Serialization`]
  [6462fe0b] Sockets  [`@stdlib/Sockets`]
  [2f01184e] SparseArrays  [`@stdlib/SparseArrays`]
  [10745b16] Statistics  [`@stdlib/Statistics`]
  [8dfed614] Test  [`@stdlib/Test`]
  [4ec0a83e] Unicode  [`@stdlib/Unicode`]
Skipping Base.active_repl
Skipping Base.active_repl_backend
Skipping Base.active_repl
Skipping Base.active_repl_backend
┌ Warning: The number of distinct floating point numbers (including at least one that is non-integer!) in the label vector is quite large. Are you sure you want to perform classification and not regression?
└ @ MLLabelUtils ~/.julia/packages/MLLabelUtils/D3XQH/src/labelencoding.jl:417
Test Summary:        | Pass  Total
tst_labelencoding.jl | 1530   1530
Test Summary:   | Pass  Total
tst_classify.jl |  441    441
<HEARTBEAT>
<HEARTBEAT>
<HEARTBEAT>
<HEARTBEAT>
<HEARTBEAT>
<HEARTBEAT>
<HEARTBEAT>
<HEARTBEAT>
<HEARTBEAT>
<HEARTBEAT>
<HEARTBEAT>
<HEARTBEAT>
<HEARTBEAT>
<HEARTBEAT>
<HEARTBEAT>
<HEARTBEAT>
<HEARTBEAT>
<HEARTBEAT>
<HEARTBEAT>
<HEARTBEAT>
<HEARTBEAT>
<HEARTBEAT>
<HEARTBEAT>
Test Summary:       | Pass  Total
tst_convertlabel.jl | 4052   4052
Test Summary:   | Pass  Total
tst_labelmap.jl |  119    119
   Testing MLLabelUtils tests passed 
