 Resolving package versions...
 Installed OffsetArrays ─ v0.11.1
 Installed StaticArrays ─ v0.12.1
 Installed OceanTurb ──── v0.1.3
  Updating `~/.julia/environments/v1.2/Project.toml`
  [d848d694] + OceanTurb v0.1.3
  Updating `~/.julia/environments/v1.2/Manifest.toml`
  [d848d694] + OceanTurb v0.1.3
  [6fe1bfb0] + OffsetArrays v0.11.1
  [90137ffa] + StaticArrays v0.12.1
  [2a0f44e3] + Base64 
  [8ba89e20] + Distributed 
  [b77e0a4c] + InteractiveUtils 
  [8f399da3] + Libdl 
  [37e2e46d] + LinearAlgebra 
  [56ddb016] + Logging 
  [d6f4376e] + Markdown 
  [9a3f8284] + Random 
  [9e88b42a] + Serialization 
  [6462fe0b] + Sockets 
  [2f01184e] + SparseArrays 
  [10745b16] + Statistics 
  [8dfed614] + Test 
   Testing OceanTurb
    Status `/tmp/jl_TTQ1Qp/Manifest.toml`
  [d848d694] OceanTurb v0.1.3
  [6fe1bfb0] OffsetArrays v0.11.1
  [90137ffa] StaticArrays v0.12.1
  [2a0f44e3] Base64  [`@stdlib/Base64`]
  [8ba89e20] Distributed  [`@stdlib/Distributed`]
  [b77e0a4c] InteractiveUtils  [`@stdlib/InteractiveUtils`]
  [8f399da3] Libdl  [`@stdlib/Libdl`]
  [37e2e46d] LinearAlgebra  [`@stdlib/LinearAlgebra`]
  [56ddb016] Logging  [`@stdlib/Logging`]
  [d6f4376e] Markdown  [`@stdlib/Markdown`]
  [9a3f8284] Random  [`@stdlib/Random`]
  [9e88b42a] Serialization  [`@stdlib/Serialization`]
  [6462fe0b] Sockets  [`@stdlib/Sockets`]
  [2f01184e] SparseArrays  [`@stdlib/SparseArrays`]
  [10745b16] Statistics  [`@stdlib/Statistics`]
  [8dfed614] Test  [`@stdlib/Test`]
Test Summary: | Pass  Total
Utils         |    5      5
Test Summary: | Pass  Total
Solvers       |    2      2
Test Summary: | Pass  Total
Grids         |   18     18
Test Summary: | Pass  Total
Fields        |   23     23
Test Summary: | Pass  Total
Diffusion     |   14     14
Test Summary: | Pass  Total
KPP           |   50     50
Test Summary:        | Pass  Total
Pacanowski-Philander |    2      2
   Testing OceanTurb tests passed 
