 Resolving package versions...
 Installed InvertedIndices ───────────── v1.0.0
 Installed AbstractTrees ─────────────── v0.2.1
 Installed IteratorInterfaceExtensions ─ v1.0.0
 Installed Bio ───────────────────────── v1.0.0
 Installed ColorTypes ────────────────── v0.8.0
 Installed Inflate ───────────────────── v0.1.1
 Installed Gumbo ─────────────────────── v0.5.1
 Installed BinaryProvider ────────────── v0.5.8
 Installed RecipesBase ───────────────── v0.7.0
 Installed Parsers ───────────────────── v0.3.10
 Installed FixedPointNumbers ─────────── v0.5.3
 Installed BioServices ───────────────── v0.3.2
 Installed DataStructures ────────────── v0.17.6
 Installed MacroTools ────────────────── v0.5.2
 Installed BioSymbols ────────────────── v3.1.0
 Installed XMLDict ───────────────────── v0.3.0
 Installed Reexport ──────────────────── v0.2.0
 Installed DataValueInterfaces ───────── v1.0.0
 Installed YAML ──────────────────────── v0.3.2
 Installed DataAPI ───────────────────── v1.1.0
 Installed Polynomials ───────────────── v0.6.0
 Installed JSON ──────────────────────── v0.21.0
 Installed IntervalTrees ─────────────── v1.0.0
 Installed MetaGraphs ────────────────── v0.6.4
 Installed BioSequences ──────────────── v1.1.0
 Installed IniFile ───────────────────── v0.5.0
 Installed Automa ────────────────────── v0.8.0
 Installed Format ────────────────────── v1.0.1
 Installed MbedTLS ───────────────────── v0.6.8
 Installed URIParser ─────────────────── v0.4.0
 Installed BioStructures ─────────────── v0.7.0
 Installed StaticArrays ──────────────── v0.12.1
 Installed BioCore ───────────────────── v2.0.5
 Installed DataFrames ────────────────── v0.19.4
 Installed ArnoldiMethod ─────────────── v0.0.4
 Installed Twiddle ───────────────────── v1.1.0
 Installed BioAlignments ─────────────── v1.0.0
 Installed Libz ──────────────────────── v1.0.0
 Installed SortingAlgorithms ─────────── v0.3.1
 Installed GeneticVariation ──────────── v0.4.0
 Installed SimpleTraits ──────────────── v0.9.1
 Installed FileIO ────────────────────── v1.0.7
 Installed GenomicFeatures ───────────── v1.0.0
 Installed IndexableBitVectors ───────── v1.0.0
 Installed PooledArrays ──────────────── v0.5.2
 Installed HTTP ──────────────────────── v0.8.8
 Installed BGZFStreams ───────────────── v0.3.0
 Installed Missings ──────────────────── v0.4.3
 Installed BioTools ──────────────────── v1.0.0
 Installed OrderedCollections ────────── v1.1.0
 Installed TableTraits ───────────────── v1.0.0
 Installed Combinatorics ─────────────── v0.7.0
 Installed Codecs ────────────────────── v0.5.0
 Installed CodecZlib ─────────────────── v0.6.0
 Installed CategoricalArrays ─────────── v0.7.3
 Installed JLD2 ──────────────────────── v0.1.8
 Installed BufferedStreams ───────────── v1.0.0
 Installed LightGraphs ───────────────── v1.3.0
 Installed Tables ────────────────────── v0.2.11
 Installed EzXML ─────────────────────── v0.9.4
 Installed IterTools ─────────────────── v1.3.0
 Installed Compat ────────────────────── v2.2.0
 Installed TranscodingStreams ────────── v0.9.5
  Updating `~/.julia/environments/v1.0/Project.toml`
  [3637df68] + Bio v1.0.0
  Updating `~/.julia/environments/v1.0/Manifest.toml`
  [1520ce14] + AbstractTrees v0.2.1
  [ec485272] + ArnoldiMethod v0.0.4
  [67c07d97] + Automa v0.8.0
  [28d598bf] + BGZFStreams v0.3.0
  [b99e7846] + BinaryProvider v0.5.8
  [3637df68] + Bio v1.0.0
  [00701ae9] + BioAlignments v1.0.0
  [37cfa864] + BioCore v2.0.5
  [7e6ae17a] + BioSequences v1.1.0
  [a0d4ced5] + BioServices v0.3.2
  [de9282ab] + BioStructures v0.7.0
  [3c28c6f8] + BioSymbols v3.1.0
  [fa51a905] + BioTools v1.0.0
  [e1450e63] + BufferedStreams v1.0.0
  [324d7699] + CategoricalArrays v0.7.3
  [944b1d66] + CodecZlib v0.6.0
  [19ecbf4d] + Codecs v0.5.0
  [3da002f7] + ColorTypes v0.8.0
  [861a8166] + Combinatorics v0.7.0
  [34da2185] + Compat v2.2.0
  [9a962f9c] + DataAPI v1.1.0
  [a93c6f00] + DataFrames v0.19.4
  [864edb3b] + DataStructures v0.17.6
  [e2d170a0] + DataValueInterfaces v1.0.0
  [8f5d6c58] + EzXML v0.9.4
  [5789e2e9] + FileIO v1.0.7
  [53c48c17] + FixedPointNumbers v0.5.3
  [1fa38f19] + Format v1.0.1
  [9bc6ac9d] + GeneticVariation v0.4.0
  [899a7d2d] + GenomicFeatures v1.0.0
  [708ec375] + Gumbo v0.5.1
  [cd3eb016] + HTTP v0.8.8
  [1cb3b9ac] + IndexableBitVectors v1.0.0
  [d25df0c9] + Inflate v0.1.1
  [83e8ac13] + IniFile v0.5.0
  [524e6230] + IntervalTrees v1.0.0
  [41ab1584] + InvertedIndices v1.0.0
  [c8e1da08] + IterTools v1.3.0
  [82899510] + IteratorInterfaceExtensions v1.0.0
  [033835bb] + JLD2 v0.1.8
  [682c06a0] + JSON v0.21.0
  [2ec943e9] + Libz v1.0.0
  [093fc24a] + LightGraphs v1.3.0
  [1914dd2f] + MacroTools v0.5.2
  [739be429] + MbedTLS v0.6.8
  [626554b9] + MetaGraphs v0.6.4
  [e1d29d7a] + Missings v0.4.3
  [bac558e1] + OrderedCollections v1.1.0
  [69de0a69] + Parsers v0.3.10
  [f27b6e38] + Polynomials v0.6.0
  [2dfb63ee] + PooledArrays v0.5.2
  [3cdcf5f2] + RecipesBase v0.7.0
  [189a3867] + Reexport v0.2.0
  [699a6c99] + SimpleTraits v0.9.1
  [a2af1166] + SortingAlgorithms v0.3.1
  [90137ffa] + StaticArrays v0.12.1
  [3783bdb8] + TableTraits v1.0.0
  [bd369af6] + Tables v0.2.11
  [3bb67fe8] + TranscodingStreams v0.9.5
  [7200193e] + Twiddle v1.1.0
  [30578b45] + URIParser v0.4.0
  [228000da] + XMLDict v0.3.0
  [ddb6d928] + YAML v0.3.2
  [2a0f44e3] + Base64 
  [ade2ca70] + Dates 
  [8bb1440f] + DelimitedFiles 
  [8ba89e20] + Distributed 
  [9fa8497b] + Future 
  [b77e0a4c] + InteractiveUtils 
  [76f85450] + LibGit2 
  [8f399da3] + Libdl 
  [37e2e46d] + LinearAlgebra 
  [56ddb016] + Logging 
  [d6f4376e] + Markdown 
  [a63ad114] + Mmap 
  [44cfe95a] + Pkg 
  [de0858da] + Printf 
  [9abbd945] + Profile 
  [3fa0cd96] + REPL 
  [9a3f8284] + Random 
  [ea8e919c] + SHA 
  [9e88b42a] + Serialization 
  [1a1011a3] + SharedArrays 
  [6462fe0b] + Sockets 
  [2f01184e] + SparseArrays 
  [10745b16] + Statistics 
  [8dfed614] + Test 
  [cf7118a7] + UUIDs 
  [4ec0a83e] + Unicode 
  Building Gumbo ────→ `~/.julia/packages/Gumbo/G7Qbw/deps/build.log`
  Building MbedTLS ──→ `~/.julia/packages/MbedTLS/X4xar/deps/build.log`
  Building CodecZlib → `~/.julia/packages/CodecZlib/5t9zO/deps/build.log`
  Building EzXML ────→ `~/.julia/packages/EzXML/G0JeY/deps/build.log`
   Testing Bio
 Resolving package versions...
    Status `/tmp/tmpPZlcZv/Manifest.toml`
  [1520ce14] AbstractTrees v0.2.1
  [ec485272] ArnoldiMethod v0.0.4
  [67c07d97] Automa v0.8.0
  [28d598bf] BGZFStreams v0.3.0
  [b99e7846] BinaryProvider v0.5.8
  [3637df68] Bio v1.0.0
  [00701ae9] BioAlignments v1.0.0
  [37cfa864] BioCore v2.0.5
  [7e6ae17a] BioSequences v1.1.0
  [a0d4ced5] BioServices v0.3.2
  [de9282ab] BioStructures v0.7.0
  [3c28c6f8] BioSymbols v3.1.0
  [fa51a905] BioTools v1.0.0
  [e1450e63] BufferedStreams v1.0.0
  [324d7699] CategoricalArrays v0.7.3
  [944b1d66] CodecZlib v0.6.0
  [19ecbf4d] Codecs v0.5.0
  [3da002f7] ColorTypes v0.8.0
  [861a8166] Combinatorics v0.7.0
  [34da2185] Compat v2.2.0
  [9a962f9c] DataAPI v1.1.0
  [a93c6f00] DataFrames v0.19.4
  [864edb3b] DataStructures v0.17.6
  [e2d170a0] DataValueInterfaces v1.0.0
  [8f5d6c58] EzXML v0.9.4
  [5789e2e9] FileIO v1.0.7
  [53c48c17] FixedPointNumbers v0.5.3
  [1fa38f19] Format v1.0.1
  [9bc6ac9d] GeneticVariation v0.4.0
  [899a7d2d] GenomicFeatures v1.0.0
  [708ec375] Gumbo v0.5.1
  [cd3eb016] HTTP v0.8.8
  [1cb3b9ac] IndexableBitVectors v1.0.0
  [d25df0c9] Inflate v0.1.1
  [83e8ac13] IniFile v0.5.0
  [524e6230] IntervalTrees v1.0.0
  [41ab1584] InvertedIndices v1.0.0
  [c8e1da08] IterTools v1.3.0
  [82899510] IteratorInterfaceExtensions v1.0.0
  [033835bb] JLD2 v0.1.8
  [682c06a0] JSON v0.21.0
  [2ec943e9] Libz v1.0.0
  [093fc24a] LightGraphs v1.3.0
  [1914dd2f] MacroTools v0.5.2
  [739be429] MbedTLS v0.6.8
  [626554b9] MetaGraphs v0.6.4
  [e1d29d7a] Missings v0.4.3
  [bac558e1] OrderedCollections v1.1.0
  [69de0a69] Parsers v0.3.10
  [f27b6e38] Polynomials v0.6.0
  [2dfb63ee] PooledArrays v0.5.2
  [3cdcf5f2] RecipesBase v0.7.0
  [189a3867] Reexport v0.2.0
  [699a6c99] SimpleTraits v0.9.1
  [a2af1166] SortingAlgorithms v0.3.1
  [90137ffa] StaticArrays v0.12.1
  [3783bdb8] TableTraits v1.0.0
  [bd369af6] Tables v0.2.11
  [3bb67fe8] TranscodingStreams v0.9.5
  [7200193e] Twiddle v1.1.0
  [30578b45] URIParser v0.4.0
  [228000da] XMLDict v0.3.0
  [ddb6d928] YAML v0.3.2
  [2a0f44e3] Base64  [`@stdlib/Base64`]
  [ade2ca70] Dates  [`@stdlib/Dates`]
  [8bb1440f] DelimitedFiles  [`@stdlib/DelimitedFiles`]
  [8ba89e20] Distributed  [`@stdlib/Distributed`]
  [9fa8497b] Future  [`@stdlib/Future`]
  [b77e0a4c] InteractiveUtils  [`@stdlib/InteractiveUtils`]
  [76f85450] LibGit2  [`@stdlib/LibGit2`]
  [8f399da3] Libdl  [`@stdlib/Libdl`]
  [37e2e46d] LinearAlgebra  [`@stdlib/LinearAlgebra`]
  [56ddb016] Logging  [`@stdlib/Logging`]
  [d6f4376e] Markdown  [`@stdlib/Markdown`]
  [a63ad114] Mmap  [`@stdlib/Mmap`]
  [44cfe95a] Pkg  [`@stdlib/Pkg`]
  [de0858da] Printf  [`@stdlib/Printf`]
  [9abbd945] Profile  [`@stdlib/Profile`]
  [3fa0cd96] REPL  [`@stdlib/REPL`]
  [9a3f8284] Random  [`@stdlib/Random`]
  [ea8e919c] SHA  [`@stdlib/SHA`]
  [9e88b42a] Serialization  [`@stdlib/Serialization`]
  [1a1011a3] SharedArrays  [`@stdlib/SharedArrays`]
  [6462fe0b] Sockets  [`@stdlib/Sockets`]
  [2f01184e] SparseArrays  [`@stdlib/SparseArrays`]
  [10745b16] Statistics  [`@stdlib/Statistics`]
  [8dfed614] Test  [`@stdlib/Test`]
  [cf7118a7] UUIDs  [`@stdlib/UUIDs`]
  [4ec0a83e] Unicode  [`@stdlib/Unicode`]
ERROR: LoadError: syntax: missing separator in array expression
Stacktrace:
 [1] include at ./boot.jl:317 [inlined]
 [2] include_relative(::Module, ::String) at ./loading.jl:1044
 [3] include(::Module, ::String) at ./sysimg.jl:29
 [4] include(::String) at ./client.jl:392
 [5] top-level scope at none:0
in expression starting at /root/.julia/packages/Bio/ROwA7/test/runtests.jl:9
ERROR: Package Bio errored during testing
Stacktrace:
 [1] pkgerror(::String, ::Vararg{String,N} where N) at /buildworker/worker/package_linux64/build/usr/share/julia/stdlib/v1.0/Pkg/src/Types.jl:120
 [2] #test#65(::Bool, ::Function, ::Pkg.Types.Context, ::Array{Pkg.Types.PackageSpec,1}) at /buildworker/worker/package_linux64/build/usr/share/julia/stdlib/v1.0/Pkg/src/Operations.jl:1357
 [3] #test at /buildworker/worker/package_linux64/build/usr/share/julia/stdlib/v1.0/Pkg/src/API.jl:0 [inlined]
 [4] #test#44(::Bool, ::Base.Iterators.Pairs{Union{},Union{},Tuple{},NamedTuple{(),Tuple{}}}, ::Function, ::Pkg.Types.Context, ::Array{Pkg.Types.PackageSpec,1}) at /buildworker/worker/package_linux64/build/usr/share/julia/stdlib/v1.0/Pkg/src/API.jl:278
 [5] test at /buildworker/worker/package_linux64/build/usr/share/julia/stdlib/v1.0/Pkg/src/API.jl:263 [inlined]
 [6] #test#43 at /buildworker/worker/package_linux64/build/usr/share/julia/stdlib/v1.0/Pkg/src/API.jl:260 [inlined]
 [7] test at /buildworker/worker/package_linux64/build/usr/share/julia/stdlib/v1.0/Pkg/src/API.jl:260 [inlined]
 [8] #test#42 at /buildworker/worker/package_linux64/build/usr/share/julia/stdlib/v1.0/Pkg/src/API.jl:259 [inlined]
 [9] test at /buildworker/worker/package_linux64/build/usr/share/julia/stdlib/v1.0/Pkg/src/API.jl:259 [inlined]
 [10] #test#41 at /buildworker/worker/package_linux64/build/usr/share/julia/stdlib/v1.0/Pkg/src/API.jl:258 [inlined]
 [11] test(::String) at /buildworker/worker/package_linux64/build/usr/share/julia/stdlib/v1.0/Pkg/src/API.jl:258
 [12] top-level scope at none:0
