 Resolving package versions...
 Installed Missings ───────────── v0.4.3
 Installed Biomodelling ───────── v0.2.1
 Installed OptimBase ──────────── v2.0.0
 Installed DataAPI ────────────── v1.1.0
 Installed PDMats ─────────────── v0.9.10
 Installed CommonSubexpressions ─ v0.2.0
 Installed BinaryProvider ─────── v0.5.8
 Installed StatsBase ──────────── v0.32.0
 Installed Conda ──────────────── v1.3.0
 Installed ExcelReaders ───────── v0.11.0
 Installed Requires ───────────── v0.5.2
 Installed URIParser ──────────── v0.4.0
 Installed StatsFuns ──────────── v0.9.0
 Installed LsqFit ─────────────── v0.8.1
 Installed NLSolversBase ──────── v7.5.0
 Installed DataValueInterfaces ── v1.0.0
 Installed Reexport ───────────── v0.2.0
 Installed Rmath ──────────────── v0.5.1
 Installed Compat ─────────────── v2.2.0
 Installed OrderedCollections ─── v1.1.0
 Installed ForwardDiff ────────── v0.10.6
 Installed Calculus ───────────── v0.5.1
 Installed PyCall ─────────────── v1.91.2
 Installed DataStructures ─────── v0.17.6
 Installed Parsers ────────────── v0.3.10
 Installed DiffRules ──────────── v0.1.0
 Installed DiffEqDiffTools ────── v1.4.0
 Installed ArrayInterface ─────── v1.2.1
 Installed Distributions ──────── v0.21.8
 Installed JSON ───────────────── v0.21.0
 Installed NaNMath ────────────── v0.3.3
 Installed StaticArrays ───────── v0.12.1
 Installed DiffResults ────────── v0.0.4
 Installed PoissonRandom ──────── v0.4.0
 Installed SortingAlgorithms ──── v0.3.1
 Installed QuadGK ─────────────── v2.1.1
 Installed VersionParsing ─────── v1.1.3
 Installed DataValues ─────────── v0.4.12
 Installed MacroTools ─────────── v0.5.2
 Installed SpecialFunctions ───── v0.8.0
 Installed BinDeps ────────────── v0.8.10
 Installed Arpack ─────────────── v0.3.1
  Updating `~/.julia/environments/v1.2/Project.toml`
  [9f4c04fe] + Biomodelling v0.2.1
  Updating `~/.julia/environments/v1.2/Manifest.toml`
  [7d9fca2a] + Arpack v0.3.1
  [4fba245c] + ArrayInterface v1.2.1
  [9e28174c] + BinDeps v0.8.10
  [b99e7846] + BinaryProvider v0.5.8
  [9f4c04fe] + Biomodelling v0.2.1
  [49dc2e85] + Calculus v0.5.1
  [bbf7d656] + CommonSubexpressions v0.2.0
  [34da2185] + Compat v2.2.0
  [8f4d0f93] + Conda v1.3.0
  [9a962f9c] + DataAPI v1.1.0
  [864edb3b] + DataStructures v0.17.6
  [e2d170a0] + DataValueInterfaces v1.0.0
  [e7dc6d0d] + DataValues v0.4.12
  [01453d9d] + DiffEqDiffTools v1.4.0
  [163ba53b] + DiffResults v0.0.4
  [b552c78f] + DiffRules v0.1.0
  [31c24e10] + Distributions v0.21.8
  [c04bee98] + ExcelReaders v0.11.0
  [f6369f11] + ForwardDiff v0.10.6
  [682c06a0] + JSON v0.21.0
  [2fda8390] + LsqFit v0.8.1
  [1914dd2f] + MacroTools v0.5.2
  [e1d29d7a] + Missings v0.4.3
  [d41bc354] + NLSolversBase v7.5.0
  [77ba4419] + NaNMath v0.3.3
  [87e2bd06] + OptimBase v2.0.0
  [bac558e1] + OrderedCollections v1.1.0
  [90014a1f] + PDMats v0.9.10
  [69de0a69] + Parsers v0.3.10
  [e409e4f3] + PoissonRandom v0.4.0
  [438e738f] + PyCall v1.91.2
  [1fd47b50] + QuadGK v2.1.1
  [189a3867] + Reexport v0.2.0
  [ae029012] + Requires v0.5.2
  [79098fc4] + Rmath v0.5.1
  [a2af1166] + SortingAlgorithms v0.3.1
  [276daf66] + SpecialFunctions v0.8.0
  [90137ffa] + StaticArrays v0.12.1
  [2913bbd2] + StatsBase v0.32.0
  [4c63d2b9] + StatsFuns v0.9.0
  [30578b45] + URIParser v0.4.0
  [81def892] + VersionParsing v1.1.3
  [2a0f44e3] + Base64 
  [ade2ca70] + Dates 
  [8bb1440f] + DelimitedFiles 
  [8ba89e20] + Distributed 
  [b77e0a4c] + InteractiveUtils 
  [76f85450] + LibGit2 
  [8f399da3] + Libdl 
  [37e2e46d] + LinearAlgebra 
  [56ddb016] + Logging 
  [d6f4376e] + Markdown 
  [a63ad114] + Mmap 
  [44cfe95a] + Pkg 
  [de0858da] + Printf 
  [3fa0cd96] + REPL 
  [9a3f8284] + Random 
  [ea8e919c] + SHA 
  [9e88b42a] + Serialization 
  [1a1011a3] + SharedArrays 
  [6462fe0b] + Sockets 
  [2f01184e] + SparseArrays 
  [10745b16] + Statistics 
  [4607b0f0] + SuiteSparse 
  [8dfed614] + Test 
  [cf7118a7] + UUIDs 
  [4ec0a83e] + Unicode 
  Building Conda ───────────→ `~/.julia/packages/Conda/kLXeC/deps/build.log`
  Building PyCall ──────────→ `~/.julia/packages/PyCall/ttONZ/deps/build.log`
  Building Rmath ───────────→ `~/.julia/packages/Rmath/4wt82/deps/build.log`
  Building SpecialFunctions → `~/.julia/packages/SpecialFunctions/ne2iw/deps/build.log`
  Building Arpack ──────────→ `~/.julia/packages/Arpack/cu5By/deps/build.log`
   Testing Biomodelling
    Status `/tmp/jl_CSPCwr/Manifest.toml`
  [7d9fca2a] Arpack v0.3.1
  [4fba245c] ArrayInterface v1.2.1
  [9e28174c] BinDeps v0.8.10
  [b99e7846] BinaryProvider v0.5.8
  [9f4c04fe] Biomodelling v0.2.1
  [49dc2e85] Calculus v0.5.1
  [bbf7d656] CommonSubexpressions v0.2.0
  [34da2185] Compat v2.2.0
  [8f4d0f93] Conda v1.3.0
  [9a962f9c] DataAPI v1.1.0
  [864edb3b] DataStructures v0.17.6
  [e2d170a0] DataValueInterfaces v1.0.0
  [e7dc6d0d] DataValues v0.4.12
  [01453d9d] DiffEqDiffTools v1.4.0
  [163ba53b] DiffResults v0.0.4
  [b552c78f] DiffRules v0.1.0
  [31c24e10] Distributions v0.21.8
  [c04bee98] ExcelReaders v0.11.0
  [f6369f11] ForwardDiff v0.10.6
  [682c06a0] JSON v0.21.0
  [2fda8390] LsqFit v0.8.1
  [1914dd2f] MacroTools v0.5.2
  [e1d29d7a] Missings v0.4.3
  [d41bc354] NLSolversBase v7.5.0
  [77ba4419] NaNMath v0.3.3
  [87e2bd06] OptimBase v2.0.0
  [bac558e1] OrderedCollections v1.1.0
  [90014a1f] PDMats v0.9.10
  [69de0a69] Parsers v0.3.10
  [e409e4f3] PoissonRandom v0.4.0
  [438e738f] PyCall v1.91.2
  [1fd47b50] QuadGK v2.1.1
  [189a3867] Reexport v0.2.0
  [ae029012] Requires v0.5.2
  [79098fc4] Rmath v0.5.1
  [a2af1166] SortingAlgorithms v0.3.1
  [276daf66] SpecialFunctions v0.8.0
  [90137ffa] StaticArrays v0.12.1
  [2913bbd2] StatsBase v0.32.0
  [4c63d2b9] StatsFuns v0.9.0
  [30578b45] URIParser v0.4.0
  [81def892] VersionParsing v1.1.3
  [2a0f44e3] Base64  [`@stdlib/Base64`]
  [ade2ca70] Dates  [`@stdlib/Dates`]
  [8bb1440f] DelimitedFiles  [`@stdlib/DelimitedFiles`]
  [8ba89e20] Distributed  [`@stdlib/Distributed`]
  [b77e0a4c] InteractiveUtils  [`@stdlib/InteractiveUtils`]
  [76f85450] LibGit2  [`@stdlib/LibGit2`]
  [8f399da3] Libdl  [`@stdlib/Libdl`]
  [37e2e46d] LinearAlgebra  [`@stdlib/LinearAlgebra`]
  [56ddb016] Logging  [`@stdlib/Logging`]
  [d6f4376e] Markdown  [`@stdlib/Markdown`]
  [a63ad114] Mmap  [`@stdlib/Mmap`]
  [44cfe95a] Pkg  [`@stdlib/Pkg`]
  [de0858da] Printf  [`@stdlib/Printf`]
  [3fa0cd96] REPL  [`@stdlib/REPL`]
  [9a3f8284] Random  [`@stdlib/Random`]
  [ea8e919c] SHA  [`@stdlib/SHA`]
  [9e88b42a] Serialization  [`@stdlib/Serialization`]
  [1a1011a3] SharedArrays  [`@stdlib/SharedArrays`]
  [6462fe0b] Sockets  [`@stdlib/Sockets`]
  [2f01184e] SparseArrays  [`@stdlib/SparseArrays`]
  [10745b16] Statistics  [`@stdlib/Statistics`]
  [4607b0f0] SuiteSparse  [`@stdlib/SuiteSparse`]
  [8dfed614] Test  [`@stdlib/Test`]
  [cf7118a7] UUIDs  [`@stdlib/UUIDs`]
  [4ec0a83e] Unicode  [`@stdlib/Unicode`]
ERROR: LoadError: InitError: PyError (PyImport_ImportModule

The Python package xlrd could not be found by pyimport. Usually this means
that you did not install xlrd in the Python version being used by PyCall.

PyCall is currently configured to use the Python version at:

/usr/bin/python3

and you should use whatever mechanism you usually use (apt-get, pip, conda,
etcetera) to install the Python package containing the xlrd module.

One alternative is to re-configure PyCall to use a different Python
version on your system: set ENV["PYTHON"] to the path/name of the python
executable you want to use, run Pkg.build("PyCall"), and re-launch Julia.

Another alternative is to configure PyCall to use a Julia-specific Python
distribution via the Conda.jl package (which installs a private Anaconda
Python distribution), which has the advantage that packages can be installed
and kept up-to-date via Julia.  As explained in the PyCall documentation,
set ENV["PYTHON"]="", run Pkg.build("PyCall"), and re-launch Julia. Then,
To install the xlrd module, you can use `pyimport_conda("xlrd", PKG)`,
where PKG is the Anaconda package the contains the module xlrd,
or alternatively you can use the Conda package directly (via
`using Conda` followed by `Conda.add` etcetera).

) <class 'ModuleNotFoundError'>
ModuleNotFoundError("No module named 'xlrd'",)

Stacktrace:
 [1] pyimport(::String) at /root/.julia/packages/PyCall/ttONZ/src/PyCall.jl:544
 [2] pyimport_conda(::String, ::String, ::String) at /root/.julia/packages/PyCall/ttONZ/src/PyCall.jl:702
 [3] pyimport_conda at /root/.julia/packages/PyCall/ttONZ/src/PyCall.jl:701 [inlined]
 [4] __init__() at /root/.julia/packages/ExcelReaders/PgE1r/src/ExcelReaders.jl:12
 [5] _include_from_serialized(::String, ::Array{Any,1}) at ./loading.jl:685
 [6] _require_from_serialized(::String) at ./loading.jl:736
 [7] _require(::Base.PkgId) at ./loading.jl:1023
 [8] require(::Base.PkgId) at ./loading.jl:911
 [9] require(::Module, ::Symbol) at ./loading.jl:906
 [10] include at ./boot.jl:328 [inlined]
 [11] include_relative(::Module, ::String) at ./loading.jl:1094
 [12] include(::Module, ::String) at ./Base.jl:31
 [13] include(::String) at ./client.jl:431
 [14] top-level scope at none:5
during initialization of module ExcelReaders
in expression starting at /root/.julia/packages/Biomodelling/GiJJK/test/runtests.jl:1
ERROR: Package Biomodelling errored during testing
Stacktrace:
 [1] pkgerror(::String, ::Vararg{String,N} where N) at /buildworker/worker/package_linux64/build/usr/share/julia/stdlib/v1.2/Pkg/src/Types.jl:112
 [2] #test#119(::Bool, ::Nothing, ::typeof(Pkg.Operations.test), ::Pkg.Types.Context, ::Array{Pkg.Types.PackageSpec,1}) at /buildworker/worker/package_linux64/build/usr/share/julia/stdlib/v1.2/Pkg/src/Operations.jl:1288
 [3] #test at ./none:0 [inlined]
 [4] #test#62(::Bool, ::Nothing, ::Base.Iterators.Pairs{Union{},Union{},Tuple{},NamedTuple{(),Tuple{}}}, ::typeof(Pkg.API.test), ::Pkg.Types.Context, ::Array{Pkg.Types.PackageSpec,1}) at /buildworker/worker/package_linux64/build/usr/share/julia/stdlib/v1.2/Pkg/src/API.jl:245
 [5] test at /buildworker/worker/package_linux64/build/usr/share/julia/stdlib/v1.2/Pkg/src/API.jl:233 [inlined]
 [6] #test#61 at /buildworker/worker/package_linux64/build/usr/share/julia/stdlib/v1.2/Pkg/src/API.jl:230 [inlined]
 [7] test at /buildworker/worker/package_linux64/build/usr/share/julia/stdlib/v1.2/Pkg/src/API.jl:230 [inlined]
 [8] #test#60 at /buildworker/worker/package_linux64/build/usr/share/julia/stdlib/v1.2/Pkg/src/API.jl:229 [inlined]
 [9] test at /buildworker/worker/package_linux64/build/usr/share/julia/stdlib/v1.2/Pkg/src/API.jl:229 [inlined]
 [10] #test#59(::Base.Iterators.Pairs{Union{},Union{},Tuple{},NamedTuple{(),Tuple{}}}, ::typeof(Pkg.API.test), ::String) at /buildworker/worker/package_linux64/build/usr/share/julia/stdlib/v1.2/Pkg/src/API.jl:228
 [11] test(::String) at /buildworker/worker/package_linux64/build/usr/share/julia/stdlib/v1.2/Pkg/src/API.jl:228
 [12] top-level scope at none:10
