 Resolving package versions...
 Installed GracePlot ─ v0.3.2
  Updating `~/.julia/environments/v1.2/Project.toml`
  [7eab9655] + GracePlot v0.3.2
  Updating `~/.julia/environments/v1.2/Manifest.toml`
  [7eab9655] + GracePlot v0.3.2
  [2a0f44e3] + Base64 
  [8ba89e20] + Distributed 
  [b77e0a4c] + InteractiveUtils 
  [56ddb016] + Logging 
  [d6f4376e] + Markdown 
  [de0858da] + Printf 
  [9a3f8284] + Random 
  [9e88b42a] + Serialization 
  [6462fe0b] + Sockets 
  [8dfed614] + Test 
  [4ec0a83e] + Unicode 
   Testing GracePlot
    Status `/tmp/jl_hULDwD/Manifest.toml`
  [7eab9655] GracePlot v0.3.2
  [2a0f44e3] Base64  [`@stdlib/Base64`]
  [8ba89e20] Distributed  [`@stdlib/Distributed`]
  [b77e0a4c] InteractiveUtils  [`@stdlib/InteractiveUtils`]
  [56ddb016] Logging  [`@stdlib/Logging`]
  [d6f4376e] Markdown  [`@stdlib/Markdown`]
  [de0858da] Printf  [`@stdlib/Printf`]
  [9a3f8284] Random  [`@stdlib/Random`]
  [9e88b42a] Serialization  [`@stdlib/Serialization`]
  [6462fe0b] Sockets  [`@stdlib/Sockets`]
  [8dfed614] Test  [`@stdlib/Test`]
  [4ec0a83e] Unicode  [`@stdlib/Unicode`]
┌ Warning: No real test code yet... just ensuring that "using" works.
└ @ Main ~/.julia/packages/GracePlot/I8jMW/test/runtests.jl:6
[ Info: Run sample/runsamples.jl for sample usage.
   Testing GracePlot tests passed 
