 Resolving package versions...
 Installed Aqua ─ v0.4.0
  Updating `~/.julia/environments/v1.0/Project.toml`
  [4c88cf16] + Aqua v0.4.0
  Updating `~/.julia/environments/v1.0/Manifest.toml`
  [4c88cf16] + Aqua v0.4.0
  [2a0f44e3] + Base64 
  [8ba89e20] + Distributed 
  [b77e0a4c] + InteractiveUtils 
  [8f399da3] + Libdl 
  [37e2e46d] + LinearAlgebra 
  [56ddb016] + Logging 
  [d6f4376e] + Markdown 
  [9a3f8284] + Random 
  [9e88b42a] + Serialization 
  [6462fe0b] + Sockets 
  [8dfed614] + Test 
   Testing Aqua
 Resolving package versions...
    Status `/tmp/tmpqVXhP9/Manifest.toml`
  [4c88cf16] Aqua v0.4.0
  [2a0f44e3] Base64  [`@stdlib/Base64`]
  [8ba89e20] Distributed  [`@stdlib/Distributed`]
  [b77e0a4c] InteractiveUtils  [`@stdlib/InteractiveUtils`]
  [8f399da3] Libdl  [`@stdlib/Libdl`]
  [37e2e46d] LinearAlgebra  [`@stdlib/LinearAlgebra`]
  [56ddb016] Logging  [`@stdlib/Logging`]
  [d6f4376e] Markdown  [`@stdlib/Markdown`]
  [9a3f8284] Random  [`@stdlib/Random`]
  [9e88b42a] Serialization  [`@stdlib/Serialization`]
  [6462fe0b] Sockets  [`@stdlib/Sockets`]
  [8dfed614] Test  [`@stdlib/Test`]
[ Info: ↓↓↓ Following failures are expected. ↓↓↓
1 ambiguities found
Ambiguity #1
f(::Any, ::Int64) in PkgWithAmbiguities at /root/.julia/packages/Aqua/ZIThm/test/pkgs/PkgWithAmbiguities.jl:3
f(::Int64, ::Any) in PkgWithAmbiguities at /root/.julia/packages/Aqua/ZIThm/test/pkgs/PkgWithAmbiguities.jl:4

[ Info: ↑↑↑ Above failures are expected. ↑↑↑
Test Summary:       | Pass  Total
test_ambiguities.jl |    4      4
Test Summary:   | Pass  Total
test_exclude.jl |   14     14
Skipping Base.Filesystem.JL_O_RANDOM
Skipping Base.Filesystem.JL_O_SEQUENTIAL
Skipping Base.Filesystem.JL_O_SHORT_LIVED
Skipping Base.Filesystem.JL_O_TEMPORARY
Skipping Base.active_repl
Skipping Base.active_repl_backend
Test Summary: | Pass  Total
test_smoke.jl |    3      3
Test Summary:        | Pass  Total
test_unbound_args.jl |    4      4
Skipping PkgWithUndefinedExports.undefined_name
Skipping PkgWithUndefinedExports.undefined_name
Test Summary:             | Pass  Total
test_undefined_exports.jl |    4      4
   Testing Aqua tests passed 
