 Resolving package versions...
 Installed IterationManagers ─ v0.1.0
  Updating `~/.julia/environments/v1.0/Project.toml`
  [69680d3f] + IterationManagers v0.1.0
  Updating `~/.julia/environments/v1.0/Manifest.toml`
  [69680d3f] + IterationManagers v0.1.0
  [2a0f44e3] + Base64 
  [8ba89e20] + Distributed 
  [b77e0a4c] + InteractiveUtils 
  [8f399da3] + Libdl 
  [37e2e46d] + LinearAlgebra 
  [56ddb016] + Logging 
  [d6f4376e] + Markdown 
  [de0858da] + Printf 
  [9a3f8284] + Random 
  [9e88b42a] + Serialization 
  [6462fe0b] + Sockets 
  [8dfed614] + Test 
  [4ec0a83e] + Unicode 
   Testing IterationManagers
    Status `/tmp/tmpniOZQU/Manifest.toml`
  [69680d3f] IterationManagers v0.1.0
  [2a0f44e3] Base64  [`@stdlib/Base64`]
  [8ba89e20] Distributed  [`@stdlib/Distributed`]
  [b77e0a4c] InteractiveUtils  [`@stdlib/InteractiveUtils`]
  [8f399da3] Libdl  [`@stdlib/Libdl`]
  [37e2e46d] LinearAlgebra  [`@stdlib/LinearAlgebra`]
  [56ddb016] Logging  [`@stdlib/Logging`]
  [d6f4376e] Markdown  [`@stdlib/Markdown`]
  [de0858da] Printf  [`@stdlib/Printf`]
  [9a3f8284] Random  [`@stdlib/Random`]
  [9e88b42a] Serialization  [`@stdlib/Serialization`]
  [6462fe0b] Sockets  [`@stdlib/Sockets`]
  [8dfed614] Test  [`@stdlib/Test`]
  [4ec0a83e] Unicode  [`@stdlib/Unicode`]
Iteration    Distance       Elapsed (seconds)
---------------------------------------------
1            8.82388e-01    0.25956           
5            1.74299e-01    0.32560           
10           2.29529e-02    0.32877           
15           3.02261e-03    0.33025           
20           3.98039e-04    0.33181           
25           5.24166e-05    0.33322           
30           6.90260e-06    0.33547           
35           9.08985e-07    0.33764           
40           1.19702e-07    0.33953           
45           1.57632e-08    0.34136           
50           2.07581e-09    0.34323           
55           2.73358e-10    0.34518           
60           3.59979e-11    0.34694           
65           4.74021e-12    0.34858           
Iteration    Distance       Elapsed (seconds)
---------------------------------------------
Error During Test at /root/.julia/packages/IterationManagers/t2sFU/test/newton.jl:36
  Test threw exception
  Expression: (newton2(rosenbrock_gradient, rosenbrock_hessian, [-10.0, -10.0], print_skip=2)).prev ≈ [1.0, 1.0]
  MethodError: no method matching copy!(::Array{Float64,1}, ::Array{Float64,1})
  Stacktrace:
   [1] update_prev!(::IterationManagers.DefaultState{Array{Float64,1}}, ::Array{Float64,1}) at /root/.julia/packages/IterationManagers/t2sFU/src/states/default.jl:37
   [2] #update!#1(::typeof(IterationManagers.default_by), ::Function, ::IterationManagers.DefaultState{Array{Float64,1}}, ::Array{Float64,1}) at /root/.julia/packages/IterationManagers/t2sFU/src/states/default.jl:47
   [3] (::getfield(IterationManagers, Symbol("#kw##update!")))(::NamedTuple{(:by,),Tuple{typeof(IterationManagers.default_by)}}, ::typeof(IterationManagers.update!), ::IterationManagers.DefaultState{Array{Float64,1}}, ::Array{Float64,1}) at ./none:0
   [4] #managed_iteration#6(::Function, ::Function, ::getfield(Main.TestIM, Symbol("##2#3")){typeof(Main.TestIM.rosenbrock_gradient),typeof(Main.TestIM.rosenbrock_hessian)}, ::IterationManagers.IterTolManager, ::IterationManagers.DefaultState{Array{Float64,1}}) at /root/.julia/packages/IterationManagers/t2sFU/src/api.jl:156
   [5] managed_iteration(::Function, ::IterationManagers.IterTolManager, ::IterationManagers.DefaultState{Array{Float64,1}}) at /root/.julia/packages/IterationManagers/t2sFU/src/api.jl:152
   [6] (::getfield(Main.TestIM, Symbol("#kw##newton2")))(::NamedTuple{(:print_skip,),Tuple{Int64}}, ::typeof(Main.TestIM.newton2), ::Function, ::Function, ::Array{Float64,1}) at /root/.julia/packages/IterationManagers/t2sFU/test/newton.jl:8
   [7] top-level scope at none:0
   [8] include at ./boot.jl:317 [inlined]
   [9] include_relative(::Module, ::String) at ./loading.jl:1044
   [10] include at ./sysimg.jl:29 [inlined]
   [11] include(::String) at /root/.julia/packages/IterationManagers/t2sFU/test/runtests.jl:1
   [12] top-level scope at none:0
   [13] include at ./boot.jl:317 [inlined]
   [14] include_relative(::Module, ::String) at ./loading.jl:1044
   [15] include(::Module, ::String) at ./sysimg.jl:29
   [16] include(::String) at ./client.jl:392
   [17] top-level scope at none:0
   [18] eval(::Module, ::Any) at ./boot.jl:319
   [19] exec_options(::Base.JLOptions) at ./client.jl:243
   [20] _start() at ./client.jl:425
ERROR: LoadError: LoadError: There was an error during testing
in expression starting at /root/.julia/packages/IterationManagers/t2sFU/test/newton.jl:36
in expression starting at /root/.julia/packages/IterationManagers/t2sFU/test/runtests.jl:7
ERROR: Package IterationManagers errored during testing
Stacktrace:
 [1] pkgerror(::String, ::Vararg{String,N} where N) at /buildworker/worker/package_linux64/build/usr/share/julia/stdlib/v1.0/Pkg/src/Types.jl:120
 [2] #test#65(::Bool, ::Function, ::Pkg.Types.Context, ::Array{Pkg.Types.PackageSpec,1}) at /buildworker/worker/package_linux64/build/usr/share/julia/stdlib/v1.0/Pkg/src/Operations.jl:1357
 [3] #test at /buildworker/worker/package_linux64/build/usr/share/julia/stdlib/v1.0/Pkg/src/API.jl:0 [inlined]
 [4] #test#44(::Bool, ::Base.Iterators.Pairs{Union{},Union{},Tuple{},NamedTuple{(),Tuple{}}}, ::Function, ::Pkg.Types.Context, ::Array{Pkg.Types.PackageSpec,1}) at /buildworker/worker/package_linux64/build/usr/share/julia/stdlib/v1.0/Pkg/src/API.jl:278
 [5] test at /buildworker/worker/package_linux64/build/usr/share/julia/stdlib/v1.0/Pkg/src/API.jl:263 [inlined]
 [6] #test#43 at /buildworker/worker/package_linux64/build/usr/share/julia/stdlib/v1.0/Pkg/src/API.jl:260 [inlined]
 [7] test at /buildworker/worker/package_linux64/build/usr/share/julia/stdlib/v1.0/Pkg/src/API.jl:260 [inlined]
 [8] #test#42 at /buildworker/worker/package_linux64/build/usr/share/julia/stdlib/v1.0/Pkg/src/API.jl:259 [inlined]
 [9] test at /buildworker/worker/package_linux64/build/usr/share/julia/stdlib/v1.0/Pkg/src/API.jl:259 [inlined]
 [10] #test#41 at /buildworker/worker/package_linux64/build/usr/share/julia/stdlib/v1.0/Pkg/src/API.jl:258 [inlined]
 [11] test(::String) at /buildworker/worker/package_linux64/build/usr/share/julia/stdlib/v1.0/Pkg/src/API.jl:258
 [12] top-level scope at none:0
