 Resolving package versions...
 Installed UnitfulAngles ─────── v0.5.0
 Installed Requires ──────────── v0.5.2
 Installed RecipesBase ───────── v0.7.0
 Installed Parsers ───────────── v0.3.10
 Installed Unitful ───────────── v0.17.0
 Installed DutyCycles ────────── v0.1.0
 Installed DocStringExtensions ─ v0.8.1
 Installed JSON ──────────────── v0.21.0
 Installed Calculus ──────────── v0.5.1
 Installed Measurements ──────── v2.1.1
 Installed Documenter ────────── v0.24.0
  Updating `~/.julia/environments/v1.0/Project.toml`
  [85f775e4] + DutyCycles v0.1.0
  Updating `~/.julia/environments/v1.0/Manifest.toml`
  [49dc2e85] + Calculus v0.5.1
  [ffbed154] + DocStringExtensions v0.8.1
  [e30172f5] + Documenter v0.24.0
  [85f775e4] + DutyCycles v0.1.0
  [682c06a0] + JSON v0.21.0
  [eff96d63] + Measurements v2.1.1
  [69de0a69] + Parsers v0.3.10
  [3cdcf5f2] + RecipesBase v0.7.0
  [ae029012] + Requires v0.5.2
  [1986cc42] + Unitful v0.17.0
  [6fb2a4bd] + UnitfulAngles v0.5.0
  [2a0f44e3] + Base64 
  [ade2ca70] + Dates 
  [8ba89e20] + Distributed 
  [b77e0a4c] + InteractiveUtils 
  [76f85450] + LibGit2 
  [8f399da3] + Libdl 
  [37e2e46d] + LinearAlgebra 
  [56ddb016] + Logging 
  [d6f4376e] + Markdown 
  [a63ad114] + Mmap 
  [44cfe95a] + Pkg 
  [de0858da] + Printf 
  [3fa0cd96] + REPL 
  [9a3f8284] + Random 
  [ea8e919c] + SHA 
  [9e88b42a] + Serialization 
  [6462fe0b] + Sockets 
  [2f01184e] + SparseArrays 
  [10745b16] + Statistics 
  [8dfed614] + Test 
  [cf7118a7] + UUIDs 
  [4ec0a83e] + Unicode 
   Testing DutyCycles
 Resolving package versions...
    Status `/tmp/tmpO3vNup/Manifest.toml`
  [49dc2e85] Calculus v0.5.1
  [ffbed154] DocStringExtensions v0.8.1
  [e30172f5] Documenter v0.24.0
  [85f775e4] DutyCycles v0.1.0
  [682c06a0] JSON v0.21.0
  [eff96d63] Measurements v2.1.1
  [69de0a69] Parsers v0.3.10
  [3cdcf5f2] RecipesBase v0.7.0
  [ae029012] Requires v0.5.2
  [1986cc42] Unitful v0.17.0
  [6fb2a4bd] UnitfulAngles v0.5.0
  [2a0f44e3] Base64  [`@stdlib/Base64`]
  [ade2ca70] Dates  [`@stdlib/Dates`]
  [8ba89e20] Distributed  [`@stdlib/Distributed`]
  [b77e0a4c] InteractiveUtils  [`@stdlib/InteractiveUtils`]
  [76f85450] LibGit2  [`@stdlib/LibGit2`]
  [8f399da3] Libdl  [`@stdlib/Libdl`]
  [37e2e46d] LinearAlgebra  [`@stdlib/LinearAlgebra`]
  [56ddb016] Logging  [`@stdlib/Logging`]
  [d6f4376e] Markdown  [`@stdlib/Markdown`]
  [a63ad114] Mmap  [`@stdlib/Mmap`]
  [44cfe95a] Pkg  [`@stdlib/Pkg`]
  [de0858da] Printf  [`@stdlib/Printf`]
  [3fa0cd96] REPL  [`@stdlib/REPL`]
  [9a3f8284] Random  [`@stdlib/Random`]
  [ea8e919c] SHA  [`@stdlib/SHA`]
  [9e88b42a] Serialization  [`@stdlib/Serialization`]
  [6462fe0b] Sockets  [`@stdlib/Sockets`]
  [2f01184e] SparseArrays  [`@stdlib/SparseArrays`]
  [10745b16] Statistics  [`@stdlib/Statistics`]
  [8dfed614] Test  [`@stdlib/Test`]
  [cf7118a7] UUIDs  [`@stdlib/UUIDs`]
  [4ec0a83e] Unicode  [`@stdlib/Unicode`]
Test Summary: | Pass  Broken  Total
DutyCycles    | 1492       1   1493
Test Summary: | Pass  Total
pre-doctests  |    6      6
   Testing DutyCycles tests passed 
