 Resolving package versions...
 Installed CMake ────────────── v1.1.2
 Installed Blosc ────────────── v0.5.1
 Installed Compat ───────────── v2.2.0
 Installed OrderedCollections ─ v1.1.0
 Installed Parameters ───────── v0.12.0
 Installed HDF5 ─────────────── v0.12.5
 Installed BinaryProvider ───── v0.5.8
 Installed CMakeWrapper ─────── v0.2.3
 Installed URIParser ────────── v0.4.0
 Installed BinDeps ──────────── v0.8.10
  Updating `~/.julia/environments/v1.2/Project.toml`
  [f67ccb44] + HDF5 v0.12.5
  Updating `~/.julia/environments/v1.2/Manifest.toml`
  [9e28174c] + BinDeps v0.8.10
  [b99e7846] + BinaryProvider v0.5.8
  [a74b3585] + Blosc v0.5.1
  [631607c0] + CMake v1.1.2
  [d5fb7624] + CMakeWrapper v0.2.3
  [34da2185] + Compat v2.2.0
  [f67ccb44] + HDF5 v0.12.5
  [bac558e1] + OrderedCollections v1.1.0
  [d96e819e] + Parameters v0.12.0
  [30578b45] + URIParser v0.4.0
  [2a0f44e3] + Base64 
  [ade2ca70] + Dates 
  [8bb1440f] + DelimitedFiles 
  [8ba89e20] + Distributed 
  [b77e0a4c] + InteractiveUtils 
  [76f85450] + LibGit2 
  [8f399da3] + Libdl 
  [37e2e46d] + LinearAlgebra 
  [56ddb016] + Logging 
  [d6f4376e] + Markdown 
  [a63ad114] + Mmap 
  [44cfe95a] + Pkg 
  [de0858da] + Printf 
  [3fa0cd96] + REPL 
  [9a3f8284] + Random 
  [ea8e919c] + SHA 
  [9e88b42a] + Serialization 
  [1a1011a3] + SharedArrays 
  [6462fe0b] + Sockets 
  [2f01184e] + SparseArrays 
  [10745b16] + Statistics 
  [8dfed614] + Test 
  [cf7118a7] + UUIDs 
  [4ec0a83e] + Unicode 
  Building CMake → `~/.julia/packages/CMake/nSK2r/deps/build.log`
  Building Blosc → `~/.julia/packages/Blosc/lzFr0/deps/build.log`
  Building HDF5 ─→ `~/.julia/packages/HDF5/Zh9on/deps/build.log`
   Testing HDF5
 Resolving package versions...
    Status `/tmp/jl_V7ehet/Manifest.toml`
  [9e28174c] BinDeps v0.8.10
  [b99e7846] BinaryProvider v0.5.8
  [a74b3585] Blosc v0.5.1
  [631607c0] CMake v1.1.2
  [d5fb7624] CMakeWrapper v0.2.3
  [34da2185] Compat v2.2.0
  [f67ccb44] HDF5 v0.12.5
  [bac558e1] OrderedCollections v1.1.0
  [d96e819e] Parameters v0.12.0
  [30578b45] URIParser v0.4.0
  [2a0f44e3] Base64  [`@stdlib/Base64`]
  [8bf52ea8] CRC32c  [`@stdlib/CRC32c`]
  [ade2ca70] Dates  [`@stdlib/Dates`]
  [8bb1440f] DelimitedFiles  [`@stdlib/DelimitedFiles`]
  [8ba89e20] Distributed  [`@stdlib/Distributed`]
  [b77e0a4c] InteractiveUtils  [`@stdlib/InteractiveUtils`]
  [76f85450] LibGit2  [`@stdlib/LibGit2`]
  [8f399da3] Libdl  [`@stdlib/Libdl`]
  [37e2e46d] LinearAlgebra  [`@stdlib/LinearAlgebra`]
  [56ddb016] Logging  [`@stdlib/Logging`]
  [d6f4376e] Markdown  [`@stdlib/Markdown`]
  [a63ad114] Mmap  [`@stdlib/Mmap`]
  [44cfe95a] Pkg  [`@stdlib/Pkg`]
  [de0858da] Printf  [`@stdlib/Printf`]
  [3fa0cd96] REPL  [`@stdlib/REPL`]
  [9a3f8284] Random  [`@stdlib/Random`]
  [ea8e919c] SHA  [`@stdlib/SHA`]
  [9e88b42a] Serialization  [`@stdlib/Serialization`]
  [1a1011a3] SharedArrays  [`@stdlib/SharedArrays`]
  [6462fe0b] Sockets  [`@stdlib/Sockets`]
  [2f01184e] SparseArrays  [`@stdlib/SparseArrays`]
  [10745b16] Statistics  [`@stdlib/Statistics`]
  [8dfed614] Test  [`@stdlib/Test`]
  [cf7118a7] UUIDs  [`@stdlib/UUIDs`]
  [4ec0a83e] Unicode  [`@stdlib/Unicode`]
HDF5 version 1.10.4
Test Summary: | Pass  Total
plain         |  129    129
Test Summary: | Pass  Total
complex       |   13     13
Test Summary:      | Pass  Total
undefined and null |    4      4
Test Summary:   | Pass  Total
abstract arrays |    2      2
Test Summary: | Pass  Total
readremote    |   23     23
Test Summary: | Pass  Total
extendtest    |   17     17
Test Summary: | Pass  Total
gc            |  100    100
Test Summary: | Pass  Total
external      |    6      6
Test Summary: | Pass  Total
swmr          |    4      4
Test Summary: | Pass  Total
mmap          |    3      3
   Testing HDF5 tests passed 
