 Resolving package versions...
 Installed GraphBLASInterface ─── v0.2.0
 Installed BinaryProvider ─────── v0.5.8
 Installed SuiteSparseGraphBLAS ─ v0.3.2
  Updating `~/.julia/environments/v1.2/Project.toml`
  [c2e53296] + SuiteSparseGraphBLAS v0.3.2
  Updating `~/.julia/environments/v1.2/Manifest.toml`
  [b99e7846] + BinaryProvider v0.5.8
  [5f047416] + GraphBLASInterface v0.2.0
  [c2e53296] + SuiteSparseGraphBLAS v0.3.2
  [2a0f44e3] + Base64 
  [8ba89e20] + Distributed 
  [b77e0a4c] + InteractiveUtils 
  [8f399da3] + Libdl 
  [56ddb016] + Logging 
  [d6f4376e] + Markdown 
  [de0858da] + Printf 
  [9a3f8284] + Random 
  [ea8e919c] + SHA 
  [9e88b42a] + Serialization 
  [6462fe0b] + Sockets 
  [8dfed614] + Test 
  [4ec0a83e] + Unicode 
  Building SuiteSparseGraphBLAS → `~/.julia/packages/SuiteSparseGraphBLAS/jdY9R/deps/build.log`
   Testing SuiteSparseGraphBLAS
    Status `/tmp/jl_7P6Cu1/Manifest.toml`
  [b99e7846] BinaryProvider v0.5.8
  [5f047416] GraphBLASInterface v0.2.0
  [c2e53296] SuiteSparseGraphBLAS v0.3.2
  [2a0f44e3] Base64  [`@stdlib/Base64`]
  [8ba89e20] Distributed  [`@stdlib/Distributed`]
  [b77e0a4c] InteractiveUtils  [`@stdlib/InteractiveUtils`]
  [8f399da3] Libdl  [`@stdlib/Libdl`]
  [56ddb016] Logging  [`@stdlib/Logging`]
  [d6f4376e] Markdown  [`@stdlib/Markdown`]
  [de0858da] Printf  [`@stdlib/Printf`]
  [9a3f8284] Random  [`@stdlib/Random`]
  [ea8e919c] SHA  [`@stdlib/SHA`]
  [9e88b42a] Serialization  [`@stdlib/Serialization`]
  [6462fe0b] Sockets  [`@stdlib/Sockets`]
  [8dfed614] Test  [`@stdlib/Test`]
  [4ec0a83e] Unicode  [`@stdlib/Unicode`]
Test Summary:        | Pass  Total
SuiteSparseGraphBLAS |  308    308
   Testing SuiteSparseGraphBLAS tests passed 
