 Resolving package versions...
 Installed Requires ──────── v0.5.2
 Installed BinaryProvider ── v0.5.8
 Installed AbstractAlgebra ─ v0.7.1
 Installed Nemo ──────────── v0.15.1
 Installed Hecke ─────────── v0.6.7
  Updating `~/.julia/environments/v1.0/Project.toml`
  [3e1990a7] + Hecke v0.6.7
  Updating `~/.julia/environments/v1.0/Manifest.toml`
  [c3fe647b] + AbstractAlgebra v0.7.1
  [b99e7846] + BinaryProvider v0.5.8
  [3e1990a7] + Hecke v0.6.7
  [2edaba10] + Nemo v0.15.1
  [ae029012] + Requires v0.5.2
  [2a0f44e3] + Base64 
  [ade2ca70] + Dates 
  [8ba89e20] + Distributed 
  [b77e0a4c] + InteractiveUtils 
  [76f85450] + LibGit2 
  [8f399da3] + Libdl 
  [37e2e46d] + LinearAlgebra 
  [56ddb016] + Logging 
  [d6f4376e] + Markdown 
  [44cfe95a] + Pkg 
  [de0858da] + Printf 
  [9abbd945] + Profile 
  [3fa0cd96] + REPL 
  [9a3f8284] + Random 
  [ea8e919c] + SHA 
  [9e88b42a] + Serialization 
  [6462fe0b] + Sockets 
  [2f01184e] + SparseArrays 
  [8dfed614] + Test 
  [cf7118a7] + UUIDs 
  [4ec0a83e] + Unicode 
  Building Nemo → `~/.julia/packages/Nemo/qzx0m/deps/build.log`
   Testing Hecke
    Status `/tmp/tmpEU0TG7/Manifest.toml`
  [c3fe647b] AbstractAlgebra v0.7.1
  [b99e7846] BinaryProvider v0.5.8
  [3e1990a7] Hecke v0.6.7
  [2edaba10] Nemo v0.15.1
  [ae029012] Requires v0.5.2
  [2a0f44e3] Base64  [`@stdlib/Base64`]
  [ade2ca70] Dates  [`@stdlib/Dates`]
  [8ba89e20] Distributed  [`@stdlib/Distributed`]
  [b77e0a4c] InteractiveUtils  [`@stdlib/InteractiveUtils`]
  [76f85450] LibGit2  [`@stdlib/LibGit2`]
  [8f399da3] Libdl  [`@stdlib/Libdl`]
  [37e2e46d] LinearAlgebra  [`@stdlib/LinearAlgebra`]
  [56ddb016] Logging  [`@stdlib/Logging`]
  [d6f4376e] Markdown  [`@stdlib/Markdown`]
  [44cfe95a] Pkg  [`@stdlib/Pkg`]
  [de0858da] Printf  [`@stdlib/Printf`]
  [9abbd945] Profile  [`@stdlib/Profile`]
  [3fa0cd96] REPL  [`@stdlib/REPL`]
  [9a3f8284] Random  [`@stdlib/Random`]
  [ea8e919c] SHA  [`@stdlib/SHA`]
  [9e88b42a] Serialization  [`@stdlib/Serialization`]
  [6462fe0b] Sockets  [`@stdlib/Sockets`]
  [2f01184e] SparseArrays  [`@stdlib/SparseArrays`]
  [8dfed614] Test  [`@stdlib/Test`]
  [cf7118a7] UUIDs  [`@stdlib/UUIDs`]
  [4ec0a83e] Unicode  [`@stdlib/Unicode`]

Welcome to Nemo version 0.15.1

Nemo comes with absolutely no warranty whatsoever


Welcome to Nemo version 0.15.1

Nemo comes with absolutely no warranty whatsoever


Welcome to 

    _    _           _
   | |  | |         | |
   | |__| | ___  ___| | _____
   |  __  |/ _ \/ __| |/ / _ \
   | |  | |  __/ (__|   <  __/
   |_|  |_|\___|\___|_|\_\___|
    
Version 0.6.7 ... 
 ... which comes with absolutely no warranty whatsoever
(c) 2015-2019 by Claus Fieker, Tommy Hofmann and Carlo Sircana

Test Summary: | Pass  Total
Number fields |   20     20
 99.769029 seconds (80.45 M allocations: 4.017 GiB, 6.91% gc time)
Test Summary: | Pass  Total
AlgAss        |  919    919
271.836225 seconds (169.49 M allocations: 9.144 GiB, 6.10% gc time)
"having a hard time computing the LLL basis" = "having a hard time computing the LLL basis"
Test Summary: | Pass  Total
AlgAssAbsOrd  |  179    179
443.074251 seconds (557.70 M allocations: 23.910 GiB, 15.27% gc time)
Test Summary: | Pass  Total
AlgAssRelOrd  |   33     33
 61.753990 seconds (105.09 M allocations: 4.173 GiB, 19.60% gc time)
Test Summary:   | Pass  Total
Elliptic curves |  278    278
 58.671183 seconds (24.04 M allocations: 2.952 GiB, 5.43% gc time)
Test Summary:                     | Pass  Total
Finitely generated abelian groups |  333    333
 67.698957 seconds (31.94 M allocations: 1.456 GiB, 6.43% gc time)
Test Summary:  | Pass  Total
Generic Groups |  928    928
 41.707985 seconds (76.90 M allocations: 3.539 GiB, 17.07% gc time)
Test Summary:  |
Linear algebra | No tests
  0.052555 seconds (782 allocations: 61.125 KiB)
Test Summary: | Pass  Total
Map           |  132    132
  3.008769 seconds (879.88 k allocations: 44.718 MiB, 3.51% gc time)
Test Summary: | Pass  Total
Misc          | 5057   5057
346.655898 seconds (172.21 M allocations: 18.721 GiB, 6.09% gc time)
Test Summary: | Pass  Total
NfAbs         | 2089   2089
307.873209 seconds (169.81 M allocations: 23.544 GiB, 9.34% gc time)
NfOrd.jl
 23.555516 seconds (7.98 M allocations: 507.460 MiB, 5.02% gc time)
Elem.jl
 11.596653 seconds (439.44 k allocations: 23.949 MiB, 0.86% gc time)
Ideal.jl
 21.904344 seconds (15.55 M allocations: 992.900 MiB, 9.09% gc time)
FracIdl.jl
  6.409598 seconds (1.41 M allocations: 71.628 MiB, 3.57% gc time)
ResidueRing.jl
  0.651947 seconds (120.83 k allocations: 14.863 MiB, 13.17% gc time)
Clgp.jl
255.257546 seconds (232.29 M allocations: 22.943 GiB, 14.86% gc time)
RayClassGroup.jl
  9.610374 seconds (6.03 M allocations: 313.499 MiB, 8.75% gc time)
ResidueRingMultGrp.jl
 48.651688 seconds (39.66 M allocations: 2.542 GiB, 15.84% gc time)
Overorders.jl
 45.698802 seconds (64.63 M allocations: 3.259 GiB, 25.87% gc time)
LinearAlgebra.jl
  0.000177 seconds (404 allocations: 18.328 KiB)
 57.207154 seconds (37.22 M allocations: 3.575 GiB, 14.74% gc time)
PicardGroup.jl
 46.024527 seconds (39.30 M allocations: 3.836 GiB, 15.17% gc time)
Test Summary:                    |  Pass  Total
Orders in absolute number fields | 15581  15581
526.900459 seconds (444.63 M allocations: 38.033 GiB, 14.67% gc time)
NfRel/NfRelOrd.jl
103.298440 seconds (86.14 M allocations: 5.142 GiB, 14.49% gc time)
NfRel/Ideal.jl
 14.126126 seconds (13.37 M allocations: 772.761 MiB, 20.33% gc time)
NfRel/FracIdeal.jl
  0.459005 seconds (266.89 k allocations: 15.549 MiB, 25.05% gc time)
NfRel/NfRel.jl
  1.226049 seconds (374.48 k allocations: 50.001 MiB, 14.58% gc time)
NfRel/Elem.jl
  0.343174 seconds (33.56 k allocations: 1.931 MiB)
NfRel/NEQ_Kirschmer.jl
 10.673890 seconds (6.97 M allocations: 361.886 MiB, 11.68% gc time)
Test Summary: | Pass  Total
NfRel         |   83     83
130.265532 seconds (107.17 M allocations: 6.316 GiB, 14.87% gc time)
Test Summary: | Pass  Total
RCF           |   60     60
109.742176 seconds (85.08 M allocations: 5.408 GiB, 14.73% gc time)
Test Summary: |
Examples      | No tests
  0.101856 seconds (1.35 k allocations: 112.375 KiB)
Test Summary: | Pass  Total
Sparse        |  176    176
 19.139477 seconds (5.66 M allocations: 284.907 MiB, 5.31% gc time)
