 Resolving package versions...
 Installed Missings ─────────── v0.4.3
 Installed DataAPI ──────────── v1.1.0
 Installed OrderedCollections ─ v1.1.0
 Installed Parsers ──────────── v0.3.10
 Installed KernelMethods ────── v0.1.3
 Installed StatsBase ────────── v0.32.0
 Installed JSON ─────────────── v0.21.0
 Installed SimilaritySearch ─── v0.3.16
 Installed SortingAlgorithms ── v0.3.1
 Installed DataStructures ───── v0.17.6
  Updating `~/.julia/environments/v1.0/Project.toml`
  [d79e8f30] + KernelMethods v0.1.3
  Updating `~/.julia/environments/v1.0/Manifest.toml`
  [9a962f9c] + DataAPI v1.1.0
  [864edb3b] + DataStructures v0.17.6
  [682c06a0] + JSON v0.21.0
  [d79e8f30] + KernelMethods v0.1.3
  [e1d29d7a] + Missings v0.4.3
  [bac558e1] + OrderedCollections v1.1.0
  [69de0a69] + Parsers v0.3.10
  [053f045d] + SimilaritySearch v0.3.16
  [a2af1166] + SortingAlgorithms v0.3.1
  [2913bbd2] + StatsBase v0.32.0
  [2a0f44e3] + Base64 
  [ade2ca70] + Dates 
  [8bb1440f] + DelimitedFiles 
  [8ba89e20] + Distributed 
  [b77e0a4c] + InteractiveUtils 
  [8f399da3] + Libdl 
  [37e2e46d] + LinearAlgebra 
  [56ddb016] + Logging 
  [d6f4376e] + Markdown 
  [a63ad114] + Mmap 
  [de0858da] + Printf 
  [9a3f8284] + Random 
  [9e88b42a] + Serialization 
  [6462fe0b] + Sockets 
  [2f01184e] + SparseArrays 
  [10745b16] + Statistics 
  [8dfed614] + Test 
  [4ec0a83e] + Unicode 
   Testing KernelMethods
    Status `/tmp/tmpHWwpgz/Manifest.toml`
  [9a962f9c] DataAPI v1.1.0
  [864edb3b] DataStructures v0.17.6
  [682c06a0] JSON v0.21.0
  [d79e8f30] KernelMethods v0.1.3
  [e1d29d7a] Missings v0.4.3
  [bac558e1] OrderedCollections v1.1.0
  [69de0a69] Parsers v0.3.10
  [053f045d] SimilaritySearch v0.3.16
  [a2af1166] SortingAlgorithms v0.3.1
  [2913bbd2] StatsBase v0.32.0
  [2a0f44e3] Base64  [`@stdlib/Base64`]
  [ade2ca70] Dates  [`@stdlib/Dates`]
  [8bb1440f] DelimitedFiles  [`@stdlib/DelimitedFiles`]
  [8ba89e20] Distributed  [`@stdlib/Distributed`]
  [b77e0a4c] InteractiveUtils  [`@stdlib/InteractiveUtils`]
  [8f399da3] Libdl  [`@stdlib/Libdl`]
  [37e2e46d] LinearAlgebra  [`@stdlib/LinearAlgebra`]
  [56ddb016] Logging  [`@stdlib/Logging`]
  [d6f4376e] Markdown  [`@stdlib/Markdown`]
  [a63ad114] Mmap  [`@stdlib/Mmap`]
  [de0858da] Printf  [`@stdlib/Printf`]
  [9a3f8284] Random  [`@stdlib/Random`]
  [9e88b42a] Serialization  [`@stdlib/Serialization`]
  [6462fe0b] Sockets  [`@stdlib/Sockets`]
  [2f01184e] SparseArrays  [`@stdlib/SparseArrays`]
  [10745b16] Statistics  [`@stdlib/Statistics`]
  [8dfed614] Test  [`@stdlib/Test`]
  [4ec0a83e] Unicode  [`@stdlib/Unicode`]
Test Summary: | Pass  Total
Scores        |    9      9
Test Summary:   | Pass  Total
CrossValidation |   82     82
  % Total    % Received % Xferd  Average Speed   Time    Time     Time  Current
                                 Dload  Upload   Total   Spent    Left  Speed
  0     0    0     0    0     0      0      0 --:--:-- --:--:-- --:--:--     0  0     0    0     0    0     0      0      0 --:--:-- --:--:-- --:--:--     0100  4551  100  4551    0     0   5171      0 --:--:-- --:--:-- --:--:--  5165
computing fartest point 1, dmax: Inf, imax: 39, stop: getfield(KernelMethods.KMap, Symbol("##3#4")){Int64}(21)
computing fartest point 2, dmax: 1.6690839122427716, imax: 16, stop: getfield(KernelMethods.KMap, Symbol("##3#4")){Int64}(21)
computing fartest point 3, dmax: 1.0086076181264974, imax: 21, stop: getfield(KernelMethods.KMap, Symbol("##3#4")){Int64}(21)
computing fartest point 4, dmax: 0.7006891265015001, imax: 42, stop: getfield(KernelMethods.KMap, Symbol("##3#4")){Int64}(21)
computing fartest point 5, dmax: 0.6223321824640314, imax: 23, stop: getfield(KernelMethods.KMap, Symbol("##3#4")){Int64}(21)
computing fartest point 6, dmax: 0.6047989592218348, imax: 25, stop: getfield(KernelMethods.KMap, Symbol("##3#4")){Int64}(21)
computing fartest point 7, dmax: 0.550123308336836, imax: 33, stop: getfield(KernelMethods.KMap, Symbol("##3#4")){Int64}(21)
computing fartest point 8, dmax: 0.5009543442949512, imax: 36, stop: getfield(KernelMethods.KMap, Symbol("##3#4")){Int64}(21)
computing fartest point 9, dmax: 0.45218744012670875, imax: 15, stop: getfield(KernelMethods.KMap, Symbol("##3#4")){Int64}(21)
computing fartest point 10, dmax: 0.4521874401267084, imax: 44, stop: getfield(KernelMethods.KMap, Symbol("##3#4")){Int64}(21)
computing fartest point 11, dmax: 0.44267728505572196, imax: 19, stop: getfield(KernelMethods.KMap, Symbol("##3#4")){Int64}(21)
computing fartest point 12, dmax: 0.41305913003028244, imax: 7, stop: getfield(KernelMethods.KMap, Symbol("##3#4")){Int64}(21)
computing fartest point 13, dmax: 0.41189482630563484, imax: 26, stop: getfield(KernelMethods.KMap, Symbol("##3#4")){Int64}(21)
computing fartest point 14, dmax: 0.4118948263056346, imax: 5, stop: getfield(KernelMethods.KMap, Symbol("##3#4")){Int64}(21)
computing fartest point 15, dmax: 0.40248131919146923, imax: 37, stop: getfield(KernelMethods.KMap, Symbol("##3#4")){Int64}(21)
computing fartest point 16, dmax: 0.38557134423932293, imax: 45, stop: getfield(KernelMethods.KMap, Symbol("##3#4")){Int64}(21)
computing fartest point 17, dmax: 0.35770802956535763, imax: 17, stop: getfield(KernelMethods.KMap, Symbol("##3#4")){Int64}(21)
computing fartest point 18, dmax: 0.3047559503871529, imax: 6, stop: getfield(KernelMethods.KMap, Symbol("##3#4")){Int64}(21)
computing fartest point 19, dmax: 0.2818334139910908, imax: 34, stop: getfield(KernelMethods.KMap, Symbol("##3#4")){Int64}(21)
computing fartest point 20, dmax: 0.27900513350063555, imax: 49, stop: getfield(KernelMethods.KMap, Symbol("##3#4")){Int64}(21)
computing fartest point 21, dmax: 0.25408413705439814, imax: 30, stop: getfield(KernelMethods.KMap, Symbol("##3#4")){Int64}(21)
==> Iris-setosa: 1.0
computing fartest point 1, dmax: Inf, imax: 8, stop: getfield(KernelMethods.KMap, Symbol("##3#4")){Int64}(21)
computing fartest point 2, dmax: 2.2779806195715437, imax: 1, stop: getfield(KernelMethods.KMap, Symbol("##3#4")){Int64}(21)
computing fartest point 3, dmax: 1.3071266074039087, imax: 17, stop: getfield(KernelMethods.KMap, Symbol("##3#4")){Int64}(21)
computing fartest point 4, dmax: 0.9092386970146632, imax: 13, stop: getfield(KernelMethods.KMap, Symbol("##3#4")){Int64}(21)
computing fartest point 5, dmax: 0.789460744777127, imax: 23, stop: getfield(KernelMethods.KMap, Symbol("##3#4")){Int64}(21)
computing fartest point 6, dmax: 0.7711812280451216, imax: 15, stop: getfield(KernelMethods.KMap, Symbol("##3#4")){Int64}(21)
computing fartest point 7, dmax: 0.7037196713425041, imax: 7, stop: getfield(KernelMethods.KMap, Symbol("##3#4")){Int64}(21)
computing fartest point 8, dmax: 0.563508495744421, imax: 22, stop: getfield(KernelMethods.KMap, Symbol("##3#4")){Int64}(21)
computing fartest point 9, dmax: 0.5277581375553864, imax: 32, stop: getfield(KernelMethods.KMap, Symbol("##3#4")){Int64}(21)
computing fartest point 10, dmax: 0.47671833989312007, imax: 38, stop: getfield(KernelMethods.KMap, Symbol("##3#4")){Int64}(21)
computing fartest point 11, dmax: 0.452187440126708, imax: 10, stop: getfield(KernelMethods.KMap, Symbol("##3#4")){Int64}(21)
computing fartest point 12, dmax: 0.44366440986799077, imax: 9, stop: getfield(KernelMethods.KMap, Symbol("##3#4")){Int64}(21)
computing fartest point 13, dmax: 0.44366440986799033, imax: 41, stop: getfield(KernelMethods.KMap, Symbol("##3#4")){Int64}(21)
computing fartest point 14, dmax: 0.4292763936246034, imax: 28, stop: getfield(KernelMethods.KMap, Symbol("##3#4")){Int64}(21)
computing fartest point 15, dmax: 0.42304816086415314, imax: 14, stop: getfield(KernelMethods.KMap, Symbol("##3#4")){Int64}(21)
computing fartest point 16, dmax: 0.4142159340231796, imax: 21, stop: getfield(KernelMethods.KMap, Symbol("##3#4")){Int64}(21)
computing fartest point 17, dmax: 0.4130591300302824, imax: 11, stop: getfield(KernelMethods.KMap, Symbol("##3#4")){Int64}(21)
computing fartest point 18, dmax: 0.411894826305635, imax: 39, stop: getfield(KernelMethods.KMap, Symbol("##3#4")){Int64}(21)
computing fartest point 19, dmax: 0.3730802424093853, imax: 18, stop: getfield(KernelMethods.KMap, Symbol("##3#4")){Int64}(21)
computing fartest point 20, dmax: 0.37160686372008095, imax: 4, stop: getfield(KernelMethods.KMap, Symbol("##3#4")){Int64}(21)
computing fartest point 21, dmax: 0.3426990456803456, imax: 34, stop: getfield(KernelMethods.KMap, Symbol("##3#4")){Int64}(21)
==> Iris-versicolor: 0.9466666666666667
computing fartest point 1, dmax: Inf, imax: 48, stop: getfield(KernelMethods.KMap, Symbol("##3#4")){Int64}(21)
computing fartest point 2, dmax: 1.8528234320546337, imax: 19, stop: getfield(KernelMethods.KMap, Symbol("##3#4")){Int64}(21)
computing fartest point 3, dmax: 1.642728189878789, imax: 7, stop: getfield(KernelMethods.KMap, Symbol("##3#4")){Int64}(21)
computing fartest point 4, dmax: 1.2243859686204253, imax: 32, stop: getfield(KernelMethods.KMap, Symbol("##3#4")){Int64}(21)
computing fartest point 5, dmax: 0.8924082092643448, imax: 20, stop: getfield(KernelMethods.KMap, Symbol("##3#4")){Int64}(21)
computing fartest point 6, dmax: 0.8583726010219288, imax: 1, stop: getfield(KernelMethods.KMap, Symbol("##3#4")){Int64}(21)
computing fartest point 7, dmax: 0.8348582944852344, imax: 31, stop: getfield(KernelMethods.KMap, Symbol("##3#4")){Int64}(21)
computing fartest point 8, dmax: 0.7762282907291796, imax: 10, stop: getfield(KernelMethods.KMap, Symbol("##3#4")){Int64}(21)
computing fartest point 9, dmax: 0.7351328875059463, imax: 15, stop: getfield(KernelMethods.KMap, Symbol("##3#4")){Int64}(21)
computing fartest point 10, dmax: 0.6919943164920859, imax: 9, stop: getfield(KernelMethods.KMap, Symbol("##3#4")){Int64}(21)
computing fartest point 11, dmax: 0.6447266558658977, imax: 35, stop: getfield(KernelMethods.KMap, Symbol("##3#4")){Int64}(21)
computing fartest point 12, dmax: 0.6052813315485182, imax: 50, stop: getfield(KernelMethods.KMap, Symbol("##3#4")){Int64}(21)
computing fartest point 13, dmax: 0.5272812763331919, imax: 21, stop: getfield(KernelMethods.KMap, Symbol("##3#4")){Int64}(21)
computing fartest point 14, dmax: 0.48397603050106913, imax: 49, stop: getfield(KernelMethods.KMap, Symbol("##3#4")){Int64}(21)
computing fartest point 15, dmax: 0.47588204363484876, imax: 47, stop: getfield(KernelMethods.KMap, Symbol("##3#4")){Int64}(21)
computing fartest point 16, dmax: 0.45218744012670864, imax: 6, stop: getfield(KernelMethods.KMap, Symbol("##3#4")){Int64}(21)
computing fartest point 17, dmax: 0.4512427328645861, imax: 36, stop: getfield(KernelMethods.KMap, Symbol("##3#4")){Int64}(21)
computing fartest point 18, dmax: 0.44366440986799066, imax: 42, stop: getfield(KernelMethods.KMap, Symbol("##3#4")){Int64}(21)
computing fartest point 19, dmax: 0.4436644098679903, imax: 14, stop: getfield(KernelMethods.KMap, Symbol("##3#4")){Int64}(21)
computing fartest point 20, dmax: 0.44267728505572196, imax: 34, stop: getfield(KernelMethods.KMap, Symbol("##3#4")){Int64}(21)
computing fartest point 21, dmax: 0.42414336984337203, imax: 33, stop: getfield(KernelMethods.KMap, Symbol("##3#4")){Int64}(21)
==> Iris-virginica: 0.9533333333333334
===> macro-recall: 0.9666666666666668
Test Summary:             | Pass  Total
encode by farthest points |    1      1
optimize!(nnc, accuracy, folds=5) = Tuple{Float64,Tuple{Int64,Symbol}}[(0.96, (1, :uniform)), (0.96, (1, :distance)), (0.96, (3, :uniform)), (0.96, (3, :distance)), (0.96, (7, :uniform)), (0.96, (7, :distance))]
Test Summary: | Pass  Total
KNN           |    9      9
[ Info: optimizing nbc NaiveBayesClassifier{Array{Float64,1},String}
[ Info: optimizing nbc NaiveBayesClassifier{Array{Float64,1},String}
[ Info: optimizing nbc NaiveBayesClassifier{Array{Float64,1},String}
[ Info: optimizing nbc NaiveBayesClassifier{Array{Float64,1},String}
[ Info: optimizing nbc NaiveBayesClassifier{Array{Float64,1},String}
optimize!(nbc, X, y, accuracy, runs=5, trainratio=0.7, testratio=0.3) = Tuple{Float64,Tuple{DataType,Real}}[(0.906667, (GaussianKernel, -1)), (0.351111, (MultinomialKernel, 0.0)), (0.351111, (MultinomialKernel, 0.1)), (0.351111, (MultinomialKernel, 0.3)), (0.351111, (MultinomialKernel, 1.0))]
Test Summary: | Pass  Total
NB            |    4      4
optimize!(nnr, isqerror, folds=5) = Tuple{Float64,Tuple{Int64,Function}}[(-13.0158, (3, hmean)), (-13.3119, (3, gmean)), (-13.7635, (3, mean)), (-24.9329, (1, mean)), (-24.9329, (1, median)), (-24.9329, (1, gmean)), (-24.9329, (1, hmean)), (-27.4499, (7, hmean)), (-28.3533, (7, gmean)), (-28.8455, (3, median)), (-31.6113, (7, mean)), (-59.2403, (7, median))]
Test Summary:  | Pass  Total
KNN Regression |    2      2
computing fartest point 1, dmax: Inf, imax: 39, stop: getfield(KernelMethods.KMap, Symbol("##5#6"))()
computing fartest point 2, dmax: 6.842514157822401, imax: 119, stop: getfield(KernelMethods.KMap, Symbol("##5#6"))()
computing fartest point 3, dmax: 3.60416425818802, imax: 107, stop: getfield(KernelMethods.KMap, Symbol("##5#6"))()
computing fartest point 4, dmax: 2.24276614920058, imax: 51, stop: getfield(KernelMethods.KMap, Symbol("##5#6"))()
computing fartest point 5, dmax: 1.9313207915827968, imax: 16, stop: getfield(KernelMethods.KMap, Symbol("##5#6"))()
computing fartest point 6, dmax: 1.8165902124584954, imax: 101, stop: getfield(KernelMethods.KMap, Symbol("##5#6"))()
computing fartest point 7, dmax: 1.6278820596099706, imax: 99, stop: getfield(KernelMethods.KMap, Symbol("##5#6"))()
computing fartest point 8, dmax: 1.3820274961085255, imax: 63, stop: getfield(KernelMethods.KMap, Symbol("##5#6"))()
computing fartest point 9, dmax: 1.3784048752090223, imax: 135, stop: getfield(KernelMethods.KMap, Symbol("##5#6"))()
computing fartest point 10, dmax: 1.349073756323204, imax: 132, stop: getfield(KernelMethods.KMap, Symbol("##5#6"))()
computing fartest point 11, dmax: 1.1532562594670794, imax: 130, stop: getfield(KernelMethods.KMap, Symbol("##5#6"))()
computing fartest point 12, dmax: 1.1489125293076061, imax: 115, stop: getfield(KernelMethods.KMap, Symbol("##5#6"))()
optimize!(nnc, accuracy, folds=5) = Tuple{Float64,Tuple{Int64,Symbol}}[(0.966667, (1, :uniform)), (0.966667, (1, :distance)), (0.966667, (3, :uniform)), (0.966667, (3, :distance)), (0.966667, (7, :uniform)), (0.966667, (7, :distance))]
Test Summary:             | Pass  Total
encode by farthest points |    4      4
computing fartest point 1, dmax: Inf, imax: 39, stop: getfield(KernelMethods.KMap, Symbol("##5#6"))()
computing fartest point 2, dmax: 6.842514157822401, imax: 119, stop: getfield(KernelMethods.KMap, Symbol("##5#6"))()
computing fartest point 3, dmax: 3.60416425818802, imax: 107, stop: getfield(KernelMethods.KMap, Symbol("##5#6"))()
computing fartest point 4, dmax: 2.24276614920058, imax: 51, stop: getfield(KernelMethods.KMap, Symbol("##5#6"))()
computing fartest point 5, dmax: 1.9313207915827968, imax: 16, stop: getfield(KernelMethods.KMap, Symbol("##5#6"))()
computing fartest point 6, dmax: 1.8165902124584954, imax: 101, stop: getfield(KernelMethods.KMap, Symbol("##5#6"))()
computing fartest point 7, dmax: 1.6278820596099706, imax: 99, stop: getfield(KernelMethods.KMap, Symbol("##5#6"))()
computing fartest point 8, dmax: 1.3820274961085255, imax: 63, stop: getfield(KernelMethods.KMap, Symbol("##5#6"))()
computing fartest point 9, dmax: 1.3784048752090223, imax: 135, stop: getfield(KernelMethods.KMap, Symbol("##5#6"))()
computing fartest point 10, dmax: 1.349073756323204, imax: 132, stop: getfield(KernelMethods.KMap, Symbol("##5#6"))()
computing fartest point 11, dmax: 1.1532562594670794, imax: 130, stop: getfield(KernelMethods.KMap, Symbol("##5#6"))()
computing fartest point 12, dmax: 1.1489125293076061, imax: 115, stop: getfield(KernelMethods.KMap, Symbol("##5#6"))()
optimize!(nnc, accuracy, folds=10) = Tuple{Float64,Tuple{Int64,Symbol}}[(0.973333, (7, :uniform)), (0.973333, (7, :distance)), (0.96, (3, :uniform)), (0.96, (3, :distance)), (0.946667, (1, :uniform)), (0.946667, (1, :distance))]
Test Summary:                                     | Pass  Total
Clustering and centroid computation (with cosine) |    2      2
[ Info: computing dnet point 1, dmax: 0.5567764639854431
[ Info: computing dnet point 2, dmax: 0.7745966911315918
[ Info: computing dnet point 3, dmax: 0.6480740904808044
[ Info: computing dnet point 4, dmax: 1.3674794435501099
[ Info: computing dnet point 5, dmax: 0.6164414286613464
[ Info: computing dnet point 6, dmax: 0.6244997978210449
[ Info: computing dnet point 7, dmax: 0.7681145668029785
[ Info: computing dnet point 8, dmax: 1.3564660549163818
[ Info: computing dnet point 9, dmax: 1.4491376876831055
[ Info: computing dnet point 10, dmax: 4.579301357269287
optimize!(nnc, accuracy, folds=5) = Tuple{Float64,Tuple{Int64,Symbol}}[(0.966667, (1, :uniform)), (0.966667, (1, :distance)), (0.953333, (3, :uniform)), (0.953333, (3, :distance)), (0.953333, (7, :uniform)), (0.953333, (7, :distance))]
computing fartest point 1, dmax: Inf, imax: 91, stop: getfield(KernelMethods.KMap, Symbol("##3#4")){Int64}(21)
computing fartest point 2, dmax: 0.5121372261272199, imax: 23, stop: getfield(KernelMethods.KMap, Symbol("##3#4")){Int64}(21)
computing fartest point 3, dmax: 0.20565175062185237, imax: 42, stop: getfield(KernelMethods.KMap, Symbol("##3#4")){Int64}(21)
computing fartest point 4, dmax: 0.15012347257443073, imax: 25, stop: getfield(KernelMethods.KMap, Symbol("##3#4")){Int64}(21)
computing fartest point 5, dmax: 0.1392873141753621, imax: 99, stop: getfield(KernelMethods.KMap, Symbol("##3#4")){Int64}(21)
computing fartest point 6, dmax: 0.13288100561875535, imax: 115, stop: getfield(KernelMethods.KMap, Symbol("##3#4")){Int64}(21)
computing fartest point 7, dmax: 0.12201023425727608, imax: 119, stop: getfield(KernelMethods.KMap, Symbol("##3#4")){Int64}(21)
computing fartest point 8, dmax: 0.10275354036696453, imax: 63, stop: getfield(KernelMethods.KMap, Symbol("##3#4")){Int64}(21)
computing fartest point 9, dmax: 0.09951235136933405, imax: 37, stop: getfield(KernelMethods.KMap, Symbol("##3#4")){Int64}(21)
computing fartest point 10, dmax: 0.0854566417998834, imax: 142, stop: getfield(KernelMethods.KMap, Symbol("##3#4")){Int64}(21)
computing fartest point 11, dmax: 0.08401095109350089, imax: 44, stop: getfield(KernelMethods.KMap, Symbol("##3#4")){Int64}(21)
computing fartest point 12, dmax: 0.08337897574342358, imax: 86, stop: getfield(KernelMethods.KMap, Symbol("##3#4")){Int64}(21)
computing fartest point 13, dmax: 0.07826321366579027, imax: 135, stop: getfield(KernelMethods.KMap, Symbol("##3#4")){Int64}(21)
computing fartest point 14, dmax: 0.07176131327695408, imax: 26, stop: getfield(KernelMethods.KMap, Symbol("##3#4")){Int64}(21)
computing fartest point 15, dmax: 0.06989819424678817, imax: 47, stop: getfield(KernelMethods.KMap, Symbol("##3#4")){Int64}(21)
computing fartest point 16, dmax: 0.06911233622650612, imax: 103, stop: getfield(KernelMethods.KMap, Symbol("##3#4")){Int64}(21)
computing fartest point 17, dmax: 0.06795675047282354, imax: 69, stop: getfield(KernelMethods.KMap, Symbol("##3#4")){Int64}(21)
computing fartest point 18, dmax: 0.06770777144539356, imax: 75, stop: getfield(KernelMethods.KMap, Symbol("##3#4")){Int64}(21)
computing fartest point 19, dmax: 0.05484086790405323, imax: 150, stop: getfield(KernelMethods.KMap, Symbol("##3#4")){Int64}(21)
computing fartest point 20, dmax: 0.05225381128729124, imax: 19, stop: getfield(KernelMethods.KMap, Symbol("##3#4")){Int64}(21)
computing fartest point 21, dmax: 0.0510265281346681, imax: 17, stop: getfield(KernelMethods.KMap, Symbol("##3#4")){Int64}(21)
[ Info: ===== accuracy by fftclustering: 0.96
Test Summary:    | Pass  Total
encode with dnet |    5      5
[ Info: testing configuration KernelMethods.KMap.KConfiguration(false, SimilaritySearch.cosine_distance, SimilaritySearch.l2_distance, KernelMethods.Kernels.linear_kernel, (method = KernelMethods.KMap.fftraversal, stop = KernelMethods.KMap.sqrt_criterion), :centers, NearNeighborClassifier), data-type Array{Array{Float64,1},1}
computing fartest point 1, dmax: Inf, imax: 118, stop: getfield(KernelMethods.KMap, Symbol("##5#6"))()
[ Info: computing kmap, conf: KernelMethods.KMap.KConfiguration(false, SimilaritySearch.cosine_distance, SimilaritySearch.l2_distance, KernelMethods.Kernels.linear_kernel, (method = KernelMethods.KMap.fftraversal, stop = KernelMethods.KMap.sqrt_criterion), :centers, NearNeighborClassifier)
[ Info: creating and optimizing classifier, conf: KernelMethods.KMap.KConfiguration(false, SimilaritySearch.cosine_distance, SimilaritySearch.l2_distance, KernelMethods.Kernels.linear_kernel, (method = KernelMethods.KMap.fftraversal, stop = KernelMethods.KMap.sqrt_criterion), :centers, NearNeighborClassifier)
[ Info: score: 0.8533333333333334, conf: KernelMethods.KMap.KConfiguration(false, SimilaritySearch.cosine_distance, SimilaritySearch.l2_distance, KernelMethods.Kernels.linear_kernel, (method = KernelMethods.KMap.fftraversal, stop = KernelMethods.KMap.sqrt_criterion), :centers, NearNeighborClassifier)
[ Info: testing configuration KernelMethods.KMap.KConfiguration(true, SimilaritySearch.l2_distance, SimilaritySearch.cosine_distance, KernelMethods.Kernels.linear_kernel, (method = KernelMethods.KMap.dnet, kfun = getfield(KernelMethods.KMap, Symbol("##24#31"))()), :centers, NearNeighborClassifier), data-type Array{Array{Float64,1},1}
[ Info: computing dnet point 1, dmax: 2.901723623275757
[ Info: computing dnet point 2, dmax: 1.2206555604934692
[ Info: computing dnet point 3, dmax: Inf
[ Info: computing kmap, conf: KernelMethods.KMap.KConfiguration(true, SimilaritySearch.l2_distance, SimilaritySearch.cosine_distance, KernelMethods.Kernels.linear_kernel, (method = KernelMethods.KMap.dnet, kfun = getfield(KernelMethods.KMap, Symbol("##24#31"))()), :centers, NearNeighborClassifier)
encode by farthest points: Error During Test at /root/.julia/packages/KernelMethods/Eepvn/test/kclass.jl:19
  Got exception outside of a @test
  UndefVarError: normalize! not defined
  Stacktrace:
   [1] #KernelClassifier#37(::Int64, ::Function, ::Int64, ::Int64, ::KConfigurationSpace, ::Function, ::Array{Array{Float64,1},1}, ::Array{String,1}) at /root/.julia/packages/KernelMethods/Eepvn/src/kmap/kclass.jl:170
   [2] (::getfield(KernelMethods.KMap, Symbol("#kw##KernelClassifier")))(::NamedTuple{(:folds, :ensemble_size, :size, :score),Tuple{Int64,Int64,Int64,typeof(accuracy)}}, ::typeof(KernelClassifier), ::Array{Array{Float64,1},1}, ::Array{String,1}) at ./none:0
   [3] macro expansion at /root/.julia/packages/KernelMethods/Eepvn/test/kclass.jl:23 [inlined]
   [4] macro expansion at /buildworker/worker/package_linux64/build/usr/share/julia/stdlib/v1.0/Test/src/Test.jl:1083 [inlined]
   [5] top-level scope at /root/.julia/packages/KernelMethods/Eepvn/test/kclass.jl:20
   [6] include at ./boot.jl:317 [inlined]
   [7] include_relative(::Module, ::String) at ./loading.jl:1044
   [8] include(::Module, ::String) at ./sysimg.jl:29
   [9] include(::String) at ./client.jl:392
   [10] top-level scope at none:0
   [11] include at ./boot.jl:317 [inlined]
   [12] include_relative(::Module, ::String) at ./loading.jl:1044
   [13] include(::Module, ::String) at ./sysimg.jl:29
   [14] include(::String) at ./client.jl:392
   [15] top-level scope at none:0
   [16] eval(::Module, ::Any) at ./boot.jl:319
   [17] exec_options(::Base.JLOptions) at ./client.jl:243
   [18] _start() at ./client.jl:425
Test Summary:             | Error  Total
encode by farthest points |     1      1
ERROR: LoadError: LoadError: Some tests did not pass: 0 passed, 0 failed, 1 errored, 0 broken.
in expression starting at /root/.julia/packages/KernelMethods/Eepvn/test/kclass.jl:19
in expression starting at /root/.julia/packages/KernelMethods/Eepvn/test/runtests.jl:82
ERROR: Package KernelMethods errored during testing
Stacktrace:
 [1] pkgerror(::String, ::Vararg{String,N} where N) at /buildworker/worker/package_linux64/build/usr/share/julia/stdlib/v1.0/Pkg/src/Types.jl:120
 [2] #test#65(::Bool, ::Function, ::Pkg.Types.Context, ::Array{Pkg.Types.PackageSpec,1}) at /buildworker/worker/package_linux64/build/usr/share/julia/stdlib/v1.0/Pkg/src/Operations.jl:1357
 [3] #test at /buildworker/worker/package_linux64/build/usr/share/julia/stdlib/v1.0/Pkg/src/API.jl:0 [inlined]
 [4] #test#44(::Bool, ::Base.Iterators.Pairs{Union{},Union{},Tuple{},NamedTuple{(),Tuple{}}}, ::Function, ::Pkg.Types.Context, ::Array{Pkg.Types.PackageSpec,1}) at /buildworker/worker/package_linux64/build/usr/share/julia/stdlib/v1.0/Pkg/src/API.jl:278
 [5] test at /buildworker/worker/package_linux64/build/usr/share/julia/stdlib/v1.0/Pkg/src/API.jl:263 [inlined]
 [6] #test#43 at /buildworker/worker/package_linux64/build/usr/share/julia/stdlib/v1.0/Pkg/src/API.jl:260 [inlined]
 [7] test at /buildworker/worker/package_linux64/build/usr/share/julia/stdlib/v1.0/Pkg/src/API.jl:260 [inlined]
 [8] #test#42 at /buildworker/worker/package_linux64/build/usr/share/julia/stdlib/v1.0/Pkg/src/API.jl:259 [inlined]
 [9] test at /buildworker/worker/package_linux64/build/usr/share/julia/stdlib/v1.0/Pkg/src/API.jl:259 [inlined]
 [10] #test#41 at /buildworker/worker/package_linux64/build/usr/share/julia/stdlib/v1.0/Pkg/src/API.jl:258 [inlined]
 [11] test(::String) at /buildworker/worker/package_linux64/build/usr/share/julia/stdlib/v1.0/Pkg/src/API.jl:258
 [12] top-level scope at none:0
