 Resolving package versions...
 Installed Missings ─────────── v0.4.3
 Installed DataAPI ──────────── v1.1.0
 Installed SortingAlgorithms ── v0.3.1
 Installed Parsers ──────────── v0.3.10
 Installed KernelMethods ────── v0.1.3
 Installed DataStructures ───── v0.17.6
 Installed StatsBase ────────── v0.32.0
 Installed SimilaritySearch ─── v0.3.16
 Installed JSON ─────────────── v0.21.0
 Installed OrderedCollections ─ v1.1.0
  Updating `~/.julia/environments/v1.2/Project.toml`
  [d79e8f30] + KernelMethods v0.1.3
  Updating `~/.julia/environments/v1.2/Manifest.toml`
  [9a962f9c] + DataAPI v1.1.0
  [864edb3b] + DataStructures v0.17.6
  [682c06a0] + JSON v0.21.0
  [d79e8f30] + KernelMethods v0.1.3
  [e1d29d7a] + Missings v0.4.3
  [bac558e1] + OrderedCollections v1.1.0
  [69de0a69] + Parsers v0.3.10
  [053f045d] + SimilaritySearch v0.3.16
  [a2af1166] + SortingAlgorithms v0.3.1
  [2913bbd2] + StatsBase v0.32.0
  [2a0f44e3] + Base64 
  [ade2ca70] + Dates 
  [8bb1440f] + DelimitedFiles 
  [8ba89e20] + Distributed 
  [b77e0a4c] + InteractiveUtils 
  [8f399da3] + Libdl 
  [37e2e46d] + LinearAlgebra 
  [56ddb016] + Logging 
  [d6f4376e] + Markdown 
  [a63ad114] + Mmap 
  [de0858da] + Printf 
  [9a3f8284] + Random 
  [9e88b42a] + Serialization 
  [6462fe0b] + Sockets 
  [2f01184e] + SparseArrays 
  [10745b16] + Statistics 
  [8dfed614] + Test 
  [4ec0a83e] + Unicode 
   Testing KernelMethods
    Status `/tmp/jl_1BY8kJ/Manifest.toml`
  [9a962f9c] DataAPI v1.1.0
  [864edb3b] DataStructures v0.17.6
  [682c06a0] JSON v0.21.0
  [d79e8f30] KernelMethods v0.1.3
  [e1d29d7a] Missings v0.4.3
  [bac558e1] OrderedCollections v1.1.0
  [69de0a69] Parsers v0.3.10
  [053f045d] SimilaritySearch v0.3.16
  [a2af1166] SortingAlgorithms v0.3.1
  [2913bbd2] StatsBase v0.32.0
  [2a0f44e3] Base64  [`@stdlib/Base64`]
  [ade2ca70] Dates  [`@stdlib/Dates`]
  [8bb1440f] DelimitedFiles  [`@stdlib/DelimitedFiles`]
  [8ba89e20] Distributed  [`@stdlib/Distributed`]
  [b77e0a4c] InteractiveUtils  [`@stdlib/InteractiveUtils`]
  [8f399da3] Libdl  [`@stdlib/Libdl`]
  [37e2e46d] LinearAlgebra  [`@stdlib/LinearAlgebra`]
  [56ddb016] Logging  [`@stdlib/Logging`]
  [d6f4376e] Markdown  [`@stdlib/Markdown`]
  [a63ad114] Mmap  [`@stdlib/Mmap`]
  [de0858da] Printf  [`@stdlib/Printf`]
  [9a3f8284] Random  [`@stdlib/Random`]
  [9e88b42a] Serialization  [`@stdlib/Serialization`]
  [6462fe0b] Sockets  [`@stdlib/Sockets`]
  [2f01184e] SparseArrays  [`@stdlib/SparseArrays`]
  [10745b16] Statistics  [`@stdlib/Statistics`]
  [8dfed614] Test  [`@stdlib/Test`]
  [4ec0a83e] Unicode  [`@stdlib/Unicode`]
Test Summary: | Pass  Total
Scores        |    9      9
Test Summary:   | Pass  Total
CrossValidation |   82     82
computing fartest point 1, dmax: Inf, imax: 45, stop: #3
computing fartest point 2, dmax: 1.5428339573047805, imax: 42, stop: #3
computing fartest point 3, dmax: 0.9408424191795808, imax: 23, stop: #3
computing fartest point 4, dmax: 0.8677815811933851, imax: 15, stop: #3
computing fartest point 5, dmax: 0.7684121741201704, imax: 26, stop: #3
computing fartest point 6, dmax: 0.6187600558625307, imax: 14, stop: #3
computing fartest point 7, dmax: 0.5270966650597858, imax: 37, stop: #3
computing fartest point 8, dmax: 0.49349323337382717, imax: 5, stop: #3
computing fartest point 9, dmax: 0.4767183398931198, imax: 33, stop: #3
computing fartest point 10, dmax: 0.45218744012670875, imax: 16, stop: #3
computing fartest point 11, dmax: 0.45218744012670836, imax: 19, stop: #3
computing fartest point 12, dmax: 0.4512427328645861, imax: 25, stop: #3
computing fartest point 13, dmax: 0.41305913003028244, imax: 7, stop: #3
computing fartest point 14, dmax: 0.4118948263056346, imax: 36, stop: #3
computing fartest point 15, dmax: 0.40248131919146923, imax: 21, stop: #3
computing fartest point 16, dmax: 0.38557134423932293, imax: 44, stop: #3
computing fartest point 17, dmax: 0.35770802956535763, imax: 17, stop: #3
computing fartest point 18, dmax: 0.3070712423679738, imax: 9, stop: #3
computing fartest point 19, dmax: 0.3047559503871529, imax: 6, stop: #3
computing fartest point 20, dmax: 0.2818334139910908, imax: 34, stop: #3
computing fartest point 21, dmax: 0.27900513350063555, imax: 49, stop: #3
==> Iris-setosa: 1.0
computing fartest point 1, dmax: Inf, imax: 30, stop: #3
computing fartest point 2, dmax: 1.645005822739191, imax: 28, stop: #3
computing fartest point 3, dmax: 1.048445480776569, imax: 35, stop: #3
computing fartest point 4, dmax: 0.8924082092643448, imax: 19, stop: #3
computing fartest point 5, dmax: 0.8073422657922663, imax: 11, stop: #3
computing fartest point 6, dmax: 0.7100263241272943, imax: 25, stop: #3
computing fartest point 7, dmax: 0.6888434672966074, imax: 34, stop: #3
computing fartest point 8, dmax: 0.6177876922766915, imax: 49, stop: #3
computing fartest point 9, dmax: 0.6133508466941904, imax: 10, stop: #3
computing fartest point 10, dmax: 0.6009816377611756, imax: 18, stop: #3
computing fartest point 11, dmax: 0.5885567080436336, imax: 36, stop: #3
computing fartest point 12, dmax: 0.5079672903642404, imax: 13, stop: #3
computing fartest point 13, dmax: 0.44366440986799094, imax: 24, stop: #3
computing fartest point 14, dmax: 0.4436644098679906, imax: 4, stop: #3
computing fartest point 15, dmax: 0.4436644098679903, imax: 12, stop: #3
computing fartest point 16, dmax: 0.4292763936246034, imax: 1, stop: #3
computing fartest point 17, dmax: 0.3855713442393235, imax: 41, stop: #3
computing fartest point 18, dmax: 0.3730802424093854, imax: 15, stop: #3
computing fartest point 19, dmax: 0.342699045680346, imax: 27, stop: #3
computing fartest point 20, dmax: 0.34269904568034565, imax: 21, stop: #3
computing fartest point 21, dmax: 0.3426990456803456, imax: 23, stop: #3
==> Iris-versicolor: 0.9466666666666667
computing fartest point 1, dmax: Inf, imax: 43, stop: #3
computing fartest point 2, dmax: 2.286545562761162, imax: 19, stop: #3
computing fartest point 3, dmax: 1.2243859686204253, imax: 32, stop: #3
computing fartest point 4, dmax: 1.1593598500987488, imax: 44, stop: #3
computing fartest point 5, dmax: 0.9690659843132579, imax: 7, stop: #3
computing fartest point 6, dmax: 0.8209138118267935, imax: 36, stop: #3
computing fartest point 7, dmax: 0.8005070987420991, imax: 42, stop: #3
computing fartest point 8, dmax: 0.7636512623737696, imax: 9, stop: #3
computing fartest point 9, dmax: 0.6884853143712274, imax: 49, stop: #3
computing fartest point 10, dmax: 0.63408823161226, imax: 35, stop: #3
computing fartest point 11, dmax: 0.6213726406429249, imax: 30, stop: #3
computing fartest point 12, dmax: 0.5690409442606839, imax: 20, stop: #3
computing fartest point 13, dmax: 0.5335302347011457, imax: 12, stop: #3
computing fartest point 14, dmax: 0.5086873293858954, imax: 1, stop: #3
computing fartest point 15, dmax: 0.5086873293858954, imax: 8, stop: #3
computing fartest point 16, dmax: 0.5081682741087964, imax: 10, stop: #3
computing fartest point 17, dmax: 0.5007466368307506, imax: 15, stop: #3
computing fartest point 18, dmax: 0.4436644098679906, imax: 27, stop: #3
computing fartest point 19, dmax: 0.4292763936246036, imax: 11, stop: #3
computing fartest point 20, dmax: 0.41963031030409564, imax: 6, stop: #3
computing fartest point 21, dmax: 0.4142159340231804, imax: 13, stop: #3
==> Iris-virginica: 0.9533333333333334
===> macro-recall: 0.9666666666666668
Test Summary:             | Pass  Total
encode by farthest points |    1      1
optimize!(nnc, accuracy, folds=5) = Tuple{Float64,Tuple{Int64,Symbol}}[(0.9666666666666668, (7, :uniform)), (0.9666666666666668, (7, :distance)), (0.96, (3, :uniform)), (0.96, (3, :distance)), (0.9466666666666667, (1, :uniform)), (0.9466666666666667, (1, :distance))]
Test Summary: | Pass  Total
KNN           |    9      9
[ Info: optimizing nbc NaiveBayesClassifier{Array{Float64,1},String}
[ Info: optimizing nbc NaiveBayesClassifier{Array{Float64,1},String}
[ Info: optimizing nbc NaiveBayesClassifier{Array{Float64,1},String}
[ Info: optimizing nbc NaiveBayesClassifier{Array{Float64,1},String}
[ Info: optimizing nbc NaiveBayesClassifier{Array{Float64,1},String}
optimize!(nbc, X, y, accuracy, runs=5, trainratio=0.7, testratio=0.3) = Tuple{Float64,Tuple{DataType,Real}}[(0.9333333333333333, (KernelMethods.Supervised.GaussianKernel, -1)), (0.3511111111111111, (KernelMethods.Supervised.MultinomialKernel, 0.0)), (0.3511111111111111, (KernelMethods.Supervised.MultinomialKernel, 0.1)), (0.3511111111111111, (KernelMethods.Supervised.MultinomialKernel, 0.3)), (0.3511111111111111, (KernelMethods.Supervised.MultinomialKernel, 1.0))]
Test Summary: | Pass  Total
NB            |    4      4
optimize!(nnr, isqerror, folds=5) = Tuple{Float64,Tuple{Int64,Function}}[(-10.321229996183963, (3, Statistics.mean)), (-10.415953707218089, (3, KernelMethods.Supervised.gmean)), (-10.692980830984178, (3, KernelMethods.Supervised.hmean)), (-21.52029275757699, (1, KernelMethods.Supervised.hmean)), (-21.520292757576993, (1, KernelMethods.Supervised.gmean)), (-21.520292757576993, (1, Statistics.mean)), (-21.520292757576993, (1, Statistics.median)), (-21.857967392652007, (3, Statistics.median)), (-21.994339911844477, (7, KernelMethods.Supervised.gmean)), (-22.52035324698212, (7, KernelMethods.Supervised.hmean)), (-23.68853481938241, (7, Statistics.mean)), (-42.87408778210766, (7, Statistics.median))]
Test Summary:  | Pass  Total
KNN Regression |    2      2
computing fartest point 1, dmax: Inf, imax: 109, stop: #5
computing fartest point 2, dmax: 5.5874860178795975, imax: 23, stop: #5
computing fartest point 3, dmax: 3.0116440692751194, imax: 61, stop: #5
computing fartest point 4, dmax: 1.9131126469708992, imax: 118, stop: #5
computing fartest point 5, dmax: 1.740689518552921, imax: 86, stop: #5
computing fartest point 6, dmax: 1.46287388383278, imax: 16, stop: #5
computing fartest point 7, dmax: 1.341640786499874, imax: 42, stop: #5
computing fartest point 8, dmax: 1.3228756555322954, imax: 107, stop: #5
computing fartest point 9, dmax: 1.22065556157337, imax: 69, stop: #5
computing fartest point 10, dmax: 1.22065556157337, imax: 119, stop: #5
computing fartest point 11, dmax: 1.183215956619923, imax: 115, stop: #5
computing fartest point 12, dmax: 1.1489125293076061, imax: 101, stop: #5
optimize!(nnc, accuracy, folds=5) = Tuple{Float64,Tuple{Int64,Symbol}}[(0.9533333333333335, (3, :uniform)), (0.9533333333333335, (3, :distance)), (0.9333333333333333, (1, :uniform)), (0.9333333333333333, (1, :distance)), (0.9333333333333333, (7, :uniform)), (0.9333333333333333, (7, :distance))]
Test Summary:             | Pass  Total
encode by farthest points |    4      4
computing fartest point 1, dmax: Inf, imax: 109, stop: #5
computing fartest point 2, dmax: 5.5874860178795975, imax: 23, stop: #5
computing fartest point 3, dmax: 3.0116440692751194, imax: 61, stop: #5
computing fartest point 4, dmax: 1.9131126469708992, imax: 118, stop: #5
computing fartest point 5, dmax: 1.740689518552921, imax: 86, stop: #5
computing fartest point 6, dmax: 1.46287388383278, imax: 16, stop: #5
computing fartest point 7, dmax: 1.341640786499874, imax: 42, stop: #5
computing fartest point 8, dmax: 1.3228756555322954, imax: 107, stop: #5
computing fartest point 9, dmax: 1.22065556157337, imax: 69, stop: #5
computing fartest point 10, dmax: 1.22065556157337, imax: 119, stop: #5
computing fartest point 11, dmax: 1.183215956619923, imax: 115, stop: #5
computing fartest point 12, dmax: 1.1489125293076061, imax: 101, stop: #5
optimize!(nnc, accuracy, folds=10) = Tuple{Float64,Tuple{Int64,Symbol}}[(0.9733333333333334, (3, :uniform)), (0.9733333333333334, (3, :distance)), (0.9666666666666668, (7, :uniform)), (0.9666666666666668, (7, :distance)), (0.9533333333333335, (1, :uniform)), (0.9533333333333335, (1, :distance))]
Test Summary:                                     | Pass  Total
Clustering and centroid computation (with cosine) |    2      2
[ Info: computing dnet point 1, dmax: 0.8306623697280884
[ Info: computing dnet point 2, dmax: 0.30000001192092896
[ Info: computing dnet point 3, dmax: 0.5744562745094299
[ Info: computing dnet point 4, dmax: 0.5916079878807068
[ Info: computing dnet point 5, dmax: 0.5744562745094299
[ Info: computing dnet point 6, dmax: 0.8831760883331299
[ Info: computing dnet point 7, dmax: 1.1747339963912964
[ Info: computing dnet point 8, dmax: 1.1445523500442505
[ Info: computing dnet point 9, dmax: 2.275961399078369
[ Info: computing dnet point 10, dmax: 4.813522815704346
optimize!(nnc, accuracy, folds=5) = Tuple{Float64,Tuple{Int64,Symbol}}[(0.96, (1, :uniform)), (0.96, (1, :distance)), (0.9533333333333334, (7, :uniform)), (0.9533333333333334, (7, :distance)), (0.9466666666666667, (3, :uniform)), (0.9466666666666667, (3, :distance))]
computing fartest point 1, dmax: Inf, imax: 92, stop: #3
computing fartest point 2, dmax: 0.4823259522117081, imax: 23, stop: #3
computing fartest point 3, dmax: 0.20565175062185237, imax: 42, stop: #3
computing fartest point 4, dmax: 0.15451542023398693, imax: 119, stop: #3
computing fartest point 5, dmax: 0.15012347257443073, imax: 25, stop: #3
computing fartest point 6, dmax: 0.12664193517392802, imax: 101, stop: #3
computing fartest point 7, dmax: 0.10741516523321702, imax: 99, stop: #3
computing fartest point 8, dmax: 0.1013469622811757, imax: 63, stop: #3
computing fartest point 9, dmax: 0.09951235136933405, imax: 37, stop: #3
computing fartest point 10, dmax: 0.08887572480241149, imax: 146, stop: #3
computing fartest point 11, dmax: 0.08401095109350089, imax: 44, stop: #3
computing fartest point 12, dmax: 0.07826321366579027, imax: 135, stop: #3
computing fartest point 13, dmax: 0.07176131327695408, imax: 26, stop: #3
computing fartest point 14, dmax: 0.07143642302066447, imax: 73, stop: #3
computing fartest point 15, dmax: 0.06989819424678817, imax: 47, stop: #3
computing fartest point 16, dmax: 0.06927555624702209, imax: 118, stop: #3
computing fartest point 17, dmax: 0.059441812481648384, imax: 94, stop: #3
computing fartest point 18, dmax: 0.05910367851971027, imax: 114, stop: #3
computing fartest point 19, dmax: 0.055633340219600536, imax: 86, stop: #3
computing fartest point 20, dmax: 0.05225381128729124, imax: 19, stop: #3
computing fartest point 21, dmax: 0.0510265281346681, imax: 17, stop: #3
[ Info: ===== accuracy by fftclustering: 0.94
Test Summary:    | Pass  Total
encode with dnet |    5      5
[ Info: testing configuration KernelMethods.KMap.KConfiguration(false, SimilaritySearch.l2_distance, SimilaritySearch.l2_distance, KernelMethods.Kernels.linear_kernel, (method = KernelMethods.KMap.dnet, kfun = log2), :centroids, NearNeighborClassifier), data-type Array{Array{Float64,1},1}
[ Info: computing dnet point 1, dmax: 1.0246950387954712
[ Info: computing dnet point 2, dmax: 0.5385164618492126
[ Info: computing dnet point 3, dmax: 0.30000001192092896
[ Info: computing dnet point 4, dmax: 0.6782330274581909
[ Info: computing dnet point 5, dmax: 0.9746794104576111
[ Info: computing dnet point 6, dmax: 0.4472135901451111
[ Info: computing dnet point 7, dmax: 0.47958314418792725
[ Info: computing dnet point 8, dmax: 0.5196152329444885
[ Info: computing dnet point 9, dmax: 0.547722578048706
[ Info: computing dnet point 10, dmax: 0.4472135901451111
[ Info: computing dnet point 11, dmax: 0.5196152329444885
[ Info: computing dnet point 12, dmax: 0.4242640733718872
[ Info: computing dnet point 13, dmax: 1.1618950366973877
[ Info: computing dnet point 14, dmax: 0.9643650650978088
[ Info: computing dnet point 15, dmax: 0.6782330274581909
[ Info: computing dnet point 16, dmax: 2.9495761394500732
[ Info: computing dnet point 17, dmax: Inf
[ Info: computing kmap, conf: KernelMethods.KMap.KConfiguration(false, SimilaritySearch.l2_distance, SimilaritySearch.l2_distance, KernelMethods.Kernels.linear_kernel, (method = KernelMethods.KMap.dnet, kfun = log2), :centroids, NearNeighborClassifier)
[ Info: creating and optimizing classifier, conf: KernelMethods.KMap.KConfiguration(false, SimilaritySearch.l2_distance, SimilaritySearch.l2_distance, KernelMethods.Kernels.linear_kernel, (method = KernelMethods.KMap.dnet, kfun = log2), :centroids, NearNeighborClassifier)
[ Info: score: 0.94, conf: KernelMethods.KMap.KConfiguration(false, SimilaritySearch.l2_distance, SimilaritySearch.l2_distance, KernelMethods.Kernels.linear_kernel, (method = KernelMethods.KMap.dnet, kfun = log2), :centroids, NearNeighborClassifier)
[ Info: testing configuration KernelMethods.KMap.KConfiguration(true, SimilaritySearch.l2_distance, SimilaritySearch.cosine_distance, KernelMethods.Kernels.linear_kernel, (method = KernelMethods.KMap.fftraversal, stop = KernelMethods.KMap.log_criterion), :centers, NearNeighborClassifier), data-type Array{Array{Float64,1},1}
computing fartest point 1, dmax: Inf, imax: 123, stop: #7
computing fartest point 2, dmax: 6.824221567329126, imax: 14, stop: #7
computing fartest point 3, dmax: 3.5860842154082215, imax: 107, stop: #7
computing fartest point 4, dmax: 2.238302928559939, imax: 51, stop: #7
computing fartest point 5, dmax: 2.042057785666214, imax: 16, stop: #7
computing fartest point 6, dmax: 1.7175564037317672, imax: 101, stop: #7
computing fartest point 7, dmax: 1.6278820596099706, imax: 99, stop: #7
[ Info: computing kmap, conf: KernelMethods.KMap.KConfiguration(true, SimilaritySearch.l2_distance, SimilaritySearch.cosine_distance, KernelMethods.Kernels.linear_kernel, (method = KernelMethods.KMap.fftraversal, stop = KernelMethods.KMap.log_criterion), :centers, NearNeighborClassifier)
encode by farthest points: Error During Test at /root/.julia/packages/KernelMethods/Eepvn/test/kclass.jl:19
  Got exception outside of a @test
  UndefVarError: normalize! not defined
  Stacktrace:
   [1] #KernelClassifier#37(::Int64, ::Function, ::Int64, ::Int64, ::KConfigurationSpace, ::typeof(KernelClassifier), ::Array{Array{Float64,1},1}, ::Array{String,1}) at /root/.julia/packages/KernelMethods/Eepvn/src/kmap/kclass.jl:170
   [2] (::getfield(KernelMethods.KMap, Symbol("#kw##KernelClassifier")))(::NamedTuple{(:folds, :ensemble_size, :size, :score),Tuple{Int64,Int64,Int64,typeof(accuracy)}}, ::typeof(KernelClassifier), ::Array{Array{Float64,1},1}, ::Array{String,1}) at ./none:0
   [3] top-level scope at /root/.julia/packages/KernelMethods/Eepvn/test/kclass.jl:23
   [4] top-level scope at /buildworker/worker/package_linux64/build/usr/share/julia/stdlib/v1.2/Test/src/Test.jl:1113
   [5] top-level scope at /root/.julia/packages/KernelMethods/Eepvn/test/kclass.jl:20
   [6] include at ./boot.jl:328 [inlined]
   [7] include_relative(::Module, ::String) at ./loading.jl:1094
   [8] include(::Module, ::String) at ./Base.jl:31
   [9] include(::String) at ./client.jl:431
   [10] top-level scope at /root/.julia/packages/KernelMethods/Eepvn/test/runtests.jl:82
   [11] include at ./boot.jl:328 [inlined]
   [12] include_relative(::Module, ::String) at ./loading.jl:1094
   [13] include(::Module, ::String) at ./Base.jl:31
   [14] include(::String) at ./client.jl:431
   [15] top-level scope at none:5
   [16] eval(::Module, ::Any) at ./boot.jl:330
   [17] exec_options(::Base.JLOptions) at ./client.jl:271
   [18] _start() at ./client.jl:464
  
Test Summary:             | Error  Total
encode by farthest points |     1      1
ERROR: LoadError: LoadError: Some tests did not pass: 0 passed, 0 failed, 1 errored, 0 broken.
in expression starting at /root/.julia/packages/KernelMethods/Eepvn/test/kclass.jl:19
in expression starting at /root/.julia/packages/KernelMethods/Eepvn/test/runtests.jl:82
ERROR: Package KernelMethods errored during testing
Stacktrace:
 [1] pkgerror(::String, ::Vararg{String,N} where N) at /buildworker/worker/package_linux64/build/usr/share/julia/stdlib/v1.2/Pkg/src/Types.jl:112
 [2] #test#119(::Bool, ::Nothing, ::typeof(Pkg.Operations.test), ::Pkg.Types.Context, ::Array{Pkg.Types.PackageSpec,1}) at /buildworker/worker/package_linux64/build/usr/share/julia/stdlib/v1.2/Pkg/src/Operations.jl:1288
 [3] #test at ./none:0 [inlined]
 [4] #test#62(::Bool, ::Nothing, ::Base.Iterators.Pairs{Union{},Union{},Tuple{},NamedTuple{(),Tuple{}}}, ::typeof(Pkg.API.test), ::Pkg.Types.Context, ::Array{Pkg.Types.PackageSpec,1}) at /buildworker/worker/package_linux64/build/usr/share/julia/stdlib/v1.2/Pkg/src/API.jl:245
 [5] test at /buildworker/worker/package_linux64/build/usr/share/julia/stdlib/v1.2/Pkg/src/API.jl:233 [inlined]
 [6] #test#61 at /buildworker/worker/package_linux64/build/usr/share/julia/stdlib/v1.2/Pkg/src/API.jl:230 [inlined]
 [7] test at /buildworker/worker/package_linux64/build/usr/share/julia/stdlib/v1.2/Pkg/src/API.jl:230 [inlined]
 [8] #test#60 at /buildworker/worker/package_linux64/build/usr/share/julia/stdlib/v1.2/Pkg/src/API.jl:229 [inlined]
 [9] test at /buildworker/worker/package_linux64/build/usr/share/julia/stdlib/v1.2/Pkg/src/API.jl:229 [inlined]
 [10] #test#59(::Base.Iterators.Pairs{Union{},Union{},Tuple{},NamedTuple{(),Tuple{}}}, ::typeof(Pkg.API.test), ::String) at /buildworker/worker/package_linux64/build/usr/share/julia/stdlib/v1.2/Pkg/src/API.jl:228
 [11] test(::String) at /buildworker/worker/package_linux64/build/usr/share/julia/stdlib/v1.2/Pkg/src/API.jl:228
 [12] top-level scope at none:10
