 Resolving package versions...
 Installed RecipesBase ──────── v0.7.0
 Installed Parsers ──────────── v0.3.10
 Installed ValueHistories ───── v0.5.1
 Installed TSVD ─────────────── v0.4.0
 Installed BinaryProvider ───── v0.5.8
 Installed DataStructures ───── v0.17.6
 Installed MathProgBase ─────── v0.7.7
 Installed FirstOrderSolvers ── v0.2.0
 Installed Adapt ────────────── v1.0.0
 Installed JSON ─────────────── v0.21.0
 Installed OrderedCollections ─ v1.1.0
 Installed BenchmarkTools ───── v0.4.3
 Installed OSQP ─────────────── v0.6.0
 Installed MathOptInterface ─── v0.9.7
 Installed IterativeSolvers ─── v0.8.1
 Installed QPDAS ────────────── v0.2.0
 Installed ProximalOperators ── v0.10.3
 Installed Compat ───────────── v2.2.0
  Updating `~/.julia/environments/v1.0/Project.toml`
  [e2860157] + FirstOrderSolvers v0.2.0
  Updating `~/.julia/environments/v1.0/Manifest.toml`
  [79e6a3ab] + Adapt v1.0.0
  [6e4b80f9] + BenchmarkTools v0.4.3
  [b99e7846] + BinaryProvider v0.5.8
  [34da2185] + Compat v2.2.0
  [864edb3b] + DataStructures v0.17.6
  [e2860157] + FirstOrderSolvers v0.2.0
  [42fd0dbc] + IterativeSolvers v0.8.1
  [682c06a0] + JSON v0.21.0
  [b8f27783] + MathOptInterface v0.9.7
  [fdba3010] + MathProgBase v0.7.7
  [ab2f91bb] + OSQP v0.6.0
  [bac558e1] + OrderedCollections v1.1.0
  [69de0a69] + Parsers v0.3.10
  [a725b495] + ProximalOperators v0.10.3
  [297e508c] + QPDAS v0.2.0
  [3cdcf5f2] + RecipesBase v0.7.0
  [9449cd9e] + TSVD v0.4.0
  [98cad3c8] + ValueHistories v0.5.1
  [2a0f44e3] + Base64 
  [ade2ca70] + Dates 
  [8bb1440f] + DelimitedFiles 
  [8ba89e20] + Distributed 
  [b77e0a4c] + InteractiveUtils 
  [76f85450] + LibGit2 
  [8f399da3] + Libdl 
  [37e2e46d] + LinearAlgebra 
  [56ddb016] + Logging 
  [d6f4376e] + Markdown 
  [a63ad114] + Mmap 
  [44cfe95a] + Pkg 
  [de0858da] + Printf 
  [3fa0cd96] + REPL 
  [9a3f8284] + Random 
  [ea8e919c] + SHA 
  [9e88b42a] + Serialization 
  [1a1011a3] + SharedArrays 
  [6462fe0b] + Sockets 
  [2f01184e] + SparseArrays 
  [10745b16] + Statistics 
  [4607b0f0] + SuiteSparse 
  [8dfed614] + Test 
  [cf7118a7] + UUIDs 
  [4ec0a83e] + Unicode 
  Building OSQP → `~/.julia/packages/OSQP/BU4WO/deps/build.log`
   Testing FirstOrderSolvers
 Resolving package versions...
 Installed SCS ─────────── v0.6.2
 Installed AbstractTrees ─ v0.2.1
 Installed Convex ──────── v0.12.6
  Building SCS → `~/.julia/packages/SCS/Y9wx3/deps/build.log`
    Status `/tmp/tmpDld5bk/Manifest.toml`
  [1520ce14] AbstractTrees v0.2.1
  [79e6a3ab] Adapt v1.0.0
  [6e4b80f9] BenchmarkTools v0.4.3
  [b99e7846] BinaryProvider v0.5.8
  [34da2185] Compat v2.2.0
  [f65535da] Convex v0.12.6
  [864edb3b] DataStructures v0.17.6
  [e2860157] FirstOrderSolvers v0.2.0
  [42fd0dbc] IterativeSolvers v0.8.1
  [682c06a0] JSON v0.21.0
  [b8f27783] MathOptInterface v0.9.7
  [fdba3010] MathProgBase v0.7.7
  [ab2f91bb] OSQP v0.6.0
  [bac558e1] OrderedCollections v1.1.0
  [69de0a69] Parsers v0.3.10
  [a725b495] ProximalOperators v0.10.3
  [297e508c] QPDAS v0.2.0
  [3cdcf5f2] RecipesBase v0.7.0
  [c946c3f1] SCS v0.6.2
  [9449cd9e] TSVD v0.4.0
  [98cad3c8] ValueHistories v0.5.1
  [2a0f44e3] Base64  [`@stdlib/Base64`]
  [ade2ca70] Dates  [`@stdlib/Dates`]
  [8bb1440f] DelimitedFiles  [`@stdlib/DelimitedFiles`]
  [8ba89e20] Distributed  [`@stdlib/Distributed`]
  [b77e0a4c] InteractiveUtils  [`@stdlib/InteractiveUtils`]
  [76f85450] LibGit2  [`@stdlib/LibGit2`]
  [8f399da3] Libdl  [`@stdlib/Libdl`]
  [37e2e46d] LinearAlgebra  [`@stdlib/LinearAlgebra`]
  [56ddb016] Logging  [`@stdlib/Logging`]
  [d6f4376e] Markdown  [`@stdlib/Markdown`]
  [a63ad114] Mmap  [`@stdlib/Mmap`]
  [44cfe95a] Pkg  [`@stdlib/Pkg`]
  [de0858da] Printf  [`@stdlib/Printf`]
  [3fa0cd96] REPL  [`@stdlib/REPL`]
  [9a3f8284] Random  [`@stdlib/Random`]
  [ea8e919c] SHA  [`@stdlib/SHA`]
  [9e88b42a] Serialization  [`@stdlib/Serialization`]
  [1a1011a3] SharedArrays  [`@stdlib/SharedArrays`]
  [6462fe0b] Sockets  [`@stdlib/Sockets`]
  [2f01184e] SparseArrays  [`@stdlib/SparseArrays`]
  [10745b16] Statistics  [`@stdlib/Statistics`]
  [4607b0f0] SuiteSparse  [`@stdlib/SuiteSparse`]
  [8dfed614] Test  [`@stdlib/Test`]
  [cf7118a7] UUIDs  [`@stdlib/UUIDs`]
  [4ec0a83e] Unicode  [`@stdlib/Unicode`]
Test: conjugateGradient.jl
┌ Warning: CG reached max iterations, result may be inaccurate
└ @ FirstOrderSolvers ~/.julia/packages/FirstOrderSolvers/521v4/src/utilities/conjugategradients.jl:53
┌ Warning: CG reached max iterations, result may be inaccurate
└ @ FirstOrderSolvers ~/.julia/packages/FirstOrderSolvers/521v4/src/utilities/conjugategradients.jl:53
┌ Warning: CG reached max iterations, result may be inaccurate
└ @ FirstOrderSolvers ~/.julia/packages/FirstOrderSolvers/521v4/src/utilities/conjugategradients.jl:53
Test: HSDEAffine.jl
Test: affinepluslinear.jl
Test: testDRandGAPA.jl
Test: testPSD.jl
Test: testprint.jl
   Testing FirstOrderSolvers tests passed 
