 Resolving package versions...
 Installed Reexport ──────────── v0.2.0
 Installed Missings ──────────── v0.4.3
 Installed WeightedOnlineStats ─ v0.3.2
 Installed MultivariateStats ─── v0.7.0
 Installed Arpack ────────────── v0.3.1
 Installed OrderedCollections ── v1.1.0
 Installed SweepOperator ─────── v0.3.0
 Installed BinaryProvider ────── v0.5.8
 Installed RecipesBase ───────── v0.7.0
 Installed DataAPI ───────────── v1.1.0
 Installed SortingAlgorithms ─── v0.3.1
 Installed LearnBase ─────────── v0.2.2
 Installed OnlineStatsBase ───── v1.0.2
 Installed PenaltyFunctions ──── v0.1.2
 Installed StatsBase ─────────── v0.32.0
 Installed OnlineStats ───────── v1.0.2
 Installed DataStructures ────── v0.17.6
 Installed LossFunctions ─────── v0.5.1
  Updating `~/.julia/environments/v1.0/Project.toml`
  [bbac0a1f] + WeightedOnlineStats v0.3.2
  Updating `~/.julia/environments/v1.0/Manifest.toml`
  [7d9fca2a] + Arpack v0.3.1
  [b99e7846] + BinaryProvider v0.5.8
  [9a962f9c] + DataAPI v1.1.0
  [864edb3b] + DataStructures v0.17.6
  [7f8f8fb0] + LearnBase v0.2.2
  [30fc2ffe] + LossFunctions v0.5.1
  [e1d29d7a] + Missings v0.4.3
  [6f286f6a] + MultivariateStats v0.7.0
  [a15396b6] + OnlineStats v1.0.2
  [925886fa] + OnlineStatsBase v1.0.2
  [bac558e1] + OrderedCollections v1.1.0
  [06bb1623] + PenaltyFunctions v0.1.2
  [3cdcf5f2] + RecipesBase v0.7.0
  [189a3867] + Reexport v0.2.0
  [a2af1166] + SortingAlgorithms v0.3.1
  [2913bbd2] + StatsBase v0.32.0
  [7522ee7d] + SweepOperator v0.3.0
  [bbac0a1f] + WeightedOnlineStats v0.3.2
  [2a0f44e3] + Base64 
  [ade2ca70] + Dates 
  [8ba89e20] + Distributed 
  [b77e0a4c] + InteractiveUtils 
  [76f85450] + LibGit2 
  [8f399da3] + Libdl 
  [37e2e46d] + LinearAlgebra 
  [56ddb016] + Logging 
  [d6f4376e] + Markdown 
  [44cfe95a] + Pkg 
  [de0858da] + Printf 
  [3fa0cd96] + REPL 
  [9a3f8284] + Random 
  [ea8e919c] + SHA 
  [9e88b42a] + Serialization 
  [6462fe0b] + Sockets 
  [2f01184e] + SparseArrays 
  [10745b16] + Statistics 
  [8dfed614] + Test 
  [cf7118a7] + UUIDs 
  [4ec0a83e] + Unicode 
  Building Arpack → `~/.julia/packages/Arpack/cu5By/deps/build.log`
   Testing WeightedOnlineStats
 Resolving package versions...
    Status `/tmp/tmpThGqTf/Manifest.toml`
  [7d9fca2a] Arpack v0.3.1
  [b99e7846] BinaryProvider v0.5.8
  [9a962f9c] DataAPI v1.1.0
  [864edb3b] DataStructures v0.17.6
  [7f8f8fb0] LearnBase v0.2.2
  [30fc2ffe] LossFunctions v0.5.1
  [e1d29d7a] Missings v0.4.3
  [6f286f6a] MultivariateStats v0.7.0
  [a15396b6] OnlineStats v1.0.2
  [925886fa] OnlineStatsBase v1.0.2
  [bac558e1] OrderedCollections v1.1.0
  [06bb1623] PenaltyFunctions v0.1.2
  [3cdcf5f2] RecipesBase v0.7.0
  [189a3867] Reexport v0.2.0
  [a2af1166] SortingAlgorithms v0.3.1
  [2913bbd2] StatsBase v0.32.0
  [7522ee7d] SweepOperator v0.3.0
  [bbac0a1f] WeightedOnlineStats v0.3.2
  [2a0f44e3] Base64  [`@stdlib/Base64`]
  [ade2ca70] Dates  [`@stdlib/Dates`]
  [8ba89e20] Distributed  [`@stdlib/Distributed`]
  [b77e0a4c] InteractiveUtils  [`@stdlib/InteractiveUtils`]
  [76f85450] LibGit2  [`@stdlib/LibGit2`]
  [8f399da3] Libdl  [`@stdlib/Libdl`]
  [37e2e46d] LinearAlgebra  [`@stdlib/LinearAlgebra`]
  [56ddb016] Logging  [`@stdlib/Logging`]
  [d6f4376e] Markdown  [`@stdlib/Markdown`]
  [44cfe95a] Pkg  [`@stdlib/Pkg`]
  [de0858da] Printf  [`@stdlib/Printf`]
  [3fa0cd96] REPL  [`@stdlib/REPL`]
  [9a3f8284] Random  [`@stdlib/Random`]
  [ea8e919c] SHA  [`@stdlib/SHA`]
  [9e88b42a] Serialization  [`@stdlib/Serialization`]
  [6462fe0b] Sockets  [`@stdlib/Sockets`]
  [2f01184e] SparseArrays  [`@stdlib/SparseArrays`]
  [10745b16] Statistics  [`@stdlib/Statistics`]
  [8dfed614] Test  [`@stdlib/Test`]
  [cf7118a7] UUIDs  [`@stdlib/UUIDs`]
  [4ec0a83e] Unicode  [`@stdlib/Unicode`]
Test Summary:             | Pass  Total
WeightedAdaptiveHist fit! |    3      3
Test Summary:              | Pass  Total
WeightedAdaptiveHist merge |    2      2
Test Summary:             | Pass  Total
WeightedAdaptiveHist copy |    3      3
Test Summary:                    | Pass  Total
WeightedAdaptiveHist constructor |    3      3
Test Summary: | Pass  Total
WeightedHist  |   16     16
Test Summary:    | Pass  Total
WeightedSum fit! |   12     12
Test Summary:      | Pass  Total
WeightedSum merge! |    8      8
Test Summary:           | Pass  Total
WeightedSum constructor |    3      3
Test Summary:    | Pass  Total
WeighedMean fit! |   14     14
Test Summary:      | Pass  Total
WeighedMean merge! |    9      9
Test Summary:            | Pass  Total
WeightedMean constructor |    4      4
Test Summary:         | Pass  Broken  Total
WeightedVariance fit! |   20       2     22
Test Summary:          | Pass  Total
WeighedVariance merge! |   18     18
Test Summary:         | Pass  Total
WeightedVariance copy |   10     10
Test Summary:                | Pass  Total
WeightedVariance constructor |    4      4
Test Summary:          | Pass  Broken  Total
WeightedCovMatrix fit! |   23       2     25
Test Summary:            | Pass  Total
WeightedCovMatrix merge! |   24     24
Test Summary:          | Pass  Total
WeightedCovMatrix copy |   12     12
Test Summary:                 | Pass  Total
WeightedCovMatrix constructor |    4      4
Test Summary: | Pass  Total
PCA           |   12     12
   Testing WeightedOnlineStats tests passed 
