 Resolving package versions...
 Installed Requires ─────────── v0.5.2
 Installed Adapt ────────────── v1.0.0
 Installed MacroTools ───────── v0.5.2
 Installed GPUArrays ────────── v2.0.0
 Installed DataStructures ───── v0.17.6
 Installed BinaryProvider ───── v0.5.8
 Installed CuArrays ─────────── v1.4.4
 Installed CEnum ────────────── v0.2.0
 Installed URIParser ────────── v0.4.0
 Installed BinDeps ──────────── v0.8.10
 Installed SpecialFunctions ─── v0.8.0
 Installed CUDAapi ──────────── v1.2.0
 Installed AutoGrad ─────────── v1.2.0
 Installed AbstractFFTs ─────── v0.4.1
 Installed TimerOutputs ─────── v0.5.3
 Installed NNlib ────────────── v0.6.0
 Installed OrderedCollections ─ v1.1.0
 Installed CUDAdrv ──────────── v4.0.3
 Installed CUDAnative ───────── v2.5.4
 Installed LLVM ─────────────── v1.3.2
 Installed FileIO ───────────── v1.0.7
 Installed CodecZlib ────────── v0.6.0
 Installed JLD2 ─────────────── v0.1.8
 Installed Compat ───────────── v2.2.0
 Installed TranscodingStreams ─ v0.9.5
 Installed Knet ─────────────── v1.3.1
  Updating `~/.julia/environments/v1.0/Project.toml`
  [1902f260] + Knet v1.3.1
  Updating `~/.julia/environments/v1.0/Manifest.toml`
  [621f4979] + AbstractFFTs v0.4.1
  [79e6a3ab] + Adapt v1.0.0
  [6710c13c] + AutoGrad v1.2.0
  [9e28174c] + BinDeps v0.8.10
  [b99e7846] + BinaryProvider v0.5.8
  [fa961155] + CEnum v0.2.0
  [3895d2a7] + CUDAapi v1.2.0
  [c5f51814] + CUDAdrv v4.0.3
  [be33ccc6] + CUDAnative v2.5.4
  [944b1d66] + CodecZlib v0.6.0
  [34da2185] + Compat v2.2.0
  [3a865a2d] + CuArrays v1.4.4
  [864edb3b] + DataStructures v0.17.6
  [5789e2e9] + FileIO v1.0.7
  [0c68f7d7] + GPUArrays v2.0.0
  [033835bb] + JLD2 v0.1.8
  [1902f260] + Knet v1.3.1
  [929cbde3] + LLVM v1.3.2
  [1914dd2f] + MacroTools v0.5.2
  [872c559c] + NNlib v0.6.0
  [bac558e1] + OrderedCollections v1.1.0
  [ae029012] + Requires v0.5.2
  [276daf66] + SpecialFunctions v0.8.0
  [a759f4b9] + TimerOutputs v0.5.3
  [3bb67fe8] + TranscodingStreams v0.9.5
  [30578b45] + URIParser v0.4.0
  [2a0f44e3] + Base64 
  [ade2ca70] + Dates 
  [8bb1440f] + DelimitedFiles 
  [8ba89e20] + Distributed 
  [b77e0a4c] + InteractiveUtils 
  [76f85450] + LibGit2 
  [8f399da3] + Libdl 
  [37e2e46d] + LinearAlgebra 
  [56ddb016] + Logging 
  [d6f4376e] + Markdown 
  [a63ad114] + Mmap 
  [44cfe95a] + Pkg 
  [de0858da] + Printf 
  [3fa0cd96] + REPL 
  [9a3f8284] + Random 
  [ea8e919c] + SHA 
  [9e88b42a] + Serialization 
  [1a1011a3] + SharedArrays 
  [6462fe0b] + Sockets 
  [2f01184e] + SparseArrays 
  [10745b16] + Statistics 
  [8dfed614] + Test 
  [cf7118a7] + UUIDs 
  [4ec0a83e] + Unicode 
  Building SpecialFunctions → `~/.julia/packages/SpecialFunctions/ne2iw/deps/build.log`
  Building CodecZlib ───────→ `~/.julia/packages/CodecZlib/5t9zO/deps/build.log`
  Building Knet ────────────→ `~/.julia/packages/Knet/HRYiN/deps/build.log`
   Testing Knet
 Resolving package versions...
    Status `/tmp/tmpsntocg/Manifest.toml`
  [621f4979] AbstractFFTs v0.4.1
  [79e6a3ab] Adapt v1.0.0
  [6710c13c] AutoGrad v1.2.0
  [9e28174c] BinDeps v0.8.10
  [b99e7846] BinaryProvider v0.5.8
  [fa961155] CEnum v0.2.0
  [3895d2a7] CUDAapi v1.2.0
  [c5f51814] CUDAdrv v4.0.3
  [be33ccc6] CUDAnative v2.5.4
  [944b1d66] CodecZlib v0.6.0
  [34da2185] Compat v2.2.0
  [3a865a2d] CuArrays v1.4.4
  [864edb3b] DataStructures v0.17.6
  [5789e2e9] FileIO v1.0.7
  [0c68f7d7] GPUArrays v2.0.0
  [033835bb] JLD2 v0.1.8
  [1902f260] Knet v1.3.1
  [929cbde3] LLVM v1.3.2
  [1914dd2f] MacroTools v0.5.2
  [872c559c] NNlib v0.6.0
  [bac558e1] OrderedCollections v1.1.0
  [ae029012] Requires v0.5.2
  [276daf66] SpecialFunctions v0.8.0
  [a759f4b9] TimerOutputs v0.5.3
  [3bb67fe8] TranscodingStreams v0.9.5
  [30578b45] URIParser v0.4.0
  [2a0f44e3] Base64  [`@stdlib/Base64`]
  [ade2ca70] Dates  [`@stdlib/Dates`]
  [8bb1440f] DelimitedFiles  [`@stdlib/DelimitedFiles`]
  [8ba89e20] Distributed  [`@stdlib/Distributed`]
  [b77e0a4c] InteractiveUtils  [`@stdlib/InteractiveUtils`]
  [76f85450] LibGit2  [`@stdlib/LibGit2`]
  [8f399da3] Libdl  [`@stdlib/Libdl`]
  [37e2e46d] LinearAlgebra  [`@stdlib/LinearAlgebra`]
  [56ddb016] Logging  [`@stdlib/Logging`]
  [d6f4376e] Markdown  [`@stdlib/Markdown`]
  [a63ad114] Mmap  [`@stdlib/Mmap`]
  [44cfe95a] Pkg  [`@stdlib/Pkg`]
  [de0858da] Printf  [`@stdlib/Printf`]
  [3fa0cd96] REPL  [`@stdlib/REPL`]
  [9a3f8284] Random  [`@stdlib/Random`]
  [ea8e919c] SHA  [`@stdlib/SHA`]
  [9e88b42a] Serialization  [`@stdlib/Serialization`]
  [1a1011a3] SharedArrays  [`@stdlib/SharedArrays`]
  [6462fe0b] Sockets  [`@stdlib/Sockets`]
  [2f01184e] SparseArrays  [`@stdlib/SparseArrays`]
  [10745b16] Statistics  [`@stdlib/Statistics`]
  [8dfed614] Test  [`@stdlib/Test`]
  [cf7118a7] UUIDs  [`@stdlib/UUIDs`]
  [4ec0a83e] Unicode  [`@stdlib/Unicode`]
  0.710741 seconds (247.66 k allocations: 12.399 MiB, 19.00% gc time)
Knet.gpuCount() = 0
Knet.gpu() = -1
Knet.tk = String[]
Knet.libknet8 = ""
Knet.cudartfound = false
Knet.nvmlfound = false
Knet.cublashandle() = nothing
Knet.cudnnhandle() = nothing
Knet.dir() = "/root/.julia/packages/Knet/HRYiN"
readdir(Knet.dir("deps")) = [".deprecated", ".gitignore", "Makefile", "README.windows", "build.jl", "build.log", "cuda01.jl", "cuda1.jl", "cuda11.jl", "cuda12.jl", "cuda13.jl", "cuda14.jl", "cuda16.jl", "cuda17.jl", "cuda20.jl", "cuda21.jl", "cuda22.jl", "gamma.jl"]
  3.077656 seconds (2.31 M allocations: 115.190 MiB, 4.92% gc time)
  3.653290 seconds (5.45 M allocations: 274.725 MiB, 4.29% gc time)
  3.120701 seconds (3.61 M allocations: 196.930 MiB, 3.42% gc time)
  2.588873 seconds (2.86 M allocations: 149.152 MiB, 3.82% gc time)
 36.203420 seconds (41.96 M allocations: 2.022 GiB, 6.09% gc time)
  0.156246 seconds (4.12 k allocations: 237.797 KiB)
  1.498767 seconds (13.75 k allocations: 852.914 KiB)
  1.558121 seconds (12.74 k allocations: 788.828 KiB)
 13.303947 seconds (13.77 M allocations: 704.063 MiB, 4.35% gc time)
 33.452206 seconds (28.28 M allocations: 1.481 GiB, 3.87% gc time)
 34.422844 seconds (35.09 M allocations: 1.717 GiB, 3.70% gc time)
 36.709645 seconds (37.87 M allocations: 1.943 GiB, 4.56% gc time)
  3.167609 seconds (26.57 k allocations: 1.558 MiB)
 68.455791 seconds (63.91 M allocations: 3.294 GiB, 4.39% gc time)
(pa, xi, f0, nd, ad) = ("5×4×3×2 Array{Float64,4}", 1.11, 33.120000000000005, 0.9999999999622524, 0.0)
(pa, xi, f0, nd, ad) = ("5×4×3×2 Array{Float64,4}", 1.03, 33.120000000000005, 0.9999999999622524, 0.0)
 85.766736 seconds (72.52 M allocations: 3.745 GiB, 5.69% gc time)
  5.012755 seconds (24.86 k allocations: 1.482 MiB)
136.079678 seconds (123.56 M allocations: 6.337 GiB, 6.21% gc time)
258.467791 seconds (197.54 M allocations: 10.697 GiB, 6.92% gc time)
┌ Warning: optimizers is deprecated, use sgd, adam etc. instead.
└ @ Knet ~/.julia/packages/Knet/HRYiN/src/update.jl:627
 72.786633 seconds (36.89 M allocations: 1.923 GiB, 3.57% gc time)
Test Summary: | Pass  Broken  Total
Knet          | 2767       5   2772
   Testing Knet tests passed 
