 Resolving package versions...
 Installed ElasticArrays ─────────────── v1.0.0
 Installed DataAPI ───────────────────── v1.1.0
 Installed DataValueInterfaces ───────── v1.0.0
 Installed Tokenize ──────────────────── v0.5.6
 Installed TableTraits ───────────────── v1.0.0
 Installed ShapesOfVariables ─────────── v0.3.0
 Installed CSTParser ─────────────────── v1.0.0
 Installed TypedTables ───────────────── v1.2.0
 Installed Requires ──────────────────── v0.5.2
 Installed Compat ────────────────────── v3.0.0
 Installed ArraysOfArrays ────────────── v0.4.2
 Installed Tables ────────────────────── v0.2.11
 Installed OrderedCollections ────────── v1.1.0
 Installed SplitApplyCombine ─────────── v0.4.1
 Installed FillArrays ────────────────── v0.8.2
 Installed DataStructures ────────────── v0.17.6
 Installed IteratorInterfaceExtensions ─ v1.0.0
 Installed Indexing ──────────────────── v1.1.0
 Installed UnsafeArrays ──────────────── v1.0.0
 Installed MacroTools ────────────────── v0.5.1
  Updating `~/.julia/environments/v1.2/Project.toml`
  [b3480ff6] + ShapesOfVariables v0.3.0
  Updating `~/.julia/environments/v1.2/Manifest.toml`
  [65a8f2f4] + ArraysOfArrays v0.4.2
  [00ebfdb7] + CSTParser v1.0.0
  [34da2185] + Compat v3.0.0
  [9a962f9c] + DataAPI v1.1.0
  [864edb3b] + DataStructures v0.17.6
  [e2d170a0] + DataValueInterfaces v1.0.0
  [fdbdab4c] + ElasticArrays v1.0.0
  [1a297f60] + FillArrays v0.8.2
  [313cdc1a] + Indexing v1.1.0
  [82899510] + IteratorInterfaceExtensions v1.0.0
  [1914dd2f] + MacroTools v0.5.1
  [bac558e1] + OrderedCollections v1.1.0
  [ae029012] + Requires v0.5.2
  [b3480ff6] + ShapesOfVariables v0.3.0
  [03a91e81] + SplitApplyCombine v0.4.1
  [3783bdb8] + TableTraits v1.0.0
  [bd369af6] + Tables v0.2.11
  [0796e94c] + Tokenize v0.5.6
  [9d95f2ec] + TypedTables v1.2.0
  [c4a57d5a] + UnsafeArrays v1.0.0
  [2a0f44e3] + Base64 
  [ade2ca70] + Dates 
  [8bb1440f] + DelimitedFiles 
  [8ba89e20] + Distributed 
  [b77e0a4c] + InteractiveUtils 
  [76f85450] + LibGit2 
  [8f399da3] + Libdl 
  [37e2e46d] + LinearAlgebra 
  [56ddb016] + Logging 
  [d6f4376e] + Markdown 
  [a63ad114] + Mmap 
  [44cfe95a] + Pkg 
  [de0858da] + Printf 
  [3fa0cd96] + REPL 
  [9a3f8284] + Random 
  [ea8e919c] + SHA 
  [9e88b42a] + Serialization 
  [1a1011a3] + SharedArrays 
  [6462fe0b] + Sockets 
  [2f01184e] + SparseArrays 
  [10745b16] + Statistics 
  [8dfed614] + Test 
  [cf7118a7] + UUIDs 
  [4ec0a83e] + Unicode 
   Testing ShapesOfVariables
 Resolving package versions...
    Status `/tmp/jl_a6R6Lg/Manifest.toml`
  [65a8f2f4] ArraysOfArrays v0.4.2
  [00ebfdb7] CSTParser v1.0.0
  [34da2185] Compat v3.0.0
  [9a962f9c] DataAPI v1.1.0
  [864edb3b] DataStructures v0.17.6
  [e2d170a0] DataValueInterfaces v1.0.0
  [fdbdab4c] ElasticArrays v1.0.0
  [1a297f60] FillArrays v0.8.2
  [313cdc1a] Indexing v1.1.0
  [82899510] IteratorInterfaceExtensions v1.0.0
  [1914dd2f] MacroTools v0.5.1
  [bac558e1] OrderedCollections v1.1.0
  [ae029012] Requires v0.5.2
  [b3480ff6] ShapesOfVariables v0.3.0
  [03a91e81] SplitApplyCombine v0.4.1
  [3783bdb8] TableTraits v1.0.0
  [bd369af6] Tables v0.2.11
  [0796e94c] Tokenize v0.5.6
  [9d95f2ec] TypedTables v1.2.0
  [c4a57d5a] UnsafeArrays v1.0.0
  [2a0f44e3] Base64  [`@stdlib/Base64`]
  [ade2ca70] Dates  [`@stdlib/Dates`]
  [8bb1440f] DelimitedFiles  [`@stdlib/DelimitedFiles`]
  [8ba89e20] Distributed  [`@stdlib/Distributed`]
  [b77e0a4c] InteractiveUtils  [`@stdlib/InteractiveUtils`]
  [76f85450] LibGit2  [`@stdlib/LibGit2`]
  [8f399da3] Libdl  [`@stdlib/Libdl`]
  [37e2e46d] LinearAlgebra  [`@stdlib/LinearAlgebra`]
  [56ddb016] Logging  [`@stdlib/Logging`]
  [d6f4376e] Markdown  [`@stdlib/Markdown`]
  [a63ad114] Mmap  [`@stdlib/Mmap`]
  [44cfe95a] Pkg  [`@stdlib/Pkg`]
  [de0858da] Printf  [`@stdlib/Printf`]
  [3fa0cd96] REPL  [`@stdlib/REPL`]
  [9a3f8284] Random  [`@stdlib/Random`]
  [ea8e919c] SHA  [`@stdlib/SHA`]
  [9e88b42a] Serialization  [`@stdlib/Serialization`]
  [1a1011a3] SharedArrays  [`@stdlib/SharedArrays`]
  [6462fe0b] Sockets  [`@stdlib/Sockets`]
  [2f01184e] SparseArrays  [`@stdlib/SparseArrays`]
  [10745b16] Statistics  [`@stdlib/Statistics`]
  [8dfed614] Test  [`@stdlib/Test`]
  [cf7118a7] UUIDs  [`@stdlib/UUIDs`]
  [4ec0a83e] Unicode  [`@stdlib/Unicode`]
WARNING: Compat.Markdown is deprecated, use Markdown instead.
  likely near /root/.julia/packages/MacroTools/ys44U/src/MacroTools.jl:4
WARNING: Compat.Random is deprecated, use Random instead.
  likely near /root/.julia/packages/MacroTools/ys44U/src/MacroTools.jl:35
Test Summary:             | Pass  Total
Package ShapesOfVariables |   29     29
   Testing ShapesOfVariables tests passed 
