 Resolving package versions...
 Installed Showoff ────────────── v0.3.1
 Installed DataAPI ────────────── v1.1.0
 Installed Missings ───────────── v0.4.3
 Installed CairoMakie ─────────── v0.1.1
 Installed AbstractFFTs ───────── v0.5.0
 Installed BinaryProvider ─────── v0.5.8
 Installed Colors ─────────────── v0.9.6
 Installed Contour ────────────── v0.5.1
 Installed URIParser ──────────── v0.4.0
 Installed Conda ──────────────── v1.3.0
 Installed FreeType ───────────── v2.1.1
 Installed DocStringExtensions ── v0.8.1
 Installed Requires ───────────── v0.5.2
 Installed StatsBase ──────────── v0.32.0
 Installed ColorBrewer ────────── v0.4.0
 Installed FreeTypeAbstraction ── v0.4.2
 Installed PooledArrays ───────── v0.5.2
 Installed UnicodeFun ─────────── v0.4.0
 Installed Reexport ───────────── v0.2.0
 Installed Compat ─────────────── v2.2.0
 Installed OrderedCollections ─── v1.1.0
 Installed Observables ────────── v0.2.3
 Installed OffsetArrays ───────── v0.11.1
 Installed IterTools ──────────── v1.3.0
 Installed MappedArrays ───────── v0.2.2
 Installed SignedDistanceFields ─ v0.4.0
 Installed StructArrays ───────── v0.4.0
 Installed ColorVectorSpace ───── v0.7.1
 Installed FixedPointNumbers ──── v0.6.1
 Installed Parsers ────────────── v0.3.10
 Installed DataStructures ─────── v0.17.6
 Installed Graphics ───────────── v0.4.0
 Installed FFMPEG ─────────────── v0.2.3
 Installed JSON ───────────────── v0.21.0
 Installed NaNMath ────────────── v0.3.3
 Installed StaticArrays ───────── v0.12.1
 Installed PaddedViews ────────── v0.4.2
 Installed MeshIO ─────────────── v0.3.1
 Installed FFTW ───────────────── v1.1.0
 Installed IntervalSets ───────── v0.3.2
 Installed GeometryTypes ──────── v0.7.6
 Installed SortingAlgorithms ──── v0.3.1
 Installed Packing ────────────── v0.3.0
 Installed ImageCore ──────────── v0.8.5
 Installed PlotUtils ──────────── v0.6.1
 Installed VersionParsing ─────── v1.1.3
 Installed ColorTypes ─────────── v0.8.0
 Installed SpecialFunctions ───── v0.8.0
 Installed BinDeps ────────────── v0.8.10
 Installed ImageMagick ────────── v0.7.5
 Installed FileIO ─────────────── v1.0.7
 Installed Cairo ──────────────── v0.8.0
 Installed AbstractPlotting ───── v0.9.10
  Updating `~/.julia/environments/v1.2/Project.toml`
  [13f3f980] + CairoMakie v0.1.1
  Updating `~/.julia/environments/v1.2/Manifest.toml`
  [621f4979] + AbstractFFTs v0.5.0
  [537997a7] + AbstractPlotting v0.9.10
  [9e28174c] + BinDeps v0.8.10
  [b99e7846] + BinaryProvider v0.5.8
  [159f3aea] + Cairo v0.8.0
  [13f3f980] + CairoMakie v0.1.1
  [a2cac450] + ColorBrewer v0.4.0
  [3da002f7] + ColorTypes v0.8.0
  [c3611d14] + ColorVectorSpace v0.7.1
  [5ae59095] + Colors v0.9.6
  [34da2185] + Compat v2.2.0
  [8f4d0f93] + Conda v1.3.0
  [d38c429a] + Contour v0.5.1
  [9a962f9c] + DataAPI v1.1.0
  [864edb3b] + DataStructures v0.17.6
  [ffbed154] + DocStringExtensions v0.8.1
  [c87230d0] + FFMPEG v0.2.3
  [7a1cc6ca] + FFTW v1.1.0
  [5789e2e9] + FileIO v1.0.7
  [53c48c17] + FixedPointNumbers v0.6.1
  [b38be410] + FreeType v2.1.1
  [663a7486] + FreeTypeAbstraction v0.4.2
  [4d00f742] + GeometryTypes v0.7.6
  [a2bd30eb] + Graphics v0.4.0
  [a09fc81d] + ImageCore v0.8.5
  [6218d12a] + ImageMagick v0.7.5
  [8197267c] + IntervalSets v0.3.2
  [c8e1da08] + IterTools v1.3.0
  [682c06a0] + JSON v0.21.0
  [dbb5928d] + MappedArrays v0.2.2
  [7269a6da] + MeshIO v0.3.1
  [e1d29d7a] + Missings v0.4.3
  [77ba4419] + NaNMath v0.3.3
  [510215fc] + Observables v0.2.3
  [6fe1bfb0] + OffsetArrays v0.11.1
  [bac558e1] + OrderedCollections v1.1.0
  [19eb6ba3] + Packing v0.3.0
  [5432bcbf] + PaddedViews v0.4.2
  [69de0a69] + Parsers v0.3.10
  [995b91a9] + PlotUtils v0.6.1
  [2dfb63ee] + PooledArrays v0.5.2
  [189a3867] + Reexport v0.2.0
  [ae029012] + Requires v0.5.2
  [992d4aef] + Showoff v0.3.1
  [73760f76] + SignedDistanceFields v0.4.0
  [a2af1166] + SortingAlgorithms v0.3.1
  [276daf66] + SpecialFunctions v0.8.0
  [90137ffa] + StaticArrays v0.12.1
  [2913bbd2] + StatsBase v0.32.0
  [09ab397b] + StructArrays v0.4.0
  [30578b45] + URIParser v0.4.0
  [1cfade01] + UnicodeFun v0.4.0
  [81def892] + VersionParsing v1.1.3
  [2a0f44e3] + Base64 
  [ade2ca70] + Dates 
  [8bb1440f] + DelimitedFiles 
  [8ba89e20] + Distributed 
  [b77e0a4c] + InteractiveUtils 
  [76f85450] + LibGit2 
  [8f399da3] + Libdl 
  [37e2e46d] + LinearAlgebra 
  [56ddb016] + Logging 
  [d6f4376e] + Markdown 
  [a63ad114] + Mmap 
  [44cfe95a] + Pkg 
  [de0858da] + Printf 
  [3fa0cd96] + REPL 
  [9a3f8284] + Random 
  [ea8e919c] + SHA 
  [9e88b42a] + Serialization 
  [1a1011a3] + SharedArrays 
  [6462fe0b] + Sockets 
  [2f01184e] + SparseArrays 
  [10745b16] + Statistics 
  [8dfed614] + Test 
  [cf7118a7] + UUIDs 
  [4ec0a83e] + Unicode 
  Building Conda ───────────→ `~/.julia/packages/Conda/kLXeC/deps/build.log`
  Building FreeType ────────→ `~/.julia/packages/FreeType/2dE5w/deps/build.log`
  Building Cairo ───────────→ `~/.julia/packages/Cairo/ZbzIH/deps/build.log`
  Building FFMPEG ──────────→ `~/.julia/packages/FFMPEG/bkWgb/deps/build.log`
  Building FFTW ────────────→ `~/.julia/packages/FFTW/loJ3F/deps/build.log`
  Building ImageMagick ─────→ `~/.julia/packages/ImageMagick/vMfoS/deps/build.log`
  Building SpecialFunctions → `~/.julia/packages/SpecialFunctions/ne2iw/deps/build.log`
   Testing CairoMakie
 Resolving package versions...
 Installed QuartzImageIO ─────────────── v0.6.0
 Installed ImageTransformations ──────── v0.8.0
 Installed ImageTransformations ──────── v0.8.0
 Installed ModernGL ──────────────────── v1.0.0
 Installed DataFrames ────────────────── v0.19.4
 Installed Documenter ────────────────── v0.24.0
 Installed Inflate ───────────────────── v0.1.1
 Installed StatsMakie ────────────────── v0.0.6
 Installed ComputationalResources ────── v0.3.0
 Installed TableTraits ───────────────── v1.0.0
 Installed MakieGallery ──────────────── v0.1.0
 Installed CatIndices ────────────────── v0.2.0
 Installed LineSearches ──────────────── v7.0.1
 Installed NamedArrays ───────────────── v0.9.3
 Installed PDMats ────────────────────── v0.9.10
 Installed ImageFiltering ────────────── v0.6.5
 Installed StatsFuns ─────────────────── v0.9.0
 Installed Adapt ─────────────────────── v1.0.0
 Installed DiffEqBase ────────────────── v6.6.0
 Installed CommonSubexpressions ──────── v0.2.0
 Installed AxisAlgorithms ────────────── v1.0.0
 Installed Polynomials ───────────────── v0.6.0
 Installed NLSolversBase ─────────────── v7.5.0
 Installed ExponentialUtilities ──────── v1.5.1
 Installed SymEngine ─────────────────── v0.7.0
 Installed DataValueInterfaces ───────── v1.0.0
 Installed IdentityRanges ────────────── v0.3.0
 Installed InvertedIndices ───────────── v1.0.0
 Installed Rmath ─────────────────────── v0.5.1
 Installed ForwardDiff ───────────────── v0.10.6
 Installed FunctionWrappers ──────────── v1.0.0
 Installed GenericSVD ────────────────── v0.2.2
 Installed Widgets ───────────────────── v0.6.2
 Installed VertexSafeGraphs ──────────── v0.1.0
 Installed Tables ────────────────────── v0.2.11
 Installed CoordinateTransformations ─── v0.5.0
 Installed FreqTables ────────────────── v0.3.1
 Installed Calculus ──────────────────── v0.5.1
 Installed KernelDensity ─────────────── v0.5.1
 Installed Loess ─────────────────────── v0.5.0
 Installed RData ─────────────────────── v0.6.3
 Installed TreeViews ─────────────────── v0.3.0
 Installed RecipesBase ───────────────── v0.7.0
 Installed WeakRefStrings ────────────── v0.6.1
 Installed CSV ───────────────────────── v0.5.13
 Installed Roots ─────────────────────── v0.8.3
 Installed Combinatorics ─────────────── v0.7.0
 Installed FillArrays ────────────────── v0.6.4
 Installed IterativeSolvers ──────────── v0.8.1
 Installed DiffRules ─────────────────── v0.1.0
 Installed DiffEqDiffTools ───────────── v1.4.0
 Installed LightGraphs ───────────────── v1.3.0
 Installed Distributions ─────────────── v0.21.8
 Installed TranscodingStreams ────────── v0.9.5
 Installed RecursiveFactorization ────── v0.1.0
 Installed TimeZones ─────────────────── v0.10.3
 Installed CodecZlib ─────────────────── v0.6.0
 Installed RecursiveArrayTools ───────── v1.0.2
 Installed SparseDiffTools ───────────── v0.10.3
 Installed Mocking ───────────────────── v0.7.0
 Installed Ratios ────────────────────── v0.3.1
 Installed CustomUnitRanges ──────────── v0.2.0
 Installed ArrayInterface ────────────── v1.2.1
 Installed DiffResults ───────────────── v0.0.4
 Installed ParameterizedFunctions ────── v4.2.1
 Installed MuladdMacro ───────────────── v0.2.1
 Installed SimpleTraits ──────────────── v0.9.1
 Installed Parameters ────────────────── v0.12.0
 Installed TiledIteration ────────────── v0.2.3
 Installed IteratorInterfaceExtensions ─ v1.0.0
 Installed QuadGK ────────────────────── v2.1.1
 Installed WoodburyMatrices ──────────── v0.4.1
 Installed CategoricalArrays ─────────── v0.7.3
 Installed Highlights ────────────────── v0.4.5
 Installed EzXML ─────────────────────── v0.9.4
 Installed Distances ─────────────────── v0.8.2
 Installed MacroTools ────────────────── v0.5.2
 Installed PositiveFactorizations ────── v0.2.3
 Installed ArnoldiMethod ─────────────── v0.0.4
 Installed FFTViews ──────────────────── v0.3.0
 Installed OrdinaryDiffEq ────────────── v5.23.0
 Installed Interpolations ────────────── v0.12.5
 Installed Rotations ─────────────────── v0.12.0
 Installed RDatasets ─────────────────── v0.6.5
 Installed Arpack ────────────────────── v0.3.1
 Installed Optim ─────────────────────── v0.19.4
  Building SymEngine → `~/.julia/packages/SymEngine/zSUGO/deps/build.log`
  Building Rmath ────→ `~/.julia/packages/Rmath/4wt82/deps/build.log`
  Building EzXML ────→ `~/.julia/packages/EzXML/G0JeY/deps/build.log`
  Building TimeZones → `~/.julia/packages/TimeZones/pjvlM/deps/build.log`
  Building CodecZlib → `~/.julia/packages/CodecZlib/5t9zO/deps/build.log`
  Building Arpack ───→ `~/.julia/packages/Arpack/cu5By/deps/build.log`
    Status `/tmp/jl_QYx8nU/Manifest.toml`
  [621f4979] AbstractFFTs v0.5.0
  [537997a7] AbstractPlotting v0.9.10
  [79e6a3ab] Adapt v1.0.0
  [ec485272] ArnoldiMethod v0.0.4
  [7d9fca2a] Arpack v0.3.1
  [4fba245c] ArrayInterface v1.2.1
  [13072b0f] AxisAlgorithms v1.0.0
  [9e28174c] BinDeps v0.8.10
  [b99e7846] BinaryProvider v0.5.8
  [336ed68f] CSV v0.5.13
  [159f3aea] Cairo v0.8.0
  [13f3f980] CairoMakie v0.1.1
  [49dc2e85] Calculus v0.5.1
  [aafaddc9] CatIndices v0.2.0
  [324d7699] CategoricalArrays v0.7.3
  [944b1d66] CodecZlib v0.6.0
  [a2cac450] ColorBrewer v0.4.0
  [3da002f7] ColorTypes v0.8.0
  [c3611d14] ColorVectorSpace v0.7.1
  [5ae59095] Colors v0.9.6
  [861a8166] Combinatorics v0.7.0
  [bbf7d656] CommonSubexpressions v0.2.0
  [34da2185] Compat v2.2.0
  [ed09eef8] ComputationalResources v0.3.0
  [8f4d0f93] Conda v1.3.0
  [d38c429a] Contour v0.5.1
  [150eb455] CoordinateTransformations v0.5.0
  [dc8bdbbb] CustomUnitRanges v0.2.0
  [9a962f9c] DataAPI v1.1.0
  [a93c6f00] DataFrames v0.19.4
  [864edb3b] DataStructures v0.17.6
  [e2d170a0] DataValueInterfaces v1.0.0
  [2b5f629d] DiffEqBase v6.6.0
  [01453d9d] DiffEqDiffTools v1.4.0
  [163ba53b] DiffResults v0.0.4
  [b552c78f] DiffRules v0.1.0
  [b4f34e82] Distances v0.8.2
  [31c24e10] Distributions v0.21.8
  [ffbed154] DocStringExtensions v0.8.1
  [e30172f5] Documenter v0.24.0
  [d4d017d3] ExponentialUtilities v1.5.1
  [8f5d6c58] EzXML v0.9.4
  [c87230d0] FFMPEG v0.2.3
  [4f61f5a4] FFTViews v0.3.0
  [7a1cc6ca] FFTW v1.1.0
  [5789e2e9] FileIO v1.0.7
  [1a297f60] FillArrays v0.6.4
  [53c48c17] FixedPointNumbers v0.6.1
  [f6369f11] ForwardDiff v0.10.6
  [b38be410] FreeType v2.1.1
  [663a7486] FreeTypeAbstraction v0.4.2
  [da1fdf0e] FreqTables v0.3.1
  [069b7b12] FunctionWrappers v1.0.0
  [01680d73] GenericSVD v0.2.2
  [4d00f742] GeometryTypes v0.7.6
  [a2bd30eb] Graphics v0.4.0
  [eafb193a] Highlights v0.4.5
  [bbac6d45] IdentityRanges v0.3.0
  [a09fc81d] ImageCore v0.8.5
  [6a3955dd] ImageFiltering v0.6.5
  [6218d12a] ImageMagick v0.7.5
  [02fcd773] ImageTransformations v0.8.0
  [d25df0c9] Inflate v0.1.1
  [a98d9a8b] Interpolations v0.12.5
  [8197267c] IntervalSets v0.3.2
  [41ab1584] InvertedIndices v1.0.0
  [c8e1da08] IterTools v1.3.0
  [42fd0dbc] IterativeSolvers v0.8.1
  [82899510] IteratorInterfaceExtensions v1.0.0
  [682c06a0] JSON v0.21.0
  [5ab0869b] KernelDensity v0.5.1
  [093fc24a] LightGraphs v1.3.0
  [d3d80556] LineSearches v7.0.1
  [4345ca2d] Loess v0.5.0
  [1914dd2f] MacroTools v0.5.2
  [dbd62bd0] MakieGallery v0.1.0
  [dbb5928d] MappedArrays v0.2.2
  [7269a6da] MeshIO v0.3.1
  [e1d29d7a] Missings v0.4.3
  [78c3b35d] Mocking v0.7.0
  [66fc600b] ModernGL v1.0.0
  [46d2c3a1] MuladdMacro v0.2.1
  [d41bc354] NLSolversBase v7.5.0
  [77ba4419] NaNMath v0.3.3
  [86f7a689] NamedArrays v0.9.3
  [510215fc] Observables v0.2.3
  [6fe1bfb0] OffsetArrays v0.11.1
  [429524aa] Optim v0.19.4
  [bac558e1] OrderedCollections v1.1.0
  [1dea7af3] OrdinaryDiffEq v5.23.0
  [90014a1f] PDMats v0.9.10
  [19eb6ba3] Packing v0.3.0
  [5432bcbf] PaddedViews v0.4.2
  [65888b18] ParameterizedFunctions v4.2.1
  [d96e819e] Parameters v0.12.0
  [69de0a69] Parsers v0.3.10
  [995b91a9] PlotUtils v0.6.1
  [f27b6e38] Polynomials v0.6.0
  [2dfb63ee] PooledArrays v0.5.2
  [85a6dd25] PositiveFactorizations v0.2.3
  [1fd47b50] QuadGK v2.1.1
  [dca85d43] QuartzImageIO v0.6.0
  [df47a6cb] RData v0.6.3
  [ce6b1742] RDatasets v0.6.5
  [c84ed2f1] Ratios v0.3.1
  [3cdcf5f2] RecipesBase v0.7.0
  [731186ca] RecursiveArrayTools v1.0.2
  [f2c3362d] RecursiveFactorization v0.1.0
  [189a3867] Reexport v0.2.0
  [ae029012] Requires v0.5.2
  [79098fc4] Rmath v0.5.1
  [f2b01f46] Roots v0.8.3
  [6038ab10] Rotations v0.12.0
  [992d4aef] Showoff v0.3.1
  [73760f76] SignedDistanceFields v0.4.0
  [699a6c99] SimpleTraits v0.9.1
  [a2af1166] SortingAlgorithms v0.3.1
  [47a9eef4] SparseDiffTools v0.10.3
  [276daf66] SpecialFunctions v0.8.0
  [90137ffa] StaticArrays v0.12.1
  [2913bbd2] StatsBase v0.32.0
  [4c63d2b9] StatsFuns v0.9.0
  [65254759] StatsMakie v0.0.6
  [09ab397b] StructArrays v0.4.0
  [123dc426] SymEngine v0.7.0
  [3783bdb8] TableTraits v1.0.0
  [bd369af6] Tables v0.2.11
  [06e1c1a7] TiledIteration v0.2.3
  [f269a46b] TimeZones v0.10.3
  [3bb67fe8] TranscodingStreams v0.9.5
  [a2a6695c] TreeViews v0.3.0
  [30578b45] URIParser v0.4.0
  [1cfade01] UnicodeFun v0.4.0
  [81def892] VersionParsing v1.1.3
  [19fa3120] VertexSafeGraphs v0.1.0
  [ea10d353] WeakRefStrings v0.6.1
  [cc8bc4a8] Widgets v0.6.2
  [efce3f68] WoodburyMatrices v0.4.1
  [2a0f44e3] Base64  [`@stdlib/Base64`]
  [ade2ca70] Dates  [`@stdlib/Dates`]
  [8bb1440f] DelimitedFiles  [`@stdlib/DelimitedFiles`]
  [8ba89e20] Distributed  [`@stdlib/Distributed`]
  [9fa8497b] Future  [`@stdlib/Future`]
  [b77e0a4c] InteractiveUtils  [`@stdlib/InteractiveUtils`]
  [76f85450] LibGit2  [`@stdlib/LibGit2`]
  [8f399da3] Libdl  [`@stdlib/Libdl`]
  [37e2e46d] LinearAlgebra  [`@stdlib/LinearAlgebra`]
  [56ddb016] Logging  [`@stdlib/Logging`]
  [d6f4376e] Markdown  [`@stdlib/Markdown`]
  [a63ad114] Mmap  [`@stdlib/Mmap`]
  [44cfe95a] Pkg  [`@stdlib/Pkg`]
  [de0858da] Printf  [`@stdlib/Printf`]
  [9abbd945] Profile  [`@stdlib/Profile`]
  [3fa0cd96] REPL  [`@stdlib/REPL`]
  [9a3f8284] Random  [`@stdlib/Random`]
  [ea8e919c] SHA  [`@stdlib/SHA`]
  [9e88b42a] Serialization  [`@stdlib/Serialization`]
  [1a1011a3] SharedArrays  [`@stdlib/SharedArrays`]
  [6462fe0b] Sockets  [`@stdlib/Sockets`]
  [2f01184e] SparseArrays  [`@stdlib/SparseArrays`]
  [10745b16] Statistics  [`@stdlib/Statistics`]
  [4607b0f0] SuiteSparse  [`@stdlib/SuiteSparse`]
  [8dfed614] Test  [`@stdlib/Test`]
  [cf7118a7] UUIDs  [`@stdlib/UUIDs`]
  [4ec0a83e] Unicode  [`@stdlib/Unicode`]
[ Info: downloading reference images for version 0.0.9
[ Info: starting from index 1
Example Animated time series failed with source:
    using Makie
    
         f0 = 1/2; fs = 100;
         winsec = 4; hopsec = 1/60
         nwin = round(Integer, winsec*fs)
         nhop = round(Integer, hopsec*fs)
         # do the loop
         frame_start = -winsec
         frame_time = collect((0:(nwin-1)) * (1/fs))
         aframe = sin.(2*pi*f0.*(frame_start .+ frame_time))
         scene = lines(frame_start .+ frame_time, aframe)
         center!(scene)
         lineplot = scene[end]
         fix = 0
         record(scene, "/root/.julia/packages/CairoMakie/Nz85B/test/test_recordings/tmp/animated_time_series.mp4", 1:50) do i
             global frame_start
             aframe .= sin.(2*pi*f0.*(frame_start .+ frame_time))
             # append!(aframe, randn(nhop)); deleteat!(aframe, 1:nhop)
             lineplot[1] = frame_start .+ frame_time
             lineplot[2] = aframe
             AbstractPlotting.update_limits!(scene)
             AbstractPlotting.update!(scene)
             sleep(hopsec)
             frame_start += hopsec
        end
        
    
Full Gallery recording: Error During Test at /root/.julia/packages/MakieGallery/HtLio/src/io.jl:270
  Got exception outside of a @test
  LoadError: ArgumentError: Package Makie not found in current path:
  - Run `import Pkg; Pkg.add("Makie")` to install the Makie package.
  
  Stacktrace:
   [1] require(::Module, ::Symbol) at ./loading.jl:876
   [2] include_string(::Module, ::String, ::String) at ./loading.jl:1064
   [3] #eval_example#74(::Base.Iterators.Pairs{Symbol,getfield(MakieGallery, Symbol("#output_path#109")){String},Tuple{Symbol},NamedTuple{(:outputfile,),Tuple{getfield(MakieGallery, Symbol("#output_path#109")){String}}}}, ::typeof(eval_example), ::MakieGallery.CellEntry) at /root/.julia/packages/MakieGallery/HtLio/src/database.jl:542
   [4] (::getfield(MakieGallery, Symbol("##78#79")){Base.Iterators.Pairs{Symbol,getfield(MakieGallery, Symbol("#output_path#109")){String},Tuple{Symbol},NamedTuple{(:outputfile,),Tuple{getfield(MakieGallery, Symbol("#output_path#109")){String}}}},getfield(MakieGallery, Symbol("##108#110")){Tuple{Int64,Int64},String,Array{Any,1}}})(::MakieGallery.CellEntry) at ./none:0
   [5] #enumerate_examples#61(::Int64, ::Nothing, ::typeof(MakieGallery.enumerate_examples), ::getfield(MakieGallery, Symbol("##78#79")){Base.Iterators.Pairs{Symbol,getfield(MakieGallery, Symbol("#output_path#109")){String},Tuple{Symbol},NamedTuple{(:outputfile,),Tuple{getfield(MakieGallery, Symbol("#output_path#109")){String}}}},getfield(MakieGallery, Symbol("##108#110")){Tuple{Int64,Int64},String,Array{Any,1}}}) at /root/.julia/packages/MakieGallery/HtLio/src/database.jl:503
   [6] #enumerate_examples at ./none:0 [inlined]
   [7] #eval_examples#77 at /root/.julia/packages/MakieGallery/HtLio/src/database.jl:570 [inlined]
   [8] #eval_examples at ./none:0 [inlined]
   [9] macro expansion at /root/.julia/packages/MakieGallery/HtLio/src/io.jl:271 [inlined]
   [10] macro expansion at /buildworker/worker/package_linux64/build/usr/share/julia/stdlib/v1.2/Test/src/Test.jl:1113 [inlined]
   [11] #record_examples#107(::Tuple{Int64,Int64}, ::Bool, ::Bool, ::Bool, ::typeof(MakieGallery.record_examples), ::String) at /root/.julia/packages/MakieGallery/HtLio/src/io.jl:271
   [12] record_examples(::String) at /root/.julia/packages/MakieGallery/HtLio/src/io.jl:252
   [13] top-level scope at /root/.julia/packages/CairoMakie/Nz85B/test/runtests.jl:25
   [14] include at ./boot.jl:328 [inlined]
   [15] include_relative(::Module, ::String) at ./loading.jl:1094
   [16] include(::Module, ::String) at ./Base.jl:31
   [17] include(::String) at ./client.jl:431
   [18] top-level scope at none:5
   [19] eval(::Module, ::Any) at ./boot.jl:330
   [20] exec_options(::Base.JLOptions) at ./client.jl:271
   [21] _start() at ./client.jl:464
  in expression starting at animated_time_series:1
  
Test Summary:          | Error  Total
Full Gallery recording |     1      1
ERROR: LoadError: Some tests did not pass: 0 passed, 0 failed, 1 errored, 0 broken.
in expression starting at /root/.julia/packages/CairoMakie/Nz85B/test/runtests.jl:25
ERROR: Package CairoMakie errored during testing
Stacktrace:
 [1] pkgerror(::String, ::Vararg{String,N} where N) at /buildworker/worker/package_linux64/build/usr/share/julia/stdlib/v1.2/Pkg/src/Types.jl:112
 [2] #test#119(::Bool, ::Nothing, ::typeof(Pkg.Operations.test), ::Pkg.Types.Context, ::Array{Pkg.Types.PackageSpec,1}) at /buildworker/worker/package_linux64/build/usr/share/julia/stdlib/v1.2/Pkg/src/Operations.jl:1288
 [3] #test at ./none:0 [inlined]
 [4] #test#62(::Bool, ::Nothing, ::Base.Iterators.Pairs{Union{},Union{},Tuple{},NamedTuple{(),Tuple{}}}, ::typeof(Pkg.API.test), ::Pkg.Types.Context, ::Array{Pkg.Types.PackageSpec,1}) at /buildworker/worker/package_linux64/build/usr/share/julia/stdlib/v1.2/Pkg/src/API.jl:245
 [5] test at /buildworker/worker/package_linux64/build/usr/share/julia/stdlib/v1.2/Pkg/src/API.jl:233 [inlined]
 [6] #test#61 at /buildworker/worker/package_linux64/build/usr/share/julia/stdlib/v1.2/Pkg/src/API.jl:230 [inlined]
 [7] test at /buildworker/worker/package_linux64/build/usr/share/julia/stdlib/v1.2/Pkg/src/API.jl:230 [inlined]
 [8] #test#60 at /buildworker/worker/package_linux64/build/usr/share/julia/stdlib/v1.2/Pkg/src/API.jl:229 [inlined]
 [9] test at /buildworker/worker/package_linux64/build/usr/share/julia/stdlib/v1.2/Pkg/src/API.jl:229 [inlined]
 [10] #test#59(::Base.Iterators.Pairs{Union{},Union{},Tuple{},NamedTuple{(),Tuple{}}}, ::typeof(Pkg.API.test), ::String) at /buildworker/worker/package_linux64/build/usr/share/julia/stdlib/v1.2/Pkg/src/API.jl:228
 [11] test(::String) at /buildworker/worker/package_linux64/build/usr/share/julia/stdlib/v1.2/Pkg/src/API.jl:228
 [12] top-level scope at none:10
