 Resolving package versions...
 Installed SuffixArrays ─ v0.2.0
  Updating `~/.julia/environments/v1.0/Project.toml`
  [24f65c1e] + SuffixArrays v0.2.0
  Updating `~/.julia/environments/v1.0/Manifest.toml`
  [24f65c1e] + SuffixArrays v0.2.0
  [2a0f44e3] + Base64 
  [8ba89e20] + Distributed 
  [b77e0a4c] + InteractiveUtils 
  [8f399da3] + Libdl 
  [37e2e46d] + LinearAlgebra 
  [56ddb016] + Logging 
  [d6f4376e] + Markdown 
  [9a3f8284] + Random 
  [9e88b42a] + Serialization 
  [6462fe0b] + Sockets 
  [8dfed614] + Test 
   Testing SuffixArrays
    Status `/tmp/tmpjWUcB0/Manifest.toml`
  [24f65c1e] SuffixArrays v0.2.0
  [2a0f44e3] Base64  [`@stdlib/Base64`]
  [8ba89e20] Distributed  [`@stdlib/Distributed`]
  [b77e0a4c] InteractiveUtils  [`@stdlib/InteractiveUtils`]
  [8f399da3] Libdl  [`@stdlib/Libdl`]
  [37e2e46d] LinearAlgebra  [`@stdlib/LinearAlgebra`]
  [56ddb016] Logging  [`@stdlib/Logging`]
  [d6f4376e] Markdown  [`@stdlib/Markdown`]
  [9a3f8284] Random  [`@stdlib/Random`]
  [9e88b42a] Serialization  [`@stdlib/Serialization`]
  [6462fe0b] Sockets  [`@stdlib/Sockets`]
  [8dfed614] Test  [`@stdlib/Test`]
Sorting '/root/.julia/packages/SuffixArrays/aM99q/src/SuffixArrays.jl' took: 2.278478279
Done.
Sorting '/root/.julia/packages/SuffixArrays/aM99q/src/sais.jl' took: 0.001368309
Done.
Sorting '/root/.julia/packages/SuffixArrays/aM99q/test/runtests.jl' took: 0.000289069
Done.
   Testing SuffixArrays tests passed 
