 Resolving package versions...
 Installed Tokenize ──────────── v0.5.6
 Installed CSTParser ─────────── v1.0.0
 Installed AutomaticDocstrings ─ v0.1.1
  Updating `~/.julia/environments/v1.0/Project.toml`
  [70b36510] + AutomaticDocstrings v0.1.1
  Updating `~/.julia/environments/v1.0/Manifest.toml`
  [70b36510] + AutomaticDocstrings v0.1.1
  [00ebfdb7] + CSTParser v1.0.0
  [0796e94c] + Tokenize v0.5.6
   Testing AutomaticDocstrings
 Resolving package versions...
    Status `/tmp/tmpw4n0lH/Manifest.toml`
  [70b36510] AutomaticDocstrings v0.1.1
  [00ebfdb7] CSTParser v1.0.0
  [0796e94c] Tokenize v0.5.6
  [2a0f44e3] Base64  [`@stdlib/Base64`]
  [8ba89e20] Distributed  [`@stdlib/Distributed`]
  [b77e0a4c] InteractiveUtils  [`@stdlib/InteractiveUtils`]
  [8f399da3] Libdl  [`@stdlib/Libdl`]
  [37e2e46d] LinearAlgebra  [`@stdlib/LinearAlgebra`]
  [56ddb016] Logging  [`@stdlib/Logging`]
  [d6f4376e] Markdown  [`@stdlib/Markdown`]
  [9a3f8284] Random  [`@stdlib/Random`]
  [9e88b42a] Serialization  [`@stdlib/Serialization`]
  [6462fe0b] Sockets  [`@stdlib/Sockets`]
  [8dfed614] Test  [`@stdlib/Test`]
[ Info: Saved a backup to /tmp/tmpmp2R1V/backup
[ Info: Saved a backup to /tmp/tmpO6LwAE/backup
[ Info: Saved a backup to /tmp/tmpmfqy5w/backup
Autodoc failed, input:   =====================================
@autodoc
f(a::A, b; c) where A = 5

Result:     ==================================================
"""
    (f(a::A, b; c) where A) = begin

DOCSTRING

#Arguments:
- `a`: DESCRIPTION
- `b`: DESCRIPTION
- `c`: DESCRIPTION
"""
f(a::A, b; c) where A = 5

Expected:   ==================================================
"""
f(a, b; c) where A

DOCSTRING

#Arguments:
- `a`: DESCRIPTION
- `b`: DESCRIPTION
- `c`: DESCRIPTION
"""
f(a::A, b; c) where A = 5

[ Info: Saved a backup to /tmp/tmpUAvt8t/backup
[ Info: Saved a backup to /tmp/tmpkrqUQt/backup
[ Info: Saved a backup to /tmp/tmpioNYDy/backup
[ Info: Saved a backup to /tmp/tmp4HpfFE/backup
   Testing AutomaticDocstrings tests passed 
