 Resolving package versions...
 Installed Parsers ──────── v0.3.10
 Installed BenchmarkTools ─ v0.4.3
 Installed LLLplus ──────── v1.2.3
 Installed JSON ─────────── v0.21.0
  Updating `~/.julia/environments/v1.0/Project.toml`
  [142c1900] + LLLplus v1.2.3
  Updating `~/.julia/environments/v1.0/Manifest.toml`
  [6e4b80f9] + BenchmarkTools v0.4.3
  [682c06a0] + JSON v0.21.0
  [142c1900] + LLLplus v1.2.3
  [69de0a69] + Parsers v0.3.10
  [2a0f44e3] + Base64 
  [ade2ca70] + Dates 
  [8bb1440f] + DelimitedFiles 
  [8ba89e20] + Distributed 
  [b77e0a4c] + InteractiveUtils 
  [8f399da3] + Libdl 
  [37e2e46d] + LinearAlgebra 
  [56ddb016] + Logging 
  [d6f4376e] + Markdown 
  [a63ad114] + Mmap 
  [de0858da] + Printf 
  [9a3f8284] + Random 
  [9e88b42a] + Serialization 
  [6462fe0b] + Sockets 
  [2f01184e] + SparseArrays 
  [10745b16] + Statistics 
  [8dfed614] + Test 
  [4ec0a83e] + Unicode 
   Testing LLLplus
    Status `/tmp/tmp6xtSQy/Manifest.toml`
  [6e4b80f9] BenchmarkTools v0.4.3
  [682c06a0] JSON v0.21.0
  [142c1900] LLLplus v1.2.3
  [69de0a69] Parsers v0.3.10
  [2a0f44e3] Base64  [`@stdlib/Base64`]
  [ade2ca70] Dates  [`@stdlib/Dates`]
  [8bb1440f] DelimitedFiles  [`@stdlib/DelimitedFiles`]
  [8ba89e20] Distributed  [`@stdlib/Distributed`]
  [b77e0a4c] InteractiveUtils  [`@stdlib/InteractiveUtils`]
  [8f399da3] Libdl  [`@stdlib/Libdl`]
  [37e2e46d] LinearAlgebra  [`@stdlib/LinearAlgebra`]
  [56ddb016] Logging  [`@stdlib/Logging`]
  [d6f4376e] Markdown  [`@stdlib/Markdown`]
  [a63ad114] Mmap  [`@stdlib/Mmap`]
  [de0858da] Printf  [`@stdlib/Printf`]
  [9a3f8284] Random  [`@stdlib/Random`]
  [9e88b42a] Serialization  [`@stdlib/Serialization`]
  [6462fe0b] Sockets  [`@stdlib/Sockets`]
  [2f01184e] SparseArrays  [`@stdlib/SparseArrays`]
  [10745b16] Statistics  [`@stdlib/Statistics`]
  [8dfed614] Test  [`@stdlib/Test`]
  [4ec0a83e] Unicode  [`@stdlib/Unicode`]
tests with small matrices...
...done

In all the following tests, the first time includes the JIT compilation; 
for the second execution the compilation is already done and the time
should be faster.

Testing LLL on 1000x1000 real matrix...
  4.238709 seconds (1.81 M allocations: 587.219 MiB, 10.64% gc time)
  1.259384 seconds (219.75 k allocations: 514.562 MiB, 9.66% gc time)

Testing LLL on 10x10 complex matrix...
  9.603578 seconds (9.67 M allocations: 427.765 MiB, 3.49% gc time)
  0.032966 seconds (2.48 k allocations: 252.625 KiB)
Testing Seysen on same 10x10 complex matrix...
  2.654429 seconds (2.89 M allocations: 140.773 MiB, 3.71% gc time)
  0.000664 seconds (927 allocations: 214.688 KiB)
Testing VBLAST on same 10x10 complex matrix...
  1.679042 seconds (1.07 M allocations: 50.961 MiB, 1.94% gc time)
  0.072292 seconds (261 allocations: 123.578 KiB)
Testing Brun on real part of same 10x10 matrix...
  1.838033 seconds (2.02 M allocations: 99.352 MiB, 4.24% gc time)
  0.000263 seconds (39 allocations: 12.672 KiB)

Testing sphere decoder on 100000 samples of 3x3 BPSK system...
  2.527615 seconds (5.96 M allocations: 377.046 MiB, 10.37% gc time)
  0.408320 seconds (3.80 M allocations: 272.371 MiB, 23.53% gc time)
Error Rate is 0.0. It should be zero or very small.

Testing now with 200x200 matrix from latticechallenge.org.
The min norm of the input should be 30, min norm of the reduced bases should be smaller.
min norm of input is 30.0
  1.236523 seconds (856.74 k allocations: 361.979 MiB, 5.35% gc time)
min norm of lll-reduced basis is 29.30870177950569
  4.828080 seconds (2.80 M allocations: 1.155 GiB, 6.81% gc time)
min norm of seysen-reduced basis is 30.0
   Testing LLLplus tests passed 
