 Resolving package versions...
 Installed InvertedIndices ───────────── v1.0.0
 Installed Reexport ──────────────────── v0.2.0
 Installed DataValueInterfaces ───────── v1.0.0
 Installed Parsers ───────────────────── v0.3.10
 Installed IteratorInterfaceExtensions ─ v1.0.0
 Installed DataStructures ────────────── v0.17.6
 Installed JSON ──────────────────────── v0.21.0
 Installed ClickHouse ────────────────── v0.1.0
 Installed DataAPI ───────────────────── v1.1.0
 Installed PooledArrays ──────────────── v0.5.2
 Installed SortingAlgorithms ─────────── v0.3.1
 Installed ProgressMeter ─────────────── v1.2.0
 Installed Missings ──────────────────── v0.4.3
 Installed OrderedCollections ────────── v1.1.0
 Installed DataFrames ────────────────── v0.19.4
 Installed CategoricalArrays ─────────── v0.7.3
 Installed TableTraits ───────────────── v1.0.0
 Installed Tables ────────────────────── v0.2.11
 Installed Compat ────────────────────── v2.2.0
  Updating `~/.julia/environments/v1.0/Project.toml`
  [82f2e89e] + ClickHouse v0.1.0
  Updating `~/.julia/environments/v1.0/Manifest.toml`
  [324d7699] + CategoricalArrays v0.7.3
  [82f2e89e] + ClickHouse v0.1.0
  [34da2185] + Compat v2.2.0
  [9a962f9c] + DataAPI v1.1.0
  [a93c6f00] + DataFrames v0.19.4
  [864edb3b] + DataStructures v0.17.6
  [e2d170a0] + DataValueInterfaces v1.0.0
  [41ab1584] + InvertedIndices v1.0.0
  [82899510] + IteratorInterfaceExtensions v1.0.0
  [682c06a0] + JSON v0.21.0
  [e1d29d7a] + Missings v0.4.3
  [bac558e1] + OrderedCollections v1.1.0
  [69de0a69] + Parsers v0.3.10
  [2dfb63ee] + PooledArrays v0.5.2
  [92933f4c] + ProgressMeter v1.2.0
  [189a3867] + Reexport v0.2.0
  [a2af1166] + SortingAlgorithms v0.3.1
  [3783bdb8] + TableTraits v1.0.0
  [bd369af6] + Tables v0.2.11
  [2a0f44e3] + Base64 
  [ade2ca70] + Dates 
  [8bb1440f] + DelimitedFiles 
  [8ba89e20] + Distributed 
  [9fa8497b] + Future 
  [b77e0a4c] + InteractiveUtils 
  [76f85450] + LibGit2 
  [8f399da3] + Libdl 
  [37e2e46d] + LinearAlgebra 
  [56ddb016] + Logging 
  [d6f4376e] + Markdown 
  [a63ad114] + Mmap 
  [44cfe95a] + Pkg 
  [de0858da] + Printf 
  [3fa0cd96] + REPL 
  [9a3f8284] + Random 
  [ea8e919c] + SHA 
  [9e88b42a] + Serialization 
  [1a1011a3] + SharedArrays 
  [6462fe0b] + Sockets 
  [2f01184e] + SparseArrays 
  [10745b16] + Statistics 
  [8dfed614] + Test 
  [cf7118a7] + UUIDs 
  [4ec0a83e] + Unicode 
   Testing ClickHouse
    Status `/tmp/tmpM8PXlx/Manifest.toml`
  [324d7699] CategoricalArrays v0.7.3
  [82f2e89e] ClickHouse v0.1.0
  [34da2185] Compat v2.2.0
  [9a962f9c] DataAPI v1.1.0
  [a93c6f00] DataFrames v0.19.4
  [864edb3b] DataStructures v0.17.6
  [e2d170a0] DataValueInterfaces v1.0.0
  [41ab1584] InvertedIndices v1.0.0
  [82899510] IteratorInterfaceExtensions v1.0.0
  [682c06a0] JSON v0.21.0
  [e1d29d7a] Missings v0.4.3
  [bac558e1] OrderedCollections v1.1.0
  [69de0a69] Parsers v0.3.10
  [2dfb63ee] PooledArrays v0.5.2
  [92933f4c] ProgressMeter v1.2.0
  [189a3867] Reexport v0.2.0
  [a2af1166] SortingAlgorithms v0.3.1
  [3783bdb8] TableTraits v1.0.0
  [bd369af6] Tables v0.2.11
  [2a0f44e3] Base64  [`@stdlib/Base64`]
  [ade2ca70] Dates  [`@stdlib/Dates`]
  [8bb1440f] DelimitedFiles  [`@stdlib/DelimitedFiles`]
  [8ba89e20] Distributed  [`@stdlib/Distributed`]
  [9fa8497b] Future  [`@stdlib/Future`]
  [b77e0a4c] InteractiveUtils  [`@stdlib/InteractiveUtils`]
  [76f85450] LibGit2  [`@stdlib/LibGit2`]
  [8f399da3] Libdl  [`@stdlib/Libdl`]
  [37e2e46d] LinearAlgebra  [`@stdlib/LinearAlgebra`]
  [56ddb016] Logging  [`@stdlib/Logging`]
  [d6f4376e] Markdown  [`@stdlib/Markdown`]
  [a63ad114] Mmap  [`@stdlib/Mmap`]
  [44cfe95a] Pkg  [`@stdlib/Pkg`]
  [de0858da] Printf  [`@stdlib/Printf`]
  [3fa0cd96] REPL  [`@stdlib/REPL`]
  [9a3f8284] Random  [`@stdlib/Random`]
  [ea8e919c] SHA  [`@stdlib/SHA`]
  [9e88b42a] Serialization  [`@stdlib/Serialization`]
  [1a1011a3] SharedArrays  [`@stdlib/SharedArrays`]
  [6462fe0b] Sockets  [`@stdlib/Sockets`]
  [2f01184e] SparseArrays  [`@stdlib/SparseArrays`]
  [10745b16] Statistics  [`@stdlib/Statistics`]
  [8dfed614] Test  [`@stdlib/Test`]
  [cf7118a7] UUIDs  [`@stdlib/UUIDs`]
  [4ec0a83e] Unicode  [`@stdlib/Unicode`]
Test Summary:                                | Pass  Total
Decode & re-encode client packets (SELECT 1) |    6      6
Test Summary:                    | Pass  Total
Decode server packets (SELECT 1) |    9      9
Test Summary:                                       | Pass  Total
Decode client packets (INSERT INTO woof VALUES (1)) |    1      1
Test Summary:                     |
Decode server packets (OHLC data) | No tests
Test Summary:                 |
Decode server packets (enums) | No tests
Test Summary:                             | Pass  Total
Decode & re-encode client packets (enums) |    2      2
Test Summary:                     |
Decode server packets (exception) | No tests
Test Summary:                                 | Pass  Total
Decode & re-encode client packets (OHLC data) |    2      2
Queries on localhost DB: Error During Test at /root/.julia/packages/ClickHouse/W70K9/test/runtests.jl:188
  Got exception outside of a @test
  IOError: connect: connection refused (ECONNREFUSED)
  Stacktrace:
   [1] try_yieldto(::typeof(Base.ensure_rescheduled), ::Base.RefValue{Task}) at ./event.jl:196
   [2] wait() at ./event.jl:255
   [3] wait(::Condition) at ./event.jl:46
   [4] stream_wait(::Sockets.TCPSocket, ::Condition) at ./stream.jl:47
   [5] wait_connected(::Sockets.TCPSocket) at ./stream.jl:259
   [6] connect at /buildworker/worker/package_linux64/build/usr/share/julia/stdlib/v1.0/Sockets/src/Sockets.jl:444 [inlined]
   [7] connect(::String, ::Int64) at /buildworker/worker/package_linux64/build/usr/share/julia/stdlib/v1.0/Sockets/src/Sockets.jl:427
   [8] #connect#29(::String, ::String, ::String, ::Function, ::String, ::Int64) at /root/.julia/packages/ClickHouse/W70K9/src/Query.jl:57
   [9] connect(::String, ::Int64) at /root/.julia/packages/ClickHouse/W70K9/src/Query.jl:57
   [10] macro expansion at /root/.julia/packages/ClickHouse/W70K9/test/runtests.jl:190 [inlined]
   [11] macro expansion at /buildworker/worker/package_linux64/build/usr/share/julia/stdlib/v1.0/Test/src/Test.jl:1083 [inlined]
   [12] top-level scope at /root/.julia/packages/ClickHouse/W70K9/test/runtests.jl:189
   [13] include at ./boot.jl:317 [inlined]
   [14] include_relative(::Module, ::String) at ./loading.jl:1044
   [15] include(::Module, ::String) at ./sysimg.jl:29
   [16] include(::String) at ./client.jl:392
   [17] top-level scope at none:0
   [18] eval(::Module, ::Any) at ./boot.jl:319
   [19] exec_options(::Base.JLOptions) at ./client.jl:243
   [20] _start() at ./client.jl:425
Test Summary:           | Error  Total
Queries on localhost DB |     1      1
ERROR: LoadError: Some tests did not pass: 0 passed, 0 failed, 1 errored, 0 broken.
in expression starting at /root/.julia/packages/ClickHouse/W70K9/test/runtests.jl:188
ERROR: Package ClickHouse errored during testing
Stacktrace:
 [1] pkgerror(::String, ::Vararg{String,N} where N) at /buildworker/worker/package_linux64/build/usr/share/julia/stdlib/v1.0/Pkg/src/Types.jl:120
 [2] #test#65(::Bool, ::Function, ::Pkg.Types.Context, ::Array{Pkg.Types.PackageSpec,1}) at /buildworker/worker/package_linux64/build/usr/share/julia/stdlib/v1.0/Pkg/src/Operations.jl:1357
 [3] #test at /buildworker/worker/package_linux64/build/usr/share/julia/stdlib/v1.0/Pkg/src/API.jl:0 [inlined]
 [4] #test#44(::Bool, ::Base.Iterators.Pairs{Union{},Union{},Tuple{},NamedTuple{(),Tuple{}}}, ::Function, ::Pkg.Types.Context, ::Array{Pkg.Types.PackageSpec,1}) at /buildworker/worker/package_linux64/build/usr/share/julia/stdlib/v1.0/Pkg/src/API.jl:278
 [5] test at /buildworker/worker/package_linux64/build/usr/share/julia/stdlib/v1.0/Pkg/src/API.jl:263 [inlined]
 [6] #test#43 at /buildworker/worker/package_linux64/build/usr/share/julia/stdlib/v1.0/Pkg/src/API.jl:260 [inlined]
 [7] test at /buildworker/worker/package_linux64/build/usr/share/julia/stdlib/v1.0/Pkg/src/API.jl:260 [inlined]
 [8] #test#42 at /buildworker/worker/package_linux64/build/usr/share/julia/stdlib/v1.0/Pkg/src/API.jl:259 [inlined]
 [9] test at /buildworker/worker/package_linux64/build/usr/share/julia/stdlib/v1.0/Pkg/src/API.jl:259 [inlined]
 [10] #test#41 at /buildworker/worker/package_linux64/build/usr/share/julia/stdlib/v1.0/Pkg/src/API.jl:258 [inlined]
 [11] test(::String) at /buildworker/worker/package_linux64/build/usr/share/julia/stdlib/v1.0/Pkg/src/API.jl:258
 [12] top-level scope at none:0
