 Resolving package versions...
 Installed URIParser ──────────── v0.4.0
 Installed Compat ─────────────── v2.2.0
 Installed CommonSubexpressions ─ v0.2.0
 Installed BinaryProvider ─────── v0.5.8
 Installed InfrastructureModels ─ v0.3.2
 Installed Memento ────────────── v0.12.1
 Installed JuMP ───────────────── v0.20.1
 Installed Parsers ────────────── v0.3.10
 Installed OrderedCollections ─── v1.1.0
 Installed DiffRules ──────────── v0.1.0
 Installed Calculus ───────────── v0.5.1
 Installed ForwardDiff ────────── v0.10.6
 Installed DataStructures ─────── v0.17.6
 Installed TimeZones ──────────── v0.10.3
 Installed NaNMath ────────────── v0.3.3
 Installed JSON ───────────────── v0.21.0
 Installed PowerModels ────────── v0.13.0
 Installed DiffResults ────────── v0.0.4
 Installed Mocking ────────────── v0.7.0
 Installed StaticArrays ───────── v0.12.1
 Installed MathOptInterface ───── v0.9.7
 Installed EzXML ──────────────── v0.9.4
 Installed BinDeps ────────────── v0.8.10
 Installed SpecialFunctions ───── v0.8.0
 Installed BenchmarkTools ─────── v0.4.3
 Installed Syslogs ────────────── v0.3.0
  Updating `~/.julia/environments/v1.2/Project.toml`
  [c36e90e8] + PowerModels v0.13.0
  Updating `~/.julia/environments/v1.2/Manifest.toml`
  [6e4b80f9] + BenchmarkTools v0.4.3
  [9e28174c] + BinDeps v0.8.10
  [b99e7846] + BinaryProvider v0.5.8
  [49dc2e85] + Calculus v0.5.1
  [bbf7d656] + CommonSubexpressions v0.2.0
  [34da2185] + Compat v2.2.0
  [864edb3b] + DataStructures v0.17.6
  [163ba53b] + DiffResults v0.0.4
  [b552c78f] + DiffRules v0.1.0
  [8f5d6c58] + EzXML v0.9.4
  [f6369f11] + ForwardDiff v0.10.6
  [2030c09a] + InfrastructureModels v0.3.2
  [682c06a0] + JSON v0.21.0
  [4076af6c] + JuMP v0.20.1
  [b8f27783] + MathOptInterface v0.9.7
  [f28f55f0] + Memento v0.12.1
  [78c3b35d] + Mocking v0.7.0
  [77ba4419] + NaNMath v0.3.3
  [bac558e1] + OrderedCollections v1.1.0
  [69de0a69] + Parsers v0.3.10
  [c36e90e8] + PowerModels v0.13.0
  [276daf66] + SpecialFunctions v0.8.0
  [90137ffa] + StaticArrays v0.12.1
  [cea106d9] + Syslogs v0.3.0
  [f269a46b] + TimeZones v0.10.3
  [30578b45] + URIParser v0.4.0
  [2a0f44e3] + Base64 
  [ade2ca70] + Dates 
  [8bb1440f] + DelimitedFiles 
  [8ba89e20] + Distributed 
  [b77e0a4c] + InteractiveUtils 
  [76f85450] + LibGit2 
  [8f399da3] + Libdl 
  [37e2e46d] + LinearAlgebra 
  [56ddb016] + Logging 
  [d6f4376e] + Markdown 
  [a63ad114] + Mmap 
  [44cfe95a] + Pkg 
  [de0858da] + Printf 
  [3fa0cd96] + REPL 
  [9a3f8284] + Random 
  [ea8e919c] + SHA 
  [9e88b42a] + Serialization 
  [1a1011a3] + SharedArrays 
  [6462fe0b] + Sockets 
  [2f01184e] + SparseArrays 
  [10745b16] + Statistics 
  [8dfed614] + Test 
  [cf7118a7] + UUIDs 
  [4ec0a83e] + Unicode 
  Building EzXML ───────────→ `~/.julia/packages/EzXML/G0JeY/deps/build.log`
  Building TimeZones ───────→ `~/.julia/packages/TimeZones/pjvlM/deps/build.log`
  Building SpecialFunctions → `~/.julia/packages/SpecialFunctions/ne2iw/deps/build.log`
   Testing PowerModels
 Resolving package versions...
 Installed SCS ────────── v0.6.2
 Installed MathProgBase ─ v0.7.7
 Installed Ipopt ──────── v0.6.1
 Installed Cbc ────────── v0.6.5
 Installed Juniper ────── v0.5.2
  Building Ipopt → `~/.julia/packages/Ipopt/ruIXY/deps/build.log`
  Building SCS ──→ `~/.julia/packages/SCS/Y9wx3/deps/build.log`
  Building Cbc ──→ `~/.julia/packages/Cbc/5nCGI/deps/build.log`
    Status `/tmp/jl_2OOW0q/Manifest.toml`
  [6e4b80f9] BenchmarkTools v0.4.3
  [9e28174c] BinDeps v0.8.10
  [b99e7846] BinaryProvider v0.5.8
  [49dc2e85] Calculus v0.5.1
  [9961bab8] Cbc v0.6.5
  [bbf7d656] CommonSubexpressions v0.2.0
  [34da2185] Compat v2.2.0
  [864edb3b] DataStructures v0.17.6
  [163ba53b] DiffResults v0.0.4
  [b552c78f] DiffRules v0.1.0
  [8f5d6c58] EzXML v0.9.4
  [f6369f11] ForwardDiff v0.10.6
  [2030c09a] InfrastructureModels v0.3.2
  [b6b21f68] Ipopt v0.6.1
  [682c06a0] JSON v0.21.0
  [4076af6c] JuMP v0.20.1
  [2ddba703] Juniper v0.5.2
  [b8f27783] MathOptInterface v0.9.7
  [fdba3010] MathProgBase v0.7.7
  [f28f55f0] Memento v0.12.1
  [78c3b35d] Mocking v0.7.0
  [77ba4419] NaNMath v0.3.3
  [bac558e1] OrderedCollections v1.1.0
  [69de0a69] Parsers v0.3.10
  [c36e90e8] PowerModels v0.13.0
  [c946c3f1] SCS v0.6.2
  [276daf66] SpecialFunctions v0.8.0
  [90137ffa] StaticArrays v0.12.1
  [cea106d9] Syslogs v0.3.0
  [f269a46b] TimeZones v0.10.3
  [30578b45] URIParser v0.4.0
  [2a0f44e3] Base64  [`@stdlib/Base64`]
  [ade2ca70] Dates  [`@stdlib/Dates`]
  [8bb1440f] DelimitedFiles  [`@stdlib/DelimitedFiles`]
  [8ba89e20] Distributed  [`@stdlib/Distributed`]
  [b77e0a4c] InteractiveUtils  [`@stdlib/InteractiveUtils`]
  [76f85450] LibGit2  [`@stdlib/LibGit2`]
  [8f399da3] Libdl  [`@stdlib/Libdl`]
  [37e2e46d] LinearAlgebra  [`@stdlib/LinearAlgebra`]
  [56ddb016] Logging  [`@stdlib/Logging`]
  [d6f4376e] Markdown  [`@stdlib/Markdown`]
  [a63ad114] Mmap  [`@stdlib/Mmap`]
  [44cfe95a] Pkg  [`@stdlib/Pkg`]
  [de0858da] Printf  [`@stdlib/Printf`]
  [3fa0cd96] REPL  [`@stdlib/REPL`]
  [9a3f8284] Random  [`@stdlib/Random`]
  [ea8e919c] SHA  [`@stdlib/SHA`]
  [9e88b42a] Serialization  [`@stdlib/Serialization`]
  [1a1011a3] SharedArrays  [`@stdlib/SharedArrays`]
  [6462fe0b] Sockets  [`@stdlib/Sockets`]
  [2f01184e] SparseArrays  [`@stdlib/SparseArrays`]
  [10745b16] Statistics  [`@stdlib/Statistics`]
  [8dfed614] Test  [`@stdlib/Test`]
  [cf7118a7] UUIDs  [`@stdlib/UUIDs`]
  [4ec0a83e] Unicode  [`@stdlib/Unicode`]

******************************************************************************
This program contains Ipopt, a library for large-scale nonlinear optimization.
 Ipopt is released as open source code under the Eclipse Public License (EPL).
         For more information visit http://projects.coin-or.org/Ipopt
******************************************************************************

┌ Warning: MathOptInterface.VariablePrimalStart() is not supported by MathOptInterface.Bridges.LazyBridgeOptimizer{MathOptInterface.Utilities.CachingOptimizer{Cbc.Optimizer,MathOptInterface.Utilities.UniversalFallback{MathOptInterface.Utilities.Model{Float64}}}}. This 
│   information will be discarded. = "information will be discarded."
└ @ MathOptInterface.Utilities ~/.julia/packages/MathOptInterface/A2UPd/src/Utilities/copy.jl:140
┌ Warning: MathOptInterface.VariablePrimalStart() is not supported by MathOptInterface.Bridges.LazyBridgeOptimizer{MathOptInterface.Utilities.CachingOptimizer{Cbc.Optimizer,MathOptInterface.Utilities.UniversalFallback{MathOptInterface.Utilities.Model{Float64}}}}. This 
│   information will be discarded. = "information will be discarded."
└ @ MathOptInterface.Utilities ~/.julia/packages/MathOptInterface/A2UPd/src/Utilities/copy.jl:140
┌ Warning: MathOptInterface.VariablePrimalStart() is not supported by MathOptInterface.Bridges.LazyBridgeOptimizer{MathOptInterface.Utilities.CachingOptimizer{Cbc.Optimizer,MathOptInterface.Utilities.UniversalFallback{MathOptInterface.Utilities.Model{Float64}}}}. This 
│   information will be discarded. = "information will be discarded."
└ @ MathOptInterface.Utilities ~/.julia/packages/MathOptInterface/A2UPd/src/Utilities/copy.jl:140
┌ Warning: MathOptInterface.VariablePrimalStart() is not supported by MathOptInterface.Bridges.LazyBridgeOptimizer{MathOptInterface.Utilities.CachingOptimizer{Cbc.Optimizer,MathOptInterface.Utilities.UniversalFallback{MathOptInterface.Utilities.Model{Float64}}}}. This 
│   information will be discarded. = "information will be discarded."
└ @ MathOptInterface.Utilities ~/.julia/packages/MathOptInterface/A2UPd/src/Utilities/copy.jl:140
┌ Warning: MathOptInterface.VariablePrimalStart() is not supported by MathOptInterface.Bridges.LazyBridgeOptimizer{MathOptInterface.Utilities.CachingOptimizer{Cbc.Optimizer,MathOptInterface.Utilities.UniversalFallback{MathOptInterface.Utilities.Model{Float64}}}}. This 
│   information will be discarded. = "information will be discarded."
└ @ MathOptInterface.Utilities ~/.julia/packages/MathOptInterface/A2UPd/src/Utilities/copy.jl:140
┌ Warning: MathOptInterface.VariablePrimalStart() is not supported by MathOptInterface.Bridges.LazyBridgeOptimizer{MathOptInterface.Utilities.CachingOptimizer{Cbc.Optimizer,MathOptInterface.Utilities.UniversalFallback{MathOptInterface.Utilities.Model{Float64}}}}. This 
│   information will be discarded. = "information will be discarded."
└ @ MathOptInterface.Utilities ~/.julia/packages/MathOptInterface/A2UPd/src/Utilities/copy.jl:140
┌ Warning: MathOptInterface.VariablePrimalStart() is not supported by MathOptInterface.Bridges.LazyBridgeOptimizer{MathOptInterface.Utilities.CachingOptimizer{Cbc.Optimizer,MathOptInterface.Utilities.UniversalFallback{MathOptInterface.Utilities.Model{Float64}}}}. This 
│   information will be discarded. = "information will be discarded."
└ @ MathOptInterface.Utilities ~/.julia/packages/MathOptInterface/A2UPd/src/Utilities/copy.jl:140
[ Info: no explicit NLP constraints or objective provided using @NLconstraint or @NLobjective macros
[ Info: no explicit NLP constraints or objective provided using @NLconstraint or @NLobjective macros
┌ Warning: MathOptInterface.VariablePrimalStart() is not supported by MathOptInterface.Bridges.LazyBridgeOptimizer{MathOptInterface.Utilities.CachingOptimizer{Cbc.Optimizer,MathOptInterface.Utilities.UniversalFallback{MathOptInterface.Utilities.Model{Float64}}}}. This 
│   information will be discarded. = "information will be discarded."
└ @ MathOptInterface.Utilities ~/.julia/packages/MathOptInterface/A2UPd/src/Utilities/copy.jl:140
┌ Warning: MathOptInterface.VariablePrimalStart() is not supported by MathOptInterface.Bridges.LazyBridgeOptimizer{MathOptInterface.Utilities.CachingOptimizer{Cbc.Optimizer,MathOptInterface.Utilities.UniversalFallback{MathOptInterface.Utilities.Model{Float64}}}}. This 
│   information will be discarded. = "information will be discarded."
└ @ MathOptInterface.Utilities ~/.julia/packages/MathOptInterface/A2UPd/src/Utilities/copy.jl:140
┌ Warning: MathOptInterface.VariablePrimalStart() is not supported by MathOptInterface.Bridges.LazyBridgeOptimizer{MathOptInterface.Utilities.CachingOptimizer{Cbc.Optimizer,MathOptInterface.Utilities.UniversalFallback{MathOptInterface.Utilities.Model{Float64}}}}. This 
│   information will be discarded. = "information will be discarded."
└ @ MathOptInterface.Utilities ~/.julia/packages/MathOptInterface/A2UPd/src/Utilities/copy.jl:140
[ Info: no explicit NLP constraints or objective provided using @NLconstraint or @NLobjective macros
[ Info: no explicit NLP constraints or objective provided using @NLconstraint or @NLobjective macros
┌ Warning: MathOptInterface.VariablePrimalStart() is not supported by MathOptInterface.Bridges.LazyBridgeOptimizer{MathOptInterface.Utilities.CachingOptimizer{Cbc.Optimizer,MathOptInterface.Utilities.UniversalFallback{MathOptInterface.Utilities.Model{Float64}}}}. This 
│   information will be discarded. = "information will be discarded."
└ @ MathOptInterface.Utilities ~/.julia/packages/MathOptInterface/A2UPd/src/Utilities/copy.jl:140
[ Info: no explicit NLP constraints or objective provided using @NLconstraint or @NLobjective macros
[ Info: no explicit NLP constraints or objective provided using @NLconstraint or @NLobjective macros
[ Info: no explicit NLP constraints or objective provided using @NLconstraint or @NLobjective macros
[ Info: no explicit NLP constraints or objective provided using @NLconstraint or @NLobjective macros
[ Info: no explicit NLP constraints or objective provided using @NLconstraint or @NLobjective macros
[ Info: no explicit NLP constraints or objective provided using @NLconstraint or @NLobjective macros
[ Info: no explicit NLP constraints or objective provided using @NLconstraint or @NLobjective macros
[ Info: no explicit NLP constraints or objective provided using @NLconstraint or @NLobjective macros
[ Info: no explicit NLP constraints or objective provided using @NLconstraint or @NLobjective macros
[ Info: no explicit NLP constraints or objective provided using @NLconstraint or @NLobjective macros
[ Info: no explicit NLP constraints or objective provided using @NLconstraint or @NLobjective macros
[ Info: no explicit NLP constraints or objective provided using @NLconstraint or @NLobjective macros
[ Info: no explicit NLP constraints or objective provided using @NLconstraint or @NLobjective macros
[ Info: no explicit NLP constraints or objective provided using @NLconstraint or @NLobjective macros
[ Info: no explicit NLP constraints or objective provided using @NLconstraint or @NLobjective macros
[ Info: no explicit NLP constraints or objective provided using @NLconstraint or @NLobjective macros
[ Info: no explicit NLP constraints or objective provided using @NLconstraint or @NLobjective macros
[ Info: no explicit NLP constraints or objective provided using @NLconstraint or @NLobjective macros
[ Info: no explicit NLP constraints or objective provided using @NLconstraint or @NLobjective macros
[ Info: no explicit NLP constraints or objective provided using @NLconstraint or @NLobjective macros
[ Info: no explicit NLP constraints or objective provided using @NLconstraint or @NLobjective macros
[ Info: no explicit NLP constraints or objective provided using @NLconstraint or @NLobjective macros
[ Info: no explicit NLP constraints or objective provided using @NLconstraint or @NLobjective macros
┌ Warning: MathOptInterface.VariablePrimalStart() is not supported by MathOptInterface.Bridges.LazyBridgeOptimizer{MathOptInterface.Utilities.CachingOptimizer{Cbc.Optimizer,MathOptInterface.Utilities.UniversalFallback{MathOptInterface.Utilities.Model{Float64}}}}. This 
│   information will be discarded. = "information will be discarded."
└ @ MathOptInterface.Utilities ~/.julia/packages/MathOptInterface/A2UPd/src/Utilities/copy.jl:140
┌ Warning: MathOptInterface.VariablePrimalStart() is not supported by MathOptInterface.Bridges.LazyBridgeOptimizer{MathOptInterface.Utilities.CachingOptimizer{Cbc.Optimizer,MathOptInterface.Utilities.UniversalFallback{MathOptInterface.Utilities.Model{Float64}}}}. This 
│   information will be discarded. = "information will be discarded."
└ @ MathOptInterface.Utilities ~/.julia/packages/MathOptInterface/A2UPd/src/Utilities/copy.jl:140
Test Summary: | Pass  Total
PowerModels   | 3069   3069
   Testing PowerModels tests passed 
