 Resolving package versions...
 Installed YAML ─────────────── v0.3.2
 Installed Codecs ───────────── v0.5.0
 Installed Libz ─────────────── v1.0.0
 Installed BBI ──────────────── v0.1.0
 Installed OrderedCollections ─ v1.1.0
 Installed BioCore ──────────── v2.0.5
 Installed BufferedStreams ──── v1.0.0
 Installed Automa ───────────── v0.8.0
 Installed Compat ───────────── v2.2.0
 Installed DataStructures ───── v0.17.6
 Installed TranscodingStreams ─ v0.9.5
  Updating `~/.julia/environments/v1.0/Project.toml`
  [19670fab] + BBI v0.1.0
  Updating `~/.julia/environments/v1.0/Manifest.toml`
  [67c07d97] + Automa v0.8.0
  [19670fab] + BBI v0.1.0
  [37cfa864] + BioCore v2.0.5
  [e1450e63] + BufferedStreams v1.0.0
  [19ecbf4d] + Codecs v0.5.0
  [34da2185] + Compat v2.2.0
  [864edb3b] + DataStructures v0.17.6
  [2ec943e9] + Libz v1.0.0
  [bac558e1] + OrderedCollections v1.1.0
  [3bb67fe8] + TranscodingStreams v0.9.5
  [ddb6d928] + YAML v0.3.2
  [2a0f44e3] + Base64 
  [ade2ca70] + Dates 
  [8bb1440f] + DelimitedFiles 
  [8ba89e20] + Distributed 
  [b77e0a4c] + InteractiveUtils 
  [76f85450] + LibGit2 
  [8f399da3] + Libdl 
  [37e2e46d] + LinearAlgebra 
  [56ddb016] + Logging 
  [d6f4376e] + Markdown 
  [a63ad114] + Mmap 
  [44cfe95a] + Pkg 
  [de0858da] + Printf 
  [3fa0cd96] + REPL 
  [9a3f8284] + Random 
  [ea8e919c] + SHA 
  [9e88b42a] + Serialization 
  [1a1011a3] + SharedArrays 
  [6462fe0b] + Sockets 
  [2f01184e] + SparseArrays 
  [10745b16] + Statistics 
  [8dfed614] + Test 
  [cf7118a7] + UUIDs 
  [4ec0a83e] + Unicode 
   Testing BBI
 Resolving package versions...
    Status `/tmp/tmpXGQZxe/Manifest.toml`
  [67c07d97] Automa v0.8.0
  [19670fab] BBI v0.1.0
  [37cfa864] BioCore v2.0.5
  [e1450e63] BufferedStreams v1.0.0
  [19ecbf4d] Codecs v0.5.0
  [34da2185] Compat v2.2.0
  [864edb3b] DataStructures v0.17.6
  [2ec943e9] Libz v1.0.0
  [bac558e1] OrderedCollections v1.1.0
  [3bb67fe8] TranscodingStreams v0.9.5
  [ddb6d928] YAML v0.3.2
  [2a0f44e3] Base64  [`@stdlib/Base64`]
  [ade2ca70] Dates  [`@stdlib/Dates`]
  [8bb1440f] DelimitedFiles  [`@stdlib/DelimitedFiles`]
  [8ba89e20] Distributed  [`@stdlib/Distributed`]
  [b77e0a4c] InteractiveUtils  [`@stdlib/InteractiveUtils`]
  [76f85450] LibGit2  [`@stdlib/LibGit2`]
  [8f399da3] Libdl  [`@stdlib/Libdl`]
  [37e2e46d] LinearAlgebra  [`@stdlib/LinearAlgebra`]
  [56ddb016] Logging  [`@stdlib/Logging`]
  [d6f4376e] Markdown  [`@stdlib/Markdown`]
  [a63ad114] Mmap  [`@stdlib/Mmap`]
  [44cfe95a] Pkg  [`@stdlib/Pkg`]
  [de0858da] Printf  [`@stdlib/Printf`]
  [3fa0cd96] REPL  [`@stdlib/REPL`]
  [9a3f8284] Random  [`@stdlib/Random`]
  [ea8e919c] SHA  [`@stdlib/SHA`]
  [9e88b42a] Serialization  [`@stdlib/Serialization`]
  [1a1011a3] SharedArrays  [`@stdlib/SharedArrays`]
  [6462fe0b] Sockets  [`@stdlib/Sockets`]
  [2f01184e] SparseArrays  [`@stdlib/SparseArrays`]
  [10745b16] Statistics  [`@stdlib/Statistics`]
  [8dfed614] Test  [`@stdlib/Test`]
  [cf7118a7] UUIDs  [`@stdlib/UUIDs`]
  [4ec0a83e] Unicode  [`@stdlib/Unicode`]
ERROR: LoadError: LoadError: error compiling version: could not load library "libz"
libz.so: cannot open shared object file: No such file or directory
Stacktrace:
 [1] top-level scope at none:0
 [2] include at ./boot.jl:317 [inlined]
 [3] include_relative(::Module, ::String) at ./loading.jl:1044
 [4] include at ./sysimg.jl:29 [inlined]
 [5] include(::String) at /root/.julia/packages/Libz/zMAun/src/Libz.jl:3
 [6] top-level scope at none:0
 [7] include at ./boot.jl:317 [inlined]
 [8] include_relative(::Module, ::String) at ./loading.jl:1044
 [9] include(::Module, ::String) at ./sysimg.jl:29
 [10] top-level scope at none:2
 [11] eval at ./boot.jl:319 [inlined]
 [12] eval(::Expr) at ./client.jl:393
 [13] top-level scope at ./none:3
in expression starting at /root/.julia/packages/Libz/zMAun/src/lowlevel.jl:110
in expression starting at /root/.julia/packages/Libz/zMAun/src/Libz.jl:11
ERROR: LoadError: Failed to precompile Libz [2ec943e9-cfe8-584d-b93d-64dcb6d567b7] to /root/.julia/compiled/v1.0/Libz/0KnGZ.ji.
Stacktrace:
 [1] error(::String) at ./error.jl:33
 [2] compilecache(::Base.PkgId, ::String) at ./loading.jl:1203
 [3] _require(::Base.PkgId) at ./loading.jl:960
 [4] require(::Base.PkgId) at ./loading.jl:858
 [5] require(::Module, ::Symbol) at ./loading.jl:853
 [6] include at ./boot.jl:317 [inlined]
 [7] include_relative(::Module, ::String) at ./loading.jl:1044
 [8] include(::Module, ::String) at ./sysimg.jl:29
 [9] top-level scope at none:2
 [10] eval at ./boot.jl:319 [inlined]
 [11] eval(::Expr) at ./client.jl:393
 [12] top-level scope at ./none:3
in expression starting at /root/.julia/packages/BBI/k38kb/src/BBI.jl:15
ERROR: LoadError: Failed to precompile BBI [19670fab-07f0-5a41-99c5-c090d774ee27] to /root/.julia/compiled/v1.0/BBI/92FeK.ji.
Stacktrace:
 [1] error(::String) at ./error.jl:33
 [2] compilecache(::Base.PkgId, ::String) at ./loading.jl:1203
 [3] _require(::Base.PkgId) at ./loading.jl:960
 [4] require(::Base.PkgId) at ./loading.jl:858
 [5] require(::Module, ::Symbol) at ./loading.jl:853
 [6] include at ./boot.jl:317 [inlined]
 [7] include_relative(::Module, ::String) at ./loading.jl:1044
 [8] include(::Module, ::String) at ./sysimg.jl:29
 [9] include(::String) at ./client.jl:392
 [10] top-level scope at none:0
in expression starting at /root/.julia/packages/BBI/k38kb/test/runtests.jl:2
ERROR: Package BBI errored during testing
Stacktrace:
 [1] pkgerror(::String, ::Vararg{String,N} where N) at /buildworker/worker/package_linux64/build/usr/share/julia/stdlib/v1.0/Pkg/src/Types.jl:120
 [2] #test#65(::Bool, ::Function, ::Pkg.Types.Context, ::Array{Pkg.Types.PackageSpec,1}) at /buildworker/worker/package_linux64/build/usr/share/julia/stdlib/v1.0/Pkg/src/Operations.jl:1357
 [3] #test at /buildworker/worker/package_linux64/build/usr/share/julia/stdlib/v1.0/Pkg/src/API.jl:0 [inlined]
 [4] #test#44(::Bool, ::Base.Iterators.Pairs{Union{},Union{},Tuple{},NamedTuple{(),Tuple{}}}, ::Function, ::Pkg.Types.Context, ::Array{Pkg.Types.PackageSpec,1}) at /buildworker/worker/package_linux64/build/usr/share/julia/stdlib/v1.0/Pkg/src/API.jl:278
 [5] test at /buildworker/worker/package_linux64/build/usr/share/julia/stdlib/v1.0/Pkg/src/API.jl:263 [inlined]
 [6] #test#43 at /buildworker/worker/package_linux64/build/usr/share/julia/stdlib/v1.0/Pkg/src/API.jl:260 [inlined]
 [7] test at /buildworker/worker/package_linux64/build/usr/share/julia/stdlib/v1.0/Pkg/src/API.jl:260 [inlined]
 [8] #test#42 at /buildworker/worker/package_linux64/build/usr/share/julia/stdlib/v1.0/Pkg/src/API.jl:259 [inlined]
 [9] test at /buildworker/worker/package_linux64/build/usr/share/julia/stdlib/v1.0/Pkg/src/API.jl:259 [inlined]
 [10] #test#41 at /buildworker/worker/package_linux64/build/usr/share/julia/stdlib/v1.0/Pkg/src/API.jl:258 [inlined]
 [11] test(::String) at /buildworker/worker/package_linux64/build/usr/share/julia/stdlib/v1.0/Pkg/src/API.jl:258
 [12] top-level scope at none:0
