 Resolving package versions...
 Installed CommonSubexpressions ─ v0.2.0
  Updating `~/.julia/environments/v1.0/Project.toml`
  [bbf7d656] + CommonSubexpressions v0.2.0
  Updating `~/.julia/environments/v1.0/Manifest.toml`
  [bbf7d656] + CommonSubexpressions v0.2.0
  [2a0f44e3] + Base64 
  [8ba89e20] + Distributed 
  [b77e0a4c] + InteractiveUtils 
  [8f399da3] + Libdl 
  [37e2e46d] + LinearAlgebra 
  [56ddb016] + Logging 
  [d6f4376e] + Markdown 
  [9a3f8284] + Random 
  [9e88b42a] + Serialization 
  [6462fe0b] + Sockets 
  [8dfed614] + Test 
   Testing CommonSubexpressions
    Status `/tmp/tmpNLmEf7/Manifest.toml`
  [bbf7d656] CommonSubexpressions v0.2.0
  [2a0f44e3] Base64  [`@stdlib/Base64`]
  [8ba89e20] Distributed  [`@stdlib/Distributed`]
  [b77e0a4c] InteractiveUtils  [`@stdlib/InteractiveUtils`]
  [8f399da3] Libdl  [`@stdlib/Libdl`]
  [37e2e46d] LinearAlgebra  [`@stdlib/LinearAlgebra`]
  [56ddb016] Logging  [`@stdlib/Logging`]
  [d6f4376e] Markdown  [`@stdlib/Markdown`]
  [9a3f8284] Random  [`@stdlib/Random`]
  [9e88b42a] Serialization  [`@stdlib/Serialization`]
  [6462fe0b] Sockets  [`@stdlib/Sockets`]
  [8dfed614] Test  [`@stdlib/Test`]
Test Summary: | Pass  Total
basic usage   |   10     10
Test Summary:       | Pass  Total
function definition |    2      2
Test Summary: | Pass  Total
algebra       |    1      1
Test Summary: | Pass  Total
dict          |    1      1
Test Summary: | Pass  Total
int           |    1      1
Test Summary: | Pass  Total
nested usage  |    5      5
Test Summary: | Pass  Total
cse function  |    8      8
Test Summary: | Pass  Total
inplace       |    2      2
   Testing CommonSubexpressions tests passed 
