 Resolving package versions...
 Installed JSExpr ────────────────────── v0.5.1
 Installed Hiccup ────────────────────── v0.2.2
 Installed DataAPI ───────────────────── v1.1.0
 Installed TableTraits ───────────────── v1.0.0
 Installed MbedTLS ───────────────────── v0.7.0
 Installed Blink ─────────────────────── v0.12.0
 Installed WebIO ─────────────────────── v0.8.11
 Installed Colors ────────────────────── v0.9.6
 Installed Pidfile ───────────────────── v1.1.0
 Installed DataValueInterfaces ───────── v1.0.0
 Installed Requires ──────────────────── v0.5.2
 Installed Mustache ──────────────────── v0.5.13
 Installed BinaryProvider ────────────── v0.5.8
 Installed Reexport ──────────────────── v0.2.0
 Installed FunctionalCollections ─────── v0.5.0
 Installed URIParser ─────────────────── v0.4.0
 Installed Widgets ───────────────────── v0.6.2
 Installed IniFile ───────────────────── v0.5.0
 Installed Observables ───────────────── v0.2.3
 Installed Compat ────────────────────── v2.2.0
 Installed Tables ────────────────────── v0.2.11
 Installed OrderedCollections ────────── v1.1.0
 Installed Mux ───────────────────────── v0.7.0
 Installed DataStructures ────────────── v0.17.6
 Installed FixedPointNumbers ─────────── v0.6.1
 Installed IteratorInterfaceExtensions ─ v1.0.0
 Installed AssetRegistry ─────────────── v0.1.0
 Installed Parsers ───────────────────── v0.3.10
 Installed JSON ──────────────────────── v0.21.0
 Installed Lazy ──────────────────────── v0.13.2
 Installed HTTP ──────────────────────── v0.8.8
 Installed MacroTools ────────────────── v0.5.2
 Installed WebSockets ────────────────── v1.5.2
 Installed BinDeps ───────────────────── v0.8.10
 Installed ColorTypes ────────────────── v0.8.0
  Updating `~/.julia/environments/v1.2/Project.toml`
  [ad839575] + Blink v0.12.0
  Updating `~/.julia/environments/v1.2/Manifest.toml`
  [bf4720bc] + AssetRegistry v0.1.0
  [9e28174c] + BinDeps v0.8.10
  [b99e7846] + BinaryProvider v0.5.8
  [ad839575] + Blink v0.12.0
  [3da002f7] + ColorTypes v0.8.0
  [5ae59095] + Colors v0.9.6
  [34da2185] + Compat v2.2.0
  [9a962f9c] + DataAPI v1.1.0
  [864edb3b] + DataStructures v0.17.6
  [e2d170a0] + DataValueInterfaces v1.0.0
  [53c48c17] + FixedPointNumbers v0.6.1
  [de31a74c] + FunctionalCollections v0.5.0
  [cd3eb016] + HTTP v0.8.8
  [9fb69e20] + Hiccup v0.2.2
  [83e8ac13] + IniFile v0.5.0
  [82899510] + IteratorInterfaceExtensions v1.0.0
  [97c1335a] + JSExpr v0.5.1
  [682c06a0] + JSON v0.21.0
  [50d2b5c4] + Lazy v0.13.2
  [1914dd2f] + MacroTools v0.5.2
  [739be429] + MbedTLS v0.7.0
  [ffc61752] + Mustache v0.5.13
  [a975b10e] + Mux v0.7.0
  [510215fc] + Observables v0.2.3
  [bac558e1] + OrderedCollections v1.1.0
  [69de0a69] + Parsers v0.3.10
  [fa939f87] + Pidfile v1.1.0
  [189a3867] + Reexport v0.2.0
  [ae029012] + Requires v0.5.2
  [3783bdb8] + TableTraits v1.0.0
  [bd369af6] + Tables v0.2.11
  [30578b45] + URIParser v0.4.0
  [0f1e0344] + WebIO v0.8.11
  [104b5d7c] + WebSockets v1.5.2
  [cc8bc4a8] + Widgets v0.6.2
  [2a0f44e3] + Base64 
  [ade2ca70] + Dates 
  [8bb1440f] + DelimitedFiles 
  [8ba89e20] + Distributed 
  [7b1f6079] + FileWatching 
  [b77e0a4c] + InteractiveUtils 
  [76f85450] + LibGit2 
  [8f399da3] + Libdl 
  [37e2e46d] + LinearAlgebra 
  [56ddb016] + Logging 
  [d6f4376e] + Markdown 
  [a63ad114] + Mmap 
  [44cfe95a] + Pkg 
  [de0858da] + Printf 
  [3fa0cd96] + REPL 
  [9a3f8284] + Random 
  [ea8e919c] + SHA 
  [9e88b42a] + Serialization 
  [1a1011a3] + SharedArrays 
  [6462fe0b] + Sockets 
  [2f01184e] + SparseArrays 
  [10745b16] + Statistics 
  [8dfed614] + Test 
  [cf7118a7] + UUIDs 
  [4ec0a83e] + Unicode 
  Building MbedTLS → `~/.julia/packages/MbedTLS/a1JFn/deps/build.log`
  Building WebIO ──→ `~/.julia/packages/WebIO/2mZPb/deps/build.log`
  Building Blink ──→ `~/.julia/packages/Blink/AO8uN/deps/build.log`
   Testing Blink
 Resolving package versions...
    Status `/tmp/jl_jAh1Jm/Manifest.toml`
  [bf4720bc] AssetRegistry v0.1.0
  [9e28174c] BinDeps v0.8.10
  [b99e7846] BinaryProvider v0.5.8
  [ad839575] Blink v0.12.0
  [3da002f7] ColorTypes v0.8.0
  [5ae59095] Colors v0.9.6
  [34da2185] Compat v2.2.0
  [9a962f9c] DataAPI v1.1.0
  [864edb3b] DataStructures v0.17.6
  [e2d170a0] DataValueInterfaces v1.0.0
  [53c48c17] FixedPointNumbers v0.6.1
  [de31a74c] FunctionalCollections v0.5.0
  [cd3eb016] HTTP v0.8.8
  [9fb69e20] Hiccup v0.2.2
  [83e8ac13] IniFile v0.5.0
  [82899510] IteratorInterfaceExtensions v1.0.0
  [97c1335a] JSExpr v0.5.1
  [682c06a0] JSON v0.21.0
  [50d2b5c4] Lazy v0.13.2
  [1914dd2f] MacroTools v0.5.2
  [739be429] MbedTLS v0.7.0
  [ffc61752] Mustache v0.5.13
  [a975b10e] Mux v0.7.0
  [510215fc] Observables v0.2.3
  [bac558e1] OrderedCollections v1.1.0
  [69de0a69] Parsers v0.3.10
  [fa939f87] Pidfile v1.1.0
  [189a3867] Reexport v0.2.0
  [ae029012] Requires v0.5.2
  [3783bdb8] TableTraits v1.0.0
  [bd369af6] Tables v0.2.11
  [30578b45] URIParser v0.4.0
  [0f1e0344] WebIO v0.8.11
  [104b5d7c] WebSockets v1.5.2
  [cc8bc4a8] Widgets v0.6.2
  [2a0f44e3] Base64  [`@stdlib/Base64`]
  [ade2ca70] Dates  [`@stdlib/Dates`]
  [8bb1440f] DelimitedFiles  [`@stdlib/DelimitedFiles`]
  [8ba89e20] Distributed  [`@stdlib/Distributed`]
  [7b1f6079] FileWatching  [`@stdlib/FileWatching`]
  [b77e0a4c] InteractiveUtils  [`@stdlib/InteractiveUtils`]
  [76f85450] LibGit2  [`@stdlib/LibGit2`]
  [8f399da3] Libdl  [`@stdlib/Libdl`]
  [37e2e46d] LinearAlgebra  [`@stdlib/LinearAlgebra`]
  [56ddb016] Logging  [`@stdlib/Logging`]
  [d6f4376e] Markdown  [`@stdlib/Markdown`]
  [a63ad114] Mmap  [`@stdlib/Mmap`]
  [44cfe95a] Pkg  [`@stdlib/Pkg`]
  [de0858da] Printf  [`@stdlib/Printf`]
  [3fa0cd96] REPL  [`@stdlib/REPL`]
  [9a3f8284] Random  [`@stdlib/Random`]
  [ea8e919c] SHA  [`@stdlib/SHA`]
  [9e88b42a] Serialization  [`@stdlib/Serialization`]
  [1a1011a3] SharedArrays  [`@stdlib/SharedArrays`]
  [6462fe0b] Sockets  [`@stdlib/Sockets`]
  [2f01184e] SparseArrays  [`@stdlib/SparseArrays`]
  [10745b16] Statistics  [`@stdlib/Statistics`]
  [8dfed614] Test  [`@stdlib/Test`]
  [cf7118a7] UUIDs  [`@stdlib/UUIDs`]
  [4ec0a83e] Unicode  [`@stdlib/Unicode`]
WARNING: using HTTP.stack in module Mux conflicts with an existing identifier.
ERROR: LoadError: IOError: connect: connection refused (ECONNREFUSED)
Stacktrace:
 [1] try_yieldto(::typeof(Base.ensure_rescheduled), ::Base.RefValue{Task}) at ./task.jl:517
 [2] wait() at ./task.jl:592
 [3] wait(::Base.GenericCondition{Base.Threads.SpinLock}) at ./condition.jl:104
 [4] stream_wait(::TCPSocket, ::Base.GenericCondition{Base.Threads.SpinLock}) at ./stream.jl:47
 [5] wait_connected(::TCPSocket) at ./stream.jl:332
 [6] connect(::TCPSocket, ::IPv4, ::Int64) at /buildworker/worker/package_linux64/build/usr/share/julia/stdlib/v1.2/Sockets/src/Sockets.jl:470
 [7] connect(::IPv4, ::Int64) at /buildworker/worker/package_linux64/build/usr/share/julia/stdlib/v1.2/Sockets/src/Sockets.jl:454
 [8] #try_connect#9(::Float64, ::Int64, ::typeof(Blink.AtomShell.try_connect), ::IPv4, ::Vararg{Any,N} where N) at /root/.julia/packages/Blink/AO8uN/src/AtomShell/process.jl:79
 [9] try_connect at /root/.julia/packages/Blink/AO8uN/src/AtomShell/process.jl:77 [inlined]
 [10] #init#10(::Bool, ::typeof(Blink.AtomShell.init)) at /root/.julia/packages/Blink/AO8uN/src/AtomShell/process.jl:93
 [11] #init at ./none:0 [inlined]
 [12] #shell#13(::Bool, ::typeof(shell)) at /root/.julia/packages/Blink/AO8uN/src/AtomShell/process.jl:129
 [13] shell at /root/.julia/packages/Blink/AO8uN/src/AtomShell/process.jl:127 [inlined]
 [14] #Window#18(::Base.Iterators.Pairs{Symbol,Bool,Tuple{Symbol},NamedTuple{(:async,),Tuple{Bool}}}, ::Type{Window}, ::Dict{Any,Any}) at /root/.julia/packages/Blink/AO8uN/src/AtomShell/window.jl:89
 [15] (::getfield(Core, Symbol("#kw#Type")))(::NamedTuple{(:async,),Tuple{Bool}}, ::Type{Window}, ::Dict{Any,Any}) at ./none:0
 [16] top-level scope at /root/.julia/packages/Blink/AO8uN/test/runtests.jl:14
 [17] include at ./boot.jl:328 [inlined]
 [18] include_relative(::Module, ::String) at ./loading.jl:1094
 [19] include(::Module, ::String) at ./Base.jl:31
 [20] include(::String) at ./client.jl:431
 [21] top-level scope at none:5
in expression starting at /root/.julia/packages/Blink/AO8uN/test/runtests.jl:14
ERROR: Package Blink errored during testing
Stacktrace:
 [1] pkgerror(::String, ::Vararg{String,N} where N) at /buildworker/worker/package_linux64/build/usr/share/julia/stdlib/v1.2/Pkg/src/Types.jl:112
 [2] #test#119(::Bool, ::Nothing, ::typeof(Pkg.Operations.test), ::Pkg.Types.Context, ::Array{Pkg.Types.PackageSpec,1}) at /buildworker/worker/package_linux64/build/usr/share/julia/stdlib/v1.2/Pkg/src/Operations.jl:1288
 [3] #test at ./none:0 [inlined]
 [4] #test#62(::Bool, ::Nothing, ::Base.Iterators.Pairs{Union{},Union{},Tuple{},NamedTuple{(),Tuple{}}}, ::typeof(Pkg.API.test), ::Pkg.Types.Context, ::Array{Pkg.Types.PackageSpec,1}) at /buildworker/worker/package_linux64/build/usr/share/julia/stdlib/v1.2/Pkg/src/API.jl:245
 [5] test at /buildworker/worker/package_linux64/build/usr/share/julia/stdlib/v1.2/Pkg/src/API.jl:233 [inlined]
 [6] #test#61 at /buildworker/worker/package_linux64/build/usr/share/julia/stdlib/v1.2/Pkg/src/API.jl:230 [inlined]
 [7] test at /buildworker/worker/package_linux64/build/usr/share/julia/stdlib/v1.2/Pkg/src/API.jl:230 [inlined]
 [8] #test#60 at /buildworker/worker/package_linux64/build/usr/share/julia/stdlib/v1.2/Pkg/src/API.jl:229 [inlined]
 [9] test at /buildworker/worker/package_linux64/build/usr/share/julia/stdlib/v1.2/Pkg/src/API.jl:229 [inlined]
 [10] #test#59(::Base.Iterators.Pairs{Union{},Union{},Tuple{},NamedTuple{(),Tuple{}}}, ::typeof(Pkg.API.test), ::String) at /buildworker/worker/package_linux64/build/usr/share/julia/stdlib/v1.2/Pkg/src/API.jl:228
 [11] test(::String) at /buildworker/worker/package_linux64/build/usr/share/julia/stdlib/v1.2/Pkg/src/API.jl:228
 [12] top-level scope at none:10
