 Resolving package versions...
 Installed AutoHashEquals ─── v0.2.0
 Installed Nullables ──────── v0.0.8
 Installed Compat ─────────── v2.2.0
 Installed RDates ─────────── v0.2.0
 Installed StaticArrays ───── v0.12.1
 Installed ParserCombinator ─ v2.0.0
  Updating `~/.julia/environments/v1.2/Project.toml`
  [42063a9e] + RDates v0.2.0
  Updating `~/.julia/environments/v1.2/Manifest.toml`
  [15f4f7f2] + AutoHashEquals v0.2.0
  [34da2185] + Compat v2.2.0
  [4d1e1d77] + Nullables v0.0.8
  [fae87a5f] + ParserCombinator v2.0.0
  [42063a9e] + RDates v0.2.0
  [90137ffa] + StaticArrays v0.12.1
  [2a0f44e3] + Base64 
  [ade2ca70] + Dates 
  [8bb1440f] + DelimitedFiles 
  [8ba89e20] + Distributed 
  [b77e0a4c] + InteractiveUtils 
  [76f85450] + LibGit2 
  [8f399da3] + Libdl 
  [37e2e46d] + LinearAlgebra 
  [56ddb016] + Logging 
  [d6f4376e] + Markdown 
  [a63ad114] + Mmap 
  [44cfe95a] + Pkg 
  [de0858da] + Printf 
  [3fa0cd96] + REPL 
  [9a3f8284] + Random 
  [ea8e919c] + SHA 
  [9e88b42a] + Serialization 
  [1a1011a3] + SharedArrays 
  [6462fe0b] + Sockets 
  [2f01184e] + SparseArrays 
  [10745b16] + Statistics 
  [8dfed614] + Test 
  [cf7118a7] + UUIDs 
  [4ec0a83e] + Unicode 
  Building RDates → `~/.julia/packages/RDates/Z0I5p/deps/build.log`
   Testing RDates
 Resolving package versions...
    Status `/tmp/jl_VzjcbE/Manifest.toml`
  [15f4f7f2] AutoHashEquals v0.2.0
  [34da2185] Compat v2.2.0
  [4d1e1d77] Nullables v0.0.8
  [fae87a5f] ParserCombinator v2.0.0
  [42063a9e] RDates v0.2.0
  [90137ffa] StaticArrays v0.12.1
  [2a0f44e3] Base64  [`@stdlib/Base64`]
  [ade2ca70] Dates  [`@stdlib/Dates`]
  [8bb1440f] DelimitedFiles  [`@stdlib/DelimitedFiles`]
  [8ba89e20] Distributed  [`@stdlib/Distributed`]
  [b77e0a4c] InteractiveUtils  [`@stdlib/InteractiveUtils`]
  [76f85450] LibGit2  [`@stdlib/LibGit2`]
  [8f399da3] Libdl  [`@stdlib/Libdl`]
  [37e2e46d] LinearAlgebra  [`@stdlib/LinearAlgebra`]
  [56ddb016] Logging  [`@stdlib/Logging`]
  [d6f4376e] Markdown  [`@stdlib/Markdown`]
  [a63ad114] Mmap  [`@stdlib/Mmap`]
  [44cfe95a] Pkg  [`@stdlib/Pkg`]
  [de0858da] Printf  [`@stdlib/Printf`]
  [3fa0cd96] REPL  [`@stdlib/REPL`]
  [9a3f8284] Random  [`@stdlib/Random`]
  [ea8e919c] SHA  [`@stdlib/SHA`]
  [9e88b42a] Serialization  [`@stdlib/Serialization`]
  [1a1011a3] SharedArrays  [`@stdlib/SharedArrays`]
  [6462fe0b] Sockets  [`@stdlib/Sockets`]
  [2f01184e] SparseArrays  [`@stdlib/SparseArrays`]
  [10745b16] Statistics  [`@stdlib/Statistics`]
  [8dfed614] Test  [`@stdlib/Test`]
  [cf7118a7] UUIDs  [`@stdlib/UUIDs`]
  [4ec0a83e] Unicode  [`@stdlib/Unicode`]
Test Summary:              | Pass  Total
rdate calendar adjustments |    6      6
Test Summary:       | Pass  Total
rdate business days |    4      4
Test Summary:       | Pass  Total
rdate next operator |    9      9
Test Summary:       | Pass  Total
rdate prev operator |    6      6
Test Summary:      | Pass  Total
rdate add ordering |    4      4
Test Summary:             | Pass  Total
codified rdate generation |    7      7
Test Summary:                        | Pass  Total
different month and year conventions |   18     18
Test Summary:    | Pass  Total
rdate whitespace |    3      3
Test Summary:     | Pass  Total
relative add days |    5      5
Test Summary:      | Pass  Total
relative add weeks |    5      5
Test Summary:       | Pass  Total
relative add months |    5      5
Test Summary:      | Pass  Total
relative add years |    5      5
Test Summary:          | Pass  Total
relative add daymonths |    3      3
Test Summary:       | Pass  Total
relative add easter |    4      4
Test Summary:         | Pass  Total
relative add weekdays |    5      5
Test Summary: | Pass  Total
bad negations |    1      1
Test Summary:             | Pass  Total
relative add nth weekdays |    4      4
Test Summary:                  | Pass  Total
relative add nth last weekdays |    3      3
Test Summary:    | Pass  Total
bad nth weekdays |    2      2
Test Summary:                  | Pass  Total
relative begin or end of month |    2      2
Test Summary:                               | Pass  Total
basic addition and multiplication compounds |   12     12
Test Summary: | Pass  Total
rdate ranges  |    6      6
Test Summary:         | Pass  Total
rdate parsing methods |    2      2
Test Summary:            | Pass  Total
fail to parse bad rdates |    5      5
   Testing RDates tests passed 
