 Resolving package versions...
 Installed ApplicationBuilderAppUtils ─ v0.1.2
  Updating `~/.julia/environments/v1.2/Project.toml`
  [96374992] + ApplicationBuilderAppUtils v0.1.2
  Updating `~/.julia/environments/v1.2/Manifest.toml`
  [96374992] + ApplicationBuilderAppUtils v0.1.2
   Testing ApplicationBuilderAppUtils
 Resolving package versions...
[ Info: No changes
    Status `/tmp/jl_Z7tVVz/Manifest.toml`
  [96374992] ApplicationBuilderAppUtils v0.1.2
  [2a0f44e3] Base64  [`@stdlib/Base64`]
  [8ba89e20] Distributed  [`@stdlib/Distributed`]
  [b77e0a4c] InteractiveUtils  [`@stdlib/InteractiveUtils`]
  [56ddb016] Logging  [`@stdlib/Logging`]
  [d6f4376e] Markdown  [`@stdlib/Markdown`]
  [9a3f8284] Random  [`@stdlib/Random`]
  [9e88b42a] Serialization  [`@stdlib/Serialization`]
  [6462fe0b] Sockets  [`@stdlib/Sockets`]
  [8dfed614] Test  [`@stdlib/Test`]
ApplicationBuilderAppUtils: Error During Test at /root/.julia/packages/ApplicationBuilderAppUtils/ZHqYH/test/runtests.jl:3
  Got exception outside of a @test
  LoadError: syntax: unexpected "end"
  Stacktrace:
   [1] top-level scope at /root/.julia/packages/ApplicationBuilderAppUtils/ZHqYH/test/ApplicationBuilderAppUtils.jl:43
   [2] include at ./boot.jl:328 [inlined]
   [3] include_relative(::Module, ::String) at ./loading.jl:1094
   [4] include(::Module, ::String) at ./Base.jl:31
   [5] include(::String) at ./client.jl:431
   [6] top-level scope at /root/.julia/packages/ApplicationBuilderAppUtils/ZHqYH/test/runtests.jl:4
   [7] top-level scope at /buildworker/worker/package_linux64/build/usr/share/julia/stdlib/v1.2/Test/src/Test.jl:1113
   [8] top-level scope at /root/.julia/packages/ApplicationBuilderAppUtils/ZHqYH/test/runtests.jl:4
   [9] include at ./boot.jl:328 [inlined]
   [10] include_relative(::Module, ::String) at ./loading.jl:1094
   [11] include(::Module, ::String) at ./Base.jl:31
   [12] include(::String) at ./client.jl:431
   [13] top-level scope at none:5
   [14] eval(::Module, ::Any) at ./boot.jl:330
   [15] exec_options(::Base.JLOptions) at ./client.jl:271
   [16] _start() at ./client.jl:464
  in expression starting at /root/.julia/packages/ApplicationBuilderAppUtils/ZHqYH/test/ApplicationBuilderAppUtils.jl:43
  
Test Summary:              | Pass  Error  Total
ApplicationBuilderAppUtils |    1      1      2
  bundle_resources         |    1             1
  empty program file       |              No tests
ERROR: LoadError: Some tests did not pass: 1 passed, 0 failed, 1 errored, 0 broken.
in expression starting at /root/.julia/packages/ApplicationBuilderAppUtils/ZHqYH/test/runtests.jl:3
ERROR: Package ApplicationBuilderAppUtils errored during testing
Stacktrace:
 [1] pkgerror(::String, ::Vararg{String,N} where N) at /buildworker/worker/package_linux64/build/usr/share/julia/stdlib/v1.2/Pkg/src/Types.jl:112
 [2] #test#119(::Bool, ::Nothing, ::typeof(Pkg.Operations.test), ::Pkg.Types.Context, ::Array{Pkg.Types.PackageSpec,1}) at /buildworker/worker/package_linux64/build/usr/share/julia/stdlib/v1.2/Pkg/src/Operations.jl:1288
 [3] #test at ./none:0 [inlined]
 [4] #test#62(::Bool, ::Nothing, ::Base.Iterators.Pairs{Union{},Union{},Tuple{},NamedTuple{(),Tuple{}}}, ::typeof(Pkg.API.test), ::Pkg.Types.Context, ::Array{Pkg.Types.PackageSpec,1}) at /buildworker/worker/package_linux64/build/usr/share/julia/stdlib/v1.2/Pkg/src/API.jl:245
 [5] test at /buildworker/worker/package_linux64/build/usr/share/julia/stdlib/v1.2/Pkg/src/API.jl:233 [inlined]
 [6] #test#61 at /buildworker/worker/package_linux64/build/usr/share/julia/stdlib/v1.2/Pkg/src/API.jl:230 [inlined]
 [7] test at /buildworker/worker/package_linux64/build/usr/share/julia/stdlib/v1.2/Pkg/src/API.jl:230 [inlined]
 [8] #test#60 at /buildworker/worker/package_linux64/build/usr/share/julia/stdlib/v1.2/Pkg/src/API.jl:229 [inlined]
 [9] test at /buildworker/worker/package_linux64/build/usr/share/julia/stdlib/v1.2/Pkg/src/API.jl:229 [inlined]
 [10] #test#59(::Base.Iterators.Pairs{Union{},Union{},Tuple{},NamedTuple{(),Tuple{}}}, ::typeof(Pkg.API.test), ::String) at /buildworker/worker/package_linux64/build/usr/share/julia/stdlib/v1.2/Pkg/src/API.jl:228
 [11] test(::String) at /buildworker/worker/package_linux64/build/usr/share/julia/stdlib/v1.2/Pkg/src/API.jl:228
 [12] top-level scope at none:10
