 Resolving package versions...
 Installed ShowSet ─ v0.2.0
  Updating `~/.julia/environments/v1.2/Project.toml`
  [fa774e86] + ShowSet v0.2.0
  Updating `~/.julia/environments/v1.2/Manifest.toml`
  [fa774e86] + ShowSet v0.2.0
  [2a0f44e3] + Base64 
  [8ba89e20] + Distributed 
  [b77e0a4c] + InteractiveUtils 
  [56ddb016] + Logging 
  [d6f4376e] + Markdown 
  [9a3f8284] + Random 
  [9e88b42a] + Serialization 
  [6462fe0b] + Sockets 
  [8dfed614] + Test 
   Testing ShowSet
    Status `/tmp/jl_DEindx/Manifest.toml`
  [fa774e86] ShowSet v0.2.0
  [2a0f44e3] Base64  [`@stdlib/Base64`]
  [8ba89e20] Distributed  [`@stdlib/Distributed`]
  [b77e0a4c] InteractiveUtils  [`@stdlib/InteractiveUtils`]
  [56ddb016] Logging  [`@stdlib/Logging`]
  [d6f4376e] Markdown  [`@stdlib/Markdown`]
  [9a3f8284] Random  [`@stdlib/Random`]
  [9e88b42a] Serialization  [`@stdlib/Serialization`]
  [6462fe0b] Sockets  [`@stdlib/Sockets`]
  [8dfed614] Test  [`@stdlib/Test`]
WARNING: Method definition show(IO, Base.Set{T} where T) in module Base at set.jl:40 overwritten in module ShowSet at /root/.julia/packages/ShowSet/QvRy8/src/ShowSet.jl:17.
  ** incremental compilation may be fatally broken for this module **

WARNING: Method definition show(IO, Base.BitSet) in module Base at bitset.jl:365 overwritten in module ShowSet at /root/.julia/packages/ShowSet/QvRy8/src/ShowSet.jl:18.
  ** incremental compilation may be fatally broken for this module **

   Testing ShowSet tests passed 
