 Resolving package versions...
 Installed NaNMath ────────────── v0.3.3
 Installed RecipesBase ────────── v0.7.0
 Installed Parsers ────────────── v0.3.10
 Installed DiffRules ──────────── v0.1.0
 Installed CommonSubexpressions ─ v0.2.0
 Installed BinaryProvider ─────── v0.5.8
 Installed SDDP ───────────────── v0.1.0
 Installed JuMP ───────────────── v0.20.1
 Installed Reexport ───────────── v0.2.0
 Installed JSONSchema ─────────── v0.1.1
 Installed JSON ───────────────── v0.21.0
 Installed BinDeps ────────────── v0.8.10
 Installed SpecialFunctions ───── v0.8.0
 Installed IniFile ────────────── v0.5.0
 Installed DataStructures ─────── v0.17.6
 Installed MathOptInterface ───── v0.9.7
 Installed URIParser ──────────── v0.4.0
 Installed DiffResults ────────── v0.0.4
 Installed MbedTLS ────────────── v0.6.8
 Installed MathOptFormat ──────── v0.2.2
 Installed TimerOutputs ───────── v0.5.3
 Installed StaticArrays ───────── v0.12.1
 Installed OrderedCollections ─── v1.1.0
 Installed HTTP ───────────────── v0.8.8
 Installed CodecZlib ──────────── v0.6.0
 Installed BenchmarkTools ─────── v0.4.3
 Installed ForwardDiff ────────── v0.10.6
 Installed Calculus ───────────── v0.5.1
 Installed Compat ─────────────── v2.2.0
 Installed TranscodingStreams ─── v0.9.5
  Updating `~/.julia/environments/v1.0/Project.toml`
  [f4570300] + SDDP v0.1.0
  Updating `~/.julia/environments/v1.0/Manifest.toml`
  [6e4b80f9] + BenchmarkTools v0.4.3
  [9e28174c] + BinDeps v0.8.10
  [b99e7846] + BinaryProvider v0.5.8
  [49dc2e85] + Calculus v0.5.1
  [944b1d66] + CodecZlib v0.6.0
  [bbf7d656] + CommonSubexpressions v0.2.0
  [34da2185] + Compat v2.2.0
  [864edb3b] + DataStructures v0.17.6
  [163ba53b] + DiffResults v0.0.4
  [b552c78f] + DiffRules v0.1.0
  [f6369f11] + ForwardDiff v0.10.6
  [cd3eb016] + HTTP v0.8.8
  [83e8ac13] + IniFile v0.5.0
  [682c06a0] + JSON v0.21.0
  [7d188eb4] + JSONSchema v0.1.1
  [4076af6c] + JuMP v0.20.1
  [f4570300] + MathOptFormat v0.2.2
  [b8f27783] + MathOptInterface v0.9.7
  [739be429] + MbedTLS v0.6.8
  [77ba4419] + NaNMath v0.3.3
  [bac558e1] + OrderedCollections v1.1.0
  [69de0a69] + Parsers v0.3.10
  [3cdcf5f2] + RecipesBase v0.7.0
  [189a3867] + Reexport v0.2.0
  [f4570300] + SDDP v0.1.0
  [276daf66] + SpecialFunctions v0.8.0
  [90137ffa] + StaticArrays v0.12.1
  [a759f4b9] + TimerOutputs v0.5.3
  [3bb67fe8] + TranscodingStreams v0.9.5
  [30578b45] + URIParser v0.4.0
  [2a0f44e3] + Base64 
  [ade2ca70] + Dates 
  [8bb1440f] + DelimitedFiles 
  [8ba89e20] + Distributed 
  [b77e0a4c] + InteractiveUtils 
  [76f85450] + LibGit2 
  [8f399da3] + Libdl 
  [37e2e46d] + LinearAlgebra 
  [56ddb016] + Logging 
  [d6f4376e] + Markdown 
  [a63ad114] + Mmap 
  [44cfe95a] + Pkg 
  [de0858da] + Printf 
  [3fa0cd96] + REPL 
  [9a3f8284] + Random 
  [ea8e919c] + SHA 
  [9e88b42a] + Serialization 
  [1a1011a3] + SharedArrays 
  [6462fe0b] + Sockets 
  [2f01184e] + SparseArrays 
  [10745b16] + Statistics 
  [8dfed614] + Test 
  [cf7118a7] + UUIDs 
  [4ec0a83e] + Unicode 
  Building SpecialFunctions → `~/.julia/packages/SpecialFunctions/ne2iw/deps/build.log`
  Building MbedTLS ─────────→ `~/.julia/packages/MbedTLS/X4xar/deps/build.log`
  Building CodecZlib ───────→ `~/.julia/packages/CodecZlib/5t9zO/deps/build.log`
  Building MathOptFormat ───→ `~/.julia/packages/MathOptFormat/KJdAi/deps/build.log`
   Testing SDDP
 Resolving package versions...
 Installed GLPK ─ v0.12.0
  Building GLPK → `~/.julia/packages/GLPK/J1b5G/deps/build.log`
    Status `/tmp/tmpHcVXdk/Manifest.toml`
  [6e4b80f9] BenchmarkTools v0.4.3
  [9e28174c] BinDeps v0.8.10
  [b99e7846] BinaryProvider v0.5.8
  [49dc2e85] Calculus v0.5.1
  [944b1d66] CodecZlib v0.6.0
  [bbf7d656] CommonSubexpressions v0.2.0
  [34da2185] Compat v2.2.0
  [864edb3b] DataStructures v0.17.6
  [163ba53b] DiffResults v0.0.4
  [b552c78f] DiffRules v0.1.0
  [f6369f11] ForwardDiff v0.10.6
  [60bf3e95] GLPK v0.12.0
  [cd3eb016] HTTP v0.8.8
  [83e8ac13] IniFile v0.5.0
  [682c06a0] JSON v0.21.0
  [7d188eb4] JSONSchema v0.1.1
  [4076af6c] JuMP v0.20.1
  [f4570300] MathOptFormat v0.2.2
  [b8f27783] MathOptInterface v0.9.7
  [739be429] MbedTLS v0.6.8
  [77ba4419] NaNMath v0.3.3
  [bac558e1] OrderedCollections v1.1.0
  [69de0a69] Parsers v0.3.10
  [3cdcf5f2] RecipesBase v0.7.0
  [189a3867] Reexport v0.2.0
  [f4570300] SDDP v0.1.0
  [276daf66] SpecialFunctions v0.8.0
  [90137ffa] StaticArrays v0.12.1
  [a759f4b9] TimerOutputs v0.5.3
  [3bb67fe8] TranscodingStreams v0.9.5
  [30578b45] URIParser v0.4.0
  [2a0f44e3] Base64  [`@stdlib/Base64`]
  [ade2ca70] Dates  [`@stdlib/Dates`]
  [8bb1440f] DelimitedFiles  [`@stdlib/DelimitedFiles`]
  [8ba89e20] Distributed  [`@stdlib/Distributed`]
  [b77e0a4c] InteractiveUtils  [`@stdlib/InteractiveUtils`]
  [76f85450] LibGit2  [`@stdlib/LibGit2`]
  [8f399da3] Libdl  [`@stdlib/Libdl`]
  [37e2e46d] LinearAlgebra  [`@stdlib/LinearAlgebra`]
  [56ddb016] Logging  [`@stdlib/Logging`]
  [d6f4376e] Markdown  [`@stdlib/Markdown`]
  [a63ad114] Mmap  [`@stdlib/Mmap`]
  [44cfe95a] Pkg  [`@stdlib/Pkg`]
  [de0858da] Printf  [`@stdlib/Printf`]
  [3fa0cd96] REPL  [`@stdlib/REPL`]
  [9a3f8284] Random  [`@stdlib/Random`]
  [ea8e919c] SHA  [`@stdlib/SHA`]
  [9e88b42a] Serialization  [`@stdlib/Serialization`]
  [1a1011a3] SharedArrays  [`@stdlib/SharedArrays`]
  [6462fe0b] Sockets  [`@stdlib/Sockets`]
  [2f01184e] SparseArrays  [`@stdlib/SparseArrays`]
  [10745b16] Statistics  [`@stdlib/Statistics`]
  [8dfed614] Test  [`@stdlib/Test`]
  [cf7118a7] UUIDs  [`@stdlib/UUIDs`]
  [4ec0a83e] Unicode  [`@stdlib/Unicode`]
┌ Warning: Radius is very small. You should probably use `SDDP.Expectation()` instead.
└ @ SDDP ~/.julia/packages/SDDP/T5wHf/src/plugins/risk_measures.jl:250
Simulated policy value: [ 4.494910e+00,  6.705090e+00]
Simulated policy value: [ 4.218969e+00,  6.181031e+00]
Simulated policy value: [ 5.120828e+00,  7.279172e+00]
Simulated policy value: [ 4.494910e+00,  6.705090e+00]
Simulated policy value: [ 4.218969e+00,  6.181031e+00]
Simulated policy value: [ 5.120828e+00,  7.279172e+00]
┌ Warning: Variable x_in is mentioned in BOUNDS, but is not mentioned in the COLUMNS section. We are ignoring it.
└ @ MathOptFormat.MPS ~/.julia/packages/MathOptFormat/KJdAi/src/MPS/MPS.jl:342
-------------------------------------------------------
         SDDP.jl (c) Oscar Dowson, 2017-19

Numerical stability report
  Non-zero Matrix range     [1e+00, 1e+00]
  Non-zero Objective range  [2e-01, 3e+00]
  Non-zero Bounds range     [5e+01, 5e+01]
  Non-zero RHS range        [0e+00, 0e+00]
No problems detected

 Iteration    Simulation       Bound         Time (s)
        1    0.000000e+00  -4.963160e+01   1.474857e-03
        2   -2.293160e+01  -4.680515e+01   7.621479e-02
        3   -2.356515e+01  -2.482867e+01   7.677674e-02
        4   -3.334867e+01  -2.396000e+01   7.727981e-02
        5   -2.396000e+01  -2.396000e+01   7.773685e-02
        6   -4.260000e+01  -2.396000e+01   7.819080e-02
        7   -2.396000e+01  -2.396000e+01   7.865667e-02
        8   -5.320000e+00  -2.396000e+01   7.914972e-02
        9   -2.396000e+01  -2.396000e+01   8.190179e-02
       10   -2.396000e+01  -2.396000e+01   8.286071e-02

Terminating training with status: iteration_limit
-------------------------------------------------------
 ─────────────────────────────────────────────────────────────────────────────
                                      Time                   Allocations      
                              ──────────────────────   ───────────────────────
       Tot / % measured:           1.57s / 0.35%           18.6MiB / 2.84%    

 Section              ncalls     time   %tot     avg     alloc   %tot      avg
 ─────────────────────────────────────────────────────────────────────────────
 backward_pass            10   3.20ms  57.8%   320μs    310KiB  57.3%  31.0KiB
   solve_subproblem       40   1.43ms  25.8%  35.8μs    169KiB  31.3%  4.23KiB
 forward_pass             10   1.87ms  33.8%   187μs    177KiB  32.8%  17.7KiB
   solve_subproblem       30   1.24ms  22.4%  41.4μs    119KiB  22.0%  3.97KiB
   sample_scenario        10    143μs  2.58%  14.3μs   9.86KiB  1.82%  0.99KiB
 calculate_bound          10    466μs  8.40%  46.6μs   53.6KiB  9.91%  5.36KiB
 ─────────────────────────────────────────────────────────────────────────────
-------------------------------------------------------
         SDDP.jl (c) Oscar Dowson, 2017-19

Numerical stability report
  Non-zero Matrix range     [1e+00, 1e+00]
  Non-zero Objective range  [2e-01, 3e+00]
  Non-zero Bounds range     [5e+01, 5e+01]
  Non-zero RHS range        [0e+00, 0e+00]
No problems detected

 Iteration    Simulation       Bound         Time (s)
        1    0.000000e+00  -4.963160e+01   6.639957e-04
        2   -4.291601e+00  -4.680515e+01   1.570940e-03
        3   -1.424515e+01  -2.482867e+01   2.300978e-03
        4   -6.188670e+00  -2.396000e+01   3.236055e-03
        5   -2.396000e+01  -2.396000e+01   4.036903e-03
        6   -2.396000e+01  -2.396000e+01   4.848957e-03
        7   -4.260000e+01  -2.396000e+01   5.665064e-03
        8   -4.260000e+01  -2.396000e+01   6.474018e-03
        9   -5.320000e+00  -2.396000e+01   7.539988e-03
       10   -2.396000e+01  -2.396000e+01   8.389235e-03

Terminating training with status: iteration_limit
-------------------------------------------------------
 ─────────────────────────────────────────────────────────────────────────────
                                      Time                   Allocations      
                              ──────────────────────   ───────────────────────
       Tot / % measured:          9.92ms / 50.5%            649KiB / 83.4%    

 Section              ncalls     time   %tot     avg     alloc   %tot      avg
 ─────────────────────────────────────────────────────────────────────────────
 backward_pass            10   2.91ms  58.0%   291μs    310KiB  57.3%  31.0KiB
   solve_subproblem       40   1.60ms  32.0%  40.1μs    169KiB  31.3%  4.23KiB
 forward_pass             10   1.65ms  32.8%   165μs    177KiB  32.8%  17.7KiB
   solve_subproblem       30   1.13ms  22.6%  37.8μs    119KiB  22.0%  3.97KiB
   sample_scenario        10    109μs  2.17%  10.9μs   9.84KiB  1.82%  0.98KiB
 calculate_bound          10    460μs  9.17%  46.0μs   53.6KiB  9.91%  5.36KiB
 ─────────────────────────────────────────────────────────────────────────────
Confidence_interval = 189.59 ± 14.64
Confidence_interval = 119.76 ± 13.15
Confidence_interval = 112.9 ± 12.69
┌ Warning: The addition operator has been used on JuMP expressions a large number of times. This warning is safe to ignore but may indicate that model generation is slower than necessary. For performance reasons, you should not add expressions in a loop. Instead of x += y, use add_to_expression!(x,y) to modify x in place. If y is a single variable, you may also use add_to_expression!(x, coef, y) for x += coef*y.
└ @ JuMP ~/.julia/packages/JuMP/MsUSY/src/JuMP.jl:747
Test Summary: | Pass  Total
SDDP.jl       |  699    699
   Testing SDDP tests passed 
