 Resolving package versions...
 Installed Missings ───────────── v0.4.3
 Installed DataAPI ────────────── v1.1.0
 Installed PDMats ─────────────── v0.9.10
 Installed CommonSubexpressions ─ v0.2.0
 Installed BinaryProvider ─────── v0.5.8
 Installed StatsBase ──────────── v0.32.0
 Installed ReverseDiffSparse ──── v0.8.6
 Installed FlexibilityAnalysis ── v0.1.0
 Installed URIParser ──────────── v0.4.0
 Installed StatsFuns ──────────── v0.9.0
 Installed Compat ─────────────── v2.2.0
 Installed Clp ────────────────── v0.6.2
 Installed ForwardDiff ────────── v0.10.6
 Installed Rmath ──────────────── v0.5.1
 Installed MathProgBase ───────── v0.7.7
 Installed OrderedCollections ─── v1.1.0
 Installed Calculus ───────────── v0.5.1
 Installed NaNMath ────────────── v0.3.3
 Installed DiffRules ──────────── v0.1.0
 Installed DataStructures ─────── v0.17.6
 Installed DiffResults ────────── v0.0.4
 Installed StaticArrays ───────── v0.12.1
 Installed Distributions ──────── v0.21.8
 Installed SortingAlgorithms ──── v0.3.1
 Installed MathOptInterface ───── v0.8.4
 Installed QuadGK ─────────────── v2.1.1
 Installed JuMP ───────────────── v0.18.6
 Installed LinQuadOptInterface ── v0.6.0
 Installed SpecialFunctions ───── v0.8.0
 Installed BinDeps ────────────── v0.8.10
 Installed Ipopt ──────────────── v0.5.4
 Installed Arpack ─────────────── v0.3.1
  Updating `~/.julia/environments/v1.2/Project.toml`
  [a86d3b49] + FlexibilityAnalysis v0.1.0
  Updating `~/.julia/environments/v1.2/Manifest.toml`
  [7d9fca2a] + Arpack v0.3.1
  [9e28174c] + BinDeps v0.8.10
  [b99e7846] + BinaryProvider v0.5.8
  [49dc2e85] + Calculus v0.5.1
  [e2554f3b] + Clp v0.6.2
  [bbf7d656] + CommonSubexpressions v0.2.0
  [34da2185] + Compat v2.2.0
  [9a962f9c] + DataAPI v1.1.0
  [864edb3b] + DataStructures v0.17.6
  [163ba53b] + DiffResults v0.0.4
  [b552c78f] + DiffRules v0.1.0
  [31c24e10] + Distributions v0.21.8
  [a86d3b49] + FlexibilityAnalysis v0.1.0
  [f6369f11] + ForwardDiff v0.10.6
  [b6b21f68] + Ipopt v0.5.4
  [4076af6c] + JuMP v0.18.6
  [f8899e07] + LinQuadOptInterface v0.6.0
  [b8f27783] + MathOptInterface v0.8.4
  [fdba3010] + MathProgBase v0.7.7
  [e1d29d7a] + Missings v0.4.3
  [77ba4419] + NaNMath v0.3.3
  [bac558e1] + OrderedCollections v1.1.0
  [90014a1f] + PDMats v0.9.10
  [1fd47b50] + QuadGK v2.1.1
  [89212889] + ReverseDiffSparse v0.8.6
  [79098fc4] + Rmath v0.5.1
  [a2af1166] + SortingAlgorithms v0.3.1
  [276daf66] + SpecialFunctions v0.8.0
  [90137ffa] + StaticArrays v0.12.1
  [2913bbd2] + StatsBase v0.32.0
  [4c63d2b9] + StatsFuns v0.9.0
  [30578b45] + URIParser v0.4.0
  [2a0f44e3] + Base64 
  [ade2ca70] + Dates 
  [8bb1440f] + DelimitedFiles 
  [8ba89e20] + Distributed 
  [b77e0a4c] + InteractiveUtils 
  [76f85450] + LibGit2 
  [8f399da3] + Libdl 
  [37e2e46d] + LinearAlgebra 
  [56ddb016] + Logging 
  [d6f4376e] + Markdown 
  [a63ad114] + Mmap 
  [44cfe95a] + Pkg 
  [de0858da] + Printf 
  [3fa0cd96] + REPL 
  [9a3f8284] + Random 
  [ea8e919c] + SHA 
  [9e88b42a] + Serialization 
  [1a1011a3] + SharedArrays 
  [6462fe0b] + Sockets 
  [2f01184e] + SparseArrays 
  [10745b16] + Statistics 
  [4607b0f0] + SuiteSparse 
  [8dfed614] + Test 
  [cf7118a7] + UUIDs 
  [4ec0a83e] + Unicode 
  Building Clp ─────────────→ `~/.julia/packages/Clp/IBQzB/deps/build.log`
  Building Rmath ───────────→ `~/.julia/packages/Rmath/4wt82/deps/build.log`
  Building SpecialFunctions → `~/.julia/packages/SpecialFunctions/ne2iw/deps/build.log`
  Building Ipopt ───────────→ `~/.julia/packages/Ipopt/Iu7vT/deps/build.log`
  Building Arpack ──────────→ `~/.julia/packages/Arpack/cu5By/deps/build.log`
   Testing FlexibilityAnalysis
 Resolving package versions...
 Installed ConicNonlinearBridge ──── v0.2.1
 Installed GZip ──────────────────── v0.5.0
 Installed ConicBenchmarkUtilities ─ v0.3.1
 Installed GLPKMathProgInterface ─── v0.4.4
 Installed Pavito ────────────────── v0.1.2
 Installed GLPK ──────────────────── v0.10.0
  Building GLPK → `~/.julia/packages/GLPK/Fb12F/deps/build.log`
    Status `/tmp/jl_NK44DK/Manifest.toml`
  [7d9fca2a] Arpack v0.3.1
  [9e28174c] BinDeps v0.8.10
  [b99e7846] BinaryProvider v0.5.8
  [49dc2e85] Calculus v0.5.1
  [e2554f3b] Clp v0.6.2
  [bbf7d656] CommonSubexpressions v0.2.0
  [34da2185] Compat v2.2.0
  [e95a7839] ConicBenchmarkUtilities v0.3.1
  [952205b0] ConicNonlinearBridge v0.2.1
  [9a962f9c] DataAPI v1.1.0
  [864edb3b] DataStructures v0.17.6
  [163ba53b] DiffResults v0.0.4
  [b552c78f] DiffRules v0.1.0
  [31c24e10] Distributions v0.21.8
  [a86d3b49] FlexibilityAnalysis v0.1.0
  [f6369f11] ForwardDiff v0.10.6
  [60bf3e95] GLPK v0.10.0
  [3c7084bd] GLPKMathProgInterface v0.4.4
  [92fee26a] GZip v0.5.0
  [b6b21f68] Ipopt v0.5.4
  [4076af6c] JuMP v0.18.6
  [f8899e07] LinQuadOptInterface v0.6.0
  [b8f27783] MathOptInterface v0.8.4
  [fdba3010] MathProgBase v0.7.7
  [e1d29d7a] Missings v0.4.3
  [77ba4419] NaNMath v0.3.3
  [bac558e1] OrderedCollections v1.1.0
  [90014a1f] PDMats v0.9.10
  [cd433a01] Pavito v0.1.2
  [1fd47b50] QuadGK v2.1.1
  [89212889] ReverseDiffSparse v0.8.6
  [79098fc4] Rmath v0.5.1
  [a2af1166] SortingAlgorithms v0.3.1
  [276daf66] SpecialFunctions v0.8.0
  [90137ffa] StaticArrays v0.12.1
  [2913bbd2] StatsBase v0.32.0
  [4c63d2b9] StatsFuns v0.9.0
  [30578b45] URIParser v0.4.0
  [2a0f44e3] Base64  [`@stdlib/Base64`]
  [ade2ca70] Dates  [`@stdlib/Dates`]
  [8bb1440f] DelimitedFiles  [`@stdlib/DelimitedFiles`]
  [8ba89e20] Distributed  [`@stdlib/Distributed`]
  [b77e0a4c] InteractiveUtils  [`@stdlib/InteractiveUtils`]
  [76f85450] LibGit2  [`@stdlib/LibGit2`]
  [8f399da3] Libdl  [`@stdlib/Libdl`]
  [37e2e46d] LinearAlgebra  [`@stdlib/LinearAlgebra`]
  [56ddb016] Logging  [`@stdlib/Logging`]
  [d6f4376e] Markdown  [`@stdlib/Markdown`]
  [a63ad114] Mmap  [`@stdlib/Mmap`]
  [44cfe95a] Pkg  [`@stdlib/Pkg`]
  [de0858da] Printf  [`@stdlib/Printf`]
  [3fa0cd96] REPL  [`@stdlib/REPL`]
  [9a3f8284] Random  [`@stdlib/Random`]
  [ea8e919c] SHA  [`@stdlib/SHA`]
  [9e88b42a] Serialization  [`@stdlib/Serialization`]
  [1a1011a3] SharedArrays  [`@stdlib/SharedArrays`]
  [6462fe0b] Sockets  [`@stdlib/Sockets`]
  [2f01184e] SparseArrays  [`@stdlib/SparseArrays`]
  [10745b16] Statistics  [`@stdlib/Statistics`]
  [4607b0f0] SuiteSparse  [`@stdlib/SuiteSparse`]
  [8dfed614] Test  [`@stdlib/Test`]
  [cf7118a7] UUIDs  [`@stdlib/UUIDs`]
  [4ec0a83e] Unicode  [`@stdlib/Unicode`]
Test Summary:            | Pass  Total
Model Definition Testing |    5      5
 15.668388 seconds (16.07 M allocations: 822.698 MiB, 5.20% gc time)

Test Summary:       | Pass  Total
Data Access Testing |   17     17
  5.323902 seconds (5.07 M allocations: 259.246 MiB, 3.72% gc time)


******************************************************************************
This program contains Ipopt, a library for large-scale nonlinear optimization.
 Ipopt is released as open source code under the Eclipse Public License (EPL).
         For more information visit http://projects.coin-or.org/Ipopt
******************************************************************************

Test Summary:            | Pass  Total
Pre-Solve Method Testing |   32     32
 49.782105 seconds (41.22 M allocations: 2.018 GiB, 5.58% gc time)

Test Summary:     | Pass  Total
Solvehook Testing |   14     14
  8.673072 seconds (5.31 M allocations: 280.262 MiB, 2.63% gc time)

┌ Warning: initial NLP relaxation infeasible
└ @ Pavito ~/.julia/packages/Pavito/rjnTF/src/algorithm.jl:151
Test Summary:             | Pass  Total
Post-Solve Method Testing |   14     14
  6.884013 seconds (6.28 M allocations: 327.512 MiB, 4.30% gc time)
   Testing FlexibilityAnalysis tests passed 
