 Resolving package versions...
 Installed RootedTrees ─ v0.0.2
  Updating `~/.julia/environments/v1.2/Project.toml`
  [47965b36] + RootedTrees v0.0.2
  Updating `~/.julia/environments/v1.2/Manifest.toml`
  [47965b36] + RootedTrees v0.0.2
  [8f399da3] + Libdl 
  [37e2e46d] + LinearAlgebra 
   Testing RootedTrees
 Resolving package versions...
 Installed StaticArrays ─ v0.12.1
    Status `/tmp/jl_XP5tYs/Manifest.toml`
  [47965b36] RootedTrees v0.0.2
  [90137ffa] StaticArrays v0.12.1
  [2a0f44e3] Base64  [`@stdlib/Base64`]
  [8ba89e20] Distributed  [`@stdlib/Distributed`]
  [b77e0a4c] InteractiveUtils  [`@stdlib/InteractiveUtils`]
  [8f399da3] Libdl  [`@stdlib/Libdl`]
  [37e2e46d] LinearAlgebra  [`@stdlib/LinearAlgebra`]
  [56ddb016] Logging  [`@stdlib/Logging`]
  [d6f4376e] Markdown  [`@stdlib/Markdown`]
  [9a3f8284] Random  [`@stdlib/Random`]
  [9e88b42a] Serialization  [`@stdlib/Serialization`]
  [6462fe0b] Sockets  [`@stdlib/Sockets`]
  [2f01184e] SparseArrays  [`@stdlib/SparseArrays`]
  [10745b16] Statistics  [`@stdlib/Statistics`]
  [8dfed614] Test  [`@stdlib/Test`]
   Testing RootedTrees tests passed 
