 Resolving package versions...
 Installed FastJet ──────── v0.2.0
 Installed CxxWrap ──────── v0.8.2
 Installed BinaryProvider ─ v0.5.8
  Updating `~/.julia/environments/v1.2/Project.toml`
  [8509a5d2] + FastJet v0.2.0
  Updating `~/.julia/environments/v1.2/Manifest.toml`
  [b99e7846] + BinaryProvider v0.5.8
  [1f15a43c] + CxxWrap v0.8.2
  [8509a5d2] + FastJet v0.2.0
  [8f399da3] + Libdl 
  [ea8e919c] + SHA 
  Building CxxWrap → `~/.julia/packages/CxxWrap/sarOk/deps/build.log`
  Building FastJet → `~/.julia/packages/FastJet/zf0ga/deps/build.log`
   Testing FastJet
 Resolving package versions...
    Status `/tmp/jl_mhlkHR/Manifest.toml`
  [b99e7846] BinaryProvider v0.5.8
  [1f15a43c] CxxWrap v0.8.2
  [8509a5d2] FastJet v0.2.0
  [2a0f44e3] Base64  [`@stdlib/Base64`]
  [8ba89e20] Distributed  [`@stdlib/Distributed`]
  [b77e0a4c] InteractiveUtils  [`@stdlib/InteractiveUtils`]
  [8f399da3] Libdl  [`@stdlib/Libdl`]
  [56ddb016] Logging  [`@stdlib/Logging`]
  [d6f4376e] Markdown  [`@stdlib/Markdown`]
  [9a3f8284] Random  [`@stdlib/Random`]
  [ea8e919c] SHA  [`@stdlib/SHA`]
  [9e88b42a] Serialization  [`@stdlib/Serialization`]
  [6462fe0b] Sockets  [`@stdlib/Sockets`]
  [8dfed614] Test  [`@stdlib/Test`]
#--------------------------------------------------------------------------
#                     FastJet release 3.3.2 [fjcore]
#                 M. Cacciari, G.P. Salam and G. Soyez                  
#     A software package for jet finding and analysis at colliders      
#                           http://fastjet.fr                           
#	                                                                      
# Please cite EPJC72(2012)1896 [arXiv:1111.6097] if you use this package
# for scientific work and optionally PLB641(2006)57 [hep-ph/0512210].   
#                                                                       
# FastJet is provided without warranty under the terms of the GNU GPLv2.
# It uses T. Chan's closest pair algorithm, S. Fortune's Voronoi code
# and 3rd party plugin jet algorithms. See COPYING file for details.
#--------------------------------------------------------------------------
        pt y phi
jet 1: 99.0 0.0 3.141592653589793
jet 2: 103.0 0.0 0.0
   Testing FastJet tests passed 
