 Resolving package versions...
 Installed ModelSanitizer ─ v0.3.0
  Updating `~/.julia/environments/v1.2/Project.toml`
  [913cd07a] + ModelSanitizer v0.3.0
  Updating `~/.julia/environments/v1.2/Manifest.toml`
  [913cd07a] + ModelSanitizer v0.3.0
   Testing ModelSanitizer
 Resolving package versions...
 Installed TimerOutputs ──────────────── v0.5.3
 Installed Coverage ──────────────────── v0.9.3
 Installed BenchmarkTools ────────────── v0.4.3
 Installed MultivariateStats ─────────── v0.6.0
 Installed StatsModels ───────────────── v0.6.2
 Installed StatsBase ─────────────────── v0.31.0
 Installed MLJBase ───────────────────── v0.2.3
 Installed PkgBenchmark ──────────────── v0.2.6
 Installed MLJModels ─────────────────── v0.2.5
 Installed Missings ──────────────────── v0.4.3
 Installed LIBSVM ────────────────────── v0.3.1
 Installed DataFrames ────────────────── v0.18.4
 Installed FileIO ────────────────────── v1.0.7
 Installed MbedTLS ───────────────────── v0.7.0
 Installed DataAPI ───────────────────── v1.1.0
 Installed TableTraits ───────────────── v1.0.0
 Installed PDMats ────────────────────── v0.9.10
 Installed MLJ ───────────────────────── v0.2.5
 Installed ScikitLearnBase ───────────── v0.5.0
 Installed BinaryProvider ────────────── v0.5.8
 Installed StatsFuns ─────────────────── v0.8.0
 Installed ArrayLayouts ──────────────── v0.1.5
 Installed DataValueInterfaces ───────── v1.0.0
 Installed Requires ──────────────────── v0.5.2
 Installed URIParser ─────────────────── v0.4.0
 Installed Rmath ─────────────────────── v0.6.0
 Installed Compat ────────────────────── v2.2.0
 Installed Reexport ──────────────────── v0.2.0
 Installed OrderedCollections ────────── v1.1.0
 Installed Tables ────────────────────── v0.2.11
 Installed IniFile ───────────────────── v0.5.0
 Installed FilePathsBase ─────────────── v0.7.0
 Installed RemoteFiles ───────────────── v0.3.1
 Installed RecipesBase ───────────────── v0.7.0
 Installed WeakRefStrings ────────────── v0.6.1
 Installed PooledArrays ──────────────── v0.5.2
 Installed ShiftedArrays ─────────────── v1.0.0
 Installed Parsers ───────────────────── v0.3.10
 Installed DataStructures ────────────── v0.17.6
 Installed Distributions ─────────────── v0.21.0
 Installed FillArrays ────────────────── v0.8.2
 Installed JSON ──────────────────────── v0.21.0
 Installed IteratorInterfaceExtensions ─ v1.0.0
 Installed LIBLINEAR ─────────────────── v0.5.1
 Installed HTTP ──────────────────────── v0.8.8
 Installed SortingAlgorithms ─────────── v0.3.1
 Installed StaticArrays ──────────────── v0.12.1
 Installed QuadGK ────────────────────── v2.1.1
 Installed CategoricalArrays ─────────── v0.5.2
 Installed LazyArrays ────────────────── v0.14.8
 Installed Distances ─────────────────── v0.8.2
 Installed MacroTools ────────────────── v0.5.2
 Installed BinDeps ───────────────────── v0.8.10
 Installed ProgressMeter ─────────────── v1.2.0
 Installed SpecialFunctions ──────────── v0.7.2
 Installed Arpack ────────────────────── v0.3.1
 Installed CSV ───────────────────────── v0.5.18
  Updating `/tmp/jl_Q37j81/Project.toml`
  [6e4b80f9] + BenchmarkTools v0.4.3
  [a2441757] + Coverage v0.9.3
  [a93c6f00] + DataFrames v0.18.4
  [add582a8] + MLJ v0.2.5
  [a7f614a8] + MLJBase v0.2.3
  [d491faf4] + MLJModels v0.2.5
  [913cd07a] + ModelSanitizer v0.3.0
  [6f286f6a] + MultivariateStats v0.6.0
  [32113eaa] + PkgBenchmark v0.2.6
  [2913bbd2] + StatsBase v0.31.0
  [3eaba693] + StatsModels v0.6.2
  [a759f4b9] + TimerOutputs v0.5.3
  [10745b16] + Statistics 
  [8dfed614] + Test 
  Updating `/tmp/jl_Q37j81/Manifest.toml`
  [7d9fca2a] + Arpack v0.3.1
  [4c555306] + ArrayLayouts v0.1.5
  [6e4b80f9] + BenchmarkTools v0.4.3
  [9e28174c] + BinDeps v0.8.10
  [b99e7846] + BinaryProvider v0.5.8
  [336ed68f] + CSV v0.5.18
  [324d7699] + CategoricalArrays v0.5.2
  [34da2185] + Compat v2.2.0
  [a2441757] + Coverage v0.9.3
  [9a962f9c] + DataAPI v1.1.0
  [a93c6f00] + DataFrames v0.18.4
  [864edb3b] + DataStructures v0.17.6
  [e2d170a0] + DataValueInterfaces v1.0.0
  [b4f34e82] + Distances v0.8.2
  [31c24e10] + Distributions v0.21.0
  [5789e2e9] + FileIO v1.0.7
  [48062228] + FilePathsBase v0.7.0
  [1a297f60] + FillArrays v0.8.2
  [cd3eb016] + HTTP v0.8.8
  [83e8ac13] + IniFile v0.5.0
  [82899510] + IteratorInterfaceExtensions v1.0.0
  [682c06a0] + JSON v0.21.0
  [2d691ee1] + LIBLINEAR v0.5.1
  [b1bec4e5] + LIBSVM v0.3.1
  [5078a376] + LazyArrays v0.14.8
  [add582a8] + MLJ v0.2.5
  [a7f614a8] + MLJBase v0.2.3
  [d491faf4] + MLJModels v0.2.5
  [1914dd2f] + MacroTools v0.5.2
  [739be429] + MbedTLS v0.7.0
  [e1d29d7a] + Missings v0.4.3
  [6f286f6a] + MultivariateStats v0.6.0
  [bac558e1] + OrderedCollections v1.1.0
  [90014a1f] + PDMats v0.9.10
  [69de0a69] + Parsers v0.3.10
  [32113eaa] + PkgBenchmark v0.2.6
  [2dfb63ee] + PooledArrays v0.5.2
  [92933f4c] + ProgressMeter v1.2.0
  [1fd47b50] + QuadGK v2.1.1
  [3cdcf5f2] + RecipesBase v0.7.0
  [189a3867] + Reexport v0.2.0
  [cbe49d4c] + RemoteFiles v0.3.1
  [ae029012] + Requires v0.5.2
  [79098fc4] + Rmath v0.6.0
  [6e75b9c4] + ScikitLearnBase v0.5.0
  [1277b4bf] + ShiftedArrays v1.0.0
  [a2af1166] + SortingAlgorithms v0.3.1
  [276daf66] + SpecialFunctions v0.7.2
  [90137ffa] + StaticArrays v0.12.1
  [2913bbd2] + StatsBase v0.31.0
  [4c63d2b9] + StatsFuns v0.8.0
  [3eaba693] + StatsModels v0.6.2
  [3783bdb8] + TableTraits v1.0.0
  [bd369af6] + Tables v0.2.11
  [a759f4b9] + TimerOutputs v0.5.3
  [30578b45] + URIParser v0.4.0
  [ea10d353] + WeakRefStrings v0.6.1
  [2a0f44e3] + Base64 
  [ade2ca70] + Dates 
  [8bb1440f] + DelimitedFiles 
  [8ba89e20] + Distributed 
  [9fa8497b] + Future 
  [b77e0a4c] + InteractiveUtils 
  [76f85450] + LibGit2 
  [8f399da3] + Libdl 
  [37e2e46d] + LinearAlgebra 
  [56ddb016] + Logging 
  [d6f4376e] + Markdown 
  [a63ad114] + Mmap 
  [44cfe95a] + Pkg 
  [de0858da] + Printf 
  [3fa0cd96] + REPL 
  [9a3f8284] + Random 
  [ea8e919c] + SHA 
  [9e88b42a] + Serialization 
  [1a1011a3] + SharedArrays 
  [6462fe0b] + Sockets 
  [2f01184e] + SparseArrays 
  [10745b16] + Statistics 
  [4607b0f0] + SuiteSparse 
  [8dfed614] + Test 
  [cf7118a7] + UUIDs 
  [4ec0a83e] + Unicode 
  Building PkgBenchmark ────→ `~/.julia/packages/PkgBenchmark/fIDIa/deps/build.log`
  Building MbedTLS ─────────→ `~/.julia/packages/MbedTLS/a1JFn/deps/build.log`
  Building LIBLINEAR ───────→ `~/.julia/packages/LIBLINEAR/yTdp5/deps/build.log`
  Building LIBSVM ──────────→ `~/.julia/packages/LIBSVM/jzCVO/deps/build.log`
  Building Rmath ───────────→ `~/.julia/packages/Rmath/BoBag/deps/build.log`
  Building SpecialFunctions → `~/.julia/packages/SpecialFunctions/fvheQ/deps/build.log`
  Building Arpack ──────────→ `~/.julia/packages/Arpack/cu5By/deps/build.log`
[ Info: Running Sandbox
    Status `/tmp/jl_Q37j81/Project.toml`
  [6e4b80f9] BenchmarkTools v0.4.3
  [a2441757] Coverage v0.9.3
  [a93c6f00] DataFrames v0.18.4
  [add582a8] MLJ v0.2.5
  [a7f614a8] MLJBase v0.2.3
  [d491faf4] MLJModels v0.2.5
  [913cd07a] ModelSanitizer v0.3.0
  [6f286f6a] MultivariateStats v0.6.0
  [32113eaa] PkgBenchmark v0.2.6
  [2913bbd2] StatsBase v0.31.0
  [3eaba693] StatsModels v0.6.2
  [a759f4b9] TimerOutputs v0.5.3
  [10745b16] Statistics 
  [8dfed614] Test 
Test Summary: | Pass  Total
Unit tests    |  118    118
mse(m, X[training_rows, :], y[training_rows]) = 1.074443397393143
rmse(m, X[training_rows, :], y[training_rows]) = 1.0365536153007924
r2(m, X[training_rows, :], y[training_rows]) = 0.9254309784195642
mse(m, X[testing_rows, :], y[testing_rows]) = 1.2136647904867177
rmse(m, X[testing_rows, :], y[testing_rows]) = 1.1016645544296675
r2(m, X[testing_rows, :], y[testing_rows]) = 0.9182266978008601
mse(m, X[training_rows, :], y[training_rows]) = 1.074443397393143
rmse(m, X[training_rows, :], y[training_rows]) = 1.0365536153007924
r2(m, X[training_rows, :], y[training_rows]) = 0.9254309784195642
mse(m, X[testing_rows, :], y[testing_rows]) = 1.2136647904867177
rmse(m, X[testing_rows, :], y[testing_rows]) = 1.1016645544296675
r2(m, X[testing_rows, :], y[testing_rows]) = 0.9182266978008601
mse(m, X[training_rows, :], y[training_rows]) = 1.074443397393143
rmse(m, X[training_rows, :], y[training_rows]) = 1.0365536153007924
r2(m, X[training_rows, :], y[training_rows]) = 0.9254309784195642
mse(m, X[testing_rows, :], y[testing_rows]) = 1.2136647904867177
rmse(m, X[testing_rows, :], y[testing_rows]) = 1.1016645544296675
r2(m, X[testing_rows, :], y[testing_rows]) = 0.9182266978008601
ERROR: LoadError: LoadError: syntax: local variable name "N" conflicts with a static parameter
Stacktrace:
 [1] top-level scope at /root/.julia/packages/MLJ/XYSFt/src/composites.jl:113
 [2] include at ./boot.jl:328 [inlined]
 [3] include_relative(::Module, ::String) at ./loading.jl:1094
 [4] include at ./Base.jl:31 [inlined]
 [5] include(::String) at /root/.julia/packages/MLJ/XYSFt/src/MLJ.jl:1
 [6] top-level scope at /root/.julia/packages/MLJ/XYSFt/src/MLJ.jl:88
 [7] include at ./boot.jl:328 [inlined]
 [8] include_relative(::Module, ::String) at ./loading.jl:1094
 [9] include(::Module, ::String) at ./Base.jl:31
 [10] top-level scope at none:2
 [11] eval at ./boot.jl:330 [inlined]
 [12] eval(::Expr) at ./client.jl:432
 [13] top-level scope at ./none:3
in expression starting at /root/.julia/packages/MLJ/XYSFt/src/composites.jl:113
in expression starting at /root/.julia/packages/MLJ/XYSFt/src/MLJ.jl:88
integration-tests/test-proof-of-concept-mlj.jl: Error During Test at /root/.julia/packages/ModelSanitizer/fYC4k/test/runtests.jl:39
  Got exception outside of a @test
  LoadError: Failed to precompile MLJ [add582a8-e3ab-11e8-2d5e-e98b27df1bc7] to /root/.julia/compiled/v1.2/MLJ/rAU56.ji.
  Stacktrace:
   [1] error(::String) at ./error.jl:33
   [2] compilecache(::Base.PkgId, ::String) at ./loading.jl:1253
   [3] _require(::Base.PkgId) at ./loading.jl:1013
   [4] require(::Base.PkgId) at ./loading.jl:911
   [5] require(::Module, ::Symbol) at ./loading.jl:906
   [6] include at ./boot.jl:328 [inlined]
   [7] include_relative(::Module, ::String) at ./loading.jl:1094
   [8] include(::Module, ::String) at ./Base.jl:31
   [9] include(::String) at ./client.jl:431
   [10] macro expansion at /root/.julia/packages/ModelSanitizer/fYC4k/test/runtests.jl:41 [inlined]
   [11] macro expansion at /buildworker/worker/package_linux64/build/usr/share/julia/stdlib/v1.2/Test/src/Test.jl:1113 [inlined]
   [12] macro expansion at /root/.julia/packages/ModelSanitizer/fYC4k/test/runtests.jl:40 [inlined]
   [13] macro expansion at /buildworker/worker/package_linux64/build/usr/share/julia/stdlib/v1.2/Test/src/Test.jl:1113 [inlined]
   [14] _inner_runtests() at /root/.julia/packages/ModelSanitizer/fYC4k/test/runtests.jl:29
   [15] macro expansion at /root/.julia/packages/ModelSanitizer/fYC4k/test/runtests.jl:51 [inlined]
   [16] (::getfield(Main, Symbol("##3#5")))() at ./task.jl:268
  in expression starting at /root/.julia/packages/ModelSanitizer/fYC4k/test/integration-tests/test-proof-of-concept-mlj.jl:1
  
Test Summary:                                           | Pass  Error  Total
Integration tests                                       |  203      1    204
  integration-tests/test-proof-of-concept-dataframes.jl |   60            60
  integration-tests/test-proof-of-concept-linearmodel   |  143           143
  integration-tests/test-proof-of-concept-mlj.jl        |           1      1
ModelSanitizer.jl: Error During Test at /root/.julia/packages/ModelSanitizer/fYC4k/test/runtests.jl:63
  Got exception outside of a @test
  Some tests did not pass: 203 passed, 0 failed, 1 errored, 0 broken.
  Stacktrace:
   [1] sync_end(::Array{Any,1}) at ./task.jl:235
   [2] macro expansion at ./task.jl:254 [inlined]
   [3] runtests() at /root/.julia/packages/ModelSanitizer/fYC4k/test/runtests.jl:49
   [4] top-level scope at /root/.julia/packages/ModelSanitizer/fYC4k/test/runtests.jl:64
   [5] top-level scope at /buildworker/worker/package_linux64/build/usr/share/julia/stdlib/v1.2/Test/src/Test.jl:1113
   [6] top-level scope at /root/.julia/packages/ModelSanitizer/fYC4k/test/runtests.jl:64
   [7] include at ./boot.jl:328 [inlined]
   [8] include_relative(::Module, ::String) at ./loading.jl:1094
   [9] include(::Module, ::String) at ./Base.jl:31
   [10] include(::String) at ./client.jl:431
   [11] top-level scope at none:5
   [12] eval(::Module, ::Any) at ./boot.jl:330
   [13] exec_options(::Base.JLOptions) at ./client.jl:271
   [14] _start() at ./client.jl:464
  
Test Summary:     | Error  Total
ModelSanitizer.jl |     1      1
ERROR: LoadError: Some tests did not pass: 0 passed, 0 failed, 1 errored, 0 broken.
in expression starting at /root/.julia/packages/ModelSanitizer/fYC4k/test/runtests.jl:63
ERROR: Package ModelSanitizer errored during testing
Stacktrace:
 [1] pkgerror(::String, ::Vararg{String,N} where N) at /buildworker/worker/package_linux64/build/usr/share/julia/stdlib/v1.2/Pkg/src/Types.jl:112
 [2] #test#119(::Bool, ::Nothing, ::typeof(Pkg.Operations.test), ::Pkg.Types.Context, ::Array{Pkg.Types.PackageSpec,1}) at /buildworker/worker/package_linux64/build/usr/share/julia/stdlib/v1.2/Pkg/src/Operations.jl:1288
 [3] #test at ./none:0 [inlined]
 [4] #test#62(::Bool, ::Nothing, ::Base.Iterators.Pairs{Union{},Union{},Tuple{},NamedTuple{(),Tuple{}}}, ::typeof(Pkg.API.test), ::Pkg.Types.Context, ::Array{Pkg.Types.PackageSpec,1}) at /buildworker/worker/package_linux64/build/usr/share/julia/stdlib/v1.2/Pkg/src/API.jl:245
 [5] test at /buildworker/worker/package_linux64/build/usr/share/julia/stdlib/v1.2/Pkg/src/API.jl:233 [inlined]
 [6] #test#61 at /buildworker/worker/package_linux64/build/usr/share/julia/stdlib/v1.2/Pkg/src/API.jl:230 [inlined]
 [7] test at /buildworker/worker/package_linux64/build/usr/share/julia/stdlib/v1.2/Pkg/src/API.jl:230 [inlined]
 [8] #test#60 at /buildworker/worker/package_linux64/build/usr/share/julia/stdlib/v1.2/Pkg/src/API.jl:229 [inlined]
 [9] test at /buildworker/worker/package_linux64/build/usr/share/julia/stdlib/v1.2/Pkg/src/API.jl:229 [inlined]
 [10] #test#59(::Base.Iterators.Pairs{Union{},Union{},Tuple{},NamedTuple{(),Tuple{}}}, ::typeof(Pkg.API.test), ::String) at /buildworker/worker/package_linux64/build/usr/share/julia/stdlib/v1.2/Pkg/src/API.jl:228
 [11] test(::String) at /buildworker/worker/package_linux64/build/usr/share/julia/stdlib/v1.2/Pkg/src/API.jl:228
 [12] top-level scope at none:10
