 Resolving package versions...
 Installed DataAPI ──────────────── v1.1.0
 Installed OptimBase ────────────── v2.0.0
 Installed Missings ─────────────── v0.4.3
 Installed PDMats ───────────────── v0.9.10
 Installed CommonSubexpressions ─── v0.2.0
 Installed UMAP ─────────────────── v0.1.4
 Installed BinaryProvider ───────── v0.5.8
 Installed StatsBase ────────────── v0.32.0
 Installed URIParser ────────────── v0.4.0
 Installed Reexport ─────────────── v0.2.0
 Installed Requires ─────────────── v0.5.2
 Installed NLSolversBase ────────── v7.5.0
 Installed StatsFuns ────────────── v0.9.0
 Installed LsqFit ───────────────── v0.6.0
 Installed ForwardDiff ──────────── v0.10.6
 Installed Compat ───────────────── v2.2.0
 Installed Rmath ────────────────── v0.5.1
 Installed DiffEqDiffTools ──────── v1.4.0
 Installed NearestNeighborDescent ─ v0.2.0
 Installed OrderedCollections ───── v1.1.0
 Installed DataStructures ───────── v0.17.6
 Installed DiffRules ────────────── v0.1.0
 Installed Calculus ─────────────── v0.5.1
 Installed ArrayInterface ───────── v1.2.1
 Installed Distributions ────────── v0.21.8
 Installed DiffResults ──────────── v0.0.4
 Installed NaNMath ──────────────── v0.3.3
 Installed SortingAlgorithms ────── v0.3.1
 Installed QuadGK ───────────────── v2.1.1
 Installed StaticArrays ─────────── v0.12.1
 Installed Distances ────────────── v0.8.2
 Installed SpecialFunctions ─────── v0.8.0
 Installed BinDeps ──────────────── v0.8.10
 Installed Arpack ───────────────── v0.3.1
  Updating `~/.julia/environments/v1.2/Project.toml`
  [c4f8c510] + UMAP v0.1.4
  Updating `~/.julia/environments/v1.2/Manifest.toml`
  [7d9fca2a] + Arpack v0.3.1
  [4fba245c] + ArrayInterface v1.2.1
  [9e28174c] + BinDeps v0.8.10
  [b99e7846] + BinaryProvider v0.5.8
  [49dc2e85] + Calculus v0.5.1
  [bbf7d656] + CommonSubexpressions v0.2.0
  [34da2185] + Compat v2.2.0
  [9a962f9c] + DataAPI v1.1.0
  [864edb3b] + DataStructures v0.17.6
  [01453d9d] + DiffEqDiffTools v1.4.0
  [163ba53b] + DiffResults v0.0.4
  [b552c78f] + DiffRules v0.1.0
  [b4f34e82] + Distances v0.8.2
  [31c24e10] + Distributions v0.21.8
  [f6369f11] + ForwardDiff v0.10.6
  [2fda8390] + LsqFit v0.6.0
  [e1d29d7a] + Missings v0.4.3
  [d41bc354] + NLSolversBase v7.5.0
  [77ba4419] + NaNMath v0.3.3
  [dd2c4c9e] + NearestNeighborDescent v0.2.0
  [87e2bd06] + OptimBase v2.0.0
  [bac558e1] + OrderedCollections v1.1.0
  [90014a1f] + PDMats v0.9.10
  [1fd47b50] + QuadGK v2.1.1
  [189a3867] + Reexport v0.2.0
  [ae029012] + Requires v0.5.2
  [79098fc4] + Rmath v0.5.1
  [a2af1166] + SortingAlgorithms v0.3.1
  [276daf66] + SpecialFunctions v0.8.0
  [90137ffa] + StaticArrays v0.12.1
  [2913bbd2] + StatsBase v0.32.0
  [4c63d2b9] + StatsFuns v0.9.0
  [c4f8c510] + UMAP v0.1.4
  [30578b45] + URIParser v0.4.0
  [2a0f44e3] + Base64 
  [ade2ca70] + Dates 
  [8bb1440f] + DelimitedFiles 
  [8ba89e20] + Distributed 
  [b77e0a4c] + InteractiveUtils 
  [76f85450] + LibGit2 
  [8f399da3] + Libdl 
  [37e2e46d] + LinearAlgebra 
  [56ddb016] + Logging 
  [d6f4376e] + Markdown 
  [a63ad114] + Mmap 
  [44cfe95a] + Pkg 
  [de0858da] + Printf 
  [9abbd945] + Profile 
  [3fa0cd96] + REPL 
  [9a3f8284] + Random 
  [ea8e919c] + SHA 
  [9e88b42a] + Serialization 
  [1a1011a3] + SharedArrays 
  [6462fe0b] + Sockets 
  [2f01184e] + SparseArrays 
  [10745b16] + Statistics 
  [4607b0f0] + SuiteSparse 
  [8dfed614] + Test 
  [cf7118a7] + UUIDs 
  [4ec0a83e] + Unicode 
  Building Rmath ───────────→ `~/.julia/packages/Rmath/4wt82/deps/build.log`
  Building SpecialFunctions → `~/.julia/packages/SpecialFunctions/ne2iw/deps/build.log`
  Building Arpack ──────────→ `~/.julia/packages/Arpack/cu5By/deps/build.log`
   Testing UMAP
 Resolving package versions...
    Status `/tmp/jl_fR01xA/Manifest.toml`
  [7d9fca2a] Arpack v0.3.1
  [4fba245c] ArrayInterface v1.2.1
  [9e28174c] BinDeps v0.8.10
  [b99e7846] BinaryProvider v0.5.8
  [49dc2e85] Calculus v0.5.1
  [bbf7d656] CommonSubexpressions v0.2.0
  [34da2185] Compat v2.2.0
  [9a962f9c] DataAPI v1.1.0
  [864edb3b] DataStructures v0.17.6
  [01453d9d] DiffEqDiffTools v1.4.0
  [163ba53b] DiffResults v0.0.4
  [b552c78f] DiffRules v0.1.0
  [b4f34e82] Distances v0.8.2
  [31c24e10] Distributions v0.21.8
  [f6369f11] ForwardDiff v0.10.6
  [2fda8390] LsqFit v0.6.0
  [e1d29d7a] Missings v0.4.3
  [d41bc354] NLSolversBase v7.5.0
  [77ba4419] NaNMath v0.3.3
  [dd2c4c9e] NearestNeighborDescent v0.2.0
  [87e2bd06] OptimBase v2.0.0
  [bac558e1] OrderedCollections v1.1.0
  [90014a1f] PDMats v0.9.10
  [1fd47b50] QuadGK v2.1.1
  [189a3867] Reexport v0.2.0
  [ae029012] Requires v0.5.2
  [79098fc4] Rmath v0.5.1
  [a2af1166] SortingAlgorithms v0.3.1
  [276daf66] SpecialFunctions v0.8.0
  [90137ffa] StaticArrays v0.12.1
  [2913bbd2] StatsBase v0.32.0
  [4c63d2b9] StatsFuns v0.9.0
  [c4f8c510] UMAP v0.1.4
  [30578b45] URIParser v0.4.0
  [2a0f44e3] Base64  [`@stdlib/Base64`]
  [ade2ca70] Dates  [`@stdlib/Dates`]
  [8bb1440f] DelimitedFiles  [`@stdlib/DelimitedFiles`]
  [8ba89e20] Distributed  [`@stdlib/Distributed`]
  [b77e0a4c] InteractiveUtils  [`@stdlib/InteractiveUtils`]
  [76f85450] LibGit2  [`@stdlib/LibGit2`]
  [8f399da3] Libdl  [`@stdlib/Libdl`]
  [37e2e46d] LinearAlgebra  [`@stdlib/LinearAlgebra`]
  [56ddb016] Logging  [`@stdlib/Logging`]
  [d6f4376e] Markdown  [`@stdlib/Markdown`]
  [a63ad114] Mmap  [`@stdlib/Mmap`]
  [44cfe95a] Pkg  [`@stdlib/Pkg`]
  [de0858da] Printf  [`@stdlib/Printf`]
  [9abbd945] Profile  [`@stdlib/Profile`]
  [3fa0cd96] REPL  [`@stdlib/REPL`]
  [9a3f8284] Random  [`@stdlib/Random`]
  [ea8e919c] SHA  [`@stdlib/SHA`]
  [9e88b42a] Serialization  [`@stdlib/Serialization`]
  [1a1011a3] SharedArrays  [`@stdlib/SharedArrays`]
  [6462fe0b] Sockets  [`@stdlib/Sockets`]
  [2f01184e] SparseArrays  [`@stdlib/SparseArrays`]
  [10745b16] Statistics  [`@stdlib/Statistics`]
  [4607b0f0] SuiteSparse  [`@stdlib/SuiteSparse`]
  [8dfed614] Test  [`@stdlib/Test`]
  [cf7118a7] UUIDs  [`@stdlib/UUIDs`]
  [4ec0a83e] Unicode  [`@stdlib/Unicode`]
knn_search: Error During Test at /root/.julia/packages/UMAP/RWHwH/test/utils_tests.jl:2
  Got exception outside of a @test
  return type Tuple{Array{Int64,2},Array{Float64,2}} does not match inferred return type Tuple{Array{Int64,2},Array{_A,2} where _A}
  Stacktrace:
   [1] error(::String) at ./error.jl:33
   [2] top-level scope at /root/.julia/packages/UMAP/RWHwH/test/utils_tests.jl:3
   [3] top-level scope at /buildworker/worker/package_linux64/build/usr/share/julia/stdlib/v1.2/Test/src/Test.jl:1113
   [4] top-level scope at /root/.julia/packages/UMAP/RWHwH/test/utils_tests.jl:3
   [5] top-level scope at /buildworker/worker/package_linux64/build/usr/share/julia/stdlib/v1.2/Test/src/Test.jl:1113
   [6] top-level scope at /root/.julia/packages/UMAP/RWHwH/test/utils_tests.jl:2
   [7] include at ./boot.jl:328 [inlined]
   [8] include_relative(::Module, ::String) at ./loading.jl:1094
   [9] include(::Module, ::String) at ./Base.jl:31
   [10] include(::String) at ./client.jl:431
   [11] top-level scope at /root/.julia/packages/UMAP/RWHwH/test/runtests.jl:9
   [12] include at ./boot.jl:328 [inlined]
   [13] include_relative(::Module, ::String) at ./loading.jl:1094
   [14] include(::Module, ::String) at ./Base.jl:31
   [15] include(::String) at ./client.jl:431
   [16] top-level scope at none:5
   [17] eval(::Module, ::Any) at ./boot.jl:330
   [18] exec_options(::Base.JLOptions) at ./client.jl:271
   [19] _start() at ./client.jl:464
  
Test Summary:              | Pass  Error  Total
utils tests                |    2      1      3
  knn_search               |           1      1
  combine_fuzzy_sets tests |    2             2
ERROR: LoadError: LoadError: Some tests did not pass: 2 passed, 0 failed, 1 errored, 0 broken.
in expression starting at /root/.julia/packages/UMAP/RWHwH/test/utils_tests.jl:1
in expression starting at /root/.julia/packages/UMAP/RWHwH/test/runtests.jl:9
ERROR: Package UMAP errored during testing
Stacktrace:
 [1] pkgerror(::String, ::Vararg{String,N} where N) at /buildworker/worker/package_linux64/build/usr/share/julia/stdlib/v1.2/Pkg/src/Types.jl:112
 [2] #test#119(::Bool, ::Nothing, ::typeof(Pkg.Operations.test), ::Pkg.Types.Context, ::Array{Pkg.Types.PackageSpec,1}) at /buildworker/worker/package_linux64/build/usr/share/julia/stdlib/v1.2/Pkg/src/Operations.jl:1288
 [3] #test at ./none:0 [inlined]
 [4] #test#62(::Bool, ::Nothing, ::Base.Iterators.Pairs{Union{},Union{},Tuple{},NamedTuple{(),Tuple{}}}, ::typeof(Pkg.API.test), ::Pkg.Types.Context, ::Array{Pkg.Types.PackageSpec,1}) at /buildworker/worker/package_linux64/build/usr/share/julia/stdlib/v1.2/Pkg/src/API.jl:245
 [5] test at /buildworker/worker/package_linux64/build/usr/share/julia/stdlib/v1.2/Pkg/src/API.jl:233 [inlined]
 [6] #test#61 at /buildworker/worker/package_linux64/build/usr/share/julia/stdlib/v1.2/Pkg/src/API.jl:230 [inlined]
 [7] test at /buildworker/worker/package_linux64/build/usr/share/julia/stdlib/v1.2/Pkg/src/API.jl:230 [inlined]
 [8] #test#60 at /buildworker/worker/package_linux64/build/usr/share/julia/stdlib/v1.2/Pkg/src/API.jl:229 [inlined]
 [9] test at /buildworker/worker/package_linux64/build/usr/share/julia/stdlib/v1.2/Pkg/src/API.jl:229 [inlined]
 [10] #test#59(::Base.Iterators.Pairs{Union{},Union{},Tuple{},NamedTuple{(),Tuple{}}}, ::typeof(Pkg.API.test), ::String) at /buildworker/worker/package_linux64/build/usr/share/julia/stdlib/v1.2/Pkg/src/API.jl:228
 [11] test(::String) at /buildworker/worker/package_linux64/build/usr/share/julia/stdlib/v1.2/Pkg/src/API.jl:228
