 Resolving package versions...
 Installed VersionParsing ──────────── v1.1.3
 Installed Requires ────────────────── v0.5.2
 Installed NaNMath ─────────────────── v0.3.3
 Installed ColorTypes ──────────────── v0.8.0
 Installed Primes ──────────────────── v0.4.0
 Installed BinaryProvider ──────────── v0.5.8
 Installed MPIReco ─────────────────── v0.1.1
 Installed Graphics ────────────────── v0.4.0
 Installed RecipesBase ─────────────── v0.7.0
 Installed ImageAxes ───────────────── v0.6.1
 Installed FFTW ────────────────────── v1.1.0
 Installed ImageMorphology ─────────── v0.2.4
 Installed Images ──────────────────── v0.18.0
 Installed Blosc ───────────────────── v0.5.1
 Installed FixedPointNumbers ───────── v0.6.1
 Installed DataStructures ──────────── v0.17.6
 Installed MacroTools ──────────────── v0.5.2
 Installed Wavelets ────────────────── v0.9.0
 Installed AxisArrays ──────────────── v0.3.3
 Installed ComputationalResources ──── v0.3.0
 Installed ImageDistances ──────────── v0.2.4
 Installed Reexport ────────────────── v0.2.0
 Installed Polynomials ─────────────── v0.6.0
 Installed Conda ───────────────────── v1.3.0
 Installed WoodburyMatrices ────────── v0.4.1
 Installed BinDeps ─────────────────── v0.8.10
 Installed Unitful ─────────────────── v0.17.0
 Installed Rotations ───────────────── v0.12.0
 Installed SpecialFunctions ────────── v0.8.0
 Installed MappedArrays ────────────── v0.2.2
 Installed Interpolations ──────────── v0.12.5
 Installed JSON ────────────────────── v0.21.0
 Installed DataAPI ─────────────────── v1.1.0
 Installed ImageTransformations ────── v0.8.0
 Installed AxisAlgorithms ──────────── v1.0.0
 Installed CustomUnitRanges ────────── v0.2.0
 Installed CatIndices ──────────────── v0.2.0
 Installed OffsetArrays ────────────── v0.11.1
 Installed HDF5 ────────────────────── v0.12.5
 Installed AbstractFFTs ────────────── v0.5.0
 Installed DSP ─────────────────────── v0.6.1
 Installed ProgressMeter ───────────── v1.2.0
 Installed Distances ───────────────── v0.8.2
 Installed TiledIteration ──────────── v0.2.3
 Installed FastClosures ────────────── v0.3.2
 Installed StaticArrays ────────────── v0.12.1
 Installed URIParser ───────────────── v0.4.0
 Installed Parsers ─────────────────── v0.3.10
 Installed FFTViews ────────────────── v0.3.0
 Installed ImageFiltering ──────────── v0.6.5
 Installed IntervalSets ────────────── v0.3.2
 Installed Colors ──────────────────── v0.9.6
 Installed Ratios ──────────────────── v0.3.1
 Installed CoordinateTransformations ─ v0.5.0
 Installed IdentityRanges ──────────── v0.3.0
 Installed IterativeSolvers ────────── v0.8.1
 Installed RangeArrays ─────────────── v0.3.1
 Installed ImageShow ───────────────── v0.2.0
 Installed ColorVectorSpace ────────── v0.7.1
 Installed IndirectArrays ──────────── v0.5.0
 Installed DistributedArrays ───────── v0.6.4
 Installed RegularizedLeastSquares ─── v0.5.0
 Installed SortingAlgorithms ───────── v0.3.1
 Installed SimpleTraits ────────────── v0.9.1
 Installed Missings ────────────────── v0.4.3
 Installed StatsBase ───────────────── v0.32.0
 Installed OrderedCollections ──────── v1.1.0
 Installed SparsityOperators ───────── v0.1.4
 Installed PaddedViews ─────────────── v0.4.2
 Installed LinearOperators ─────────── v0.6.0
 Installed CMakeWrapper ────────────── v0.2.3
 Installed ImageCore ───────────────── v0.8.5
 Installed Parameters ──────────────── v0.12.0
 Installed CMake ───────────────────── v1.1.2
 Installed ImageMetadata ───────────── v0.7.2
 Installed Compat ──────────────────── v2.2.0
 Installed IterTools ───────────────── v1.3.0
 Installed FileIO ──────────────────── v1.0.7
 Installed MPIFiles ────────────────── v0.8.0
  Updating `~/.julia/environments/v1.0/Project.toml`
  [e4246700] + MPIReco v0.1.1
  Updating `~/.julia/environments/v1.0/Manifest.toml`
  [621f4979] + AbstractFFTs v0.5.0
  [13072b0f] + AxisAlgorithms v1.0.0
  [39de3d68] + AxisArrays v0.3.3
  [9e28174c] + BinDeps v0.8.10
  [b99e7846] + BinaryProvider v0.5.8
  [a74b3585] + Blosc v0.5.1
  [631607c0] + CMake v1.1.2
  [d5fb7624] + CMakeWrapper v0.2.3
  [aafaddc9] + CatIndices v0.2.0
  [3da002f7] + ColorTypes v0.8.0
  [c3611d14] + ColorVectorSpace v0.7.1
  [5ae59095] + Colors v0.9.6
  [34da2185] + Compat v2.2.0
  [ed09eef8] + ComputationalResources v0.3.0
  [8f4d0f93] + Conda v1.3.0
  [150eb455] + CoordinateTransformations v0.5.0
  [dc8bdbbb] + CustomUnitRanges v0.2.0
  [717857b8] + DSP v0.6.1
  [9a962f9c] + DataAPI v1.1.0
  [864edb3b] + DataStructures v0.17.6
  [b4f34e82] + Distances v0.8.2
  [aaf54ef3] + DistributedArrays v0.6.4
  [4f61f5a4] + FFTViews v0.3.0
  [7a1cc6ca] + FFTW v1.1.0
  [9aa1b823] + FastClosures v0.3.2
  [5789e2e9] + FileIO v1.0.7
  [53c48c17] + FixedPointNumbers v0.6.1
  [a2bd30eb] + Graphics v0.4.0
  [f67ccb44] + HDF5 v0.12.5
  [bbac6d45] + IdentityRanges v0.3.0
  [2803e5a7] + ImageAxes v0.6.1
  [a09fc81d] + ImageCore v0.8.5
  [51556ac3] + ImageDistances v0.2.4
  [6a3955dd] + ImageFiltering v0.6.5
  [bc367c6b] + ImageMetadata v0.7.2
  [787d08f9] + ImageMorphology v0.2.4
  [4e3cecfd] + ImageShow v0.2.0
  [02fcd773] + ImageTransformations v0.8.0
  [916415d5] + Images v0.18.0
  [9b13fd28] + IndirectArrays v0.5.0
  [a98d9a8b] + Interpolations v0.12.5
  [8197267c] + IntervalSets v0.3.2
  [c8e1da08] + IterTools v1.3.0
  [42fd0dbc] + IterativeSolvers v0.8.1
  [682c06a0] + JSON v0.21.0
  [5c8ed15e] + LinearOperators v0.6.0
  [371237a9] + MPIFiles v0.8.0
  [e4246700] + MPIReco v0.1.1
  [1914dd2f] + MacroTools v0.5.2
  [dbb5928d] + MappedArrays v0.2.2
  [e1d29d7a] + Missings v0.4.3
  [77ba4419] + NaNMath v0.3.3
  [6fe1bfb0] + OffsetArrays v0.11.1
  [bac558e1] + OrderedCollections v1.1.0
  [5432bcbf] + PaddedViews v0.4.2
  [d96e819e] + Parameters v0.12.0
  [69de0a69] + Parsers v0.3.10
  [f27b6e38] + Polynomials v0.6.0
  [27ebfcd6] + Primes v0.4.0
  [92933f4c] + ProgressMeter v1.2.0
  [b3c3ace0] + RangeArrays v0.3.1
  [c84ed2f1] + Ratios v0.3.1
  [3cdcf5f2] + RecipesBase v0.7.0
  [189a3867] + Reexport v0.2.0
  [1e9c538a] + RegularizedLeastSquares v0.5.0
  [ae029012] + Requires v0.5.2
  [6038ab10] + Rotations v0.12.0
  [699a6c99] + SimpleTraits v0.9.1
  [a2af1166] + SortingAlgorithms v0.3.1
  [a5ff1dd3] + SparsityOperators v0.1.4
  [276daf66] + SpecialFunctions v0.8.0
  [90137ffa] + StaticArrays v0.12.1
  [2913bbd2] + StatsBase v0.32.0
  [06e1c1a7] + TiledIteration v0.2.3
  [30578b45] + URIParser v0.4.0
  [1986cc42] + Unitful v0.17.0
  [81def892] + VersionParsing v1.1.3
  [29a6e085] + Wavelets v0.9.0
  [efce3f68] + WoodburyMatrices v0.4.1
  [2a0f44e3] + Base64 
  [ade2ca70] + Dates 
  [8bb1440f] + DelimitedFiles 
  [8ba89e20] + Distributed 
  [b77e0a4c] + InteractiveUtils 
  [76f85450] + LibGit2 
  [8f399da3] + Libdl 
  [37e2e46d] + LinearAlgebra 
  [56ddb016] + Logging 
  [d6f4376e] + Markdown 
  [a63ad114] + Mmap 
  [44cfe95a] + Pkg 
  [de0858da] + Printf 
  [3fa0cd96] + REPL 
  [9a3f8284] + Random 
  [ea8e919c] + SHA 
  [9e88b42a] + Serialization 
  [1a1011a3] + SharedArrays 
  [6462fe0b] + Sockets 
  [2f01184e] + SparseArrays 
  [10745b16] + Statistics 
  [8dfed614] + Test 
  [cf7118a7] + UUIDs 
  [4ec0a83e] + Unicode 
  Building SpecialFunctions → `~/.julia/packages/SpecialFunctions/ne2iw/deps/build.log`
  Building Conda ───────────→ `~/.julia/packages/Conda/kLXeC/deps/build.log`
  Building FFTW ────────────→ `~/.julia/packages/FFTW/loJ3F/deps/build.log`
  Building CMake ───────────→ `~/.julia/packages/CMake/nSK2r/deps/build.log`
  Building Blosc ───────────→ `~/.julia/packages/Blosc/lzFr0/deps/build.log`
  Building HDF5 ────────────→ `~/.julia/packages/HDF5/Zh9on/deps/build.log`
  Building MPIReco ─────────→ `~/.julia/packages/MPIReco/1SGoJ/deps/build.log`
   Testing MPIReco
 Resolving package versions...
 Installed IniFile ─────── v0.5.0
 Installed QuartzImageIO ─ v0.6.0
 Installed ImageMagick ─── v0.7.5
 Installed HTTP ────────── v0.8.8
 Installed MbedTLS ─────── v0.6.8
  Building ImageMagick → `~/.julia/packages/ImageMagick/vMfoS/deps/build.log`
  Building MbedTLS ────→ `~/.julia/packages/MbedTLS/X4xar/deps/build.log`
    Status `/tmp/tmpr4YFk1/Manifest.toml`
  [621f4979] AbstractFFTs v0.5.0
  [13072b0f] AxisAlgorithms v1.0.0
  [39de3d68] AxisArrays v0.3.3
  [9e28174c] BinDeps v0.8.10
  [b99e7846] BinaryProvider v0.5.8
  [a74b3585] Blosc v0.5.1
  [631607c0] CMake v1.1.2
  [d5fb7624] CMakeWrapper v0.2.3
  [aafaddc9] CatIndices v0.2.0
  [3da002f7] ColorTypes v0.8.0
  [c3611d14] ColorVectorSpace v0.7.1
  [5ae59095] Colors v0.9.6
  [34da2185] Compat v2.2.0
  [ed09eef8] ComputationalResources v0.3.0
  [8f4d0f93] Conda v1.3.0
  [150eb455] CoordinateTransformations v0.5.0
  [dc8bdbbb] CustomUnitRanges v0.2.0
  [717857b8] DSP v0.6.1
  [9a962f9c] DataAPI v1.1.0
  [864edb3b] DataStructures v0.17.6
  [b4f34e82] Distances v0.8.2
  [aaf54ef3] DistributedArrays v0.6.4
  [4f61f5a4] FFTViews v0.3.0
  [7a1cc6ca] FFTW v1.1.0
  [9aa1b823] FastClosures v0.3.2
  [5789e2e9] FileIO v1.0.7
  [53c48c17] FixedPointNumbers v0.6.1
  [a2bd30eb] Graphics v0.4.0
  [f67ccb44] HDF5 v0.12.5
  [cd3eb016] HTTP v0.8.8
  [bbac6d45] IdentityRanges v0.3.0
  [2803e5a7] ImageAxes v0.6.1
  [a09fc81d] ImageCore v0.8.5
  [51556ac3] ImageDistances v0.2.4
  [6a3955dd] ImageFiltering v0.6.5
  [6218d12a] ImageMagick v0.7.5
  [bc367c6b] ImageMetadata v0.7.2
  [787d08f9] ImageMorphology v0.2.4
  [4e3cecfd] ImageShow v0.2.0
  [02fcd773] ImageTransformations v0.8.0
  [916415d5] Images v0.18.0
  [9b13fd28] IndirectArrays v0.5.0
  [83e8ac13] IniFile v0.5.0
  [a98d9a8b] Interpolations v0.12.5
  [8197267c] IntervalSets v0.3.2
  [c8e1da08] IterTools v1.3.0
  [42fd0dbc] IterativeSolvers v0.8.1
  [682c06a0] JSON v0.21.0
  [5c8ed15e] LinearOperators v0.6.0
  [371237a9] MPIFiles v0.8.0
  [e4246700] MPIReco v0.1.1
  [1914dd2f] MacroTools v0.5.2
  [dbb5928d] MappedArrays v0.2.2
  [739be429] MbedTLS v0.6.8
  [e1d29d7a] Missings v0.4.3
  [77ba4419] NaNMath v0.3.3
  [6fe1bfb0] OffsetArrays v0.11.1
  [bac558e1] OrderedCollections v1.1.0
  [5432bcbf] PaddedViews v0.4.2
  [d96e819e] Parameters v0.12.0
  [69de0a69] Parsers v0.3.10
  [f27b6e38] Polynomials v0.6.0
  [27ebfcd6] Primes v0.4.0
  [92933f4c] ProgressMeter v1.2.0
  [dca85d43] QuartzImageIO v0.6.0
  [b3c3ace0] RangeArrays v0.3.1
  [c84ed2f1] Ratios v0.3.1
  [3cdcf5f2] RecipesBase v0.7.0
  [189a3867] Reexport v0.2.0
  [1e9c538a] RegularizedLeastSquares v0.5.0
  [ae029012] Requires v0.5.2
  [6038ab10] Rotations v0.12.0
  [699a6c99] SimpleTraits v0.9.1
  [a2af1166] SortingAlgorithms v0.3.1
  [a5ff1dd3] SparsityOperators v0.1.4
  [276daf66] SpecialFunctions v0.8.0
  [90137ffa] StaticArrays v0.12.1
  [2913bbd2] StatsBase v0.32.0
  [06e1c1a7] TiledIteration v0.2.3
  [30578b45] URIParser v0.4.0
  [1986cc42] Unitful v0.17.0
  [81def892] VersionParsing v1.1.3
  [29a6e085] Wavelets v0.9.0
  [efce3f68] WoodburyMatrices v0.4.1
  [2a0f44e3] Base64  [`@stdlib/Base64`]
  [ade2ca70] Dates  [`@stdlib/Dates`]
  [8bb1440f] DelimitedFiles  [`@stdlib/DelimitedFiles`]
  [8ba89e20] Distributed  [`@stdlib/Distributed`]
  [b77e0a4c] InteractiveUtils  [`@stdlib/InteractiveUtils`]
  [76f85450] LibGit2  [`@stdlib/LibGit2`]
  [8f399da3] Libdl  [`@stdlib/Libdl`]
  [37e2e46d] LinearAlgebra  [`@stdlib/LinearAlgebra`]
  [56ddb016] Logging  [`@stdlib/Logging`]
  [d6f4376e] Markdown  [`@stdlib/Markdown`]
  [a63ad114] Mmap  [`@stdlib/Mmap`]
  [44cfe95a] Pkg  [`@stdlib/Pkg`]
  [de0858da] Printf  [`@stdlib/Printf`]
  [3fa0cd96] REPL  [`@stdlib/REPL`]
  [9a3f8284] Random  [`@stdlib/Random`]
  [ea8e919c] SHA  [`@stdlib/SHA`]
  [9e88b42a] Serialization  [`@stdlib/Serialization`]
  [1a1011a3] SharedArrays  [`@stdlib/SharedArrays`]
  [6462fe0b] Sockets  [`@stdlib/Sockets`]
  [2f01184e] SparseArrays  [`@stdlib/SparseArrays`]
  [10745b16] Statistics  [`@stdlib/Statistics`]
  [8dfed614] Test  [`@stdlib/Test`]
  [cf7118a7] UUIDs  [`@stdlib/UUIDs`]
  [4ec0a83e] Unicode  [`@stdlib/Unicode`]
Archive:  data.zip
   creating: SF_MG_G1/
  inflating: SF_MG_G1/AdjStatePerScan  
  inflating: SF_MG_G1/acqp           
  inflating: SF_MG_G1/configscan     
  inflating: SF_MG_G1/method         
  inflating: SF_MG_G1/mpi.par        
   creating: SF_MG_G1/pdata/
   creating: SF_MG_G1/pdata/1/
  inflating: SF_MG_G1/pdata/1/2dseq  
  inflating: SF_MG_G1/pdata/1/background  
  inflating: SF_MG_G1/pdata/1/backgroundReference  
  inflating: SF_MG_G1/pdata/1/backgroundVariance  
  inflating: SF_MG_G1/pdata/1/id     
  inflating: SF_MG_G1/pdata/1/methreco  
  inflating: SF_MG_G1/pdata/1/reco   
  inflating: SF_MG_G1/pdata/1/snr    
  inflating: SF_MG_G1/pdata/1/systemMatrix  
  inflating: SF_MG_G1/pdata/1/systemMatrixBG  
  inflating: SF_MG_G1/pdata/1/visu_pars  
  inflating: SF_MG_G1/pulseprogram   
  inflating: SF_MG_G1/specpar        
  inflating: SF_MG_G1/uxnmr.info     
  inflating: SF_MG_G1/uxnmr.par      
  inflating: SF_MG_G1/visu_pars      
   creating: SF_MG_G2/
  inflating: SF_MG_G2/AdjStatePerScan  
  inflating: SF_MG_G2/acqp           
  inflating: SF_MG_G2/configscan     
  inflating: SF_MG_G2/method         
  inflating: SF_MG_G2/mpi.par        
   creating: SF_MG_G2/pdata/
   creating: SF_MG_G2/pdata/1/
  inflating: SF_MG_G2/pdata/1/2dseq  
  inflating: SF_MG_G2/pdata/1/background  
  inflating: SF_MG_G2/pdata/1/backgroundReference  
  inflating: SF_MG_G2/pdata/1/backgroundVariance  
  inflating: SF_MG_G2/pdata/1/id     
  inflating: SF_MG_G2/pdata/1/methreco  
  inflating: SF_MG_G2/pdata/1/reco   
  inflating: SF_MG_G2/pdata/1/snr    
  inflating: SF_MG_G2/pdata/1/systemMatrix  
  inflating: SF_MG_G2/pdata/1/systemMatrixBG  
  inflating: SF_MG_G2/pdata/1/visu_pars  
  inflating: SF_MG_G2/pulseprogram   
  inflating: SF_MG_G2/specpar        
  inflating: SF_MG_G2/uxnmr.info     
  inflating: SF_MG_G2/uxnmr.par      
  inflating: SF_MG_G2/visu_pars      
   creating: SF_MP/
  inflating: SF_MP/.DS_Store         
  inflating: SF_MP/AdjStatePerScan   
  inflating: SF_MP/acqp              
  inflating: SF_MP/configscan        
  inflating: SF_MP/method            
   creating: SF_MP/pdata/
  inflating: SF_MP/pdata/.DS_Store   
   creating: SF_MP/pdata/1/
  inflating: SF_MP/pdata/1/.DS_Store  
  inflating: SF_MP/pdata/1/2dseq     
  inflating: SF_MP/pdata/1/background  
  inflating: SF_MP/pdata/1/backgroundReference  
  inflating: SF_MP/pdata/1/backgroundVariance  
  inflating: SF_MP/pdata/1/id        
  inflating: SF_MP/pdata/1/methreco  
  inflating: SF_MP/pdata/1/procs     
  inflating: SF_MP/pdata/1/reco      
  inflating: SF_MP/pdata/1/snr       
  inflating: SF_MP/pdata/1/systemMatrix  
  inflating: SF_MP/pdata/1/systemMatrixBG  
  inflating: SF_MP/pdata/1/visu_pars  
  inflating: SF_MP/pulseprogram      
  inflating: SF_MP/specpar           
  inflating: SF_MP/uxnmr.info        
  inflating: SF_MP/uxnmr.par         
  inflating: SF_MP/visu_pars         
   creating: SF_MP01/
  inflating: SF_MP01/.DS_Store       
  inflating: SF_MP01/AdjStatePerScan  
  inflating: SF_MP01/acqp            
  inflating: SF_MP01/configscan      
  inflating: SF_MP01/method          
   creating: SF_MP01/pdata/
  inflating: SF_MP01/pdata/.DS_Store  
   creating: SF_MP01/pdata/1/
  inflating: SF_MP01/pdata/1/.DS_Store  
  inflating: SF_MP01/pdata/1/2dseq   
  inflating: SF_MP01/pdata/1/background  
  inflating: SF_MP01/pdata/1/backgroundReference  
  inflating: SF_MP01/pdata/1/backgroundVariance  
  inflating: SF_MP01/pdata/1/id      
  inflating: SF_MP01/pdata/1/methreco  
  inflating: SF_MP01/pdata/1/procs   
  inflating: SF_MP01/pdata/1/reco    
  inflating: SF_MP01/pdata/1/snr     
  inflating: SF_MP01/pdata/1/systemMatrix  
  inflating: SF_MP01/pdata/1/systemMatrixBG  
  inflating: SF_MP01/pdata/1/visu_pars  
  inflating: SF_MP01/pulseprogram    
  inflating: SF_MP01/specpar         
  inflating: SF_MP01/uxnmr.info      
  inflating: SF_MP01/uxnmr.par       
  inflating: SF_MP01/visu_pars       
   creating: SF_MP02/
  inflating: SF_MP02/.DS_Store       
  inflating: SF_MP02/AdjStatePerScan  
  inflating: SF_MP02/acqp            
  inflating: SF_MP02/configscan      
  inflating: SF_MP02/method          
   creating: SF_MP02/pdata/
  inflating: SF_MP02/pdata/.DS_Store  
   creating: SF_MP02/pdata/1/
  inflating: SF_MP02/pdata/1/2dseq   
  inflating: SF_MP02/pdata/1/background  
  inflating: SF_MP02/pdata/1/backgroundReference  
  inflating: SF_MP02/pdata/1/backgroundVariance  
  inflating: SF_MP02/pdata/1/id      
  inflating: SF_MP02/pdata/1/methreco  
  inflating: SF_MP02/pdata/1/procs   
  inflating: SF_MP02/pdata/1/reco    
  inflating: SF_MP02/pdata/1/snr     
  inflating: SF_MP02/pdata/1/systemMatrix  
  inflating: SF_MP02/pdata/1/systemMatrixBG  
  inflating: SF_MP02/pdata/1/visu_pars  
  inflating: SF_MP02/pulseprogram    
  inflating: SF_MP02/specpar         
  inflating: SF_MP02/uxnmr.info      
  inflating: SF_MP02/uxnmr.par       
  inflating: SF_MP02/visu_pars       
   creating: SF_MP03/
  inflating: SF_MP03/.DS_Store       
  inflating: SF_MP03/AdjStatePerScan  
  inflating: SF_MP03/acqp            
  inflating: SF_MP03/configscan      
  inflating: SF_MP03/method          
   creating: SF_MP03/pdata/
  inflating: SF_MP03/pdata/.DS_Store  
   creating: SF_MP03/pdata/1/
  inflating: SF_MP03/pdata/1/.DS_Store  
  inflating: SF_MP03/pdata/1/2dseq   
  inflating: SF_MP03/pdata/1/background  
  inflating: SF_MP03/pdata/1/backgroundReference  
  inflating: SF_MP03/pdata/1/backgroundVariance  
  inflating: SF_MP03/pdata/1/id      
  inflating: SF_MP03/pdata/1/methreco  
  inflating: SF_MP03/pdata/1/procs   
  inflating: SF_MP03/pdata/1/reco    
  inflating: SF_MP03/pdata/1/snr     
  inflating: SF_MP03/pdata/1/systemMatrix  
  inflating: SF_MP03/pdata/1/systemMatrixBG  
  inflating: SF_MP03/pdata/1/visu_pars  
  inflating: SF_MP03/pulseprogram    
  inflating: SF_MP03/specpar         
  inflating: SF_MP03/uxnmr.info      
  inflating: SF_MP03/uxnmr.par       
  inflating: SF_MP03/visu_pars       
   creating: SF_MP04/
  inflating: SF_MP04/.DS_Store       
  inflating: SF_MP04/AdjStatePerScan  
  inflating: SF_MP04/acqp            
  inflating: SF_MP04/configscan      
  inflating: SF_MP04/method          
   creating: SF_MP04/pdata/
  inflating: SF_MP04/pdata/.DS_Store  
   creating: SF_MP04/pdata/1/
  inflating: SF_MP04/pdata/1/2dseq   
  inflating: SF_MP04/pdata/1/background  
  inflating: SF_MP04/pdata/1/backgroundReference  
  inflating: SF_MP04/pdata/1/backgroundVariance  
  inflating: SF_MP04/pdata/1/id      
  inflating: SF_MP04/pdata/1/methreco  
  inflating: SF_MP04/pdata/1/procs   
  inflating: SF_MP04/pdata/1/reco    
  inflating: SF_MP04/pdata/1/snr     
  inflating: SF_MP04/pdata/1/systemMatrix  
  inflating: SF_MP04/pdata/1/systemMatrixBG  
  inflating: SF_MP04/pdata/1/visu_pars  
  inflating: SF_MP04/pulseprogram    
  inflating: SF_MP04/specpar         
  inflating: SF_MP04/uxnmr.info      
  inflating: SF_MP04/uxnmr.par       
  inflating: SF_MP04/visu_pars       
   creating: dataMG_G1/
  inflating: dataMG_G1/acqp          
  inflating: dataMG_G1/configscan    
  inflating: dataMG_G1/method        
  inflating: dataMG_G1/mpi.par       
   creating: dataMG_G1/pdata/
   creating: dataMG_G1/pdata/1/
  inflating: dataMG_G1/pdata/1/id    
  inflating: dataMG_G1/pdata/1/methreco  
  inflating: dataMG_G1/pdata/1/reco  
  inflating: dataMG_G1/pulseprogram  
  inflating: dataMG_G1/rawdata.job0  
  inflating: dataMG_G1/rawdata.job2  
  inflating: dataMG_G1/rawdata.job3  
  inflating: dataMG_G1/specpar       
  inflating: dataMG_G1/uxnmr.info    
  inflating: dataMG_G1/uxnmr.par     
  inflating: dataMG_G1/visu_pars     
   creating: dataMG_G2_01/
  inflating: dataMG_G2_01/acqp       
  inflating: dataMG_G2_01/configscan  
  inflating: dataMG_G2_01/method     
  inflating: dataMG_G2_01/mpi.par    
   creating: dataMG_G2_01/pdata/
   creating: dataMG_G2_01/pdata/1/
  inflating: dataMG_G2_01/pdata/1/id  
  inflating: dataMG_G2_01/pdata/1/methreco  
  inflating: dataMG_G2_01/pdata/1/reco  
  inflating: dataMG_G2_01/pulseprogram  
  inflating: dataMG_G2_01/rawdata.job0  
  inflating: dataMG_G2_01/rawdata.job2  
  inflating: dataMG_G2_01/rawdata.job3  
  inflating: dataMG_G2_01/specpar    
  inflating: dataMG_G2_01/uxnmr.info  
  inflating: dataMG_G2_01/uxnmr.par  
  inflating: dataMG_G2_01/visu_pars  
   creating: dataMG_G2_02/
  inflating: dataMG_G2_02/acqp       
  inflating: dataMG_G2_02/configscan  
  inflating: dataMG_G2_02/method     
  inflating: dataMG_G2_02/mpi.par    
   creating: dataMG_G2_02/pdata/
   creating: dataMG_G2_02/pdata/1/
  inflating: dataMG_G2_02/pdata/1/id  
  inflating: dataMG_G2_02/pdata/1/methreco  
  inflating: dataMG_G2_02/pdata/1/reco  
  inflating: dataMG_G2_02/pulseprogram  
  inflating: dataMG_G2_02/rawdata.job0  
  inflating: dataMG_G2_02/rawdata.job2  
  inflating: dataMG_G2_02/rawdata.job3  
  inflating: dataMG_G2_02/specpar    
  inflating: dataMG_G2_02/uxnmr.info  
  inflating: dataMG_G2_02/uxnmr.par  
  inflating: dataMG_G2_02/visu_pars  
   creating: dataMG_G2_03/
  inflating: dataMG_G2_03/acqp       
  inflating: dataMG_G2_03/configscan  
  inflating: dataMG_G2_03/method     
  inflating: dataMG_G2_03/mpi.par    
   creating: dataMG_G2_03/pdata/
   creating: dataMG_G2_03/pdata/1/
  inflating: dataMG_G2_03/pdata/1/id  
  inflating: dataMG_G2_03/pdata/1/methreco  
  inflating: dataMG_G2_03/pdata/1/reco  
  inflating: dataMG_G2_03/pulseprogram  
  inflating: dataMG_G2_03/rawdata.job0  
  inflating: dataMG_G2_03/rawdata.job2  
  inflating: dataMG_G2_03/rawdata.job3  
  inflating: dataMG_G2_03/specpar    
  inflating: dataMG_G2_03/uxnmr.info  
  inflating: dataMG_G2_03/uxnmr.par  
  inflating: dataMG_G2_03/visu_pars  
   creating: dataMP01/
  inflating: dataMP01/acqp           
  inflating: dataMP01/configscan     
  inflating: dataMP01/method         
   creating: dataMP01/pdata/
   creating: dataMP01/pdata/1/
  inflating: dataMP01/pdata/1/2dseq  
  inflating: dataMP01/pdata/1/id     
  inflating: dataMP01/pdata/1/methreco  
  inflating: dataMP01/pdata/1/procs  
  inflating: dataMP01/pdata/1/reco   
  inflating: dataMP01/pdata/1/visu_pars  
  inflating: dataMP01/pulseprogram   
  inflating: dataMP01/rawdata.job0   
  inflating: dataMP01/rawdata.job2   
  inflating: dataMP01/rawdata.job3   
  inflating: dataMP01/specpar        
  inflating: dataMP01/uxnmr.info     
  inflating: dataMP01/uxnmr.par      
  inflating: dataMP01/visu_pars      
   creating: dataMP02/
  inflating: dataMP02/acqp           
  inflating: dataMP02/configscan     
  inflating: dataMP02/method         
   creating: dataMP02/pdata/
   creating: dataMP02/pdata/1/
  inflating: dataMP02/pdata/1/2dseq  
  inflating: dataMP02/pdata/1/id     
  inflating: dataMP02/pdata/1/methreco  
  inflating: dataMP02/pdata/1/procs  
  inflating: dataMP02/pdata/1/reco   
  inflating: dataMP02/pdata/1/visu_pars  
  inflating: dataMP02/pulseprogram   
  inflating: dataMP02/rawdata.job0   
  inflating: dataMP02/rawdata.job2   
  inflating: dataMP02/rawdata.job3   
  inflating: dataMP02/specpar        
  inflating: dataMP02/uxnmr.info     
  inflating: dataMP02/uxnmr.par      
  inflating: dataMP02/visu_pars      
   creating: dataMP03/
  inflating: dataMP03/acqp           
  inflating: dataMP03/configscan     
  inflating: dataMP03/method         
   creating: dataMP03/pdata/
   creating: dataMP03/pdata/1/
  inflating: dataMP03/pdata/1/2dseq  
  inflating: dataMP03/pdata/1/id     
  inflating: dataMP03/pdata/1/methreco  
  inflating: dataMP03/pdata/1/procs  
  inflating: dataMP03/pdata/1/reco   
  inflating: dataMP03/pdata/1/visu_pars  
  inflating: dataMP03/pulseprogram   
  inflating: dataMP03/rawdata.job0   
  inflating: dataMP03/rawdata.job2   
  inflating: dataMP03/rawdata.job3   
  inflating: dataMP03/specpar        
  inflating: dataMP03/uxnmr.info     
  inflating: dataMP03/uxnmr.par      
  inflating: dataMP03/visu_pars      
   creating: dataMP04/
  inflating: dataMP04/acqp           
  inflating: dataMP04/configscan     
  inflating: dataMP04/method         
   creating: dataMP04/pdata/
   creating: dataMP04/pdata/1/
  inflating: dataMP04/pdata/1/2dseq  
  inflating: dataMP04/pdata/1/id     
  inflating: dataMP04/pdata/1/methreco  
  inflating: dataMP04/pdata/1/procs  
  inflating: dataMP04/pdata/1/reco   
  inflating: dataMP04/pdata/1/visu_pars  
  inflating: dataMP04/pulseprogram   
  inflating: dataMP04/rawdata.job0   
  inflating: dataMP04/rawdata.job2   
  inflating: dataMP04/rawdata.job3   
  inflating: dataMP04/specpar        
  inflating: dataMP04/uxnmr.info     
  inflating: dataMP04/uxnmr.par      
  inflating: dataMP04/visu_pars      
WARNING: Method definition _bcs1(Any, Any) in module Broadcast at broadcast.jl:439 overwritten in module ImageFiltering at /root/.julia/packages/ImageFiltering/y5YkM/src/ImageFiltering.jl:28.
WARNING: Method definition _bcs1(Any, Any) in module Broadcast at broadcast.jl:439 overwritten in module ImageFiltering at /root/.julia/packages/ImageFiltering/y5YkM/src/ImageFiltering.jl:28.
WARNING: Method definition _bcs1(Any, Any) in module Broadcast at broadcast.jl:439 overwritten in module ImageFiltering at /root/.julia/packages/ImageFiltering/y5YkM/src/ImageFiltering.jl:28.
WARNING: Method definition _bcs1(Any, Any) in module Broadcast at broadcast.jl:439 overwritten in module ImageFiltering at /root/.julia/packages/ImageFiltering/y5YkM/src/ImageFiltering.jl:28.
WARNING: both RegularizedLeastSquares and MPIFiles export "shape"; uses of it in module MPIReco must be qualified
single- and multi-channel in-memory reconstruction: Error During Test at /root/.julia/packages/MPIReco/1SGoJ/test/Reconstruction.jl:3
  Got exception outside of a @test
  UndefVarError: shape not defined
  Stacktrace:
   [1] #reconstruction#45(::Int64, ::Nothing, ::Nothing, ::Int64, ::Int64, ::Int64, ::Nothing, ::Bool, ::Int64, ::Bool, ::Int64, ::Int64, ::String, ::Bool, ::Bool, ::Int64, ::Bool, ::Float64, ::Array{Float64,1}, ::Base.Iterators.Pairs{Symbol,Int64,Tuple{Symbol},NamedTuple{(:iterations,),Tuple{Int64}}}, ::typeof(reconstruction), ::Transpose{Complex{Float32},Array{Complex{Float32},2}}, ::BrukerFileCalib, ::BrukerFileMeas, ::Array{Int64,1}, ::RegularGridPositions{Float64}) at /root/.julia/packages/MPIReco/1SGoJ/src/Reconstruction.jl:180
   [2] (::getfield(MPIReco, Symbol("#kw##reconstruction")))(::NamedTuple{(:emptyMeas, :bgFrames, :sparseTrafo, :loadasreal, :solver, :bgCorrectionInternal, :fgFrames, :frames, :iterations, :spectralLeakageCorrection),Tuple{Nothing,Int64,Nothing,Bool,String,Bool,Int64,Int64,Int64,Bool}}, ::typeof(reconstruction), ::Transpose{Complex{Float32},Array{Complex{Float32},2}}, ::BrukerFileCalib, ::BrukerFileMeas, ::Array{Int64,1}, ::RegularGridPositions{Float64}) at ./none:0
   [3] #reconstruction#44(::Nothing, ::Nothing, ::Int64, ::Int64, ::Float64, ::Float64, ::Bool, ::String, ::Nothing, ::Bool, ::Array{Int64,1}, ::Array{Float64,1}, ::Array{Float64,1}, ::Bool, ::Array{Int64,1}, ::Bool, ::Base.Iterators.Pairs{Symbol,Integer,NTuple{4,Symbol},NamedTuple{(:fgFrames, :frames, :iterations, :spectralLeakageCorrection),Tuple{Int64,Int64,Int64,Bool}}}, ::typeof(reconstruction), ::BrukerFileCalib, ::BrukerFileMeas, ::Array{Int64,1}) at /root/.julia/packages/MPIReco/1SGoJ/src/Reconstruction.jl:141
   [4] (::getfield(MPIReco, Symbol("#kw##reconstruction")))(::NamedTuple{(:emptyMeas, :bgFrames, :fgFrames, :frames, :iterations, :spectralLeakageCorrection),Tuple{Nothing,Int64,Int64,Int64,Int64,Bool}}, ::typeof(reconstruction), ::BrukerFileCalib, ::BrukerFileMeas, ::Array{Int64,1}) at ./none:0
   [5] #reconstructionSinglePatch#43(::Float64, ::Float64, ::Int64, ::Int64, ::Int64, ::Bool, ::UnitRange{Int64}, ::Nothing, ::Nothing, ::Int64, ::Int64, ::Int64, ::Int64, ::Base.Iterators.Pairs{Symbol,Integer,Tuple{Symbol,Symbol,Symbol},NamedTuple{(:frames, :iterations, :spectralLeakageCorrection),Tuple{Int64,Int64,Bool}}}, ::typeof(MPIReco.reconstructionSinglePatch), ::BrukerFileCalib, ::BrukerFileMeas) at /root/.julia/packages/MPIReco/1SGoJ/src/Reconstruction.jl:115
   [6] (::getfield(MPIReco, Symbol("#kw##reconstruction")))(::NamedTuple{(:SNRThresh, :frames, :minFreq, :recChannels, :iterations, :spectralLeakageCorrection),Tuple{Int64,Int64,Float64,UnitRange{Int64},Int64,Bool}}, ::typeof(reconstruction), ::BrukerFileCalib, ::BrukerFileMeas) at ./none:0
   [7] macro expansion at /root/.julia/packages/MPIReco/1SGoJ/test/Reconstruction.jl:14 [inlined]
   [8] macro expansion at /buildworker/worker/package_linux64/build/usr/share/julia/stdlib/v1.0/Test/src/Test.jl:1083 [inlined]
   [9] top-level scope at /root/.julia/packages/MPIReco/1SGoJ/test/Reconstruction.jl:4
   [10] include at ./boot.jl:317 [inlined]
   [11] include_relative(::Module, ::String) at ./loading.jl:1044
   [12] include(::Module, ::String) at ./sysimg.jl:29
   [13] include(::String) at ./client.jl:392
   [14] top-level scope at none:0
   [15] include at ./boot.jl:317 [inlined]
   [16] include_relative(::Module, ::String) at ./loading.jl:1044
   [17] include(::Module, ::String) at ./sysimg.jl:29
   [18] include(::String) at ./client.jl:392
   [19] top-level scope at none:0
   [20] eval(::Module, ::Any) at ./boot.jl:319
   [21] exec_options(::Base.JLOptions) at ./client.jl:243
   [22] _start() at ./client.jl:425
Test Summary:                                      | Error  Total
single- and multi-channel in-memory reconstruction |     1      1
ERROR: LoadError: LoadError: Some tests did not pass: 0 passed, 0 failed, 1 errored, 0 broken.
in expression starting at /root/.julia/packages/MPIReco/1SGoJ/test/Reconstruction.jl:3
in expression starting at /root/.julia/packages/MPIReco/1SGoJ/test/runtests.jl:41
ERROR: Package MPIReco errored during testing
Stacktrace:
 [1] pkgerror(::String, ::Vararg{String,N} where N) at /buildworker/worker/package_linux64/build/usr/share/julia/stdlib/v1.0/Pkg/src/Types.jl:120
 [2] #test#65(::Bool, ::Function, ::Pkg.Types.Context, ::Array{Pkg.Types.PackageSpec,1}) at /buildworker/worker/package_linux64/build/usr/share/julia/stdlib/v1.0/Pkg/src/Operations.jl:1357
 [3] #test at /buildworker/worker/package_linux64/build/usr/share/julia/stdlib/v1.0/Pkg/src/API.jl:0 [inlined]
 [4] #test#44(::Bool, ::Base.Iterators.Pairs{Union{},Union{},Tuple{},NamedTuple{(),Tuple{}}}, ::Function, ::Pkg.Types.Context, ::Array{Pkg.Types.PackageSpec,1}) at /buildworker/worker/package_linux64/build/usr/share/julia/stdlib/v1.0/Pkg/src/API.jl:278
 [5] test at /buildworker/worker/package_linux64/build/usr/share/julia/stdlib/v1.0/Pkg/src/API.jl:263 [inlined]
 [6] #test#43 at /buildworker/worker/package_linux64/build/usr/share/julia/stdlib/v1.0/Pkg/src/API.jl:260 [inlined]
 [7] test at /buildworker/worker/package_linux64/build/usr/share/julia/stdlib/v1.0/Pkg/src/API.jl:260 [inlined]
 [8] #test#42 at /buildworker/worker/package_linux64/build/usr/share/julia/stdlib/v1.0/Pkg/src/API.jl:259 [inlined]
 [9] test at /buildworker/worker/package_linux64/build/usr/share/julia/stdlib/v1.0/Pkg/src/API.jl:259 [inlined]
 [10] #test#41 at /buildworker/worker/package_linux64/build/usr/share/julia/stdlib/v1.0/Pkg/src/API.jl:258 [inlined]
 [11] test(::String) at /buildworker/worker/package_linux64/build/usr/share/julia/stdlib/v1.0/Pkg/src/API.jl:258
 [12] top-level scope at none:0
