 Resolving package versions...
 Installed CDCS ─────────────── v0.1.0
 Installed MATLAB ───────────── v0.7.3
 Installed Parsers ──────────── v0.3.10
 Installed OrderedCollections ─ v1.1.0
 Installed BenchmarkTools ───── v0.4.3
 Installed JSON ─────────────── v0.21.0
 Installed MathOptInterface ─── v0.9.7
  Updating `~/.julia/environments/v1.2/Project.toml`
  [4fe2ecd4] + CDCS v0.1.0
  Updating `~/.julia/environments/v1.2/Manifest.toml`
  [6e4b80f9] + BenchmarkTools v0.4.3
  [4fe2ecd4] + CDCS v0.1.0
  [682c06a0] + JSON v0.21.0
  [10e44e05] + MATLAB v0.7.3
  [b8f27783] + MathOptInterface v0.9.7
  [bac558e1] + OrderedCollections v1.1.0
  [69de0a69] + Parsers v0.3.10
  [2a0f44e3] + Base64 
  [ade2ca70] + Dates 
  [8ba89e20] + Distributed 
  [b77e0a4c] + InteractiveUtils 
  [8f399da3] + Libdl 
  [37e2e46d] + LinearAlgebra 
  [56ddb016] + Logging 
  [d6f4376e] + Markdown 
  [a63ad114] + Mmap 
  [de0858da] + Printf 
  [9a3f8284] + Random 
  [9e88b42a] + Serialization 
  [6462fe0b] + Sockets 
  [2f01184e] + SparseArrays 
  [10745b16] + Statistics 
  [8dfed614] + Test 
  [4ec0a83e] + Unicode 
   Testing CDCS
 Resolving package versions...
    Status `/tmp/jl_HCgTLa/Manifest.toml`
  [6e4b80f9] BenchmarkTools v0.4.3
  [4fe2ecd4] CDCS v0.1.0
  [682c06a0] JSON v0.21.0
  [10e44e05] MATLAB v0.7.3
  [b8f27783] MathOptInterface v0.9.7
  [bac558e1] OrderedCollections v1.1.0
  [69de0a69] Parsers v0.3.10
  [2a0f44e3] Base64  [`@stdlib/Base64`]
  [ade2ca70] Dates  [`@stdlib/Dates`]
  [8ba89e20] Distributed  [`@stdlib/Distributed`]
  [b77e0a4c] InteractiveUtils  [`@stdlib/InteractiveUtils`]
  [8f399da3] Libdl  [`@stdlib/Libdl`]
  [37e2e46d] LinearAlgebra  [`@stdlib/LinearAlgebra`]
  [56ddb016] Logging  [`@stdlib/Logging`]
  [d6f4376e] Markdown  [`@stdlib/Markdown`]
  [a63ad114] Mmap  [`@stdlib/Mmap`]
  [de0858da] Printf  [`@stdlib/Printf`]
  [9a3f8284] Random  [`@stdlib/Random`]
  [9e88b42a] Serialization  [`@stdlib/Serialization`]
  [6462fe0b] Sockets  [`@stdlib/Sockets`]
  [2f01184e] SparseArrays  [`@stdlib/SparseArrays`]
  [10745b16] Statistics  [`@stdlib/Statistics`]
  [8dfed614] Test  [`@stdlib/Test`]
  [4ec0a83e] Unicode  [`@stdlib/Unicode`]
ERROR: LoadError: InitError: failed process: Process(`which matlab`, ProcessExited(1)) [1]

Stacktrace:
 [1] pipeline_error at ./process.jl:813 [inlined]
 [2] read(::Cmd) at ./process.jl:700
 [3] read(::Cmd, ::Type{String}) at ./process.jl:709
 [4] matlab_homepath() at /root/.julia/packages/MATLAB/cVrxc/src/mxbase.jl:8
 [5] matlab_libpath at /root/.julia/packages/MATLAB/cVrxc/src/mxbase.jl:37 [inlined]
 [6] __init__() at /root/.julia/packages/MATLAB/cVrxc/src/MATLAB.jl:72
 [7] _include_from_serialized(::String, ::Array{Any,1}) at ./loading.jl:685
 [8] _require_from_serialized(::String) at ./loading.jl:736
 [9] _require(::Base.PkgId) at ./loading.jl:1023
 [10] require(::Base.PkgId) at ./loading.jl:911
 [11] require(::Module, ::Symbol) at ./loading.jl:906
 [12] include at ./boot.jl:328 [inlined]
 [13] include_relative(::Module, ::String) at ./loading.jl:1094
 [14] include(::Module, ::String) at ./Base.jl:31
 [15] top-level scope at none:2
 [16] eval at ./boot.jl:330 [inlined]
 [17] eval(::Expr) at ./client.jl:432
 [18] top-level scope at ./none:3
during initialization of module MATLAB
in expression starting at /root/.julia/packages/CDCS/ZyXck/src/CDCS.jl:4
ERROR: LoadError: LoadError: Failed to precompile CDCS [4fe2ecd4-b952-581a-b4b6-a532675a646e] to /root/.julia/compiled/v1.2/CDCS/SW3LU.ji.
Stacktrace:
 [1] error(::String) at ./error.jl:33
 [2] compilecache(::Base.PkgId, ::String) at ./loading.jl:1253
 [3] _require(::Base.PkgId) at ./loading.jl:1013
 [4] require(::Base.PkgId) at ./loading.jl:911
 [5] require(::Module, ::Symbol) at ./loading.jl:906
 [6] include at ./boot.jl:328 [inlined]
 [7] include_relative(::Module, ::String) at ./loading.jl:1094
 [8] include(::Module, ::String) at ./Base.jl:31
 [9] include(::String) at ./client.jl:431
 [10] top-level scope at /root/.julia/packages/CDCS/ZyXck/test/runtests.jl:1
 [11] include at ./boot.jl:328 [inlined]
 [12] include_relative(::Module, ::String) at ./loading.jl:1094
 [13] include(::Module, ::String) at ./Base.jl:31
 [14] include(::String) at ./client.jl:431
 [15] top-level scope at none:5
in expression starting at /root/.julia/packages/CDCS/ZyXck/test/lp.jl:2
in expression starting at /root/.julia/packages/CDCS/ZyXck/test/runtests.jl:1
ERROR: Package CDCS errored during testing
Stacktrace:
 [1] pkgerror(::String, ::Vararg{String,N} where N) at /buildworker/worker/package_linux64/build/usr/share/julia/stdlib/v1.2/Pkg/src/Types.jl:112
 [2] #test#119(::Bool, ::Nothing, ::typeof(Pkg.Operations.test), ::Pkg.Types.Context, ::Array{Pkg.Types.PackageSpec,1}) at /buildworker/worker/package_linux64/build/usr/share/julia/stdlib/v1.2/Pkg/src/Operations.jl:1288
 [3] #test at ./none:0 [inlined]
 [4] #test#62(::Bool, ::Nothing, ::Base.Iterators.Pairs{Union{},Union{},Tuple{},NamedTuple{(),Tuple{}}}, ::typeof(Pkg.API.test), ::Pkg.Types.Context, ::Array{Pkg.Types.PackageSpec,1}) at /buildworker/worker/package_linux64/build/usr/share/julia/stdlib/v1.2/Pkg/src/API.jl:245
 [5] test at /buildworker/worker/package_linux64/build/usr/share/julia/stdlib/v1.2/Pkg/src/API.jl:233 [inlined]
 [6] #test#61 at /buildworker/worker/package_linux64/build/usr/share/julia/stdlib/v1.2/Pkg/src/API.jl:230 [inlined]
 [7] test at /buildworker/worker/package_linux64/build/usr/share/julia/stdlib/v1.2/Pkg/src/API.jl:230 [inlined]
 [8] #test#60 at /buildworker/worker/package_linux64/build/usr/share/julia/stdlib/v1.2/Pkg/src/API.jl:229 [inlined]
 [9] test at /buildworker/worker/package_linux64/build/usr/share/julia/stdlib/v1.2/Pkg/src/API.jl:229 [inlined]
 [10] #test#59(::Base.Iterators.Pairs{Union{},Union{},Tuple{},NamedTuple{(),Tuple{}}}, ::typeof(Pkg.API.test), ::String) at /buildworker/worker/package_linux64/build/usr/share/julia/stdlib/v1.2/Pkg/src/API.jl:228
 [11] test(::String) at /buildworker/worker/package_linux64/build/usr/share/julia/stdlib/v1.2/Pkg/src/API.jl:228
 [12] top-level scope at none:10
