 Resolving package versions...
 Installed URIParser ─ v0.4.0
 Installed CMPFit ──── v0.2.1
 Installed Compat ──── v2.2.0
 Installed BinDeps ─── v0.8.10
  Updating `~/.julia/environments/v1.2/Project.toml`
  [a5944310] + CMPFit v0.2.1
  Updating `~/.julia/environments/v1.2/Manifest.toml`
  [9e28174c] + BinDeps v0.8.10
  [a5944310] + CMPFit v0.2.1
  [34da2185] + Compat v2.2.0
  [30578b45] + URIParser v0.4.0
  [2a0f44e3] + Base64 
  [ade2ca70] + Dates 
  [8bb1440f] + DelimitedFiles 
  [8ba89e20] + Distributed 
  [b77e0a4c] + InteractiveUtils 
  [76f85450] + LibGit2 
  [8f399da3] + Libdl 
  [37e2e46d] + LinearAlgebra 
  [56ddb016] + Logging 
  [d6f4376e] + Markdown 
  [a63ad114] + Mmap 
  [44cfe95a] + Pkg 
  [de0858da] + Printf 
  [3fa0cd96] + REPL 
  [9a3f8284] + Random 
  [ea8e919c] + SHA 
  [9e88b42a] + Serialization 
  [1a1011a3] + SharedArrays 
  [6462fe0b] + Sockets 
  [2f01184e] + SparseArrays 
  [10745b16] + Statistics 
  [8dfed614] + Test 
  [cf7118a7] + UUIDs 
  [4ec0a83e] + Unicode 
  Building CMPFit → `~/.julia/packages/CMPFit/OTtF8/deps/build.log`
┌ Error: Error building `CMPFit`: 
│   % Total    % Received % Xferd  Average Speed   Time    Time     Time  Current
│                                  Dload  Upload   Total   Spent    Left  Speed
│   0     0    0     0    0     0      0      0 --:--:-- --:--:-- --:--:--     0100   337  100   337    0     0    691      0 --:--:-- --:--:-- --:--:--   691
│  26 30515   26  8000    0     0   8196      0  0:00:03 --:--:--  0:00:03  8196100 30515  100 30515    0     0  31233      0 --:--:-- --:--:-- --:--:-- 21.4M
│ /root/.julia/packages/CMPFit/OTtF8/deps/src/cmpfit-1.3a/build
│ [ Info: Attempting to create directory /root/.julia/packages/CMPFit/OTtF8/deps/downloads
│ [ Info: Downloading file https://www.physics.wisc.edu/~craigm/idl/down/cmpfit-1.3a.tar.gz
│ [ Info: Done downloading file https://www.physics.wisc.edu/~craigm/idl/down/cmpfit-1.3a.tar.gz
│ [ Info: Attempting to create directory /root/.julia/packages/CMPFit/OTtF8/deps/src
│ [ Info: Attempting to create directory /root/.julia/packages/CMPFit/OTtF8/deps
│ [ Info: Directory /root/.julia/packages/CMPFit/OTtF8/deps already exists
│ [ Info: Attempting to create directory /root/.julia/packages/CMPFit/OTtF8/deps/src/cmpfit-1.3a/build
│ [ Info: Attempting to create directory /root/.julia/packages/CMPFit/OTtF8/deps/usr/lib
│ [ Info: Changing directory to /root/.julia/packages/CMPFit/OTtF8/deps/src/cmpfit-1.3a/build
│ [ Info: Changing directory to /root/.julia/packages/CMPFit/OTtF8/deps/src/cmpfit-1.3a/build
│ [ Info: Changing directory to /root/.julia/packages/CMPFit/OTtF8/deps/src/cmpfit-1.3a/build
│ ERROR: LoadError: IOError: could not spawn `cmake ../`: no such file or directory (ENOENT)
│ Stacktrace:
│  [1] _spawn_primitive(::String, ::Cmd, ::Array{Any,1}) at ./process.jl:401
│  [2] setup_stdios(::getfield(Base, Symbol("##526#527")){Cmd}, ::Array{Any,1}) at ./process.jl:414
│  [3] _spawn at ./process.jl:413 [inlined]
│  [4] #run#536(::Bool, ::typeof(run), ::Cmd) at ./process.jl:727
│  [5] run(::Cmd) at ./process.jl:726
│  [6] run(::BinDeps.SynchronousStepCollection) at /root/.julia/packages/BinDeps/ZEval/src/BinDeps.jl:521 (repeats 2 times)
│  [7] run(::FileRule) at /root/.julia/packages/BinDeps/ZEval/src/BinDeps.jl:483
│  [8] run(::BinDeps.SynchronousStepCollection) at /root/.julia/packages/BinDeps/ZEval/src/BinDeps.jl:521
│  [9] satisfy!(::BinDeps.LibraryDependency, ::Array{DataType,1}) at /root/.julia/packages/BinDeps/ZEval/src/dependencies.jl:944
│  [10] satisfy!(::BinDeps.LibraryDependency) at /root/.julia/packages/BinDeps/ZEval/src/dependencies.jl:922
│  [11] top-level scope at /root/.julia/packages/BinDeps/ZEval/src/dependencies.jl:977
│  [12] include at ./boot.jl:328 [inlined]
│  [13] include_relative(::Module, ::String) at ./loading.jl:1094
│  [14] include(::Module, ::String) at ./Base.jl:31
│  [15] include(::String) at ./client.jl:431
│  [16] top-level scope at none:5
│ in expression starting at /root/.julia/packages/CMPFit/OTtF8/deps/build.jl:42
└ @ Pkg.Operations /buildworker/worker/package_linux64/build/usr/share/julia/stdlib/v1.2/Pkg/src/backwards_compatible_isolation.jl:647
   Testing CMPFit
    Status `/tmp/jl_5RI4n5/Manifest.toml`
  [9e28174c] BinDeps v0.8.10
  [a5944310] CMPFit v0.2.1
  [34da2185] Compat v2.2.0
  [30578b45] URIParser v0.4.0
  [2a0f44e3] Base64  [`@stdlib/Base64`]
  [ade2ca70] Dates  [`@stdlib/Dates`]
  [8bb1440f] DelimitedFiles  [`@stdlib/DelimitedFiles`]
  [8ba89e20] Distributed  [`@stdlib/Distributed`]
  [b77e0a4c] InteractiveUtils  [`@stdlib/InteractiveUtils`]
  [76f85450] LibGit2  [`@stdlib/LibGit2`]
  [8f399da3] Libdl  [`@stdlib/Libdl`]
  [37e2e46d] LinearAlgebra  [`@stdlib/LinearAlgebra`]
  [56ddb016] Logging  [`@stdlib/Logging`]
  [d6f4376e] Markdown  [`@stdlib/Markdown`]
  [a63ad114] Mmap  [`@stdlib/Mmap`]
  [44cfe95a] Pkg  [`@stdlib/Pkg`]
  [de0858da] Printf  [`@stdlib/Printf`]
  [3fa0cd96] REPL  [`@stdlib/REPL`]
  [9a3f8284] Random  [`@stdlib/Random`]
  [ea8e919c] SHA  [`@stdlib/SHA`]
  [9e88b42a] Serialization  [`@stdlib/Serialization`]
  [1a1011a3] SharedArrays  [`@stdlib/SharedArrays`]
  [6462fe0b] Sockets  [`@stdlib/Sockets`]
  [2f01184e] SparseArrays  [`@stdlib/SparseArrays`]
  [10745b16] Statistics  [`@stdlib/Statistics`]
  [8dfed614] Test  [`@stdlib/Test`]
  [cf7118a7] UUIDs  [`@stdlib/UUIDs`]
  [4ec0a83e] Unicode  [`@stdlib/Unicode`]
ERROR: LoadError: LoadError: CMPFit not properly installed. Please run Pkg.build("CMPFit")
Stacktrace:
 [1] error(::String) at ./error.jl:33
 [2] top-level scope at /root/.julia/packages/CMPFit/OTtF8/src/CMPFit.jl:11
 [3] include at ./boot.jl:328 [inlined]
 [4] include_relative(::Module, ::String) at ./loading.jl:1094
 [5] _require(::Base.PkgId) at ./loading.jl:1042
 [6] require(::Base.PkgId) at ./loading.jl:911
 [7] require(::Module, ::Symbol) at ./loading.jl:906
 [8] include at ./boot.jl:328 [inlined]
 [9] include_relative(::Module, ::String) at ./loading.jl:1094
 [10] include(::Module, ::String) at ./Base.jl:31
 [11] include(::String) at ./client.jl:431
 [12] top-level scope at none:5
in expression starting at /root/.julia/packages/CMPFit/OTtF8/src/CMPFit.jl:8
in expression starting at /root/.julia/packages/CMPFit/OTtF8/test/runtests.jl:2
ERROR: Package CMPFit errored during testing
Stacktrace:
 [1] pkgerror(::String, ::Vararg{String,N} where N) at /buildworker/worker/package_linux64/build/usr/share/julia/stdlib/v1.2/Pkg/src/Types.jl:112
 [2] #test#119(::Bool, ::Nothing, ::typeof(Pkg.Operations.test), ::Pkg.Types.Context, ::Array{Pkg.Types.PackageSpec,1}) at /buildworker/worker/package_linux64/build/usr/share/julia/stdlib/v1.2/Pkg/src/Operations.jl:1288
 [3] #test at ./none:0 [inlined]
 [4] #test#62(::Bool, ::Nothing, ::Base.Iterators.Pairs{Union{},Union{},Tuple{},NamedTuple{(),Tuple{}}}, ::typeof(Pkg.API.test), ::Pkg.Types.Context, ::Array{Pkg.Types.PackageSpec,1}) at /buildworker/worker/package_linux64/build/usr/share/julia/stdlib/v1.2/Pkg/src/API.jl:245
 [5] test at /buildworker/worker/package_linux64/build/usr/share/julia/stdlib/v1.2/Pkg/src/API.jl:233 [inlined]
 [6] #test#61 at /buildworker/worker/package_linux64/build/usr/share/julia/stdlib/v1.2/Pkg/src/API.jl:230 [inlined]
 [7] test at /buildworker/worker/package_linux64/build/usr/share/julia/stdlib/v1.2/Pkg/src/API.jl:230 [inlined]
 [8] #test#60 at /buildworker/worker/package_linux64/build/usr/share/julia/stdlib/v1.2/Pkg/src/API.jl:229 [inlined]
 [9] test at /buildworker/worker/package_linux64/build/usr/share/julia/stdlib/v1.2/Pkg/src/API.jl:229 [inlined]
 [10] #test#59(::Base.Iterators.Pairs{Union{},Union{},Tuple{},NamedTuple{(),Tuple{}}}, ::typeof(Pkg.API.test), ::String) at /buildworker/worker/package_linux64/build/usr/share/julia/stdlib/v1.2/Pkg/src/API.jl:228
 [11] test(::String) at /buildworker/worker/package_linux64/build/usr/share/julia/stdlib/v1.2/Pkg/src/API.jl:228
 [12] top-level scope at none:10
