 Resolving package versions...
 Installed SimpleTraits ─────── v0.9.1
 Installed Compat ───────────── v3.0.0
 Installed Inflate ──────────── v0.1.1
 Installed Tokenize ─────────── v0.5.6
 Installed OrderedCollections ─ v1.1.0
 Installed CSTParser ────────── v1.0.0
 Installed DataStructures ───── v0.17.6
 Installed LightGraphs ──────── v1.3.0
 Installed MacroTools ───────── v0.5.1
 Installed StaticArrays ─────── v0.12.1
   Cloning [ec485272-7323-5ecc-a04f-4719b315124d] ArnoldiMethod from https://github.com/haampie/ArnoldiMethod.jl.git
[?25l    Fetching: [>                                        ]  0.0 %[2K[?25h Installed ArnoldiMethod ────── v0.0.4
  Updating `~/.julia/environments/v1.2/Project.toml`
  [093fc24a] + LightGraphs v1.3.0
  Updating `~/.julia/environments/v1.2/Manifest.toml`
  [ec485272] + ArnoldiMethod v0.0.4
  [00ebfdb7] + CSTParser v1.0.0
  [34da2185] + Compat v3.0.0
  [864edb3b] + DataStructures v0.17.6
  [d25df0c9] + Inflate v0.1.1
  [093fc24a] + LightGraphs v1.3.0
  [1914dd2f] + MacroTools v0.5.1
  [bac558e1] + OrderedCollections v1.1.0
  [699a6c99] + SimpleTraits v0.9.1
  [90137ffa] + StaticArrays v0.12.1
  [0796e94c] + Tokenize v0.5.6
  [2a0f44e3] + Base64 
  [ade2ca70] + Dates 
  [8bb1440f] + DelimitedFiles 
  [8ba89e20] + Distributed 
  [b77e0a4c] + InteractiveUtils 
  [76f85450] + LibGit2 
  [8f399da3] + Libdl 
  [37e2e46d] + LinearAlgebra 
  [56ddb016] + Logging 
  [d6f4376e] + Markdown 
  [a63ad114] + Mmap 
  [44cfe95a] + Pkg 
  [de0858da] + Printf 
  [3fa0cd96] + REPL 
  [9a3f8284] + Random 
  [ea8e919c] + SHA 
  [9e88b42a] + Serialization 
  [1a1011a3] + SharedArrays 
  [6462fe0b] + Sockets 
  [2f01184e] + SparseArrays 
  [10745b16] + Statistics 
  [8dfed614] + Test 
  [cf7118a7] + UUIDs 
  [4ec0a83e] + Unicode 
   Testing LightGraphs
 Resolving package versions...
    Status `/tmp/jl_FdQyk0/Manifest.toml`
  [ec485272] ArnoldiMethod v0.0.4
  [00ebfdb7] CSTParser v1.0.0
  [34da2185] Compat v3.0.0
  [864edb3b] DataStructures v0.17.6
  [d25df0c9] Inflate v0.1.1
  [093fc24a] LightGraphs v1.3.0
  [1914dd2f] MacroTools v0.5.1
  [bac558e1] OrderedCollections v1.1.0
  [699a6c99] SimpleTraits v0.9.1
  [90137ffa] StaticArrays v0.12.1
  [0796e94c] Tokenize v0.5.6
  [2a0f44e3] Base64  [`@stdlib/Base64`]
  [ade2ca70] Dates  [`@stdlib/Dates`]
  [8bb1440f] DelimitedFiles  [`@stdlib/DelimitedFiles`]
  [8ba89e20] Distributed  [`@stdlib/Distributed`]
  [b77e0a4c] InteractiveUtils  [`@stdlib/InteractiveUtils`]
  [76f85450] LibGit2  [`@stdlib/LibGit2`]
  [8f399da3] Libdl  [`@stdlib/Libdl`]
  [37e2e46d] LinearAlgebra  [`@stdlib/LinearAlgebra`]
  [56ddb016] Logging  [`@stdlib/Logging`]
  [d6f4376e] Markdown  [`@stdlib/Markdown`]
  [a63ad114] Mmap  [`@stdlib/Mmap`]
  [44cfe95a] Pkg  [`@stdlib/Pkg`]
  [de0858da] Printf  [`@stdlib/Printf`]
  [3fa0cd96] REPL  [`@stdlib/REPL`]
  [9a3f8284] Random  [`@stdlib/Random`]
  [ea8e919c] SHA  [`@stdlib/SHA`]
  [9e88b42a] Serialization  [`@stdlib/Serialization`]
  [1a1011a3] SharedArrays  [`@stdlib/SharedArrays`]
  [6462fe0b] Sockets  [`@stdlib/Sockets`]
  [2f01184e] SparseArrays  [`@stdlib/SparseArrays`]
  [10745b16] Statistics  [`@stdlib/Statistics`]
  [8dfed614] Test  [`@stdlib/Test`]
  [cf7118a7] UUIDs  [`@stdlib/UUIDs`]
  [4ec0a83e] Unicode  [`@stdlib/Unicode`]
WARNING: Compat.Markdown is deprecated, use Markdown instead.
  likely near /root/.julia/packages/MacroTools/ys44U/src/MacroTools.jl:4
WARNING: Compat.Random is deprecated, use Random instead.
  likely near /root/.julia/packages/MacroTools/ys44U/src/MacroTools.jl:35
Test Summary: |  Pass  Total
LightGraphs   | 29540  29540
   Testing LightGraphs tests passed 
