 Resolving package versions...
 Installed RequiredKeywords ─ v0.1.1
  Updating `~/.julia/environments/v1.2/Project.toml`
  [fa45d1ab] + RequiredKeywords v0.1.1
  Updating `~/.julia/environments/v1.2/Manifest.toml`
  [fa45d1ab] + RequiredKeywords v0.1.1
   Testing RequiredKeywords
[ Info: No changes
    Status `/tmp/jl_6b2IZQ/Manifest.toml`
  [fa45d1ab] RequiredKeywords v0.1.1
ERROR: LoadError: UndefVarError: Test not defined
Stacktrace:
 [1] include at ./boot.jl:328 [inlined]
 [2] include_relative(::Module, ::String) at ./loading.jl:1094
 [3] include(::Module, ::String) at ./Base.jl:31
 [4] include(::String) at ./client.jl:431
 [5] top-level scope at none:5
in expression starting at /root/.julia/packages/RequiredKeywords/iEwbH/test/runtests.jl:2
ERROR: Package RequiredKeywords errored during testing
Stacktrace:
 [1] pkgerror(::String, ::Vararg{String,N} where N) at /buildworker/worker/package_linux64/build/usr/share/julia/stdlib/v1.2/Pkg/src/Types.jl:112
 [2] #test#119(::Bool, ::Nothing, ::typeof(Pkg.Operations.test), ::Pkg.Types.Context, ::Array{Pkg.Types.PackageSpec,1}) at /buildworker/worker/package_linux64/build/usr/share/julia/stdlib/v1.2/Pkg/src/Operations.jl:1288
 [3] #test at ./none:0 [inlined]
 [4] #test#62(::Bool, ::Nothing, ::Base.Iterators.Pairs{Union{},Union{},Tuple{},NamedTuple{(),Tuple{}}}, ::typeof(Pkg.API.test), ::Pkg.Types.Context, ::Array{Pkg.Types.PackageSpec,1}) at /buildworker/worker/package_linux64/build/usr/share/julia/stdlib/v1.2/Pkg/src/API.jl:245
 [5] test at /buildworker/worker/package_linux64/build/usr/share/julia/stdlib/v1.2/Pkg/src/API.jl:233 [inlined]
 [6] #test#61 at /buildworker/worker/package_linux64/build/usr/share/julia/stdlib/v1.2/Pkg/src/API.jl:230 [inlined]
 [7] test at /buildworker/worker/package_linux64/build/usr/share/julia/stdlib/v1.2/Pkg/src/API.jl:230 [inlined]
 [8] #test#60 at /buildworker/worker/package_linux64/build/usr/share/julia/stdlib/v1.2/Pkg/src/API.jl:229 [inlined]
 [9] test at /buildworker/worker/package_linux64/build/usr/share/julia/stdlib/v1.2/Pkg/src/API.jl:229 [inlined]
 [10] #test#59(::Base.Iterators.Pairs{Union{},Union{},Tuple{},NamedTuple{(),Tuple{}}}, ::typeof(Pkg.API.test), ::String) at /buildworker/worker/package_linux64/build/usr/share/julia/stdlib/v1.2/Pkg/src/API.jl:228
 [11] test(::String) at /buildworker/worker/package_linux64/build/usr/share/julia/stdlib/v1.2/Pkg/src/API.jl:228
 [12] top-level scope at none:10
