 Resolving package versions...
 Installed VersionParsing ───── v1.1.3
 Installed JupyterParameters ── v0.1.2
 Installed Conda ────────────── v1.3.0
 Installed OrderedCollections ─ v1.1.0
 Installed IJulia ───────────── v1.20.2
 Installed MbedTLS ──────────── v0.6.8
 Installed BinaryProvider ───── v0.5.8
 Installed JSON ─────────────── v0.21.0
 Installed Parsers ──────────── v0.3.10
 Installed TextWrap ─────────── v0.3.0
 Installed SoftGlobalScope ──── v1.0.10
 Installed ZMQ ──────────────── v1.0.0
 Installed ArgParse ─────────── v0.6.2
 Installed Compat ───────────── v2.2.0
 Installed DataStructures ───── v0.17.6
  Updating `~/.julia/environments/v1.0/Project.toml`
  [2f2169dc] + JupyterParameters v0.1.2
  Updating `~/.julia/environments/v1.0/Manifest.toml`
  [c7e460c6] + ArgParse v0.6.2
  [b99e7846] + BinaryProvider v0.5.8
  [34da2185] + Compat v2.2.0
  [8f4d0f93] + Conda v1.3.0
  [864edb3b] + DataStructures v0.17.6
  [7073ff75] + IJulia v1.20.2
  [682c06a0] + JSON v0.21.0
  [2f2169dc] + JupyterParameters v0.1.2
  [739be429] + MbedTLS v0.6.8
  [bac558e1] + OrderedCollections v1.1.0
  [69de0a69] + Parsers v0.3.10
  [b85f4697] + SoftGlobalScope v1.0.10
  [b718987f] + TextWrap v0.3.0
  [81def892] + VersionParsing v1.1.3
  [c2297ded] + ZMQ v1.0.0
  [2a0f44e3] + Base64 
  [ade2ca70] + Dates 
  [8bb1440f] + DelimitedFiles 
  [8ba89e20] + Distributed 
  [7b1f6079] + FileWatching 
  [b77e0a4c] + InteractiveUtils 
  [76f85450] + LibGit2 
  [8f399da3] + Libdl 
  [37e2e46d] + LinearAlgebra 
  [56ddb016] + Logging 
  [d6f4376e] + Markdown 
  [a63ad114] + Mmap 
  [44cfe95a] + Pkg 
  [de0858da] + Printf 
  [3fa0cd96] + REPL 
  [9a3f8284] + Random 
  [ea8e919c] + SHA 
  [9e88b42a] + Serialization 
  [1a1011a3] + SharedArrays 
  [6462fe0b] + Sockets 
  [2f01184e] + SparseArrays 
  [10745b16] + Statistics 
  [8dfed614] + Test 
  [cf7118a7] + UUIDs 
  [4ec0a83e] + Unicode 
  Building Conda ────────────→ `~/.julia/packages/Conda/kLXeC/deps/build.log`
  Building ZMQ ──────────────→ `~/.julia/packages/ZMQ/ABGOx/deps/build.log`
  Building MbedTLS ──────────→ `~/.julia/packages/MbedTLS/X4xar/deps/build.log`
  Building IJulia ───────────→ `~/.julia/packages/IJulia/F1GUo/deps/build.log`
  Building JupyterParameters → `~/.julia/packages/JupyterParameters/KdfWB/deps/build.log`
   Testing JupyterParameters
 Resolving package versions...
    Status `/tmp/tmpsFuSPJ/Manifest.toml`
  [c7e460c6] ArgParse v0.6.2
  [b99e7846] BinaryProvider v0.5.8
  [34da2185] Compat v2.2.0
  [8f4d0f93] Conda v1.3.0
  [864edb3b] DataStructures v0.17.6
  [7073ff75] IJulia v1.20.2
  [682c06a0] JSON v0.21.0
  [2f2169dc] JupyterParameters v0.1.2
  [739be429] MbedTLS v0.6.8
  [bac558e1] OrderedCollections v1.1.0
  [69de0a69] Parsers v0.3.10
  [b85f4697] SoftGlobalScope v1.0.10
  [b718987f] TextWrap v0.3.0
  [81def892] VersionParsing v1.1.3
  [c2297ded] ZMQ v1.0.0
  [2a0f44e3] Base64  [`@stdlib/Base64`]
  [ade2ca70] Dates  [`@stdlib/Dates`]
  [8bb1440f] DelimitedFiles  [`@stdlib/DelimitedFiles`]
  [8ba89e20] Distributed  [`@stdlib/Distributed`]
  [7b1f6079] FileWatching  [`@stdlib/FileWatching`]
  [b77e0a4c] InteractiveUtils  [`@stdlib/InteractiveUtils`]
  [76f85450] LibGit2  [`@stdlib/LibGit2`]
  [8f399da3] Libdl  [`@stdlib/Libdl`]
  [37e2e46d] LinearAlgebra  [`@stdlib/LinearAlgebra`]
  [56ddb016] Logging  [`@stdlib/Logging`]
  [d6f4376e] Markdown  [`@stdlib/Markdown`]
  [a63ad114] Mmap  [`@stdlib/Mmap`]
  [44cfe95a] Pkg  [`@stdlib/Pkg`]
  [de0858da] Printf  [`@stdlib/Printf`]
  [3fa0cd96] REPL  [`@stdlib/REPL`]
  [9a3f8284] Random  [`@stdlib/Random`]
  [ea8e919c] SHA  [`@stdlib/SHA`]
  [9e88b42a] Serialization  [`@stdlib/Serialization`]
  [1a1011a3] SharedArrays  [`@stdlib/SharedArrays`]
  [6462fe0b] Sockets  [`@stdlib/Sockets`]
  [2f01184e] SparseArrays  [`@stdlib/SparseArrays`]
  [10745b16] Statistics  [`@stdlib/Statistics`]
  [8dfed614] Test  [`@stdlib/Test`]
  [cf7118a7] UUIDs  [`@stdlib/UUIDs`]
  [4ec0a83e] Unicode  [`@stdlib/Unicode`]
Starting paramitification of /tmp/juliaoPa4x0.ipynb...
Successful replacement of parameters!
Wrote /tmp/juliahMLn2I.ipynb
Running ["/root/.julia/conda/3/bin/jupyter", "nbconvert", "--to=notebook", "--execute", "--ExecutePreprocessor.allow_errors=True", "/tmp/juliahMLn2I.ipynb", "--output", "/tmp/juliahMLn2I.ipynb"]
[NbConvertApp] WARNING | Config option `template_path` not recognized by `NotebookExporter`.
[NbConvertApp] Converting notebook /tmp/juliahMLn2I.ipynb to notebook
Starting kernel event loops.
[NbConvertApp] Executing notebook with kernel: julia-1.0
[NbConvertApp] Writing 1264 bytes to /tmp/juliahMLn2I.ipynb
Test Summary:        | Pass  Total
testing JupyterParam |    8      8
Starting paramitification of /tmp/juliaoPa4x0.ipynb...
Successful replacement of parameters!
Wrote /tmp/juliahMLn2I.ipynb
Running ["/root/.julia/conda/3/bin/jupyter", "nbconvert", "--to=notebook", "--execute", "--ExecutePreprocessor.allow_errors=True", "--ExecutePreprocessor.timeout=-1", "--ExecutePreprocessor.kernel_name=julia-1.0", "/tmp/juliahMLn2I.ipynb", "--output", "/tmp/juliahMLn2I.ipynb"]
[NbConvertApp] WARNING | Config option `template_path` not recognized by `NotebookExporter`.
[NbConvertApp] Converting notebook /tmp/juliahMLn2I.ipynb to notebook
Starting kernel event loops.
[NbConvertApp] Executing notebook with kernel: julia-1.0
[NbConvertApp] Writing 1264 bytes to /tmp/juliahMLn2I.ipynb
Test Summary:         | Pass  Total
jupyter nb extensions |    1      1
Test Summary: | Pass  Total
error testing |    1      1
   Testing JupyterParameters tests passed 
