 Resolving package versions...
 Installed Requires ──────────────────── v0.5.2
 Installed Lazy ──────────────────────── v0.14.0
 Installed ColorTypes ────────────────── v0.8.0
 Installed IteratorInterfaceExtensions ─ v1.0.0
 Installed ConstructionBase ──────────── v0.1.0
 Installed DynamicGrids ──────────────── v0.2.0
 Installed Setfield ──────────────────── v0.5.2
 Installed DocStringExtensions ───────── v0.8.1
 Installed FieldMetadata ─────────────── v0.1.1
 Installed FixedPointNumbers ─────────── v0.6.1
 Installed MacroTools ────────────────── v0.5.2
 Installed Reexport ──────────────────── v0.2.0
 Installed Mixers ────────────────────── v0.1.0
 Installed DataValueInterfaces ───────── v1.0.0
 Installed Crayons ───────────────────── v4.0.1
 Installed DataStructures ────────────── v0.17.6
 Installed OffsetArrays ──────────────── v0.11.1
 Installed DataAPI ───────────────────── v1.1.0
 Installed Flatten ───────────────────── v0.2.1
 Installed FieldDefaults ─────────────── v0.1.2
 Installed FileIO ────────────────────── v1.0.7
 Installed OrderedCollections ────────── v1.1.0
 Installed TableTraits ───────────────── v1.0.0
 Installed Colors ────────────────────── v0.9.6
 Installed FieldDocTables ────────────── v0.1.0
 Installed Formatting ────────────────── v0.4.1
 Installed UnicodeGraphics ───────────── v0.1.2
 Installed Parameters ────────────────── v0.12.0
 Installed Compat ────────────────────── v2.2.0
 Installed Tables ────────────────────── v0.2.11
 Installed PrettyTables ──────────────── v0.7.0
 Installed ColorSchemes ──────────────── v3.5.0
  Updating `~/.julia/environments/v1.0/Project.toml`
  [a5dba43e] + DynamicGrids v0.2.0
  Updating `~/.julia/environments/v1.0/Manifest.toml`
  [35d6a980] + ColorSchemes v3.5.0
  [3da002f7] + ColorTypes v0.8.0
  [5ae59095] + Colors v0.9.6
  [34da2185] + Compat v2.2.0
  [187b0558] + ConstructionBase v0.1.0
  [a8cc5b0e] + Crayons v4.0.1
  [9a962f9c] + DataAPI v1.1.0
  [864edb3b] + DataStructures v0.17.6
  [e2d170a0] + DataValueInterfaces v1.0.0
  [ffbed154] + DocStringExtensions v0.8.1
  [a5dba43e] + DynamicGrids v0.2.0
  [49426c49] + FieldDefaults v0.1.2
  [a5d692f0] + FieldDocTables v0.1.0
  [bf96fef3] + FieldMetadata v0.1.1
  [5789e2e9] + FileIO v1.0.7
  [53c48c17] + FixedPointNumbers v0.6.1
  [4c728ea3] + Flatten v0.2.1
  [59287772] + Formatting v0.4.1
  [82899510] + IteratorInterfaceExtensions v1.0.0
  [50d2b5c4] + Lazy v0.14.0
  [1914dd2f] + MacroTools v0.5.2
  [2a8e4939] + Mixers v0.1.0
  [6fe1bfb0] + OffsetArrays v0.11.1
  [bac558e1] + OrderedCollections v1.1.0
  [d96e819e] + Parameters v0.12.0
  [08abe8d2] + PrettyTables v0.7.0
  [189a3867] + Reexport v0.2.0
  [ae029012] + Requires v0.5.2
  [efcf1570] + Setfield v0.5.2
  [3783bdb8] + TableTraits v1.0.0
  [bd369af6] + Tables v0.2.11
  [ebadf6b4] + UnicodeGraphics v0.1.2
  [2a0f44e3] + Base64 
  [ade2ca70] + Dates 
  [8bb1440f] + DelimitedFiles 
  [8ba89e20] + Distributed 
  [b77e0a4c] + InteractiveUtils 
  [76f85450] + LibGit2 
  [8f399da3] + Libdl 
  [37e2e46d] + LinearAlgebra 
  [56ddb016] + Logging 
  [d6f4376e] + Markdown 
  [a63ad114] + Mmap 
  [44cfe95a] + Pkg 
  [de0858da] + Printf 
  [3fa0cd96] + REPL 
  [9a3f8284] + Random 
  [ea8e919c] + SHA 
  [9e88b42a] + Serialization 
  [1a1011a3] + SharedArrays 
  [6462fe0b] + Sockets 
  [2f01184e] + SparseArrays 
  [10745b16] + Statistics 
  [8dfed614] + Test 
  [cf7118a7] + UUIDs 
  [4ec0a83e] + Unicode 
   Testing DynamicGrids
 Resolving package versions...
 Installed Unitful ────── v0.17.0
 Installed SafeTestsets ─ v0.0.1
    Status `/tmp/tmpDCQlAV/Manifest.toml`
  [35d6a980] ColorSchemes v3.5.0
  [3da002f7] ColorTypes v0.8.0
  [5ae59095] Colors v0.9.6
  [34da2185] Compat v2.2.0
  [187b0558] ConstructionBase v0.1.0
  [a8cc5b0e] Crayons v4.0.1
  [9a962f9c] DataAPI v1.1.0
  [864edb3b] DataStructures v0.17.6
  [e2d170a0] DataValueInterfaces v1.0.0
  [ffbed154] DocStringExtensions v0.8.1
  [a5dba43e] DynamicGrids v0.2.0
  [49426c49] FieldDefaults v0.1.2
  [a5d692f0] FieldDocTables v0.1.0
  [bf96fef3] FieldMetadata v0.1.1
  [5789e2e9] FileIO v1.0.7
  [53c48c17] FixedPointNumbers v0.6.1
  [4c728ea3] Flatten v0.2.1
  [59287772] Formatting v0.4.1
  [82899510] IteratorInterfaceExtensions v1.0.0
  [50d2b5c4] Lazy v0.14.0
  [1914dd2f] MacroTools v0.5.2
  [2a8e4939] Mixers v0.1.0
  [6fe1bfb0] OffsetArrays v0.11.1
  [bac558e1] OrderedCollections v1.1.0
  [d96e819e] Parameters v0.12.0
  [08abe8d2] PrettyTables v0.7.0
  [189a3867] Reexport v0.2.0
  [ae029012] Requires v0.5.2
  [1bc83da4] SafeTestsets v0.0.1
  [efcf1570] Setfield v0.5.2
  [3783bdb8] TableTraits v1.0.0
  [bd369af6] Tables v0.2.11
  [ebadf6b4] UnicodeGraphics v0.1.2
  [1986cc42] Unitful v0.17.0
  [2a0f44e3] Base64  [`@stdlib/Base64`]
  [ade2ca70] Dates  [`@stdlib/Dates`]
  [8bb1440f] DelimitedFiles  [`@stdlib/DelimitedFiles`]
  [8ba89e20] Distributed  [`@stdlib/Distributed`]
  [b77e0a4c] InteractiveUtils  [`@stdlib/InteractiveUtils`]
  [76f85450] LibGit2  [`@stdlib/LibGit2`]
  [8f399da3] Libdl  [`@stdlib/Libdl`]
  [37e2e46d] LinearAlgebra  [`@stdlib/LinearAlgebra`]
  [56ddb016] Logging  [`@stdlib/Logging`]
  [d6f4376e] Markdown  [`@stdlib/Markdown`]
  [a63ad114] Mmap  [`@stdlib/Mmap`]
  [44cfe95a] Pkg  [`@stdlib/Pkg`]
  [de0858da] Printf  [`@stdlib/Printf`]
  [3fa0cd96] REPL  [`@stdlib/REPL`]
  [9a3f8284] Random  [`@stdlib/Random`]
  [ea8e919c] SHA  [`@stdlib/SHA`]
  [9e88b42a] Serialization  [`@stdlib/Serialization`]
  [1a1011a3] SharedArrays  [`@stdlib/SharedArrays`]
  [6462fe0b] Sockets  [`@stdlib/Sockets`]
  [2f01184e] SparseArrays  [`@stdlib/SparseArrays`]
  [10745b16] Statistics  [`@stdlib/Statistics`]
  [8dfed614] Test  [`@stdlib/Test`]
  [cf7118a7] UUIDs  [`@stdlib/UUIDs`]
  [4ec0a83e] Unicode  [`@stdlib/Unicode`]
WARNING: Method definition (::Type{DynamicGrids.Chain{T} where T})(Any) in module DynamicGrids at /root/.julia/packages/DynamicGrids/ufhNK/src/chain.jl:7 overwritten at /root/.julia/packages/DynamicGrids/ufhNK/src/chain.jl:20.
WARNING: Method definition rules(DynamicGrids.Ruleset{R, I, M, O, C, T} where T where C where O<:DynamicGrids.Overflow where M where I where R<:Tuple) in module DynamicGrids at /root/.julia/packages/DynamicGrids/ufhNK/src/rulesets.jl:44 overwritten at /root/.julia/packages/DynamicGrids/ufhNK/src/rulesets.jl:47.
WARNING: Method definition ruleset(DynamicGrids.MultiSimData{I, D, Ru} where Ru where D<:(NamedTuple{names, T} where T<:Tuple where names) where I) in module DynamicGrids at /root/.julia/packages/DynamicGrids/ufhNK/src/simulationdata.jl:114 overwritten at /root/.julia/packages/DynamicGrids/ufhNK/src/simulationdata.jl:125.
WARNING: Method definition data(DynamicGrids.MultiSimData{I, D, Ru} where Ru where D<:(NamedTuple{names, T} where T<:Tuple where names) where I) in module DynamicGrids at /root/.julia/packages/DynamicGrids/ufhNK/src/simulationdata.jl:113 overwritten at /root/.julia/packages/DynamicGrids/ufhNK/src/simulationdata.jl:126.
WARNING: Method definition framesize(DynamicGrids.MultiSimData{I, D, Ru} where Ru where D<:(NamedTuple{names, T} where T<:Tuple where names) where I) in module DynamicGrids at /root/.julia/packages/DynamicGrids/ufhNK/src/simulationdata.jl:115 overwritten at /root/.julia/packages/DynamicGrids/ufhNK/src/simulationdata.jl:144.
WARNING: Method definition radius(DynamicGrids.Ruleset{R, I, M, O, C, T} where T where C where O<:DynamicGrids.Overflow where M where I where R<:Tuple) in module DynamicGrids at /root/.julia/packages/DynamicGrids/ufhNK/src/neighborhoods.jl:114 overwritten at /root/.julia/packages/DynamicGrids/ufhNK/src/neighborhoods.jl:120.
Test Summary: | Pass  Total
neighborhoods |    9      9
222.201959 seconds (8.43 M allocations: 443.911 MiB, 0.23% gc time)
Test Summary: | Pass  Total
mask          |    2      2
  5.554876 seconds (5.11 M allocations: 281.040 MiB, 3.55% gc time)
Test Summary: | Pass  Total
framework     |    6      6
  5.479536 seconds (5.12 M allocations: 340.354 MiB, 2.71% gc time)
Test Summary: | Pass  Total
outputs       |   13     13
  1.474439 seconds (1.16 M allocations: 75.502 MiB, 2.41% gc time)
Test Summary: | Pass  Total
utils         |   12     12
  0.445288 seconds (51.49 k allocations: 2.799 MiB)
[s[?25l[0;0H      
   ▀▀█
    ▀ 