 Resolving package versions...
 Installed Missings ─────────── v0.4.3
 Installed DataAPI ──────────── v1.1.0
 Installed PDMats ───────────── v0.9.10
 Installed StatsFuns ────────── v0.9.0
 Installed Inflate ──────────── v0.1.1
 Installed BeliefUpdaters ───── v0.1.2
 Installed BinaryProvider ───── v0.5.8
 Installed StatsBase ────────── v0.32.0
 Installed URIParser ────────── v0.4.0
 Installed Rmath ────────────── v0.5.1
 Installed OrderedCollections ─ v1.1.0
 Installed Compat ───────────── v2.2.0
 Installed POMDPModelTools ──── v0.2.0
 Installed DataStructures ───── v0.17.6
 Installed UnicodePlots ─────── v1.1.0
 Installed SimpleTraits ─────── v0.9.1
 Installed Distributions ────── v0.21.8
 Installed POMDPs ───────────── v0.8.1
 Installed LightGraphs ──────── v1.3.0
 Installed QuadGK ───────────── v2.1.1
 Installed NamedTupleTools ──── v0.12.0
 Installed StaticArrays ─────── v0.12.1
 Installed ArnoldiMethod ────── v0.0.4
 Installed MacroTools ───────── v0.5.2
 Installed Arpack ───────────── v0.3.1
 Installed SpecialFunctions ─── v0.8.0
 Installed BinDeps ──────────── v0.8.10
 Installed SortingAlgorithms ── v0.3.1
  Updating `~/.julia/environments/v1.2/Project.toml`
  [8bb6e9a1] + BeliefUpdaters v0.1.2
  Updating `~/.julia/environments/v1.2/Manifest.toml`
  [ec485272] + ArnoldiMethod v0.0.4
  [7d9fca2a] + Arpack v0.3.1
  [8bb6e9a1] + BeliefUpdaters v0.1.2
  [9e28174c] + BinDeps v0.8.10
  [b99e7846] + BinaryProvider v0.5.8
  [34da2185] + Compat v2.2.0
  [9a962f9c] + DataAPI v1.1.0
  [864edb3b] + DataStructures v0.17.6
  [31c24e10] + Distributions v0.21.8
  [d25df0c9] + Inflate v0.1.1
  [093fc24a] + LightGraphs v1.3.0
  [1914dd2f] + MacroTools v0.5.2
  [e1d29d7a] + Missings v0.4.3
  [d9ec5142] + NamedTupleTools v0.12.0
  [bac558e1] + OrderedCollections v1.1.0
  [90014a1f] + PDMats v0.9.10
  [08074719] + POMDPModelTools v0.2.0
  [a93abf59] + POMDPs v0.8.1
  [1fd47b50] + QuadGK v2.1.1
  [79098fc4] + Rmath v0.5.1
  [699a6c99] + SimpleTraits v0.9.1
  [a2af1166] + SortingAlgorithms v0.3.1
  [276daf66] + SpecialFunctions v0.8.0
  [90137ffa] + StaticArrays v0.12.1
  [2913bbd2] + StatsBase v0.32.0
  [4c63d2b9] + StatsFuns v0.9.0
  [30578b45] + URIParser v0.4.0
  [b8865327] + UnicodePlots v1.1.0
  [2a0f44e3] + Base64 
  [ade2ca70] + Dates 
  [8bb1440f] + DelimitedFiles 
  [8ba89e20] + Distributed 
  [b77e0a4c] + InteractiveUtils 
  [76f85450] + LibGit2 
  [8f399da3] + Libdl 
  [37e2e46d] + LinearAlgebra 
  [56ddb016] + Logging 
  [d6f4376e] + Markdown 
  [a63ad114] + Mmap 
  [44cfe95a] + Pkg 
  [de0858da] + Printf 
  [3fa0cd96] + REPL 
  [9a3f8284] + Random 
  [ea8e919c] + SHA 
  [9e88b42a] + Serialization 
  [1a1011a3] + SharedArrays 
  [6462fe0b] + Sockets 
  [2f01184e] + SparseArrays 
  [10745b16] + Statistics 
  [4607b0f0] + SuiteSparse 
  [8dfed614] + Test 
  [cf7118a7] + UUIDs 
  [4ec0a83e] + Unicode 
  Building Rmath ───────────→ `~/.julia/packages/Rmath/4wt82/deps/build.log`
  Building SpecialFunctions → `~/.julia/packages/SpecialFunctions/ne2iw/deps/build.log`
  Building Arpack ──────────→ `~/.julia/packages/Arpack/cu5By/deps/build.log`
   Testing BeliefUpdaters
 Resolving package versions...
 Installed TableTraits ───────────────── v1.0.0
 Installed Measures ──────────────────── v0.3.0
 Installed DataValueInterfaces ───────── v1.0.0
 Installed POMDPPolicies ─────────────── v0.2.1
 Installed POMDPModels ───────────────── v0.4.0
 Installed Compose ───────────────────── v0.7.3
 Installed DataFrames ────────────────── v0.19.4
 Installed PooledArrays ──────────────── v0.5.2
 Installed Reexport ──────────────────── v0.2.0
 Installed Requires ──────────────────── v0.5.2
 Installed Colors ────────────────────── v0.9.6
 Installed InvertedIndices ───────────── v1.0.0
 Installed Tables ────────────────────── v0.2.11
 Installed POMDPSimulators ───────────── v0.3.2
 Installed IterTools ─────────────────── v1.3.0
 Installed FixedPointNumbers ─────────── v0.6.1
 Installed Parsers ───────────────────── v0.3.10
 Installed JSON ──────────────────────── v0.21.0
 Installed Parameters ────────────────── v0.12.0
 Installed IteratorInterfaceExtensions ─ v1.0.0
 Installed ColorTypes ────────────────── v0.8.0
 Installed CategoricalArrays ─────────── v0.7.3
 Installed ProgressMeter ─────────────── v1.2.0
 Installed ColorSchemes ──────────────── v3.5.0
    Status `/tmp/jl_N6lGw3/Manifest.toml`
  [ec485272] ArnoldiMethod v0.0.4
  [7d9fca2a] Arpack v0.3.1
  [8bb6e9a1] BeliefUpdaters v0.1.2
  [9e28174c] BinDeps v0.8.10
  [b99e7846] BinaryProvider v0.5.8
  [324d7699] CategoricalArrays v0.7.3
  [35d6a980] ColorSchemes v3.5.0
  [3da002f7] ColorTypes v0.8.0
  [5ae59095] Colors v0.9.6
  [34da2185] Compat v2.2.0
  [a81c6b42] Compose v0.7.3
  [9a962f9c] DataAPI v1.1.0
  [a93c6f00] DataFrames v0.19.4
  [864edb3b] DataStructures v0.17.6
  [e2d170a0] DataValueInterfaces v1.0.0
  [31c24e10] Distributions v0.21.8
  [53c48c17] FixedPointNumbers v0.6.1
  [d25df0c9] Inflate v0.1.1
  [41ab1584] InvertedIndices v1.0.0
  [c8e1da08] IterTools v1.3.0
  [82899510] IteratorInterfaceExtensions v1.0.0
  [682c06a0] JSON v0.21.0
  [093fc24a] LightGraphs v1.3.0
  [1914dd2f] MacroTools v0.5.2
  [442fdcdd] Measures v0.3.0
  [e1d29d7a] Missings v0.4.3
  [d9ec5142] NamedTupleTools v0.12.0
  [bac558e1] OrderedCollections v1.1.0
  [90014a1f] PDMats v0.9.10
  [08074719] POMDPModelTools v0.2.0
  [355abbd5] POMDPModels v0.4.0
  [182e52fb] POMDPPolicies v0.2.1
  [e0d0a172] POMDPSimulators v0.3.2
  [a93abf59] POMDPs v0.8.1
  [d96e819e] Parameters v0.12.0
  [69de0a69] Parsers v0.3.10
  [2dfb63ee] PooledArrays v0.5.2
  [92933f4c] ProgressMeter v1.2.0
  [1fd47b50] QuadGK v2.1.1
  [189a3867] Reexport v0.2.0
  [ae029012] Requires v0.5.2
  [79098fc4] Rmath v0.5.1
  [699a6c99] SimpleTraits v0.9.1
  [a2af1166] SortingAlgorithms v0.3.1
  [276daf66] SpecialFunctions v0.8.0
  [90137ffa] StaticArrays v0.12.1
  [2913bbd2] StatsBase v0.32.0
  [4c63d2b9] StatsFuns v0.9.0
  [3783bdb8] TableTraits v1.0.0
  [bd369af6] Tables v0.2.11
  [30578b45] URIParser v0.4.0
  [b8865327] UnicodePlots v1.1.0
  [2a0f44e3] Base64  [`@stdlib/Base64`]
  [ade2ca70] Dates  [`@stdlib/Dates`]
  [8bb1440f] DelimitedFiles  [`@stdlib/DelimitedFiles`]
  [8ba89e20] Distributed  [`@stdlib/Distributed`]
  [9fa8497b] Future  [`@stdlib/Future`]
  [b77e0a4c] InteractiveUtils  [`@stdlib/InteractiveUtils`]
  [76f85450] LibGit2  [`@stdlib/LibGit2`]
  [8f399da3] Libdl  [`@stdlib/Libdl`]
  [37e2e46d] LinearAlgebra  [`@stdlib/LinearAlgebra`]
  [56ddb016] Logging  [`@stdlib/Logging`]
  [d6f4376e] Markdown  [`@stdlib/Markdown`]
  [a63ad114] Mmap  [`@stdlib/Mmap`]
  [44cfe95a] Pkg  [`@stdlib/Pkg`]
  [de0858da] Printf  [`@stdlib/Printf`]
  [3fa0cd96] REPL  [`@stdlib/REPL`]
  [9a3f8284] Random  [`@stdlib/Random`]
  [ea8e919c] SHA  [`@stdlib/SHA`]
  [9e88b42a] Serialization  [`@stdlib/Serialization`]
  [1a1011a3] SharedArrays  [`@stdlib/SharedArrays`]
  [6462fe0b] Sockets  [`@stdlib/Sockets`]
  [2f01184e] SparseArrays  [`@stdlib/SparseArrays`]
  [10745b16] Statistics  [`@stdlib/Statistics`]
  [4607b0f0] SuiteSparse  [`@stdlib/SuiteSparse`]
  [8dfed614] Test  [`@stdlib/Test`]
  [cf7118a7] UUIDs  [`@stdlib/UUIDs`]
  [4ec0a83e] Unicode  [`@stdlib/Unicode`]
There should be a warning below:
┌ Warning: b in DiscreteBelief(pomdp, b) does not sum to 1.
│  
│ To suppress this warning use `DiscreteBelief(pomdp, b, check=false)`
└ @ BeliefUpdaters ~/.julia/packages/BeliefUpdaters/poIxl/src/discrete.jl:30
There should be a warning below:
┌ Warning: b in DiscreteBelief(pomdp, b) contains entries outside [0,1].
│  
│ To suppress this warning use `DiscreteBelief(pomdp, b, check=false)`
└ @ BeliefUpdaters ~/.julia/packages/BeliefUpdaters/poIxl/src/discrete.jl:37
There should NOT be a warning below:
Test Summary: | Pass  Total
belief        |   21     21
┌ Warning: `generate_o(args...)` is deprecated, use `gen(DDNNode(:o), args...)` instead.
│   caller = top-level scope at test_k_previous_observations_belief.jl:60
└ @ Core ~/.julia/packages/BeliefUpdaters/poIxl/test/test_k_previous_observations_belief.jl:60
Test Summary: | Pass  Total
kprevobs      |   14     14
   Testing BeliefUpdaters tests passed 
