 Resolving package versions...
 Installed Signals ──────────── v1.1.0
 Installed OrderedCollections ─ v1.1.0
 Installed DataStructures ───── v0.17.6
  Updating `~/.julia/environments/v1.0/Project.toml`
  [6303bc30] + Signals v1.1.0
  Updating `~/.julia/environments/v1.0/Manifest.toml`
  [864edb3b] + DataStructures v0.17.6
  [bac558e1] + OrderedCollections v1.1.0
  [6303bc30] + Signals v1.1.0
  [2a0f44e3] + Base64 
  [8ba89e20] + Distributed 
  [b77e0a4c] + InteractiveUtils 
  [8f399da3] + Libdl 
  [37e2e46d] + LinearAlgebra 
  [56ddb016] + Logging 
  [d6f4376e] + Markdown 
  [9a3f8284] + Random 
  [9e88b42a] + Serialization 
  [6462fe0b] + Sockets 
  [2f01184e] + SparseArrays 
  [10745b16] + Statistics 
  [8dfed614] + Test 
   Testing Signals
 Resolving package versions...
 Installed Compat ───────── v3.0.0
 Installed Parsers ──────── v0.3.10
 Installed Reactive ─────── v0.8.3
 Installed BenchmarkTools ─ v0.4.3
 Installed JSON ─────────── v0.21.0
 Installed StaticArrays ─── v0.12.1
    Status `/tmp/tmpepwBLW/Manifest.toml`
  [6e4b80f9] BenchmarkTools v0.4.3
  [34da2185] Compat v3.0.0
  [864edb3b] DataStructures v0.17.6
  [682c06a0] JSON v0.21.0
  [bac558e1] OrderedCollections v1.1.0
  [69de0a69] Parsers v0.3.10
  [a223df75] Reactive v0.8.3
  [6303bc30] Signals v1.1.0
  [90137ffa] StaticArrays v0.12.1
  [2a0f44e3] Base64  [`@stdlib/Base64`]
  [ade2ca70] Dates  [`@stdlib/Dates`]
  [8bb1440f] DelimitedFiles  [`@stdlib/DelimitedFiles`]
  [8ba89e20] Distributed  [`@stdlib/Distributed`]
  [b77e0a4c] InteractiveUtils  [`@stdlib/InteractiveUtils`]
  [76f85450] LibGit2  [`@stdlib/LibGit2`]
  [8f399da3] Libdl  [`@stdlib/Libdl`]
  [37e2e46d] LinearAlgebra  [`@stdlib/LinearAlgebra`]
  [56ddb016] Logging  [`@stdlib/Logging`]
  [d6f4376e] Markdown  [`@stdlib/Markdown`]
  [a63ad114] Mmap  [`@stdlib/Mmap`]
  [44cfe95a] Pkg  [`@stdlib/Pkg`]
  [de0858da] Printf  [`@stdlib/Printf`]
  [3fa0cd96] REPL  [`@stdlib/REPL`]
  [9a3f8284] Random  [`@stdlib/Random`]
  [ea8e919c] SHA  [`@stdlib/SHA`]
  [9e88b42a] Serialization  [`@stdlib/Serialization`]
  [1a1011a3] SharedArrays  [`@stdlib/SharedArrays`]
  [6462fe0b] Sockets  [`@stdlib/Sockets`]
  [2f01184e] SparseArrays  [`@stdlib/SparseArrays`]
  [10745b16] Statistics  [`@stdlib/Statistics`]
  [8dfed614] Test  [`@stdlib/Test`]
  [cf7118a7] UUIDs  [`@stdlib/UUIDs`]
  [4ec0a83e] Unicode  [`@stdlib/Unicode`]
Test Summary: | Pass  Total
push-pull     |    5      5
Test Summary: | Pass  Total
strict_push   |    4      4

Signals function call overhead on pull = 107.105ns
Signals function call overhead on push = 148.33ns
Reactive function call overhead = 525.25ns

Signals function call time on pull (4x4 SArray multiply)= 157.71448863636363ns
Signals function call time on push (4x4 SArray multiply) = 280.1010101010101ns
Reactive function call time on push (4x4 SArray multiply) = 1874.6666666666667ns

Signals function call time on pull (4x4 Matrix)= 571.1680327868852ns
Signals function call time on push (4x4 Matrix) = 598.9044943820224ns
Reactive function call time on push (4x4 Matrix) = 2255.9444444444443ns
Test Summary: |
benchmark     | No tests
Test Summary: | Pass  Total
drop_repeats  |    6      6
Test Summary: | Pass  Total
when do       |    4      4
Test Summary: | Pass  Total
sampleon      |    5      5
Test Summary: | Pass  Total
filter        |    6      6
Test Summary: | Pass  Total
foldp         |    2      2
Test Summary: | Pass  Total
merge         |    5      5
Test Summary: | Pass  Total
async_signal  |    2      2
Test Summary:  | Pass  Total
recursion_free |    4      4
Test Summary: | Pass  Total
bind          |    4      4
Test Summary:         | Pass  Total
throttle and debounce |    4      4
Test Summary: | Pass  Total
for_signal    |    8      8
Test Summary: | Pass  Total
buffer        |   12     12
   Testing Signals tests passed 
