 Resolving package versions...
 Installed ArrayLayouts ─── v0.1.5
 Installed FillArrays ───── v0.8.2
 Installed BandedMatrices ─ v0.14.1
  Updating `~/.julia/environments/v1.0/Project.toml`
  [aae01518] + BandedMatrices v0.14.1
  Updating `~/.julia/environments/v1.0/Manifest.toml`
  [4c555306] + ArrayLayouts v0.1.5
  [aae01518] + BandedMatrices v0.14.1
  [1a297f60] + FillArrays v0.8.2
  [8f399da3] + Libdl 
  [37e2e46d] + LinearAlgebra 
  [9a3f8284] + Random 
  [9e88b42a] + Serialization 
  [2f01184e] + SparseArrays 
   Testing BandedMatrices
 Resolving package versions...
    Status `/tmp/tmpocM1vu/Manifest.toml`
  [4c555306] ArrayLayouts v0.1.5
  [aae01518] BandedMatrices v0.14.1
  [1a297f60] FillArrays v0.8.2
  [2a0f44e3] Base64  [`@stdlib/Base64`]
  [8ba89e20] Distributed  [`@stdlib/Distributed`]
  [b77e0a4c] InteractiveUtils  [`@stdlib/InteractiveUtils`]
  [8f399da3] Libdl  [`@stdlib/Libdl`]
  [37e2e46d] LinearAlgebra  [`@stdlib/LinearAlgebra`]
  [56ddb016] Logging  [`@stdlib/Logging`]
  [d6f4376e] Markdown  [`@stdlib/Markdown`]
  [9a3f8284] Random  [`@stdlib/Random`]
  [9e88b42a] Serialization  [`@stdlib/Serialization`]
  [6462fe0b] Sockets  [`@stdlib/Sockets`]
  [2f01184e] SparseArrays  [`@stdlib/SparseArrays`]
  [8dfed614] Test  [`@stdlib/Test`]
Test Summary: | Pass  Total
BandedMatrix  | 3332   3332
Test Summary:         | Pass  Total
BandedMatrix SubArray |  135    135
Test Summary:  |  Pass  Total
Linear Algebra | 22865  22865
  0.000023 seconds (36 allocations: 1.641 KiB)
Test Summary: | Pass  Total
broadcasting  |  173    173
Test Summary: | Pass  Total
Indexing      |  511    511
Test Summary: | Pass  Total
Banded A\b    |   54     54
Test Summary: | Pass  Broken  Total
QR tests      | 1111       4   1115
Test Summary: | Pass  Total
Symmetric     |   31     31
Test Summary: | Pass  Total
Hermitian     |   18     18
Test Summary: | Pass  Total
LDLᵀ          |   23     23
Test Summary: | Pass  Broken  Total
Cholesky      |   12       4     16
Test Summary: | Pass  Total
Triangular    |   54     54
Test Summary:           | Pass  Total
banded matrix interface |   32     32
Test Summary:      | Pass  Total
Diagonal interface |   18     18
  0.195672 seconds (141.15 k allocations: 7.359 MiB, 14.03% gc time)
  0.024585 seconds (162 allocations: 35.453 KiB)
  0.208880 seconds (184.73 k allocations: 9.430 MiB)
  1.661724 seconds (1.51 M allocations: 75.841 MiB, 6.67% gc time)
  0.000603 seconds (62 allocations: 66.031 KiB)
Test Summary: | Pass  Broken  Total
misc tests    |   21       1     22
   Testing BandedMatrices tests passed 
