 Resolving package versions...
 Installed OrderedCollections ─ v1.1.0
 Installed TranscodingStreams ─ v0.9.5
 Installed DataStructures ───── v0.17.6
 Installed StaticArrays ─────── v0.12.1
 Installed BioSymbols ───────── v3.1.0
 Installed Automa ───────────── v0.8.0
 Installed SubstitutionModels ─ v0.4.0
  Updating `~/.julia/environments/v1.2/Project.toml`
  [8365b1bb] + SubstitutionModels v0.4.0
  Updating `~/.julia/environments/v1.2/Manifest.toml`
  [67c07d97] + Automa v0.8.0
  [3c28c6f8] + BioSymbols v3.1.0
  [864edb3b] + DataStructures v0.17.6
  [bac558e1] + OrderedCollections v1.1.0
  [90137ffa] + StaticArrays v0.12.1
  [8365b1bb] + SubstitutionModels v0.4.0
  [3bb67fe8] + TranscodingStreams v0.9.5
  [2a0f44e3] + Base64 
  [8ba89e20] + Distributed 
  [b77e0a4c] + InteractiveUtils 
  [8f399da3] + Libdl 
  [37e2e46d] + LinearAlgebra 
  [56ddb016] + Logging 
  [d6f4376e] + Markdown 
  [de0858da] + Printf 
  [9a3f8284] + Random 
  [9e88b42a] + Serialization 
  [6462fe0b] + Sockets 
  [2f01184e] + SparseArrays 
  [10745b16] + Statistics 
  [8dfed614] + Test 
  [4ec0a83e] + Unicode 
   Testing SubstitutionModels
 Resolving package versions...
    Status `/tmp/jl_mhCf7z/Manifest.toml`
  [67c07d97] Automa v0.8.0
  [3c28c6f8] BioSymbols v3.1.0
  [864edb3b] DataStructures v0.17.6
  [bac558e1] OrderedCollections v1.1.0
  [90137ffa] StaticArrays v0.12.1
  [8365b1bb] SubstitutionModels v0.4.0
  [3bb67fe8] TranscodingStreams v0.9.5
  [2a0f44e3] Base64  [`@stdlib/Base64`]
  [8ba89e20] Distributed  [`@stdlib/Distributed`]
  [b77e0a4c] InteractiveUtils  [`@stdlib/InteractiveUtils`]
  [8f399da3] Libdl  [`@stdlib/Libdl`]
  [37e2e46d] LinearAlgebra  [`@stdlib/LinearAlgebra`]
  [56ddb016] Logging  [`@stdlib/Logging`]
  [d6f4376e] Markdown  [`@stdlib/Markdown`]
  [de0858da] Printf  [`@stdlib/Printf`]
  [9a3f8284] Random  [`@stdlib/Random`]
  [9e88b42a] Serialization  [`@stdlib/Serialization`]
  [6462fe0b] Sockets  [`@stdlib/Sockets`]
  [2f01184e] SparseArrays  [`@stdlib/SparseArrays`]
  [10745b16] Statistics  [`@stdlib/Statistics`]
  [8dfed614] Test  [`@stdlib/Test`]
  [4ec0a83e] Unicode  [`@stdlib/Unicode`]
Test Summary: | Pass  Total
JC69abs       |   15     15
Test Summary: | Pass  Total
JC69rel       |   14     14
Test Summary: | Pass  Total
K80abs        |   16     16
Test Summary: | Pass  Total
K80rel        |   15     15
Test Summary: | Pass  Total
F81abs        |   17     17
Test Summary: | Pass  Total
F81rel        |   16     16
Test Summary: | Pass  Total
F84abs        |   18     18
Test Summary: | Pass  Total
F84rel        |   17     17
Test Summary: | Pass  Total
HKY85abs      |   18     18
Test Summary: | Pass  Total
HKY85rel      |   17     17
Test Summary: | Pass  Total
TN93abs       |   19     19
Test Summary: | Pass  Total
TN93rel       |   18     18
Test Summary: | Pass  Total
GTRabs        |   21     21
Test Summary: | Pass  Total
GTRrel        |   20     20
Test Summary: | Pass  Total
Indexing      |    2      2
   Testing SubstitutionModels tests passed 
