 Resolving package versions...
 Installed URIParser ──────── v0.4.0
 Installed TimerOutputs ───── v0.5.3
 Installed BinDeps ────────── v0.8.10
 Installed Compat ─────────── v2.2.0
 Installed AutoGrad ───────── v1.2.0
 Installed SpecialFunctions ─ v0.8.0
 Installed BinaryProvider ─── v0.5.8
  Updating `~/.julia/environments/v1.0/Project.toml`
  [6710c13c] + AutoGrad v1.2.0
  Updating `~/.julia/environments/v1.0/Manifest.toml`
  [6710c13c] + AutoGrad v1.2.0
  [9e28174c] + BinDeps v0.8.10
  [b99e7846] + BinaryProvider v0.5.8
  [34da2185] + Compat v2.2.0
  [276daf66] + SpecialFunctions v0.8.0
  [a759f4b9] + TimerOutputs v0.5.3
  [30578b45] + URIParser v0.4.0
  [2a0f44e3] + Base64 
  [ade2ca70] + Dates 
  [8bb1440f] + DelimitedFiles 
  [8ba89e20] + Distributed 
  [b77e0a4c] + InteractiveUtils 
  [76f85450] + LibGit2 
  [8f399da3] + Libdl 
  [37e2e46d] + LinearAlgebra 
  [56ddb016] + Logging 
  [d6f4376e] + Markdown 
  [a63ad114] + Mmap 
  [44cfe95a] + Pkg 
  [de0858da] + Printf 
  [3fa0cd96] + REPL 
  [9a3f8284] + Random 
  [ea8e919c] + SHA 
  [9e88b42a] + Serialization 
  [1a1011a3] + SharedArrays 
  [6462fe0b] + Sockets 
  [2f01184e] + SparseArrays 
  [10745b16] + Statistics 
  [8dfed614] + Test 
  [cf7118a7] + UUIDs 
  [4ec0a83e] + Unicode 
  Building SpecialFunctions → `~/.julia/packages/SpecialFunctions/ne2iw/deps/build.log`
   Testing AutoGrad
 Resolving package versions...
    Status `/tmp/tmpCiwWBf/Manifest.toml`
  [6710c13c] AutoGrad v1.2.0
  [9e28174c] BinDeps v0.8.10
  [b99e7846] BinaryProvider v0.5.8
  [34da2185] Compat v2.2.0
  [276daf66] SpecialFunctions v0.8.0
  [a759f4b9] TimerOutputs v0.5.3
  [30578b45] URIParser v0.4.0
  [2a0f44e3] Base64  [`@stdlib/Base64`]
  [ade2ca70] Dates  [`@stdlib/Dates`]
  [8bb1440f] DelimitedFiles  [`@stdlib/DelimitedFiles`]
  [8ba89e20] Distributed  [`@stdlib/Distributed`]
  [b77e0a4c] InteractiveUtils  [`@stdlib/InteractiveUtils`]
  [76f85450] LibGit2  [`@stdlib/LibGit2`]
  [8f399da3] Libdl  [`@stdlib/Libdl`]
  [37e2e46d] LinearAlgebra  [`@stdlib/LinearAlgebra`]
  [56ddb016] Logging  [`@stdlib/Logging`]
  [d6f4376e] Markdown  [`@stdlib/Markdown`]
  [a63ad114] Mmap  [`@stdlib/Mmap`]
  [44cfe95a] Pkg  [`@stdlib/Pkg`]
  [de0858da] Printf  [`@stdlib/Printf`]
  [3fa0cd96] REPL  [`@stdlib/REPL`]
  [9a3f8284] Random  [`@stdlib/Random`]
  [ea8e919c] SHA  [`@stdlib/SHA`]
  [9e88b42a] Serialization  [`@stdlib/Serialization`]
  [1a1011a3] SharedArrays  [`@stdlib/SharedArrays`]
  [6462fe0b] Sockets  [`@stdlib/Sockets`]
  [2f01184e] SparseArrays  [`@stdlib/SparseArrays`]
  [10745b16] Statistics  [`@stdlib/Statistics`]
  [8dfed614] Test  [`@stdlib/Test`]
  [cf7118a7] UUIDs  [`@stdlib/UUIDs`]
  [4ec0a83e] Unicode  [`@stdlib/Unicode`]
138.381024 seconds (103.22 M allocations: 5.140 GiB, 3.52% gc time)
 24.440342 seconds (18.29 M allocations: 992.099 MiB, 4.63% gc time)
┌ Warning: Output independent of params
└ @ AutoGrad ~/.julia/packages/AutoGrad/pTNVv/test/gradcheck.jl:159
(pa, xi, f0, nd, ad) = ("2-element Array{Float64,1}", 0.13430023756127, Inf, NaN, 0)
 29.022257 seconds (22.61 M allocations: 1.182 GiB, 5.15% gc time)
124.452348 seconds (84.94 M allocations: 4.256 GiB, 4.40% gc time)
 17.038207 seconds (13.88 M allocations: 715.657 MiB, 4.84% gc time)
 14.395133 seconds (10.39 M allocations: 562.851 MiB, 4.17% gc time)
 29.639710 seconds (21.69 M allocations: 1.161 GiB, 5.71% gc time)
163.491310 seconds (135.45 M allocations: 7.025 GiB, 6.82% gc time)
 14.141186 seconds (9.96 M allocations: 525.579 MiB, 5.88% gc time)
  4.930430 seconds (2.85 M allocations: 117.917 MiB, 17.62% gc time)
 13.694619 seconds (7.84 M allocations: 385.992 MiB, 11.05% gc time)
  1.478496 seconds (842.41 k allocations: 44.163 MiB, 16.64% gc time)
 61.197672 seconds (42.57 M allocations: 2.220 GiB, 9.16% gc time)
 33.406403 seconds (22.44 M allocations: 1.221 GiB, 7.66% gc time)
Test Summary: | Pass  Broken  Total
AutoGrad      |  564      15    579
   Testing AutoGrad tests passed 
