 Resolving package versions...
 Installed GLPKMathProgInterface ─ v0.4.4
 Installed Parsers ─────────────── v0.3.10
 Installed Compat ──────────────── v2.2.0
 Installed BenchmarkTools ──────── v0.4.3
 Installed BinaryProvider ──────── v0.5.8
 Installed MathProgBase ────────── v0.7.7
 Installed JSON ────────────────── v0.21.0
 Installed MathOptInterface ────── v0.9.7
 Installed OrderedCollections ──── v1.1.0
 Installed GLPK ────────────────── v0.12.0
  Updating `~/.julia/environments/v1.2/Project.toml`
  [3c7084bd] + GLPKMathProgInterface v0.4.4
  Updating `~/.julia/environments/v1.2/Manifest.toml`
  [6e4b80f9] + BenchmarkTools v0.4.3
  [b99e7846] + BinaryProvider v0.5.8
  [34da2185] + Compat v2.2.0
  [60bf3e95] + GLPK v0.12.0
  [3c7084bd] + GLPKMathProgInterface v0.4.4
  [682c06a0] + JSON v0.21.0
  [b8f27783] + MathOptInterface v0.9.7
  [fdba3010] + MathProgBase v0.7.7
  [bac558e1] + OrderedCollections v1.1.0
  [69de0a69] + Parsers v0.3.10
  [2a0f44e3] + Base64 
  [ade2ca70] + Dates 
  [8bb1440f] + DelimitedFiles 
  [8ba89e20] + Distributed 
  [b77e0a4c] + InteractiveUtils 
  [76f85450] + LibGit2 
  [8f399da3] + Libdl 
  [37e2e46d] + LinearAlgebra 
  [56ddb016] + Logging 
  [d6f4376e] + Markdown 
  [a63ad114] + Mmap 
  [44cfe95a] + Pkg 
  [de0858da] + Printf 
  [3fa0cd96] + REPL 
  [9a3f8284] + Random 
  [ea8e919c] + SHA 
  [9e88b42a] + Serialization 
  [1a1011a3] + SharedArrays 
  [6462fe0b] + Sockets 
  [2f01184e] + SparseArrays 
  [10745b16] + Statistics 
  [8dfed614] + Test 
  [cf7118a7] + UUIDs 
  [4ec0a83e] + Unicode 
  Building GLPK → `~/.julia/packages/GLPK/J1b5G/deps/build.log`
   Testing GLPKMathProgInterface
    Status `/tmp/jl_DgWia9/Manifest.toml`
  [6e4b80f9] BenchmarkTools v0.4.3
  [b99e7846] BinaryProvider v0.5.8
  [34da2185] Compat v2.2.0
  [60bf3e95] GLPK v0.12.0
  [3c7084bd] GLPKMathProgInterface v0.4.4
  [682c06a0] JSON v0.21.0
  [b8f27783] MathOptInterface v0.9.7
  [fdba3010] MathProgBase v0.7.7
  [bac558e1] OrderedCollections v1.1.0
  [69de0a69] Parsers v0.3.10
  [2a0f44e3] Base64  [`@stdlib/Base64`]
  [ade2ca70] Dates  [`@stdlib/Dates`]
  [8bb1440f] DelimitedFiles  [`@stdlib/DelimitedFiles`]
  [8ba89e20] Distributed  [`@stdlib/Distributed`]
  [b77e0a4c] InteractiveUtils  [`@stdlib/InteractiveUtils`]
  [76f85450] LibGit2  [`@stdlib/LibGit2`]
  [8f399da3] Libdl  [`@stdlib/Libdl`]
  [37e2e46d] LinearAlgebra  [`@stdlib/LinearAlgebra`]
  [56ddb016] Logging  [`@stdlib/Logging`]
  [d6f4376e] Markdown  [`@stdlib/Markdown`]
  [a63ad114] Mmap  [`@stdlib/Mmap`]
  [44cfe95a] Pkg  [`@stdlib/Pkg`]
  [de0858da] Printf  [`@stdlib/Printf`]
  [3fa0cd96] REPL  [`@stdlib/REPL`]
  [9a3f8284] Random  [`@stdlib/Random`]
  [ea8e919c] SHA  [`@stdlib/SHA`]
  [9e88b42a] Serialization  [`@stdlib/Serialization`]
  [1a1011a3] SharedArrays  [`@stdlib/SharedArrays`]
  [6462fe0b] Sockets  [`@stdlib/Sockets`]
  [2f01184e] SparseArrays  [`@stdlib/SparseArrays`]
  [10745b16] Statistics  [`@stdlib/Statistics`]
  [8dfed614] Test  [`@stdlib/Test`]
  [cf7118a7] UUIDs  [`@stdlib/UUIDs`]
  [4ec0a83e] Unicode  [`@stdlib/Unicode`]
Test Summary:  | Pass  Total
Set parameters |    4      4
Test Summary:      | Pass  Total
Set MPB parameters |    2      2
Test Summary:  | Pass  Total
Invalid bounds |   24     24
┌ Warning: `Pkg.dir(pkgname, paths...)` is deprecated; instead, do `import MathProgBase; joinpath(dirname(pathof(MathProgBase)), "..", paths...)`.
└ @ Pkg.API /buildworker/worker/package_linux64/build/usr/share/julia/stdlib/v1.2/Pkg/src/API.jl:415
┌ Warning: Element type Int64 does not have an infinite value. Note that this may artifically introduce ranged (two-sided) constraints. To avoid this, consider casting the problem data to Float64.
└ @ MathProgBase.HighLevelInterface ~/.julia/packages/MathProgBase/rVlFR/src/HighLevelInterface/HighLevelInterface.jl:9
┌ Warning: Element type Int64 does not have an infinite value. Note that this may artifically introduce ranged (two-sided) constraints. To avoid this, consider casting the problem data to Float64.
└ @ MathProgBase.HighLevelInterface ~/.julia/packages/MathProgBase/rVlFR/src/HighLevelInterface/HighLevelInterface.jl:9
┌ Warning: Element type Int64 does not have an infinite value. Note that this may artifically introduce ranged (two-sided) constraints. To avoid this, consider casting the problem data to Float64.
└ @ MathProgBase.HighLevelInterface ~/.julia/packages/MathProgBase/rVlFR/src/HighLevelInterface/HighLevelInterface.jl:9
┌ Warning: Element type Int64 does not have an infinite value. Note that this may artifically introduce ranged (two-sided) constraints. To avoid this, consider casting the problem data to Float64.
└ @ MathProgBase.HighLevelInterface ~/.julia/packages/MathProgBase/rVlFR/src/HighLevelInterface/HighLevelInterface.jl:9
┌ Warning: Element type Int64 does not have an infinite value. Note that this may artifically introduce ranged (two-sided) constraints. To avoid this, consider casting the problem data to Float64.
└ @ MathProgBase.HighLevelInterface ~/.julia/packages/MathProgBase/rVlFR/src/HighLevelInterface/HighLevelInterface.jl:9
┌ Warning: Element type Int64 does not have an infinite value. Note that this may artifically introduce ranged (two-sided) constraints. To avoid this, consider casting the problem data to Float64.
└ @ MathProgBase.HighLevelInterface ~/.julia/packages/MathProgBase/rVlFR/src/HighLevelInterface/HighLevelInterface.jl:9
Test Summary:      | Pass  Total
MathProgBase tests |  162    162
   Testing GLPKMathProgInterface tests passed 
