 Resolving package versions...
 Installed Measures ─ v0.3.0
  Updating `~/.julia/environments/v1.2/Project.toml`
  [442fdcdd] + Measures v0.3.0
  Updating `~/.julia/environments/v1.2/Manifest.toml`
  [442fdcdd] + Measures v0.3.0
  [2a0f44e3] + Base64 
  [8ba89e20] + Distributed 
  [b77e0a4c] + InteractiveUtils 
  [56ddb016] + Logging 
  [d6f4376e] + Markdown 
  [9a3f8284] + Random 
  [9e88b42a] + Serialization 
  [6462fe0b] + Sockets 
  [8dfed614] + Test 
   Testing Measures
    Status `/tmp/jl_nOu0vy/Manifest.toml`
  [442fdcdd] Measures v0.3.0
  [2a0f44e3] Base64  [`@stdlib/Base64`]
  [8ba89e20] Distributed  [`@stdlib/Distributed`]
  [b77e0a4c] InteractiveUtils  [`@stdlib/InteractiveUtils`]
  [56ddb016] Logging  [`@stdlib/Logging`]
  [d6f4376e] Markdown  [`@stdlib/Markdown`]
  [9a3f8284] Random  [`@stdlib/Random`]
  [9e88b42a] Serialization  [`@stdlib/Serialization`]
  [6462fe0b] Sockets  [`@stdlib/Sockets`]
  [8dfed614] Test  [`@stdlib/Test`]
Test Summary:  | Pass  Total
Bounding boxes |    6      6
Test Summary:        | Pass  Total
Measure constructors |    4      4
Test Summary: | Pass  Total
operators     |   37     37
   Testing Measures tests passed 
