 Resolving package versions...
 Installed IniFile â”€â”€â”€â”€â”€â”€â”€â”€ v0.5.0
 Installed MbedTLS â”€â”€â”€â”€â”€â”€â”€â”€ v0.6.8
 Installed HTTP â”€â”€â”€â”€â”€â”€â”€â”€â”€â”€â”€ v0.8.8
 Installed BinaryProvider â”€ v0.5.8
  Updating `~/.julia/environments/v1.0/Project.toml`
  [cd3eb016] + HTTP v0.8.8
  Updating `~/.julia/environments/v1.0/Manifest.toml`
  [b99e7846] + BinaryProvider v0.5.8
  [cd3eb016] + HTTP v0.8.8
  [83e8ac13] + IniFile v0.5.0
  [739be429] + MbedTLS v0.6.8
  [2a0f44e3] + Base64 
  [ade2ca70] + Dates 
  [8ba89e20] + Distributed 
  [b77e0a4c] + InteractiveUtils 
  [8f399da3] + Libdl 
  [37e2e46d] + LinearAlgebra 
  [56ddb016] + Logging 
  [d6f4376e] + Markdown 
  [de0858da] + Printf 
  [9a3f8284] + Random 
  [ea8e919c] + SHA 
  [9e88b42a] + Serialization 
  [6462fe0b] + Sockets 
  [8dfed614] + Test 
  [4ec0a83e] + Unicode 
  Building MbedTLS â†’ `~/.julia/packages/MbedTLS/X4xar/deps/build.log`
   Testing HTTP
 Resolving package versions...
 Installed JSON â”€â”€â”€â”€â”€â”€â”€â”€â”€â”€â”€â”€ v0.21.0
 Installed Parsers â”€â”€â”€â”€â”€â”€â”€â”€â”€ v0.3.10
 Installed BufferedStreams â”€ v1.0.0
 Installed Unitful â”€â”€â”€â”€â”€â”€â”€â”€â”€ v0.17.0
 Installed Compat â”€â”€â”€â”€â”€â”€â”€â”€â”€â”€ v2.2.0
    Status `/tmp/tmpBbMBcZ/Manifest.toml`
  [b99e7846] BinaryProvider v0.5.8
  [e1450e63] BufferedStreams v1.0.0
  [34da2185] Compat v2.2.0
  [cd3eb016] HTTP v0.8.8
  [83e8ac13] IniFile v0.5.0
  [682c06a0] JSON v0.21.0
  [739be429] MbedTLS v0.6.8
  [69de0a69] Parsers v0.3.10
  [1986cc42] Unitful v0.17.0
  [2a0f44e3] Base64  [`@stdlib/Base64`]
  [ade2ca70] Dates  [`@stdlib/Dates`]
  [8bb1440f] DelimitedFiles  [`@stdlib/DelimitedFiles`]
  [8ba89e20] Distributed  [`@stdlib/Distributed`]
  [b77e0a4c] InteractiveUtils  [`@stdlib/InteractiveUtils`]
  [76f85450] LibGit2  [`@stdlib/LibGit2`]
  [8f399da3] Libdl  [`@stdlib/Libdl`]
  [37e2e46d] LinearAlgebra  [`@stdlib/LinearAlgebra`]
  [56ddb016] Logging  [`@stdlib/Logging`]
  [d6f4376e] Markdown  [`@stdlib/Markdown`]
  [a63ad114] Mmap  [`@stdlib/Mmap`]
  [44cfe95a] Pkg  [`@stdlib/Pkg`]
  [de0858da] Printf  [`@stdlib/Printf`]
  [3fa0cd96] REPL  [`@stdlib/REPL`]
  [9a3f8284] Random  [`@stdlib/Random`]
  [ea8e919c] SHA  [`@stdlib/SHA`]
  [9e88b42a] Serialization  [`@stdlib/Serialization`]
  [1a1011a3] SharedArrays  [`@stdlib/SharedArrays`]
  [6462fe0b] Sockets  [`@stdlib/Sockets`]
  [2f01184e] SparseArrays  [`@stdlib/SparseArrays`]
  [10745b16] Statistics  [`@stdlib/Statistics`]
  [8dfed614] Test  [`@stdlib/Test`]
  [cf7118a7] UUIDs  [`@stdlib/UUIDs`]
  [4ec0a83e] Unicode  [`@stdlib/Unicode`]
Running ascii.jl tests...
Running chunking.jl tests...
Running utils.jl tests...
Running client.jl tests...
client transfer-encoding chunked
client transfer-encoding chunked
Running multipart.jl tests...
Running sniff.jl tests...
Running uri.jl tests...
Running url.jl tests...
Running cookies.jl tests...
Running parser.jl tests...
WARNING: using Messages.status in module Main conflicts with an existing identifier.
Running loopback.jl tests...
ðŸ“¡  GET /echo HTTP/1.1
ðŸ“¡  GET /echo HTTP/1.1
ðŸ“¡  GET /echo HTTP/1.1
ðŸ“¡  GET /echo HTTP/1.1
ðŸ“¡  GET /delay10 HTTP/1.1
ðŸ“¡  PUT /delay10 HTTP/1.1
ðŸ“¡  PUT /abort HTTP/1.1
ðŸ“¡  GET /echo HTTP/1.1
ðŸ“¡  GET /abort HTTP/1.1
ðŸ“¡  GET /delay1 HTTP/1.1
ðŸ“¡  GET /delay2 HTTP/1.1
ðŸ“¡  GET /delay3 HTTP/1.1
ðŸ“¡  GET /delay4 HTTP/1.1
ðŸ“¡  GET /delay5 HTTP/1.1
t = 3.2429890632629395
ðŸ“¡  GET /delay1 HTTP/1.1
ðŸ“¡  GET /delay2 HTTP/1.1
ðŸ“¡  GET /delay3 HTTP/1.1
ðŸ“¡  GET /delay4 HTTP/1.1
ðŸ“¡  GET /delay5 HTTP/1.1
ðŸ“¡  GET /delay1 HTTP/1.1
ðŸ“¡  GET /delay2 HTTP/1.1
ðŸ“¡  GET /delay3 HTTP/1.1
ðŸ“¡  GET /delay4 HTTP/1.1
ðŸ“¡  GET /delay5 HTTP/1.1
ðŸ“¡  GET /delay1 HTTP/1.1
ðŸ“¡  GET /delay2 HTTP/1.1
ðŸ“¡  GET /delay3 HTTP/1.1
ðŸ“¡  GET /delay4 HTTP/1.1
ðŸ“¡  GET /delay5 HTTP/1.1
t = 0.6585631370544434
ðŸ“¡  GET /delay1 HTTP/1.1
ðŸ“¡  GET /delay2 HTTP/1.1
ðŸ“¡  GET /delay3 HTTP/1.1
ðŸ“¡  GET /delay4 HTTP/1.1
ðŸ“¡  GET /delay5 HTTP/1.1
t = 0.7914450168609619
ðŸ“¡  POST /delay1 HTTP/1.1
ðŸ“¡  GET /delay2 HTTP/1.1
ðŸ“¡  GET /delay3 HTTP/1.1
ðŸ“¡  GET /delay4 HTTP/1.1
ðŸ“¡  GET /delay5 HTTP/1.1
ðŸ“¡  GET /delay1 HTTP/1.1
ðŸ“¡  GET /delay2 HTTP/1.1
ðŸ“¡  POST /delay3 HTTP/1.1
ðŸ“¡  GET /delay4 HTTP/1.1
ðŸ“¡  GET /delay5 HTTP/1.1
Running websockets.jl tests...
Running messages.jl tests...
GET /ip HTTP/1.1
HTTP/1.1 200 OK <= (GET /ip HTTP/1.1)
HEAD /ip HTTP/1.1
HTTP/1.1 200 OK <= (HEAD /ip HTTP/1.1)
OPTIONS /ip HTTP/1.1
HTTP/1.1 200 OK <= (OPTIONS /ip HTTP/1.1)
GET /ip HTTP/1.1
HTTP/1.1 200 OK <= (GET /ip HTTP/1.1)
HEAD /ip HTTP/1.1
HTTP/1.1 200 OK <= (HEAD /ip HTTP/1.1)
OPTIONS /ip HTTP/1.1
HTTP/1.1 200 OK <= (OPTIONS /ip HTTP/1.1)
POST /post HTTP/1.1
HTTP/1.1 200 OK <= (POST /post HTTP/1.1)
POST /post HTTP/1.1
HTTP/1.1 200 OK <= (POST /post HTTP/1.1)
PUT /put HTTP/1.1
HTTP/1.1 200 OK <= (PUT /put HTTP/1.1)
PUT /put HTTP/1.1
HTTP/1.1 200 OK <= (PUT /put HTTP/1.1)
DELETE /delete HTTP/1.1
HTTP/1.1 200 OK <= (DELETE /delete HTTP/1.1)
DELETE /delete HTTP/1.1
HTTP/1.1 200 OK <= (DELETE /delete HTTP/1.1)
PATCH /patch HTTP/1.1
HTTP/1.1 200 OK <= (PATCH /patch HTTP/1.1)
PATCH /patch HTTP/1.1
HTTP/1.1 200 OK <= (PATCH /patch HTTP/1.1)
POST /post HTTP/1.1
HTTP/1.1 200 OK <= (POST /post HTTP/1.1)
POST /post HTTP/1.1
HTTP/1.1 200 OK <= (POST /post HTTP/1.1)
PUT /put HTTP/1.1
HTTP/1.1 200 OK <= (PUT /put HTTP/1.1)
PUT /put HTTP/1.1
HTTP/1.1 200 OK <= (PUT /put HTTP/1.1)
DELETE /delete HTTP/1.1
HTTP/1.1 200 OK <= (DELETE /delete HTTP/1.1)
DELETE /delete HTTP/1.1
HTTP/1.1 200 OK <= (DELETE /delete HTTP/1.1)
PATCH /patch HTTP/1.1
HTTP/1.1 200 OK <= (PATCH /patch HTTP/1.1)
PATCH /patch HTTP/1.1
HTTP/1.1 200 OK <= (PATCH /patch HTTP/1.1)
POST /post HTTP/1.1
HTTP/1.1 200 OK <= (POST /post HTTP/1.1)
POST /post HTTP/1.1
HTTP/1.1 200 OK <= (POST /post HTTP/1.1)
PUT /put HTTP/1.1
HTTP/1.1 200 OK <= (PUT /put HTTP/1.1)
POST /post HTTP/1.1
HTTP/1.1 200 OK <= (POST /post HTTP/1.1)
DELETE /delete HTTP/1.1
HTTP/1.1 200 OK <= (DELETE /delete HTTP/1.1)
POST /post HTTP/1.1
HTTP/1.1 200 OK <= (POST /post HTTP/1.1)
PATCH /patch HTTP/1.1
HTTP/1.1 200 OK <= (PATCH /patch HTTP/1.1)
POST /post HTTP/1.1
HTTP/1.1 200 OK <= (POST /post HTTP/1.1)
POST /post HTTP/1.1
HTTP/1.1 200 OK <= (POST /post HTTP/1.1)
POST /post HTTP/1.1
HTTP/1.1 200 OK <= (POST /post HTTP/1.1)
PUT /put HTTP/1.1
HTTP/1.1 200 OK <= (PUT /put HTTP/1.1)
POST /post HTTP/1.1
HTTP/1.1 200 OK <= (POST /post HTTP/1.1)
DELETE /delete HTTP/1.1
HTTP/1.1 200 OK <= (DELETE /delete HTTP/1.1)
POST /post HTTP/1.1
HTTP/1.1 200 OK <= (POST /post HTTP/1.1)
PATCH /patch HTTP/1.1
HTTP/1.1 200 OK <= (PATCH /patch HTTP/1.1)
POST /post HTTP/1.1
HTTP/1.1 200 OK <= (POST /post HTTP/1.1)
GET /stream/50 HTTP/1.1
HTTP/1.1 200 OK <= (GET /stream/50 HTTP/1.1)
Running handlers.jl tests...
Running server.jl tests...
length(x) = 100018
client:
HTTP/1.1 200 OK
Transfer-Encoding: chunked

f
Body of Request
0


client = "HTTP/1.1 200 OK\r\n\r\nHello"
Testing server port reuse
Starting second server listening on same port
Starting server on same port without port reuse (throws error)
Running async.jl tests...
ConnectionPool[
   â¸   16â†‘    15â†“    0s httpbin.org:443:36570 â‰£16 447 bytes waiting
   â¸   15â†‘    15â†“    0s httpbin.org:443:45548 â‰£16
   â¸   14â†‘    14â†“    0s httpbin.org:443:36622 â‰£16
   â¸   13â†‘    13â†“    0s httpbin.org:443:45596 â‰£16
   â¸   12â†‘    12â†“    0s httpbin.org:443:36654 â‰£16
   â¸   11â†‘    11â†“    0s httpbin.org:443:45604 â‰£16
   â¸   10â†‘    10â†“    0s httpbin.org:443:36666 â‰£16
   â¸    9â†‘     9â†“    0s httpbin.org:443:36668 â‰£16
]

ConnectionPool[
   ðŸ”    3â†‘ðŸ”’    2â†“ðŸ”’   0s httpbin.org:80:44336 â‰£16
   ðŸ”    2â†‘ðŸ”’    2â†“    0s httpbin.org:80:44338 â‰£16
   ðŸ”    3â†‘     2â†“ðŸ”’   0s httpbin.org:80:44340 â‰£16
   ðŸ”    3â†‘     1â†“ðŸ”’   0s httpbin.org:80:44342 â‰£16
   ðŸ”    2â†‘     1â†“ðŸ”’   0s httpbin.org:80:53670 â‰£16
   ðŸ”    2â†‘     1â†“ðŸ”’   0s httpbin.org:80:44350 â‰£16
   ðŸ”    2â†‘     1â†“ðŸ”’   0s httpbin.org:80:44354 â‰£16
   ðŸ”    1â†‘     0â†“ðŸ”’   0s httpbin.org:80:53682 â‰£16
]

ConnectionPool[
   â¸    7â†‘ðŸ”’    7â†“    0s httpbin.org:443:45654 â‰£16
   â¸    6â†‘ðŸ”’    6â†“    0s httpbin.org:443:45660 â‰£16
   ðŸ”    6â†‘     5â†“ðŸ”’   0s httpbin.org:443:45664 â‰£16
   ðŸ”    5â†‘     4â†“ðŸ”’   0s httpbin.org:443:45668 â‰£16
   ðŸ”    4â†‘     3â†“ðŸ”’   0s httpbin.org:443:36726 â‰£16
   ðŸ”    3â†‘     2â†“ðŸ”’   0s httpbin.org:443:36746 â‰£16
   ðŸ”    2â†‘     1â†“ðŸ”’   0s httpbin.org:443:36766 â‰£16
   ðŸ”    1â†‘     0â†“ðŸ”’   0s httpbin.org:443:36776 â‰£16
]

ConnectionPool[
   ðŸ”    3â†‘ðŸ”’    2â†“ðŸ”’   0s httpbin.org:80:53790 â‰£16
   ðŸ”    2â†‘ðŸ”’    2â†“    0s httpbin.org:80:44470 â‰£16
   ðŸ”    3â†‘     2â†“ðŸ”’   0s httpbin.org:80:53802 â‰£16
   ðŸ”    3â†‘     1â†“ðŸ”’   0s httpbin.org:80:44482 â‰£16
   ðŸ”    3â†‘     1â†“ðŸ”’   0s httpbin.org:80:44492 â‰£16
   ðŸ”    2â†‘     0â†“ðŸ”’   0s httpbin.org:80:44498 â‰£16
   ðŸ”    2â†‘     0â†“ðŸ”’   0s httpbin.org:80:44514 â‰£16
   ðŸ”    1â†‘     0â†“ðŸ”’   0s httpbin.org:80:44520 â‰£16
]

ConnectionPool[
   â¸    7â†‘ðŸ”’    7â†“    0s httpbin.org:443:45846 â‰£16
   â¸    6â†‘ðŸ”’    6â†“    0s httpbin.org:443:36916 â‰£16
   ðŸ”    6â†‘     5â†“ðŸ”’   0s httpbin.org:443:45894 â‰£16
   ðŸ”    5â†‘     4â†“ðŸ”’   0s httpbin.org:443:36966 â‰£16
   ðŸ”    4â†‘     3â†“ðŸ”’   0s httpbin.org:443:45934 â‰£16
   ðŸ”    3â†‘     2â†“ðŸ”’   0s httpbin.org:443:45954 â‰£16
   ðŸ”    2â†‘     1â†“ðŸ”’   0s httpbin.org:443:37026 â‰£16
   ðŸ”    1â†‘     0â†“ðŸ”’   0s httpbin.org:443:45998 â‰£16
]

ConnectionPool[
   ðŸ”    3â†‘ðŸ”’    2â†“ðŸ”’   0s httpbin.org:80:54064 â‰£16
   ðŸ”    2â†‘ðŸ”’    2â†“    0s httpbin.org:80:54068 â‰£16
   ðŸ”    3â†‘     2â†“ðŸ”’   0s httpbin.org:80:44752 â‰£16
   ðŸ”    3â†‘     1â†“ðŸ”’   0s httpbin.org:80:54088 â‰£16
   ðŸ”    3â†‘     1â†“ðŸ”’   0s httpbin.org:80:44768 â‰£16
   ðŸ”    2â†‘     1â†“ðŸ”’   0s httpbin.org:80:54104 â‰£16
   ðŸ”    2â†‘     0â†“ðŸ”’   0s httpbin.org:80:44784 â‰£16
   ðŸ”    1â†‘     0â†“ðŸ”’   0s httpbin.org:80:44790 â‰£16
]

ConnectionPool[
   â¸    7â†‘ðŸ”’    7â†“    0s httpbin.org:443:37148 â‰£16
   â¸    6â†‘ðŸ”’    6â†“    0s httpbin.org:443:46102 â‰£16
   ðŸ”    6â†‘     5â†“ðŸ”’   0s httpbin.org:443:37160 â‰£16
   ðŸ”    5â†‘     4â†“ðŸ”’   0s httpbin.org:443:46110 â‰£16
   ðŸ”    4â†‘     3â†“ðŸ”’   0s httpbin.org:443:37164 â‰£16
   ðŸ”    3â†‘     2â†“ðŸ”’   0s httpbin.org:443:37170 â‰£16
   ðŸ”    2â†‘     1â†“ðŸ”’   0s httpbin.org:443:37172 â‰£16
   ðŸ”    1â†‘     0â†“ðŸ”’   0s httpbin.org:443:37178 â‰£16
]

ConnectionPool[
   ðŸ”    3â†‘ðŸ”’    2â†“ðŸ”’   0s httpbin.org:80:54160 â‰£16
   ðŸ”    3â†‘ðŸ”’    2â†“ðŸ”’   0s httpbin.org:80:44838 â‰£16
   ðŸ”    3â†‘     2â†“ðŸ”’   0s httpbin.org:80:44840 â‰£16
   ðŸ”    3â†‘     1â†“ðŸ”’   0s httpbin.org:80:54166 â‰£16
   ðŸ”    3â†‘     1â†“ðŸ”’   0s httpbin.org:80:44844 â‰£16
   ðŸ”    2â†‘     1â†“ðŸ”’   0s httpbin.org:80:54170 â‰£16
   ðŸ”    2â†‘     0â†“ðŸ”’   0s httpbin.org:80:54172 â‰£16
   ðŸ”    1â†‘     0â†“ðŸ”’   0s httpbin.org:80:54174 â‰£16
]

ConnectionPool[
   â¸    7â†‘ðŸ”’    7â†“    0s httpbin.org:443:46178 â‰£16
   â¸    6â†‘ðŸ”’    6â†“    0s httpbin.org:443:37236 â‰£16
   ðŸ”    6â†‘     5â†“ðŸ”’   0s httpbin.org:443:37264 â‰£16
   ðŸ”    5â†‘     4â†“ðŸ”’   0s httpbin.org:443:37276 â‰£16
   ðŸ”    4â†‘     3â†“ðŸ”’   0s httpbin.org:443:37310 â‰£16
   ðŸ”    3â†‘     2â†“ðŸ”’   0s httpbin.org:443:46280 â‰£16
   ðŸ”    2â†‘     1â†“ðŸ”’   0s httpbin.org:443:37352 â‰£16
   ðŸ”    1â†‘     0â†“ðŸ”’   0s httpbin.org:443:37378 â‰£16
]

ConnectionPool[
   ðŸ”    3â†‘ðŸ”’    2â†“ðŸ”’   0s httpbin.org:80:45082 â‰£16
   ðŸ”    3â†‘ðŸ”’    2â†“ðŸ”’   0s httpbin.org:80:45088 â‰£16
   ðŸ”    3â†‘     2â†“ðŸ”’   0s httpbin.org:80:45096 â‰£16
   ðŸ”    3â†‘     1â†“ðŸ”’   0s httpbin.org:80:45100 â‰£16
   ðŸ”    3â†‘     1â†“ðŸ”’   0s httpbin.org:80:45106 â‰£16
   ðŸ”    2â†‘     1â†“ðŸ”’   0s httpbin.org:80:45110 â‰£16
   ðŸ”    2â†‘     0â†“ðŸ”’   0s httpbin.org:80:45116 â‰£16
   ðŸ”    1â†‘     0â†“ðŸ”’   0s httpbin.org:80:45124 â‰£16
]

ConnectionPool[
   â¸    7â†‘ðŸ”’    7â†“    0s httpbin.org:443:46450 â‰£16
   â¸    6â†‘ðŸ”’    6â†“    0s httpbin.org:443:46462 â‰£16
   ðŸ”    6â†‘     5â†“ðŸ”’   0s httpbin.org:443:46478 â‰£16
   ðŸ”    5â†‘     4â†“ðŸ”’   0s httpbin.org:443:46500 â‰£16
   ðŸ”    4â†‘     3â†“ðŸ”’   0s httpbin.org:443:46520 â‰£16
   ðŸ”    3â†‘     2â†“ðŸ”’   0s httpbin.org:443:46526 â‰£16
   ðŸ”    2â†‘     1â†“ðŸ”’   0s httpbin.org:443:46528 â‰£16
   ðŸ”    1â†‘     0â†“ðŸ”’   0s httpbin.org:443:37588 â‰£16
]

ConnectionPool[
   ðŸ”    2â†‘ðŸ”’    2â†“ðŸ”’   0s httpbin.org:80:45332 â‰£16
   ðŸ”    2â†‘ðŸ”’    2â†“ðŸ”’   0s httpbin.org:80:45334 â‰£16
   ðŸ”    1â†‘ðŸ”’    1â†“ðŸ”’   0s httpbin.org:80:45336 â‰£16
   ðŸ”    1â†‘ðŸ”’    1â†“ðŸ”’   0s httpbin.org:80:45338 â‰£16
   ðŸ”    1â†‘ðŸ”’    1â†“ðŸ”’   0s httpbin.org:80:45342 â‰£16
   ðŸ”    1â†‘ðŸ”’    1â†“ðŸ”’   0s httpbin.org:80:54668 â‰£16
   ðŸ”    0â†‘ðŸ”’    0â†“ðŸ”’   0s httpbin.org:80:54672 â‰£16
   ðŸ”    0â†‘ðŸ”’    0â†“ðŸ”’   0s httpbin.org:80:54674 â‰£16
]

ConnectionPool[
   ðŸ”    6â†‘ðŸ”’    6â†“ðŸ”’   0s httpbin.org:80:45332 â‰£16
   ðŸ”    6â†‘ðŸ”’    6â†“ðŸ”’   0s httpbin.org:80:45334 â‰£16
   ðŸ”    5â†‘ðŸ”’    5â†“ðŸ”’   0s httpbin.org:80:45336 â‰£16
   ðŸ”    6â†‘ðŸ”’    6â†“ðŸ”’   0s httpbin.org:80:45338 â‰£16
   ðŸ”    5â†‘ðŸ”’    5â†“ðŸ”’   0s httpbin.org:80:45342 â‰£16
   ðŸ”    5â†‘ðŸ”’    5â†“ðŸ”’   0s httpbin.org:80:54668 â‰£16
   ðŸ”    4â†‘ðŸ”’    4â†“ðŸ”’   0s httpbin.org:80:54672 â‰£16
   ðŸ”    4â†‘ðŸ”’    4â†“ðŸ”’   0s httpbin.org:80:54674 â‰£16
]

ConnectionPool[
   ðŸ”   11â†‘ðŸ”’   11â†“ðŸ”’   0s httpbin.org:80:45332 â‰£16
   ðŸ”   11â†‘ðŸ”’   11â†“ðŸ”’   0s httpbin.org:80:45334 â‰£16
   ðŸ”    9â†‘ðŸ”’    9â†“ðŸ”’   0s httpbin.org:80:45336 â‰£16
   ðŸ”   10â†‘ðŸ”’   10â†“ðŸ”’   0s httpbin.org:80:45338 â‰£16
   ðŸ”    9â†‘ðŸ”’    9â†“ðŸ”’   0s httpbin.org:80:45342 â‰£16
   ðŸ”    9â†‘ðŸ”’    9â†“ðŸ”’   0s httpbin.org:80:54668 â‰£16
   ðŸ”    9â†‘ðŸ”’    9â†“ðŸ”’   0s httpbin.org:80:54672 â‰£16
   ðŸ”    8â†‘ðŸ”’    8â†“ðŸ”’   0s httpbin.org:80:54674 â‰£16
]

ConnectionPool[
   â¸    7â†‘ðŸ”’    7â†“    0s httpbin.org:443:46674 â‰£16
   ðŸ”    6â†‘ðŸ”’    6â†“ðŸ”’   0s httpbin.org:443:37728 â‰£16
   ðŸ”    5â†‘ðŸ”’    5â†“ðŸ”’   0s httpbin.org:443:46690 â‰£16
   ðŸ”    4â†‘ðŸ”’    4â†“ðŸ”’   0s httpbin.org:443:46698 â‰£16
   ðŸ”    3â†‘ðŸ”’    3â†“ðŸ”’   0s httpbin.org:443:46734 â‰£16
   ðŸ”    2â†‘ðŸ”’    2â†“ðŸ”’   0s httpbin.org:443:46742 â‰£16
   ðŸ”    1â†‘ðŸ”’    1â†“ðŸ”’   0s httpbin.org:443:37816 â‰£16
   ðŸ”    0â†‘ðŸ”’    0â†“ðŸ”’   0s httpbin.org:443:46804 â‰£16
]

ConnectionPool[
   ðŸ”   11â†‘ðŸ”’   11â†“ðŸ”’   0s httpbin.org:443:46674 â‰£16
   ðŸ”   10â†‘ðŸ”’   10â†“ðŸ”’   0s httpbin.org:443:37728 â‰£16
   ðŸ”    9â†‘ðŸ”’    9â†“ðŸ”’   0s httpbin.org:443:46690 â‰£16
   ðŸ”    8â†‘ðŸ”’    8â†“ðŸ”’   0s httpbin.org:443:46698 â‰£16
   ðŸ”    7â†‘ðŸ”’    7â†“ðŸ”’   0s httpbin.org:443:46734 â‰£16
   ðŸ”    5â†‘ðŸ”’    5â†“ðŸ”’   0s httpbin.org:443:46742 â‰£16
   ðŸ”    5â†‘ðŸ”’    5â†“ðŸ”’   0s httpbin.org:443:37816 â‰£16
   ðŸ”    4â†‘ðŸ”’    4â†“ðŸ”’   0s httpbin.org:443:46804 â‰£16
]

ConnectionPool[
   ðŸ”   15â†‘ðŸ”’   15â†“ðŸ”’   0s httpbin.org:443:46674 â‰£16
   ðŸ”   14â†‘ðŸ”’   14â†“ðŸ”’   0s httpbin.org:443:37728 â‰£16
   ðŸ”   13â†‘ðŸ”’   13â†“ðŸ”’   0s httpbin.org:443:46690 â‰£16
   ðŸ”   11â†‘ðŸ”’   11â†“ðŸ”’   0s httpbin.org:443:46698 â‰£16
   ðŸ”   11â†‘ðŸ”’   11â†“ðŸ”’   0s httpbin.org:443:46734 â‰£16
   ðŸ”    9â†‘ðŸ”’    9â†“ðŸ”’   0s httpbin.org:443:46742 â‰£16
   ðŸ”    8â†‘ðŸ”’    8â†“ðŸ”’   0s httpbin.org:443:37816 â‰£16
   ðŸ”    8â†‘ðŸ”’    8â†“ðŸ”’   0s httpbin.org:443:46804 â‰£16
]

ConnectionPool[
   ðŸ”    2â†‘ðŸ”’    2â†“ðŸ”’   0s httpbin.org:80:45638 â‰£16
   ðŸ”    2â†‘ðŸ”’    2â†“ðŸ”’   0s httpbin.org:80:54964 â‰£16
   ðŸ”    2â†‘ðŸ”’    2â†“ðŸ”’   0s httpbin.org:80:45642 â‰£16
   ðŸ”    1â†‘ðŸ”’    1â†“ðŸ”’   0s httpbin.org:80:45644 â‰£16
   ðŸ”    1â†‘ðŸ”’    1â†“ðŸ”’   0s httpbin.org:80:54970 â‰£16
   ðŸ”    1â†‘ðŸ”’    1â†“ðŸ”’   0s httpbin.org:80:45648 â‰£16
   ðŸ”    0â†‘ðŸ”’    0â†“ðŸ”’   0s httpbin.org:80:45652 â‰£16
   ðŸ”    0â†‘ðŸ”’    0â†“ðŸ”’   0s httpbin.org:80:54978 â‰£16
]

ConnectionPool[
   ðŸ”    7â†‘ðŸ”’    7â†“ðŸ”’   0s httpbin.org:80:45638 â‰£16
   ðŸ”    6â†‘ðŸ”’    6â†“ðŸ”’   0s httpbin.org:80:54964 â‰£16
   ðŸ”    6â†‘ðŸ”’    6â†“ðŸ”’   0s httpbin.org:80:45642 â‰£16
   ðŸ”    5â†‘ðŸ”’    5â†“ðŸ”’   0s httpbin.org:80:45644 â‰£16
   ðŸ”    5â†‘ðŸ”’    5â†“ðŸ”’   0s httpbin.org:80:54970 â‰£16
   ðŸ”    5â†‘ðŸ”’    5â†“ðŸ”’   0s httpbin.org:80:45648 â‰£16
   ðŸ”    4â†‘ðŸ”’    4â†“ðŸ”’   0s httpbin.org:80:45652 â‰£16
   ðŸ”    4â†‘ðŸ”’    4â†“ðŸ”’   0s httpbin.org:80:54978 â‰£16
]

ConnectionPool[
   ðŸ”   11â†‘ðŸ”’   11â†“ðŸ”’   0s httpbin.org:80:45638 â‰£16
   ðŸ”   10â†‘ðŸ”’   10â†“ðŸ”’   0s httpbin.org:80:54964 â‰£16
   ðŸ”   10â†‘ðŸ”’   10â†“ðŸ”’   0s httpbin.org:80:45642 â‰£16
   ðŸ”    9â†‘ðŸ”’    9â†“ðŸ”’   0s httpbin.org:80:45644 â‰£16
   ðŸ”    9â†‘ðŸ”’    9â†“ðŸ”’   0s httpbin.org:80:54970 â‰£16
   ðŸ”    9â†‘ðŸ”’    9â†“ðŸ”’   0s httpbin.org:80:45648 â‰£16
   ðŸ”    8â†‘ðŸ”’    8â†“ðŸ”’   0s httpbin.org:80:45652 â‰£16
   ðŸ”    8â†‘ðŸ”’    8â†“ðŸ”’   0s httpbin.org:80:54978 â‰£16
]

ConnectionPool[
   â¸    7â†‘ðŸ”’    7â†“    0s httpbin.org:443:38026 â‰£16
   ðŸ”    6â†‘ðŸ”’    6â†“ðŸ”’   0s httpbin.org:443:38030 â‰£16
   ðŸ”    5â†‘ðŸ”’    5â†“ðŸ”’   0s httpbin.org:443:38040 â‰£16
   ðŸ”    4â†‘ðŸ”’    4â†“ðŸ”’   0s httpbin.org:443:38046 â‰£16
   ðŸ”    3â†‘ðŸ”’    3â†“ðŸ”’   0s httpbin.org:443:38068 â‰£16
   ðŸ”    2â†‘ðŸ”’    2â†“ðŸ”’   0s httpbin.org:443:47034 â‰£16
   ðŸ”    1â†‘ðŸ”’    1â†“ðŸ”’   0s httpbin.org:443:38096 â‰£16
   ðŸ”    0â†‘ðŸ”’    0â†“ðŸ”’   0s httpbin.org:443:38100 â‰£16
]

ConnectionPool[
   ðŸ”   11â†‘ðŸ”’   11â†“ðŸ”’   0s httpbin.org:443:38026 â‰£16
   ðŸ”   10â†‘ðŸ”’   10â†“ðŸ”’   0s httpbin.org:443:38030 â‰£16
   ðŸ”    9â†‘ðŸ”’    9â†“ðŸ”’   0s httpbin.org:443:38040 â‰£16
   ðŸ”    8â†‘ðŸ”’    8â†“ðŸ”’   0s httpbin.org:443:38046 â‰£16
   ðŸ”    7â†‘ðŸ”’    7â†“ðŸ”’   0s httpbin.org:443:38068 â‰£16
   ðŸ”    5â†‘ðŸ”’    5â†“ðŸ”’   0s httpbin.org:443:47034 â‰£16
   ðŸ”    4â†‘ðŸ”’    4â†“ðŸ”’   0s httpbin.org:443:38096 â‰£16
   ðŸ”    3â†‘ðŸ”’    3â†“ðŸ”’   0s httpbin.org:443:38100 â‰£16
]

ConnectionPool[
   ðŸ”   14â†‘ðŸ”’   14â†“ðŸ”’   0s httpbin.org:443:38026 â‰£16 2-byte excess
   ðŸ”   14â†‘ðŸ”’   14â†“ðŸ”’   0s httpbin.org:443:38030 â‰£16
   ðŸ”   13â†‘ðŸ”’   13â†“ðŸ”’   0s httpbin.org:443:38040 â‰£16
   ðŸ”   12â†‘ðŸ”’   12â†“ðŸ”’   0s httpbin.org:443:38046 â‰£16
   ðŸ”   11â†‘ðŸ”’   11â†“ðŸ”’   0s httpbin.org:443:38068 â‰£16
   ðŸ”    9â†‘ðŸ”’    9â†“ðŸ”’   0s httpbin.org:443:47034 â‰£16
   ðŸ”    8â†‘ðŸ”’    8â†“ðŸ”’   0s httpbin.org:443:38096 â‰£16
   ðŸ”    7â†‘ðŸ”’    7â†“ðŸ”’   0s httpbin.org:443:38100 â‰£16
]

ConnectionPool[
   ðŸ”    2â†‘ðŸ”’    2â†“ðŸ”’   0s httpbin.org:80:45784 â‰£16
   ðŸ”    2â†‘ðŸ”’    2â†“ðŸ”’   0s httpbin.org:80:45786 â‰£16
   ðŸ”    1â†‘ðŸ”’    1â†“ðŸ”’   0s httpbin.org:80:55112 â‰£16
   ðŸ”    1â†‘ðŸ”’    1â†“ðŸ”’   0s httpbin.org:80:55118 â‰£16
   ðŸ”    1â†‘ðŸ”’    1â†“ðŸ”’   0s httpbin.org:80:55120 â‰£16
   ðŸ”    0â†‘ðŸ”’    0â†“ðŸ”’   0s httpbin.org:80:55122 â‰£16
   ðŸ”    0â†‘ðŸ”’    0â†“ðŸ”’   0s httpbin.org:80:55126 â‰£16
   ðŸ”    0â†‘ðŸ”’    0â†“ðŸ”’   0s httpbin.org:80:55128 â‰£16
]

ConnectionPool[
   ðŸ”    7â†‘ðŸ”’    7â†“ðŸ”’   0s httpbin.org:80:45784 â‰£16
   ðŸ”    6â†‘ðŸ”’    6â†“ðŸ”’   0s httpbin.org:80:45786 â‰£16
   ðŸ”    5â†‘ðŸ”’    5â†“ðŸ”’   0s httpbin.org:80:55112 â‰£16
   ðŸ”    5â†‘ðŸ”’    5â†“ðŸ”’   0s httpbin.org:80:55118 â‰£16
   ðŸ”    5â†‘ðŸ”’    5â†“ðŸ”’   0s httpbin.org:80:55120 â‰£16
   ðŸ”    5â†‘ðŸ”’    5â†“ðŸ”’   0s httpbin.org:80:55122 â‰£16
   ðŸ”    4â†‘ðŸ”’    4â†“ðŸ”’   0s httpbin.org:80:55126 â‰£16
   ðŸ”    4â†‘ðŸ”’    4â†“ðŸ”’   0s httpbin.org:80:55128 â‰£16
]

ConnectionPool[
   ðŸ”   11â†‘ðŸ”’   11â†“ðŸ”’   0s httpbin.org:80:45784 â‰£16
   ðŸ”   11â†‘ðŸ”’   11â†“ðŸ”’   0s httpbin.org:80:45786 â‰£16
   ðŸ”    9â†‘ðŸ”’    9â†“ðŸ”’   0s httpbin.org:80:55112 â‰£16
   ðŸ”   10â†‘ðŸ”’   10â†“ðŸ”’   0s httpbin.org:80:55118 â‰£16
   ðŸ”    9â†‘ðŸ”’    9â†“ðŸ”’   0s httpbin.org:80:55120 â‰£16
   ðŸ”    9â†‘ðŸ”’    9â†“ðŸ”’   0s httpbin.org:80:55122 â‰£16
   ðŸ”    8â†‘ðŸ”’    8â†“ðŸ”’   0s httpbin.org:80:55126 â‰£16
   ðŸ”    8â†‘ðŸ”’    8â†“ðŸ”’   0s httpbin.org:80:55128 â‰£16
]

ConnectionPool[
   â¸    7â†‘ðŸ”’    7â†“    0s httpbin.org:443:47146 â‰£16
   ðŸ”    6â†‘ðŸ”’    6â†“ðŸ”’   0s httpbin.org:443:47152 â‰£16
   ðŸ”    5â†‘ðŸ”’    5â†“ðŸ”’   0s httpbin.org:443:47190 â‰£16
   ðŸ”    4â†‘ðŸ”’    4â†“ðŸ”’   0s httpbin.org:443:38244 â‰£16
   ðŸ”    3â†‘ðŸ”’    3â†“ðŸ”’   0s httpbin.org:443:47198 â‰£16
   ðŸ”    2â†‘ðŸ”’    2â†“ðŸ”’   0s httpbin.org:443:47204 â‰£16
   ðŸ”    1â†‘ðŸ”’    1â†“ðŸ”’   0s httpbin.org:443:38284 â‰£16
   ðŸ”    0â†‘ðŸ”’    0â†“ðŸ”’   0s httpbin.org:443:38316 â‰£16
]

ConnectionPool[
   ðŸ”   11â†‘ðŸ”’   11â†“ðŸ”’   0s httpbin.org:443:47146 â‰£16
   ðŸ”   10â†‘ðŸ”’   10â†“ðŸ”’   0s httpbin.org:443:47152 â‰£16
   ðŸ”    9â†‘ðŸ”’    9â†“ðŸ”’   0s httpbin.org:443:47190 â‰£16
   ðŸ”    8â†‘ðŸ”’    8â†“ðŸ”’   0s httpbin.org:443:38244 â‰£16
   ðŸ”    7â†‘ðŸ”’    7â†“ðŸ”’   0s httpbin.org:443:47198 â‰£16
   ðŸ”    6â†‘ðŸ”’    6â†“ðŸ”’   0s httpbin.org:443:47204 â‰£16
   ðŸ”    4â†‘ðŸ”’    4â†“ðŸ”’   0s httpbin.org:443:38284 â‰£16
   ðŸ”    4â†‘ðŸ”’    4â†“ðŸ”’   0s httpbin.org:443:38316 â‰£16
]

ConnectionPool[
   ðŸ”   14â†‘ðŸ”’   14â†“ðŸ”’   0s httpbin.org:443:47146 â‰£16
   ðŸ”   14â†‘ðŸ”’   14â†“ðŸ”’   0s httpbin.org:443:47152 â‰£16
   ðŸ”   13â†‘ðŸ”’   13â†“ðŸ”’   0s httpbin.org:443:47190 â‰£16
   ðŸ”   11â†‘ðŸ”’   11â†“ðŸ”’   0s httpbin.org:443:38244 â‰£16
   ðŸ”   11â†‘ðŸ”’   11â†“ðŸ”’   0s httpbin.org:443:47198 â‰£16
   ðŸ”   10â†‘ðŸ”’   10â†“ðŸ”’   0s httpbin.org:443:47204 â‰£16
   ðŸ”    8â†‘ðŸ”’    8â†“ðŸ”’   0s httpbin.org:443:38284 â‰£16
   ðŸ”    7â†‘ðŸ”’    7â†“ðŸ”’   0s httpbin.org:443:38316 â‰£16 2-byte excess
]

ConnectionPool[
   ðŸ”    3â†‘ðŸ”’    3â†“    0s httpbin.org:80:55410 â‰£16
   ðŸ”    3â†‘ðŸ”’    2â†“ðŸ”’   0s httpbin.org:80:46088 â‰£16
   ðŸ”    4â†‘     2â†“ðŸ”’   0s httpbin.org:80:46092 â‰£16
   ðŸ”    3â†‘     1â†“ðŸ”’   0s httpbin.org:80:55420 â‰£16
   ðŸ”    3â†‘     1â†“ðŸ”’   0s httpbin.org:80:55422 â‰£16
   ðŸ”    2â†‘     1â†“ðŸ”’   0s httpbin.org:80:46102 â‰£16
   ðŸ”    2â†‘     0â†“ðŸ”’   0s httpbin.org:80:46104 â‰£16
   ðŸ”    1â†‘     0â†“ðŸ”’   0s httpbin.org:80:46108 â‰£16
]

ConnectionPool[
   â¸    7â†‘ðŸ”’    7â†“    0s httpbin.org:443:38456 â‰£16
   â¸    6â†‘ðŸ”’    6â†“    0s httpbin.org:443:47412 â‰£16
   ðŸ”    6â†‘     5â†“ðŸ”’   0s httpbin.org:443:38470 â‰£16
   ðŸ”    5â†‘     4â†“ðŸ”’   0s httpbin.org:443:38476 â‰£16
   ðŸ”    4â†‘     3â†“ðŸ”’   0s httpbin.org:443:47430 â‰£16
   ðŸ”    3â†‘     2â†“ðŸ”’   0s httpbin.org:443:47446 â‰£16
   ðŸ”    2â†‘     1â†“ðŸ”’   0s httpbin.org:443:38504 â‰£16
   ðŸ”    1â†‘     0â†“ðŸ”’   0s httpbin.org:443:38514 â‰£16
]

ConnectionPool[
   ðŸ”    3â†‘ðŸ”’    2â†“ðŸ”’   0s httpbin.org:80:55540 â‰£16
   ðŸ”    2â†‘ðŸ”’    2â†“    0s httpbin.org:80:55542 â‰£16
   ðŸ”    3â†‘     1â†“ðŸ”’   0s httpbin.org:80:46220 â‰£16
   ðŸ”    3â†‘     1â†“ðŸ”’   0s httpbin.org:80:46222 â‰£16
   ðŸ”    3â†‘     1â†“ðŸ”’   0s httpbin.org:80:55548 â‰£16
   ðŸ”    2â†‘     0â†“ðŸ”’   0s httpbin.org:80:46226 â‰£16
   ðŸ”    2â†‘     0â†“ðŸ”’   0s httpbin.org:80:46228 â‰£16
   ðŸ”    1â†‘     0â†“ðŸ”’   0s httpbin.org:80:55556 â‰£16
]

ConnectionPool[
   â¸    7â†‘ðŸ”’    7â†“    0s httpbin.org:443:38584 â‰£16
   â¸    6â†‘ðŸ”’    6â†“    0s httpbin.org:443:47536 â‰£16
   ðŸ”    6â†‘     5â†“ðŸ”’   0s httpbin.org:443:38594 â‰£16
   ðŸ”    5â†‘     4â†“ðŸ”’   0s httpbin.org:443:38598 â‰£16
   ðŸ”    4â†‘     3â†“ðŸ”’   0s httpbin.org:443:47552 â‰£16
   ðŸ”    3â†‘     2â†“ðŸ”’   0s httpbin.org:443:38614 â‰£16
   ðŸ”    2â†‘     1â†“ðŸ”’   0s httpbin.org:443:38628 â‰£16
   ðŸ”    1â†‘     0â†“ðŸ”’   0s httpbin.org:443:47580 â‰£16
]

ConnectionPool[
   ðŸ”    3â†‘ðŸ”’    2â†“ðŸ”’   0s httpbin.org:80:46300 â‰£16
   ðŸ”    3â†‘ðŸ”’    2â†“ðŸ”’   0s httpbin.org:80:55626 â‰£16
   ðŸ”    3â†‘     1â†“ðŸ”’   0s httpbin.org:80:46304 â‰£16
   ðŸ”    3â†‘     1â†“ðŸ”’   0s httpbin.org:80:46306 â‰£16
   ðŸ”    2â†‘     1â†“ðŸ”’   0s httpbin.org:80:46310 â‰£16
   ðŸ”    2â†‘     1â†“ðŸ”’   0s httpbin.org:80:55636 â‰£16
   ðŸ”    2â†‘     0â†“ðŸ”’   0s httpbin.org:80:55638 â‰£16
   ðŸ”    1â†‘     0â†“ðŸ”’   0s httpbin.org:80:46318 â‰£16
]

ConnectionPool[
   â¸    7â†‘ðŸ”’    7â†“    0s httpbin.org:443:38666 â‰£16
   â¸    6â†‘ðŸ”’    6â†“    0s httpbin.org:443:38674 â‰£16
   ðŸ”    6â†‘     5â†“ðŸ”’   0s httpbin.org:443:38692 â‰£16
   ðŸ”    5â†‘     4â†“ðŸ”’   0s httpbin.org:443:38718 â‰£16
   ðŸ”    4â†‘     3â†“ðŸ”’   0s httpbin.org:443:47672 â‰£16
   ðŸ”    3â†‘     2â†“ðŸ”’   0s httpbin.org:443:47710 â‰£16
   ðŸ”    2â†‘     1â†“ðŸ”’   0s httpbin.org:443:38788 â‰£16
   ðŸ”    1â†‘     0â†“ðŸ”’   0s httpbin.org:443:38804 â‰£16
]

Running aws4.jl tests...
Running insert_layers.jl tests...
WARNING: replacing module TestRequest.
WARNING: using TestRequest.TestLayer in module Main conflicts with an existing identifier.
Running mwe.jl tests...
Test Summary: | Pass  Broken  Total
HTTP          | 4753     107   4860
   Testing HTTP tests passed 
