 Resolving package versions...
 Installed VersionParsing ────────────── v1.1.3
 Installed Requires ──────────────────── v0.5.2
 Installed InvertedIndices ───────────── v1.0.0
 Installed Reexport ──────────────────── v0.2.0
 Installed Parsers ───────────────────── v0.3.10
 Installed IteratorInterfaceExtensions ─ v1.0.0
 Installed DataStructures ────────────── v0.17.6
 Installed RCall ─────────────────────── v0.13.4
 Installed Conda ─────────────────────── v1.3.0
 Installed WinReg ────────────────────── v0.3.1
 Installed DataValueInterfaces ───────── v1.0.0
 Installed DataAPI ───────────────────── v1.1.0
 Installed JSON ──────────────────────── v0.21.0
 Installed SortingAlgorithms ─────────── v0.3.1
 Installed StatsBase ─────────────────── v0.32.0
 Installed PooledArrays ──────────────── v0.5.2
 Installed DataFrames ────────────────── v0.19.4
 Installed Missings ──────────────────── v0.4.3
 Installed OrderedCollections ────────── v1.1.0
 Installed StatsModels ───────────────── v0.6.7
 Installed CategoricalArrays ─────────── v0.7.3
 Installed ShiftedArrays ─────────────── v1.0.0
 Installed TableTraits ───────────────── v1.0.0
 Installed Tables ────────────────────── v0.2.11
 Installed Compat ────────────────────── v2.2.0
  Updating `~/.julia/environments/v1.0/Project.toml`
  [6f49c342] + RCall v0.13.4
  Updating `~/.julia/environments/v1.0/Manifest.toml`
  [324d7699] + CategoricalArrays v0.7.3
  [34da2185] + Compat v2.2.0
  [8f4d0f93] + Conda v1.3.0
  [9a962f9c] + DataAPI v1.1.0
  [a93c6f00] + DataFrames v0.19.4
  [864edb3b] + DataStructures v0.17.6
  [e2d170a0] + DataValueInterfaces v1.0.0
  [41ab1584] + InvertedIndices v1.0.0
  [82899510] + IteratorInterfaceExtensions v1.0.0
  [682c06a0] + JSON v0.21.0
  [e1d29d7a] + Missings v0.4.3
  [bac558e1] + OrderedCollections v1.1.0
  [69de0a69] + Parsers v0.3.10
  [2dfb63ee] + PooledArrays v0.5.2
  [6f49c342] + RCall v0.13.4
  [189a3867] + Reexport v0.2.0
  [ae029012] + Requires v0.5.2
  [1277b4bf] + ShiftedArrays v1.0.0
  [a2af1166] + SortingAlgorithms v0.3.1
  [2913bbd2] + StatsBase v0.32.0
  [3eaba693] + StatsModels v0.6.7
  [3783bdb8] + TableTraits v1.0.0
  [bd369af6] + Tables v0.2.11
  [81def892] + VersionParsing v1.1.3
  [1b915085] + WinReg v0.3.1
  [2a0f44e3] + Base64 
  [ade2ca70] + Dates 
  [8bb1440f] + DelimitedFiles 
  [8ba89e20] + Distributed 
  [9fa8497b] + Future 
  [b77e0a4c] + InteractiveUtils 
  [76f85450] + LibGit2 
  [8f399da3] + Libdl 
  [37e2e46d] + LinearAlgebra 
  [56ddb016] + Logging 
  [d6f4376e] + Markdown 
  [a63ad114] + Mmap 
  [44cfe95a] + Pkg 
  [de0858da] + Printf 
  [3fa0cd96] + REPL 
  [9a3f8284] + Random 
  [ea8e919c] + SHA 
  [9e88b42a] + Serialization 
  [1a1011a3] + SharedArrays 
  [6462fe0b] + Sockets 
  [2f01184e] + SparseArrays 
  [10745b16] + Statistics 
  [8dfed614] + Test 
  [cf7118a7] + UUIDs 
  [4ec0a83e] + Unicode 
  Building Conda → `~/.julia/packages/Conda/kLXeC/deps/build.log`
  Building RCall → `~/.julia/packages/RCall/g7dhB/deps/build.log`
┌ Error: Error building `RCall`: 
│ ERROR: LoadError: R_HOME is not a directory.
│ Stacktrace:
│  [1] error(::String) at ./error.jl:33
│  [2] top-level scope at /root/.julia/packages/RCall/g7dhB/deps/build.jl:44
│  [3] include at ./boot.jl:317 [inlined]
│  [4] include_relative(::Module, ::String) at ./loading.jl:1044
│  [5] include(::Module, ::String) at ./sysimg.jl:29
│  [6] include(::String) at ./client.jl:392
│  [7] top-level scope at none:0
│ in expression starting at /root/.julia/packages/RCall/g7dhB/deps/build.jl:10
└ @ Pkg.Operations /buildworker/worker/package_linux64/build/usr/share/julia/stdlib/v1.0/Pkg/src/Operations.jl:1096
   Testing RCall
 Resolving package versions...
 Installed RangeArrays ── v0.3.1
 Installed IntervalSets ─ v0.3.2
 Installed IterTools ──── v1.3.0
 Installed AxisArrays ─── v0.3.3
    Status `/tmp/tmpaADEvI/Manifest.toml`
  [39de3d68] AxisArrays v0.3.3
  [324d7699] CategoricalArrays v0.7.3
  [34da2185] Compat v2.2.0
  [8f4d0f93] Conda v1.3.0
  [9a962f9c] DataAPI v1.1.0
  [a93c6f00] DataFrames v0.19.4
  [864edb3b] DataStructures v0.17.6
  [e2d170a0] DataValueInterfaces v1.0.0
  [8197267c] IntervalSets v0.3.2
  [41ab1584] InvertedIndices v1.0.0
  [c8e1da08] IterTools v1.3.0
  [82899510] IteratorInterfaceExtensions v1.0.0
  [682c06a0] JSON v0.21.0
  [e1d29d7a] Missings v0.4.3
  [bac558e1] OrderedCollections v1.1.0
  [69de0a69] Parsers v0.3.10
  [2dfb63ee] PooledArrays v0.5.2
  [6f49c342] RCall v0.13.4
  [b3c3ace0] RangeArrays v0.3.1
  [189a3867] Reexport v0.2.0
  [ae029012] Requires v0.5.2
  [1277b4bf] ShiftedArrays v1.0.0
  [a2af1166] SortingAlgorithms v0.3.1
  [2913bbd2] StatsBase v0.32.0
  [3eaba693] StatsModels v0.6.7
  [3783bdb8] TableTraits v1.0.0
  [bd369af6] Tables v0.2.11
  [81def892] VersionParsing v1.1.3
  [1b915085] WinReg v0.3.1
  [2a0f44e3] Base64  [`@stdlib/Base64`]
  [ade2ca70] Dates  [`@stdlib/Dates`]
  [8bb1440f] DelimitedFiles  [`@stdlib/DelimitedFiles`]
  [8ba89e20] Distributed  [`@stdlib/Distributed`]
  [9fa8497b] Future  [`@stdlib/Future`]
  [b77e0a4c] InteractiveUtils  [`@stdlib/InteractiveUtils`]
  [76f85450] LibGit2  [`@stdlib/LibGit2`]
  [8f399da3] Libdl  [`@stdlib/Libdl`]
  [37e2e46d] LinearAlgebra  [`@stdlib/LinearAlgebra`]
  [56ddb016] Logging  [`@stdlib/Logging`]
  [d6f4376e] Markdown  [`@stdlib/Markdown`]
  [a63ad114] Mmap  [`@stdlib/Mmap`]
  [44cfe95a] Pkg  [`@stdlib/Pkg`]
  [de0858da] Printf  [`@stdlib/Printf`]
  [3fa0cd96] REPL  [`@stdlib/REPL`]
  [9a3f8284] Random  [`@stdlib/Random`]
  [ea8e919c] SHA  [`@stdlib/SHA`]
  [9e88b42a] Serialization  [`@stdlib/Serialization`]
  [1a1011a3] SharedArrays  [`@stdlib/SharedArrays`]
  [6462fe0b] Sockets  [`@stdlib/Sockets`]
  [2f01184e] SparseArrays  [`@stdlib/SparseArrays`]
  [10745b16] Statistics  [`@stdlib/Statistics`]
  [8dfed614] Test  [`@stdlib/Test`]
  [cf7118a7] UUIDs  [`@stdlib/UUIDs`]
  [4ec0a83e] Unicode  [`@stdlib/Unicode`]
ERROR: LoadError: IOError: could not spawn `Rscript -e 'writeLines(.libPaths())'`: no such file or directory (ENOENT)
Stacktrace:
 [1] _jl_spawn(::String, ::Array{String,1}, ::Cmd, ::Tuple{Base.DevNull,Base.PipeEndpoint,Base.PipeEndpoint}) at ./process.jl:367
 [2] (::getfield(Base, Symbol("##495#496")){Cmd,Base.Process})(::Tuple{Base.DevNull,Base.PipeEndpoint,Base.PipeEndpoint}) at ./process.jl:509
 [3] setup_stdio(::getfield(Base, Symbol("##495#496")){Cmd,Base.Process}, ::Tuple{Base.DevNull,Pipe,Base.PipeEndpoint}) at ./process.jl:490
 [4] #_spawn#494(::Nothing, ::Function, ::Cmd, ::Tuple{Base.DevNull,Pipe,Base.PipeEndpoint}) at ./process.jl:508
 [5] _spawn(::Cmd, ::Tuple{Base.DevNull,Pipe,Base.PipeEndpoint}) at ./process.jl:504
 [6] #eachline#501(::Bool, ::Function, ::Cmd) at ./process.jl:553
 [7] eachline at ./process.jl:552 [inlined]
 [8] #readlines#274 at ./io.jl:414 [inlined]
 [9] readlines(::Cmd) at ./io.jl:414
 [10] top-level scope at none:0
 [11] include at ./boot.jl:317 [inlined]
 [12] include_relative(::Module, ::String) at ./loading.jl:1044
 [13] include(::Module, ::String) at ./sysimg.jl:29
 [14] include(::String) at ./client.jl:392
 [15] top-level scope at none:0
in expression starting at /root/.julia/packages/RCall/g7dhB/test/runtests.jl:17
ERROR: Package RCall errored during testing
Stacktrace:
 [1] pkgerror(::String, ::Vararg{String,N} where N) at /buildworker/worker/package_linux64/build/usr/share/julia/stdlib/v1.0/Pkg/src/Types.jl:120
 [2] #test#65(::Bool, ::Function, ::Pkg.Types.Context, ::Array{Pkg.Types.PackageSpec,1}) at /buildworker/worker/package_linux64/build/usr/share/julia/stdlib/v1.0/Pkg/src/Operations.jl:1357
 [3] #test at /buildworker/worker/package_linux64/build/usr/share/julia/stdlib/v1.0/Pkg/src/API.jl:0 [inlined]
 [4] #test#44(::Bool, ::Base.Iterators.Pairs{Union{},Union{},Tuple{},NamedTuple{(),Tuple{}}}, ::Function, ::Pkg.Types.Context, ::Array{Pkg.Types.PackageSpec,1}) at /buildworker/worker/package_linux64/build/usr/share/julia/stdlib/v1.0/Pkg/src/API.jl:278
 [5] test at /buildworker/worker/package_linux64/build/usr/share/julia/stdlib/v1.0/Pkg/src/API.jl:263 [inlined]
 [6] #test#43 at /buildworker/worker/package_linux64/build/usr/share/julia/stdlib/v1.0/Pkg/src/API.jl:260 [inlined]
 [7] test at /buildworker/worker/package_linux64/build/usr/share/julia/stdlib/v1.0/Pkg/src/API.jl:260 [inlined]
 [8] #test#42 at /buildworker/worker/package_linux64/build/usr/share/julia/stdlib/v1.0/Pkg/src/API.jl:259 [inlined]
 [9] test at /buildworker/worker/package_linux64/build/usr/share/julia/stdlib/v1.0/Pkg/src/API.jl:259 [inlined]
 [10] #test#41 at /buildworker/worker/package_linux64/build/usr/share/julia/stdlib/v1.0/Pkg/src/API.jl:258 [inlined]
 [11] test(::String) at /buildworker/worker/package_linux64/build/usr/share/julia/stdlib/v1.0/Pkg/src/API.jl:258
 [12] top-level scope at none:0
