 Resolving package versions...
 Installed Exercism ─ v0.1.4
 Installed Parsers ── v0.3.10
 Installed JSON ───── v0.21.0
  Updating `~/.julia/environments/v1.0/Project.toml`
  [b06d6668] + Exercism v0.1.4
  Updating `~/.julia/environments/v1.0/Manifest.toml`
  [b06d6668] + Exercism v0.1.4
  [682c06a0] + JSON v0.21.0
  [69de0a69] + Parsers v0.3.10
  [2a0f44e3] + Base64 
  [ade2ca70] + Dates 
  [8ba89e20] + Distributed 
  [b77e0a4c] + InteractiveUtils 
  [8f399da3] + Libdl 
  [37e2e46d] + LinearAlgebra 
  [56ddb016] + Logging 
  [d6f4376e] + Markdown 
  [a63ad114] + Mmap 
  [de0858da] + Printf 
  [9a3f8284] + Random 
  [9e88b42a] + Serialization 
  [6462fe0b] + Sockets 
  [8dfed614] + Test 
  [4ec0a83e] + Unicode 
   Testing Exercism
    Status `/tmp/tmpSK87hB/Manifest.toml`
  [b06d6668] Exercism v0.1.4
  [682c06a0] JSON v0.21.0
  [69de0a69] Parsers v0.3.10
  [2a0f44e3] Base64  [`@stdlib/Base64`]
  [ade2ca70] Dates  [`@stdlib/Dates`]
  [8ba89e20] Distributed  [`@stdlib/Distributed`]
  [b77e0a4c] InteractiveUtils  [`@stdlib/InteractiveUtils`]
  [8f399da3] Libdl  [`@stdlib/Libdl`]
  [37e2e46d] LinearAlgebra  [`@stdlib/LinearAlgebra`]
  [56ddb016] Logging  [`@stdlib/Logging`]
  [d6f4376e] Markdown  [`@stdlib/Markdown`]
  [a63ad114] Mmap  [`@stdlib/Mmap`]
  [de0858da] Printf  [`@stdlib/Printf`]
  [9a3f8284] Random  [`@stdlib/Random`]
  [9e88b42a] Serialization  [`@stdlib/Serialization`]
  [6462fe0b] Sockets  [`@stdlib/Sockets`]
  [8dfed614] Test  [`@stdlib/Test`]
  [4ec0a83e] Unicode  [`@stdlib/Unicode`]
[ Info: copy notebook and tests to temp dir
[ Info: create submission from notebook
[ Info: run exercise tests on solution extracted by the package
Test Summary: | Pass  Total
Arithmetic    |   12     12
Test Summary:  | Pass  Total
Absolute value |    5      5
Test Summary:     | Pass  Total
Complex conjugate |    3      3
Test Summary: | Pass  Total
Real part     |    3      3
Test Summary:  | Pass  Total
Imaginary part |    3      3
Test Summary:       | Pass  Total
Complex exponential |    3      3
Test Summary:   | Pass  Total
Syntax sugar jm |    4      4
   Testing Exercism tests passed 
