 Resolving package versions...
 Installed CEnum ────────── v0.2.0
 Installed RecipesBase ──── v0.7.0
 Installed GeoInterface ─── v0.4.1
 Installed LibGEOS ──────── v0.5.1
 Installed BinaryProvider ─ v0.5.8
  Updating `~/.julia/environments/v1.2/Project.toml`
  [a90b1aa1] + LibGEOS v0.5.1
  Updating `~/.julia/environments/v1.2/Manifest.toml`
  [b99e7846] + BinaryProvider v0.5.8
  [fa961155] + CEnum v0.2.0
  [cf35fbd7] + GeoInterface v0.4.1
  [a90b1aa1] + LibGEOS v0.5.1
  [3cdcf5f2] + RecipesBase v0.7.0
  [2a0f44e3] + Base64 
  [8ba89e20] + Distributed 
  [b77e0a4c] + InteractiveUtils 
  [8f399da3] + Libdl 
  [56ddb016] + Logging 
  [d6f4376e] + Markdown 
  [9a3f8284] + Random 
  [ea8e919c] + SHA 
  [9e88b42a] + Serialization 
  [6462fe0b] + Sockets 
  [8dfed614] + Test 
  Building LibGEOS → `~/.julia/packages/LibGEOS/5bQC4/deps/build.log`
   Testing LibGEOS
    Status `/tmp/jl_aa1LmS/Manifest.toml`
  [b99e7846] BinaryProvider v0.5.8
  [fa961155] CEnum v0.2.0
  [cf35fbd7] GeoInterface v0.4.1
  [a90b1aa1] LibGEOS v0.5.1
  [3cdcf5f2] RecipesBase v0.7.0
  [2a0f44e3] Base64  [`@stdlib/Base64`]
  [8ba89e20] Distributed  [`@stdlib/Distributed`]
  [b77e0a4c] InteractiveUtils  [`@stdlib/InteractiveUtils`]
  [8f399da3] Libdl  [`@stdlib/Libdl`]
  [56ddb016] Logging  [`@stdlib/Logging`]
  [d6f4376e] Markdown  [`@stdlib/Markdown`]
  [9a3f8284] Random  [`@stdlib/Random`]
  [ea8e919c] SHA  [`@stdlib/SHA`]
  [9e88b42a] Serialization  [`@stdlib/Serialization`]
  [6462fe0b] Sockets  [`@stdlib/Sockets`]
  [8dfed614] Test  [`@stdlib/Test`]
Test Summary: | Pass  Total
LibGEOS       |  382    382
   Testing LibGEOS tests passed 
