 Resolving package versions...
 Installed Events ─ v0.1.0
  Updating `~/.julia/environments/v1.0/Project.toml`
  [3a5a026c] + Events v0.1.0
  Updating `~/.julia/environments/v1.0/Manifest.toml`
  [3a5a026c] + Events v0.1.0
   Testing Events
 Resolving package versions...
    Status `/tmp/tmptbpZMO/Manifest.toml`
  [3a5a026c] Events v0.1.0
  [2a0f44e3] Base64  [`@stdlib/Base64`]
  [8ba89e20] Distributed  [`@stdlib/Distributed`]
  [b77e0a4c] InteractiveUtils  [`@stdlib/InteractiveUtils`]
  [8f399da3] Libdl  [`@stdlib/Libdl`]
  [37e2e46d] LinearAlgebra  [`@stdlib/LinearAlgebra`]
  [56ddb016] Logging  [`@stdlib/Logging`]
  [d6f4376e] Markdown  [`@stdlib/Markdown`]
  [9a3f8284] Random  [`@stdlib/Random`]
  [9e88b42a] Serialization  [`@stdlib/Serialization`]
  [6462fe0b] Sockets  [`@stdlib/Sockets`]
  [8dfed614] Test  [`@stdlib/Test`]
Test Summary: | Pass  Total
simple        |    3      3
Test Summary: | Pass  Total
mixed types   |    1      1
   Testing Events tests passed 
