 Resolving package versions...
 Installed Mocking ──────── v0.7.0
 Installed Parsers ──────── v0.3.10
 Installed BinaryProvider ─ v0.5.8
 Installed JSON ─────────── v0.21.0
 Installed GitHub ───────── v5.1.3
 Installed MbedTLS ──────── v0.6.8
 Installed RegistryCI ───── v0.3.1
 Installed TimeZones ────── v0.10.3
 Installed IniFile ──────── v0.5.0
 Installed HTTP ─────────── v0.8.8
 Installed EzXML ────────── v0.9.4
  Updating `~/.julia/environments/v1.0/Project.toml`
  [0c95cc5f] + RegistryCI v0.3.1
  Updating `~/.julia/environments/v1.0/Manifest.toml`
  [b99e7846] + BinaryProvider v0.5.8
  [8f5d6c58] + EzXML v0.9.4
  [bc5e4493] + GitHub v5.1.3
  [cd3eb016] + HTTP v0.8.8
  [83e8ac13] + IniFile v0.5.0
  [682c06a0] + JSON v0.21.0
  [739be429] + MbedTLS v0.6.8
  [78c3b35d] + Mocking v0.7.0
  [69de0a69] + Parsers v0.3.10
  [0c95cc5f] + RegistryCI v0.3.1
  [f269a46b] + TimeZones v0.10.3
  [2a0f44e3] + Base64 
  [ade2ca70] + Dates 
  [8ba89e20] + Distributed 
  [b77e0a4c] + InteractiveUtils 
  [76f85450] + LibGit2 
  [8f399da3] + Libdl 
  [37e2e46d] + LinearAlgebra 
  [56ddb016] + Logging 
  [d6f4376e] + Markdown 
  [a63ad114] + Mmap 
  [44cfe95a] + Pkg 
  [de0858da] + Printf 
  [3fa0cd96] + REPL 
  [9a3f8284] + Random 
  [ea8e919c] + SHA 
  [9e88b42a] + Serialization 
  [6462fe0b] + Sockets 
  [8dfed614] + Test 
  [cf7118a7] + UUIDs 
  [4ec0a83e] + Unicode 
  Building MbedTLS ──→ `~/.julia/packages/MbedTLS/X4xar/deps/build.log`
  Building EzXML ────→ `~/.julia/packages/EzXML/G0JeY/deps/build.log`
  Building TimeZones → `~/.julia/packages/TimeZones/pjvlM/deps/build.log`
   Testing RegistryCI
 Resolving package versions...
    Status `/tmp/tmpqFv8VV/Manifest.toml`
  [b99e7846] BinaryProvider v0.5.8
  [8f5d6c58] EzXML v0.9.4
  [bc5e4493] GitHub v5.1.3
  [cd3eb016] HTTP v0.8.8
  [83e8ac13] IniFile v0.5.0
  [682c06a0] JSON v0.21.0
  [739be429] MbedTLS v0.6.8
  [78c3b35d] Mocking v0.7.0
  [69de0a69] Parsers v0.3.10
  [0c95cc5f] RegistryCI v0.3.1
  [f269a46b] TimeZones v0.10.3
  [2a0f44e3] Base64  [`@stdlib/Base64`]
  [ade2ca70] Dates  [`@stdlib/Dates`]
  [8ba89e20] Distributed  [`@stdlib/Distributed`]
  [b77e0a4c] InteractiveUtils  [`@stdlib/InteractiveUtils`]
  [76f85450] LibGit2  [`@stdlib/LibGit2`]
  [8f399da3] Libdl  [`@stdlib/Libdl`]
  [37e2e46d] LinearAlgebra  [`@stdlib/LinearAlgebra`]
  [56ddb016] Logging  [`@stdlib/Logging`]
  [d6f4376e] Markdown  [`@stdlib/Markdown`]
  [a63ad114] Mmap  [`@stdlib/Mmap`]
  [44cfe95a] Pkg  [`@stdlib/Pkg`]
  [de0858da] Printf  [`@stdlib/Printf`]
  [3fa0cd96] REPL  [`@stdlib/REPL`]
  [9a3f8284] Random  [`@stdlib/Random`]
  [ea8e919c] SHA  [`@stdlib/SHA`]
  [9e88b42a] Serialization  [`@stdlib/Serialization`]
  [6462fe0b] Sockets  [`@stdlib/Sockets`]
  [8dfed614] Test  [`@stdlib/Test`]
  [cf7118a7] UUIDs  [`@stdlib/UUIDs`]
  [4ec0a83e] Unicode  [`@stdlib/Unicode`]
[ Info: Running the RegistryCI.jl unit tests
[ Info: Running the AutoMerge.jl unit tests
Test Summary: |  Pass  Broken  Total
RegistryCI.jl | 41882       1  41883
   Testing RegistryCI tests passed 
