 Resolving package versions...
 Installed RawFile ─ v1.0.0
  Updating `~/.julia/environments/v1.0/Project.toml`
  [7a16de70] + RawFile v1.0.0
  Updating `~/.julia/environments/v1.0/Manifest.toml`
  [7a16de70] + RawFile v1.0.0
   Testing RawFile
    Status `/tmp/tmpEkljwu/Manifest.toml`
  [7a16de70] RawFile v1.0.0
[ Info: (100,)
[ Info: (100,)
[ Info: UInt8[0x59, 0xeb, 0xbd, 0xed, 0x9e, 0x80, 0x4f, 0xf1, 0x66, 0x0e, 0x1e]
[ Info: UInt8[0x59, 0xeb, 0xbd, 0xed, 0x9e, 0x80, 0x4f, 0xf1, 0x66, 0x0e, 0x1e]
[ Info: (75, 100)
[ Info: (75, 100)
[ Info: UInt8[0x0d, 0xea, 0x2c, 0xb9, 0x98, 0x29, 0x93, 0x3d, 0x80, 0x77, 0x37]
[ Info: UInt8[0x0d, 0xea, 0x2c, 0xb9, 0x98, 0x29, 0x93, 0x3d, 0x80, 0x77, 0x37]
[ Info: (10, 20, 50)
[ Info: (10, 20, 50)
[ Info: UInt8[0xbb, 0x2f, 0x09, 0x06, 0x35, 0x5d, 0x9c, 0x84, 0xa1, 0xa3, 0xd1]
[ Info: UInt8[0xbb, 0x2f, 0x09, 0x06, 0x35, 0x5d, 0x9c, 0x84, 0xa1, 0xa3, 0xd1]
[ Info: (100,)
[ Info: (100,)
[ Info: Int32[8349905, -1553598968, 1698354595, 1412338731, -1046114844, 685768072, 1773250333, -1944600580, -233000560, -1761989155, 683153262]
[ Info: Int32[8349905, -1553598968, 1698354595, 1412338731, -1046114844, 685768072, 1773250333, -1944600580, -233000560, -1761989155, 683153262]
[ Info: (75, 100)
[ Info: (75, 100)
[ Info: Int32[-1052090035, -430001748, -1870266976, -958789608, -680662123, 1856505216, 328307206, -245018730, -542557945, -394656356, -1646269579]
[ Info: Int32[-1052090035, -430001748, -1870266976, -958789608, -680662123, 1856505216, 328307206, -245018730, -542557945, -394656356, -1646269579]
[ Info: (10, 20, 50)
[ Info: (10, 20, 50)
[ Info: Int32[1849424132, -1848713380, 246428525, -278610211, 515376297, 93589585, 470367904, -479643038, -358074027, 1644442651, 1813864405]
[ Info: Int32[1849424132, -1848713380, 246428525, -278610211, 515376297, 93589585, 470367904, -479643038, -358074027, 1644442651, 1813864405]
[ Info: (100,)
[ Info: (100,)
[ Info: [-2178427149213084957, 2995607639135062790, 2640287735210981883, 3436448994981113536, 6180822376940696562, 762058311163059080, 4446794101994193518, -5088459511938056163, 6066841516984626566, -6546718898433622711, 6262641927357024851]
[ Info: [-2178427149213084957, 2995607639135062790, 2640287735210981883, 3436448994981113536, 6180822376940696562, 762058311163059080, 4446794101994193518, -5088459511938056163, 6066841516984626566, -6546718898433622711, 6262641927357024851]
[ Info: (75, 100)
[ Info: (75, 100)
[ Info: [5741046748373863687, 1359945854413358059, -4552345611677192054, 5452099055936740076, 8276749202283776056, 4696113076615304429, -7376504211347773116, 5601679484526873733, -7950059825382669373, -5967479671624731690, -3872713005534566720]
[ Info: [5741046748373863687, 1359945854413358059, -4552345611677192054, 5452099055936740076, 8276749202283776056, 4696113076615304429, -7376504211347773116, 5601679484526873733, -7950059825382669373, -5967479671624731690, -3872713005534566720]
[ Info: (10, 20, 50)
[ Info: (10, 20, 50)
[ Info: [1807504759440988487, -824809349027112147, -6706765448225132049, -116011593217621816, 6481686563298672155, 7997850595839261915, 5877283817755913104, -5595692697352206956, -2035419143650075788, 2894687629422037487, -3913336162229710630]
[ Info: [1807504759440988487, -824809349027112147, -6706765448225132049, -116011593217621816, 6481686563298672155, 7997850595839261915, 5877283817755913104, -5595692697352206956, -2035419143650075788, 2894687629422037487, -3913336162229710630]
[ Info: (100,)
[ Info: (100,)
[ Info: Float32[0.0817297, 0.179949, 0.571513, 0.0399375, 0.0537977, 0.861324, 0.270861, 0.121605, 0.639819, 0.897018, 0.516604]
[ Info: Float32[0.0817297, 0.179949, 0.571513, 0.0399375, 0.0537977, 0.861324, 0.270861, 0.121605, 0.639819, 0.897018, 0.516604]
[ Info: (75, 100)
[ Info: (75, 100)
[ Info: Float32[0.397431, 0.471876, 0.0128777, 0.769707, 0.976197, 0.768297, 0.3868, 0.27181, 0.378961, 0.575492, 0.900004]
[ Info: Float32[0.397431, 0.471876, 0.0128777, 0.769707, 0.976197, 0.768297, 0.3868, 0.27181, 0.378961, 0.575492, 0.900004]
[ Info: (10, 20, 50)
[ Info: (10, 20, 50)
[ Info: Float32[0.390196, 0.555855, 0.952998, 0.553401, 0.498154, 0.534415, 0.393687, 0.552197, 0.251751, 0.21484, 0.736803]
[ Info: Float32[0.390196, 0.555855, 0.952998, 0.553401, 0.498154, 0.534415, 0.393687, 0.552197, 0.251751, 0.21484, 0.736803]
[ Info: (100,)
[ Info: (100,)
[ Info: [0.190725, 0.919617, 0.43253, 0.100988, 0.153576, 0.00634098, 0.558615, 0.985169, 0.0190534, 0.362362, 0.346671]
[ Info: [0.190725, 0.919617, 0.43253, 0.100988, 0.153576, 0.00634098, 0.558615, 0.985169, 0.0190534, 0.362362, 0.346671]
[ Info: (75, 100)
[ Info: (75, 100)
[ Info: [0.743103, 0.942031, 0.769836, 0.0192335, 0.0689073, 0.138821, 0.734936, 0.129534, 0.936393, 0.717356, 0.937312]
[ Info: [0.743103, 0.942031, 0.769836, 0.0192335, 0.0689073, 0.138821, 0.734936, 0.129534, 0.936393, 0.717356, 0.937312]
[ Info: (10, 20, 50)
[ Info: (10, 20, 50)
[ Info: [0.586331, 0.206379, 0.149125, 0.488248, 0.439839, 0.507333, 0.193729, 0.611641, 0.685036, 0.0314944, 0.54382]
[ Info: [0.586331, 0.206379, 0.149125, 0.488248, 0.439839, 0.507333, 0.193729, 0.611641, 0.685036, 0.0314944, 0.54382]
[ Info: (100,)
[ Info: (100,)
[ Info: Complex{Float16}[0.99609+0.044922im, 0.48438+0.52734im, 0.89648+0.53809im, 0.30664+0.41992im, 0.5459+0.5625im, 0.21191+0.86426im, 0.27734+0.64453im, 0.59668+0.97266im, 0.1543+0.050781im, 0.78711+0.71875im, 0.22363+0.20996im]
[ Info: Complex{Float16}[0.99609+0.044922im, 0.48438+0.52734im, 0.89648+0.53809im, 0.30664+0.41992im, 0.5459+0.5625im, 0.21191+0.86426im, 0.27734+0.64453im, 0.59668+0.97266im, 0.1543+0.050781im, 0.78711+0.71875im, 0.22363+0.20996im]
[ Info: (75, 100)
[ Info: (75, 100)
[ Info: Complex{Float16}[0.13086+0.9668im, 0.20215+0.054688im, 0.33203+0.2334im, 0.1748+0.89258im, 0.64844+0.73535im, 0.083008+0.89941im, 0.21387+0.36328im, 0.54004+0.73926im, 0.4707+0.42773im, 0.58691+0.56152im, 0.16602+0.38574im]
[ Info: Complex{Float16}[0.13086+0.9668im, 0.20215+0.054688im, 0.33203+0.2334im, 0.1748+0.89258im, 0.64844+0.73535im, 0.083008+0.89941im, 0.21387+0.36328im, 0.54004+0.73926im, 0.4707+0.42773im, 0.58691+0.56152im, 0.16602+0.38574im]
[ Info: (10, 20, 50)
[ Info: (10, 20, 50)
[ Info: Complex{Float16}[0.39551+0.74609im, 0.71484+0.39941im, 0.69824+0.57324im, 0.72754+0.4209im, 0.29102+0.55371im, 0.0019531+0.92676im, 0.1582+0.042969im, 0.91602+0.1543im, 0.93652+0.49805im, 0.84863+0.63477im, 0.80664+0.64258im]
[ Info: Complex{Float16}[0.39551+0.74609im, 0.71484+0.39941im, 0.69824+0.57324im, 0.72754+0.4209im, 0.29102+0.55371im, 0.0019531+0.92676im, 0.1582+0.042969im, 0.91602+0.1543im, 0.93652+0.49805im, 0.84863+0.63477im, 0.80664+0.64258im]
[ Info: (100,)
[ Info: (100,)
[ Info: Complex{Float32}[0.719839+0.954394im, 0.0632801+0.507766im, 0.207333+0.156573im, 0.746737+0.71507im, 0.725293+0.426223im, 0.470093+0.082056im, 0.956804+0.686806im, 0.483782+0.0978934im, 0.351358+0.0465732im, 0.146154+0.837832im, 0.0792227+0.349234im]
[ Info: Complex{Float32}[0.719839+0.954394im, 0.0632801+0.507766im, 0.207333+0.156573im, 0.746737+0.71507im, 0.725293+0.426223im, 0.470093+0.082056im, 0.956804+0.686806im, 0.483782+0.0978934im, 0.351358+0.0465732im, 0.146154+0.837832im, 0.0792227+0.349234im]
[ Info: (75, 100)
[ Info: (75, 100)
[ Info: Complex{Float32}[0.470798+0.260243im, 0.450558+0.323849im, 0.394787+0.776421im, 0.313479+0.225577im, 0.490521+0.213795im, 0.187047+0.868603im, 0.758868+0.988699im, 0.400753+0.0121044im, 0.846585+0.668886im, 0.0394716+0.539871im, 0.020026+0.530453im]
[ Info: Complex{Float32}[0.470798+0.260243im, 0.450558+0.323849im, 0.394787+0.776421im, 0.313479+0.225577im, 0.490521+0.213795im, 0.187047+0.868603im, 0.758868+0.988699im, 0.400753+0.0121044im, 0.846585+0.668886im, 0.0394716+0.539871im, 0.020026+0.530453im]
[ Info: (10, 20, 50)
[ Info: (10, 20, 50)
[ Info: Complex{Float32}[0.81895+0.224817im, 0.95997+0.944053im, 0.168187+0.468653im, 0.422697+0.114748im, 0.258485+0.374689im, 0.636879+0.124385im, 0.0125178+0.858152im, 0.225981+0.279251im, 0.0801443+0.428282im, 0.596582+0.860794im, 0.4322+0.96467im]
[ Info: Complex{Float32}[0.81895+0.224817im, 0.95997+0.944053im, 0.168187+0.468653im, 0.422697+0.114748im, 0.258485+0.374689im, 0.636879+0.124385im, 0.0125178+0.858152im, 0.225981+0.279251im, 0.0801443+0.428282im, 0.596582+0.860794im, 0.4322+0.96467im]
   Testing RawFile tests passed 
