 Resolving package versions...
 Installed Missings ──────────────────── v0.4.3
 Installed DataAPI ───────────────────── v1.1.0
 Installed YAML ──────────────────────── v0.3.2
 Installed TableTraits ───────────────── v1.0.0
 Installed DataFrames ────────────────── v0.19.4
 Installed Memento ───────────────────── v0.12.1
 Installed SearchLight ───────────────── v0.15.0
 Installed MbedTLS ───────────────────── v0.7.0
 Installed URIParser ─────────────────── v0.4.0
 Installed BinaryProvider ────────────── v0.5.8
 Installed PooledArrays ──────────────── v0.5.2
 Installed Decimals ──────────────────── v0.4.0
 Installed DataValueInterfaces ───────── v1.0.0
 Installed Codecs ────────────────────── v0.5.0
 Installed DocStringExtensions ───────── v0.8.1
 Installed InvertedIndices ───────────── v1.0.0
 Installed Reexport ──────────────────── v0.2.0
 Installed SQLite ────────────────────── v0.8.2
 Installed OffsetArrays ──────────────── v0.11.1
 Installed Compat ────────────────────── v2.2.0
 Installed OrderedCollections ────────── v1.1.0
 Installed Tables ────────────────────── v0.2.11
 Installed LoweredCodeUtils ──────────── v0.4.2
 Installed IterTools ─────────────────── v1.3.0
 Installed JuliaInterpreter ──────────── v0.7.4
 Installed WeakRefStrings ────────────── v0.6.1
 Installed DataStructures ────────────── v0.17.6
 Installed Parsers ───────────────────── v0.3.10
 Installed DataStreams ───────────────── v0.4.2
 Installed Crayons ───────────────────── v4.0.1
 Installed DecFP ─────────────────────── v0.4.9
 Installed TimeZones ─────────────────── v0.10.3
 Installed Mocking ───────────────────── v0.7.0
 Installed IteratorInterfaceExtensions ─ v1.0.0
 Installed CodeTracking ──────────────── v0.5.8
 Installed LibPQ ─────────────────────── v1.0.2
 Installed CEnum ─────────────────────── v0.2.0
 Installed Millboard ─────────────────── v0.2.1
 Installed LayerDicts ────────────────── v1.0.0
 Installed CategoricalArrays ─────────── v0.7.3
 Installed SortingAlgorithms ─────────── v0.3.1
 Installed Revise ────────────────────── v2.3.1
 Installed MySQL ─────────────────────── v0.7.1
 Installed EzXML ─────────────────────── v0.9.4
 Installed BinDeps ───────────────────── v0.8.10
 Installed Syslogs ───────────────────── v0.3.0
 Installed SpecialFunctions ──────────── v0.8.0
   Cloning [682c06a0-de6a-54ab-a142-c8b1cf79cde6] JSON from https://github.com/JuliaIO/JSON.jl.git
[?25l    Fetching: [>                                        ]  0.0 %[2K[?25h Installed JSON ──────────────────────── v0.21.0
  Updating `~/.julia/environments/v1.2/Project.toml`
  [340e8cb6] + SearchLight v0.15.0
  Updating `~/.julia/environments/v1.2/Manifest.toml`
  [9e28174c] + BinDeps v0.8.10
  [b99e7846] + BinaryProvider v0.5.8
  [fa961155] + CEnum v0.2.0
  [324d7699] + CategoricalArrays v0.7.3
  [da1fd8a2] + CodeTracking v0.5.8
  [19ecbf4d] + Codecs v0.5.0
  [34da2185] + Compat v2.2.0
  [a8cc5b0e] + Crayons v4.0.1
  [9a962f9c] + DataAPI v1.1.0
  [a93c6f00] + DataFrames v0.19.4
  [9a8bc11e] + DataStreams v0.4.2
  [864edb3b] + DataStructures v0.17.6
  [e2d170a0] + DataValueInterfaces v1.0.0
  [55939f99] + DecFP v0.4.9
  [abce61dc] + Decimals v0.4.0
  [ffbed154] + DocStringExtensions v0.8.1
  [8f5d6c58] + EzXML v0.9.4
  [41ab1584] + InvertedIndices v1.0.0
  [c8e1da08] + IterTools v1.3.0
  [82899510] + IteratorInterfaceExtensions v1.0.0
  [682c06a0] + JSON v0.21.0
  [aa1ae85d] + JuliaInterpreter v0.7.4
  [6f188dcb] + LayerDicts v1.0.0
  [194296ae] + LibPQ v1.0.2
  [6f1432cf] + LoweredCodeUtils v0.4.2
  [739be429] + MbedTLS v0.7.0
  [f28f55f0] + Memento v0.12.1
  [39ec1447] + Millboard v0.2.1
  [e1d29d7a] + Missings v0.4.3
  [78c3b35d] + Mocking v0.7.0
  [39abe10b] + MySQL v0.7.1
  [6fe1bfb0] + OffsetArrays v0.11.1
  [bac558e1] + OrderedCollections v1.1.0
  [69de0a69] + Parsers v0.3.10
  [2dfb63ee] + PooledArrays v0.5.2
  [189a3867] + Reexport v0.2.0
  [295af30f] + Revise v2.3.1
  [0aa819cd] + SQLite v0.8.2
  [340e8cb6] + SearchLight v0.15.0
  [a2af1166] + SortingAlgorithms v0.3.1
  [276daf66] + SpecialFunctions v0.8.0
  [cea106d9] + Syslogs v0.3.0
  [3783bdb8] + TableTraits v1.0.0
  [bd369af6] + Tables v0.2.11
  [f269a46b] + TimeZones v0.10.3
  [30578b45] + URIParser v0.4.0
  [ea10d353] + WeakRefStrings v0.6.1
  [ddb6d928] + YAML v0.3.2
  [2a0f44e3] + Base64 
  [ade2ca70] + Dates 
  [8bb1440f] + DelimitedFiles 
  [8ba89e20] + Distributed 
  [7b1f6079] + FileWatching 
  [9fa8497b] + Future 
  [b77e0a4c] + InteractiveUtils 
  [76f85450] + LibGit2 
  [8f399da3] + Libdl 
  [37e2e46d] + LinearAlgebra 
  [56ddb016] + Logging 
  [d6f4376e] + Markdown 
  [a63ad114] + Mmap 
  [44cfe95a] + Pkg 
  [de0858da] + Printf 
  [3fa0cd96] + REPL 
  [9a3f8284] + Random 
  [ea8e919c] + SHA 
  [9e88b42a] + Serialization 
  [1a1011a3] + SharedArrays 
  [6462fe0b] + Sockets 
  [2f01184e] + SparseArrays 
  [10745b16] + Statistics 
  [8dfed614] + Test 
  [cf7118a7] + UUIDs 
  [4ec0a83e] + Unicode 
  Building MbedTLS ─────────→ `~/.julia/packages/MbedTLS/a1JFn/deps/build.log`
  Building SQLite ──────────→ `~/.julia/packages/SQLite/msdQN/deps/build.log`
  Building EzXML ───────────→ `~/.julia/packages/EzXML/G0JeY/deps/build.log`
  Building TimeZones ───────→ `~/.julia/packages/TimeZones/pjvlM/deps/build.log`
  Building SpecialFunctions → `~/.julia/packages/SpecialFunctions/ne2iw/deps/build.log`
  Building DecFP ───────────→ `~/.julia/packages/DecFP/U0m7y/deps/build.log`
  Building LibPQ ───────────→ `~/.julia/packages/LibPQ/WrMcC/deps/build.log`
  Building MySQL ───────────→ `~/.julia/packages/MySQL/R2gKS/deps/build.log`
ERROR: Package SearchLight did not provide a `test/runtests.jl` file
Stacktrace:
 [1] pkgerror(::String, ::Vararg{String,N} where N) at /buildworker/worker/package_linux64/build/usr/share/julia/stdlib/v1.2/Pkg/src/Types.jl:112
 [2] #test#119(::Bool, ::Nothing, ::typeof(Pkg.Operations.test), ::Pkg.Types.Context, ::Array{Pkg.Types.PackageSpec,1}) at /buildworker/worker/package_linux64/build/usr/share/julia/stdlib/v1.2/Pkg/src/Operations.jl:1254
 [3] #test at ./none:0 [inlined]
 [4] #test#62(::Bool, ::Nothing, ::Base.Iterators.Pairs{Union{},Union{},Tuple{},NamedTuple{(),Tuple{}}}, ::typeof(Pkg.API.test), ::Pkg.Types.Context, ::Array{Pkg.Types.PackageSpec,1}) at /buildworker/worker/package_linux64/build/usr/share/julia/stdlib/v1.2/Pkg/src/API.jl:245
 [5] test at /buildworker/worker/package_linux64/build/usr/share/julia/stdlib/v1.2/Pkg/src/API.jl:233 [inlined]
 [6] #test#61 at /buildworker/worker/package_linux64/build/usr/share/julia/stdlib/v1.2/Pkg/src/API.jl:230 [inlined]
 [7] test at /buildworker/worker/package_linux64/build/usr/share/julia/stdlib/v1.2/Pkg/src/API.jl:230 [inlined]
 [8] #test#60 at /buildworker/worker/package_linux64/build/usr/share/julia/stdlib/v1.2/Pkg/src/API.jl:229 [inlined]
 [9] test at /buildworker/worker/package_linux64/build/usr/share/julia/stdlib/v1.2/Pkg/src/API.jl:229 [inlined]
 [10] #test#59(::Base.Iterators.Pairs{Union{},Union{},Tuple{},NamedTuple{(),Tuple{}}}, ::typeof(Pkg.API.test), ::String) at /buildworker/worker/package_linux64/build/usr/share/julia/stdlib/v1.2/Pkg/src/API.jl:228
 [11] test(::String) at /buildworker/worker/package_linux64/build/usr/share/julia/stdlib/v1.2/Pkg/src/API.jl:228
 [12] top-level scope at none:10
