 Resolving package versions...
 Installed Missings ──────────────────── v0.4.3
 Installed Requires ──────────────────── v0.5.2
 Installed DataValueInterfaces ───────── v1.0.0
 Installed DataAPI ───────────────────── v1.1.0
 Installed IteratorInterfaceExtensions ─ v1.0.0
 Installed IterableTables ────────────── v1.0.0
 Installed TableTraits ───────────────── v1.0.0
 Installed TableTraitsUtils ──────────── v1.0.1
 Installed DataValues ────────────────── v0.4.12
  Updating `~/.julia/environments/v1.0/Project.toml`
  [1c8ee90f] + IterableTables v1.0.0
  Updating `~/.julia/environments/v1.0/Manifest.toml`
  [9a962f9c] + DataAPI v1.1.0
  [e2d170a0] + DataValueInterfaces v1.0.0
  [e7dc6d0d] + DataValues v0.4.12
  [1c8ee90f] + IterableTables v1.0.0
  [82899510] + IteratorInterfaceExtensions v1.0.0
  [e1d29d7a] + Missings v0.4.3
  [ae029012] + Requires v0.5.2
  [3783bdb8] + TableTraits v1.0.0
  [382cd787] + TableTraitsUtils v1.0.1
  [2a0f44e3] + Base64 
  [ade2ca70] + Dates 
  [8ba89e20] + Distributed 
  [b77e0a4c] + InteractiveUtils 
  [8f399da3] + Libdl 
  [37e2e46d] + LinearAlgebra 
  [56ddb016] + Logging 
  [d6f4376e] + Markdown 
  [de0858da] + Printf 
  [9a3f8284] + Random 
  [9e88b42a] + Serialization 
  [6462fe0b] + Sockets 
  [8dfed614] + Test 
  [4ec0a83e] + Unicode 
   Testing IterableTables
 Resolving package versions...
 Installed InvertedIndices ──── v1.0.0
 Installed BinaryProvider ───── v0.5.8
 Installed GLM ──────────────── v1.3.4
 Installed Arpack ───────────── v0.3.1
 Installed StatsModels ──────── v0.6.7
 Installed TimeSeries ───────── v0.16.1
 Installed DataFrames ───────── v0.19.4
 Installed Parsers ──────────── v0.3.10
 Installed Reexport ─────────── v0.2.0
 Installed RecipesBase ──────── v0.7.0
 Installed BinDeps ──────────── v0.8.10
 Installed DataStructures ───── v0.17.6
 Installed JSON ─────────────── v0.21.0
 Installed IniFile ──────────── v0.5.0
 Installed PDMats ───────────── v0.9.10
 Installed SpecialFunctions ─── v0.8.0
 Installed Temporal ─────────── v0.6.1
 Installed URIParser ────────── v0.4.0
 Installed Distributions ────── v0.21.8
 Installed PooledArrays ─────── v0.5.2
 Installed OrderedCollections ─ v1.1.0
 Installed MbedTLS ──────────── v0.6.8
 Installed StatsBase ────────── v0.32.0
 Installed HTTP ─────────────── v0.8.8
 Installed Rmath ────────────── v0.5.1
 Installed SortingAlgorithms ── v0.3.1
 Installed CategoricalArrays ── v0.7.3
 Installed ShiftedArrays ────── v1.0.0
 Installed QuadGK ───────────── v2.1.1
 Installed Tables ───────────── v0.2.11
 Installed StatsFuns ────────── v0.9.0
 Installed Compat ───────────── v2.2.0
  Building Arpack ──────────→ `~/.julia/packages/Arpack/cu5By/deps/build.log`
  Building SpecialFunctions → `~/.julia/packages/SpecialFunctions/ne2iw/deps/build.log`
  Building MbedTLS ─────────→ `~/.julia/packages/MbedTLS/X4xar/deps/build.log`
  Building Rmath ───────────→ `~/.julia/packages/Rmath/4wt82/deps/build.log`
    Status `/tmp/tmpGrMYs2/Manifest.toml`
  [7d9fca2a] Arpack v0.3.1
  [9e28174c] BinDeps v0.8.10
  [b99e7846] BinaryProvider v0.5.8
  [324d7699] CategoricalArrays v0.7.3
  [34da2185] Compat v2.2.0
  [9a962f9c] DataAPI v1.1.0
  [a93c6f00] DataFrames v0.19.4
  [864edb3b] DataStructures v0.17.6
  [e2d170a0] DataValueInterfaces v1.0.0
  [e7dc6d0d] DataValues v0.4.12
  [31c24e10] Distributions v0.21.8
  [38e38edf] GLM v1.3.4
  [cd3eb016] HTTP v0.8.8
  [83e8ac13] IniFile v0.5.0
  [41ab1584] InvertedIndices v1.0.0
  [1c8ee90f] IterableTables v1.0.0
  [82899510] IteratorInterfaceExtensions v1.0.0
  [682c06a0] JSON v0.21.0
  [739be429] MbedTLS v0.6.8
  [e1d29d7a] Missings v0.4.3
  [bac558e1] OrderedCollections v1.1.0
  [90014a1f] PDMats v0.9.10
  [69de0a69] Parsers v0.3.10
  [2dfb63ee] PooledArrays v0.5.2
  [1fd47b50] QuadGK v2.1.1
  [3cdcf5f2] RecipesBase v0.7.0
  [189a3867] Reexport v0.2.0
  [ae029012] Requires v0.5.2
  [79098fc4] Rmath v0.5.1
  [1277b4bf] ShiftedArrays v1.0.0
  [a2af1166] SortingAlgorithms v0.3.1
  [276daf66] SpecialFunctions v0.8.0
  [2913bbd2] StatsBase v0.32.0
  [4c63d2b9] StatsFuns v0.9.0
  [3eaba693] StatsModels v0.6.7
  [3783bdb8] TableTraits v1.0.0
  [382cd787] TableTraitsUtils v1.0.1
  [bd369af6] Tables v0.2.11
  [a110ec8f] Temporal v0.6.1
  [9e3dc215] TimeSeries v0.16.1
  [30578b45] URIParser v0.4.0
  [2a0f44e3] Base64  [`@stdlib/Base64`]
  [ade2ca70] Dates  [`@stdlib/Dates`]
  [8bb1440f] DelimitedFiles  [`@stdlib/DelimitedFiles`]
  [8ba89e20] Distributed  [`@stdlib/Distributed`]
  [9fa8497b] Future  [`@stdlib/Future`]
  [b77e0a4c] InteractiveUtils  [`@stdlib/InteractiveUtils`]
  [76f85450] LibGit2  [`@stdlib/LibGit2`]
  [8f399da3] Libdl  [`@stdlib/Libdl`]
  [37e2e46d] LinearAlgebra  [`@stdlib/LinearAlgebra`]
  [56ddb016] Logging  [`@stdlib/Logging`]
  [d6f4376e] Markdown  [`@stdlib/Markdown`]
  [a63ad114] Mmap  [`@stdlib/Mmap`]
  [44cfe95a] Pkg  [`@stdlib/Pkg`]
  [de0858da] Printf  [`@stdlib/Printf`]
  [3fa0cd96] REPL  [`@stdlib/REPL`]
  [9a3f8284] Random  [`@stdlib/Random`]
  [ea8e919c] SHA  [`@stdlib/SHA`]
  [9e88b42a] Serialization  [`@stdlib/Serialization`]
  [1a1011a3] SharedArrays  [`@stdlib/SharedArrays`]
  [6462fe0b] Sockets  [`@stdlib/Sockets`]
  [2f01184e] SparseArrays  [`@stdlib/SparseArrays`]
  [10745b16] Statistics  [`@stdlib/Statistics`]
  [4607b0f0] SuiteSparse  [`@stdlib/SuiteSparse`]
  [8dfed614] Test  [`@stdlib/Test`]
  [cf7118a7] UUIDs  [`@stdlib/UUIDs`]
  [4ec0a83e] Unicode  [`@stdlib/Unicode`]
┌ Warning: `getindex(df::DataFrame, col_ind::ColumnIndex)` is deprecated, use `df[!, col_ind]` instead.
│   caller = macro expansion at test_integration_dataframes.jl:35 [inlined]
└ @ Core ~/.julia/packages/IterableTables/MvidQ/test/test_integration_dataframes.jl:35
┌ Warning: `getindex(df::DataFrame, col_ind::ColumnIndex)` is deprecated, use `df[!, col_ind]` instead.
│   caller = macro expansion at test_integration_dataframes.jl:36 [inlined]
└ @ Core ~/.julia/packages/IterableTables/MvidQ/test/test_integration_dataframes.jl:36
┌ Warning: `getindex(df::DataFrame, col_ind::ColumnIndex)` is deprecated, use `df[!, col_ind]` instead.
│   caller = macro expansion at test_integration_dataframes.jl:37 [inlined]
└ @ Core ~/.julia/packages/IterableTables/MvidQ/test/test_integration_dataframes.jl:37
┌ Warning: `getindex(df::DataFrame, col_ind::ColumnIndex)` is deprecated, use `df[!, col_ind]` instead.
│   caller = macro expansion at test_integration_dataframes.jl:38 [inlined]
└ @ Core ~/.julia/packages/IterableTables/MvidQ/test/test_integration_dataframes.jl:38
┌ Warning: `getindex(df::DataFrame, col_ind::ColumnIndex)` is deprecated, use `df[!, col_ind]` instead.
│   caller = macro expansion at test_integration_dataframes.jl:39 [inlined]
└ @ Core ~/.julia/packages/IterableTables/MvidQ/test/test_integration_dataframes.jl:39
┌ Warning: `getindex(df::DataFrame, col_ind::ColumnIndex)` is deprecated, use `df[!, col_ind]` instead.
│   caller = macro expansion at test_integration_dataframes.jl:40 [inlined]
└ @ Core ~/.julia/packages/IterableTables/MvidQ/test/test_integration_dataframes.jl:40
┌ Warning: `getindex(df::DataFrame, col_ind::ColumnIndex)` is deprecated, use `df[!, col_ind]` instead.
│   caller = macro expansion at test_integration_dataframes.jl:46 [inlined]
└ @ Core ~/.julia/packages/IterableTables/MvidQ/test/test_integration_dataframes.jl:46
┌ Warning: `getindex(df::DataFrame, col_ind::ColumnIndex)` is deprecated, use `df[!, col_ind]` instead.
│   caller = macro expansion at test_integration_dataframes.jl:47 [inlined]
└ @ Core ~/.julia/packages/IterableTables/MvidQ/test/test_integration_dataframes.jl:47
┌ Warning: `getindex(df::DataFrame, col_ind::ColumnIndex)` is deprecated, use `df[!, col_ind]` instead.
│   caller = macro expansion at test_integration_dataframes.jl:48 [inlined]
└ @ Core ~/.julia/packages/IterableTables/MvidQ/test/test_integration_dataframes.jl:48
┌ Warning: `getindex(df::DataFrame, col_ind::ColumnIndex)` is deprecated, use `df[!, col_ind]` instead.
│   caller = macro expansion at test_integration_dataframes.jl:49 [inlined]
└ @ Core ~/.julia/packages/IterableTables/MvidQ/test/test_integration_dataframes.jl:49
┌ Warning: `getindex(df::DataFrame, col_ind::ColumnIndex)` is deprecated, use `df[!, col_ind]` instead.
│   caller = macro expansion at test_integration_dataframes.jl:50 [inlined]
└ @ Core ~/.julia/packages/IterableTables/MvidQ/test/test_integration_dataframes.jl:50
┌ Warning: `getindex(df::DataFrame, col_ind::ColumnIndex)` is deprecated, use `df[!, col_ind]` instead.
│   caller = macro expansion at test_integration_dataframes.jl:51 [inlined]
└ @ Core ~/.julia/packages/IterableTables/MvidQ/test/test_integration_dataframes.jl:51
┌ Warning: `getindex(df::DataFrame, col_ind::ColumnIndex)` is deprecated, use `df[!, col_ind]` instead.
│   caller = macro expansion at test_integration_timeseries.jl:22 [inlined]
└ @ Core ~/.julia/packages/IterableTables/MvidQ/test/test_integration_timeseries.jl:22
┌ Warning: `getindex(df::DataFrame, col_ind::ColumnIndex)` is deprecated, use `df[!, col_ind]` instead.
│   caller = macro expansion at test_integration_timeseries.jl:23 [inlined]
└ @ Core ~/.julia/packages/IterableTables/MvidQ/test/test_integration_timeseries.jl:23
┌ Warning: `getindex(df::DataFrame, col_ind::ColumnIndex)` is deprecated, use `df[!, col_ind]` instead.
│   caller = macro expansion at test_integration_timeseries.jl:28 [inlined]
└ @ Core ~/.julia/packages/IterableTables/MvidQ/test/test_integration_timeseries.jl:28
┌ Warning: `getindex(df::DataFrame, col_ind::ColumnIndex)` is deprecated, use `df[!, col_ind]` instead.
│   caller = macro expansion at test_integration_timeseries.jl:29 [inlined]
└ @ Core ~/.julia/packages/IterableTables/MvidQ/test/test_integration_timeseries.jl:29
┌ Warning: `getindex(df::DataFrame, col_ind::ColumnIndex)` is deprecated, use `df[!, col_ind]` instead.
│   caller = macro expansion at test_integration_timeseries.jl:34 [inlined]
└ @ Core ~/.julia/packages/IterableTables/MvidQ/test/test_integration_timeseries.jl:34
┌ Warning: `getindex(df::DataFrame, col_ind::ColumnIndex)` is deprecated, use `df[!, col_ind]` instead.
│   caller = macro expansion at test_integration_timeseries.jl:35 [inlined]
└ @ Core ~/.julia/packages/IterableTables/MvidQ/test/test_integration_timeseries.jl:35
┌ Warning: `getindex(df::DataFrame, col_ind::ColumnIndex)` is deprecated, use `df[!, col_ind]` instead.
│   caller = macro expansion at test_integration_timeseries.jl:36 [inlined]
└ @ Core ~/.julia/packages/IterableTables/MvidQ/test/test_integration_timeseries.jl:36
┌ Warning: `getindex(df::DataFrame, col_ind::ColumnIndex)` is deprecated, use `df[!, col_ind]` instead.
│   caller = macro expansion at test_integration_timeseries.jl:41 [inlined]
└ @ Core ~/.julia/packages/IterableTables/MvidQ/test/test_integration_timeseries.jl:41
┌ Warning: `getindex(df::DataFrame, col_ind::ColumnIndex)` is deprecated, use `df[!, col_ind]` instead.
│   caller = macro expansion at test_integration_timeseries.jl:42 [inlined]
└ @ Core ~/.julia/packages/IterableTables/MvidQ/test/test_integration_timeseries.jl:42
┌ Warning: `getindex(df::DataFrame, col_ind::ColumnIndex)` is deprecated, use `df[!, col_ind]` instead.
│   caller = macro expansion at test_integration_timeseries.jl:43 [inlined]
└ @ Core ~/.julia/packages/IterableTables/MvidQ/test/test_integration_timeseries.jl:43
┌ Warning: `getindex(df::DataFrame, col_ind::ColumnIndex)` is deprecated, use `df[!, col_ind]` instead.
│   caller = macro expansion at test_integration_temporal.jl:22 [inlined]
└ @ Core ~/.julia/packages/IterableTables/MvidQ/test/test_integration_temporal.jl:22
┌ Warning: `getindex(df::DataFrame, col_ind::ColumnIndex)` is deprecated, use `df[!, col_ind]` instead.
│   caller = macro expansion at test_integration_temporal.jl:23 [inlined]
└ @ Core ~/.julia/packages/IterableTables/MvidQ/test/test_integration_temporal.jl:23
┌ Warning: `getindex(df::DataFrame, col_ind::ColumnIndex)` is deprecated, use `df[!, col_ind]` instead.
│   caller = macro expansion at test_integration_temporal.jl:28 [inlined]
└ @ Core ~/.julia/packages/IterableTables/MvidQ/test/test_integration_temporal.jl:28
┌ Warning: `getindex(df::DataFrame, col_ind::ColumnIndex)` is deprecated, use `df[!, col_ind]` instead.
│   caller = macro expansion at test_integration_temporal.jl:29 [inlined]
└ @ Core ~/.julia/packages/IterableTables/MvidQ/test/test_integration_temporal.jl:29
┌ Warning: `getindex(df::DataFrame, col_ind::ColumnIndex)` is deprecated, use `df[!, col_ind]` instead.
│   caller = macro expansion at test_integration_temporal.jl:34 [inlined]
└ @ Core ~/.julia/packages/IterableTables/MvidQ/test/test_integration_temporal.jl:34
┌ Warning: `getindex(df::DataFrame, col_ind::ColumnIndex)` is deprecated, use `df[!, col_ind]` instead.
│   caller = macro expansion at test_integration_temporal.jl:35 [inlined]
└ @ Core ~/.julia/packages/IterableTables/MvidQ/test/test_integration_temporal.jl:35
┌ Warning: `getindex(df::DataFrame, col_ind::ColumnIndex)` is deprecated, use `df[!, col_ind]` instead.
│   caller = macro expansion at test_integration_temporal.jl:36 [inlined]
└ @ Core ~/.julia/packages/IterableTables/MvidQ/test/test_integration_temporal.jl:36
┌ Warning: `getindex(df::DataFrame, col_ind::ColumnIndex)` is deprecated, use `df[!, col_ind]` instead.
│   caller = macro expansion at test_integration_temporal.jl:41 [inlined]
└ @ Core ~/.julia/packages/IterableTables/MvidQ/test/test_integration_temporal.jl:41
┌ Warning: `getindex(df::DataFrame, col_ind::ColumnIndex)` is deprecated, use `df[!, col_ind]` instead.
│   caller = macro expansion at test_integration_temporal.jl:42 [inlined]
└ @ Core ~/.julia/packages/IterableTables/MvidQ/test/test_integration_temporal.jl:42
┌ Warning: `getindex(df::DataFrame, col_ind::ColumnIndex)` is deprecated, use `df[!, col_ind]` instead.
│   caller = macro expansion at test_integration_temporal.jl:43 [inlined]
└ @ Core ~/.julia/packages/IterableTables/MvidQ/test/test_integration_temporal.jl:43

signal (11): Segmentation fault
in expression starting at /root/.julia/packages/IterableTables/MvidQ/test/test_integration_temporal.jl:8
jl_compile_linfo at /buildworker/worker/package_linux64/build/src/codegen.cpp:1191
emit_invoke at /buildworker/worker/package_linux64/build/src/codegen.cpp:3094
emit_expr at /buildworker/worker/package_linux64/build/src/codegen.cpp:3893
emit_ssaval_assign at /buildworker/worker/package_linux64/build/src/codegen.cpp:3615
emit_stmtpos at /buildworker/worker/package_linux64/build/src/codegen.cpp:3801 [inlined]
emit_function at /buildworker/worker/package_linux64/build/src/codegen.cpp:6262
jl_compile_linfo at /buildworker/worker/package_linux64/build/src/codegen.cpp:1159
emit_invoke at /buildworker/worker/package_linux64/build/src/codegen.cpp:3094
emit_expr at /buildworker/worker/package_linux64/build/src/codegen.cpp:3893
emit_ssaval_assign at /buildworker/worker/package_linux64/build/src/codegen.cpp:3615
emit_stmtpos at /buildworker/worker/package_linux64/build/src/codegen.cpp:3801 [inlined]
emit_function at /buildworker/worker/package_linux64/build/src/codegen.cpp:6262
jl_compile_linfo at /buildworker/worker/package_linux64/build/src/codegen.cpp:1159
jl_fptr_trampoline at /buildworker/worker/package_linux64/build/src/gf.c:1774
jl_apply_generic at /buildworker/worker/package_linux64/build/src/gf.c:2162
#TS#26 at /root/.julia/packages/IterableTables/MvidQ/src/integrations/temporal.jl:114
jl_fptr_trampoline at /buildworker/worker/package_linux64/build/src/gf.c:1809
jl_invoke at /buildworker/worker/package_linux64/build/src/gf.c:2312
Type at /root/.julia/packages/IterableTables/MvidQ/src/integrations/temporal.jl:52
jl_fptr_trampoline at /buildworker/worker/package_linux64/build/src/gf.c:1809
jl_apply_generic at /buildworker/worker/package_linux64/build/src/gf.c:2162
macro expansion at /root/.julia/packages/IterableTables/MvidQ/test/test_integration_temporal.jl:46 [inlined]
macro expansion at /buildworker/worker/package_linux64/build/usr/share/julia/stdlib/v1.0/Test/src/Test.jl:1083 [inlined]
top-level scope at /root/.julia/packages/IterableTables/MvidQ/test/test_integration_temporal.jl:10
jl_fptr_trampoline at /buildworker/worker/package_linux64/build/src/gf.c:1809
jl_toplevel_eval_flex at /buildworker/worker/package_linux64/build/src/toplevel.c:799
jl_parse_eval_all at /buildworker/worker/package_linux64/build/src/ast.c:838
jl_load at /buildworker/worker/package_linux64/build/src/toplevel.c:839
include at ./boot.jl:317 [inlined]
include_relative at ./loading.jl:1044
include at ./sysimg.jl:29
jl_apply_generic at /buildworker/worker/package_linux64/build/src/gf.c:2162
include at ./client.jl:392
jl_apply_generic at /buildworker/worker/package_linux64/build/src/gf.c:2162
macro expansion at /root/.julia/packages/IterableTables/MvidQ/test/runtests.jl:11 [inlined]
macro expansion at /buildworker/worker/package_linux64/build/usr/share/julia/stdlib/v1.0/Test/src/Test.jl:1083 [inlined]
top-level scope at /root/.julia/packages/IterableTables/MvidQ/test/runtests.jl:8
jl_fptr_trampoline at /buildworker/worker/package_linux64/build/src/gf.c:1809
jl_toplevel_eval_flex at /buildworker/worker/package_linux64/build/src/toplevel.c:799
jl_parse_eval_all at /buildworker/worker/package_linux64/build/src/ast.c:838
jl_load at /buildworker/worker/package_linux64/build/src/toplevel.c:839
include at ./boot.jl:317 [inlined]
include_relative at ./loading.jl:1044
include at ./sysimg.jl:29
jl_apply_generic at /buildworker/worker/package_linux64/build/src/gf.c:2162
include at ./client.jl:392
jl_fptr_trampoline at /buildworker/worker/package_linux64/build/src/gf.c:1809
jl_apply_generic at /buildworker/worker/package_linux64/build/src/gf.c:2162
do_call at /buildworker/worker/package_linux64/build/src/interpreter.c:324
eval_value at /buildworker/worker/package_linux64/build/src/interpreter.c:430
eval_stmt_value at /buildworker/worker/package_linux64/build/src/interpreter.c:363 [inlined]
eval_body at /buildworker/worker/package_linux64/build/src/interpreter.c:682
jl_interpret_toplevel_thunk_callback at /buildworker/worker/package_linux64/build/src/interpreter.c:806
unknown function (ip: 0xfffffffffffffffe)
unknown function (ip: 0x7f261e7e4a0f)
unknown function (ip: 0xffffffffffffffff)
jl_interpret_toplevel_thunk at /buildworker/worker/package_linux64/build/src/interpreter.c:815
jl_toplevel_eval_flex at /buildworker/worker/package_linux64/build/src/toplevel.c:805
jl_toplevel_eval_flex at /buildworker/worker/package_linux64/build/src/toplevel.c:754
jl_toplevel_eval_in at /buildworker/worker/package_linux64/build/src/builtins.c:622
eval at ./boot.jl:319
jl_apply_generic at /buildworker/worker/package_linux64/build/src/gf.c:2162
exec_options at ./client.jl:243
_start at ./client.jl:425
jl_apply_generic at /buildworker/worker/package_linux64/build/src/gf.c:2162
jl_apply at /buildworker/worker/package_linux64/build/ui/../src/julia.h:1537 [inlined]
true_main at /buildworker/worker/package_linux64/build/ui/repl.c:112
main at /buildworker/worker/package_linux64/build/ui/repl.c:233
__libc_start_main at /lib/x86_64-linux-gnu/libc.so.6 (unknown line)
_start at /opt/julia/bin/julia (unknown line)
Allocations: 97098834 (Pool: 97078848; Big: 19986); GC: 217
ERROR: Package IterableTables errored during testing
Stacktrace:
 [1] pkgerror(::String, ::Vararg{String,N} where N) at /buildworker/worker/package_linux64/build/usr/share/julia/stdlib/v1.0/Pkg/src/Types.jl:120
 [2] #test#65(::Bool, ::Function, ::Pkg.Types.Context, ::Array{Pkg.Types.PackageSpec,1}) at /buildworker/worker/package_linux64/build/usr/share/julia/stdlib/v1.0/Pkg/src/Operations.jl:1357
 [3] #test at /buildworker/worker/package_linux64/build/usr/share/julia/stdlib/v1.0/Pkg/src/API.jl:0 [inlined]
 [4] #test#44(::Bool, ::Base.Iterators.Pairs{Union{},Union{},Tuple{},NamedTuple{(),Tuple{}}}, ::Function, ::Pkg.Types.Context, ::Array{Pkg.Types.PackageSpec,1}) at /buildworker/worker/package_linux64/build/usr/share/julia/stdlib/v1.0/Pkg/src/API.jl:278
 [5] test at /buildworker/worker/package_linux64/build/usr/share/julia/stdlib/v1.0/Pkg/src/API.jl:263 [inlined]
 [6] #test#43 at /buildworker/worker/package_linux64/build/usr/share/julia/stdlib/v1.0/Pkg/src/API.jl:260 [inlined]
 [7] test at /buildworker/worker/package_linux64/build/usr/share/julia/stdlib/v1.0/Pkg/src/API.jl:260 [inlined]
 [8] #test#42 at /buildworker/worker/package_linux64/build/usr/share/julia/stdlib/v1.0/Pkg/src/API.jl:259 [inlined]
 [9] test at /buildworker/worker/package_linux64/build/usr/share/julia/stdlib/v1.0/Pkg/src/API.jl:259 [inlined]
 [10] #test#41 at /buildworker/worker/package_linux64/build/usr/share/julia/stdlib/v1.0/Pkg/src/API.jl:258 [inlined]
 [11] test(::String) at /buildworker/worker/package_linux64/build/usr/share/julia/stdlib/v1.0/Pkg/src/API.jl:258
 [12] top-level scope at none:0
