 Resolving package versions...
 Installed Missings ─────────── v0.4.3
 Installed Vimes ────────────── v0.1.0
 Installed DataAPI ──────────── v1.1.0
 Installed Tokenize ─────────── v0.5.6
 Installed OrderedCollections ─ v1.1.0
 Installed CSTParser ────────── v1.0.0
 Installed StatsBase ────────── v0.32.0
 Installed MacroTools ───────── v0.5.1
 Installed SortingAlgorithms ── v0.3.1
 Installed Compat ───────────── v3.0.0
 Installed DataStructures ───── v0.17.6
  Updating `~/.julia/environments/v1.0/Project.toml`
  [85f4b15a] + Vimes v0.1.0
  Updating `~/.julia/environments/v1.0/Manifest.toml`
  [00ebfdb7] + CSTParser v1.0.0
  [34da2185] + Compat v3.0.0
  [9a962f9c] + DataAPI v1.1.0
  [864edb3b] + DataStructures v0.17.6
  [1914dd2f] + MacroTools v0.5.1
  [e1d29d7a] + Missings v0.4.3
  [bac558e1] + OrderedCollections v1.1.0
  [a2af1166] + SortingAlgorithms v0.3.1
  [2913bbd2] + StatsBase v0.32.0
  [0796e94c] + Tokenize v0.5.6
  [85f4b15a] + Vimes v0.1.0
  [2a0f44e3] + Base64 
  [ade2ca70] + Dates 
  [8bb1440f] + DelimitedFiles 
  [8ba89e20] + Distributed 
  [b77e0a4c] + InteractiveUtils 
  [76f85450] + LibGit2 
  [8f399da3] + Libdl 
  [37e2e46d] + LinearAlgebra 
  [56ddb016] + Logging 
  [d6f4376e] + Markdown 
  [a63ad114] + Mmap 
  [44cfe95a] + Pkg 
  [de0858da] + Printf 
  [3fa0cd96] + REPL 
  [9a3f8284] + Random 
  [ea8e919c] + SHA 
  [9e88b42a] + Serialization 
  [1a1011a3] + SharedArrays 
  [6462fe0b] + Sockets 
  [2f01184e] + SparseArrays 
  [10745b16] + Statistics 
  [8dfed614] + Test 
  [cf7118a7] + UUIDs 
  [4ec0a83e] + Unicode 
   Testing Vimes
 Resolving package versions...
    Status `/tmp/tmp9VbPkw/Manifest.toml`
  [00ebfdb7] CSTParser v1.0.0
  [34da2185] Compat v3.0.0
  [9a962f9c] DataAPI v1.1.0
  [864edb3b] DataStructures v0.17.6
  [1914dd2f] MacroTools v0.5.1
  [e1d29d7a] Missings v0.4.3
  [bac558e1] OrderedCollections v1.1.0
  [a2af1166] SortingAlgorithms v0.3.1
  [2913bbd2] StatsBase v0.32.0
  [0796e94c] Tokenize v0.5.6
  [85f4b15a] Vimes v0.1.0
  [2a0f44e3] Base64  [`@stdlib/Base64`]
  [ade2ca70] Dates  [`@stdlib/Dates`]
  [8bb1440f] DelimitedFiles  [`@stdlib/DelimitedFiles`]
  [8ba89e20] Distributed  [`@stdlib/Distributed`]
  [b77e0a4c] InteractiveUtils  [`@stdlib/InteractiveUtils`]
  [76f85450] LibGit2  [`@stdlib/LibGit2`]
  [8f399da3] Libdl  [`@stdlib/Libdl`]
  [37e2e46d] LinearAlgebra  [`@stdlib/LinearAlgebra`]
  [56ddb016] Logging  [`@stdlib/Logging`]
  [d6f4376e] Markdown  [`@stdlib/Markdown`]
  [a63ad114] Mmap  [`@stdlib/Mmap`]
  [44cfe95a] Pkg  [`@stdlib/Pkg`]
  [de0858da] Printf  [`@stdlib/Printf`]
  [3fa0cd96] REPL  [`@stdlib/REPL`]
  [9a3f8284] Random  [`@stdlib/Random`]
  [ea8e919c] SHA  [`@stdlib/SHA`]
  [9e88b42a] Serialization  [`@stdlib/Serialization`]
  [1a1011a3] SharedArrays  [`@stdlib/SharedArrays`]
  [6462fe0b] Sockets  [`@stdlib/Sockets`]
  [2f01184e] SparseArrays  [`@stdlib/SparseArrays`]
  [10745b16] Statistics  [`@stdlib/Statistics`]
  [8dfed614] Test  [`@stdlib/Test`]
  [cf7118a7] UUIDs  [`@stdlib/UUIDs`]
  [4ec0a83e] Unicode  [`@stdlib/Unicode`]
WARNING: Compat.Markdown is deprecated, use Markdown instead.
  likely near /root/.julia/packages/MacroTools/ys44U/src/MacroTools.jl:4
WARNING: Compat.Random is deprecated, use Random instead.
  likely near /root/.julia/packages/MacroTools/ys44U/src/MacroTools.jl:35
   Cloning default registries into /tmp/tmptDfgMI/registries
   Cloning registry General from "https://github.com/JuliaRegistries/General.git"
[?25l    Fetching: [>                                        ]  0.0 %    Fetching: [====>                                    ]  8.3 %    Fetching: [===========>                             ]  25.6 %    Fetching: [================>                        ]  39.2 %    Fetching: [===================================>     ]  86.0 %    Fetching: [=====================================>   ]  91.2 %[2K[?25h  Updating registry at `/tmp/tmptDfgMI/registries/General`
  Updating git-repo `https://github.com/JuliaRegistries/General.git`
[?25l[2K[?25h   Cloning git-repo `https://github.com/JuliaIO/JSON.jl.git`
[?25l    Fetching: [>                                        ]  0.0 %[2K[?25h  Updating git-repo `https://github.com/JuliaIO/JSON.jl.git`
[?25l    Fetching: [>                                        ]  0.0 %[2K[?25h Resolving package versions...
 Installed Parsers ─ v0.3.10
  Updating `/tmp/tmpD8dvW9/Project.toml`
  [682c06a0] + JSON v0.21.0 [`/tmp/tmptDfgMI/dev/JSON`]
  Updating `/tmp/tmpD8dvW9/Manifest.toml`
  [682c06a0] + JSON v0.21.0 [`/tmp/tmptDfgMI/dev/JSON`]
  [69de0a69] + Parsers v0.3.10
  [2a0f44e3] + Base64 
  [ade2ca70] + Dates 
  [8ba89e20] + Distributed 
  [b77e0a4c] + InteractiveUtils 
  [8f399da3] + Libdl 
  [37e2e46d] + LinearAlgebra 
  [56ddb016] + Logging 
  [d6f4376e] + Markdown 
  [a63ad114] + Mmap 
  [de0858da] + Printf 
  [9a3f8284] + Random 
  [9e88b42a] + Serialization 
  [6462fe0b] + Sockets 
  [8dfed614] + Test 
  [4ec0a83e] + Unicode 
[ Info: (1) Ran 1 tests, precision 100.00%
[ Info: (1) Ran 1 tests, precision 100.00%
[ Info: (1) Ran 1 tests, precision 100.00%
[ Info: (2) Ran 2 tests, precision 100.00%
[ Info: (1) Ran 3 tests, precision 100.00%
Test Summary: | Pass  Total
Vimes.jl      |    3      3
MethodError(getfield(Main, Symbol("##4#6"))(), (), 0x000000000000622f)
MethodError(getfield(Main, Symbol("##3#5"))(), (), 0x000000000000622f)
   Testing Vimes tests passed 
