 Resolving package versions...
 Installed PkgDev ────────────────────── v1.2.0
 Installed DataValueInterfaces ───────── v1.0.0
 Installed DataAPI ───────────────────── v1.1.0
 Installed RegistryTools ─────────────── v1.0.0
 Installed Parsers ───────────────────── v0.3.10
 Installed IteratorInterfaceExtensions ─ v1.0.0
 Installed TableTraits ───────────────── v1.0.0
 Installed MbedTLS ───────────────────── v0.7.0
 Installed PkgButlerEngine ───────────── v1.2.1
 Installed IniFile ───────────────────── v0.5.0
 Installed Tables ────────────────────── v0.2.11
 Installed JSON ──────────────────────── v0.21.0
 Installed Mustache ──────────────────── v0.5.13
 Installed GitHub ────────────────────── v5.1.3
 Installed BinaryProvider ────────────── v0.5.8
 Installed HTTP ──────────────────────── v0.8.8
 Installed URIParser ─────────────────── v0.4.0
 Installed AutoHashEquals ────────────── v0.2.0
  Updating `~/.julia/environments/v1.2/Project.toml`
  [149e707d] + PkgDev v1.2.0
  Updating `~/.julia/environments/v1.2/Manifest.toml`
  [15f4f7f2] + AutoHashEquals v0.2.0
  [b99e7846] + BinaryProvider v0.5.8
  [9a962f9c] + DataAPI v1.1.0
  [e2d170a0] + DataValueInterfaces v1.0.0
  [bc5e4493] + GitHub v5.1.3
  [cd3eb016] + HTTP v0.8.8
  [83e8ac13] + IniFile v0.5.0
  [82899510] + IteratorInterfaceExtensions v1.0.0
  [682c06a0] + JSON v0.21.0
  [739be429] + MbedTLS v0.7.0
  [ffc61752] + Mustache v0.5.13
  [69de0a69] + Parsers v0.3.10
  [5c9c0fc8] + PkgButlerEngine v1.2.1
  [149e707d] + PkgDev v1.2.0
  [d1eb7eb1] + RegistryTools v1.0.0
  [3783bdb8] + TableTraits v1.0.0
  [bd369af6] + Tables v0.2.11
  [30578b45] + URIParser v0.4.0
  [2a0f44e3] + Base64 
  [ade2ca70] + Dates 
  [8ba89e20] + Distributed 
  [b77e0a4c] + InteractiveUtils 
  [76f85450] + LibGit2 
  [8f399da3] + Libdl 
  [37e2e46d] + LinearAlgebra 
  [56ddb016] + Logging 
  [d6f4376e] + Markdown 
  [a63ad114] + Mmap 
  [44cfe95a] + Pkg 
  [de0858da] + Printf 
  [3fa0cd96] + REPL 
  [9a3f8284] + Random 
  [ea8e919c] + SHA 
  [9e88b42a] + Serialization 
  [6462fe0b] + Sockets 
  [8dfed614] + Test 
  [cf7118a7] + UUIDs 
  [4ec0a83e] + Unicode 
  Building MbedTLS → `~/.julia/packages/MbedTLS/a1JFn/deps/build.log`
   Testing PkgDev
 Resolving package versions...
    Status `/tmp/jl_ONZJdZ/Manifest.toml`
  [15f4f7f2] AutoHashEquals v0.2.0
  [b99e7846] BinaryProvider v0.5.8
  [9a962f9c] DataAPI v1.1.0
  [e2d170a0] DataValueInterfaces v1.0.0
  [bc5e4493] GitHub v5.1.3
  [cd3eb016] HTTP v0.8.8
  [83e8ac13] IniFile v0.5.0
  [82899510] IteratorInterfaceExtensions v1.0.0
  [682c06a0] JSON v0.21.0
  [739be429] MbedTLS v0.7.0
  [ffc61752] Mustache v0.5.13
  [69de0a69] Parsers v0.3.10
  [5c9c0fc8] PkgButlerEngine v1.2.1
  [149e707d] PkgDev v1.2.0
  [d1eb7eb1] RegistryTools v1.0.0
  [3783bdb8] TableTraits v1.0.0
  [bd369af6] Tables v0.2.11
  [30578b45] URIParser v0.4.0
  [2a0f44e3] Base64  [`@stdlib/Base64`]
  [ade2ca70] Dates  [`@stdlib/Dates`]
  [8ba89e20] Distributed  [`@stdlib/Distributed`]
  [b77e0a4c] InteractiveUtils  [`@stdlib/InteractiveUtils`]
  [76f85450] LibGit2  [`@stdlib/LibGit2`]
  [8f399da3] Libdl  [`@stdlib/Libdl`]
  [37e2e46d] LinearAlgebra  [`@stdlib/LinearAlgebra`]
  [56ddb016] Logging  [`@stdlib/Logging`]
  [d6f4376e] Markdown  [`@stdlib/Markdown`]
  [a63ad114] Mmap  [`@stdlib/Mmap`]
  [44cfe95a] Pkg  [`@stdlib/Pkg`]
  [de0858da] Printf  [`@stdlib/Printf`]
  [3fa0cd96] REPL  [`@stdlib/REPL`]
  [9a3f8284] Random  [`@stdlib/Random`]
  [ea8e919c] SHA  [`@stdlib/SHA`]
  [9e88b42a] Serialization  [`@stdlib/Serialization`]
  [6462fe0b] Sockets  [`@stdlib/Sockets`]
  [8dfed614] Test  [`@stdlib/Test`]
  [cf7118a7] UUIDs  [`@stdlib/UUIDs`]
  [4ec0a83e] Unicode  [`@stdlib/Unicode`]
Test Summary: |
PkgDev        | No tests
   Testing PkgDev tests passed 
