 Resolving package versions...
 Installed OrderedCollections ─ v1.1.0
 Installed IterTools ────────── v1.3.0
 Installed BinaryProvider ───── v0.5.8
 Installed XMLDict ──────────── v0.3.0
 Installed DataStructures ───── v0.17.6
 Installed EzXML ────────────── v0.9.4
  Updating `~/.julia/environments/v1.2/Project.toml`
  [228000da] + XMLDict v0.3.0
  Updating `~/.julia/environments/v1.2/Manifest.toml`
  [b99e7846] + BinaryProvider v0.5.8
  [864edb3b] + DataStructures v0.17.6
  [8f5d6c58] + EzXML v0.9.4
  [c8e1da08] + IterTools v1.3.0
  [bac558e1] + OrderedCollections v1.1.0
  [228000da] + XMLDict v0.3.0
  [2a0f44e3] + Base64 
  [8ba89e20] + Distributed 
  [b77e0a4c] + InteractiveUtils 
  [8f399da3] + Libdl 
  [56ddb016] + Logging 
  [d6f4376e] + Markdown 
  [de0858da] + Printf 
  [9a3f8284] + Random 
  [ea8e919c] + SHA 
  [9e88b42a] + Serialization 
  [6462fe0b] + Sockets 
  [8dfed614] + Test 
  [4ec0a83e] + Unicode 
  Building EzXML → `~/.julia/packages/EzXML/G0JeY/deps/build.log`
   Testing XMLDict
 Resolving package versions...
 Installed Parsers ─ v0.3.10
 Installed JSON ──── v0.21.0
    Status `/tmp/jl_ISCrE6/Manifest.toml`
  [b99e7846] BinaryProvider v0.5.8
  [864edb3b] DataStructures v0.17.6
  [8f5d6c58] EzXML v0.9.4
  [c8e1da08] IterTools v1.3.0
  [682c06a0] JSON v0.21.0
  [bac558e1] OrderedCollections v1.1.0
  [69de0a69] Parsers v0.3.10
  [228000da] XMLDict v0.3.0
  [2a0f44e3] Base64  [`@stdlib/Base64`]
  [ade2ca70] Dates  [`@stdlib/Dates`]
  [8ba89e20] Distributed  [`@stdlib/Distributed`]
  [b77e0a4c] InteractiveUtils  [`@stdlib/InteractiveUtils`]
  [8f399da3] Libdl  [`@stdlib/Libdl`]
  [56ddb016] Logging  [`@stdlib/Logging`]
  [d6f4376e] Markdown  [`@stdlib/Markdown`]
  [a63ad114] Mmap  [`@stdlib/Mmap`]
  [de0858da] Printf  [`@stdlib/Printf`]
  [9a3f8284] Random  [`@stdlib/Random`]
  [ea8e919c] SHA  [`@stdlib/SHA`]
  [9e88b42a] Serialization  [`@stdlib/Serialization`]
  [6462fe0b] Sockets  [`@stdlib/Sockets`]
  [8dfed614] Test  [`@stdlib/Test`]
  [4ec0a83e] Unicode  [`@stdlib/Unicode`]
bash: xmllint: command not found
bash: xmllint: command not found
bash: xmllint: command not found
bash: xmllint: command not found
bash: xmllint: command not found
bash: xmllint: command not found
bash: xmllint: command not found
bash: xmllint: command not found
bash: xmllint: command not found
bash: xmllint: command not found
bash: xmllint: command not found
bash: xmllint: command not found
bash: xmllint: command not found
bash: xmllint: command not found
bash: xmllint: command not found
bash: xmllint: command not found
bash: xmllint: command not found
bash: xmllint: command not found
bash: xmllint: command not found
bash: xmllint: command not found
bash: xmllint: command not found
bash: xmllint: command not found
bash: xmllint: command not found
bash: xmllint: command not found
bash: xmllint: command not found
bash: xmllint: command not found
bash: xmllint: command not found
bash: xmllint: command not found
bash: xmllint: command not found
bash: xmllint: command not found
bash: xmllint: command not found
bash: xmllint: command not found
bash: xmllint: command not found
bash: xmllint: command not found
ERROR: LoadError: IOError: write: broken pipe (EPIPE)
Stacktrace:
 [1] try_yieldto(::typeof(Base.ensure_rescheduled), ::Base.RefValue{Task}) at ./task.jl:517
 [2] wait() at ./task.jl:592
 [3] uv_write(::Base.PipeEndpoint, ::Ptr{UInt8}, ::UInt64) at ./stream.jl:883
 [4] unsafe_write(::Base.PipeEndpoint, ::Ptr{UInt8}, ::UInt64) at ./stream.jl:931
 [5] unsafe_write(::Base.Process, ::Ptr{UInt8}, ::UInt64) at ./io.jl:238
 [6] normalise_xml(::String) at ./gcutils.jl:87
 [7] top-level scope at /root/.julia/packages/XMLDict/wy8cO/test/runtests.jl:453
 [8] include at ./boot.jl:328 [inlined]
 [9] include_relative(::Module, ::String) at ./loading.jl:1094
 [10] include(::Module, ::String) at ./Base.jl:31
 [11] include(::String) at ./client.jl:431
 [12] top-level scope at none:5
in expression starting at /root/.julia/packages/XMLDict/wy8cO/test/runtests.jl:451
ERROR: Package XMLDict errored during testing
Stacktrace:
 [1] pkgerror(::String, ::Vararg{String,N} where N) at /buildworker/worker/package_linux64/build/usr/share/julia/stdlib/v1.2/Pkg/src/Types.jl:112
 [2] #test#119(::Bool, ::Nothing, ::typeof(Pkg.Operations.test), ::Pkg.Types.Context, ::Array{Pkg.Types.PackageSpec,1}) at /buildworker/worker/package_linux64/build/usr/share/julia/stdlib/v1.2/Pkg/src/Operations.jl:1288
 [3] #test at ./none:0 [inlined]
 [4] #test#62(::Bool, ::Nothing, ::Base.Iterators.Pairs{Union{},Union{},Tuple{},NamedTuple{(),Tuple{}}}, ::typeof(Pkg.API.test), ::Pkg.Types.Context, ::Array{Pkg.Types.PackageSpec,1}) at /buildworker/worker/package_linux64/build/usr/share/julia/stdlib/v1.2/Pkg/src/API.jl:245
 [5] test at /buildworker/worker/package_linux64/build/usr/share/julia/stdlib/v1.2/Pkg/src/API.jl:233 [inlined]
 [6] #test#61 at /buildworker/worker/package_linux64/build/usr/share/julia/stdlib/v1.2/Pkg/src/API.jl:230 [inlined]
 [7] test at /buildworker/worker/package_linux64/build/usr/share/julia/stdlib/v1.2/Pkg/src/API.jl:230 [inlined]
 [8] #test#60 at /buildworker/worker/package_linux64/build/usr/share/julia/stdlib/v1.2/Pkg/src/API.jl:229 [inlined]
 [9] test at /buildworker/worker/package_linux64/build/usr/share/julia/stdlib/v1.2/Pkg/src/API.jl:229 [inlined]
 [10] #test#59(::Base.Iterators.Pairs{Union{},Union{},Tuple{},NamedTuple{(),Tuple{}}}, ::typeof(Pkg.API.test), ::String) at /buildworker/worker/package_linux64/build/usr/share/julia/stdlib/v1.2/Pkg/src/API.jl:228
 [11] test(::String) at /buildworker/worker/package_linux64/build/usr/share/julia/stdlib/v1.2/Pkg/src/API.jl:228
 [12] top-level scope at none:10
