 Resolving package versions...
 Installed InvertedIndices ───────────── v1.0.0
 Installed IteratorInterfaceExtensions ─ v1.0.0
 Installed Parsers ───────────────────── v0.3.10
 Installed TexTables ─────────────────── v0.1.0
 Installed Arpack ────────────────────── v0.3.1
 Installed GLM ───────────────────────── v1.1.1
 Installed DataStructures ────────────── v0.17.6
 Installed BinaryProvider ────────────── v0.5.8
 Installed Reexport ──────────────────── v0.2.0
 Installed DataAPI ───────────────────── v1.1.0
 Installed DataValueInterfaces ───────── v1.0.0
 Installed BinDeps ───────────────────── v0.8.10
 Installed JSON ──────────────────────── v0.21.0
 Installed PDMats ────────────────────── v0.9.10
 Installed SpecialFunctions ──────────── v0.8.0
 Installed URIParser ─────────────────── v0.4.0
 Installed Distributions ─────────────── v0.21.8
 Installed SortingAlgorithms ─────────── v0.3.1
 Installed PooledArrays ──────────────── v0.5.2
 Installed Missings ──────────────────── v0.4.3
 Installed StatsModels ───────────────── v0.5.0
 Installed StatsBase ─────────────────── v0.32.0
 Installed DataFrames ────────────────── v0.19.4
 Installed OrderedCollections ────────── v1.1.0
 Installed CategoricalArrays ─────────── v0.7.3
 Installed Formatting ────────────────── v0.4.1
 Installed Rmath ─────────────────────── v0.5.1
 Installed QuadGK ────────────────────── v2.1.1
 Installed TableTraits ───────────────── v1.0.0
 Installed Parameters ────────────────── v0.12.0
 Installed Tables ────────────────────── v0.2.11
 Installed StatsFuns ─────────────────── v0.9.0
 Installed Compat ────────────────────── v2.2.0
  Updating `~/.julia/environments/v1.0/Project.toml`
  [ebf5ac4f] + TexTables v0.1.0
  Updating `~/.julia/environments/v1.0/Manifest.toml`
  [7d9fca2a] + Arpack v0.3.1
  [9e28174c] + BinDeps v0.8.10
  [b99e7846] + BinaryProvider v0.5.8
  [324d7699] + CategoricalArrays v0.7.3
  [34da2185] + Compat v2.2.0
  [9a962f9c] + DataAPI v1.1.0
  [a93c6f00] + DataFrames v0.19.4
  [864edb3b] + DataStructures v0.17.6
  [e2d170a0] + DataValueInterfaces v1.0.0
  [31c24e10] + Distributions v0.21.8
  [59287772] + Formatting v0.4.1
  [38e38edf] + GLM v1.1.1
  [41ab1584] + InvertedIndices v1.0.0
  [82899510] + IteratorInterfaceExtensions v1.0.0
  [682c06a0] + JSON v0.21.0
  [e1d29d7a] + Missings v0.4.3
  [bac558e1] + OrderedCollections v1.1.0
  [90014a1f] + PDMats v0.9.10
  [d96e819e] + Parameters v0.12.0
  [69de0a69] + Parsers v0.3.10
  [2dfb63ee] + PooledArrays v0.5.2
  [1fd47b50] + QuadGK v2.1.1
  [189a3867] + Reexport v0.2.0
  [79098fc4] + Rmath v0.5.1
  [a2af1166] + SortingAlgorithms v0.3.1
  [276daf66] + SpecialFunctions v0.8.0
  [2913bbd2] + StatsBase v0.32.0
  [4c63d2b9] + StatsFuns v0.9.0
  [3eaba693] + StatsModels v0.5.0
  [3783bdb8] + TableTraits v1.0.0
  [bd369af6] + Tables v0.2.11
  [ebf5ac4f] + TexTables v0.1.0
  [30578b45] + URIParser v0.4.0
  [2a0f44e3] + Base64 
  [ade2ca70] + Dates 
  [8bb1440f] + DelimitedFiles 
  [8ba89e20] + Distributed 
  [9fa8497b] + Future 
  [b77e0a4c] + InteractiveUtils 
  [76f85450] + LibGit2 
  [8f399da3] + Libdl 
  [37e2e46d] + LinearAlgebra 
  [56ddb016] + Logging 
  [d6f4376e] + Markdown 
  [a63ad114] + Mmap 
  [44cfe95a] + Pkg 
  [de0858da] + Printf 
  [3fa0cd96] + REPL 
  [9a3f8284] + Random 
  [ea8e919c] + SHA 
  [9e88b42a] + Serialization 
  [1a1011a3] + SharedArrays 
  [6462fe0b] + Sockets 
  [2f01184e] + SparseArrays 
  [10745b16] + Statistics 
  [4607b0f0] + SuiteSparse 
  [8dfed614] + Test 
  [cf7118a7] + UUIDs 
  [4ec0a83e] + Unicode 
  Building Arpack ──────────→ `~/.julia/packages/Arpack/cu5By/deps/build.log`
  Building SpecialFunctions → `~/.julia/packages/SpecialFunctions/ne2iw/deps/build.log`
  Building Rmath ───────────→ `~/.julia/packages/Rmath/4wt82/deps/build.log`
   Testing TexTables
 Resolving package versions...
 Installed Requires ─────────── v0.5.2
 Installed Mocking ──────────── v0.7.0
 Installed FilePathsBase ────── v0.7.0
 Installed MacroTools ───────── v0.5.2
 Installed LazyArrays ───────── v0.14.8
 Installed StaticArrays ─────── v0.12.1
 Installed FileIO ───────────── v1.0.7
 Installed ArrayLayouts ─────── v0.1.5
 Installed WeakRefStrings ───── v0.6.1
 Installed FillArrays ───────── v0.8.2
 Installed CodecZlib ────────── v0.6.0
 Installed RData ────────────── v0.6.3
 Installed TimeZones ────────── v0.10.3
 Installed EzXML ────────────── v0.9.4
 Installed TranscodingStreams ─ v0.9.5
 Installed CSV ──────────────── v0.5.18
 Installed RDatasets ────────── v0.6.5
  Building CodecZlib → `~/.julia/packages/CodecZlib/5t9zO/deps/build.log`
  Building EzXML ────→ `~/.julia/packages/EzXML/G0JeY/deps/build.log`
  Building TimeZones → `~/.julia/packages/TimeZones/pjvlM/deps/build.log`
    Status `/tmp/tmpvt14Vi/Manifest.toml`
  [7d9fca2a] Arpack v0.3.1
  [4c555306] ArrayLayouts v0.1.5
  [9e28174c] BinDeps v0.8.10
  [b99e7846] BinaryProvider v0.5.8
  [336ed68f] CSV v0.5.18
  [324d7699] CategoricalArrays v0.7.3
  [944b1d66] CodecZlib v0.6.0
  [34da2185] Compat v2.2.0
  [9a962f9c] DataAPI v1.1.0
  [a93c6f00] DataFrames v0.19.4
  [864edb3b] DataStructures v0.17.6
  [e2d170a0] DataValueInterfaces v1.0.0
  [31c24e10] Distributions v0.21.8
  [8f5d6c58] EzXML v0.9.4
  [5789e2e9] FileIO v1.0.7
  [48062228] FilePathsBase v0.7.0
  [1a297f60] FillArrays v0.8.2
  [59287772] Formatting v0.4.1
  [38e38edf] GLM v1.1.1
  [41ab1584] InvertedIndices v1.0.0
  [82899510] IteratorInterfaceExtensions v1.0.0
  [682c06a0] JSON v0.21.0
  [5078a376] LazyArrays v0.14.8
  [1914dd2f] MacroTools v0.5.2
  [e1d29d7a] Missings v0.4.3
  [78c3b35d] Mocking v0.7.0
  [bac558e1] OrderedCollections v1.1.0
  [90014a1f] PDMats v0.9.10
  [d96e819e] Parameters v0.12.0
  [69de0a69] Parsers v0.3.10
  [2dfb63ee] PooledArrays v0.5.2
  [1fd47b50] QuadGK v2.1.1
  [df47a6cb] RData v0.6.3
  [ce6b1742] RDatasets v0.6.5
  [189a3867] Reexport v0.2.0
  [ae029012] Requires v0.5.2
  [79098fc4] Rmath v0.5.1
  [a2af1166] SortingAlgorithms v0.3.1
  [276daf66] SpecialFunctions v0.8.0
  [90137ffa] StaticArrays v0.12.1
  [2913bbd2] StatsBase v0.32.0
  [4c63d2b9] StatsFuns v0.9.0
  [3eaba693] StatsModels v0.5.0
  [3783bdb8] TableTraits v1.0.0
  [bd369af6] Tables v0.2.11
  [ebf5ac4f] TexTables v0.1.0
  [f269a46b] TimeZones v0.10.3
  [3bb67fe8] TranscodingStreams v0.9.5
  [30578b45] URIParser v0.4.0
  [ea10d353] WeakRefStrings v0.6.1
  [2a0f44e3] Base64  [`@stdlib/Base64`]
  [ade2ca70] Dates  [`@stdlib/Dates`]
  [8bb1440f] DelimitedFiles  [`@stdlib/DelimitedFiles`]
  [8ba89e20] Distributed  [`@stdlib/Distributed`]
  [9fa8497b] Future  [`@stdlib/Future`]
  [b77e0a4c] InteractiveUtils  [`@stdlib/InteractiveUtils`]
  [76f85450] LibGit2  [`@stdlib/LibGit2`]
  [8f399da3] Libdl  [`@stdlib/Libdl`]
  [37e2e46d] LinearAlgebra  [`@stdlib/LinearAlgebra`]
  [56ddb016] Logging  [`@stdlib/Logging`]
  [d6f4376e] Markdown  [`@stdlib/Markdown`]
  [a63ad114] Mmap  [`@stdlib/Mmap`]
  [44cfe95a] Pkg  [`@stdlib/Pkg`]
  [de0858da] Printf  [`@stdlib/Printf`]
  [3fa0cd96] REPL  [`@stdlib/REPL`]
  [9a3f8284] Random  [`@stdlib/Random`]
  [ea8e919c] SHA  [`@stdlib/SHA`]
  [9e88b42a] Serialization  [`@stdlib/Serialization`]
  [1a1011a3] SharedArrays  [`@stdlib/SharedArrays`]
  [6462fe0b] Sockets  [`@stdlib/Sockets`]
  [2f01184e] SparseArrays  [`@stdlib/SparseArrays`]
  [10745b16] Statistics  [`@stdlib/Statistics`]
  [4607b0f0] SuiteSparse  [`@stdlib/SuiteSparse`]
  [8dfed614] Test  [`@stdlib/Test`]
  [cf7118a7] UUIDs  [`@stdlib/UUIDs`]
  [4ec0a83e] Unicode  [`@stdlib/Unicode`]
┌ Warning: `getindex(df::DataFrame, col_ind::ColumnIndex)` is deprecated, use `df[!, col_ind]` instead.
│   caller = macro expansion at examples.jl:10 [inlined]
└ @ Core ~/.julia/packages/TexTables/LKVnS/test/examples.jl:10
WARNING: both DataFrames and Compat export "eachcol"; uses of it in module StatsModels must be qualified
┌ Warning: `getindex(df::DataFrame, col_ind::ColumnIndex)` is deprecated, use `df[!, col_ind]` instead.
│   caller = (::getfield(StatsModels, Symbol("##18#19")){DataFrame})(::Symbol) at modelframe.jl:145
└ @ StatsModels ~/.julia/packages/StatsModels/pBxdt/src/modelframe.jl:145
Linear Model Examples No Stars: Error During Test at /root/.julia/packages/TexTables/LKVnS/test/examples.jl:4
  Got exception outside of a @test
  UndefVarError: eachcol not defined
  Stacktrace:
   [1] evalcontrasts(::DataFrame, ::Dict{Any,Any}) at /root/.julia/packages/StatsModels/pBxdt/src/modelframe.jl:124
   [2] #ModelFrame#17(::Dict{Any,Any}, ::Type, ::StatsModels.Terms, ::DataFrame) at /root/.julia/packages/StatsModels/pBxdt/src/modelframe.jl:148
   [3] Type at ./none:0 [inlined]
   [4] #fit#36(::Dict{Any,Any}, ::Base.Iterators.Pairs{Union{},Union{},Tuple{},NamedTuple{(),Tuple{}}}, ::Function, ::Type{LinearModel}, ::Formula, ::DataFrame, ::Bool) at /root/.julia/packages/StatsModels/pBxdt/src/statsmodel.jl:68
   [5] fit at /root/.julia/packages/StatsModels/pBxdt/src/statsmodel.jl:66 [inlined]
   [6] lm at /root/.julia/packages/GLM/YjBzj/src/lm.jl:146 [inlined] (repeats 2 times)
   [7] macro expansion at /root/.julia/packages/TexTables/LKVnS/test/examples.jl:20 [inlined]
   [8] macro expansion at /buildworker/worker/package_linux64/build/usr/share/julia/stdlib/v1.0/Test/src/Test.jl:1083 [inlined]
   [9] top-level scope at /root/.julia/packages/TexTables/LKVnS/test/examples.jl:6
   [10] include at ./boot.jl:317 [inlined]
   [11] include_relative(::Module, ::String) at ./loading.jl:1044
   [12] include(::Module, ::String) at ./sysimg.jl:29
   [13] include(::String) at ./client.jl:392
   [14] macro expansion at /root/.julia/packages/TexTables/LKVnS/test/runtests.jl:18 [inlined]
   [15] macro expansion at /buildworker/worker/package_linux64/build/usr/share/julia/stdlib/v1.0/Test/src/Test.jl:1083 [inlined]
   [16] macro expansion at /root/.julia/packages/TexTables/LKVnS/test/runtests.jl:18 [inlined]
   [17] macro expansion at /buildworker/worker/package_linux64/build/usr/share/julia/stdlib/v1.0/Test/src/Test.jl:1083 [inlined]
   [18] top-level scope at /root/.julia/packages/TexTables/LKVnS/test/runtests.jl:16
   [19] include at ./boot.jl:317 [inlined]
   [20] include_relative(::Module, ::String) at ./loading.jl:1044
   [21] include(::Module, ::String) at ./sysimg.jl:29
   [22] include(::String) at ./client.jl:392
   [23] top-level scope at none:0
   [24] eval(::Module, ::Any) at ./boot.jl:319
   [25] exec_options(::Base.JLOptions) at ./client.jl:243
   [26] _start() at ./client.jl:425
┌ Warning: `getindex(df::DataFrame, col_ind::ColumnIndex)` is deprecated, use `df[!, col_ind]` instead.
│   caller = macro expansion at examples.jl:79 [inlined]
└ @ Core ~/.julia/packages/TexTables/LKVnS/test/examples.jl:79
Linear Models With Stars: Error During Test at /root/.julia/packages/TexTables/LKVnS/test/examples.jl:73
  Got exception outside of a @test
  UndefVarError: eachcol not defined
  Stacktrace:
   [1] evalcontrasts(::DataFrame, ::Dict{Any,Any}) at /root/.julia/packages/StatsModels/pBxdt/src/modelframe.jl:124
   [2] #ModelFrame#17(::Dict{Any,Any}, ::Type, ::StatsModels.Terms, ::DataFrame) at /root/.julia/packages/StatsModels/pBxdt/src/modelframe.jl:148
   [3] Type at ./none:0 [inlined]
   [4] #fit#36(::Dict{Any,Any}, ::Base.Iterators.Pairs{Union{},Union{},Tuple{},NamedTuple{(),Tuple{}}}, ::Function, ::Type{LinearModel}, ::Formula, ::DataFrame, ::Bool) at /root/.julia/packages/StatsModels/pBxdt/src/statsmodel.jl:68
   [5] fit at /root/.julia/packages/StatsModels/pBxdt/src/statsmodel.jl:66 [inlined]
   [6] lm at /root/.julia/packages/GLM/YjBzj/src/lm.jl:146 [inlined] (repeats 2 times)
   [7] macro expansion at /root/.julia/packages/TexTables/LKVnS/test/examples.jl:89 [inlined]
   [8] macro expansion at /buildworker/worker/package_linux64/build/usr/share/julia/stdlib/v1.0/Test/src/Test.jl:1083 [inlined]
   [9] top-level scope at /root/.julia/packages/TexTables/LKVnS/test/examples.jl:75
   [10] include at ./boot.jl:317 [inlined]
   [11] include_relative(::Module, ::String) at ./loading.jl:1044
   [12] include(::Module, ::String) at ./sysimg.jl:29
   [13] include(::String) at ./client.jl:392
   [14] macro expansion at /root/.julia/packages/TexTables/LKVnS/test/runtests.jl:18 [inlined]
   [15] macro expansion at /buildworker/worker/package_linux64/build/usr/share/julia/stdlib/v1.0/Test/src/Test.jl:1083 [inlined]
   [16] macro expansion at /root/.julia/packages/TexTables/LKVnS/test/runtests.jl:18 [inlined]
   [17] macro expansion at /buildworker/worker/package_linux64/build/usr/share/julia/stdlib/v1.0/Test/src/Test.jl:1083 [inlined]
   [18] top-level scope at /root/.julia/packages/TexTables/LKVnS/test/runtests.jl:16
   [19] include at ./boot.jl:317 [inlined]
   [20] include_relative(::Module, ::String) at ./loading.jl:1044
   [21] include(::Module, ::String) at ./sysimg.jl:29
   [22] include(::String) at ./client.jl:392
   [23] top-level scope at none:0
   [24] eval(::Module, ::Any) at ./boot.jl:319
   [25] exec_options(::Base.JLOptions) at ./client.jl:243
   [26] _start() at ./client.jl:425
┌ Warning: `getindex(df::DataFrame, col_ind::ColumnIndex)` is deprecated, use `df[!, col_ind]` instead.
│   caller = #summarize#72(::Bool, ::Tuple{Pair{String,getfield(Base, Symbol("##52#53")){typeof(TexTables.count),typeof(skipmissing)}},Pair{String,getfield(Base, Symbol("##52#53")){typeof(mean),typeof(skipmissing)}},Pair{String,getfield(Base, Symbol("##52#53")){typeof(std),typeof(skipmissing)}},Pair{String,getfield(Base, Symbol("##52#53")){typeof(minimum),typeof(skipmissing)}},Pair{String,getfield(Base, Symbol("##52#53")){typeof(maximum),typeof(skipmissing)}}}, ::Base.Iterators.Pairs{Union{},Union{},Tuple{},NamedTuple{(),Tuple{}}}, ::Function, ::DataFrame, ::Array{Symbol,1}) at QuickTools.jl:52
└ @ TexTables ~/.julia/packages/TexTables/LKVnS/src/QuickTools.jl:52
┌ Warning: `getindex(df::DataFrame, col_ind::ColumnIndex)` is deprecated, use `df[!, col_ind]` instead.
│   caller = #summarize#72(::Bool, ::Tuple{Pair{String,getfield(Base, Symbol("##52#53")){typeof(TexTables.count),typeof(skipmissing)}},Pair{String,getfield(Base, Symbol("##52#53")){typeof(mean),typeof(skipmissing)}},Pair{String,getfield(Base, Symbol("##52#53")){typeof(std),typeof(skipmissing)}},Pair{String,getfield(Base, Symbol("##52#53")){typeof(minimum),typeof(skipmissing)}},Pair{String,getfield(Base, Symbol("##52#53")){typeof(maximum),typeof(skipmissing)}}}, ::Base.Iterators.Pairs{Union{},Union{},Tuple{},NamedTuple{(),Tuple{}}}, ::Function, ::DataFrame, ::Array{Symbol,1}) at QuickTools.jl:53
└ @ TexTables ~/.julia/packages/TexTables/LKVnS/src/QuickTools.jl:53
┌ Warning: `getindex(df::DataFrame, col_ind::ColumnIndex)` is deprecated, use `df[!, col_ind]` instead.
│   caller = #summarize#72(::Bool, ::Tuple{Pair{String,getfield(Base, Symbol("##52#53")){typeof(TexTables.count),typeof(skipmissing)}},Pair{String,getfield(Base, Symbol("##52#53")){typeof(mean),typeof(skipmissing)}},Pair{String,getfield(Base, Symbol("##52#53")){typeof(std),typeof(skipmissing)}},Pair{String,getfield(Base, Symbol("##52#53")){typeof(minimum),typeof(skipmissing)}},Pair{String,getfield(Base, Symbol("##52#53")){typeof(TexTables.p10),typeof(skipmissing)}},Pair{String,getfield(Base, Symbol("##52#53")){typeof(TexTables.p25),typeof(skipmissing)}},Pair{String,getfield(Base, Symbol("##52#53")){typeof(TexTables.p50),typeof(skipmissing)}},Pair{String,getfield(Base, Symbol("##52#53")){typeof(TexTables.p75),typeof(skipmissing)}},Pair{String,getfield(Base, Symbol("##52#53")){typeof(TexTables.p90),typeof(skipmissing)}},Pair{String,getfield(Base, Symbol("##52#53")){typeof(maximum),typeof(skipmissing)}}}, ::Base.Iterators.Pairs{Union{},Union{},Tuple{},NamedTuple{(),Tuple{}}}, ::Function, ::DataFrame, ::Array{Symbol,1}) at QuickTools.jl:52
└ @ TexTables ~/.julia/packages/TexTables/LKVnS/src/QuickTools.jl:52
┌ Warning: `getindex(df::DataFrame, col_ind::ColumnIndex)` is deprecated, use `df[!, col_ind]` instead.
│   caller = #summarize#72(::Bool, ::Tuple{Pair{String,getfield(Base, Symbol("##52#53")){typeof(TexTables.count),typeof(skipmissing)}},Pair{String,getfield(Base, Symbol("##52#53")){typeof(mean),typeof(skipmissing)}},Pair{String,getfield(Base, Symbol("##52#53")){typeof(std),typeof(skipmissing)}},Pair{String,getfield(Base, Symbol("##52#53")){typeof(minimum),typeof(skipmissing)}},Pair{String,getfield(Base, Symbol("##52#53")){typeof(TexTables.p10),typeof(skipmissing)}},Pair{String,getfield(Base, Symbol("##52#53")){typeof(TexTables.p25),typeof(skipmissing)}},Pair{String,getfield(Base, Symbol("##52#53")){typeof(TexTables.p50),typeof(skipmissing)}},Pair{String,getfield(Base, Symbol("##52#53")){typeof(TexTables.p75),typeof(skipmissing)}},Pair{String,getfield(Base, Symbol("##52#53")){typeof(TexTables.p90),typeof(skipmissing)}},Pair{String,getfield(Base, Symbol("##52#53")){typeof(maximum),typeof(skipmissing)}}}, ::Base.Iterators.Pairs{Union{},Union{},Tuple{},NamedTuple{(),Tuple{}}}, ::Function, ::DataFrame, ::Array{Symbol,1}) at QuickTools.jl:53
└ @ TexTables ~/.julia/packages/TexTables/LKVnS/src/QuickTools.jl:53
┌ Warning: `getindex(sdf::SubDataFrame, colind::ColumnIndex)` is deprecated, use `sdf[!, colind]` instead.
│   caller = #summarize#72(::Bool, ::Tuple{Pair{String,getfield(Base, Symbol("##52#53")){typeof(TexTables.count),typeof(skipmissing)}},Pair{String,getfield(Base, Symbol("##52#53")){typeof(mean),typeof(skipmissing)}},Pair{String,getfield(Base, Symbol("##52#53")){typeof(std),typeof(skipmissing)}},Pair{String,getfield(Base, Symbol("##52#53")){typeof(minimum),typeof(skipmissing)}},Pair{String,getfield(Base, Symbol("##52#53")){typeof(maximum),typeof(skipmissing)}}}, ::Base.Iterators.Pairs{Union{},Union{},Tuple{},NamedTuple{(),Tuple{}}}, ::Function, ::SubDataFrame{DataFrame,DataFrames.Index,Array{Int64,1}}, ::Array{Symbol,1}) at QuickTools.jl:52
└ @ TexTables ~/.julia/packages/TexTables/LKVnS/src/QuickTools.jl:52
┌ Warning: `getindex(sdf::SubDataFrame, colind::ColumnIndex)` is deprecated, use `sdf[!, colind]` instead.
│   caller = #summarize#72(::Bool, ::Tuple{Pair{String,getfield(Base, Symbol("##52#53")){typeof(TexTables.count),typeof(skipmissing)}},Pair{String,getfield(Base, Symbol("##52#53")){typeof(mean),typeof(skipmissing)}},Pair{String,getfield(Base, Symbol("##52#53")){typeof(std),typeof(skipmissing)}},Pair{String,getfield(Base, Symbol("##52#53")){typeof(minimum),typeof(skipmissing)}},Pair{String,getfield(Base, Symbol("##52#53")){typeof(maximum),typeof(skipmissing)}}}, ::Base.Iterators.Pairs{Union{},Union{},Tuple{},NamedTuple{(),Tuple{}}}, ::Function, ::SubDataFrame{DataFrame,DataFrames.Index,Array{Int64,1}}, ::Array{Symbol,1}) at QuickTools.jl:53
└ @ TexTables ~/.julia/packages/TexTables/LKVnS/src/QuickTools.jl:53
┌ Warning: `getindex(sdf::SubDataFrame, colind::ColumnIndex)` is deprecated, use `sdf[!, colind]` instead.
│   caller = #summarize_by#74(::Base.Iterators.Pairs{Union{},Union{},Tuple{},NamedTuple{(),Tuple{}}}, ::Function, ::DataFrame, ::Symbol, ::Array{Symbol,1}) at QuickTools.jl:75
└ @ TexTables ~/.julia/packages/TexTables/LKVnS/src/QuickTools.jl:75
┌ Warning: `getindex(sdf::SubDataFrame, colind::ColumnIndex)` is deprecated, use `sdf[!, colind]` instead.
│   caller = #summarize#72(::Bool, ::Tuple{Pair{String,getfield(Base, Symbol("##52#53")){typeof(TexTables.count),typeof(skipmissing)}},Pair{String,getfield(Base, Symbol("##52#53")){typeof(mean),typeof(skipmissing)}},Pair{String,getfield(Base, Symbol("##52#53")){typeof(std),typeof(skipmissing)}},Pair{String,getfield(Base, Symbol("##52#53")){typeof(minimum),typeof(skipmissing)}},Pair{String,getfield(Base, Symbol("##52#53")){typeof(TexTables.p10),typeof(skipmissing)}},Pair{String,getfield(Base, Symbol("##52#53")){typeof(TexTables.p25),typeof(skipmissing)}},Pair{String,getfield(Base, Symbol("##52#53")){typeof(TexTables.p50),typeof(skipmissing)}},Pair{String,getfield(Base, Symbol("##52#53")){typeof(TexTables.p75),typeof(skipmissing)}},Pair{String,getfield(Base, Symbol("##52#53")){typeof(TexTables.p90),typeof(skipmissing)}},Pair{String,getfield(Base, Symbol("##52#53")){typeof(maximum),typeof(skipmissing)}}}, ::Base.Iterators.Pairs{Union{},Union{},Tuple{},NamedTuple{(),Tuple{}}}, ::Function, ::SubDataFrame{DataFrame,DataFrames.Index,Array{Int64,1}}, ::Array{Symbol,1}) at QuickTools.jl:52
└ @ TexTables ~/.julia/packages/TexTables/LKVnS/src/QuickTools.jl:52
┌ Warning: `getindex(sdf::SubDataFrame, colind::ColumnIndex)` is deprecated, use `sdf[!, colind]` instead.
│   caller = #summarize#72(::Bool, ::Tuple{Pair{String,getfield(Base, Symbol("##52#53")){typeof(TexTables.count),typeof(skipmissing)}},Pair{String,getfield(Base, Symbol("##52#53")){typeof(mean),typeof(skipmissing)}},Pair{String,getfield(Base, Symbol("##52#53")){typeof(std),typeof(skipmissing)}},Pair{String,getfield(Base, Symbol("##52#53")){typeof(minimum),typeof(skipmissing)}},Pair{String,getfield(Base, Symbol("##52#53")){typeof(TexTables.p10),typeof(skipmissing)}},Pair{String,getfield(Base, Symbol("##52#53")){typeof(TexTables.p25),typeof(skipmissing)}},Pair{String,getfield(Base, Symbol("##52#53")){typeof(TexTables.p50),typeof(skipmissing)}},Pair{String,getfield(Base, Symbol("##52#53")){typeof(TexTables.p75),typeof(skipmissing)}},Pair{String,getfield(Base, Symbol("##52#53")){typeof(TexTables.p90),typeof(skipmissing)}},Pair{String,getfield(Base, Symbol("##52#53")){typeof(maximum),typeof(skipmissing)}}}, ::Base.Iterators.Pairs{Union{},Union{},Tuple{},NamedTuple{(),Tuple{}}}, ::Function, ::SubDataFrame{DataFrame,DataFrames.Index,Array{Int64,1}}, ::Array{Symbol,1}) at QuickTools.jl:53
└ @ TexTables ~/.julia/packages/TexTables/LKVnS/src/QuickTools.jl:53
┌ Warning: `getindex(sdf::SubDataFrame, colind::ColumnIndex)` is deprecated, use `sdf[!, colind]` instead.
│   caller = #summarize_by#74(::Base.Iterators.Pairs{Symbol,Bool,Tuple{Symbol},NamedTuple{(:detail,),Tuple{Bool}}}, ::Function, ::DataFrame, ::Symbol, ::Array{Symbol,1}) at QuickTools.jl:75
└ @ TexTables ~/.julia/packages/TexTables/LKVnS/src/QuickTools.jl:75
┌ Warning: `getindex(sdf::SubDataFrame, colind::ColumnIndex)` is deprecated, use `sdf[!, colind]` instead.
│   caller = (::getfield(TexTables, Symbol("##75#76")){Symbol})(::SubDataFrame{DataFrame,DataFrames.Index,Array{Int64,1}}) at QuickTools.jl:92
└ @ TexTables ~/.julia/packages/TexTables/LKVnS/src/QuickTools.jl:92
┌ Warning: `getindex(df::DataFrame, col_ind::ColumnIndex)` is deprecated, use `df[!, col_ind]` instead.
│   caller = tabulate(::DataFrame, ::Symbol) at QuickTools.jl:97
└ @ TexTables ~/.julia/packages/TexTables/LKVnS/src/QuickTools.jl:97
┌ Warning: `getindex(df::DataFrame, col_ind::ColumnIndex)` is deprecated, use `df[!, col_ind]` instead.
│   caller = tabulate(::DataFrame, ::Symbol) at QuickTools.jl:98
└ @ TexTables ~/.julia/packages/TexTables/LKVnS/src/QuickTools.jl:98
Test Summary:                      | Pass  Error  Broken  Total
TexTables                          |  505      2       3    510
  tablecol                         |   23                    23
  composite_tables                 |   26                    26
  indexing                         |  169              3    172
  printing                         |   26                    26
  examples                         |  170      2            172
    Linear Model Examples No Stars |           1              1
    Linear Models With Stars       |           1              1
    Summary Tables                 |  170                   170
  quicktools                       |   45                    45
  formatted_numbers                |   46                    46
ERROR: LoadError: Some tests did not pass: 505 passed, 0 failed, 2 errored, 3 broken.
in expression starting at /root/.julia/packages/TexTables/LKVnS/test/runtests.jl:15
ERROR: Package TexTables errored during testing
Stacktrace:
 [1] pkgerror(::String, ::Vararg{String,N} where N) at /buildworker/worker/package_linux64/build/usr/share/julia/stdlib/v1.0/Pkg/src/Types.jl:120
 [2] #test#65(::Bool, ::Function, ::Pkg.Types.Context, ::Array{Pkg.Types.PackageSpec,1}) at /buildworker/worker/package_linux64/build/usr/share/julia/stdlib/v1.0/Pkg/src/Operations.jl:1357
 [3] #test at /buildworker/worker/package_linux64/build/usr/share/julia/stdlib/v1.0/Pkg/src/API.jl:0 [inlined]
 [4] #test#44(::Bool, ::Base.Iterators.Pairs{Union{},Union{},Tuple{},NamedTuple{(),Tuple{}}}, ::Function, ::Pkg.Types.Context, ::Array{Pkg.Types.PackageSpec,1}) at /buildworker/worker/package_linux64/build/usr/share/julia/stdlib/v1.0/Pkg/src/API.jl:278
 [5] test at /buildworker/worker/package_linux64/build/usr/share/julia/stdlib/v1.0/Pkg/src/API.jl:263 [inlined]
 [6] #test#43 at /buildworker/worker/package_linux64/build/usr/share/julia/stdlib/v1.0/Pkg/src/API.jl:260 [inlined]
 [7] test at /buildworker/worker/package_linux64/build/usr/share/julia/stdlib/v1.0/Pkg/src/API.jl:260 [inlined]
 [8] #test#42 at /buildworker/worker/package_linux64/build/usr/share/julia/stdlib/v1.0/Pkg/src/API.jl:259 [inlined]
 [9] test at /buildworker/worker/package_linux64/build/usr/share/julia/stdlib/v1.0/Pkg/src/API.jl:259 [inlined]
 [10] #test#41 at /buildworker/worker/package_linux64/build/usr/share/julia/stdlib/v1.0/Pkg/src/API.jl:258 [inlined]
 [11] test(::String) at /buildworker/worker/package_linux64/build/usr/share/julia/stdlib/v1.0/Pkg/src/API.jl:258
 [12] top-level scope at none:0
