 Resolving package versions...
 Installed JuliaBerry ─ v0.1.0
 Installed PiGPIO ───── v0.1.0
  Updating `~/.julia/environments/v1.2/Project.toml`
  [c0b9960a] + JuliaBerry v0.1.0
  Updating `~/.julia/environments/v1.2/Manifest.toml`
  [c0b9960a] + JuliaBerry v0.1.0
  [bb151fc1] + PiGPIO v0.1.0
  [6462fe0b] + Sockets 
   Testing JuliaBerry
 Resolving package versions...
    Status `/tmp/jl_WnwDzQ/Manifest.toml`
  [c0b9960a] JuliaBerry v0.1.0
  [bb151fc1] PiGPIO v0.1.0
  [2a0f44e3] Base64  [`@stdlib/Base64`]
  [8ba89e20] Distributed  [`@stdlib/Distributed`]
  [b77e0a4c] InteractiveUtils  [`@stdlib/InteractiveUtils`]
  [56ddb016] Logging  [`@stdlib/Logging`]
  [d6f4376e] Markdown  [`@stdlib/Markdown`]
  [9a3f8284] Random  [`@stdlib/Random`]
  [9e88b42a] Serialization  [`@stdlib/Serialization`]
  [6462fe0b] Sockets  [`@stdlib/Sockets`]
  [8dfed614] Test  [`@stdlib/Test`]
%%%%%%%%%%%%%%%%%%%%%%%%%%%%%%%%%%%%%%%%%%%%%%%%%%%%%%%%%%%%
Can't connect to pigpio at localhost:8888
Did you start the pigpio daemon? E.g. sudo pigpiod

Did you specify the correct Pi host/port in the environment
variables PIGPIO_ADDR/PIGPIO_PORT?
E.g. export PIGPIO_ADDR=soft, export PIGPIO_PORT=8888

Did you specify the correct Pi host/port in the
Pi() function? E.g. Pi('soft', 8888))
%%%%%%%%%%%%%%%%%%%%%%%%%%%%%%%%%%%%%%%%%%%%%%%%%%%%%%%%%%%%
ERROR: LoadError: LoadError: IOError: connect: connection refused (ECONNREFUSED)
Stacktrace:
 [1] #Pi#3(::String, ::Int64, ::Type{PiGPIO.Pi}) at /root/.julia/packages/PiGPIO/zdssl/src/pi.jl:1322
 [2] PiGPIO.Pi() at /root/.julia/packages/PiGPIO/zdssl/src/pi.jl:1298
 [3] __init__() at /root/.julia/packages/JuliaBerry/GB6KC/src/JuliaBerry.jl:88
 [4] top-level scope at /root/.julia/packages/JuliaBerry/GB6KC/src/JuliaBerry.jl:91
 [5] include at ./boot.jl:328 [inlined]
 [6] include_relative(::Module, ::String) at ./loading.jl:1094
 [7] _require(::Base.PkgId) at ./loading.jl:1042
 [8] require(::Base.PkgId) at ./loading.jl:911
 [9] require(::Module, ::Symbol) at ./loading.jl:906
 [10] include at ./boot.jl:328 [inlined]
 [11] include_relative(::Module, ::String) at ./loading.jl:1094
 [12] include(::Module, ::String) at ./Base.jl:31
 [13] include(::String) at ./client.jl:431
 [14] top-level scope at none:5
in expression starting at /root/.julia/packages/JuliaBerry/GB6KC/src/JuliaBerry.jl:91
in expression starting at /root/.julia/packages/JuliaBerry/GB6KC/test/runtests.jl:1
caused by [exception 1]
IOError: connect: connection refused (ECONNREFUSED)
Stacktrace:
 [1] try_yieldto(::typeof(Base.ensure_rescheduled), ::Base.RefValue{Task}) at ./task.jl:517
 [2] wait() at ./task.jl:592
 [3] wait(::Base.GenericCondition{Base.Threads.SpinLock}) at ./condition.jl:104
 [4] stream_wait(::Sockets.TCPSocket, ::Base.GenericCondition{Base.Threads.SpinLock}) at ./stream.jl:47
 [5] wait_connected(::Sockets.TCPSocket) at ./stream.jl:332
 [6] connect at /buildworker/worker/package_linux64/build/usr/share/julia/stdlib/v1.2/Sockets/src/Sockets.jl:470 [inlined]
 [7] #Pi#3(::String, ::Int64, ::Type{PiGPIO.Pi}) at /root/.julia/packages/PiGPIO/zdssl/src/pi.jl:1304
 [8] PiGPIO.Pi() at /root/.julia/packages/PiGPIO/zdssl/src/pi.jl:1298
 [9] __init__() at /root/.julia/packages/JuliaBerry/GB6KC/src/JuliaBerry.jl:88
 [10] top-level scope at /root/.julia/packages/JuliaBerry/GB6KC/src/JuliaBerry.jl:91
 [11] include at ./boot.jl:328 [inlined]
 [12] include_relative(::Module, ::String) at ./loading.jl:1094
 [13] _require(::Base.PkgId) at ./loading.jl:1042
 [14] require(::Base.PkgId) at ./loading.jl:911
 [15] require(::Module, ::Symbol) at ./loading.jl:906
 [16] include at ./boot.jl:328 [inlined]
 [17] include_relative(::Module, ::String) at ./loading.jl:1094
 [18] include(::Module, ::String) at ./Base.jl:31
 [19] include(::String) at ./client.jl:431
 [20] top-level scope at none:5
ERROR: Package JuliaBerry errored during testing
Stacktrace:
 [1] pkgerror(::String, ::Vararg{String,N} where N) at /buildworker/worker/package_linux64/build/usr/share/julia/stdlib/v1.2/Pkg/src/Types.jl:112
 [2] #test#119(::Bool, ::Nothing, ::typeof(Pkg.Operations.test), ::Pkg.Types.Context, ::Array{Pkg.Types.PackageSpec,1}) at /buildworker/worker/package_linux64/build/usr/share/julia/stdlib/v1.2/Pkg/src/Operations.jl:1288
 [3] #test at ./none:0 [inlined]
 [4] #test#62(::Bool, ::Nothing, ::Base.Iterators.Pairs{Union{},Union{},Tuple{},NamedTuple{(),Tuple{}}}, ::typeof(Pkg.API.test), ::Pkg.Types.Context, ::Array{Pkg.Types.PackageSpec,1}) at /buildworker/worker/package_linux64/build/usr/share/julia/stdlib/v1.2/Pkg/src/API.jl:245
 [5] test at /buildworker/worker/package_linux64/build/usr/share/julia/stdlib/v1.2/Pkg/src/API.jl:233 [inlined]
 [6] #test#61 at /buildworker/worker/package_linux64/build/usr/share/julia/stdlib/v1.2/Pkg/src/API.jl:230 [inlined]
 [7] test at /buildworker/worker/package_linux64/build/usr/share/julia/stdlib/v1.2/Pkg/src/API.jl:230 [inlined]
 [8] #test#60 at /buildworker/worker/package_linux64/build/usr/share/julia/stdlib/v1.2/Pkg/src/API.jl:229 [inlined]
 [9] test at /buildworker/worker/package_linux64/build/usr/share/julia/stdlib/v1.2/Pkg/src/API.jl:229 [inlined]
 [10] #test#59(::Base.Iterators.Pairs{Union{},Union{},Tuple{},NamedTuple{(),Tuple{}}}, ::typeof(Pkg.API.test), ::String) at /buildworker/worker/package_linux64/build/usr/share/julia/stdlib/v1.2/Pkg/src/API.jl:228
 [11] test(::String) at /buildworker/worker/package_linux64/build/usr/share/julia/stdlib/v1.2/Pkg/src/API.jl:228
 [12] top-level scope at none:10
