 Resolving package versions...
 Installed AbstractTrees ─────────────── v0.2.1
 Installed Parsers ───────────────────── v0.3.10
 Installed Gumbo ─────────────────────── v0.5.1
 Installed FilePathsBase ─────────────── v0.7.0
 Installed IteratorInterfaceExtensions ─ v1.0.0
 Installed BinaryProvider ────────────── v0.5.8
 Installed EconJobMarket ─────────────── v0.1.0
 Installed DataStructures ────────────── v0.17.6
 Installed Reexport ──────────────────── v0.2.0
 Installed DataAPI ───────────────────── v1.1.0
 Installed DataValueInterfaces ───────── v1.0.0
 Installed Tokenize ──────────────────── v0.5.6
 Installed MacroTools ────────────────── v0.5.1
 Installed JSON ──────────────────────── v0.21.0
 Installed CSTParser ─────────────────── v1.0.0
 Installed IniFile ───────────────────── v0.5.0
 Installed LazyArrays ────────────────── v0.14.8
 Installed StaticArrays ──────────────── v0.12.1
 Installed SortingAlgorithms ─────────── v0.3.1
 Installed ArrayLayouts ──────────────── v0.1.5
 Installed StatsBase ─────────────────── v0.32.0
 Installed MbedTLS ───────────────────── v0.6.8
 Installed DataFrames ────────────────── v0.18.4
 Installed FillArrays ────────────────── v0.8.2
 Installed WeakRefStrings ────────────── v0.6.1
 Installed JSON3 ─────────────────────── v0.1.13
 Installed Missings ──────────────────── v0.4.3
 Installed PooledArrays ──────────────── v0.5.2
 Installed OrderedCollections ────────── v1.1.0
 Installed HTTP ──────────────────────── v0.8.8
 Installed Cascadia ──────────────────── v0.4.0
 Installed Tables ────────────────────── v0.2.11
 Installed Compat ────────────────────── v3.0.0
 Installed CategoricalArrays ─────────── v0.7.3
 Installed TableTraits ───────────────── v1.0.0
 Installed CSV ───────────────────────── v0.5.18
  Updating `~/.julia/environments/v1.0/Project.toml`
  [06c3203b] + EconJobMarket v0.1.0
  Updating `~/.julia/environments/v1.0/Manifest.toml`
  [1520ce14] + AbstractTrees v0.2.1
  [4c555306] + ArrayLayouts v0.1.5
  [b99e7846] + BinaryProvider v0.5.8
  [00ebfdb7] + CSTParser v1.0.0
  [336ed68f] + CSV v0.5.18
  [54eefc05] + Cascadia v0.4.0
  [324d7699] + CategoricalArrays v0.7.3
  [34da2185] + Compat v3.0.0
  [9a962f9c] + DataAPI v1.1.0
  [a93c6f00] + DataFrames v0.18.4
  [864edb3b] + DataStructures v0.17.6
  [e2d170a0] + DataValueInterfaces v1.0.0
  [06c3203b] + EconJobMarket v0.1.0
  [48062228] + FilePathsBase v0.7.0
  [1a297f60] + FillArrays v0.8.2
  [708ec375] + Gumbo v0.5.1
  [cd3eb016] + HTTP v0.8.8
  [83e8ac13] + IniFile v0.5.0
  [82899510] + IteratorInterfaceExtensions v1.0.0
  [682c06a0] + JSON v0.21.0
  [0f8b85d8] + JSON3 v0.1.13
  [5078a376] + LazyArrays v0.14.8
  [1914dd2f] + MacroTools v0.5.1
  [739be429] + MbedTLS v0.6.8
  [e1d29d7a] + Missings v0.4.3
  [bac558e1] + OrderedCollections v1.1.0
  [69de0a69] + Parsers v0.3.10
  [2dfb63ee] + PooledArrays v0.5.2
  [189a3867] + Reexport v0.2.0
  [a2af1166] + SortingAlgorithms v0.3.1
  [90137ffa] + StaticArrays v0.12.1
  [2913bbd2] + StatsBase v0.32.0
  [3783bdb8] + TableTraits v1.0.0
  [bd369af6] + Tables v0.2.11
  [0796e94c] + Tokenize v0.5.6
  [ea10d353] + WeakRefStrings v0.6.1
  [2a0f44e3] + Base64 
  [ade2ca70] + Dates 
  [8bb1440f] + DelimitedFiles 
  [8ba89e20] + Distributed 
  [9fa8497b] + Future 
  [b77e0a4c] + InteractiveUtils 
  [76f85450] + LibGit2 
  [8f399da3] + Libdl 
  [37e2e46d] + LinearAlgebra 
  [56ddb016] + Logging 
  [d6f4376e] + Markdown 
  [a63ad114] + Mmap 
  [44cfe95a] + Pkg 
  [de0858da] + Printf 
  [3fa0cd96] + REPL 
  [9a3f8284] + Random 
  [ea8e919c] + SHA 
  [9e88b42a] + Serialization 
  [1a1011a3] + SharedArrays 
  [6462fe0b] + Sockets 
  [2f01184e] + SparseArrays 
  [10745b16] + Statistics 
  [8dfed614] + Test 
  [cf7118a7] + UUIDs 
  [4ec0a83e] + Unicode 
  Building Gumbo ──→ `~/.julia/packages/Gumbo/G7Qbw/deps/build.log`
  Building MbedTLS → `~/.julia/packages/MbedTLS/X4xar/deps/build.log`
   Testing EconJobMarket
 Resolving package versions...
ERROR: Unsatisfiable requirements detected for package YAML [ddb6d928]:
 YAML [ddb6d928] log:
 ├─possible versions are: 0.3.0-0.3.2 or uninstalled
 ├─restricted by compatibility requirements with Compat [34da2185] to versions: uninstalled
 │ └─Compat [34da2185] log:
 │   ├─possible versions are: [1.0.0-1.0.1, 1.1.0, 1.2.0, 1.3.0, 1.4.0, 1.5.0-1.5.1, 2.0.0, 2.1.0, 2.2.0, 3.0.0] or uninstalled
 │   └─restricted to versions 3.0.0 by an explicit requirement, leaving only versions 3.0.0
 └─restricted by compatibility requirements with Weave [44d3d7a6] to versions: 0.3.0-0.3.2 — no versions left
   └─Weave [44d3d7a6] log:
     ├─possible versions are: [0.6.0-0.6.2, 0.7.0-0.7.2, 0.8.0-0.8.1, 0.9.0-0.9.1] or uninstalled
     ├─restricted to versions * by an explicit requirement, leaving only versions [0.6.0-0.6.2, 0.7.0-0.7.2, 0.8.0-0.8.1, 0.9.0-0.9.1]
     └─restricted by compatibility requirements with Compat [34da2185] to versions: 0.9.1 or uninstalled, leaving only versions: 0.9.1
       └─Compat [34da2185] log: see above
Stacktrace:
 [1] #propagate_constraints!#61(::Bool, ::Function, ::Pkg.GraphType.Graph, ::Set{Int64}) at /buildworker/worker/package_linux64/build/usr/share/julia/stdlib/v1.0/Pkg/src/GraphType.jl:1007
 [2] propagate_constraints! at /buildworker/worker/package_linux64/build/usr/share/julia/stdlib/v1.0/Pkg/src/GraphType.jl:948 [inlined]
 [3] #simplify_graph!#121(::Bool, ::Function, ::Pkg.GraphType.Graph, ::Set{Int64}) at /buildworker/worker/package_linux64/build/usr/share/julia/stdlib/v1.0/Pkg/src/GraphType.jl:1462
 [4] simplify_graph! at /buildworker/worker/package_linux64/build/usr/share/julia/stdlib/v1.0/Pkg/src/GraphType.jl:1462 [inlined] (repeats 2 times)
 [5] resolve_versions!(::Pkg.Types.Context, ::Array{Pkg.Types.PackageSpec,1}, ::Nothing) at /buildworker/worker/package_linux64/build/usr/share/julia/stdlib/v1.0/Pkg/src/Operations.jl:373
 [6] resolve_versions! at /buildworker/worker/package_linux64/build/usr/share/julia/stdlib/v1.0/Pkg/src/Operations.jl:316 [inlined]
 [7] #add_or_develop#62(::Array{Base.UUID,1}, ::Symbol, ::Function, ::Pkg.Types.Context, ::Array{Pkg.Types.PackageSpec,1}) at /buildworker/worker/package_linux64/build/usr/share/julia/stdlib/v1.0/Pkg/src/Operations.jl:1201
 [8] add_or_develop at /buildworker/worker/package_linux64/build/usr/share/julia/stdlib/v1.0/Pkg/src/Operations.jl:1184 [inlined]
 [9] (::getfield(Pkg.Operations, Symbol("##39#43")){Bool,getfield(Pkg.Operations, Symbol("##67#69")){Pkg.Types.Context,getfield(Pkg.Operations, Symbol("##66#68")){Pkg.Types.Context,Array{Any,1},Cmd,Pkg.Types.PackageSpec},Pkg.Types.PackageSpec},Pkg.Types.Context,Pkg.Types.PackageSpec,Pkg.Types.Context,Array{Pkg.Types.PackageSpec,1}})(::String) at /buildworker/worker/package_linux64/build/usr/share/julia/stdlib/v1.0/Pkg/src/Operations.jl:891
 [10] mktempdir(::getfield(Pkg.Operations, Symbol("##39#43")){Bool,getfield(Pkg.Operations, Symbol("##67#69")){Pkg.Types.Context,getfield(Pkg.Operations, Symbol("##66#68")){Pkg.Types.Context,Array{Any,1},Cmd,Pkg.Types.PackageSpec},Pkg.Types.PackageSpec},Pkg.Types.Context,Pkg.Types.PackageSpec,Pkg.Types.Context,Array{Pkg.Types.PackageSpec,1}}, ::String) at ./file.jl:581
 [11] mktempdir at ./file.jl:579 [inlined]
 [12] #with_dependencies_loadable_at_toplevel#37(::Bool, ::Function, ::getfield(Pkg.Operations, Symbol("##67#69")){Pkg.Types.Context,getfield(Pkg.Operations, Symbol("##66#68")){Pkg.Types.Context,Array{Any,1},Cmd,Pkg.Types.PackageSpec},Pkg.Types.PackageSpec}, ::Pkg.Types.Context, ::Pkg.Types.PackageSpec) at /buildworker/worker/package_linux64/build/usr/share/julia/stdlib/v1.0/Pkg/src/Operations.jl:867
 [13] #with_dependencies_loadable_at_toplevel at ./none:0 [inlined]
 [14] #test#65(::Bool, ::Function, ::Pkg.Types.Context, ::Array{Pkg.Types.PackageSpec,1}) at /buildworker/worker/package_linux64/build/usr/share/julia/stdlib/v1.0/Pkg/src/Operations.jl:1347
 [15] #test at /buildworker/worker/package_linux64/build/usr/share/julia/stdlib/v1.0/Pkg/src/API.jl:0 [inlined]
 [16] #test#44(::Bool, ::Base.Iterators.Pairs{Union{},Union{},Tuple{},NamedTuple{(),Tuple{}}}, ::Function, ::Pkg.Types.Context, ::Array{Pkg.Types.PackageSpec,1}) at /buildworker/worker/package_linux64/build/usr/share/julia/stdlib/v1.0/Pkg/src/API.jl:278
 [17] test at /buildworker/worker/package_linux64/build/usr/share/julia/stdlib/v1.0/Pkg/src/API.jl:263 [inlined]
 [18] #test#43 at /buildworker/worker/package_linux64/build/usr/share/julia/stdlib/v1.0/Pkg/src/API.jl:260 [inlined]
 [19] test at /buildworker/worker/package_linux64/build/usr/share/julia/stdlib/v1.0/Pkg/src/API.jl:260 [inlined]
 [20] #test#42 at /buildworker/worker/package_linux64/build/usr/share/julia/stdlib/v1.0/Pkg/src/API.jl:259 [inlined]
 [21] test at /buildworker/worker/package_linux64/build/usr/share/julia/stdlib/v1.0/Pkg/src/API.jl:259 [inlined]
 [22] #test#41 at /buildworker/worker/package_linux64/build/usr/share/julia/stdlib/v1.0/Pkg/src/API.jl:258 [inlined]
 [23] test(::String) at /buildworker/worker/package_linux64/build/usr/share/julia/stdlib/v1.0/Pkg/src/API.jl:258
 [24] top-level scope at none:0
