 Resolving package versions...
 Installed Calculus ─────── v0.5.1
 Installed LinearAdjoints ─ v0.1.0
 Installed MetaProgTools ── v0.6.0
  Updating `~/.julia/environments/v1.2/Project.toml`
  [3201237a] + LinearAdjoints v0.1.0
  Updating `~/.julia/environments/v1.2/Manifest.toml`
  [49dc2e85] + Calculus v0.5.1
  [3201237a] + LinearAdjoints v0.1.0
  [b1909ce5] + MetaProgTools v0.6.0
  [2a0f44e3] + Base64 
  [8ba89e20] + Distributed 
  [b77e0a4c] + InteractiveUtils 
  [8f399da3] + Libdl 
  [37e2e46d] + LinearAlgebra 
  [56ddb016] + Logging 
  [d6f4376e] + Markdown 
  [9a3f8284] + Random 
  [9e88b42a] + Serialization 
  [6462fe0b] + Sockets 
  [2f01184e] + SparseArrays 
  [8dfed614] + Test 
   Testing LinearAdjoints
    Status `/tmp/jl_TCw79V/Manifest.toml`
  [49dc2e85] Calculus v0.5.1
  [3201237a] LinearAdjoints v0.1.0
  [b1909ce5] MetaProgTools v0.6.0
  [2a0f44e3] Base64  [`@stdlib/Base64`]
  [8ba89e20] Distributed  [`@stdlib/Distributed`]
  [b77e0a4c] InteractiveUtils  [`@stdlib/InteractiveUtils`]
  [8f399da3] Libdl  [`@stdlib/Libdl`]
  [37e2e46d] LinearAlgebra  [`@stdlib/LinearAlgebra`]
  [56ddb016] Logging  [`@stdlib/Logging`]
  [d6f4376e] Markdown  [`@stdlib/Markdown`]
  [9a3f8284] Random  [`@stdlib/Random`]
  [9e88b42a] Serialization  [`@stdlib/Serialization`]
  [6462fe0b] Sockets  [`@stdlib/Sockets`]
  [2f01184e] SparseArrays  [`@stdlib/SparseArrays`]
  [8dfed614] Test  [`@stdlib/Test`]
ERROR: LoadError: ArgumentError: Package LinearAdjoints does not have GeostatInversion in its dependencies:
- If you have LinearAdjoints checked out for development and have
  added GeostatInversion as a dependency but haven't updated your primary
  environment's manifest file, try `Pkg.resolve()`.
- Otherwise you may need to report an issue with LinearAdjoints
Stacktrace:
 [1] require(::Module, ::Symbol) at ./loading.jl:889
 [2] include at ./boot.jl:328 [inlined]
 [3] include_relative(::Module, ::String) at ./loading.jl:1094
 [4] include(::Module, ::String) at ./Base.jl:31
 [5] top-level scope at none:2
 [6] eval at ./boot.jl:330 [inlined]
 [7] eval(::Expr) at ./client.jl:432
 [8] top-level scope at ./none:3
in expression starting at /root/.julia/packages/LinearAdjoints/8k7Mu/src/LinearAdjoints.jl:4
ERROR: LoadError: Failed to precompile LinearAdjoints [3201237a-9847-11e9-0d2a-6d530c977506] to /root/.julia/compiled/v1.2/LinearAdjoints/xiA48.ji.
Stacktrace:
 [1] error(::String) at ./error.jl:33
 [2] compilecache(::Base.PkgId, ::String) at ./loading.jl:1253
 [3] _require(::Base.PkgId) at ./loading.jl:1013
 [4] require(::Base.PkgId) at ./loading.jl:911
 [5] require(::Module, ::Symbol) at ./loading.jl:906
 [6] include at ./boot.jl:328 [inlined]
 [7] include_relative(::Module, ::String) at ./loading.jl:1094
 [8] include(::Module, ::String) at ./Base.jl:31
 [9] include(::String) at ./client.jl:431
 [10] top-level scope at none:5
in expression starting at /root/.julia/packages/LinearAdjoints/8k7Mu/test/runtests.jl:2
ERROR: Package LinearAdjoints errored during testing
Stacktrace:
 [1] pkgerror(::String, ::Vararg{String,N} where N) at /buildworker/worker/package_linux64/build/usr/share/julia/stdlib/v1.2/Pkg/src/Types.jl:112
 [2] #test#119(::Bool, ::Nothing, ::typeof(Pkg.Operations.test), ::Pkg.Types.Context, ::Array{Pkg.Types.PackageSpec,1}) at /buildworker/worker/package_linux64/build/usr/share/julia/stdlib/v1.2/Pkg/src/Operations.jl:1288
 [3] #test at ./none:0 [inlined]
 [4] #test#62(::Bool, ::Nothing, ::Base.Iterators.Pairs{Union{},Union{},Tuple{},NamedTuple{(),Tuple{}}}, ::typeof(Pkg.API.test), ::Pkg.Types.Context, ::Array{Pkg.Types.PackageSpec,1}) at /buildworker/worker/package_linux64/build/usr/share/julia/stdlib/v1.2/Pkg/src/API.jl:245
 [5] test at /buildworker/worker/package_linux64/build/usr/share/julia/stdlib/v1.2/Pkg/src/API.jl:233 [inlined]
 [6] #test#61 at /buildworker/worker/package_linux64/build/usr/share/julia/stdlib/v1.2/Pkg/src/API.jl:230 [inlined]
 [7] test at /buildworker/worker/package_linux64/build/usr/share/julia/stdlib/v1.2/Pkg/src/API.jl:230 [inlined]
 [8] #test#60 at /buildworker/worker/package_linux64/build/usr/share/julia/stdlib/v1.2/Pkg/src/API.jl:229 [inlined]
 [9] test at /buildworker/worker/package_linux64/build/usr/share/julia/stdlib/v1.2/Pkg/src/API.jl:229 [inlined]
 [10] #test#59(::Base.Iterators.Pairs{Union{},Union{},Tuple{},NamedTuple{(),Tuple{}}}, ::typeof(Pkg.API.test), ::String) at /buildworker/worker/package_linux64/build/usr/share/julia/stdlib/v1.2/Pkg/src/API.jl:228
 [11] test(::String) at /buildworker/worker/package_linux64/build/usr/share/julia/stdlib/v1.2/Pkg/src/API.jl:228
 [12] top-level scope at none:10
