 Resolving package versions...
 Installed Requires ─────── v0.5.2
 Installed ArrayInterface ─ v1.2.1
 Installed StaticRanges ─── v0.3.1
 Installed StaticArrays ─── v0.11.1
  Updating `~/.julia/environments/v1.0/Project.toml`
  [d8176aec] + StaticRanges v0.3.1
  Updating `~/.julia/environments/v1.0/Manifest.toml`
  [4fba245c] + ArrayInterface v1.2.1
  [ae029012] + Requires v0.5.2
  [90137ffa] + StaticArrays v0.11.1
  [d8176aec] + StaticRanges v0.3.1
  [2a0f44e3] + Base64 
  [8ba89e20] + Distributed 
  [b77e0a4c] + InteractiveUtils 
  [8f399da3] + Libdl 
  [37e2e46d] + LinearAlgebra 
  [56ddb016] + Logging 
  [d6f4376e] + Markdown 
  [9a3f8284] + Random 
  [9e88b42a] + Serialization 
  [6462fe0b] + Sockets 
  [2f01184e] + SparseArrays 
  [10745b16] + Statistics 
  [8dfed614] + Test 
   Testing StaticRanges
 Resolving package versions...
    Status `/tmp/tmpBTBYDZ/Manifest.toml`
  [4fba245c] ArrayInterface v1.2.1
  [ae029012] Requires v0.5.2
  [90137ffa] StaticArrays v0.11.1
  [d8176aec] StaticRanges v0.3.1
  [2a0f44e3] Base64  [`@stdlib/Base64`]
  [ade2ca70] Dates  [`@stdlib/Dates`]
  [8ba89e20] Distributed  [`@stdlib/Distributed`]
  [b77e0a4c] InteractiveUtils  [`@stdlib/InteractiveUtils`]
  [8f399da3] Libdl  [`@stdlib/Libdl`]
  [37e2e46d] LinearAlgebra  [`@stdlib/LinearAlgebra`]
  [56ddb016] Logging  [`@stdlib/Logging`]
  [d6f4376e] Markdown  [`@stdlib/Markdown`]
  [de0858da] Printf  [`@stdlib/Printf`]
  [9a3f8284] Random  [`@stdlib/Random`]
  [9e88b42a] Serialization  [`@stdlib/Serialization`]
  [6462fe0b] Sockets  [`@stdlib/Sockets`]
  [2f01184e] SparseArrays  [`@stdlib/SparseArrays`]
  [10745b16] Statistics  [`@stdlib/Statistics`]
  [8dfed614] Test  [`@stdlib/Test`]
  [4ec0a83e] Unicode  [`@stdlib/Unicode`]
ERROR: LoadError: LoadError: UndefVarError: broadcasted not defined
Stacktrace:
 [1] getproperty(::Module, ::Symbol) at ./sysimg.jl:13
 [2] top-level scope at none:0
 [3] include at ./boot.jl:317 [inlined]
 [4] include_relative(::Module, ::String) at ./loading.jl:1044
 [5] include at ./sysimg.jl:29 [inlined]
 [6] include(::String) at /root/.julia/packages/StaticRanges/FNCjk/src/StaticRanges.jl:1
 [7] top-level scope at none:0
 [8] include at ./boot.jl:317 [inlined]
 [9] include_relative(::Module, ::String) at ./loading.jl:1044
 [10] include(::Module, ::String) at ./sysimg.jl:29
 [11] top-level scope at none:2
 [12] eval at ./boot.jl:319 [inlined]
 [13] eval(::Expr) at ./client.jl:393
 [14] top-level scope at ./none:3
in expression starting at /root/.julia/packages/StaticRanges/FNCjk/src/broadcast.jl:1
in expression starting at /root/.julia/packages/StaticRanges/FNCjk/src/StaticRanges.jl:93
ERROR: LoadError: Failed to precompile StaticRanges [d8176aec-3168-11e9-3c98-e3954798be3a] to /root/.julia/compiled/v1.0/StaticRanges/VrKic.ji.
Stacktrace:
 [1] error(::String) at ./error.jl:33
 [2] compilecache(::Base.PkgId, ::String) at ./loading.jl:1203
 [3] _require(::Base.PkgId) at ./loading.jl:960
 [4] require(::Base.PkgId) at ./loading.jl:858
 [5] require(::Module, ::Symbol) at ./loading.jl:853
 [6] include at ./boot.jl:317 [inlined]
 [7] include_relative(::Module, ::String) at ./loading.jl:1044
 [8] include(::Module, ::String) at ./sysimg.jl:29
 [9] include(::String) at ./client.jl:392
 [10] top-level scope at none:0
in expression starting at /root/.julia/packages/StaticRanges/FNCjk/test/runtests.jl:1
ERROR: Package StaticRanges errored during testing
Stacktrace:
 [1] pkgerror(::String, ::Vararg{String,N} where N) at /buildworker/worker/package_linux64/build/usr/share/julia/stdlib/v1.0/Pkg/src/Types.jl:120
 [2] #test#65(::Bool, ::Function, ::Pkg.Types.Context, ::Array{Pkg.Types.PackageSpec,1}) at /buildworker/worker/package_linux64/build/usr/share/julia/stdlib/v1.0/Pkg/src/Operations.jl:1357
 [3] #test at /buildworker/worker/package_linux64/build/usr/share/julia/stdlib/v1.0/Pkg/src/API.jl:0 [inlined]
 [4] #test#44(::Bool, ::Base.Iterators.Pairs{Union{},Union{},Tuple{},NamedTuple{(),Tuple{}}}, ::Function, ::Pkg.Types.Context, ::Array{Pkg.Types.PackageSpec,1}) at /buildworker/worker/package_linux64/build/usr/share/julia/stdlib/v1.0/Pkg/src/API.jl:278
 [5] test at /buildworker/worker/package_linux64/build/usr/share/julia/stdlib/v1.0/Pkg/src/API.jl:263 [inlined]
 [6] #test#43 at /buildworker/worker/package_linux64/build/usr/share/julia/stdlib/v1.0/Pkg/src/API.jl:260 [inlined]
 [7] test at /buildworker/worker/package_linux64/build/usr/share/julia/stdlib/v1.0/Pkg/src/API.jl:260 [inlined]
 [8] #test#42 at /buildworker/worker/package_linux64/build/usr/share/julia/stdlib/v1.0/Pkg/src/API.jl:259 [inlined]
 [9] test at /buildworker/worker/package_linux64/build/usr/share/julia/stdlib/v1.0/Pkg/src/API.jl:259 [inlined]
 [10] #test#41 at /buildworker/worker/package_linux64/build/usr/share/julia/stdlib/v1.0/Pkg/src/API.jl:258 [inlined]
 [11] test(::String) at /buildworker/worker/package_linux64/build/usr/share/julia/stdlib/v1.0/Pkg/src/API.jl:258
 [12] top-level scope at none:0
